[0.189s] Invoking command in '/home/ice/polaris-bot/ros2_ws/build/my_message': CMAKE_PREFIX_PATH=${CMAKE_PREFIX_PATH}:/opt/ros/humble /usr/bin/cmake --build /home/ice/polaris-bot/ros2_ws/build/my_message -- -j2 -l2
[0.797s] [  3%] Built target my_message__cpp
[0.832s] [ 12%] Built target my_message__rosidl_generator_c
[1.101s] [ 12%] Built target ament_cmake_python_copy_my_message
[1.163s] [ 22%] Built target my_message__rosidl_typesupport_introspection_cpp
[1.287s] [ 32%] Built target my_message__rosidl_typesupport_cpp
[1.331s] [ 41%] Built target my_message__rosidl_typesupport_fastrtps_c
[1.486s] [ 51%] Built target my_message__rosidl_typesupport_introspection_c
[1.523s] [ 61%] Built target my_message__rosidl_typesupport_c
[1.662s] [ 70%] Built target my_message__rosidl_typesupport_fastrtps_cpp
[1.924s] [ 70%] Built target my_message
[2.047s] [ 74%] Built target my_message__py
[2.227s] [ 80%] Built target my_message__rosidl_generator_py
[2.415s] [ 87%] Built target my_message__rosidl_typesupport_fastrtps_c__pyext
[2.575s] [ 93%] Built target my_message__rosidl_typesupport_introspection_c__pyext
[2.776s] [100%] Built target my_message__rosidl_typesupport_c__pyext
[2.925s] running egg_info
[2.929s] writing my_message.egg-info/PKG-INFO
[2.929s] writing dependency_links to my_message.egg-info/dependency_links.txt
[2.952s] writing top-level names to my_message.egg-info/top_level.txt
[2.954s] reading manifest file 'my_message.egg-info/SOURCES.txt'
[2.956s] writing manifest file 'my_message.egg-info/SOURCES.txt'
[3.028s] [100%] Built target ament_cmake_python_build_my_message_egg
[3.058s] Invoked command in '/home/ice/polaris-bot/ros2_ws/build/my_message' returned '0': CMAKE_PREFIX_PATH=${CMAKE_PREFIX_PATH}:/opt/ros/humble /usr/bin/cmake --build /home/ice/polaris-bot/ros2_ws/build/my_message -- -j2 -l2
[3.401s] Invoking command in '/home/ice/polaris-bot/ros2_ws/build/my_message': CMAKE_PREFIX_PATH=${CMAKE_PREFIX_PATH}:/opt/ros/humble /usr/bin/cmake --install /home/ice/polaris-bot/ros2_ws/build/my_message
[3.432s] -- Install configuration: ""
[3.432s] -- Up-to-date: /home/ice/polaris-bot/ros2_ws/install/my_message/share/ament_index/resource_index/rosidl_interfaces/my_message
[3.435s] -- Up-to-date: /home/ice/polaris-bot/ros2_ws/install/my_message/include/my_message/my_message
[3.439s] -- Up-to-date: /home/ice/polaris-bot/ros2_ws/install/my_message/include/my_message/my_message/msg
[3.440s] -- Up-to-date: /home/ice/polaris-bot/ros2_ws/install/my_message/include/my_message/my_message/msg/detail
[3.440s] -- Up-to-date: /home/ice/polaris-bot/ros2_ws/install/my_message/include/my_message/my_message/msg/detail/my_message__struct.h
[3.440s] -- Up-to-date: /home/ice/polaris-bot/ros2_ws/install/my_message/include/my_message/my_message/msg/detail/my_message__type_support.h
[3.440s] -- Up-to-date: /home/ice/polaris-bot/ros2_ws/install/my_message/include/my_message/my_message/msg/detail/my_message__functions.c
[3.441s] -- Up-to-date: /home/ice/polaris-bot/ros2_ws/install/my_message/include/my_message/my_message/msg/detail/my_message__functions.h
[3.441s] -- Up-to-date: /home/ice/polaris-bot/ros2_ws/install/my_message/include/my_message/my_message/msg/my_message.h
[3.441s] -- Up-to-date: /home/ice/polaris-bot/ros2_ws/install/my_message/include/my_message/my_message/msg/rosidl_generator_c__visibility_control.h
[3.443s] -- Up-to-date: /home/ice/polaris-bot/ros2_ws/install/my_message/share/my_message/environment/library_path.sh
[3.443s] -- Up-to-date: /home/ice/polaris-bot/ros2_ws/install/my_message/share/my_message/environment/library_path.dsv
[3.447s] -- Up-to-date: /home/ice/polaris-bot/ros2_ws/install/my_message/lib/libmy_message__rosidl_generator_c.so
[3.448s] -- Up-to-date: /home/ice/polaris-bot/ros2_ws/install/my_message/include/my_message/my_message
[3.449s] -- Up-to-date: /home/ice/polaris-bot/ros2_ws/install/my_message/include/my_message/my_message/msg
[3.451s] -- Up-to-date: /home/ice/polaris-bot/ros2_ws/install/my_message/include/my_message/my_message/msg/detail
[3.451s] -- Up-to-date: /home/ice/polaris-bot/ros2_ws/install/my_message/include/my_message/my_message/msg/detail/my_message__rosidl_typesupport_fastrtps_c.h
[3.452s] -- Up-to-date: /home/ice/polaris-bot/ros2_ws/install/my_message/include/my_message/my_message/msg/rosidl_typesupport_fastrtps_c__visibility_control.h
[3.458s] -- Up-to-date: /home/ice/polaris-bot/ros2_ws/install/my_message/lib/libmy_message__rosidl_typesupport_fastrtps_c.so
[3.459s] -- Up-to-date: /home/ice/polaris-bot/ros2_ws/install/my_message/include/my_message/my_message
[3.460s] -- Up-to-date: /home/ice/polaris-bot/ros2_ws/install/my_message/include/my_message/my_message/msg
[3.464s] -- Up-to-date: /home/ice/polaris-bot/ros2_ws/install/my_message/include/my_message/my_message/msg/detail
[3.470s] -- Up-to-date: /home/ice/polaris-bot/ros2_ws/install/my_message/include/my_message/my_message/msg/detail/my_message__type_support.c
[3.470s] -- Up-to-date: /home/ice/polaris-bot/ros2_ws/install/my_message/include/my_message/my_message/msg/detail/my_message__rosidl_typesupport_introspection_c.h
[3.470s] -- Up-to-date: /home/ice/polaris-bot/ros2_ws/install/my_message/include/my_message/my_message/msg/rosidl_typesupport_introspection_c__visibility_control.h
[3.485s] -- Up-to-date: /home/ice/polaris-bot/ros2_ws/install/my_message/lib/libmy_message__rosidl_typesupport_introspection_c.so
[3.485s] -- Up-to-date: /home/ice/polaris-bot/ros2_ws/install/my_message/lib/libmy_message__rosidl_typesupport_c.so
[3.485s] -- Up-to-date: /home/ice/polaris-bot/ros2_ws/install/my_message/include/my_message/my_message
[3.485s] -- Up-to-date: /home/ice/polaris-bot/ros2_ws/install/my_message/include/my_message/my_message/msg
[3.486s] -- Up-to-date: /home/ice/polaris-bot/ros2_ws/install/my_message/include/my_message/my_message/msg/detail
[3.486s] -- Up-to-date: /home/ice/polaris-bot/ros2_ws/install/my_message/include/my_message/my_message/msg/detail/my_message__traits.hpp
[3.486s] -- Up-to-date: /home/ice/polaris-bot/ros2_ws/install/my_message/include/my_message/my_message/msg/detail/my_message__builder.hpp
[3.486s] -- Up-to-date: /home/ice/polaris-bot/ros2_ws/install/my_message/include/my_message/my_message/msg/detail/my_message__struct.hpp
[3.486s] -- Up-to-date: /home/ice/polaris-bot/ros2_ws/install/my_message/include/my_message/my_message/msg/my_message.hpp
[3.486s] -- Up-to-date: /home/ice/polaris-bot/ros2_ws/install/my_message/include/my_message/my_message
[3.486s] -- Up-to-date: /home/ice/polaris-bot/ros2_ws/install/my_message/include/my_message/my_message/msg
[3.486s] -- Up-to-date: /home/ice/polaris-bot/ros2_ws/install/my_message/include/my_message/my_message/msg/detail
[3.486s] -- Up-to-date: /home/ice/polaris-bot/ros2_ws/install/my_message/include/my_message/my_message/msg/detail/dds_fastrtps
[3.516s] -- Up-to-date: /home/ice/polaris-bot/ros2_ws/install/my_message/include/my_message/my_message/msg/detail/my_message__rosidl_typesupport_fastrtps_cpp.hpp
[3.516s] -- Up-to-date: /home/ice/polaris-bot/ros2_ws/install/my_message/include/my_message/my_message/msg/rosidl_typesupport_fastrtps_cpp__visibility_control.h
[3.516s] -- Up-to-date: /home/ice/polaris-bot/ros2_ws/install/my_message/lib/libmy_message__rosidl_typesupport_fastrtps_cpp.so
[3.517s] -- Up-to-date: /home/ice/polaris-bot/ros2_ws/install/my_message/include/my_message/my_message
[3.517s] -- Up-to-date: /home/ice/polaris-bot/ros2_ws/install/my_message/include/my_message/my_message/msg
[3.517s] -- Up-to-date: /home/ice/polaris-bot/ros2_ws/install/my_message/include/my_message/my_message/msg/detail
[3.517s] -- Up-to-date: /home/ice/polaris-bot/ros2_ws/install/my_message/include/my_message/my_message/msg/detail/my_message__rosidl_typesupport_introspection_cpp.hpp
[3.517s] -- Up-to-date: /home/ice/polaris-bot/ros2_ws/install/my_message/include/my_message/my_message/msg/detail/my_message__type_support.cpp
[3.517s] -- Up-to-date: /home/ice/polaris-bot/ros2_ws/install/my_message/lib/libmy_message__rosidl_typesupport_introspection_cpp.so
[3.517s] -- Up-to-date: /home/ice/polaris-bot/ros2_ws/install/my_message/lib/libmy_message__rosidl_typesupport_cpp.so
[3.523s] -- Up-to-date: /home/ice/polaris-bot/ros2_ws/install/my_message/share/my_message/environment/pythonpath.sh
[3.523s] -- Up-to-date: /home/ice/polaris-bot/ros2_ws/install/my_message/share/my_message/environment/pythonpath.dsv
[3.523s] -- Up-to-date: /home/ice/polaris-bot/ros2_ws/install/my_message/local/lib/python3.10/dist-packages/my_message-0.0.0-py3.10.egg-info
[3.523s] -- Installing: /home/ice/polaris-bot/ros2_ws/install/my_message/local/lib/python3.10/dist-packages/my_message-0.0.0-py3.10.egg-info/top_level.txt
[3.523s] -- Installing: /home/ice/polaris-bot/ros2_ws/install/my_message/local/lib/python3.10/dist-packages/my_message-0.0.0-py3.10.egg-info/PKG-INFO
[3.523s] -- Installing: /home/ice/polaris-bot/ros2_ws/install/my_message/local/lib/python3.10/dist-packages/my_message-0.0.0-py3.10.egg-info/SOURCES.txt
[3.523s] -- Installing: /home/ice/polaris-bot/ros2_ws/install/my_message/local/lib/python3.10/dist-packages/my_message-0.0.0-py3.10.egg-info/dependency_links.txt
[3.524s] -- Up-to-date: /home/ice/polaris-bot/ros2_ws/install/my_message/local/lib/python3.10/dist-packages/my_message
[3.524s] -- Up-to-date: /home/ice/polaris-bot/ros2_ws/install/my_message/local/lib/python3.10/dist-packages/my_message/_my_message_s.ep.rosidl_typesupport_fastrtps_c.c
[3.524s] -- Up-to-date: /home/ice/polaris-bot/ros2_ws/install/my_message/local/lib/python3.10/dist-packages/my_message/my_message_s__rosidl_typesupport_c.cpython-310-x86_64-linux-gnu.so
[3.524s] -- Up-to-date: /home/ice/polaris-bot/ros2_ws/install/my_message/local/lib/python3.10/dist-packages/my_message/my_message_s__rosidl_typesupport_introspection_c.cpython-310-x86_64-linux-gnu.so
[3.524s] -- Up-to-date: /home/ice/polaris-bot/ros2_ws/install/my_message/local/lib/python3.10/dist-packages/my_message/_my_message_s.ep.rosidl_typesupport_c.c
[3.524s] -- Up-to-date: /home/ice/polaris-bot/ros2_ws/install/my_message/local/lib/python3.10/dist-packages/my_message/libmy_message__rosidl_generator_py.so
[3.524s] -- Up-to-date: /home/ice/polaris-bot/ros2_ws/install/my_message/local/lib/python3.10/dist-packages/my_message/my_message_s__rosidl_typesupport_fastrtps_c.cpython-310-x86_64-linux-gnu.so
[3.524s] -- Up-to-date: /home/ice/polaris-bot/ros2_ws/install/my_message/local/lib/python3.10/dist-packages/my_message/_my_message_s.ep.rosidl_typesupport_introspection_c.c
[3.524s] -- Up-to-date: /home/ice/polaris-bot/ros2_ws/install/my_message/local/lib/python3.10/dist-packages/my_message/msg
[3.524s] -- Up-to-date: /home/ice/polaris-bot/ros2_ws/install/my_message/local/lib/python3.10/dist-packages/my_message/msg/_my_message.py
[3.524s] -- Up-to-date: /home/ice/polaris-bot/ros2_ws/install/my_message/local/lib/python3.10/dist-packages/my_message/msg/__init__.py
[3.527s] -- Up-to-date: /home/ice/polaris-bot/ros2_ws/install/my_message/local/lib/python3.10/dist-packages/my_message/msg/_my_message_s.c
[3.545s] -- Up-to-date: /home/ice/polaris-bot/ros2_ws/install/my_message/local/lib/python3.10/dist-packages/my_message/__init__.py
[3.612s] Listing '/home/ice/polaris-bot/ros2_ws/install/my_message/local/lib/python3.10/dist-packages/my_message'...
[3.612s] Listing '/home/ice/polaris-bot/ros2_ws/install/my_message/local/lib/python3.10/dist-packages/my_message/msg'...
[3.632s] -- Up-to-date: /home/ice/polaris-bot/ros2_ws/install/my_message/local/lib/python3.10/dist-packages/my_message/my_message_s__rosidl_typesupport_fastrtps_c.cpython-310-x86_64-linux-gnu.so
[3.653s] -- Up-to-date: /home/ice/polaris-bot/ros2_ws/install/my_message/local/lib/python3.10/dist-packages/my_message/my_message_s__rosidl_typesupport_introspection_c.cpython-310-x86_64-linux-gnu.so
[3.655s] -- Up-to-date: /home/ice/polaris-bot/ros2_ws/install/my_message/local/lib/python3.10/dist-packages/my_message/my_message_s__rosidl_typesupport_c.cpython-310-x86_64-linux-gnu.so
[3.658s] -- Up-to-date: /home/ice/polaris-bot/ros2_ws/install/my_message/lib/libmy_message__rosidl_generator_py.so
[3.660s] -- Up-to-date: /home/ice/polaris-bot/ros2_ws/install/my_message/share/my_message/msg/MyMessage.idl
[3.661s] -- Up-to-date: /home/ice/polaris-bot/ros2_ws/install/my_message/share/my_message/msg/MyMessage.msg
[3.661s] -- Up-to-date: /home/ice/polaris-bot/ros2_ws/install/my_message/share/ament_index/resource_index/package_run_dependencies/my_message
[3.663s] -- Up-to-date: /home/ice/polaris-bot/ros2_ws/install/my_message/share/ament_index/resource_index/parent_prefix_path/my_message
[3.664s] -- Up-to-date: /home/ice/polaris-bot/ros2_ws/install/my_message/share/my_message/environment/ament_prefix_path.sh
[3.664s] -- Up-to-date: /home/ice/polaris-bot/ros2_ws/install/my_message/share/my_message/environment/ament_prefix_path.dsv
[3.665s] -- Up-to-date: /home/ice/polaris-bot/ros2_ws/install/my_message/share/my_message/environment/path.sh
[3.665s] -- Up-to-date: /home/ice/polaris-bot/ros2_ws/install/my_message/share/my_message/environment/path.dsv
[3.666s] -- Up-to-date: /home/ice/polaris-bot/ros2_ws/install/my_message/share/my_message/local_setup.bash
[3.666s] -- Up-to-date: /home/ice/polaris-bot/ros2_ws/install/my_message/share/my_message/local_setup.sh
[3.667s] -- Up-to-date: /home/ice/polaris-bot/ros2_ws/install/my_message/share/my_message/local_setup.zsh
[3.667s] -- Up-to-date: /home/ice/polaris-bot/ros2_ws/install/my_message/share/my_message/local_setup.dsv
[3.667s] -- Installing: /home/ice/polaris-bot/ros2_ws/install/my_message/share/my_message/package.dsv
[3.667s] -- Up-to-date: /home/ice/polaris-bot/ros2_ws/install/my_message/share/ament_index/resource_index/packages/my_message
[3.675s] -- Up-to-date: /home/ice/polaris-bot/ros2_ws/install/my_message/share/my_message/cmake/export_my_message__rosidl_generator_cExport.cmake
[3.676s] -- Up-to-date: /home/ice/polaris-bot/ros2_ws/install/my_message/share/my_message/cmake/export_my_message__rosidl_generator_cExport-noconfig.cmake
[3.678s] -- Up-to-date: /home/ice/polaris-bot/ros2_ws/install/my_message/share/my_message/cmake/export_my_message__rosidl_typesupport_fastrtps_cExport.cmake
[3.679s] -- Up-to-date: /home/ice/polaris-bot/ros2_ws/install/my_message/share/my_message/cmake/export_my_message__rosidl_typesupport_fastrtps_cExport-noconfig.cmake
[3.681s] -- Up-to-date: /home/ice/polaris-bot/ros2_ws/install/my_message/share/my_message/cmake/my_message__rosidl_typesupport_introspection_cExport.cmake
[3.681s] -- Up-to-date: /home/ice/polaris-bot/ros2_ws/install/my_message/share/my_message/cmake/my_message__rosidl_typesupport_introspection_cExport-noconfig.cmake
[3.684s] -- Up-to-date: /home/ice/polaris-bot/ros2_ws/install/my_message/share/my_message/cmake/my_message__rosidl_typesupport_cExport.cmake
[3.684s] -- Up-to-date: /home/ice/polaris-bot/ros2_ws/install/my_message/share/my_message/cmake/my_message__rosidl_typesupport_cExport-noconfig.cmake
[3.688s] -- Up-to-date: /home/ice/polaris-bot/ros2_ws/install/my_message/share/my_message/cmake/export_my_message__rosidl_generator_cppExport.cmake
[3.689s] -- Up-to-date: /home/ice/polaris-bot/ros2_ws/install/my_message/share/my_message/cmake/export_my_message__rosidl_typesupport_fastrtps_cppExport.cmake
[3.690s] -- Up-to-date: /home/ice/polaris-bot/ros2_ws/install/my_message/share/my_message/cmake/export_my_message__rosidl_typesupport_fastrtps_cppExport-noconfig.cmake
[3.692s] -- Up-to-date: /home/ice/polaris-bot/ros2_ws/install/my_message/share/my_message/cmake/my_message__rosidl_typesupport_introspection_cppExport.cmake
[3.693s] -- Up-to-date: /home/ice/polaris-bot/ros2_ws/install/my_message/share/my_message/cmake/my_message__rosidl_typesupport_introspection_cppExport-noconfig.cmake
[3.696s] -- Up-to-date: /home/ice/polaris-bot/ros2_ws/install/my_message/share/my_message/cmake/my_message__rosidl_typesupport_cppExport.cmake
[3.696s] -- Up-to-date: /home/ice/polaris-bot/ros2_ws/install/my_message/share/my_message/cmake/my_message__rosidl_typesupport_cppExport-noconfig.cmake
[3.699s] -- Up-to-date: /home/ice/polaris-bot/ros2_ws/install/my_message/share/my_message/cmake/export_my_message__rosidl_generator_pyExport.cmake
[3.699s] -- Up-to-date: /home/ice/polaris-bot/ros2_ws/install/my_message/share/my_message/cmake/export_my_message__rosidl_generator_pyExport-noconfig.cmake
[3.700s] -- Up-to-date: /home/ice/polaris-bot/ros2_ws/install/my_message/share/my_message/cmake/rosidl_cmake-extras.cmake
[3.701s] -- Up-to-date: /home/ice/polaris-bot/ros2_ws/install/my_message/share/my_message/cmake/ament_cmake_export_include_directories-extras.cmake
[3.702s] -- Up-to-date: /home/ice/polaris-bot/ros2_ws/install/my_message/share/my_message/cmake/ament_cmake_export_libraries-extras.cmake
[3.710s] -- Up-to-date: /home/ice/polaris-bot/ros2_ws/install/my_message/share/my_message/cmake/ament_cmake_export_targets-extras.cmake
[3.710s] -- Up-to-date: /home/ice/polaris-bot/ros2_ws/install/my_message/share/my_message/cmake/rosidl_cmake_export_typesupport_targets-extras.cmake
[3.713s] -- Up-to-date: /home/ice/polaris-bot/ros2_ws/install/my_message/share/my_message/cmake/ament_cmake_export_dependencies-extras.cmake
[3.714s] -- Up-to-date: /home/ice/polaris-bot/ros2_ws/install/my_message/share/my_message/cmake/rosidl_cmake_export_typesupport_libraries-extras.cmake
[3.714s] -- Up-to-date: /home/ice/polaris-bot/ros2_ws/install/my_message/share/my_message/cmake/my_messageConfig.cmake
[3.717s] -- Up-to-date: /home/ice/polaris-bot/ros2_ws/install/my_message/share/my_message/cmake/my_messageConfig-version.cmake
[3.717s] -- Up-to-date: /home/ice/polaris-bot/ros2_ws/install/my_message/share/my_message/package.xml
[3.742s] Invoked command in '/home/ice/polaris-bot/ros2_ws/build/my_message' returned '0': CMAKE_PREFIX_PATH=${CMAKE_PREFIX_PATH}:/opt/ros/humble /usr/bin/cmake --install /home/ice/polaris-bot/ros2_ws/build/my_message
