[0.276s] Invoking command in '/home/ice/microros_ws/firmware/mcu_ws/build/rcutils': CMAKE_PREFIX_PATH=${CMAKE_PREFIX_PATH}:/home/ice/microros_ws/firmware/dev_ws/install/ament_uncrustify:/home/ice/microros_ws/firmware/dev_ws/install/domain_coordinator:/home/ice/microros_ws/firmware/dev_ws/install/ament_xmllint:/home/ice/microros_ws/firmware/dev_ws/install/ament_pyflakes:/home/ice/microros_ws/firmware/dev_ws/install/ament_pycodestyle:/home/ice/microros_ws/firmware/dev_ws/install/ament_pep257:/home/ice/microros_ws/firmware/dev_ws/install/ament_pclint:/home/ice/microros_ws/firmware/dev_ws/install/ament_package:/home/ice/microros_ws/firmware/dev_ws/install/ament_mypy:/home/ice/microros_ws/firmware/dev_ws/install/ament_lint_cmake:/home/ice/microros_ws/firmware/dev_ws/install/ament_flake8:/home/ice/microros_ws/firmware/dev_ws/install/ament_copyright:/home/ice/microros_ws/firmware/dev_ws/install/ament_lint:/home/ice/microros_ws/firmware/dev_ws/install/ament_index_python:/home/ice/microros_ws/firmware/dev_ws/install/ament_cpplint:/home/ice/microros_ws/firmware/dev_ws/install/ament_cppcheck:/home/ice/microros_ws/firmware/dev_ws/install/ament_clang_tidy:/home/ice/microros_ws/firmware/dev_ws/install/ament_clang_format /usr/bin/cmake --build /home/ice/microros_ws/firmware/mcu_ws/build/rcutils -- -j2 -l2
[0.372s] gmake[4]: Entering directory '/home/ice/microros_ws/firmware/mcu_ws/build/rcutils'
[0.372s] /usr/bin/cmake -S/home/ice/microros_ws/firmware/mcu_ws/uros/rcutils -B/home/ice/microros_ws/firmware/mcu_ws/build/rcutils --check-build-system CMakeFiles/Makefile.cmake 0
[0.406s] Re-run cmake file: Makefile older than: /home/ice/microros_ws/firmware/freertos_apps/microros_esp32_extensions/esp32_toolchain.cmake
[0.424s] -- Found ament_cmake_python: 1.3.7 (/home/ice/microros_ws/firmware/dev_ws/install/ament_cmake_python/share/ament_cmake_python/cmake)
[0.424s] -- Found ament_cmake_ros: 0.10.0 (/home/ice/microros_ws/firmware/dev_ws/install/ament_cmake_ros/share/ament_cmake_ros/cmake)
[2.014s] -- Configuring done
[2.058s] -- Generating done
[2.070s] -- Build files have been written to: /home/ice/microros_ws/firmware/mcu_ws/build/rcutils
[2.091s] /usr/bin/cmake -E cmake_progress_start /home/ice/microros_ws/firmware/mcu_ws/build/rcutils/CMakeFiles /home/ice/microros_ws/firmware/mcu_ws/build/rcutils//CMakeFiles/progress.marks
[2.125s] /usr/bin/gmake  -f CMakeFiles/Makefile2 all
[2.132s] gmake[5]: Entering directory '/home/ice/microros_ws/firmware/mcu_ws/build/rcutils'
[2.132s] /usr/bin/gmake  -f CMakeFiles/ament_cmake_python_copy_rcutils.dir/build.make CMakeFiles/ament_cmake_python_copy_rcutils.dir/depend
[2.133s] /usr/bin/gmake  -f CMakeFiles/rcutils.dir/build.make CMakeFiles/rcutils.dir/depend
[2.138s] gmake[6]: Entering directory '/home/ice/microros_ws/firmware/mcu_ws/build/rcutils'
[2.138s] cd /home/ice/microros_ws/firmware/mcu_ws/build/rcutils && /usr/bin/cmake -E cmake_depends "Unix Makefiles" /home/ice/microros_ws/firmware/mcu_ws/uros/rcutils /home/ice/microros_ws/firmware/mcu_ws/uros/rcutils /home/ice/microros_ws/firmware/mcu_ws/build/rcutils /home/ice/microros_ws/firmware/mcu_ws/build/rcutils /home/ice/microros_ws/firmware/mcu_ws/build/rcutils/CMakeFiles/ament_cmake_python_copy_rcutils.dir/DependInfo.cmake --color=
[2.153s] gmake[6]: Entering directory '/home/ice/microros_ws/firmware/mcu_ws/build/rcutils'
[2.153s] cd /home/ice/microros_ws/firmware/mcu_ws/build/rcutils && /usr/bin/cmake -E cmake_depends "Unix Makefiles" /home/ice/microros_ws/firmware/mcu_ws/uros/rcutils /home/ice/microros_ws/firmware/mcu_ws/uros/rcutils /home/ice/microros_ws/firmware/mcu_ws/build/rcutils /home/ice/microros_ws/firmware/mcu_ws/build/rcutils /home/ice/microros_ws/firmware/mcu_ws/build/rcutils/CMakeFiles/rcutils.dir/DependInfo.cmake --color=
[2.174s] gmake[6]: Leaving directory '/home/ice/microros_ws/firmware/mcu_ws/build/rcutils'
[2.175s] /usr/bin/gmake  -f CMakeFiles/ament_cmake_python_copy_rcutils.dir/build.make CMakeFiles/ament_cmake_python_copy_rcutils.dir/build
[2.175s] gmake[6]: Entering directory '/home/ice/microros_ws/firmware/mcu_ws/build/rcutils'
[2.175s] /usr/bin/cmake -E copy_directory /home/ice/microros_ws/firmware/mcu_ws/uros/rcutils/rcutils /home/ice/microros_ws/firmware/mcu_ws/build/rcutils/ament_cmake_python/rcutils/rcutils
[2.214s] gmake[6]: Leaving directory '/home/ice/microros_ws/firmware/mcu_ws/build/rcutils'
[2.225s] Dependencies file "CMakeFiles/rcutils.dir/src/allocator.c.obj.d" is newer than depends file "/home/ice/microros_ws/firmware/mcu_ws/build/rcutils/CMakeFiles/rcutils.dir/compiler_depend.internal".
[2.226s] Dependencies file "CMakeFiles/rcutils.dir/src/array_list.c.obj.d" is newer than depends file "/home/ice/microros_ws/firmware/mcu_ws/build/rcutils/CMakeFiles/rcutils.dir/compiler_depend.internal".
[2.235s] Dependencies file "CMakeFiles/rcutils.dir/src/atomic_64bits.c.obj.d" is newer than depends file "/home/ice/microros_ws/firmware/mcu_ws/build/rcutils/CMakeFiles/rcutils.dir/compiler_depend.internal".
[2.235s] Dependencies file "CMakeFiles/rcutils.dir/src/char_array.c.obj.d" is newer than depends file "/home/ice/microros_ws/firmware/mcu_ws/build/rcutils/CMakeFiles/rcutils.dir/compiler_depend.internal".
[2.235s] Dependencies file "CMakeFiles/rcutils.dir/src/cmdline_parser.c.obj.d" is newer than depends file "/home/ice/microros_ws/firmware/mcu_ws/build/rcutils/CMakeFiles/rcutils.dir/compiler_depend.internal".
[2.236s] Dependencies file "CMakeFiles/rcutils.dir/src/env.c.obj.d" is newer than depends file "/home/ice/microros_ws/firmware/mcu_ws/build/rcutils/CMakeFiles/rcutils.dir/compiler_depend.internal".
[2.236s] Dependencies file "CMakeFiles/rcutils.dir/src/error_handling.c.obj.d" is newer than depends file "/home/ice/microros_ws/firmware/mcu_ws/build/rcutils/CMakeFiles/rcutils.dir/compiler_depend.internal".
[2.238s] Dependencies file "CMakeFiles/rcutils.dir/src/filesystem.c.obj.d" is newer than depends file "/home/ice/microros_ws/firmware/mcu_ws/build/rcutils/CMakeFiles/rcutils.dir/compiler_depend.internal".
[2.238s] Dependencies file "CMakeFiles/rcutils.dir/src/find.c.obj.d" is newer than depends file "/home/ice/microros_ws/firmware/mcu_ws/build/rcutils/CMakeFiles/rcutils.dir/compiler_depend.internal".
[2.238s] Dependencies file "CMakeFiles/rcutils.dir/src/format_string.c.obj.d" is newer than depends file "/home/ice/microros_ws/firmware/mcu_ws/build/rcutils/CMakeFiles/rcutils.dir/compiler_depend.internal".
[2.238s] Dependencies file "CMakeFiles/rcutils.dir/src/hash_map.c.obj.d" is newer than depends file "/home/ice/microros_ws/firmware/mcu_ws/build/rcutils/CMakeFiles/rcutils.dir/compiler_depend.internal".
[2.247s] Dependencies file "CMakeFiles/rcutils.dir/src/logging.c.obj.d" is newer than depends file "/home/ice/microros_ws/firmware/mcu_ws/build/rcutils/CMakeFiles/rcutils.dir/compiler_depend.internal".
[2.248s] Dependencies file "CMakeFiles/rcutils.dir/src/process.c.obj.d" is newer than depends file "/home/ice/microros_ws/firmware/mcu_ws/build/rcutils/CMakeFiles/rcutils.dir/compiler_depend.internal".
[2.249s] Dependencies file "CMakeFiles/rcutils.dir/src/qsort.c.obj.d" is newer than depends file "/home/ice/microros_ws/firmware/mcu_ws/build/rcutils/CMakeFiles/rcutils.dir/compiler_depend.internal".
[2.250s] Dependencies file "CMakeFiles/rcutils.dir/src/repl_str.c.obj.d" is newer than depends file "/home/ice/microros_ws/firmware/mcu_ws/build/rcutils/CMakeFiles/rcutils.dir/compiler_depend.internal".
[2.252s] Dependencies file "CMakeFiles/rcutils.dir/src/shared_library.c.obj.d" is newer than depends file "/home/ice/microros_ws/firmware/mcu_ws/build/rcutils/CMakeFiles/rcutils.dir/compiler_depend.internal".
[2.252s] [  0%] Built target ament_cmake_python_copy_rcutils
[2.253s] Dependencies file "CMakeFiles/rcutils.dir/src/snprintf.c.obj.d" is newer than depends file "/home/ice/microros_ws/firmware/mcu_ws/build/rcutils/CMakeFiles/rcutils.dir/compiler_depend.internal".
[2.255s] /usr/bin/gmake  -f CMakeFiles/ament_cmake_python_build_rcutils_egg.dir/build.make CMakeFiles/ament_cmake_python_build_rcutils_egg.dir/depend
[2.256s] Dependencies file "CMakeFiles/rcutils.dir/src/split.c.obj.d" is newer than depends file "/home/ice/microros_ws/firmware/mcu_ws/build/rcutils/CMakeFiles/rcutils.dir/compiler_depend.internal".
[2.260s] gmake[6]: Entering directory '/home/ice/microros_ws/firmware/mcu_ws/build/rcutils'
[2.260s] cd /home/ice/microros_ws/firmware/mcu_ws/build/rcutils && /usr/bin/cmake -E cmake_depends "Unix Makefiles" /home/ice/microros_ws/firmware/mcu_ws/uros/rcutils /home/ice/microros_ws/firmware/mcu_ws/uros/rcutils /home/ice/microros_ws/firmware/mcu_ws/build/rcutils /home/ice/microros_ws/firmware/mcu_ws/build/rcutils /home/ice/microros_ws/firmware/mcu_ws/build/rcutils/CMakeFiles/ament_cmake_python_build_rcutils_egg.dir/DependInfo.cmake --color=
[2.262s] Dependencies file "CMakeFiles/rcutils.dir/src/strcasecmp.c.obj.d" is newer than depends file "/home/ice/microros_ws/firmware/mcu_ws/build/rcutils/CMakeFiles/rcutils.dir/compiler_depend.internal".
[2.263s] Dependencies file "CMakeFiles/rcutils.dir/src/strdup.c.obj.d" is newer than depends file "/home/ice/microros_ws/firmware/mcu_ws/build/rcutils/CMakeFiles/rcutils.dir/compiler_depend.internal".
[2.268s] Dependencies file "CMakeFiles/rcutils.dir/src/strerror.c.obj.d" is newer than depends file "/home/ice/microros_ws/firmware/mcu_ws/build/rcutils/CMakeFiles/rcutils.dir/compiler_depend.internal".
[2.268s] Dependencies file "CMakeFiles/rcutils.dir/src/string_array.c.obj.d" is newer than depends file "/home/ice/microros_ws/firmware/mcu_ws/build/rcutils/CMakeFiles/rcutils.dir/compiler_depend.internal".
[2.268s] Dependencies file "CMakeFiles/rcutils.dir/src/string_map.c.obj.d" is newer than depends file "/home/ice/microros_ws/firmware/mcu_ws/build/rcutils/CMakeFiles/rcutils.dir/compiler_depend.internal".
[2.269s] Dependencies file "CMakeFiles/rcutils.dir/src/testing/fault_injection.c.obj.d" is newer than depends file "/home/ice/microros_ws/firmware/mcu_ws/build/rcutils/CMakeFiles/rcutils.dir/compiler_depend.internal".
[2.269s] Dependencies file "CMakeFiles/rcutils.dir/src/time.c.obj.d" is newer than depends file "/home/ice/microros_ws/firmware/mcu_ws/build/rcutils/CMakeFiles/rcutils.dir/compiler_depend.internal".
[2.269s] Dependencies file "CMakeFiles/rcutils.dir/src/time_unix.c.obj.d" is newer than depends file "/home/ice/microros_ws/firmware/mcu_ws/build/rcutils/CMakeFiles/rcutils.dir/compiler_depend.internal".
[2.269s] Dependencies file "CMakeFiles/rcutils.dir/src/uint8_array.c.obj.d" is newer than depends file "/home/ice/microros_ws/firmware/mcu_ws/build/rcutils/CMakeFiles/rcutils.dir/compiler_depend.internal".
[2.269s] [35m[1mConsolidate compiler generated dependencies of target rcutils[0m
[2.290s] gmake[6]: Leaving directory '/home/ice/microros_ws/firmware/mcu_ws/build/rcutils'
[2.291s] /usr/bin/gmake  -f CMakeFiles/ament_cmake_python_build_rcutils_egg.dir/build.make CMakeFiles/ament_cmake_python_build_rcutils_egg.dir/build
[2.294s] gmake[6]: Entering directory '/home/ice/microros_ws/firmware/mcu_ws/build/rcutils'
[2.294s] cd /home/ice/microros_ws/firmware/mcu_ws/build/rcutils/ament_cmake_python/rcutils && /home/ice/microros_ws/firmware/toolchain/espressif/python_env/idf4.1_py3.10_env/bin/python3.10 setup.py egg_info
[2.320s] gmake[6]: Leaving directory '/home/ice/microros_ws/firmware/mcu_ws/build/rcutils'
[2.321s] /usr/bin/gmake  -f CMakeFiles/rcutils.dir/build.make CMakeFiles/rcutils.dir/build
[2.474s] gmake[6]: Entering directory '/home/ice/microros_ws/firmware/mcu_ws/build/rcutils'
[2.477s] gmake[6]: Nothing to be done for 'CMakeFiles/rcutils.dir/build'.
[2.477s] gmake[6]: Leaving directory '/home/ice/microros_ws/firmware/mcu_ws/build/rcutils'
[2.658s] [100%] Built target rcutils
[2.817s] running egg_info
[2.837s] writing rcutils.egg-info/PKG-INFO
[2.840s] writing dependency_links to rcutils.egg-info/dependency_links.txt
[2.845s] writing top-level names to rcutils.egg-info/top_level.txt
[2.897s] reading manifest file 'rcutils.egg-info/SOURCES.txt'
[2.899s] writing manifest file 'rcutils.egg-info/SOURCES.txt'
[2.944s] gmake[6]: Leaving directory '/home/ice/microros_ws/firmware/mcu_ws/build/rcutils'
[2.971s] [100%] Built target ament_cmake_python_build_rcutils_egg
[2.972s] gmake[5]: Leaving directory '/home/ice/microros_ws/firmware/mcu_ws/build/rcutils'
[2.972s] /usr/bin/cmake -E cmake_progress_start /home/ice/microros_ws/firmware/mcu_ws/build/rcutils/CMakeFiles 0
[3.002s] gmake[4]: Leaving directory '/home/ice/microros_ws/firmware/mcu_ws/build/rcutils'
[3.012s] Invoked command in '/home/ice/microros_ws/firmware/mcu_ws/build/rcutils' returned '0': CMAKE_PREFIX_PATH=${CMAKE_PREFIX_PATH}:/home/ice/microros_ws/firmware/dev_ws/install/ament_uncrustify:/home/ice/microros_ws/firmware/dev_ws/install/domain_coordinator:/home/ice/microros_ws/firmware/dev_ws/install/ament_xmllint:/home/ice/microros_ws/firmware/dev_ws/install/ament_pyflakes:/home/ice/microros_ws/firmware/dev_ws/install/ament_pycodestyle:/home/ice/microros_ws/firmware/dev_ws/install/ament_pep257:/home/ice/microros_ws/firmware/dev_ws/install/ament_pclint:/home/ice/microros_ws/firmware/dev_ws/install/ament_package:/home/ice/microros_ws/firmware/dev_ws/install/ament_mypy:/home/ice/microros_ws/firmware/dev_ws/install/ament_lint_cmake:/home/ice/microros_ws/firmware/dev_ws/install/ament_flake8:/home/ice/microros_ws/firmware/dev_ws/install/ament_copyright:/home/ice/microros_ws/firmware/dev_ws/install/ament_lint:/home/ice/microros_ws/firmware/dev_ws/install/ament_index_python:/home/ice/microros_ws/firmware/dev_ws/install/ament_cpplint:/home/ice/microros_ws/firmware/dev_ws/install/ament_cppcheck:/home/ice/microros_ws/firmware/dev_ws/install/ament_clang_tidy:/home/ice/microros_ws/firmware/dev_ws/install/ament_clang_format /usr/bin/cmake --build /home/ice/microros_ws/firmware/mcu_ws/build/rcutils -- -j2 -l2
[3.708s] Invoking command in '/home/ice/microros_ws/firmware/mcu_ws/build/rcutils': CMAKE_PREFIX_PATH=${CMAKE_PREFIX_PATH}:/home/ice/microros_ws/firmware/dev_ws/install/ament_uncrustify:/home/ice/microros_ws/firmware/dev_ws/install/domain_coordinator:/home/ice/microros_ws/firmware/dev_ws/install/ament_xmllint:/home/ice/microros_ws/firmware/dev_ws/install/ament_pyflakes:/home/ice/microros_ws/firmware/dev_ws/install/ament_pycodestyle:/home/ice/microros_ws/firmware/dev_ws/install/ament_pep257:/home/ice/microros_ws/firmware/dev_ws/install/ament_pclint:/home/ice/microros_ws/firmware/dev_ws/install/ament_package:/home/ice/microros_ws/firmware/dev_ws/install/ament_mypy:/home/ice/microros_ws/firmware/dev_ws/install/ament_lint_cmake:/home/ice/microros_ws/firmware/dev_ws/install/ament_flake8:/home/ice/microros_ws/firmware/dev_ws/install/ament_copyright:/home/ice/microros_ws/firmware/dev_ws/install/ament_lint:/home/ice/microros_ws/firmware/dev_ws/install/ament_index_python:/home/ice/microros_ws/firmware/dev_ws/install/ament_cpplint:/home/ice/microros_ws/firmware/dev_ws/install/ament_cppcheck:/home/ice/microros_ws/firmware/dev_ws/install/ament_clang_tidy:/home/ice/microros_ws/firmware/dev_ws/install/ament_clang_format /usr/bin/cmake --install /home/ice/microros_ws/firmware/mcu_ws/build/rcutils
[3.734s] -- Install configuration: "Debug"
[3.735s] -- Up-to-date: /home/ice/microros_ws/firmware/mcu_ws/install/share/rcutils/environment/pythonpath.sh
[3.736s] -- Installing: /home/ice/microros_ws/firmware/mcu_ws/install/share/rcutils/environment/pythonpath.dsv
[3.737s] -- Up-to-date: /home/ice/microros_ws/firmware/mcu_ws/install/lib/python3.10/site-packages/rcutils-5.1.4-py3.10.egg-info
[3.737s] -- Installing: /home/ice/microros_ws/firmware/mcu_ws/install/lib/python3.10/site-packages/rcutils-5.1.4-py3.10.egg-info/top_level.txt
[3.738s] -- Installing: /home/ice/microros_ws/firmware/mcu_ws/install/lib/python3.10/site-packages/rcutils-5.1.4-py3.10.egg-info/PKG-INFO
[3.771s] -- Installing: /home/ice/microros_ws/firmware/mcu_ws/install/lib/python3.10/site-packages/rcutils-5.1.4-py3.10.egg-info/SOURCES.txt
[3.772s] -- Installing: /home/ice/microros_ws/firmware/mcu_ws/install/lib/python3.10/site-packages/rcutils-5.1.4-py3.10.egg-info/dependency_links.txt
[3.772s] -- Up-to-date: /home/ice/microros_ws/firmware/mcu_ws/install/lib/python3.10/site-packages/rcutils
[3.772s] -- Up-to-date: /home/ice/microros_ws/firmware/mcu_ws/install/lib/python3.10/site-packages/rcutils/__init__.py
[3.772s] -- Up-to-date: /home/ice/microros_ws/firmware/mcu_ws/install/lib/python3.10/site-packages/rcutils/logging.py
[3.899s] Listing '/home/ice/microros_ws/firmware/mcu_ws/install/lib/python3.10/site-packages/rcutils'...
[3.923s] -- Up-to-date: /home/ice/microros_ws/firmware/mcu_ws/install/lib/librcutils.a
[3.925s] -- Up-to-date: /home/ice/microros_ws/firmware/mcu_ws/install/share/rcutils/environment/library_path.sh
[3.925s] -- Installing: /home/ice/microros_ws/firmware/mcu_ws/install/share/rcutils/environment/library_path.dsv
[3.930s] -- Up-to-date: /home/ice/microros_ws/firmware/mcu_ws/install/share/ament_index/resource_index/package_run_dependencies/rcutils
[3.931s] -- Up-to-date: /home/ice/microros_ws/firmware/mcu_ws/install/share/ament_index/resource_index/parent_prefix_path/rcutils
[3.932s] -- Up-to-date: /home/ice/microros_ws/firmware/mcu_ws/install/share/rcutils/environment/ament_prefix_path.sh
[3.942s] -- Installing: /home/ice/microros_ws/firmware/mcu_ws/install/share/rcutils/environment/ament_prefix_path.dsv
[3.944s] -- Up-to-date: /home/ice/microros_ws/firmware/mcu_ws/install/share/rcutils/environment/path.sh
[3.945s] -- Installing: /home/ice/microros_ws/firmware/mcu_ws/install/share/rcutils/environment/path.dsv
[3.946s] -- Up-to-date: /home/ice/microros_ws/firmware/mcu_ws/install/share/rcutils/local_setup.bash
[3.946s] -- Up-to-date: /home/ice/microros_ws/firmware/mcu_ws/install/share/rcutils/local_setup.sh
[3.957s] -- Up-to-date: /home/ice/microros_ws/firmware/mcu_ws/install/share/rcutils/local_setup.zsh
[3.957s] -- Installing: /home/ice/microros_ws/firmware/mcu_ws/install/share/rcutils/local_setup.dsv
[3.957s] -- Installing: /home/ice/microros_ws/firmware/mcu_ws/install/share/rcutils/package.dsv
[3.957s] -- Up-to-date: /home/ice/microros_ws/firmware/mcu_ws/install/share/ament_index/resource_index/packages/rcutils
[3.957s] -- Up-to-date: /home/ice/microros_ws/firmware/mcu_ws/install/share/rcutils/cmake/rcutilsExport.cmake
[3.958s] -- Up-to-date: /home/ice/microros_ws/firmware/mcu_ws/install/share/rcutils/cmake/rcutilsExport-debug.cmake
[3.958s] -- Up-to-date: /home/ice/microros_ws/firmware/mcu_ws/install/share/rcutils/cmake/ament_cmake_export_include_directories-extras.cmake
[3.958s] -- Up-to-date: /home/ice/microros_ws/firmware/mcu_ws/install/share/rcutils/cmake/ament_cmake_export_libraries-extras.cmake
[3.958s] -- Up-to-date: /home/ice/microros_ws/firmware/mcu_ws/install/share/rcutils/cmake/ament_cmake_export_targets-extras.cmake
[3.958s] -- Up-to-date: /home/ice/microros_ws/firmware/mcu_ws/install/share/rcutils/cmake/ament_cmake_export_dependencies-extras.cmake
[3.965s] -- Up-to-date: /home/ice/microros_ws/firmware/mcu_ws/install/share/rcutils/cmake/rcutilsConfig.cmake
[3.965s] -- Up-to-date: /home/ice/microros_ws/firmware/mcu_ws/install/share/rcutils/cmake/rcutilsConfig-version.cmake
[3.965s] -- Up-to-date: /home/ice/microros_ws/firmware/mcu_ws/install/share/rcutils/package.xml
[3.965s] -- Up-to-date: /home/ice/microros_ws/firmware/mcu_ws/install/include/rcutils
[3.965s] -- Up-to-date: /home/ice/microros_ws/firmware/mcu_ws/install/include/rcutils/rcutils
[3.966s] -- Up-to-date: /home/ice/microros_ws/firmware/mcu_ws/install/include/rcutils/rcutils/time.h
[3.966s] -- Up-to-date: /home/ice/microros_ws/firmware/mcu_ws/install/include/rcutils/rcutils/macros.h
[3.966s] -- Up-to-date: /home/ice/microros_ws/firmware/mcu_ws/install/include/rcutils/rcutils/security_directory.h
[3.966s] -- Up-to-date: /home/ice/microros_ws/firmware/mcu_ws/install/include/rcutils/rcutils/cmdline_parser.h
[3.966s] -- Up-to-date: /home/ice/microros_ws/firmware/mcu_ws/install/include/rcutils/rcutils/types
[3.966s] -- Up-to-date: /home/ice/microros_ws/firmware/mcu_ws/install/include/rcutils/rcutils/types/string_map.h
[3.967s] -- Up-to-date: /home/ice/microros_ws/firmware/mcu_ws/install/include/rcutils/rcutils/types/uint8_array.h
[3.967s] -- Up-to-date: /home/ice/microros_ws/firmware/mcu_ws/install/include/rcutils/rcutils/types/hash_map.h
[3.967s] -- Up-to-date: /home/ice/microros_ws/firmware/mcu_ws/install/include/rcutils/rcutils/types/char_array.h
[3.967s] -- Up-to-date: /home/ice/microros_ws/firmware/mcu_ws/install/include/rcutils/rcutils/types/rcutils_ret.h
[3.967s] -- Up-to-date: /home/ice/microros_ws/firmware/mcu_ws/install/include/rcutils/rcutils/types/string_array.h
[3.967s] -- Up-to-date: /home/ice/microros_ws/firmware/mcu_ws/install/include/rcutils/rcutils/types/array_list.h
[3.967s] -- Up-to-date: /home/ice/microros_ws/firmware/mcu_ws/install/include/rcutils/rcutils/env.h
[3.968s] -- Up-to-date: /home/ice/microros_ws/firmware/mcu_ws/install/include/rcutils/rcutils/error_handling.h
[3.968s] -- Up-to-date: /home/ice/microros_ws/firmware/mcu_ws/install/include/rcutils/rcutils/format_string.h
[3.968s] -- Up-to-date: /home/ice/microros_ws/firmware/mcu_ws/install/include/rcutils/rcutils/repl_str.h
[3.968s] -- Up-to-date: /home/ice/microros_ws/firmware/mcu_ws/install/include/rcutils/rcutils/filesystem.h
[3.968s] -- Up-to-date: /home/ice/microros_ws/firmware/mcu_ws/install/include/rcutils/rcutils/allocator.h
[3.968s] -- Up-to-date: /home/ice/microros_ws/firmware/mcu_ws/install/include/rcutils/rcutils/get_env.h
[3.969s] -- Up-to-date: /home/ice/microros_ws/firmware/mcu_ws/install/include/rcutils/rcutils/types.h
[3.969s] -- Up-to-date: /home/ice/microros_ws/firmware/mcu_ws/install/include/rcutils/rcutils/configuration_flags.h.in
[3.969s] -- Up-to-date: /home/ice/microros_ws/firmware/mcu_ws/install/include/rcutils/rcutils/strdup.h
[3.969s] -- Up-to-date: /home/ice/microros_ws/firmware/mcu_ws/install/include/rcutils/rcutils/visibility_control_macros.h
[3.970s] -- Up-to-date: /home/ice/microros_ws/firmware/mcu_ws/install/include/rcutils/rcutils/qsort.h
[3.970s] -- Up-to-date: /home/ice/microros_ws/firmware/mcu_ws/install/include/rcutils/rcutils/shared_library.h
[3.970s] -- Up-to-date: /home/ice/microros_ws/firmware/mcu_ws/install/include/rcutils/rcutils/find.h
[3.970s] -- Up-to-date: /home/ice/microros_ws/firmware/mcu_ws/install/include/rcutils/rcutils/snprintf.h
[3.970s] -- Up-to-date: /home/ice/microros_ws/firmware/mcu_ws/install/include/rcutils/rcutils/stdatomic_helper.h
[3.970s] -- Up-to-date: /home/ice/microros_ws/firmware/mcu_ws/install/include/rcutils/rcutils/strerror.h
[3.970s] -- Up-to-date: /home/ice/microros_ws/firmware/mcu_ws/install/include/rcutils/rcutils/stdatomic_helper
[3.971s] -- Up-to-date: /home/ice/microros_ws/firmware/mcu_ws/install/include/rcutils/rcutils/stdatomic_helper/gcc
[3.971s] -- Up-to-date: /home/ice/microros_ws/firmware/mcu_ws/install/include/rcutils/rcutils/stdatomic_helper/gcc/stdatomic.h
[3.971s] -- Up-to-date: /home/ice/microros_ws/firmware/mcu_ws/install/include/rcutils/rcutils/stdatomic_helper/win32
[3.971s] -- Up-to-date: /home/ice/microros_ws/firmware/mcu_ws/install/include/rcutils/rcutils/stdatomic_helper/win32/stdatomic.h
[3.971s] -- Up-to-date: /home/ice/microros_ws/firmware/mcu_ws/install/include/rcutils/rcutils/logging.h
[3.971s] -- Up-to-date: /home/ice/microros_ws/firmware/mcu_ws/install/include/rcutils/rcutils/visibility_control.h
[3.971s] -- Up-to-date: /home/ice/microros_ws/firmware/mcu_ws/install/include/rcutils/rcutils/process.h
[4.002s] -- Up-to-date: /home/ice/microros_ws/firmware/mcu_ws/install/include/rcutils/rcutils/strcasecmp.h
[4.003s] -- Up-to-date: /home/ice/microros_ws/firmware/mcu_ws/install/include/rcutils/rcutils/testing
[4.003s] -- Up-to-date: /home/ice/microros_ws/firmware/mcu_ws/install/include/rcutils/rcutils/testing/fault_injection.h
[4.003s] -- Up-to-date: /home/ice/microros_ws/firmware/mcu_ws/install/include/rcutils/rcutils/isalnum_no_locale.h
[4.003s] -- Up-to-date: /home/ice/microros_ws/firmware/mcu_ws/install/include/rcutils/rcutils/split.h
[4.003s] -- Up-to-date: /home/ice/microros_ws/firmware/mcu_ws/install/include/rcutils
[4.003s] -- Up-to-date: /home/ice/microros_ws/firmware/mcu_ws/install/include/rcutils/rcutils
[4.004s] -- Up-to-date: /home/ice/microros_ws/firmware/mcu_ws/install/include/rcutils/rcutils/logging_macros.h
[4.004s] -- Up-to-date: /home/ice/microros_ws/firmware/mcu_ws/install/include/rcutils/rcutils/configuration_flags.h
[4.004s] Invoked command in '/home/ice/microros_ws/firmware/mcu_ws/build/rcutils' returned '0': CMAKE_PREFIX_PATH=${CMAKE_PREFIX_PATH}:/home/ice/microros_ws/firmware/dev_ws/install/ament_uncrustify:/home/ice/microros_ws/firmware/dev_ws/install/domain_coordinator:/home/ice/microros_ws/firmware/dev_ws/install/ament_xmllint:/home/ice/microros_ws/firmware/dev_ws/install/ament_pyflakes:/home/ice/microros_ws/firmware/dev_ws/install/ament_pycodestyle:/home/ice/microros_ws/firmware/dev_ws/install/ament_pep257:/home/ice/microros_ws/firmware/dev_ws/install/ament_pclint:/home/ice/microros_ws/firmware/dev_ws/install/ament_package:/home/ice/microros_ws/firmware/dev_ws/install/ament_mypy:/home/ice/microros_ws/firmware/dev_ws/install/ament_lint_cmake:/home/ice/microros_ws/firmware/dev_ws/install/ament_flake8:/home/ice/microros_ws/firmware/dev_ws/install/ament_copyright:/home/ice/microros_ws/firmware/dev_ws/install/ament_lint:/home/ice/microros_ws/firmware/dev_ws/install/ament_index_python:/home/ice/microros_ws/firmware/dev_ws/install/ament_cpplint:/home/ice/microros_ws/firmware/dev_ws/install/ament_cppcheck:/home/ice/microros_ws/firmware/dev_ws/install/ament_clang_tidy:/home/ice/microros_ws/firmware/dev_ws/install/ament_clang_format /usr/bin/cmake --install /home/ice/microros_ws/firmware/mcu_ws/build/rcutils
