-- The C compiler identification is GNU 11.4.0
-- The CXX compiler identification is GNU 11.4.0
-- Detecting C compiler ABI info
-- Detecting C compiler ABI info - done
-- Check for working C compiler: /usr/bin/cc - skipped
-- Detecting C compile features
-- Detecting C compile features - done
-- Detecting CXX compiler ABI info
-- Detecting CXX compiler ABI info - done
-- Check for working CXX compiler: /usr/bin/c++ - skipped
-- Detecting CXX compile features
-- Detecting CXX compile features - done
-- Found ament_cmake: 1.3.7 (/opt/ros/humble/share/ament_cmake/cmake)
-- Found Python3: /usr/bin/python3.10 (found version "3.10.12") found components: Interpreter 
-- Found rosidl_default_generators: 1.2.0 (/opt/ros/humble/share/rosidl_default_generators/cmake)
-- Using all available rosidl_typesupport_c: rosidl_typesupport_fastrtps_c;rosidl_typesupport_introspection_c
-- Found rosidl_adapter: 3.1.5 (/opt/ros/humble/share/rosidl_adapter/cmake)
-- Using all available rosidl_typesupport_cpp: rosidl_typesupport_fastrtps_cpp;rosidl_typesupport_introspection_cpp
-- Found ament_cmake_ros: 0.10.0 (/opt/ros/humble/share/ament_cmake_ros/cmake)
-- Using all available rosidl_typesupport_c: rosidl_typesupport_fastrtps_c;rosidl_typesupport_introspection_c
-- Using all available rosidl_typesupport_cpp: rosidl_typesupport_fastrtps_cpp;rosidl_typesupport_introspection_cpp
-- Found PythonInterp: /usr/bin/python3 (found suitable version "3.10.12", minimum required is "3.6") 
-- Found python_cmake_module: 0.10.0 (/opt/ros/humble/share/python_cmake_module/cmake)
-- Found PythonLibs: /usr/lib/x86_64-linux-gnu/libpython3.10.so (found suitable version "3.10.12", minimum required is "3.5") 
-- Using PYTHON_EXECUTABLE: /usr/bin/python3
-- Using PYTHON_INCLUDE_DIRS: /usr/include/python3.10
-- Using PYTHON_LIBRARIES: /usr/lib/x86_64-linux-gnu/libpython3.10.so
-- Found PythonExtra: .so  
-- Found ament_lint_auto: 0.12.10 (/opt/ros/humble/share/ament_lint_auto/cmake)
-- Added test 'lint_cmake' to check CMake code style
-- Added test 'xmllint' to check XML markup files
-- Configuring done
-- Generating done
-- Build files have been written to: /home/ice/Documents/GitHub/polaris-bot/ros2_ws/build/messages
[  3%] [34m[1mGenerating C code for ROS interfaces[0m
[  6%] [34m[1mGenerating C++ code for ROS interfaces[0m
[  9%] [32mBuilding C object CMakeFiles/messages__rosidl_generator_c.dir/rosidl_generator_c/messages/msg/detail/robot_motor_speed__functions.c.o[0m
[  9%] Built target messages__cpp
[  9%] Built target ament_cmake_python_copy_messages
[ 12%] [34m[1mGenerating C++ type support for eProsima Fast-RTPS[0m
[ 16%] [32m[1mLinking C shared library libmessages__rosidl_generator_c.so[0m
[ 16%] Built target messages__rosidl_generator_c
[ 19%] [34m[1mGenerating C++ introspection for ROS interfaces[0m
[ 22%] [32mBuilding CXX object CMakeFiles/messages__rosidl_typesupport_fastrtps_cpp.dir/rosidl_typesupport_fastrtps_cpp/messages/msg/detail/dds_fastrtps/robot_motor_speed__type_support.cpp.o[0m
[ 25%] [32mBuilding CXX object CMakeFiles/messages__rosidl_typesupport_introspection_cpp.dir/rosidl_typesupport_introspection_cpp/messages/msg/detail/robot_motor_speed__type_support.cpp.o[0m
[ 29%] [32m[1mLinking CXX shared library libmessages__rosidl_typesupport_introspection_cpp.so[0m
[ 32%] [32m[1mLinking CXX shared library libmessages__rosidl_typesupport_fastrtps_cpp.so[0m
[ 32%] Built target messages__rosidl_typesupport_introspection_cpp
[ 35%] [34m[1mGenerating C++ type support dispatch for ROS interfaces[0m
[ 35%] Built target messages__rosidl_typesupport_fastrtps_cpp
[ 38%] [34m[1mGenerating C type support for eProsima Fast-RTPS[0m
[ 41%] [32mBuilding CXX object CMakeFiles/messages__rosidl_typesupport_cpp.dir/rosidl_typesupport_cpp/messages/msg/robot_motor_speed__type_support.cpp.o[0m
[ 45%] [32mBuilding CXX object CMakeFiles/messages__rosidl_typesupport_fastrtps_c.dir/rosidl_typesupport_fastrtps_c/messages/msg/detail/robot_motor_speed__type_support_c.cpp.o[0m
[ 48%] [32m[1mLinking CXX shared library libmessages__rosidl_typesupport_cpp.so[0m
[ 51%] [32m[1mLinking CXX shared library libmessages__rosidl_typesupport_fastrtps_c.so[0m
[ 51%] Built target messages__rosidl_typesupport_cpp
[ 54%] [34m[1mGenerating C introspection for ROS interfaces[0m
[ 54%] Built target messages__rosidl_typesupport_fastrtps_c
[ 58%] [34m[1mGenerating C type support dispatch for ROS interfaces[0m
[ 61%] [32mBuilding CXX object CMakeFiles/messages__rosidl_typesupport_c.dir/rosidl_typesupport_c/messages/msg/robot_motor_speed__type_support.cpp.o[0m
[ 64%] [32mBuilding C object CMakeFiles/messages__rosidl_typesupport_introspection_c.dir/rosidl_typesupport_introspection_c/messages/msg/detail/robot_motor_speed__type_support.c.o[0m
[ 67%] [32m[1mLinking CXX shared library libmessages__rosidl_typesupport_c.so[0m
[ 70%] [32m[1mLinking C shared library libmessages__rosidl_typesupport_introspection_c.so[0m
[ 70%] Built target messages__rosidl_typesupport_c
[ 70%] Built target messages__rosidl_typesupport_introspection_c
[ 70%] Built target messages
[ 74%] [34m[1mGenerating Python code for ROS interfaces[0m
running egg_info
creating messages.egg-info
writing messages.egg-info/PKG-INFO
writing dependency_links to messages.egg-info/dependency_links.txt
writing top-level names to messages.egg-info/top_level.txt
writing manifest file 'messages.egg-info/SOURCES.txt'
reading manifest file 'messages.egg-info/SOURCES.txt'
writing manifest file 'messages.egg-info/SOURCES.txt'
[ 74%] Built target ament_cmake_python_build_messages_egg
[ 74%] Built target messages__py
[ 77%] [32mBuilding C object CMakeFiles/messages__rosidl_generator_py.dir/rosidl_generator_py/messages/msg/_robot_motor_speed_s.c.o[0m
[ 80%] [32m[1mLinking C shared library rosidl_generator_py/messages/libmessages__rosidl_generator_py.so[0m
[ 80%] Built target messages__rosidl_generator_py
[ 83%] [32mBuilding C object CMakeFiles/messages__rosidl_typesupport_fastrtps_c__pyext.dir/rosidl_generator_py/messages/_messages_s.ep.rosidl_typesupport_fastrtps_c.c.o[0m
[ 87%] [32mBuilding C object CMakeFiles/messages__rosidl_typesupport_introspection_c__pyext.dir/rosidl_generator_py/messages/_messages_s.ep.rosidl_typesupport_introspection_c.c.o[0m
[ 90%] [32m[1mLinking C shared library rosidl_generator_py/messages/messages_s__rosidl_typesupport_fastrtps_c.cpython-310-x86_64-linux-gnu.so[0m
[ 93%] [32m[1mLinking C shared library rosidl_generator_py/messages/messages_s__rosidl_typesupport_introspection_c.cpython-310-x86_64-linux-gnu.so[0m
[ 93%] Built target messages__rosidl_typesupport_fastrtps_c__pyext
[ 93%] Built target messages__rosidl_typesupport_introspection_c__pyext
[ 96%] [32mBuilding C object CMakeFiles/messages__rosidl_typesupport_c__pyext.dir/rosidl_generator_py/messages/_messages_s.ep.rosidl_typesupport_c.c.o[0m
[100%] [32m[1mLinking C shared library rosidl_generator_py/messages/messages_s__rosidl_typesupport_c.cpython-310-x86_64-linux-gnu.so[0m
[100%] Built target messages__rosidl_typesupport_c__pyext
-- Install configuration: ""
-- Installing: /home/ice/Documents/GitHub/polaris-bot/ros2_ws/install/messages/share/ament_index/resource_index/rosidl_interfaces/messages
-- Installing: /home/ice/Documents/GitHub/polaris-bot/ros2_ws/install/messages/include/messages/messages
-- Installing: /home/ice/Documents/GitHub/polaris-bot/ros2_ws/install/messages/include/messages/messages/msg
-- Installing: /home/ice/Documents/GitHub/polaris-bot/ros2_ws/install/messages/include/messages/messages/msg/detail
-- Installing: /home/ice/Documents/GitHub/polaris-bot/ros2_ws/install/messages/include/messages/messages/msg/detail/robot_motor_speed__functions.c
-- Installing: /home/ice/Documents/GitHub/polaris-bot/ros2_ws/install/messages/include/messages/messages/msg/detail/robot_motor_speed__functions.h
-- Installing: /home/ice/Documents/GitHub/polaris-bot/ros2_ws/install/messages/include/messages/messages/msg/detail/robot_motor_speed__struct.h
-- Installing: /home/ice/Documents/GitHub/polaris-bot/ros2_ws/install/messages/include/messages/messages/msg/detail/robot_motor_speed__type_support.h
-- Installing: /home/ice/Documents/GitHub/polaris-bot/ros2_ws/install/messages/include/messages/messages/msg/robot_motor_speed.h
-- Installing: /home/ice/Documents/GitHub/polaris-bot/ros2_ws/install/messages/include/messages/messages/msg/rosidl_generator_c__visibility_control.h
-- Installing: /home/ice/Documents/GitHub/polaris-bot/ros2_ws/install/messages/share/messages/environment/library_path.sh
-- Installing: /home/ice/Documents/GitHub/polaris-bot/ros2_ws/install/messages/share/messages/environment/library_path.dsv
-- Installing: /home/ice/Documents/GitHub/polaris-bot/ros2_ws/install/messages/lib/libmessages__rosidl_generator_c.so
-- Set runtime path of "/home/ice/Documents/GitHub/polaris-bot/ros2_ws/install/messages/lib/libmessages__rosidl_generator_c.so" to ""
-- Up-to-date: /home/ice/Documents/GitHub/polaris-bot/ros2_ws/install/messages/include/messages/messages
-- Up-to-date: /home/ice/Documents/GitHub/polaris-bot/ros2_ws/install/messages/include/messages/messages/msg
-- Up-to-date: /home/ice/Documents/GitHub/polaris-bot/ros2_ws/install/messages/include/messages/messages/msg/detail
-- Installing: /home/ice/Documents/GitHub/polaris-bot/ros2_ws/install/messages/include/messages/messages/msg/detail/robot_motor_speed__rosidl_typesupport_fastrtps_c.h
-- Installing: /home/ice/Documents/GitHub/polaris-bot/ros2_ws/install/messages/include/messages/messages/msg/rosidl_typesupport_fastrtps_c__visibility_control.h
-- Installing: /home/ice/Documents/GitHub/polaris-bot/ros2_ws/install/messages/lib/libmessages__rosidl_typesupport_fastrtps_c.so
-- Set runtime path of "/home/ice/Documents/GitHub/polaris-bot/ros2_ws/install/messages/lib/libmessages__rosidl_typesupport_fastrtps_c.so" to ""
-- Up-to-date: /home/ice/Documents/GitHub/polaris-bot/ros2_ws/install/messages/include/messages/messages
-- Up-to-date: /home/ice/Documents/GitHub/polaris-bot/ros2_ws/install/messages/include/messages/messages/msg
-- Up-to-date: /home/ice/Documents/GitHub/polaris-bot/ros2_ws/install/messages/include/messages/messages/msg/detail
-- Installing: /home/ice/Documents/GitHub/polaris-bot/ros2_ws/install/messages/include/messages/messages/msg/detail/robot_motor_speed__rosidl_typesupport_introspection_c.h
-- Installing: /home/ice/Documents/GitHub/polaris-bot/ros2_ws/install/messages/include/messages/messages/msg/detail/robot_motor_speed__type_support.c
-- Installing: /home/ice/Documents/GitHub/polaris-bot/ros2_ws/install/messages/include/messages/messages/msg/rosidl_typesupport_introspection_c__visibility_control.h
-- Installing: /home/ice/Documents/GitHub/polaris-bot/ros2_ws/install/messages/lib/libmessages__rosidl_typesupport_introspection_c.so
-- Set runtime path of "/home/ice/Documents/GitHub/polaris-bot/ros2_ws/install/messages/lib/libmessages__rosidl_typesupport_introspection_c.so" to ""
-- Installing: /home/ice/Documents/GitHub/polaris-bot/ros2_ws/install/messages/lib/libmessages__rosidl_typesupport_c.so
-- Set runtime path of "/home/ice/Documents/GitHub/polaris-bot/ros2_ws/install/messages/lib/libmessages__rosidl_typesupport_c.so" to ""
-- Up-to-date: /home/ice/Documents/GitHub/polaris-bot/ros2_ws/install/messages/include/messages/messages
-- Up-to-date: /home/ice/Documents/GitHub/polaris-bot/ros2_ws/install/messages/include/messages/messages/msg
-- Up-to-date: /home/ice/Documents/GitHub/polaris-bot/ros2_ws/install/messages/include/messages/messages/msg/detail
-- Installing: /home/ice/Documents/GitHub/polaris-bot/ros2_ws/install/messages/include/messages/messages/msg/detail/robot_motor_speed__builder.hpp
-- Installing: /home/ice/Documents/GitHub/polaris-bot/ros2_ws/install/messages/include/messages/messages/msg/detail/robot_motor_speed__struct.hpp
-- Installing: /home/ice/Documents/GitHub/polaris-bot/ros2_ws/install/messages/include/messages/messages/msg/detail/robot_motor_speed__traits.hpp
-- Installing: /home/ice/Documents/GitHub/polaris-bot/ros2_ws/install/messages/include/messages/messages/msg/robot_motor_speed.hpp
-- Up-to-date: /home/ice/Documents/GitHub/polaris-bot/ros2_ws/install/messages/include/messages/messages
-- Up-to-date: /home/ice/Documents/GitHub/polaris-bot/ros2_ws/install/messages/include/messages/messages/msg
-- Up-to-date: /home/ice/Documents/GitHub/polaris-bot/ros2_ws/install/messages/include/messages/messages/msg/detail
-- Installing: /home/ice/Documents/GitHub/polaris-bot/ros2_ws/install/messages/include/messages/messages/msg/detail/dds_fastrtps
-- Installing: /home/ice/Documents/GitHub/polaris-bot/ros2_ws/install/messages/include/messages/messages/msg/detail/robot_motor_speed__rosidl_typesupport_fastrtps_cpp.hpp
-- Installing: /home/ice/Documents/GitHub/polaris-bot/ros2_ws/install/messages/include/messages/messages/msg/rosidl_typesupport_fastrtps_cpp__visibility_control.h
-- Installing: /home/ice/Documents/GitHub/polaris-bot/ros2_ws/install/messages/lib/libmessages__rosidl_typesupport_fastrtps_cpp.so
-- Set runtime path of "/home/ice/Documents/GitHub/polaris-bot/ros2_ws/install/messages/lib/libmessages__rosidl_typesupport_fastrtps_cpp.so" to ""
-- Up-to-date: /home/ice/Documents/GitHub/polaris-bot/ros2_ws/install/messages/include/messages/messages
-- Up-to-date: /home/ice/Documents/GitHub/polaris-bot/ros2_ws/install/messages/include/messages/messages/msg
-- Up-to-date: /home/ice/Documents/GitHub/polaris-bot/ros2_ws/install/messages/include/messages/messages/msg/detail
-- Installing: /home/ice/Documents/GitHub/polaris-bot/ros2_ws/install/messages/include/messages/messages/msg/detail/robot_motor_speed__rosidl_typesupport_introspection_cpp.hpp
-- Installing: /home/ice/Documents/GitHub/polaris-bot/ros2_ws/install/messages/include/messages/messages/msg/detail/robot_motor_speed__type_support.cpp
-- Installing: /home/ice/Documents/GitHub/polaris-bot/ros2_ws/install/messages/lib/libmessages__rosidl_typesupport_introspection_cpp.so
-- Set runtime path of "/home/ice/Documents/GitHub/polaris-bot/ros2_ws/install/messages/lib/libmessages__rosidl_typesupport_introspection_cpp.so" to ""
-- Installing: /home/ice/Documents/GitHub/polaris-bot/ros2_ws/install/messages/lib/libmessages__rosidl_typesupport_cpp.so
-- Set runtime path of "/home/ice/Documents/GitHub/polaris-bot/ros2_ws/install/messages/lib/libmessages__rosidl_typesupport_cpp.so" to ""
-- Installing: /home/ice/Documents/GitHub/polaris-bot/ros2_ws/install/messages/share/messages/environment/pythonpath.sh
-- Installing: /home/ice/Documents/GitHub/polaris-bot/ros2_ws/install/messages/share/messages/environment/pythonpath.dsv
-- Installing: /home/ice/Documents/GitHub/polaris-bot/ros2_ws/install/messages/local/lib/python3.10/dist-packages/messages-0.0.0-py3.10.egg-info
-- Installing: /home/ice/Documents/GitHub/polaris-bot/ros2_ws/install/messages/local/lib/python3.10/dist-packages/messages-0.0.0-py3.10.egg-info/top_level.txt
-- Installing: /home/ice/Documents/GitHub/polaris-bot/ros2_ws/install/messages/local/lib/python3.10/dist-packages/messages-0.0.0-py3.10.egg-info/PKG-INFO
-- Installing: /home/ice/Documents/GitHub/polaris-bot/ros2_ws/install/messages/local/lib/python3.10/dist-packages/messages-0.0.0-py3.10.egg-info/SOURCES.txt
-- Installing: /home/ice/Documents/GitHub/polaris-bot/ros2_ws/install/messages/local/lib/python3.10/dist-packages/messages-0.0.0-py3.10.egg-info/dependency_links.txt
-- Installing: /home/ice/Documents/GitHub/polaris-bot/ros2_ws/install/messages/local/lib/python3.10/dist-packages/messages
-- Installing: /home/ice/Documents/GitHub/polaris-bot/ros2_ws/install/messages/local/lib/python3.10/dist-packages/messages/_messages_s.ep.rosidl_typesupport_fastrtps_c.c
-- Installing: /home/ice/Documents/GitHub/polaris-bot/ros2_ws/install/messages/local/lib/python3.10/dist-packages/messages/messages_s__rosidl_typesupport_introspection_c.cpython-310-x86_64-linux-gnu.so
-- Installing: /home/ice/Documents/GitHub/polaris-bot/ros2_ws/install/messages/local/lib/python3.10/dist-packages/messages/messages_s__rosidl_typesupport_c.cpython-310-x86_64-linux-gnu.so
-- Installing: /home/ice/Documents/GitHub/polaris-bot/ros2_ws/install/messages/local/lib/python3.10/dist-packages/messages/messages_s__rosidl_typesupport_fastrtps_c.cpython-310-x86_64-linux-gnu.so
-- Installing: /home/ice/Documents/GitHub/polaris-bot/ros2_ws/install/messages/local/lib/python3.10/dist-packages/messages/_messages_s.ep.rosidl_typesupport_introspection_c.c
-- Installing: /home/ice/Documents/GitHub/polaris-bot/ros2_ws/install/messages/local/lib/python3.10/dist-packages/messages/msg
-- Installing: /home/ice/Documents/GitHub/polaris-bot/ros2_ws/install/messages/local/lib/python3.10/dist-packages/messages/msg/_robot_motor_speed.py
-- Installing: /home/ice/Documents/GitHub/polaris-bot/ros2_ws/install/messages/local/lib/python3.10/dist-packages/messages/msg/_robot_motor_speed_s.c
-- Installing: /home/ice/Documents/GitHub/polaris-bot/ros2_ws/install/messages/local/lib/python3.10/dist-packages/messages/msg/__init__.py
-- Installing: /home/ice/Documents/GitHub/polaris-bot/ros2_ws/install/messages/local/lib/python3.10/dist-packages/messages/libmessages__rosidl_generator_py.so
-- Installing: /home/ice/Documents/GitHub/polaris-bot/ros2_ws/install/messages/local/lib/python3.10/dist-packages/messages/__init__.py
-- Installing: /home/ice/Documents/GitHub/polaris-bot/ros2_ws/install/messages/local/lib/python3.10/dist-packages/messages/_messages_s.ep.rosidl_typesupport_c.c
Listing '/home/ice/Documents/GitHub/polaris-bot/ros2_ws/install/messages/local/lib/python3.10/dist-packages/messages'...
Compiling '/home/ice/Documents/GitHub/polaris-bot/ros2_ws/install/messages/local/lib/python3.10/dist-packages/messages/__init__.py'...
Listing '/home/ice/Documents/GitHub/polaris-bot/ros2_ws/install/messages/local/lib/python3.10/dist-packages/messages/msg'...
Compiling '/home/ice/Documents/GitHub/polaris-bot/ros2_ws/install/messages/local/lib/python3.10/dist-packages/messages/msg/__init__.py'...
Compiling '/home/ice/Documents/GitHub/polaris-bot/ros2_ws/install/messages/local/lib/python3.10/dist-packages/messages/msg/_robot_motor_speed.py'...
-- Installing: /home/ice/Documents/GitHub/polaris-bot/ros2_ws/install/messages/local/lib/python3.10/dist-packages/messages/messages_s__rosidl_typesupport_fastrtps_c.cpython-310-x86_64-linux-gnu.so
-- Set runtime path of "/home/ice/Documents/GitHub/polaris-bot/ros2_ws/install/messages/local/lib/python3.10/dist-packages/messages/messages_s__rosidl_typesupport_fastrtps_c.cpython-310-x86_64-linux-gnu.so" to ""
-- Installing: /home/ice/Documents/GitHub/polaris-bot/ros2_ws/install/messages/local/lib/python3.10/dist-packages/messages/messages_s__rosidl_typesupport_introspection_c.cpython-310-x86_64-linux-gnu.so
-- Set runtime path of "/home/ice/Documents/GitHub/polaris-bot/ros2_ws/install/messages/local/lib/python3.10/dist-packages/messages/messages_s__rosidl_typesupport_introspection_c.cpython-310-x86_64-linux-gnu.so" to ""
-- Installing: /home/ice/Documents/GitHub/polaris-bot/ros2_ws/install/messages/local/lib/python3.10/dist-packages/messages/messages_s__rosidl_typesupport_c.cpython-310-x86_64-linux-gnu.so
-- Set runtime path of "/home/ice/Documents/GitHub/polaris-bot/ros2_ws/install/messages/local/lib/python3.10/dist-packages/messages/messages_s__rosidl_typesupport_c.cpython-310-x86_64-linux-gnu.so" to ""
-- Installing: /home/ice/Documents/GitHub/polaris-bot/ros2_ws/install/messages/lib/libmessages__rosidl_generator_py.so
-- Set runtime path of "/home/ice/Documents/GitHub/polaris-bot/ros2_ws/install/messages/lib/libmessages__rosidl_generator_py.so" to ""
-- Installing: /home/ice/Documents/GitHub/polaris-bot/ros2_ws/install/messages/share/messages/msg/RobotMotorSpeed.idl
-- Installing: /home/ice/Documents/GitHub/polaris-bot/ros2_ws/install/messages/share/messages/msg/RobotMotorSpeed.msg
-- Installing: /home/ice/Documents/GitHub/polaris-bot/ros2_ws/install/messages/share/ament_index/resource_index/package_run_dependencies/messages
-- Installing: /home/ice/Documents/GitHub/polaris-bot/ros2_ws/install/messages/share/ament_index/resource_index/parent_prefix_path/messages
-- Installing: /home/ice/Documents/GitHub/polaris-bot/ros2_ws/install/messages/share/messages/environment/ament_prefix_path.sh
-- Installing: /home/ice/Documents/GitHub/polaris-bot/ros2_ws/install/messages/share/messages/environment/ament_prefix_path.dsv
-- Installing: /home/ice/Documents/GitHub/polaris-bot/ros2_ws/install/messages/share/messages/environment/path.sh
-- Installing: /home/ice/Documents/GitHub/polaris-bot/ros2_ws/install/messages/share/messages/environment/path.dsv
-- Installing: /home/ice/Documents/GitHub/polaris-bot/ros2_ws/install/messages/share/messages/local_setup.bash
-- Installing: /home/ice/Documents/GitHub/polaris-bot/ros2_ws/install/messages/share/messages/local_setup.sh
-- Installing: /home/ice/Documents/GitHub/polaris-bot/ros2_ws/install/messages/share/messages/local_setup.zsh
-- Installing: /home/ice/Documents/GitHub/polaris-bot/ros2_ws/install/messages/share/messages/local_setup.dsv
-- Installing: /home/ice/Documents/GitHub/polaris-bot/ros2_ws/install/messages/share/messages/package.dsv
-- Installing: /home/ice/Documents/GitHub/polaris-bot/ros2_ws/install/messages/share/ament_index/resource_index/packages/messages
-- Installing: /home/ice/Documents/GitHub/polaris-bot/ros2_ws/install/messages/share/messages/cmake/export_messages__rosidl_generator_cExport.cmake
-- Installing: /home/ice/Documents/GitHub/polaris-bot/ros2_ws/install/messages/share/messages/cmake/export_messages__rosidl_generator_cExport-noconfig.cmake
-- Installing: /home/ice/Documents/GitHub/polaris-bot/ros2_ws/install/messages/share/messages/cmake/export_messages__rosidl_typesupport_fastrtps_cExport.cmake
-- Installing: /home/ice/Documents/GitHub/polaris-bot/ros2_ws/install/messages/share/messages/cmake/export_messages__rosidl_typesupport_fastrtps_cExport-noconfig.cmake
-- Installing: /home/ice/Documents/GitHub/polaris-bot/ros2_ws/install/messages/share/messages/cmake/messages__rosidl_typesupport_introspection_cExport.cmake
-- Installing: /home/ice/Documents/GitHub/polaris-bot/ros2_ws/install/messages/share/messages/cmake/messages__rosidl_typesupport_introspection_cExport-noconfig.cmake
-- Installing: /home/ice/Documents/GitHub/polaris-bot/ros2_ws/install/messages/share/messages/cmake/messages__rosidl_typesupport_cExport.cmake
-- Installing: /home/ice/Documents/GitHub/polaris-bot/ros2_ws/install/messages/share/messages/cmake/messages__rosidl_typesupport_cExport-noconfig.cmake
-- Installing: /home/ice/Documents/GitHub/polaris-bot/ros2_ws/install/messages/share/messages/cmake/export_messages__rosidl_generator_cppExport.cmake
-- Installing: /home/ice/Documents/GitHub/polaris-bot/ros2_ws/install/messages/share/messages/cmake/export_messages__rosidl_typesupport_fastrtps_cppExport.cmake
-- Installing: /home/ice/Documents/GitHub/polaris-bot/ros2_ws/install/messages/share/messages/cmake/export_messages__rosidl_typesupport_fastrtps_cppExport-noconfig.cmake
-- Installing: /home/ice/Documents/GitHub/polaris-bot/ros2_ws/install/messages/share/messages/cmake/messages__rosidl_typesupport_introspection_cppExport.cmake
-- Installing: /home/ice/Documents/GitHub/polaris-bot/ros2_ws/install/messages/share/messages/cmake/messages__rosidl_typesupport_introspection_cppExport-noconfig.cmake
-- Installing: /home/ice/Documents/GitHub/polaris-bot/ros2_ws/install/messages/share/messages/cmake/messages__rosidl_typesupport_cppExport.cmake
-- Installing: /home/ice/Documents/GitHub/polaris-bot/ros2_ws/install/messages/share/messages/cmake/messages__rosidl_typesupport_cppExport-noconfig.cmake
-- Installing: /home/ice/Documents/GitHub/polaris-bot/ros2_ws/install/messages/share/messages/cmake/export_messages__rosidl_generator_pyExport.cmake
-- Installing: /home/ice/Documents/GitHub/polaris-bot/ros2_ws/install/messages/share/messages/cmake/export_messages__rosidl_generator_pyExport-noconfig.cmake
-- Installing: /home/ice/Documents/GitHub/polaris-bot/ros2_ws/install/messages/share/messages/cmake/rosidl_cmake-extras.cmake
-- Installing: /home/ice/Documents/GitHub/polaris-bot/ros2_ws/install/messages/share/messages/cmake/ament_cmake_export_include_directories-extras.cmake
-- Installing: /home/ice/Documents/GitHub/polaris-bot/ros2_ws/install/messages/share/messages/cmake/ament_cmake_export_libraries-extras.cmake
-- Installing: /home/ice/Documents/GitHub/polaris-bot/ros2_ws/install/messages/share/messages/cmake/ament_cmake_export_targets-extras.cmake
-- Installing: /home/ice/Documents/GitHub/polaris-bot/ros2_ws/install/messages/share/messages/cmake/rosidl_cmake_export_typesupport_targets-extras.cmake
-- Installing: /home/ice/Documents/GitHub/polaris-bot/ros2_ws/install/messages/share/messages/cmake/ament_cmake_export_dependencies-extras.cmake
-- Installing: /home/ice/Documents/GitHub/polaris-bot/ros2_ws/install/messages/share/messages/cmake/rosidl_cmake_export_typesupport_libraries-extras.cmake
-- Installing: /home/ice/Documents/GitHub/polaris-bot/ros2_ws/install/messages/share/messages/cmake/messagesConfig.cmake
-- Installing: /home/ice/Documents/GitHub/polaris-bot/ros2_ws/install/messages/share/messages/cmake/messagesConfig-version.cmake
-- Installing: /home/ice/Documents/GitHub/polaris-bot/ros2_ws/install/messages/share/messages/package.xml
