[2.172s] Invoking command in '/home/ice/microros_ws/firmware/mcu_ws/ros2/rosidl/rosidl_cli': PYTHONPATH=/home/ice/microros_ws/firmware/mcu_ws/build/rosidl_cli/prefix_override:/home/ice/microros_ws/firmware/mcu_ws/install/lib/python3.10/site-packages:${PYTHONPATH} /home/ice/microros_ws/firmware/toolchain/espressif/python_env/idf4.1_py3.10_env/bin/python setup.py egg_info --egg-base ../../../build/rosidl_cli build --build-base /home/ice/microros_ws/firmware/mcu_ws/build/rosidl_cli/build install --record /home/ice/microros_ws/firmware/mcu_ws/build/rosidl_cli/install.log --single-version-externally-managed
[2.542s] running egg_info
[2.544s] creating ../../../build/rosidl_cli/rosidl_cli.egg-info
[2.560s] writing ../../../build/rosidl_cli/rosidl_cli.egg-info/PKG-INFO
[2.580s] writing dependency_links to ../../../build/rosidl_cli/rosidl_cli.egg-info/dependency_links.txt
[2.581s] writing entry points to ../../../build/rosidl_cli/rosidl_cli.egg-info/entry_points.txt
[2.583s] writing requirements to ../../../build/rosidl_cli/rosidl_cli.egg-info/requires.txt
[2.584s] writing top-level names to ../../../build/rosidl_cli/rosidl_cli.egg-info/top_level.txt
[2.584s] writing manifest file '../../../build/rosidl_cli/rosidl_cli.egg-info/SOURCES.txt'
[2.618s] reading manifest file '../../../build/rosidl_cli/rosidl_cli.egg-info/SOURCES.txt'
[2.622s] writing manifest file '../../../build/rosidl_cli/rosidl_cli.egg-info/SOURCES.txt'
[2.622s] running build
[2.622s] running build_py
[2.624s] creating /home/ice/microros_ws/firmware/mcu_ws/build/rosidl_cli/build
[2.624s] creating /home/ice/microros_ws/firmware/mcu_ws/build/rosidl_cli/build/lib
[2.626s] creating /home/ice/microros_ws/firmware/mcu_ws/build/rosidl_cli/build/lib/rosidl_cli
[2.626s] copying rosidl_cli/cli.py -> /home/ice/microros_ws/firmware/mcu_ws/build/rosidl_cli/build/lib/rosidl_cli
[2.628s] copying rosidl_cli/common.py -> /home/ice/microros_ws/firmware/mcu_ws/build/rosidl_cli/build/lib/rosidl_cli
[2.629s] copying rosidl_cli/entry_points.py -> /home/ice/microros_ws/firmware/mcu_ws/build/rosidl_cli/build/lib/rosidl_cli
[2.632s] copying rosidl_cli/extensions.py -> /home/ice/microros_ws/firmware/mcu_ws/build/rosidl_cli/build/lib/rosidl_cli
[2.634s] copying rosidl_cli/__init__.py -> /home/ice/microros_ws/firmware/mcu_ws/build/rosidl_cli/build/lib/rosidl_cli
[2.636s] creating /home/ice/microros_ws/firmware/mcu_ws/build/rosidl_cli/build/lib/rosidl_cli/command
[2.637s] copying rosidl_cli/command/helpers.py -> /home/ice/microros_ws/firmware/mcu_ws/build/rosidl_cli/build/lib/rosidl_cli/command
[2.639s] copying rosidl_cli/command/__init__.py -> /home/ice/microros_ws/firmware/mcu_ws/build/rosidl_cli/build/lib/rosidl_cli/command
[2.642s] creating /home/ice/microros_ws/firmware/mcu_ws/build/rosidl_cli/build/lib/rosidl_cli/command/generate
[2.644s] copying rosidl_cli/command/generate/api.py -> /home/ice/microros_ws/firmware/mcu_ws/build/rosidl_cli/build/lib/rosidl_cli/command/generate
[2.646s] copying rosidl_cli/command/generate/extensions.py -> /home/ice/microros_ws/firmware/mcu_ws/build/rosidl_cli/build/lib/rosidl_cli/command/generate
[2.648s] copying rosidl_cli/command/generate/__init__.py -> /home/ice/microros_ws/firmware/mcu_ws/build/rosidl_cli/build/lib/rosidl_cli/command/generate
[2.650s] creating /home/ice/microros_ws/firmware/mcu_ws/build/rosidl_cli/build/lib/rosidl_cli/command/translate
[2.651s] copying rosidl_cli/command/translate/api.py -> /home/ice/microros_ws/firmware/mcu_ws/build/rosidl_cli/build/lib/rosidl_cli/command/translate
[2.652s] copying rosidl_cli/command/translate/extensions.py -> /home/ice/microros_ws/firmware/mcu_ws/build/rosidl_cli/build/lib/rosidl_cli/command/translate
[2.654s] copying rosidl_cli/command/translate/__init__.py -> /home/ice/microros_ws/firmware/mcu_ws/build/rosidl_cli/build/lib/rosidl_cli/command/translate
[2.659s] running install
[2.669s] /home/ice/microros_ws/firmware/toolchain/espressif/python_env/idf4.1_py3.10_env/lib/python3.10/site-packages/setuptools/_distutils/cmd.py:66: SetuptoolsDeprecationWarning: setup.py install is deprecated.
[2.669s] !!
[2.669s] 
[2.670s]         ********************************************************************************
[2.670s]         Please avoid running ``setup.py`` directly.
[2.670s]         Instead, use pypa/build, pypa/installer or other
[2.670s]         standards-based tools.
[2.670s] 
[2.670s]         See https://blog.ganssle.io/articles/2021/10/setup-py-deprecated.html for details.
[2.670s]         ********************************************************************************
[2.671s] 
[2.671s] !!
[2.671s]   self.initialize_options()
[2.693s] running install_lib
[2.704s] creating /home/ice/microros_ws/firmware/mcu_ws/install/lib/python3.10/site-packages/rosidl_cli
[2.705s] creating /home/ice/microros_ws/firmware/mcu_ws/install/lib/python3.10/site-packages/rosidl_cli/command
[2.705s] copying /home/ice/microros_ws/firmware/mcu_ws/build/rosidl_cli/build/lib/rosidl_cli/command/helpers.py -> /home/ice/microros_ws/firmware/mcu_ws/install/lib/python3.10/site-packages/rosidl_cli/command
[2.707s] creating /home/ice/microros_ws/firmware/mcu_ws/install/lib/python3.10/site-packages/rosidl_cli/command/generate
[2.708s] copying /home/ice/microros_ws/firmware/mcu_ws/build/rosidl_cli/build/lib/rosidl_cli/command/generate/api.py -> /home/ice/microros_ws/firmware/mcu_ws/install/lib/python3.10/site-packages/rosidl_cli/command/generate
[2.710s] copying /home/ice/microros_ws/firmware/mcu_ws/build/rosidl_cli/build/lib/rosidl_cli/command/generate/extensions.py -> /home/ice/microros_ws/firmware/mcu_ws/install/lib/python3.10/site-packages/rosidl_cli/command/generate
[2.711s] copying /home/ice/microros_ws/firmware/mcu_ws/build/rosidl_cli/build/lib/rosidl_cli/command/generate/__init__.py -> /home/ice/microros_ws/firmware/mcu_ws/install/lib/python3.10/site-packages/rosidl_cli/command/generate
[2.712s] creating /home/ice/microros_ws/firmware/mcu_ws/install/lib/python3.10/site-packages/rosidl_cli/command/translate
[2.713s] copying /home/ice/microros_ws/firmware/mcu_ws/build/rosidl_cli/build/lib/rosidl_cli/command/translate/api.py -> /home/ice/microros_ws/firmware/mcu_ws/install/lib/python3.10/site-packages/rosidl_cli/command/translate
[2.713s] copying /home/ice/microros_ws/firmware/mcu_ws/build/rosidl_cli/build/lib/rosidl_cli/command/translate/extensions.py -> /home/ice/microros_ws/firmware/mcu_ws/install/lib/python3.10/site-packages/rosidl_cli/command/translate
[2.714s] copying /home/ice/microros_ws/firmware/mcu_ws/build/rosidl_cli/build/lib/rosidl_cli/command/translate/__init__.py -> /home/ice/microros_ws/firmware/mcu_ws/install/lib/python3.10/site-packages/rosidl_cli/command/translate
[2.715s] copying /home/ice/microros_ws/firmware/mcu_ws/build/rosidl_cli/build/lib/rosidl_cli/command/__init__.py -> /home/ice/microros_ws/firmware/mcu_ws/install/lib/python3.10/site-packages/rosidl_cli/command
[2.715s] copying /home/ice/microros_ws/firmware/mcu_ws/build/rosidl_cli/build/lib/rosidl_cli/cli.py -> /home/ice/microros_ws/firmware/mcu_ws/install/lib/python3.10/site-packages/rosidl_cli
[2.716s] copying /home/ice/microros_ws/firmware/mcu_ws/build/rosidl_cli/build/lib/rosidl_cli/common.py -> /home/ice/microros_ws/firmware/mcu_ws/install/lib/python3.10/site-packages/rosidl_cli
[2.717s] copying /home/ice/microros_ws/firmware/mcu_ws/build/rosidl_cli/build/lib/rosidl_cli/entry_points.py -> /home/ice/microros_ws/firmware/mcu_ws/install/lib/python3.10/site-packages/rosidl_cli
[2.719s] copying /home/ice/microros_ws/firmware/mcu_ws/build/rosidl_cli/build/lib/rosidl_cli/extensions.py -> /home/ice/microros_ws/firmware/mcu_ws/install/lib/python3.10/site-packages/rosidl_cli
[2.720s] copying /home/ice/microros_ws/firmware/mcu_ws/build/rosidl_cli/build/lib/rosidl_cli/__init__.py -> /home/ice/microros_ws/firmware/mcu_ws/install/lib/python3.10/site-packages/rosidl_cli
[2.722s] byte-compiling /home/ice/microros_ws/firmware/mcu_ws/install/lib/python3.10/site-packages/rosidl_cli/command/helpers.py to helpers.cpython-310.pyc
[2.725s] byte-compiling /home/ice/microros_ws/firmware/mcu_ws/install/lib/python3.10/site-packages/rosidl_cli/command/generate/api.py to api.cpython-310.pyc
[2.727s] byte-compiling /home/ice/microros_ws/firmware/mcu_ws/install/lib/python3.10/site-packages/rosidl_cli/command/generate/extensions.py to extensions.cpython-310.pyc
[2.729s] byte-compiling /home/ice/microros_ws/firmware/mcu_ws/install/lib/python3.10/site-packages/rosidl_cli/command/generate/__init__.py to __init__.cpython-310.pyc
[2.730s] byte-compiling /home/ice/microros_ws/firmware/mcu_ws/install/lib/python3.10/site-packages/rosidl_cli/command/translate/api.py to api.cpython-310.pyc
[2.732s] byte-compiling /home/ice/microros_ws/firmware/mcu_ws/install/lib/python3.10/site-packages/rosidl_cli/command/translate/extensions.py to extensions.cpython-310.pyc
[2.733s] byte-compiling /home/ice/microros_ws/firmware/mcu_ws/install/lib/python3.10/site-packages/rosidl_cli/command/translate/__init__.py to __init__.cpython-310.pyc
[2.735s] byte-compiling /home/ice/microros_ws/firmware/mcu_ws/install/lib/python3.10/site-packages/rosidl_cli/command/__init__.py to __init__.cpython-310.pyc
[2.736s] byte-compiling /home/ice/microros_ws/firmware/mcu_ws/install/lib/python3.10/site-packages/rosidl_cli/cli.py to cli.cpython-310.pyc
[2.738s] byte-compiling /home/ice/microros_ws/firmware/mcu_ws/install/lib/python3.10/site-packages/rosidl_cli/common.py to common.cpython-310.pyc
[2.739s] byte-compiling /home/ice/microros_ws/firmware/mcu_ws/install/lib/python3.10/site-packages/rosidl_cli/entry_points.py to entry_points.cpython-310.pyc
[2.741s] byte-compiling /home/ice/microros_ws/firmware/mcu_ws/install/lib/python3.10/site-packages/rosidl_cli/extensions.py to extensions.cpython-310.pyc
[2.742s] byte-compiling /home/ice/microros_ws/firmware/mcu_ws/install/lib/python3.10/site-packages/rosidl_cli/__init__.py to __init__.cpython-310.pyc
[2.744s] running install_data
[2.757s] creating /home/ice/microros_ws/firmware/mcu_ws/install/share/ament_index
[2.757s] creating /home/ice/microros_ws/firmware/mcu_ws/install/share/ament_index/resource_index
[2.757s] creating /home/ice/microros_ws/firmware/mcu_ws/install/share/ament_index/resource_index/packages
[2.759s] copying resource/rosidl_cli -> /home/ice/microros_ws/firmware/mcu_ws/install/share/ament_index/resource_index/packages
[2.772s] copying package.xml -> /home/ice/microros_ws/firmware/mcu_ws/install/share/rosidl_cli
[2.772s] copying resource/package.dsv -> /home/ice/microros_ws/firmware/mcu_ws/install/share/rosidl_cli
[2.779s] creating /home/ice/microros_ws/firmware/mcu_ws/install/share/rosidl_cli/environment
[2.779s] copying completion/rosidl-argcomplete.bash -> /home/ice/microros_ws/firmware/mcu_ws/install/share/rosidl_cli/environment
[2.781s] copying completion/rosidl-argcomplete.zsh -> /home/ice/microros_ws/firmware/mcu_ws/install/share/rosidl_cli/environment
[2.783s] running install_egg_info
[2.800s] Copying ../../../build/rosidl_cli/rosidl_cli.egg-info to /home/ice/microros_ws/firmware/mcu_ws/install/lib/python3.10/site-packages/rosidl_cli-3.1.5-py3.10.egg-info
[2.804s] running install_scripts
[3.004s] Installing rosidl script to /home/ice/microros_ws/firmware/mcu_ws/install/bin
[3.006s] writing list of installed files to '/home/ice/microros_ws/firmware/mcu_ws/build/rosidl_cli/install.log'
[3.079s] Invoked command in '/home/ice/microros_ws/firmware/mcu_ws/ros2/rosidl/rosidl_cli' returned '0': PYTHONPATH=/home/ice/microros_ws/firmware/mcu_ws/build/rosidl_cli/prefix_override:/home/ice/microros_ws/firmware/mcu_ws/install/lib/python3.10/site-packages:${PYTHONPATH} /home/ice/microros_ws/firmware/toolchain/espressif/python_env/idf4.1_py3.10_env/bin/python setup.py egg_info --egg-base ../../../build/rosidl_cli build --build-base /home/ice/microros_ws/firmware/mcu_ws/build/rosidl_cli/build install --record /home/ice/microros_ws/firmware/mcu_ws/build/rosidl_cli/install.log --single-version-externally-managed
