[0.243s] Invoking command in '/home/ice/microros_ws/firmware/mcu_ws/build/rosgraph_msgs': AMENT_PREFIX_PATH=/home/ice/microros_ws/firmware/mcu_ws/install:${AMENT_PREFIX_PATH} CMAKE_PREFIX_PATH=/home/ice/microros_ws/firmware/mcu_ws/install:/home/ice/microros_ws/firmware/dev_ws/install/ament_lint_common:/home/ice/microros_ws/firmware/dev_ws/install/ament_cmake_uncrustify:/home/ice/microros_ws/firmware/dev_ws/install/uncrustify_vendor:/home/ice/microros_ws/firmware/dev_ws/install/ament_cmake_ros:/home/ice/microros_ws/firmware/dev_ws/install/ament_cmake_auto:/home/ice/microros_ws/firmware/dev_ws/install/ament_cmake_gmock:/home/ice/microros_ws/firmware/dev_ws/install/gmock_vendor:/home/ice/microros_ws/firmware/dev_ws/install/ament_cmake_gtest:/home/ice/microros_ws/firmware/dev_ws/install/gtest_vendor:/home/ice/microros_ws/firmware/dev_ws/install/ament_cmake_xmllint:/home/ice/microros_ws/firmware/dev_ws/install/ament_cmake_pyflakes:/home/ice/microros_ws/firmware/dev_ws/install/ament_cmake_pycodestyle:/home/ice/microros_ws/firmware/dev_ws/install/ament_cmake_pep257:/home/ice/microros_ws/firmware/dev_ws/install/ament_cmake_pclint:/home/ice/microros_ws/firmware/dev_ws/install/ament_lint_auto:/home/ice/microros_ws/firmware/dev_ws/install/ament_cmake:/home/ice/microros_ws/firmware/dev_ws/install/ament_cmake_version:/home/ice/microros_ws/firmware/dev_ws/install/ament_cmake_vendor_package:/home/ice/microros_ws/firmware/dev_ws/install/ament_cmake_pytest:/home/ice/microros_ws/firmware/dev_ws/install/ament_cmake_nose:/home/ice/microros_ws/firmware/dev_ws/install/ament_cmake_mypy:/home/ice/microros_ws/firmware/dev_ws/install/ament_cmake_lint_cmake:/home/ice/microros_ws/firmware/dev_ws/install/ament_cmake_google_benchmark:/home/ice/microros_ws/firmware/dev_ws/install/ament_cmake_flake8:/home/ice/microros_ws/firmware/dev_ws/install/ament_cmake_cpplint:/home/ice/microros_ws/firmware/dev_ws/install/ament_cmake_cppcheck:/home/ice/microros_ws/firmware/dev_ws/install/ament_cmake_copyright:/home/ice/microros_ws/firmware/dev_ws/install/ament_cmake_clang_tidy:/home/ice/microros_ws/firmware/dev_ws/install/ament_cmake_clang_format:/home/ice/microros_ws/firmware/dev_ws/install/ament_cmake_test:/home/ice/microros_ws/firmware/dev_ws/install/ament_cmake_target_dependencies:/home/ice/microros_ws/firmware/dev_ws/install/ament_cmake_python:/home/ice/microros_ws/firmware/dev_ws/install/ament_cmake_export_dependencies:/home/ice/microros_ws/firmware/dev_ws/install/ament_cmake_libraries:/home/ice/microros_ws/firmware/dev_ws/install/ament_cmake_include_directories:/home/ice/microros_ws/firmware/dev_ws/install/ament_cmake_gen_version_h:/home/ice/microros_ws/firmware/dev_ws/install/ament_cmake_export_targets:/home/ice/microros_ws/firmware/dev_ws/install/ament_cmake_export_link_flags:/home/ice/microros_ws/firmware/dev_ws/install/ament_cmake_export_interfaces:/home/ice/microros_ws/firmware/dev_ws/install/ament_cmake_export_libraries:/home/ice/microros_ws/firmware/dev_ws/install/ament_cmake_export_include_directories:/home/ice/microros_ws/firmware/dev_ws/install/ament_cmake_export_definitions:/home/ice/microros_ws/firmware/dev_ws/install/ament_cmake_core:/home/ice/microros_ws/firmware/dev_ws/install/ament_index_cpp:/home/ice/microros_ws/firmware/dev_ws/install/ament_uncrustify:/home/ice/microros_ws/firmware/dev_ws/install/domain_coordinator:/home/ice/microros_ws/firmware/dev_ws/install/ament_xmllint:/home/ice/microros_ws/firmware/dev_ws/install/ament_pyflakes:/home/ice/microros_ws/firmware/dev_ws/install/ament_pycodestyle:/home/ice/microros_ws/firmware/dev_ws/install/ament_pep257:/home/ice/microros_ws/firmware/dev_ws/install/ament_pclint:/home/ice/microros_ws/firmware/dev_ws/install/ament_package:/home/ice/microros_ws/firmware/dev_ws/install/ament_mypy:/home/ice/microros_ws/firmware/dev_ws/install/ament_lint_cmake:/home/ice/microros_ws/firmware/dev_ws/install/ament_flake8:/home/ice/microros_ws/firmware/dev_ws/install/ament_copyright:/home/ice/microros_ws/firmware/dev_ws/install/ament_lint:/home/ice/microros_ws/firmware/dev_ws/install/ament_index_python:/home/ice/microros_ws/firmware/dev_ws/install/ament_cpplint:/home/ice/microros_ws/firmware/dev_ws/install/ament_cppcheck:/home/ice/microros_ws/firmware/dev_ws/install/ament_clang_tidy:/home/ice/microros_ws/firmware/dev_ws/install/ament_clang_format LD_LIBRARY_PATH=/home/ice/microros_ws/firmware/mcu_ws/install/lib:${LD_LIBRARY_PATH} PATH=/home/ice/microros_ws/firmware/mcu_ws/install/bin:${PATH} PYTHONPATH=/home/ice/microros_ws/firmware/mcu_ws/install/lib/python3.10/site-packages:${PYTHONPATH} /usr/bin/cmake --build /home/ice/microros_ws/firmware/mcu_ws/build/rosgraph_msgs -- -j2 -l2
[0.301s] gmake[4]: Entering directory '/home/ice/microros_ws/firmware/mcu_ws/build/rosgraph_msgs'
[0.301s] /usr/bin/cmake -S/home/ice/microros_ws/firmware/mcu_ws/ros2/rcl_interfaces/rosgraph_msgs -B/home/ice/microros_ws/firmware/mcu_ws/build/rosgraph_msgs --check-build-system CMakeFiles/Makefile.cmake 0
[0.326s] Re-run cmake file: Makefile older than: /home/ice/microros_ws/firmware/freertos_apps/microros_esp32_extensions/esp32_toolchain.cmake
[0.343s] -- Found ament_cmake: 1.3.7 (/home/ice/microros_ws/firmware/dev_ws/install/ament_cmake/share/ament_cmake/cmake)
[0.799s] -- Found builtin_interfaces: 1.2.1 (/home/ice/microros_ws/firmware/mcu_ws/install/share/builtin_interfaces/cmake)
[0.855s] [33mCMake Warning at /home/ice/microros_ws/firmware/mcu_ws/install/share/rcutils/cmake/ament_cmake_export_libraries-extras.cmake:116 (message):
[0.856s]   Package 'rcutils' exports library 'dl' which couldn't be found
[0.856s] Call Stack (most recent call first):
[0.856s]   /home/ice/microros_ws/firmware/mcu_ws/install/share/rcutils/cmake/rcutilsConfig.cmake:41 (include)
[0.856s]   /home/ice/microros_ws/firmware/mcu_ws/install/share/rosidl_runtime_c/cmake/ament_cmake_export_dependencies-extras.cmake:21 (find_package)
[0.856s]   /home/ice/microros_ws/firmware/mcu_ws/install/share/rosidl_runtime_c/cmake/rosidl_runtime_cConfig.cmake:41 (include)
[0.857s]   /home/ice/microros_ws/firmware/mcu_ws/install/share/builtin_interfaces/cmake/ament_cmake_export_dependencies-extras.cmake:21 (find_package)
[0.857s]   /home/ice/microros_ws/firmware/mcu_ws/install/share/builtin_interfaces/cmake/builtin_interfacesConfig.cmake:41 (include)
[0.857s]   CMakeLists.txt:14 (find_package)
[0.857s] 
[0.857s] [0m
[0.878s] -- Using all available rosidl_typesupport_c: rosidl_typesupport_introspection_c;rosidl_typesupport_microxrcedds_c
[0.889s] -- Found rosidl_adapter: 3.1.5 (/home/ice/microros_ws/firmware/mcu_ws/install/share/rosidl_adapter/cmake)
[0.963s] -- Found rosidl_default_generators: 1.2.0 (/home/ice/microros_ws/firmware/mcu_ws/install/share/rosidl_default_generators/cmake)
[1.800s] -- Found ament_cmake_ros: 0.10.0 (/home/ice/microros_ws/firmware/dev_ws/install/ament_cmake_ros/share/ament_cmake_ros/cmake)
[2.136s] -- Using all available rosidl_typesupport_c: rosidl_typesupport_introspection_c;rosidl_typesupport_microxrcedds_c
[2.160s] -- Configuring done
[2.213s] -- Generating done
[2.245s] -- Build files have been written to: /home/ice/microros_ws/firmware/mcu_ws/build/rosgraph_msgs
[2.252s] /usr/bin/cmake -E cmake_progress_start /home/ice/microros_ws/firmware/mcu_ws/build/rosgraph_msgs/CMakeFiles /home/ice/microros_ws/firmware/mcu_ws/build/rosgraph_msgs//CMakeFiles/progress.marks
[2.268s] /usr/bin/gmake  -f CMakeFiles/Makefile2 all
[2.273s] gmake[5]: Entering directory '/home/ice/microros_ws/firmware/mcu_ws/build/rosgraph_msgs'
[2.273s] /usr/bin/gmake  -f CMakeFiles/rosgraph_msgs__rosidl_generator_c.dir/build.make CMakeFiles/rosgraph_msgs__rosidl_generator_c.dir/depend
[2.277s] gmake[6]: Entering directory '/home/ice/microros_ws/firmware/mcu_ws/build/rosgraph_msgs'
[2.277s] cd /home/ice/microros_ws/firmware/mcu_ws/build/rosgraph_msgs && /usr/bin/cmake -E cmake_depends "Unix Makefiles" /home/ice/microros_ws/firmware/mcu_ws/ros2/rcl_interfaces/rosgraph_msgs /home/ice/microros_ws/firmware/mcu_ws/ros2/rcl_interfaces/rosgraph_msgs /home/ice/microros_ws/firmware/mcu_ws/build/rosgraph_msgs /home/ice/microros_ws/firmware/mcu_ws/build/rosgraph_msgs /home/ice/microros_ws/firmware/mcu_ws/build/rosgraph_msgs/CMakeFiles/rosgraph_msgs__rosidl_generator_c.dir/DependInfo.cmake --color=
[2.297s] Dependencies file "CMakeFiles/rosgraph_msgs__rosidl_generator_c.dir/rosidl_generator_c/rosgraph_msgs/msg/detail/clock__functions.c.obj.d" is newer than depends file "/home/ice/microros_ws/firmware/mcu_ws/build/rosgraph_msgs/CMakeFiles/rosgraph_msgs__rosidl_generator_c.dir/compiler_depend.internal".
[2.297s] [35m[1mConsolidate compiler generated dependencies of target rosgraph_msgs__rosidl_generator_c[0m
[2.300s] gmake[6]: Leaving directory '/home/ice/microros_ws/firmware/mcu_ws/build/rosgraph_msgs'
[2.301s] /usr/bin/gmake  -f CMakeFiles/rosgraph_msgs__rosidl_generator_c.dir/build.make CMakeFiles/rosgraph_msgs__rosidl_generator_c.dir/build
[2.305s] gmake[6]: Entering directory '/home/ice/microros_ws/firmware/mcu_ws/build/rosgraph_msgs'
[2.351s] [  8%] [32mBuilding C object CMakeFiles/rosgraph_msgs__rosidl_generator_c.dir/rosidl_generator_c/rosgraph_msgs/msg/detail/clock__functions.c.obj[0m
[2.354s] /home/ice/microros_ws/firmware/toolchain/espressif/tools/xtensa-esp32-elf/esp-2020r2-8.2.0/xtensa-esp32-elf/bin/xtensa-esp32-elf-gcc -DLWIP_IPV4 -DLWIP_IPV6 -DROS_PACKAGE_NAME=\"rosgraph_msgs\" -I/home/ice/microros_ws/firmware/freertos_apps/microros_esp32_extensions/build/config -I/home/ice/microros_ws/firmware/toolchain/esp-idf/components/newlib/platform_include -I/home/ice/microros_ws/firmware/toolchain/esp-idf/components/protocomm/include -I/home/ice/microros_ws/firmware/toolchain/esp-idf/components/esp_rom/include -I/home/ice/microros_ws/firmware/toolchain/esp-idf/components/driver/include -I/home/ice/microros_ws/firmware/toolchain/esp-idf/components/wear_levelling/include -I/home/ice/microros_ws/firmware/toolchain/esp-idf/components/vfs/include -I/home/ice/microros_ws/firmware/toolchain/esp-idf/components/log/include -I/home/ice/microros_ws/firmware/toolchain/esp-idf/components/freertos/include -I/home/ice/microros_ws/firmware/toolchain/esp-idf/components/wifi_provisioning/include -I/home/ice/microros_ws/firmware/toolchain/esp-idf/components/pthread/include -I/home/ice/microros_ws/firmware/toolchain/esp-idf/components/libsodium/libsodium/src/libsodium/include -I/home/ice/microros_ws/firmware/toolchain/esp-idf/components/coap/port/include -I/home/ice/microros_ws/firmware/toolchain/esp-idf/components/coap/libcoap/include -I/home/ice/microros_ws/firmware/toolchain/esp-idf/components/tcp_transport/include -I/home/ice/microros_ws/firmware/toolchain/esp-idf/components/unity/include -I/home/ice/microros_ws/firmware/toolchain/esp-idf/components/esp32/include -I/home/ice/microros_ws/firmware/toolchain/esp-idf/components/asio/port/include -I/home/ice/microros_ws/firmware/toolchain/esp-idf/components/asio/asio/asio/include -I/home/ice/microros_ws/firmware/toolchain/esp-idf/components/app_update/include -I/home/ice/microros_ws/firmware/toolchain/esp-idf/components/esp_ringbuf/include -I/home/ice/microros_ws/firmware/toolchain/esp-idf/components/soc/esp32/include -I/home/ice/microros_ws/firmware/toolchain/esp-idf/components/soc/include -I/home/ice/microros_ws/firmware/toolchain/esp-idf/components/efuse/test/include -I/home/ice/microros_ws/firmware/toolchain/esp-idf/components/efuse/esp32/include -I/home/ice/microros_ws/firmware/toolchain/esp-idf/components/efuse/include -I/home/ice/microros_ws/firmware/toolchain/esp-idf/components/mbedtls/port/include -I/home/ice/microros_ws/firmware/toolchain/esp-idf/components/mbedtls/mbedtls/include -I/home/ice/microros_ws/firmware/toolchain/esp-idf/components/xtensa/esp32/include -I/home/ice/microros_ws/firmware/toolchain/esp-idf/components/xtensa/include -I/home/ice/microros_ws/firmware/toolchain/esp-idf/components/app_trace/include -I/home/ice/microros_ws/firmware/toolchain/esp-idf/components/nvs_flash/include -I/home/ice/microros_ws/firmware/toolchain/esp-idf/components/jsmn/include -I/home/ice/microros_ws/firmware/toolchain/esp-idf/components/esp_eth/include -I/home/ice/microros_ws/firmware/toolchain/esp-idf/components/spiffs/include -I/home/ice/microros_ws/firmware/toolchain/esp-idf/components/ulp/include -I/home/ice/microros_ws/firmware/toolchain/esp-idf/components/mdns/include -I/home/ice/microros_ws/firmware/toolchain/esp-idf/components/freemodbus/modbus/include -I/home/ice/microros_ws/firmware/toolchain/esp-idf/components/freemodbus/common/include -I/home/ice/microros_ws/firmware/toolchain/esp-idf/components/esp_event/include -I/home/ice/microros_ws/firmware/toolchain/esp-idf/components/expat/port/include -I/home/ice/microros_ws/firmware/toolchain/esp-idf/components/bootloader_support/include -I/home/ice/microros_ws/firmware/toolchain/esp-idf/components/heap/include -I/home/ice/microros_ws/firmware/toolchain/esp-idf/components/wpa_supplicant/port/include -I/home/ice/microros_ws/firmware/toolchain/esp-idf/components/wpa_supplicant/include -I/home/ice/microros_ws/firmware/toolchain/esp-idf/components/tcpip_adapter/include -I/home/ice/microros_ws/firmware/toolchain/esp-idf/components/openssl/include -I/home/ice/microros_ws/firmware/toolchain/esp-idf/components/sdmmc/include -I/home/ice/microros_ws/firmware/toolchain/esp-idf/components/esp_local_ctrl/include -I/home/ice/microros_ws/firmware/toolchain/esp-idf/components/esp_common/include -I/home/ice/microros_ws/firmware/toolchain/esp-idf/components/lwip/lwip/src/include/lwip/apps -I/home/ice/microros_ws/firmware/toolchain/esp-idf/components/lwip/lwip/src/include/compat/posix -I/home/ice/microros_ws/firmware/toolchain/esp-idf/components/lwip/lwip/src/include -I/home/ice/microros_ws/firmware/toolchain/esp-idf/components/lwip/port/esp32/include -I/home/ice/microros_ws/firmware/mcu_ws/build/rosgraph_msgs/rosidl_generator_c -isystem /home/ice/microros_ws/firmware/mcu_ws/install/include/builtin_interfaces -isystem /home/ice/microros_ws/firmware/mcu_ws/install/include/rosidl_runtime_c -isystem /home/ice/microros_ws/firmware/mcu_ws/install/include/rcutils -isystem /home/ice/microros_ws/firmware/mcu_ws/install/include/rosidl_typesupport_interface -mlongcalls -Wno-frame-address -mlongcalls -Wno-frame-address -g -Wall -std=gnu11 -MD -MT CMakeFiles/rosgraph_msgs__rosidl_generator_c.dir/rosidl_generator_c/rosgraph_msgs/msg/detail/clock__functions.c.obj -MF CMakeFiles/rosgraph_msgs__rosidl_generator_c.dir/rosidl_generator_c/rosgraph_msgs/msg/detail/clock__functions.c.obj.d -o CMakeFiles/rosgraph_msgs__rosidl_generator_c.dir/rosidl_generator_c/rosgraph_msgs/msg/detail/clock__functions.c.obj -c /home/ice/microros_ws/firmware/mcu_ws/build/rosgraph_msgs/rosidl_generator_c/rosgraph_msgs/msg/detail/clock__functions.c
[2.477s] [ 16%] [32m[1mLinking C static library librosgraph_msgs__rosidl_generator_c.a[0m
[2.480s] /usr/bin/cmake -P CMakeFiles/rosgraph_msgs__rosidl_generator_c.dir/cmake_clean_target.cmake
[2.499s] /usr/bin/cmake -E cmake_link_script CMakeFiles/rosgraph_msgs__rosidl_generator_c.dir/link.txt --verbose=1
[2.514s] /home/ice/microros_ws/firmware/toolchain/espressif/tools/xtensa-esp32-elf/esp-2020r2-8.2.0/xtensa-esp32-elf/bin/xtensa-esp32-elf-ar qc librosgraph_msgs__rosidl_generator_c.a CMakeFiles/rosgraph_msgs__rosidl_generator_c.dir/rosidl_generator_c/rosgraph_msgs/msg/detail/clock__functions.c.obj
[2.519s] /home/ice/microros_ws/firmware/toolchain/espressif/tools/xtensa-esp32-elf/esp-2020r2-8.2.0/xtensa-esp32-elf/bin/xtensa-esp32-elf-ranlib librosgraph_msgs__rosidl_generator_c.a
[2.526s] gmake[6]: Leaving directory '/home/ice/microros_ws/firmware/mcu_ws/build/rosgraph_msgs'
[2.556s] [ 25%] Built target rosgraph_msgs__rosidl_generator_c
[2.559s] /usr/bin/gmake  -f CMakeFiles/rosgraph_msgs__rosidl_typesupport_introspection_c.dir/build.make CMakeFiles/rosgraph_msgs__rosidl_typesupport_introspection_c.dir/depend
[2.563s] gmake[6]: Entering directory '/home/ice/microros_ws/firmware/mcu_ws/build/rosgraph_msgs'
[2.563s] cd /home/ice/microros_ws/firmware/mcu_ws/build/rosgraph_msgs && /usr/bin/cmake -E cmake_depends "Unix Makefiles" /home/ice/microros_ws/firmware/mcu_ws/ros2/rcl_interfaces/rosgraph_msgs /home/ice/microros_ws/firmware/mcu_ws/ros2/rcl_interfaces/rosgraph_msgs /home/ice/microros_ws/firmware/mcu_ws/build/rosgraph_msgs /home/ice/microros_ws/firmware/mcu_ws/build/rosgraph_msgs /home/ice/microros_ws/firmware/mcu_ws/build/rosgraph_msgs/CMakeFiles/rosgraph_msgs__rosidl_typesupport_introspection_c.dir/DependInfo.cmake --color=
[2.580s] Dependencies file "CMakeFiles/rosgraph_msgs__rosidl_typesupport_introspection_c.dir/rosidl_typesupport_introspection_c/rosgraph_msgs/msg/detail/clock__type_support.c.obj.d" is newer than depends file "/home/ice/microros_ws/firmware/mcu_ws/build/rosgraph_msgs/CMakeFiles/rosgraph_msgs__rosidl_typesupport_introspection_c.dir/compiler_depend.internal".
[2.580s] [35m[1mConsolidate compiler generated dependencies of target rosgraph_msgs__rosidl_typesupport_introspection_c[0m
[2.584s] gmake[6]: Leaving directory '/home/ice/microros_ws/firmware/mcu_ws/build/rosgraph_msgs'
[2.584s] /usr/bin/gmake  -f CMakeFiles/rosgraph_msgs__rosidl_typesupport_introspection_c.dir/build.make CMakeFiles/rosgraph_msgs__rosidl_typesupport_introspection_c.dir/build
[2.589s] gmake[6]: Entering directory '/home/ice/microros_ws/firmware/mcu_ws/build/rosgraph_msgs'
[2.590s] gmake[6]: Nothing to be done for 'CMakeFiles/rosgraph_msgs__rosidl_typesupport_introspection_c.dir/build'.
[2.590s] gmake[6]: Leaving directory '/home/ice/microros_ws/firmware/mcu_ws/build/rosgraph_msgs'
[2.606s] [ 50%] Built target rosgraph_msgs__rosidl_typesupport_introspection_c
[2.608s] /usr/bin/gmake  -f CMakeFiles/rosgraph_msgs__rosidl_typesupport_microxrcedds_c.dir/build.make CMakeFiles/rosgraph_msgs__rosidl_typesupport_microxrcedds_c.dir/depend
[2.614s] gmake[6]: Entering directory '/home/ice/microros_ws/firmware/mcu_ws/build/rosgraph_msgs'
[2.614s] cd /home/ice/microros_ws/firmware/mcu_ws/build/rosgraph_msgs && /usr/bin/cmake -E cmake_depends "Unix Makefiles" /home/ice/microros_ws/firmware/mcu_ws/ros2/rcl_interfaces/rosgraph_msgs /home/ice/microros_ws/firmware/mcu_ws/ros2/rcl_interfaces/rosgraph_msgs /home/ice/microros_ws/firmware/mcu_ws/build/rosgraph_msgs /home/ice/microros_ws/firmware/mcu_ws/build/rosgraph_msgs /home/ice/microros_ws/firmware/mcu_ws/build/rosgraph_msgs/CMakeFiles/rosgraph_msgs__rosidl_typesupport_microxrcedds_c.dir/DependInfo.cmake --color=
[2.643s] Dependencies file "CMakeFiles/rosgraph_msgs__rosidl_typesupport_microxrcedds_c.dir/rosidl_typesupport_microxrcedds_c/rosgraph_msgs/msg/detail/microxrcedds/clock__type_support_c.c.obj.d" is newer than depends file "/home/ice/microros_ws/firmware/mcu_ws/build/rosgraph_msgs/CMakeFiles/rosgraph_msgs__rosidl_typesupport_microxrcedds_c.dir/compiler_depend.internal".
[2.643s] [35m[1mConsolidate compiler generated dependencies of target rosgraph_msgs__rosidl_typesupport_microxrcedds_c[0m
[2.648s] gmake[6]: Leaving directory '/home/ice/microros_ws/firmware/mcu_ws/build/rosgraph_msgs'
[2.648s] /usr/bin/gmake  -f CMakeFiles/rosgraph_msgs__rosidl_typesupport_microxrcedds_c.dir/build.make CMakeFiles/rosgraph_msgs__rosidl_typesupport_microxrcedds_c.dir/build
[2.653s] gmake[6]: Entering directory '/home/ice/microros_ws/firmware/mcu_ws/build/rosgraph_msgs'
[2.653s] gmake[6]: Nothing to be done for 'CMakeFiles/rosgraph_msgs__rosidl_typesupport_microxrcedds_c.dir/build'.
[2.653s] gmake[6]: Leaving directory '/home/ice/microros_ws/firmware/mcu_ws/build/rosgraph_msgs'
[2.673s] [ 75%] Built target rosgraph_msgs__rosidl_typesupport_microxrcedds_c
[2.674s] /usr/bin/gmake  -f CMakeFiles/rosgraph_msgs__rosidl_typesupport_c.dir/build.make CMakeFiles/rosgraph_msgs__rosidl_typesupport_c.dir/depend
[2.678s] gmake[6]: Entering directory '/home/ice/microros_ws/firmware/mcu_ws/build/rosgraph_msgs'
[2.678s] cd /home/ice/microros_ws/firmware/mcu_ws/build/rosgraph_msgs && /usr/bin/cmake -E cmake_depends "Unix Makefiles" /home/ice/microros_ws/firmware/mcu_ws/ros2/rcl_interfaces/rosgraph_msgs /home/ice/microros_ws/firmware/mcu_ws/ros2/rcl_interfaces/rosgraph_msgs /home/ice/microros_ws/firmware/mcu_ws/build/rosgraph_msgs /home/ice/microros_ws/firmware/mcu_ws/build/rosgraph_msgs /home/ice/microros_ws/firmware/mcu_ws/build/rosgraph_msgs/CMakeFiles/rosgraph_msgs__rosidl_typesupport_c.dir/DependInfo.cmake --color=
[2.705s] Dependencies file "CMakeFiles/rosgraph_msgs__rosidl_typesupport_c.dir/rosidl_typesupport_c/rosgraph_msgs/msg/clock__type_support.cpp.obj.d" is newer than depends file "/home/ice/microros_ws/firmware/mcu_ws/build/rosgraph_msgs/CMakeFiles/rosgraph_msgs__rosidl_typesupport_c.dir/compiler_depend.internal".
[2.705s] [35m[1mConsolidate compiler generated dependencies of target rosgraph_msgs__rosidl_typesupport_c[0m
[2.709s] gmake[6]: Leaving directory '/home/ice/microros_ws/firmware/mcu_ws/build/rosgraph_msgs'
[2.710s] /usr/bin/gmake  -f CMakeFiles/rosgraph_msgs__rosidl_typesupport_c.dir/build.make CMakeFiles/rosgraph_msgs__rosidl_typesupport_c.dir/build
[2.714s] gmake[6]: Entering directory '/home/ice/microros_ws/firmware/mcu_ws/build/rosgraph_msgs'
[2.714s] gmake[6]: Nothing to be done for 'CMakeFiles/rosgraph_msgs__rosidl_typesupport_c.dir/build'.
[2.715s] gmake[6]: Leaving directory '/home/ice/microros_ws/firmware/mcu_ws/build/rosgraph_msgs'
[2.741s] [100%] Built target rosgraph_msgs__rosidl_typesupport_c
[2.745s] /usr/bin/gmake  -f CMakeFiles/rosgraph_msgs.dir/build.make CMakeFiles/rosgraph_msgs.dir/depend
[2.751s] gmake[6]: Entering directory '/home/ice/microros_ws/firmware/mcu_ws/build/rosgraph_msgs'
[2.752s] cd /home/ice/microros_ws/firmware/mcu_ws/build/rosgraph_msgs && /usr/bin/cmake -E cmake_depends "Unix Makefiles" /home/ice/microros_ws/firmware/mcu_ws/ros2/rcl_interfaces/rosgraph_msgs /home/ice/microros_ws/firmware/mcu_ws/ros2/rcl_interfaces/rosgraph_msgs /home/ice/microros_ws/firmware/mcu_ws/build/rosgraph_msgs /home/ice/microros_ws/firmware/mcu_ws/build/rosgraph_msgs /home/ice/microros_ws/firmware/mcu_ws/build/rosgraph_msgs/CMakeFiles/rosgraph_msgs.dir/DependInfo.cmake --color=
[2.774s] gmake[6]: Leaving directory '/home/ice/microros_ws/firmware/mcu_ws/build/rosgraph_msgs'
[2.775s] /usr/bin/gmake  -f CMakeFiles/rosgraph_msgs.dir/build.make CMakeFiles/rosgraph_msgs.dir/build
[2.778s] gmake[6]: Entering directory '/home/ice/microros_ws/firmware/mcu_ws/build/rosgraph_msgs'
[2.779s] gmake[6]: Nothing to be done for 'CMakeFiles/rosgraph_msgs.dir/build'.
[2.779s] gmake[6]: Leaving directory '/home/ice/microros_ws/firmware/mcu_ws/build/rosgraph_msgs'
[2.800s] [100%] Built target rosgraph_msgs
[2.802s] gmake[5]: Leaving directory '/home/ice/microros_ws/firmware/mcu_ws/build/rosgraph_msgs'
[2.803s] /usr/bin/cmake -E cmake_progress_start /home/ice/microros_ws/firmware/mcu_ws/build/rosgraph_msgs/CMakeFiles 0
[2.826s] gmake[4]: Leaving directory '/home/ice/microros_ws/firmware/mcu_ws/build/rosgraph_msgs'
[2.857s] Invoked command in '/home/ice/microros_ws/firmware/mcu_ws/build/rosgraph_msgs' returned '0': AMENT_PREFIX_PATH=/home/ice/microros_ws/firmware/mcu_ws/install:${AMENT_PREFIX_PATH} CMAKE_PREFIX_PATH=/home/ice/microros_ws/firmware/mcu_ws/install:/home/ice/microros_ws/firmware/dev_ws/install/ament_lint_common:/home/ice/microros_ws/firmware/dev_ws/install/ament_cmake_uncrustify:/home/ice/microros_ws/firmware/dev_ws/install/uncrustify_vendor:/home/ice/microros_ws/firmware/dev_ws/install/ament_cmake_ros:/home/ice/microros_ws/firmware/dev_ws/install/ament_cmake_auto:/home/ice/microros_ws/firmware/dev_ws/install/ament_cmake_gmock:/home/ice/microros_ws/firmware/dev_ws/install/gmock_vendor:/home/ice/microros_ws/firmware/dev_ws/install/ament_cmake_gtest:/home/ice/microros_ws/firmware/dev_ws/install/gtest_vendor:/home/ice/microros_ws/firmware/dev_ws/install/ament_cmake_xmllint:/home/ice/microros_ws/firmware/dev_ws/install/ament_cmake_pyflakes:/home/ice/microros_ws/firmware/dev_ws/install/ament_cmake_pycodestyle:/home/ice/microros_ws/firmware/dev_ws/install/ament_cmake_pep257:/home/ice/microros_ws/firmware/dev_ws/install/ament_cmake_pclint:/home/ice/microros_ws/firmware/dev_ws/install/ament_lint_auto:/home/ice/microros_ws/firmware/dev_ws/install/ament_cmake:/home/ice/microros_ws/firmware/dev_ws/install/ament_cmake_version:/home/ice/microros_ws/firmware/dev_ws/install/ament_cmake_vendor_package:/home/ice/microros_ws/firmware/dev_ws/install/ament_cmake_pytest:/home/ice/microros_ws/firmware/dev_ws/install/ament_cmake_nose:/home/ice/microros_ws/firmware/dev_ws/install/ament_cmake_mypy:/home/ice/microros_ws/firmware/dev_ws/install/ament_cmake_lint_cmake:/home/ice/microros_ws/firmware/dev_ws/install/ament_cmake_google_benchmark:/home/ice/microros_ws/firmware/dev_ws/install/ament_cmake_flake8:/home/ice/microros_ws/firmware/dev_ws/install/ament_cmake_cpplint:/home/ice/microros_ws/firmware/dev_ws/install/ament_cmake_cppcheck:/home/ice/microros_ws/firmware/dev_ws/install/ament_cmake_copyright:/home/ice/microros_ws/firmware/dev_ws/install/ament_cmake_clang_tidy:/home/ice/microros_ws/firmware/dev_ws/install/ament_cmake_clang_format:/home/ice/microros_ws/firmware/dev_ws/install/ament_cmake_test:/home/ice/microros_ws/firmware/dev_ws/install/ament_cmake_target_dependencies:/home/ice/microros_ws/firmware/dev_ws/install/ament_cmake_python:/home/ice/microros_ws/firmware/dev_ws/install/ament_cmake_export_dependencies:/home/ice/microros_ws/firmware/dev_ws/install/ament_cmake_libraries:/home/ice/microros_ws/firmware/dev_ws/install/ament_cmake_include_directories:/home/ice/microros_ws/firmware/dev_ws/install/ament_cmake_gen_version_h:/home/ice/microros_ws/firmware/dev_ws/install/ament_cmake_export_targets:/home/ice/microros_ws/firmware/dev_ws/install/ament_cmake_export_link_flags:/home/ice/microros_ws/firmware/dev_ws/install/ament_cmake_export_interfaces:/home/ice/microros_ws/firmware/dev_ws/install/ament_cmake_export_libraries:/home/ice/microros_ws/firmware/dev_ws/install/ament_cmake_export_include_directories:/home/ice/microros_ws/firmware/dev_ws/install/ament_cmake_export_definitions:/home/ice/microros_ws/firmware/dev_ws/install/ament_cmake_core:/home/ice/microros_ws/firmware/dev_ws/install/ament_index_cpp:/home/ice/microros_ws/firmware/dev_ws/install/ament_uncrustify:/home/ice/microros_ws/firmware/dev_ws/install/domain_coordinator:/home/ice/microros_ws/firmware/dev_ws/install/ament_xmllint:/home/ice/microros_ws/firmware/dev_ws/install/ament_pyflakes:/home/ice/microros_ws/firmware/dev_ws/install/ament_pycodestyle:/home/ice/microros_ws/firmware/dev_ws/install/ament_pep257:/home/ice/microros_ws/firmware/dev_ws/install/ament_pclint:/home/ice/microros_ws/firmware/dev_ws/install/ament_package:/home/ice/microros_ws/firmware/dev_ws/install/ament_mypy:/home/ice/microros_ws/firmware/dev_ws/install/ament_lint_cmake:/home/ice/microros_ws/firmware/dev_ws/install/ament_flake8:/home/ice/microros_ws/firmware/dev_ws/install/ament_copyright:/home/ice/microros_ws/firmware/dev_ws/install/ament_lint:/home/ice/microros_ws/firmware/dev_ws/install/ament_index_python:/home/ice/microros_ws/firmware/dev_ws/install/ament_cpplint:/home/ice/microros_ws/firmware/dev_ws/install/ament_cppcheck:/home/ice/microros_ws/firmware/dev_ws/install/ament_clang_tidy:/home/ice/microros_ws/firmware/dev_ws/install/ament_clang_format LD_LIBRARY_PATH=/home/ice/microros_ws/firmware/mcu_ws/install/lib:${LD_LIBRARY_PATH} PATH=/home/ice/microros_ws/firmware/mcu_ws/install/bin:${PATH} PYTHONPATH=/home/ice/microros_ws/firmware/mcu_ws/install/lib/python3.10/site-packages:${PYTHONPATH} /usr/bin/cmake --build /home/ice/microros_ws/firmware/mcu_ws/build/rosgraph_msgs -- -j2 -l2
[3.066s] Invoking command in '/home/ice/microros_ws/firmware/mcu_ws/build/rosgraph_msgs': AMENT_PREFIX_PATH=/home/ice/microros_ws/firmware/mcu_ws/install:${AMENT_PREFIX_PATH} CMAKE_PREFIX_PATH=/home/ice/microros_ws/firmware/mcu_ws/install:/home/ice/microros_ws/firmware/dev_ws/install/ament_lint_common:/home/ice/microros_ws/firmware/dev_ws/install/ament_cmake_uncrustify:/home/ice/microros_ws/firmware/dev_ws/install/uncrustify_vendor:/home/ice/microros_ws/firmware/dev_ws/install/ament_cmake_ros:/home/ice/microros_ws/firmware/dev_ws/install/ament_cmake_auto:/home/ice/microros_ws/firmware/dev_ws/install/ament_cmake_gmock:/home/ice/microros_ws/firmware/dev_ws/install/gmock_vendor:/home/ice/microros_ws/firmware/dev_ws/install/ament_cmake_gtest:/home/ice/microros_ws/firmware/dev_ws/install/gtest_vendor:/home/ice/microros_ws/firmware/dev_ws/install/ament_cmake_xmllint:/home/ice/microros_ws/firmware/dev_ws/install/ament_cmake_pyflakes:/home/ice/microros_ws/firmware/dev_ws/install/ament_cmake_pycodestyle:/home/ice/microros_ws/firmware/dev_ws/install/ament_cmake_pep257:/home/ice/microros_ws/firmware/dev_ws/install/ament_cmake_pclint:/home/ice/microros_ws/firmware/dev_ws/install/ament_lint_auto:/home/ice/microros_ws/firmware/dev_ws/install/ament_cmake:/home/ice/microros_ws/firmware/dev_ws/install/ament_cmake_version:/home/ice/microros_ws/firmware/dev_ws/install/ament_cmake_vendor_package:/home/ice/microros_ws/firmware/dev_ws/install/ament_cmake_pytest:/home/ice/microros_ws/firmware/dev_ws/install/ament_cmake_nose:/home/ice/microros_ws/firmware/dev_ws/install/ament_cmake_mypy:/home/ice/microros_ws/firmware/dev_ws/install/ament_cmake_lint_cmake:/home/ice/microros_ws/firmware/dev_ws/install/ament_cmake_google_benchmark:/home/ice/microros_ws/firmware/dev_ws/install/ament_cmake_flake8:/home/ice/microros_ws/firmware/dev_ws/install/ament_cmake_cpplint:/home/ice/microros_ws/firmware/dev_ws/install/ament_cmake_cppcheck:/home/ice/microros_ws/firmware/dev_ws/install/ament_cmake_copyright:/home/ice/microros_ws/firmware/dev_ws/install/ament_cmake_clang_tidy:/home/ice/microros_ws/firmware/dev_ws/install/ament_cmake_clang_format:/home/ice/microros_ws/firmware/dev_ws/install/ament_cmake_test:/home/ice/microros_ws/firmware/dev_ws/install/ament_cmake_target_dependencies:/home/ice/microros_ws/firmware/dev_ws/install/ament_cmake_python:/home/ice/microros_ws/firmware/dev_ws/install/ament_cmake_export_dependencies:/home/ice/microros_ws/firmware/dev_ws/install/ament_cmake_libraries:/home/ice/microros_ws/firmware/dev_ws/install/ament_cmake_include_directories:/home/ice/microros_ws/firmware/dev_ws/install/ament_cmake_gen_version_h:/home/ice/microros_ws/firmware/dev_ws/install/ament_cmake_export_targets:/home/ice/microros_ws/firmware/dev_ws/install/ament_cmake_export_link_flags:/home/ice/microros_ws/firmware/dev_ws/install/ament_cmake_export_interfaces:/home/ice/microros_ws/firmware/dev_ws/install/ament_cmake_export_libraries:/home/ice/microros_ws/firmware/dev_ws/install/ament_cmake_export_include_directories:/home/ice/microros_ws/firmware/dev_ws/install/ament_cmake_export_definitions:/home/ice/microros_ws/firmware/dev_ws/install/ament_cmake_core:/home/ice/microros_ws/firmware/dev_ws/install/ament_index_cpp:/home/ice/microros_ws/firmware/dev_ws/install/ament_uncrustify:/home/ice/microros_ws/firmware/dev_ws/install/domain_coordinator:/home/ice/microros_ws/firmware/dev_ws/install/ament_xmllint:/home/ice/microros_ws/firmware/dev_ws/install/ament_pyflakes:/home/ice/microros_ws/firmware/dev_ws/install/ament_pycodestyle:/home/ice/microros_ws/firmware/dev_ws/install/ament_pep257:/home/ice/microros_ws/firmware/dev_ws/install/ament_pclint:/home/ice/microros_ws/firmware/dev_ws/install/ament_package:/home/ice/microros_ws/firmware/dev_ws/install/ament_mypy:/home/ice/microros_ws/firmware/dev_ws/install/ament_lint_cmake:/home/ice/microros_ws/firmware/dev_ws/install/ament_flake8:/home/ice/microros_ws/firmware/dev_ws/install/ament_copyright:/home/ice/microros_ws/firmware/dev_ws/install/ament_lint:/home/ice/microros_ws/firmware/dev_ws/install/ament_index_python:/home/ice/microros_ws/firmware/dev_ws/install/ament_cpplint:/home/ice/microros_ws/firmware/dev_ws/install/ament_cppcheck:/home/ice/microros_ws/firmware/dev_ws/install/ament_clang_tidy:/home/ice/microros_ws/firmware/dev_ws/install/ament_clang_format LD_LIBRARY_PATH=/home/ice/microros_ws/firmware/mcu_ws/install/lib:${LD_LIBRARY_PATH} PATH=/home/ice/microros_ws/firmware/mcu_ws/install/bin:${PATH} PYTHONPATH=/home/ice/microros_ws/firmware/mcu_ws/install/lib/python3.10/site-packages:${PYTHONPATH} /usr/bin/cmake --install /home/ice/microros_ws/firmware/mcu_ws/build/rosgraph_msgs
[3.088s] -- Install configuration: "Debug"
[3.089s] -- Up-to-date: /home/ice/microros_ws/firmware/mcu_ws/install/share/ament_index/resource_index/rosidl_interfaces/rosgraph_msgs
[3.090s] -- Up-to-date: /home/ice/microros_ws/firmware/mcu_ws/install/include/rosgraph_msgs/rosgraph_msgs
[3.091s] -- Up-to-date: /home/ice/microros_ws/firmware/mcu_ws/install/include/rosgraph_msgs/rosgraph_msgs/msg
[3.092s] -- Up-to-date: /home/ice/microros_ws/firmware/mcu_ws/install/include/rosgraph_msgs/rosgraph_msgs/msg/detail
[3.092s] -- Up-to-date: /home/ice/microros_ws/firmware/mcu_ws/install/include/rosgraph_msgs/rosgraph_msgs/msg/detail/clock__functions.c
[3.094s] -- Up-to-date: /home/ice/microros_ws/firmware/mcu_ws/install/include/rosgraph_msgs/rosgraph_msgs/msg/detail/clock__functions.h
[3.097s] -- Up-to-date: /home/ice/microros_ws/firmware/mcu_ws/install/include/rosgraph_msgs/rosgraph_msgs/msg/detail/clock__type_support.h
[3.097s] -- Up-to-date: /home/ice/microros_ws/firmware/mcu_ws/install/include/rosgraph_msgs/rosgraph_msgs/msg/detail/clock__struct.h
[3.101s] -- Up-to-date: /home/ice/microros_ws/firmware/mcu_ws/install/include/rosgraph_msgs/rosgraph_msgs/msg/clock.h
[3.101s] -- Up-to-date: /home/ice/microros_ws/firmware/mcu_ws/install/include/rosgraph_msgs/rosgraph_msgs/msg/rosidl_generator_c__visibility_control.h
[3.101s] -- Up-to-date: /home/ice/microros_ws/firmware/mcu_ws/install/share/rosgraph_msgs/environment/library_path.sh
[3.104s] -- Installing: /home/ice/microros_ws/firmware/mcu_ws/install/share/rosgraph_msgs/environment/library_path.dsv
[3.110s] -- Installing: /home/ice/microros_ws/firmware/mcu_ws/install/lib/librosgraph_msgs__rosidl_generator_c.a
[3.115s] -- Up-to-date: /home/ice/microros_ws/firmware/mcu_ws/install/include/rosgraph_msgs/rosgraph_msgs
[3.115s] -- Up-to-date: /home/ice/microros_ws/firmware/mcu_ws/install/include/rosgraph_msgs/rosgraph_msgs/msg
[3.116s] -- Up-to-date: /home/ice/microros_ws/firmware/mcu_ws/install/include/rosgraph_msgs/rosgraph_msgs/msg/detail
[3.116s] -- Up-to-date: /home/ice/microros_ws/firmware/mcu_ws/install/include/rosgraph_msgs/rosgraph_msgs/msg/detail/clock__type_support.c
[3.116s] -- Up-to-date: /home/ice/microros_ws/firmware/mcu_ws/install/include/rosgraph_msgs/rosgraph_msgs/msg/detail/clock__rosidl_typesupport_introspection_c.h
[3.116s] -- Up-to-date: /home/ice/microros_ws/firmware/mcu_ws/install/include/rosgraph_msgs/rosgraph_msgs/msg/rosidl_typesupport_introspection_c__visibility_control.h
[3.117s] -- Up-to-date: /home/ice/microros_ws/firmware/mcu_ws/install/lib/librosgraph_msgs__rosidl_typesupport_introspection_c.a
[3.117s] -- Up-to-date: /home/ice/microros_ws/firmware/mcu_ws/install/include/rosgraph_msgs
[3.117s] -- Up-to-date: /home/ice/microros_ws/firmware/mcu_ws/install/include/rosgraph_msgs/msg
[3.117s] -- Up-to-date: /home/ice/microros_ws/firmware/mcu_ws/install/include/rosgraph_msgs/msg/detail
[3.117s] -- Up-to-date: /home/ice/microros_ws/firmware/mcu_ws/install/include/rosgraph_msgs/msg/detail/microxrcedds
[3.119s] -- Up-to-date: /home/ice/microros_ws/firmware/mcu_ws/install/include/rosgraph_msgs/msg/detail/clock__rosidl_typesupport_microxrcedds_c.h
[3.123s] -- Up-to-date: /home/ice/microros_ws/firmware/mcu_ws/install/include/rosgraph_msgs/msg/rosidl_typesupport_microxrcedds_c__visibility_control.h
[3.123s] -- Up-to-date: /home/ice/microros_ws/firmware/mcu_ws/install/lib/librosgraph_msgs__rosidl_typesupport_microxrcedds_c.a
[3.123s] -- Up-to-date: /home/ice/microros_ws/firmware/mcu_ws/install/lib/librosgraph_msgs__rosidl_typesupport_c.a
[3.125s] -- Up-to-date: /home/ice/microros_ws/firmware/mcu_ws/install/share/rosgraph_msgs/msg/Clock.idl
[3.126s] -- Up-to-date: /home/ice/microros_ws/firmware/mcu_ws/install/share/rosgraph_msgs/msg/Clock.msg
[3.127s] -- Up-to-date: /home/ice/microros_ws/firmware/mcu_ws/install/share/ament_index/resource_index/package_run_dependencies/rosgraph_msgs
[3.127s] -- Up-to-date: /home/ice/microros_ws/firmware/mcu_ws/install/share/ament_index/resource_index/parent_prefix_path/rosgraph_msgs
[3.128s] -- Up-to-date: /home/ice/microros_ws/firmware/mcu_ws/install/share/rosgraph_msgs/environment/ament_prefix_path.sh
[3.128s] -- Installing: /home/ice/microros_ws/firmware/mcu_ws/install/share/rosgraph_msgs/environment/ament_prefix_path.dsv
[3.128s] -- Up-to-date: /home/ice/microros_ws/firmware/mcu_ws/install/share/rosgraph_msgs/environment/path.sh
[3.128s] -- Installing: /home/ice/microros_ws/firmware/mcu_ws/install/share/rosgraph_msgs/environment/path.dsv
[3.128s] -- Up-to-date: /home/ice/microros_ws/firmware/mcu_ws/install/share/rosgraph_msgs/local_setup.bash
[3.128s] -- Up-to-date: /home/ice/microros_ws/firmware/mcu_ws/install/share/rosgraph_msgs/local_setup.sh
[3.128s] -- Up-to-date: /home/ice/microros_ws/firmware/mcu_ws/install/share/rosgraph_msgs/local_setup.zsh
[3.129s] -- Installing: /home/ice/microros_ws/firmware/mcu_ws/install/share/rosgraph_msgs/local_setup.dsv
[3.129s] -- Installing: /home/ice/microros_ws/firmware/mcu_ws/install/share/rosgraph_msgs/package.dsv
[3.129s] -- Up-to-date: /home/ice/microros_ws/firmware/mcu_ws/install/share/ament_index/resource_index/packages/rosgraph_msgs
[3.129s] -- Up-to-date: /home/ice/microros_ws/firmware/mcu_ws/install/share/rosgraph_msgs/cmake/export_rosgraph_msgs__rosidl_generator_cExport.cmake
[3.129s] -- Up-to-date: /home/ice/microros_ws/firmware/mcu_ws/install/share/rosgraph_msgs/cmake/export_rosgraph_msgs__rosidl_generator_cExport-debug.cmake
[3.129s] -- Up-to-date: /home/ice/microros_ws/firmware/mcu_ws/install/share/rosgraph_msgs/cmake/rosgraph_msgs__rosidl_typesupport_introspection_cExport.cmake
[3.129s] -- Up-to-date: /home/ice/microros_ws/firmware/mcu_ws/install/share/rosgraph_msgs/cmake/rosgraph_msgs__rosidl_typesupport_introspection_cExport-debug.cmake
[3.129s] -- Up-to-date: /home/ice/microros_ws/firmware/mcu_ws/install/share/rosgraph_msgs/cmake/rosgraph_msgs__rosidl_typesupport_cExport.cmake
[3.129s] -- Up-to-date: /home/ice/microros_ws/firmware/mcu_ws/install/share/rosgraph_msgs/cmake/rosgraph_msgs__rosidl_typesupport_cExport-debug.cmake
[3.130s] -- Up-to-date: /home/ice/microros_ws/firmware/mcu_ws/install/share/rosgraph_msgs/cmake/rosidl_cmake-extras.cmake
[3.130s] -- Up-to-date: /home/ice/microros_ws/firmware/mcu_ws/install/share/rosgraph_msgs/cmake/ament_cmake_export_dependencies-extras.cmake
[3.130s] -- Up-to-date: /home/ice/microros_ws/firmware/mcu_ws/install/share/rosgraph_msgs/cmake/ament_cmake_export_include_directories-extras.cmake
[3.130s] -- Up-to-date: /home/ice/microros_ws/firmware/mcu_ws/install/share/rosgraph_msgs/cmake/ament_cmake_export_libraries-extras.cmake
[3.130s] -- Up-to-date: /home/ice/microros_ws/firmware/mcu_ws/install/share/rosgraph_msgs/cmake/ament_cmake_export_targets-extras.cmake
[3.130s] -- Up-to-date: /home/ice/microros_ws/firmware/mcu_ws/install/share/rosgraph_msgs/cmake/rosidl_cmake_export_typesupport_targets-extras.cmake
[3.130s] -- Up-to-date: /home/ice/microros_ws/firmware/mcu_ws/install/share/rosgraph_msgs/cmake/rosidl_cmake_export_typesupport_libraries-extras.cmake
[3.131s] -- Up-to-date: /home/ice/microros_ws/firmware/mcu_ws/install/share/rosgraph_msgs/cmake/rosgraph_msgsConfig.cmake
[3.131s] -- Up-to-date: /home/ice/microros_ws/firmware/mcu_ws/install/share/rosgraph_msgs/cmake/rosgraph_msgsConfig-version.cmake
[3.131s] -- Up-to-date: /home/ice/microros_ws/firmware/mcu_ws/install/share/rosgraph_msgs/package.xml
[3.131s] Invoked command in '/home/ice/microros_ws/firmware/mcu_ws/build/rosgraph_msgs' returned '0': AMENT_PREFIX_PATH=/home/ice/microros_ws/firmware/mcu_ws/install:${AMENT_PREFIX_PATH} CMAKE_PREFIX_PATH=/home/ice/microros_ws/firmware/mcu_ws/install:/home/ice/microros_ws/firmware/dev_ws/install/ament_lint_common:/home/ice/microros_ws/firmware/dev_ws/install/ament_cmake_uncrustify:/home/ice/microros_ws/firmware/dev_ws/install/uncrustify_vendor:/home/ice/microros_ws/firmware/dev_ws/install/ament_cmake_ros:/home/ice/microros_ws/firmware/dev_ws/install/ament_cmake_auto:/home/ice/microros_ws/firmware/dev_ws/install/ament_cmake_gmock:/home/ice/microros_ws/firmware/dev_ws/install/gmock_vendor:/home/ice/microros_ws/firmware/dev_ws/install/ament_cmake_gtest:/home/ice/microros_ws/firmware/dev_ws/install/gtest_vendor:/home/ice/microros_ws/firmware/dev_ws/install/ament_cmake_xmllint:/home/ice/microros_ws/firmware/dev_ws/install/ament_cmake_pyflakes:/home/ice/microros_ws/firmware/dev_ws/install/ament_cmake_pycodestyle:/home/ice/microros_ws/firmware/dev_ws/install/ament_cmake_pep257:/home/ice/microros_ws/firmware/dev_ws/install/ament_cmake_pclint:/home/ice/microros_ws/firmware/dev_ws/install/ament_lint_auto:/home/ice/microros_ws/firmware/dev_ws/install/ament_cmake:/home/ice/microros_ws/firmware/dev_ws/install/ament_cmake_version:/home/ice/microros_ws/firmware/dev_ws/install/ament_cmake_vendor_package:/home/ice/microros_ws/firmware/dev_ws/install/ament_cmake_pytest:/home/ice/microros_ws/firmware/dev_ws/install/ament_cmake_nose:/home/ice/microros_ws/firmware/dev_ws/install/ament_cmake_mypy:/home/ice/microros_ws/firmware/dev_ws/install/ament_cmake_lint_cmake:/home/ice/microros_ws/firmware/dev_ws/install/ament_cmake_google_benchmark:/home/ice/microros_ws/firmware/dev_ws/install/ament_cmake_flake8:/home/ice/microros_ws/firmware/dev_ws/install/ament_cmake_cpplint:/home/ice/microros_ws/firmware/dev_ws/install/ament_cmake_cppcheck:/home/ice/microros_ws/firmware/dev_ws/install/ament_cmake_copyright:/home/ice/microros_ws/firmware/dev_ws/install/ament_cmake_clang_tidy:/home/ice/microros_ws/firmware/dev_ws/install/ament_cmake_clang_format:/home/ice/microros_ws/firmware/dev_ws/install/ament_cmake_test:/home/ice/microros_ws/firmware/dev_ws/install/ament_cmake_target_dependencies:/home/ice/microros_ws/firmware/dev_ws/install/ament_cmake_python:/home/ice/microros_ws/firmware/dev_ws/install/ament_cmake_export_dependencies:/home/ice/microros_ws/firmware/dev_ws/install/ament_cmake_libraries:/home/ice/microros_ws/firmware/dev_ws/install/ament_cmake_include_directories:/home/ice/microros_ws/firmware/dev_ws/install/ament_cmake_gen_version_h:/home/ice/microros_ws/firmware/dev_ws/install/ament_cmake_export_targets:/home/ice/microros_ws/firmware/dev_ws/install/ament_cmake_export_link_flags:/home/ice/microros_ws/firmware/dev_ws/install/ament_cmake_export_interfaces:/home/ice/microros_ws/firmware/dev_ws/install/ament_cmake_export_libraries:/home/ice/microros_ws/firmware/dev_ws/install/ament_cmake_export_include_directories:/home/ice/microros_ws/firmware/dev_ws/install/ament_cmake_export_definitions:/home/ice/microros_ws/firmware/dev_ws/install/ament_cmake_core:/home/ice/microros_ws/firmware/dev_ws/install/ament_index_cpp:/home/ice/microros_ws/firmware/dev_ws/install/ament_uncrustify:/home/ice/microros_ws/firmware/dev_ws/install/domain_coordinator:/home/ice/microros_ws/firmware/dev_ws/install/ament_xmllint:/home/ice/microros_ws/firmware/dev_ws/install/ament_pyflakes:/home/ice/microros_ws/firmware/dev_ws/install/ament_pycodestyle:/home/ice/microros_ws/firmware/dev_ws/install/ament_pep257:/home/ice/microros_ws/firmware/dev_ws/install/ament_pclint:/home/ice/microros_ws/firmware/dev_ws/install/ament_package:/home/ice/microros_ws/firmware/dev_ws/install/ament_mypy:/home/ice/microros_ws/firmware/dev_ws/install/ament_lint_cmake:/home/ice/microros_ws/firmware/dev_ws/install/ament_flake8:/home/ice/microros_ws/firmware/dev_ws/install/ament_copyright:/home/ice/microros_ws/firmware/dev_ws/install/ament_lint:/home/ice/microros_ws/firmware/dev_ws/install/ament_index_python:/home/ice/microros_ws/firmware/dev_ws/install/ament_cpplint:/home/ice/microros_ws/firmware/dev_ws/install/ament_cppcheck:/home/ice/microros_ws/firmware/dev_ws/install/ament_clang_tidy:/home/ice/microros_ws/firmware/dev_ws/install/ament_clang_format LD_LIBRARY_PATH=/home/ice/microros_ws/firmware/mcu_ws/install/lib:${LD_LIBRARY_PATH} PATH=/home/ice/microros_ws/firmware/mcu_ws/install/bin:${PATH} PYTHONPATH=/home/ice/microros_ws/firmware/mcu_ws/install/lib/python3.10/site-packages:${PYTHONPATH} /usr/bin/cmake --install /home/ice/microros_ws/firmware/mcu_ws/build/rosgraph_msgs
