[0.219s] Invoking command in '/home/ice/microros_ws/firmware/mcu_ws/build/my_custom_message': AMENT_PREFIX_PATH=/home/ice/microros_ws/firmware/mcu_ws/install:${AMENT_PREFIX_PATH} CMAKE_PREFIX_PATH=/home/ice/microros_ws/firmware/mcu_ws/install:/home/ice/microros_ws/firmware/dev_ws/install/ament_lint_common:/home/ice/microros_ws/firmware/dev_ws/install/ament_cmake_uncrustify:/home/ice/microros_ws/firmware/dev_ws/install/uncrustify_vendor:/home/ice/microros_ws/firmware/dev_ws/install/ament_cmake_ros:/home/ice/microros_ws/firmware/dev_ws/install/ament_cmake_auto:/home/ice/microros_ws/firmware/dev_ws/install/ament_cmake_gmock:/home/ice/microros_ws/firmware/dev_ws/install/gmock_vendor:/home/ice/microros_ws/firmware/dev_ws/install/ament_cmake_gtest:/home/ice/microros_ws/firmware/dev_ws/install/gtest_vendor:/home/ice/microros_ws/firmware/dev_ws/install/ament_cmake_xmllint:/home/ice/microros_ws/firmware/dev_ws/install/ament_cmake_pyflakes:/home/ice/microros_ws/firmware/dev_ws/install/ament_cmake_pycodestyle:/home/ice/microros_ws/firmware/dev_ws/install/ament_cmake_pep257:/home/ice/microros_ws/firmware/dev_ws/install/ament_cmake_pclint:/home/ice/microros_ws/firmware/dev_ws/install/ament_lint_auto:/home/ice/microros_ws/firmware/dev_ws/install/ament_cmake:/home/ice/microros_ws/firmware/dev_ws/install/ament_cmake_version:/home/ice/microros_ws/firmware/dev_ws/install/ament_cmake_vendor_package:/home/ice/microros_ws/firmware/dev_ws/install/ament_cmake_pytest:/home/ice/microros_ws/firmware/dev_ws/install/ament_cmake_nose:/home/ice/microros_ws/firmware/dev_ws/install/ament_cmake_mypy:/home/ice/microros_ws/firmware/dev_ws/install/ament_cmake_lint_cmake:/home/ice/microros_ws/firmware/dev_ws/install/ament_cmake_google_benchmark:/home/ice/microros_ws/firmware/dev_ws/install/ament_cmake_flake8:/home/ice/microros_ws/firmware/dev_ws/install/ament_cmake_cpplint:/home/ice/microros_ws/firmware/dev_ws/install/ament_cmake_cppcheck:/home/ice/microros_ws/firmware/dev_ws/install/ament_cmake_copyright:/home/ice/microros_ws/firmware/dev_ws/install/ament_cmake_clang_tidy:/home/ice/microros_ws/firmware/dev_ws/install/ament_cmake_clang_format:/home/ice/microros_ws/firmware/dev_ws/install/ament_cmake_test:/home/ice/microros_ws/firmware/dev_ws/install/ament_cmake_target_dependencies:/home/ice/microros_ws/firmware/dev_ws/install/ament_cmake_python:/home/ice/microros_ws/firmware/dev_ws/install/ament_cmake_export_dependencies:/home/ice/microros_ws/firmware/dev_ws/install/ament_cmake_libraries:/home/ice/microros_ws/firmware/dev_ws/install/ament_cmake_include_directories:/home/ice/microros_ws/firmware/dev_ws/install/ament_cmake_gen_version_h:/home/ice/microros_ws/firmware/dev_ws/install/ament_cmake_export_targets:/home/ice/microros_ws/firmware/dev_ws/install/ament_cmake_export_link_flags:/home/ice/microros_ws/firmware/dev_ws/install/ament_cmake_export_interfaces:/home/ice/microros_ws/firmware/dev_ws/install/ament_cmake_export_libraries:/home/ice/microros_ws/firmware/dev_ws/install/ament_cmake_export_include_directories:/home/ice/microros_ws/firmware/dev_ws/install/ament_cmake_export_definitions:/home/ice/microros_ws/firmware/dev_ws/install/ament_cmake_core:/home/ice/microros_ws/firmware/dev_ws/install/ament_index_cpp:/home/ice/microros_ws/firmware/dev_ws/install/ament_uncrustify:/home/ice/microros_ws/firmware/dev_ws/install/domain_coordinator:/home/ice/microros_ws/firmware/dev_ws/install/ament_xmllint:/home/ice/microros_ws/firmware/dev_ws/install/ament_pyflakes:/home/ice/microros_ws/firmware/dev_ws/install/ament_pycodestyle:/home/ice/microros_ws/firmware/dev_ws/install/ament_pep257:/home/ice/microros_ws/firmware/dev_ws/install/ament_pclint:/home/ice/microros_ws/firmware/dev_ws/install/ament_package:/home/ice/microros_ws/firmware/dev_ws/install/ament_mypy:/home/ice/microros_ws/firmware/dev_ws/install/ament_lint_cmake:/home/ice/microros_ws/firmware/dev_ws/install/ament_flake8:/home/ice/microros_ws/firmware/dev_ws/install/ament_copyright:/home/ice/microros_ws/firmware/dev_ws/install/ament_lint:/home/ice/microros_ws/firmware/dev_ws/install/ament_index_python:/home/ice/microros_ws/firmware/dev_ws/install/ament_cpplint:/home/ice/microros_ws/firmware/dev_ws/install/ament_cppcheck:/home/ice/microros_ws/firmware/dev_ws/install/ament_clang_tidy:/home/ice/microros_ws/firmware/dev_ws/install/ament_clang_format LD_LIBRARY_PATH=/home/ice/microros_ws/firmware/mcu_ws/install/lib:${LD_LIBRARY_PATH} PATH=/home/ice/microros_ws/firmware/mcu_ws/install/bin:${PATH} PYTHONPATH=/home/ice/microros_ws/firmware/mcu_ws/install/lib/python3.10/site-packages:${PYTHONPATH} /usr/bin/cmake --build /home/ice/microros_ws/firmware/mcu_ws/build/my_custom_message -- -j2 -l2
[0.263s] gmake[4]: Entering directory '/home/ice/microros_ws/firmware/mcu_ws/build/my_custom_message'
[0.264s] /usr/bin/cmake -S/home/ice/microros_ws/firmware/mcu_ws/my_custom_message -B/home/ice/microros_ws/firmware/mcu_ws/build/my_custom_message --check-build-system CMakeFiles/Makefile.cmake 0
[0.286s] Re-run cmake file: Makefile older than: /home/ice/microros_ws/firmware/freertos_apps/microros_esp32_extensions/esp32_toolchain.cmake
[0.304s] -- Found ament_cmake: 1.3.7 (/home/ice/microros_ws/firmware/dev_ws/install/ament_cmake/share/ament_cmake/cmake)
[0.691s] -- Found rosidl_default_generators: 1.2.0 (/home/ice/microros_ws/firmware/mcu_ws/install/share/rosidl_default_generators/cmake)
[0.727s] -- Using all available rosidl_typesupport_c: rosidl_typesupport_introspection_c;rosidl_typesupport_microxrcedds_c
[0.740s] -- Found rosidl_adapter: 3.1.5 (/home/ice/microros_ws/firmware/mcu_ws/install/share/rosidl_adapter/cmake)
[0.760s] [33mCMake Warning at /home/ice/microros_ws/firmware/mcu_ws/install/share/rcutils/cmake/ament_cmake_export_libraries-extras.cmake:116 (message):
[0.760s]   Package 'rcutils' exports library 'dl' which couldn't be found
[0.761s] Call Stack (most recent call first):
[0.761s]   /home/ice/microros_ws/firmware/mcu_ws/install/share/rcutils/cmake/rcutilsConfig.cmake:41 (include)
[0.761s]   /home/ice/microros_ws/firmware/mcu_ws/install/share/rosidl_runtime_c/cmake/ament_cmake_export_dependencies-extras.cmake:21 (find_package)
[0.761s]   /home/ice/microros_ws/firmware/mcu_ws/install/share/rosidl_runtime_c/cmake/rosidl_runtime_cConfig.cmake:41 (include)
[0.761s]   /home/ice/microros_ws/firmware/mcu_ws/install/share/rosidl_typesupport_introspection_c/cmake/ament_cmake_export_dependencies-extras.cmake:21 (find_package)
[0.761s]   /home/ice/microros_ws/firmware/mcu_ws/install/share/rosidl_typesupport_introspection_c/cmake/rosidl_typesupport_introspection_cConfig.cmake:41 (include)
[0.761s]   /home/ice/microros_ws/firmware/mcu_ws/install/share/rosidl_typesupport_c/cmake/rosidl_typesupport_c-extras.cmake:13 (find_package)
[0.761s]   /home/ice/microros_ws/firmware/mcu_ws/install/share/rosidl_typesupport_c/cmake/rosidl_typesupport_cConfig.cmake:41 (include)
[0.761s]   /home/ice/microros_ws/firmware/mcu_ws/install/share/rosidl_default_generators/cmake/rosidl_default_generators-extras.cmake:21 (find_package)
[0.761s]   /home/ice/microros_ws/firmware/mcu_ws/install/share/rosidl_default_generators/cmake/rosidl_default_generatorsConfig.cmake:41 (include)
[0.762s]   CMakeLists.txt:10 (find_package)
[0.762s] 
[0.762s] [0m
[1.687s] -- Found ament_cmake_ros: 0.10.0 (/home/ice/microros_ws/firmware/dev_ws/install/ament_cmake_ros/share/ament_cmake_ros/cmake)
[2.080s] -- Using all available rosidl_typesupport_c: rosidl_typesupport_introspection_c;rosidl_typesupport_microxrcedds_c
[2.095s] -- Configuring done
[2.166s] -- Generating done
[2.187s] -- Build files have been written to: /home/ice/microros_ws/firmware/mcu_ws/build/my_custom_message
[2.193s] /usr/bin/cmake -E cmake_progress_start /home/ice/microros_ws/firmware/mcu_ws/build/my_custom_message/CMakeFiles /home/ice/microros_ws/firmware/mcu_ws/build/my_custom_message//CMakeFiles/progress.marks
[2.382s] /usr/bin/gmake  -f CMakeFiles/Makefile2 all
[2.388s] gmake[5]: Entering directory '/home/ice/microros_ws/firmware/mcu_ws/build/my_custom_message'
[2.388s] /usr/bin/gmake  -f CMakeFiles/my_custom_message__rosidl_generator_c.dir/build.make CMakeFiles/my_custom_message__rosidl_generator_c.dir/depend
[2.404s] gmake[6]: Entering directory '/home/ice/microros_ws/firmware/mcu_ws/build/my_custom_message'
[2.404s] cd /home/ice/microros_ws/firmware/mcu_ws/build/my_custom_message && /usr/bin/cmake -E cmake_depends "Unix Makefiles" /home/ice/microros_ws/firmware/mcu_ws/my_custom_message /home/ice/microros_ws/firmware/mcu_ws/my_custom_message /home/ice/microros_ws/firmware/mcu_ws/build/my_custom_message /home/ice/microros_ws/firmware/mcu_ws/build/my_custom_message /home/ice/microros_ws/firmware/mcu_ws/build/my_custom_message/CMakeFiles/my_custom_message__rosidl_generator_c.dir/DependInfo.cmake --color=
[2.427s] Dependencies file "CMakeFiles/my_custom_message__rosidl_generator_c.dir/rosidl_generator_c/my_custom_message/msg/detail/my_custom_message__functions.c.obj.d" is newer than depends file "/home/ice/microros_ws/firmware/mcu_ws/build/my_custom_message/CMakeFiles/my_custom_message__rosidl_generator_c.dir/compiler_depend.internal".
[2.427s] [35m[1mConsolidate compiler generated dependencies of target my_custom_message__rosidl_generator_c[0m
[2.432s] gmake[6]: Leaving directory '/home/ice/microros_ws/firmware/mcu_ws/build/my_custom_message'
[2.432s] /usr/bin/gmake  -f CMakeFiles/my_custom_message__rosidl_generator_c.dir/build.make CMakeFiles/my_custom_message__rosidl_generator_c.dir/build
[2.436s] gmake[6]: Entering directory '/home/ice/microros_ws/firmware/mcu_ws/build/my_custom_message'
[2.486s] [  8%] [32mBuilding C object CMakeFiles/my_custom_message__rosidl_generator_c.dir/rosidl_generator_c/my_custom_message/msg/detail/my_custom_message__functions.c.obj[0m
[2.492s] /home/ice/microros_ws/firmware/toolchain/espressif/tools/xtensa-esp32-elf/esp-2020r2-8.2.0/xtensa-esp32-elf/bin/xtensa-esp32-elf-gcc -DLWIP_IPV4 -DLWIP_IPV6 -DROS_PACKAGE_NAME=\"my_custom_message\" -I/home/ice/microros_ws/firmware/freertos_apps/microros_esp32_extensions/build/config -I/home/ice/microros_ws/firmware/toolchain/esp-idf/components/newlib/platform_include -I/home/ice/microros_ws/firmware/toolchain/esp-idf/components/protocomm/include -I/home/ice/microros_ws/firmware/toolchain/esp-idf/components/esp_rom/include -I/home/ice/microros_ws/firmware/toolchain/esp-idf/components/driver/include -I/home/ice/microros_ws/firmware/toolchain/esp-idf/components/wear_levelling/include -I/home/ice/microros_ws/firmware/toolchain/esp-idf/components/vfs/include -I/home/ice/microros_ws/firmware/toolchain/esp-idf/components/log/include -I/home/ice/microros_ws/firmware/toolchain/esp-idf/components/freertos/include -I/home/ice/microros_ws/firmware/toolchain/esp-idf/components/wifi_provisioning/include -I/home/ice/microros_ws/firmware/toolchain/esp-idf/components/pthread/include -I/home/ice/microros_ws/firmware/toolchain/esp-idf/components/libsodium/libsodium/src/libsodium/include -I/home/ice/microros_ws/firmware/toolchain/esp-idf/components/coap/port/include -I/home/ice/microros_ws/firmware/toolchain/esp-idf/components/coap/libcoap/include -I/home/ice/microros_ws/firmware/toolchain/esp-idf/components/tcp_transport/include -I/home/ice/microros_ws/firmware/toolchain/esp-idf/components/unity/include -I/home/ice/microros_ws/firmware/toolchain/esp-idf/components/esp32/include -I/home/ice/microros_ws/firmware/toolchain/esp-idf/components/asio/port/include -I/home/ice/microros_ws/firmware/toolchain/esp-idf/components/asio/asio/asio/include -I/home/ice/microros_ws/firmware/toolchain/esp-idf/components/app_update/include -I/home/ice/microros_ws/firmware/toolchain/esp-idf/components/esp_ringbuf/include -I/home/ice/microros_ws/firmware/toolchain/esp-idf/components/soc/esp32/include -I/home/ice/microros_ws/firmware/toolchain/esp-idf/components/soc/include -I/home/ice/microros_ws/firmware/toolchain/esp-idf/components/efuse/test/include -I/home/ice/microros_ws/firmware/toolchain/esp-idf/components/efuse/esp32/include -I/home/ice/microros_ws/firmware/toolchain/esp-idf/components/efuse/include -I/home/ice/microros_ws/firmware/toolchain/esp-idf/components/mbedtls/port/include -I/home/ice/microros_ws/firmware/toolchain/esp-idf/components/mbedtls/mbedtls/include -I/home/ice/microros_ws/firmware/toolchain/esp-idf/components/xtensa/esp32/include -I/home/ice/microros_ws/firmware/toolchain/esp-idf/components/xtensa/include -I/home/ice/microros_ws/firmware/toolchain/esp-idf/components/app_trace/include -I/home/ice/microros_ws/firmware/toolchain/esp-idf/components/nvs_flash/include -I/home/ice/microros_ws/firmware/toolchain/esp-idf/components/jsmn/include -I/home/ice/microros_ws/firmware/toolchain/esp-idf/components/esp_eth/include -I/home/ice/microros_ws/firmware/toolchain/esp-idf/components/spiffs/include -I/home/ice/microros_ws/firmware/toolchain/esp-idf/components/ulp/include -I/home/ice/microros_ws/firmware/toolchain/esp-idf/components/mdns/include -I/home/ice/microros_ws/firmware/toolchain/esp-idf/components/freemodbus/modbus/include -I/home/ice/microros_ws/firmware/toolchain/esp-idf/components/freemodbus/common/include -I/home/ice/microros_ws/firmware/toolchain/esp-idf/components/esp_event/include -I/home/ice/microros_ws/firmware/toolchain/esp-idf/components/expat/port/include -I/home/ice/microros_ws/firmware/toolchain/esp-idf/components/bootloader_support/include -I/home/ice/microros_ws/firmware/toolchain/esp-idf/components/heap/include -I/home/ice/microros_ws/firmware/toolchain/esp-idf/components/wpa_supplicant/port/include -I/home/ice/microros_ws/firmware/toolchain/esp-idf/components/wpa_supplicant/include -I/home/ice/microros_ws/firmware/toolchain/esp-idf/components/tcpip_adapter/include -I/home/ice/microros_ws/firmware/toolchain/esp-idf/components/openssl/include -I/home/ice/microros_ws/firmware/toolchain/esp-idf/components/sdmmc/include -I/home/ice/microros_ws/firmware/toolchain/esp-idf/components/esp_local_ctrl/include -I/home/ice/microros_ws/firmware/toolchain/esp-idf/components/esp_common/include -I/home/ice/microros_ws/firmware/toolchain/esp-idf/components/lwip/lwip/src/include/lwip/apps -I/home/ice/microros_ws/firmware/toolchain/esp-idf/components/lwip/lwip/src/include/compat/posix -I/home/ice/microros_ws/firmware/toolchain/esp-idf/components/lwip/lwip/src/include -I/home/ice/microros_ws/firmware/toolchain/esp-idf/components/lwip/port/esp32/include -I/home/ice/microros_ws/firmware/mcu_ws/build/my_custom_message/rosidl_generator_c -isystem /home/ice/microros_ws/firmware/mcu_ws/install/include/rosidl_runtime_c -isystem /home/ice/microros_ws/firmware/mcu_ws/install/include/rcutils -isystem /home/ice/microros_ws/firmware/mcu_ws/install/include/rosidl_typesupport_interface -mlongcalls -Wno-frame-address -mlongcalls -Wno-frame-address -g -Wall -std=gnu11 -MD -MT CMakeFiles/my_custom_message__rosidl_generator_c.dir/rosidl_generator_c/my_custom_message/msg/detail/my_custom_message__functions.c.obj -MF CMakeFiles/my_custom_message__rosidl_generator_c.dir/rosidl_generator_c/my_custom_message/msg/detail/my_custom_message__functions.c.obj.d -o CMakeFiles/my_custom_message__rosidl_generator_c.dir/rosidl_generator_c/my_custom_message/msg/detail/my_custom_message__functions.c.obj -c /home/ice/microros_ws/firmware/mcu_ws/build/my_custom_message/rosidl_generator_c/my_custom_message/msg/detail/my_custom_message__functions.c
[2.605s] [ 16%] [32m[1mLinking C static library libmy_custom_message__rosidl_generator_c.a[0m
[2.609s] /usr/bin/cmake -P CMakeFiles/my_custom_message__rosidl_generator_c.dir/cmake_clean_target.cmake
[2.636s] /usr/bin/cmake -E cmake_link_script CMakeFiles/my_custom_message__rosidl_generator_c.dir/link.txt --verbose=1
[2.652s] /home/ice/microros_ws/firmware/toolchain/espressif/tools/xtensa-esp32-elf/esp-2020r2-8.2.0/xtensa-esp32-elf/bin/xtensa-esp32-elf-ar qc libmy_custom_message__rosidl_generator_c.a CMakeFiles/my_custom_message__rosidl_generator_c.dir/rosidl_generator_c/my_custom_message/msg/detail/my_custom_message__functions.c.obj
[2.664s] /home/ice/microros_ws/firmware/toolchain/espressif/tools/xtensa-esp32-elf/esp-2020r2-8.2.0/xtensa-esp32-elf/bin/xtensa-esp32-elf-ranlib libmy_custom_message__rosidl_generator_c.a
[2.686s] gmake[6]: Leaving directory '/home/ice/microros_ws/firmware/mcu_ws/build/my_custom_message'
[2.711s] [ 25%] Built target my_custom_message__rosidl_generator_c
[2.712s] /usr/bin/gmake  -f CMakeFiles/my_custom_message__rosidl_typesupport_introspection_c.dir/build.make CMakeFiles/my_custom_message__rosidl_typesupport_introspection_c.dir/depend
[2.722s] gmake[6]: Entering directory '/home/ice/microros_ws/firmware/mcu_ws/build/my_custom_message'
[2.722s] cd /home/ice/microros_ws/firmware/mcu_ws/build/my_custom_message && /usr/bin/cmake -E cmake_depends "Unix Makefiles" /home/ice/microros_ws/firmware/mcu_ws/my_custom_message /home/ice/microros_ws/firmware/mcu_ws/my_custom_message /home/ice/microros_ws/firmware/mcu_ws/build/my_custom_message /home/ice/microros_ws/firmware/mcu_ws/build/my_custom_message /home/ice/microros_ws/firmware/mcu_ws/build/my_custom_message/CMakeFiles/my_custom_message__rosidl_typesupport_introspection_c.dir/DependInfo.cmake --color=
[2.743s] Dependencies file "CMakeFiles/my_custom_message__rosidl_typesupport_introspection_c.dir/rosidl_typesupport_introspection_c/my_custom_message/msg/detail/my_custom_message__type_support.c.obj.d" is newer than depends file "/home/ice/microros_ws/firmware/mcu_ws/build/my_custom_message/CMakeFiles/my_custom_message__rosidl_typesupport_introspection_c.dir/compiler_depend.internal".
[2.745s] [35m[1mConsolidate compiler generated dependencies of target my_custom_message__rosidl_typesupport_introspection_c[0m
[2.748s] gmake[6]: Leaving directory '/home/ice/microros_ws/firmware/mcu_ws/build/my_custom_message'
[2.748s] /usr/bin/gmake  -f CMakeFiles/my_custom_message__rosidl_typesupport_introspection_c.dir/build.make CMakeFiles/my_custom_message__rosidl_typesupport_introspection_c.dir/build
[2.753s] gmake[6]: Entering directory '/home/ice/microros_ws/firmware/mcu_ws/build/my_custom_message'
[2.753s] gmake[6]: Nothing to be done for 'CMakeFiles/my_custom_message__rosidl_typesupport_introspection_c.dir/build'.
[2.753s] gmake[6]: Leaving directory '/home/ice/microros_ws/firmware/mcu_ws/build/my_custom_message'
[2.774s] [ 50%] Built target my_custom_message__rosidl_typesupport_introspection_c
[2.776s] /usr/bin/gmake  -f CMakeFiles/my_custom_message__rosidl_typesupport_microxrcedds_c.dir/build.make CMakeFiles/my_custom_message__rosidl_typesupport_microxrcedds_c.dir/depend
[2.781s] gmake[6]: Entering directory '/home/ice/microros_ws/firmware/mcu_ws/build/my_custom_message'
[2.781s] cd /home/ice/microros_ws/firmware/mcu_ws/build/my_custom_message && /usr/bin/cmake -E cmake_depends "Unix Makefiles" /home/ice/microros_ws/firmware/mcu_ws/my_custom_message /home/ice/microros_ws/firmware/mcu_ws/my_custom_message /home/ice/microros_ws/firmware/mcu_ws/build/my_custom_message /home/ice/microros_ws/firmware/mcu_ws/build/my_custom_message /home/ice/microros_ws/firmware/mcu_ws/build/my_custom_message/CMakeFiles/my_custom_message__rosidl_typesupport_microxrcedds_c.dir/DependInfo.cmake --color=
[2.823s] Dependencies file "CMakeFiles/my_custom_message__rosidl_typesupport_microxrcedds_c.dir/rosidl_typesupport_microxrcedds_c/my_custom_message/msg/detail/microxrcedds/my_custom_message__type_support_c.c.obj.d" is newer than depends file "/home/ice/microros_ws/firmware/mcu_ws/build/my_custom_message/CMakeFiles/my_custom_message__rosidl_typesupport_microxrcedds_c.dir/compiler_depend.internal".
[2.823s] [35m[1mConsolidate compiler generated dependencies of target my_custom_message__rosidl_typesupport_microxrcedds_c[0m
[2.826s] gmake[6]: Leaving directory '/home/ice/microros_ws/firmware/mcu_ws/build/my_custom_message'
[2.826s] /usr/bin/gmake  -f CMakeFiles/my_custom_message__rosidl_typesupport_microxrcedds_c.dir/build.make CMakeFiles/my_custom_message__rosidl_typesupport_microxrcedds_c.dir/build
[2.831s] gmake[6]: Entering directory '/home/ice/microros_ws/firmware/mcu_ws/build/my_custom_message'
[2.831s] gmake[6]: Nothing to be done for 'CMakeFiles/my_custom_message__rosidl_typesupport_microxrcedds_c.dir/build'.
[2.831s] gmake[6]: Leaving directory '/home/ice/microros_ws/firmware/mcu_ws/build/my_custom_message'
[2.850s] [ 75%] Built target my_custom_message__rosidl_typesupport_microxrcedds_c
[2.852s] /usr/bin/gmake  -f CMakeFiles/my_custom_message__rosidl_typesupport_c.dir/build.make CMakeFiles/my_custom_message__rosidl_typesupport_c.dir/depend
[2.856s] gmake[6]: Entering directory '/home/ice/microros_ws/firmware/mcu_ws/build/my_custom_message'
[2.856s] cd /home/ice/microros_ws/firmware/mcu_ws/build/my_custom_message && /usr/bin/cmake -E cmake_depends "Unix Makefiles" /home/ice/microros_ws/firmware/mcu_ws/my_custom_message /home/ice/microros_ws/firmware/mcu_ws/my_custom_message /home/ice/microros_ws/firmware/mcu_ws/build/my_custom_message /home/ice/microros_ws/firmware/mcu_ws/build/my_custom_message /home/ice/microros_ws/firmware/mcu_ws/build/my_custom_message/CMakeFiles/my_custom_message__rosidl_typesupport_c.dir/DependInfo.cmake --color=
[2.876s] Dependencies file "CMakeFiles/my_custom_message__rosidl_typesupport_c.dir/rosidl_typesupport_c/my_custom_message/msg/my_custom_message__type_support.cpp.obj.d" is newer than depends file "/home/ice/microros_ws/firmware/mcu_ws/build/my_custom_message/CMakeFiles/my_custom_message__rosidl_typesupport_c.dir/compiler_depend.internal".
[2.876s] [35m[1mConsolidate compiler generated dependencies of target my_custom_message__rosidl_typesupport_c[0m
[2.879s] gmake[6]: Leaving directory '/home/ice/microros_ws/firmware/mcu_ws/build/my_custom_message'
[2.880s] /usr/bin/gmake  -f CMakeFiles/my_custom_message__rosidl_typesupport_c.dir/build.make CMakeFiles/my_custom_message__rosidl_typesupport_c.dir/build
[2.895s] gmake[6]: Entering directory '/home/ice/microros_ws/firmware/mcu_ws/build/my_custom_message'
[2.895s] gmake[6]: Nothing to be done for 'CMakeFiles/my_custom_message__rosidl_typesupport_c.dir/build'.
[2.895s] gmake[6]: Leaving directory '/home/ice/microros_ws/firmware/mcu_ws/build/my_custom_message'
[2.912s] [100%] Built target my_custom_message__rosidl_typesupport_c
[2.914s] /usr/bin/gmake  -f CMakeFiles/my_custom_message.dir/build.make CMakeFiles/my_custom_message.dir/depend
[2.918s] gmake[6]: Entering directory '/home/ice/microros_ws/firmware/mcu_ws/build/my_custom_message'
[2.918s] cd /home/ice/microros_ws/firmware/mcu_ws/build/my_custom_message && /usr/bin/cmake -E cmake_depends "Unix Makefiles" /home/ice/microros_ws/firmware/mcu_ws/my_custom_message /home/ice/microros_ws/firmware/mcu_ws/my_custom_message /home/ice/microros_ws/firmware/mcu_ws/build/my_custom_message /home/ice/microros_ws/firmware/mcu_ws/build/my_custom_message /home/ice/microros_ws/firmware/mcu_ws/build/my_custom_message/CMakeFiles/my_custom_message.dir/DependInfo.cmake --color=
[2.938s] gmake[6]: Leaving directory '/home/ice/microros_ws/firmware/mcu_ws/build/my_custom_message'
[2.938s] /usr/bin/gmake  -f CMakeFiles/my_custom_message.dir/build.make CMakeFiles/my_custom_message.dir/build
[2.942s] gmake[6]: Entering directory '/home/ice/microros_ws/firmware/mcu_ws/build/my_custom_message'
[2.942s] gmake[6]: Nothing to be done for 'CMakeFiles/my_custom_message.dir/build'.
[2.942s] gmake[6]: Leaving directory '/home/ice/microros_ws/firmware/mcu_ws/build/my_custom_message'
[2.961s] [100%] Built target my_custom_message
[2.964s] gmake[5]: Leaving directory '/home/ice/microros_ws/firmware/mcu_ws/build/my_custom_message'
[2.965s] /usr/bin/cmake -E cmake_progress_start /home/ice/microros_ws/firmware/mcu_ws/build/my_custom_message/CMakeFiles 0
[3.010s] gmake[4]: Leaving directory '/home/ice/microros_ws/firmware/mcu_ws/build/my_custom_message'
[3.019s] Invoked command in '/home/ice/microros_ws/firmware/mcu_ws/build/my_custom_message' returned '0': AMENT_PREFIX_PATH=/home/ice/microros_ws/firmware/mcu_ws/install:${AMENT_PREFIX_PATH} CMAKE_PREFIX_PATH=/home/ice/microros_ws/firmware/mcu_ws/install:/home/ice/microros_ws/firmware/dev_ws/install/ament_lint_common:/home/ice/microros_ws/firmware/dev_ws/install/ament_cmake_uncrustify:/home/ice/microros_ws/firmware/dev_ws/install/uncrustify_vendor:/home/ice/microros_ws/firmware/dev_ws/install/ament_cmake_ros:/home/ice/microros_ws/firmware/dev_ws/install/ament_cmake_auto:/home/ice/microros_ws/firmware/dev_ws/install/ament_cmake_gmock:/home/ice/microros_ws/firmware/dev_ws/install/gmock_vendor:/home/ice/microros_ws/firmware/dev_ws/install/ament_cmake_gtest:/home/ice/microros_ws/firmware/dev_ws/install/gtest_vendor:/home/ice/microros_ws/firmware/dev_ws/install/ament_cmake_xmllint:/home/ice/microros_ws/firmware/dev_ws/install/ament_cmake_pyflakes:/home/ice/microros_ws/firmware/dev_ws/install/ament_cmake_pycodestyle:/home/ice/microros_ws/firmware/dev_ws/install/ament_cmake_pep257:/home/ice/microros_ws/firmware/dev_ws/install/ament_cmake_pclint:/home/ice/microros_ws/firmware/dev_ws/install/ament_lint_auto:/home/ice/microros_ws/firmware/dev_ws/install/ament_cmake:/home/ice/microros_ws/firmware/dev_ws/install/ament_cmake_version:/home/ice/microros_ws/firmware/dev_ws/install/ament_cmake_vendor_package:/home/ice/microros_ws/firmware/dev_ws/install/ament_cmake_pytest:/home/ice/microros_ws/firmware/dev_ws/install/ament_cmake_nose:/home/ice/microros_ws/firmware/dev_ws/install/ament_cmake_mypy:/home/ice/microros_ws/firmware/dev_ws/install/ament_cmake_lint_cmake:/home/ice/microros_ws/firmware/dev_ws/install/ament_cmake_google_benchmark:/home/ice/microros_ws/firmware/dev_ws/install/ament_cmake_flake8:/home/ice/microros_ws/firmware/dev_ws/install/ament_cmake_cpplint:/home/ice/microros_ws/firmware/dev_ws/install/ament_cmake_cppcheck:/home/ice/microros_ws/firmware/dev_ws/install/ament_cmake_copyright:/home/ice/microros_ws/firmware/dev_ws/install/ament_cmake_clang_tidy:/home/ice/microros_ws/firmware/dev_ws/install/ament_cmake_clang_format:/home/ice/microros_ws/firmware/dev_ws/install/ament_cmake_test:/home/ice/microros_ws/firmware/dev_ws/install/ament_cmake_target_dependencies:/home/ice/microros_ws/firmware/dev_ws/install/ament_cmake_python:/home/ice/microros_ws/firmware/dev_ws/install/ament_cmake_export_dependencies:/home/ice/microros_ws/firmware/dev_ws/install/ament_cmake_libraries:/home/ice/microros_ws/firmware/dev_ws/install/ament_cmake_include_directories:/home/ice/microros_ws/firmware/dev_ws/install/ament_cmake_gen_version_h:/home/ice/microros_ws/firmware/dev_ws/install/ament_cmake_export_targets:/home/ice/microros_ws/firmware/dev_ws/install/ament_cmake_export_link_flags:/home/ice/microros_ws/firmware/dev_ws/install/ament_cmake_export_interfaces:/home/ice/microros_ws/firmware/dev_ws/install/ament_cmake_export_libraries:/home/ice/microros_ws/firmware/dev_ws/install/ament_cmake_export_include_directories:/home/ice/microros_ws/firmware/dev_ws/install/ament_cmake_export_definitions:/home/ice/microros_ws/firmware/dev_ws/install/ament_cmake_core:/home/ice/microros_ws/firmware/dev_ws/install/ament_index_cpp:/home/ice/microros_ws/firmware/dev_ws/install/ament_uncrustify:/home/ice/microros_ws/firmware/dev_ws/install/domain_coordinator:/home/ice/microros_ws/firmware/dev_ws/install/ament_xmllint:/home/ice/microros_ws/firmware/dev_ws/install/ament_pyflakes:/home/ice/microros_ws/firmware/dev_ws/install/ament_pycodestyle:/home/ice/microros_ws/firmware/dev_ws/install/ament_pep257:/home/ice/microros_ws/firmware/dev_ws/install/ament_pclint:/home/ice/microros_ws/firmware/dev_ws/install/ament_package:/home/ice/microros_ws/firmware/dev_ws/install/ament_mypy:/home/ice/microros_ws/firmware/dev_ws/install/ament_lint_cmake:/home/ice/microros_ws/firmware/dev_ws/install/ament_flake8:/home/ice/microros_ws/firmware/dev_ws/install/ament_copyright:/home/ice/microros_ws/firmware/dev_ws/install/ament_lint:/home/ice/microros_ws/firmware/dev_ws/install/ament_index_python:/home/ice/microros_ws/firmware/dev_ws/install/ament_cpplint:/home/ice/microros_ws/firmware/dev_ws/install/ament_cppcheck:/home/ice/microros_ws/firmware/dev_ws/install/ament_clang_tidy:/home/ice/microros_ws/firmware/dev_ws/install/ament_clang_format LD_LIBRARY_PATH=/home/ice/microros_ws/firmware/mcu_ws/install/lib:${LD_LIBRARY_PATH} PATH=/home/ice/microros_ws/firmware/mcu_ws/install/bin:${PATH} PYTHONPATH=/home/ice/microros_ws/firmware/mcu_ws/install/lib/python3.10/site-packages:${PYTHONPATH} /usr/bin/cmake --build /home/ice/microros_ws/firmware/mcu_ws/build/my_custom_message -- -j2 -l2
[3.221s] Invoking command in '/home/ice/microros_ws/firmware/mcu_ws/build/my_custom_message': AMENT_PREFIX_PATH=/home/ice/microros_ws/firmware/mcu_ws/install:${AMENT_PREFIX_PATH} CMAKE_PREFIX_PATH=/home/ice/microros_ws/firmware/mcu_ws/install:/home/ice/microros_ws/firmware/dev_ws/install/ament_lint_common:/home/ice/microros_ws/firmware/dev_ws/install/ament_cmake_uncrustify:/home/ice/microros_ws/firmware/dev_ws/install/uncrustify_vendor:/home/ice/microros_ws/firmware/dev_ws/install/ament_cmake_ros:/home/ice/microros_ws/firmware/dev_ws/install/ament_cmake_auto:/home/ice/microros_ws/firmware/dev_ws/install/ament_cmake_gmock:/home/ice/microros_ws/firmware/dev_ws/install/gmock_vendor:/home/ice/microros_ws/firmware/dev_ws/install/ament_cmake_gtest:/home/ice/microros_ws/firmware/dev_ws/install/gtest_vendor:/home/ice/microros_ws/firmware/dev_ws/install/ament_cmake_xmllint:/home/ice/microros_ws/firmware/dev_ws/install/ament_cmake_pyflakes:/home/ice/microros_ws/firmware/dev_ws/install/ament_cmake_pycodestyle:/home/ice/microros_ws/firmware/dev_ws/install/ament_cmake_pep257:/home/ice/microros_ws/firmware/dev_ws/install/ament_cmake_pclint:/home/ice/microros_ws/firmware/dev_ws/install/ament_lint_auto:/home/ice/microros_ws/firmware/dev_ws/install/ament_cmake:/home/ice/microros_ws/firmware/dev_ws/install/ament_cmake_version:/home/ice/microros_ws/firmware/dev_ws/install/ament_cmake_vendor_package:/home/ice/microros_ws/firmware/dev_ws/install/ament_cmake_pytest:/home/ice/microros_ws/firmware/dev_ws/install/ament_cmake_nose:/home/ice/microros_ws/firmware/dev_ws/install/ament_cmake_mypy:/home/ice/microros_ws/firmware/dev_ws/install/ament_cmake_lint_cmake:/home/ice/microros_ws/firmware/dev_ws/install/ament_cmake_google_benchmark:/home/ice/microros_ws/firmware/dev_ws/install/ament_cmake_flake8:/home/ice/microros_ws/firmware/dev_ws/install/ament_cmake_cpplint:/home/ice/microros_ws/firmware/dev_ws/install/ament_cmake_cppcheck:/home/ice/microros_ws/firmware/dev_ws/install/ament_cmake_copyright:/home/ice/microros_ws/firmware/dev_ws/install/ament_cmake_clang_tidy:/home/ice/microros_ws/firmware/dev_ws/install/ament_cmake_clang_format:/home/ice/microros_ws/firmware/dev_ws/install/ament_cmake_test:/home/ice/microros_ws/firmware/dev_ws/install/ament_cmake_target_dependencies:/home/ice/microros_ws/firmware/dev_ws/install/ament_cmake_python:/home/ice/microros_ws/firmware/dev_ws/install/ament_cmake_export_dependencies:/home/ice/microros_ws/firmware/dev_ws/install/ament_cmake_libraries:/home/ice/microros_ws/firmware/dev_ws/install/ament_cmake_include_directories:/home/ice/microros_ws/firmware/dev_ws/install/ament_cmake_gen_version_h:/home/ice/microros_ws/firmware/dev_ws/install/ament_cmake_export_targets:/home/ice/microros_ws/firmware/dev_ws/install/ament_cmake_export_link_flags:/home/ice/microros_ws/firmware/dev_ws/install/ament_cmake_export_interfaces:/home/ice/microros_ws/firmware/dev_ws/install/ament_cmake_export_libraries:/home/ice/microros_ws/firmware/dev_ws/install/ament_cmake_export_include_directories:/home/ice/microros_ws/firmware/dev_ws/install/ament_cmake_export_definitions:/home/ice/microros_ws/firmware/dev_ws/install/ament_cmake_core:/home/ice/microros_ws/firmware/dev_ws/install/ament_index_cpp:/home/ice/microros_ws/firmware/dev_ws/install/ament_uncrustify:/home/ice/microros_ws/firmware/dev_ws/install/domain_coordinator:/home/ice/microros_ws/firmware/dev_ws/install/ament_xmllint:/home/ice/microros_ws/firmware/dev_ws/install/ament_pyflakes:/home/ice/microros_ws/firmware/dev_ws/install/ament_pycodestyle:/home/ice/microros_ws/firmware/dev_ws/install/ament_pep257:/home/ice/microros_ws/firmware/dev_ws/install/ament_pclint:/home/ice/microros_ws/firmware/dev_ws/install/ament_package:/home/ice/microros_ws/firmware/dev_ws/install/ament_mypy:/home/ice/microros_ws/firmware/dev_ws/install/ament_lint_cmake:/home/ice/microros_ws/firmware/dev_ws/install/ament_flake8:/home/ice/microros_ws/firmware/dev_ws/install/ament_copyright:/home/ice/microros_ws/firmware/dev_ws/install/ament_lint:/home/ice/microros_ws/firmware/dev_ws/install/ament_index_python:/home/ice/microros_ws/firmware/dev_ws/install/ament_cpplint:/home/ice/microros_ws/firmware/dev_ws/install/ament_cppcheck:/home/ice/microros_ws/firmware/dev_ws/install/ament_clang_tidy:/home/ice/microros_ws/firmware/dev_ws/install/ament_clang_format LD_LIBRARY_PATH=/home/ice/microros_ws/firmware/mcu_ws/install/lib:${LD_LIBRARY_PATH} PATH=/home/ice/microros_ws/firmware/mcu_ws/install/bin:${PATH} PYTHONPATH=/home/ice/microros_ws/firmware/mcu_ws/install/lib/python3.10/site-packages:${PYTHONPATH} /usr/bin/cmake --install /home/ice/microros_ws/firmware/mcu_ws/build/my_custom_message
[3.241s] -- Install configuration: "Debug"
[3.243s] -- Up-to-date: /home/ice/microros_ws/firmware/mcu_ws/install/share/ament_index/resource_index/rosidl_interfaces/my_custom_message
[3.244s] -- Up-to-date: /home/ice/microros_ws/firmware/mcu_ws/install/include/my_custom_message/my_custom_message
[3.245s] -- Up-to-date: /home/ice/microros_ws/firmware/mcu_ws/install/include/my_custom_message/my_custom_message/msg
[3.245s] -- Up-to-date: /home/ice/microros_ws/firmware/mcu_ws/install/include/my_custom_message/my_custom_message/msg/detail
[3.247s] -- Up-to-date: /home/ice/microros_ws/firmware/mcu_ws/install/include/my_custom_message/my_custom_message/msg/detail/my_custom_message__struct.h
[3.249s] -- Up-to-date: /home/ice/microros_ws/firmware/mcu_ws/install/include/my_custom_message/my_custom_message/msg/detail/my_custom_message__type_support.h
[3.249s] -- Up-to-date: /home/ice/microros_ws/firmware/mcu_ws/install/include/my_custom_message/my_custom_message/msg/detail/my_custom_message__functions.c
[3.250s] -- Up-to-date: /home/ice/microros_ws/firmware/mcu_ws/install/include/my_custom_message/my_custom_message/msg/detail/my_custom_message__functions.h
[3.250s] -- Up-to-date: /home/ice/microros_ws/firmware/mcu_ws/install/include/my_custom_message/my_custom_message/msg/my_custom_message.h
[3.252s] -- Up-to-date: /home/ice/microros_ws/firmware/mcu_ws/install/include/my_custom_message/my_custom_message/msg/rosidl_generator_c__visibility_control.h
[3.252s] -- Up-to-date: /home/ice/microros_ws/firmware/mcu_ws/install/share/my_custom_message/environment/library_path.sh
[3.252s] -- Installing: /home/ice/microros_ws/firmware/mcu_ws/install/share/my_custom_message/environment/library_path.dsv
[3.253s] -- Installing: /home/ice/microros_ws/firmware/mcu_ws/install/lib/libmy_custom_message__rosidl_generator_c.a
[3.256s] -- Up-to-date: /home/ice/microros_ws/firmware/mcu_ws/install/include/my_custom_message/my_custom_message
[3.265s] -- Up-to-date: /home/ice/microros_ws/firmware/mcu_ws/install/include/my_custom_message/my_custom_message/msg
[3.265s] -- Up-to-date: /home/ice/microros_ws/firmware/mcu_ws/install/include/my_custom_message/my_custom_message/msg/detail
[3.266s] -- Up-to-date: /home/ice/microros_ws/firmware/mcu_ws/install/include/my_custom_message/my_custom_message/msg/detail/my_custom_message__rosidl_typesupport_introspection_c.h
[3.266s] -- Up-to-date: /home/ice/microros_ws/firmware/mcu_ws/install/include/my_custom_message/my_custom_message/msg/detail/my_custom_message__type_support.c
[3.266s] -- Up-to-date: /home/ice/microros_ws/firmware/mcu_ws/install/include/my_custom_message/my_custom_message/msg/rosidl_typesupport_introspection_c__visibility_control.h
[3.266s] -- Up-to-date: /home/ice/microros_ws/firmware/mcu_ws/install/lib/libmy_custom_message__rosidl_typesupport_introspection_c.a
[3.266s] -- Up-to-date: /home/ice/microros_ws/firmware/mcu_ws/install/include/my_custom_message
[3.267s] -- Up-to-date: /home/ice/microros_ws/firmware/mcu_ws/install/include/my_custom_message/msg
[3.267s] -- Up-to-date: /home/ice/microros_ws/firmware/mcu_ws/install/include/my_custom_message/msg/detail
[3.267s] -- Up-to-date: /home/ice/microros_ws/firmware/mcu_ws/install/include/my_custom_message/msg/detail/microxrcedds
[3.267s] -- Up-to-date: /home/ice/microros_ws/firmware/mcu_ws/install/include/my_custom_message/msg/detail/my_custom_message__rosidl_typesupport_microxrcedds_c.h
[3.267s] -- Up-to-date: /home/ice/microros_ws/firmware/mcu_ws/install/include/my_custom_message/msg/rosidl_typesupport_microxrcedds_c__visibility_control.h
[3.267s] -- Up-to-date: /home/ice/microros_ws/firmware/mcu_ws/install/lib/libmy_custom_message__rosidl_typesupport_microxrcedds_c.a
[3.267s] -- Up-to-date: /home/ice/microros_ws/firmware/mcu_ws/install/lib/libmy_custom_message__rosidl_typesupport_c.a
[3.267s] -- Up-to-date: /home/ice/microros_ws/firmware/mcu_ws/install/share/my_custom_message/msg/MyCustomMessage.idl
[3.267s] -- Up-to-date: /home/ice/microros_ws/firmware/mcu_ws/install/share/my_custom_message/msg/MyCustomMessage.msg
[3.267s] -- Up-to-date: /home/ice/microros_ws/firmware/mcu_ws/install/share/ament_index/resource_index/package_run_dependencies/my_custom_message
[3.267s] -- Up-to-date: /home/ice/microros_ws/firmware/mcu_ws/install/share/ament_index/resource_index/parent_prefix_path/my_custom_message
[3.267s] -- Up-to-date: /home/ice/microros_ws/firmware/mcu_ws/install/share/my_custom_message/environment/ament_prefix_path.sh
[3.268s] -- Installing: /home/ice/microros_ws/firmware/mcu_ws/install/share/my_custom_message/environment/ament_prefix_path.dsv
[3.268s] -- Up-to-date: /home/ice/microros_ws/firmware/mcu_ws/install/share/my_custom_message/environment/path.sh
[3.268s] -- Installing: /home/ice/microros_ws/firmware/mcu_ws/install/share/my_custom_message/environment/path.dsv
[3.268s] -- Up-to-date: /home/ice/microros_ws/firmware/mcu_ws/install/share/my_custom_message/local_setup.bash
[3.269s] -- Up-to-date: /home/ice/microros_ws/firmware/mcu_ws/install/share/my_custom_message/local_setup.sh
[3.269s] -- Up-to-date: /home/ice/microros_ws/firmware/mcu_ws/install/share/my_custom_message/local_setup.zsh
[3.269s] -- Installing: /home/ice/microros_ws/firmware/mcu_ws/install/share/my_custom_message/local_setup.dsv
[3.269s] -- Installing: /home/ice/microros_ws/firmware/mcu_ws/install/share/my_custom_message/package.dsv
[3.269s] -- Up-to-date: /home/ice/microros_ws/firmware/mcu_ws/install/share/ament_index/resource_index/packages/my_custom_message
[3.269s] -- Up-to-date: /home/ice/microros_ws/firmware/mcu_ws/install/share/my_custom_message/cmake/export_my_custom_message__rosidl_generator_cExport.cmake
[3.269s] -- Up-to-date: /home/ice/microros_ws/firmware/mcu_ws/install/share/my_custom_message/cmake/export_my_custom_message__rosidl_generator_cExport-debug.cmake
[3.269s] -- Up-to-date: /home/ice/microros_ws/firmware/mcu_ws/install/share/my_custom_message/cmake/my_custom_message__rosidl_typesupport_introspection_cExport.cmake
[3.270s] -- Up-to-date: /home/ice/microros_ws/firmware/mcu_ws/install/share/my_custom_message/cmake/my_custom_message__rosidl_typesupport_introspection_cExport-debug.cmake
[3.270s] -- Up-to-date: /home/ice/microros_ws/firmware/mcu_ws/install/share/my_custom_message/cmake/my_custom_message__rosidl_typesupport_cExport.cmake
[3.270s] -- Up-to-date: /home/ice/microros_ws/firmware/mcu_ws/install/share/my_custom_message/cmake/my_custom_message__rosidl_typesupport_cExport-debug.cmake
[3.270s] -- Up-to-date: /home/ice/microros_ws/firmware/mcu_ws/install/share/my_custom_message/cmake/rosidl_cmake-extras.cmake
[3.270s] -- Up-to-date: /home/ice/microros_ws/firmware/mcu_ws/install/share/my_custom_message/cmake/ament_cmake_export_include_directories-extras.cmake
[3.270s] -- Up-to-date: /home/ice/microros_ws/firmware/mcu_ws/install/share/my_custom_message/cmake/ament_cmake_export_libraries-extras.cmake
[3.270s] -- Up-to-date: /home/ice/microros_ws/firmware/mcu_ws/install/share/my_custom_message/cmake/ament_cmake_export_targets-extras.cmake
[3.270s] -- Up-to-date: /home/ice/microros_ws/firmware/mcu_ws/install/share/my_custom_message/cmake/rosidl_cmake_export_typesupport_targets-extras.cmake
[3.270s] -- Up-to-date: /home/ice/microros_ws/firmware/mcu_ws/install/share/my_custom_message/cmake/ament_cmake_export_dependencies-extras.cmake
[3.270s] -- Up-to-date: /home/ice/microros_ws/firmware/mcu_ws/install/share/my_custom_message/cmake/rosidl_cmake_export_typesupport_libraries-extras.cmake
[3.271s] -- Up-to-date: /home/ice/microros_ws/firmware/mcu_ws/install/share/my_custom_message/cmake/my_custom_messageConfig.cmake
[3.271s] -- Up-to-date: /home/ice/microros_ws/firmware/mcu_ws/install/share/my_custom_message/cmake/my_custom_messageConfig-version.cmake
[3.271s] -- Up-to-date: /home/ice/microros_ws/firmware/mcu_ws/install/share/my_custom_message/package.xml
[3.279s] Invoked command in '/home/ice/microros_ws/firmware/mcu_ws/build/my_custom_message' returned '0': AMENT_PREFIX_PATH=/home/ice/microros_ws/firmware/mcu_ws/install:${AMENT_PREFIX_PATH} CMAKE_PREFIX_PATH=/home/ice/microros_ws/firmware/mcu_ws/install:/home/ice/microros_ws/firmware/dev_ws/install/ament_lint_common:/home/ice/microros_ws/firmware/dev_ws/install/ament_cmake_uncrustify:/home/ice/microros_ws/firmware/dev_ws/install/uncrustify_vendor:/home/ice/microros_ws/firmware/dev_ws/install/ament_cmake_ros:/home/ice/microros_ws/firmware/dev_ws/install/ament_cmake_auto:/home/ice/microros_ws/firmware/dev_ws/install/ament_cmake_gmock:/home/ice/microros_ws/firmware/dev_ws/install/gmock_vendor:/home/ice/microros_ws/firmware/dev_ws/install/ament_cmake_gtest:/home/ice/microros_ws/firmware/dev_ws/install/gtest_vendor:/home/ice/microros_ws/firmware/dev_ws/install/ament_cmake_xmllint:/home/ice/microros_ws/firmware/dev_ws/install/ament_cmake_pyflakes:/home/ice/microros_ws/firmware/dev_ws/install/ament_cmake_pycodestyle:/home/ice/microros_ws/firmware/dev_ws/install/ament_cmake_pep257:/home/ice/microros_ws/firmware/dev_ws/install/ament_cmake_pclint:/home/ice/microros_ws/firmware/dev_ws/install/ament_lint_auto:/home/ice/microros_ws/firmware/dev_ws/install/ament_cmake:/home/ice/microros_ws/firmware/dev_ws/install/ament_cmake_version:/home/ice/microros_ws/firmware/dev_ws/install/ament_cmake_vendor_package:/home/ice/microros_ws/firmware/dev_ws/install/ament_cmake_pytest:/home/ice/microros_ws/firmware/dev_ws/install/ament_cmake_nose:/home/ice/microros_ws/firmware/dev_ws/install/ament_cmake_mypy:/home/ice/microros_ws/firmware/dev_ws/install/ament_cmake_lint_cmake:/home/ice/microros_ws/firmware/dev_ws/install/ament_cmake_google_benchmark:/home/ice/microros_ws/firmware/dev_ws/install/ament_cmake_flake8:/home/ice/microros_ws/firmware/dev_ws/install/ament_cmake_cpplint:/home/ice/microros_ws/firmware/dev_ws/install/ament_cmake_cppcheck:/home/ice/microros_ws/firmware/dev_ws/install/ament_cmake_copyright:/home/ice/microros_ws/firmware/dev_ws/install/ament_cmake_clang_tidy:/home/ice/microros_ws/firmware/dev_ws/install/ament_cmake_clang_format:/home/ice/microros_ws/firmware/dev_ws/install/ament_cmake_test:/home/ice/microros_ws/firmware/dev_ws/install/ament_cmake_target_dependencies:/home/ice/microros_ws/firmware/dev_ws/install/ament_cmake_python:/home/ice/microros_ws/firmware/dev_ws/install/ament_cmake_export_dependencies:/home/ice/microros_ws/firmware/dev_ws/install/ament_cmake_libraries:/home/ice/microros_ws/firmware/dev_ws/install/ament_cmake_include_directories:/home/ice/microros_ws/firmware/dev_ws/install/ament_cmake_gen_version_h:/home/ice/microros_ws/firmware/dev_ws/install/ament_cmake_export_targets:/home/ice/microros_ws/firmware/dev_ws/install/ament_cmake_export_link_flags:/home/ice/microros_ws/firmware/dev_ws/install/ament_cmake_export_interfaces:/home/ice/microros_ws/firmware/dev_ws/install/ament_cmake_export_libraries:/home/ice/microros_ws/firmware/dev_ws/install/ament_cmake_export_include_directories:/home/ice/microros_ws/firmware/dev_ws/install/ament_cmake_export_definitions:/home/ice/microros_ws/firmware/dev_ws/install/ament_cmake_core:/home/ice/microros_ws/firmware/dev_ws/install/ament_index_cpp:/home/ice/microros_ws/firmware/dev_ws/install/ament_uncrustify:/home/ice/microros_ws/firmware/dev_ws/install/domain_coordinator:/home/ice/microros_ws/firmware/dev_ws/install/ament_xmllint:/home/ice/microros_ws/firmware/dev_ws/install/ament_pyflakes:/home/ice/microros_ws/firmware/dev_ws/install/ament_pycodestyle:/home/ice/microros_ws/firmware/dev_ws/install/ament_pep257:/home/ice/microros_ws/firmware/dev_ws/install/ament_pclint:/home/ice/microros_ws/firmware/dev_ws/install/ament_package:/home/ice/microros_ws/firmware/dev_ws/install/ament_mypy:/home/ice/microros_ws/firmware/dev_ws/install/ament_lint_cmake:/home/ice/microros_ws/firmware/dev_ws/install/ament_flake8:/home/ice/microros_ws/firmware/dev_ws/install/ament_copyright:/home/ice/microros_ws/firmware/dev_ws/install/ament_lint:/home/ice/microros_ws/firmware/dev_ws/install/ament_index_python:/home/ice/microros_ws/firmware/dev_ws/install/ament_cpplint:/home/ice/microros_ws/firmware/dev_ws/install/ament_cppcheck:/home/ice/microros_ws/firmware/dev_ws/install/ament_clang_tidy:/home/ice/microros_ws/firmware/dev_ws/install/ament_clang_format LD_LIBRARY_PATH=/home/ice/microros_ws/firmware/mcu_ws/install/lib:${LD_LIBRARY_PATH} PATH=/home/ice/microros_ws/firmware/mcu_ws/install/bin:${PATH} PYTHONPATH=/home/ice/microros_ws/firmware/mcu_ws/install/lib/python3.10/site-packages:${PYTHONPATH} /usr/bin/cmake --install /home/ice/microros_ws/firmware/mcu_ws/build/my_custom_message
