[0.084s] Invoking command in '/home/ice/microros_ws/firmware/mcu_ws/build/microcdr': /usr/bin/cmake --build /home/ice/microros_ws/firmware/mcu_ws/build/microcdr -- -j2 -l2
[0.165s] gmake[4]: Entering directory '/home/ice/microros_ws/firmware/mcu_ws/build/microcdr'
[0.165s] /usr/bin/cmake -S/home/ice/microros_ws/firmware/mcu_ws/eProsima/Micro-CDR -B/home/ice/microros_ws/firmware/mcu_ws/build/microcdr --check-build-system CMakeFiles/Makefile.cmake 0
[0.190s] Re-run cmake file: Makefile older than: /home/ice/microros_ws/firmware/freertos_apps/microros_esp32_extensions/esp32_toolchain.cmake
[0.206s] -- Configuring done
[0.251s] -- Generating done
[0.257s] -- Build files have been written to: /home/ice/microros_ws/firmware/mcu_ws/build/microcdr
[0.261s] /usr/bin/cmake -E cmake_progress_start /home/ice/microros_ws/firmware/mcu_ws/build/microcdr/CMakeFiles /home/ice/microros_ws/firmware/mcu_ws/build/microcdr//CMakeFiles/progress.marks
[0.294s] /usr/bin/gmake  -f CMakeFiles/Makefile2 all
[0.299s] gmake[5]: Entering directory '/home/ice/microros_ws/firmware/mcu_ws/build/microcdr'
[0.300s] /usr/bin/gmake  -f CMakeFiles/microcdr.dir/build.make CMakeFiles/microcdr.dir/depend
[0.304s] gmake[6]: Entering directory '/home/ice/microros_ws/firmware/mcu_ws/build/microcdr'
[0.304s] cd /home/ice/microros_ws/firmware/mcu_ws/build/microcdr && /usr/bin/cmake -E cmake_depends "Unix Makefiles" /home/ice/microros_ws/firmware/mcu_ws/eProsima/Micro-CDR /home/ice/microros_ws/firmware/mcu_ws/eProsima/Micro-CDR /home/ice/microros_ws/firmware/mcu_ws/build/microcdr /home/ice/microros_ws/firmware/mcu_ws/build/microcdr /home/ice/microros_ws/firmware/mcu_ws/build/microcdr/CMakeFiles/microcdr.dir/DependInfo.cmake --color=
[0.353s] Dependencies file "CMakeFiles/microcdr.dir/src/c/common.c.obj.d" is newer than depends file "/home/ice/microros_ws/firmware/mcu_ws/build/microcdr/CMakeFiles/microcdr.dir/compiler_depend.internal".
[0.354s] Dependencies file "CMakeFiles/microcdr.dir/src/c/types/array.c.obj.d" is newer than depends file "/home/ice/microros_ws/firmware/mcu_ws/build/microcdr/CMakeFiles/microcdr.dir/compiler_depend.internal".
[0.354s] Dependencies file "CMakeFiles/microcdr.dir/src/c/types/basic.c.obj.d" is newer than depends file "/home/ice/microros_ws/firmware/mcu_ws/build/microcdr/CMakeFiles/microcdr.dir/compiler_depend.internal".
[0.354s] Dependencies file "CMakeFiles/microcdr.dir/src/c/types/sequence.c.obj.d" is newer than depends file "/home/ice/microros_ws/firmware/mcu_ws/build/microcdr/CMakeFiles/microcdr.dir/compiler_depend.internal".
[0.354s] Dependencies file "CMakeFiles/microcdr.dir/src/c/types/string.c.obj.d" is newer than depends file "/home/ice/microros_ws/firmware/mcu_ws/build/microcdr/CMakeFiles/microcdr.dir/compiler_depend.internal".
[0.355s] [35m[1mConsolidate compiler generated dependencies of target microcdr[0m
[0.361s] gmake[6]: Leaving directory '/home/ice/microros_ws/firmware/mcu_ws/build/microcdr'
[0.362s] /usr/bin/gmake  -f CMakeFiles/microcdr.dir/build.make CMakeFiles/microcdr.dir/build
[0.366s] gmake[6]: Entering directory '/home/ice/microros_ws/firmware/mcu_ws/build/microcdr'
[0.367s] gmake[6]: Nothing to be done for 'CMakeFiles/microcdr.dir/build'.
[0.368s] gmake[6]: Leaving directory '/home/ice/microros_ws/firmware/mcu_ws/build/microcdr'
[0.390s] [100%] Built target microcdr
[0.392s] gmake[5]: Leaving directory '/home/ice/microros_ws/firmware/mcu_ws/build/microcdr'
[0.393s] /usr/bin/cmake -E cmake_progress_start /home/ice/microros_ws/firmware/mcu_ws/build/microcdr/CMakeFiles 0
[0.416s] gmake[4]: Leaving directory '/home/ice/microros_ws/firmware/mcu_ws/build/microcdr'
[0.431s] Invoked command in '/home/ice/microros_ws/firmware/mcu_ws/build/microcdr' returned '0': /usr/bin/cmake --build /home/ice/microros_ws/firmware/mcu_ws/build/microcdr -- -j2 -l2
[0.588s] Invoking command in '/home/ice/microros_ws/firmware/mcu_ws/build/microcdr': /usr/bin/cmake --install /home/ice/microros_ws/firmware/mcu_ws/build/microcdr
[0.609s] -- Install configuration: "Debug"
[0.609s] -- Up-to-date: /home/ice/microros_ws/firmware/mcu_ws/install/lib/libmicrocdr.a
[0.609s] -- Up-to-date: /home/ice/microros_ws/firmware/mcu_ws/install/include/ucdr
[0.609s] -- Up-to-date: /home/ice/microros_ws/firmware/mcu_ws/install/include/ucdr/microcdr.h
[0.610s] -- Up-to-date: /home/ice/microros_ws/firmware/mcu_ws/install/include/ucdr/visibility.h
[0.610s] -- Up-to-date: /home/ice/microros_ws/firmware/mcu_ws/install/include/ucdr/config.h
[0.610s] -- Up-to-date: /home/ice/microros_ws/firmware/mcu_ws/install/share/microcdr/cmake/microcdrTargets.cmake
[0.611s] -- Up-to-date: /home/ice/microros_ws/firmware/mcu_ws/install/share/microcdr/cmake/microcdrTargets-debug.cmake
[0.611s] -- Up-to-date: /home/ice/microros_ws/firmware/mcu_ws/install/share/microcdr/cmake/microcdrConfig.cmake
[0.611s] -- Up-to-date: /home/ice/microros_ws/firmware/mcu_ws/install/share/microcdr/cmake/microcdrConfigVersion.cmake
[0.627s] Invoked command in '/home/ice/microros_ws/firmware/mcu_ws/build/microcdr' returned '0': /usr/bin/cmake --install /home/ice/microros_ws/firmware/mcu_ws/build/microcdr
