[0.378s] Invoking command in '/home/ice/polaris-bot/ros2_ws/build/services': CMAKE_PREFIX_PATH=${CMAKE_PREFIX_PATH}:/opt/ros/humble /usr/bin/cmake --build /home/ice/polaris-bot/ros2_ws/build/services -- -j2 -l2
[0.507s] [  3%] Built target services__cpp
[0.513s] [ 12%] Built target services__rosidl_generator_c
[0.587s] [ 22%] Built target services__rosidl_typesupport_introspection_cpp
[0.587s] [ 22%] Built target ament_cmake_python_copy_services
[0.655s] [ 32%] Built target services__rosidl_typesupport_cpp
[0.656s] [ 41%] Built target services__rosidl_typesupport_fastrtps_c
[0.716s] [ 51%] Built target services__rosidl_typesupport_introspection_c
[0.727s] [ 61%] Built target services__rosidl_typesupport_c
[0.780s] [ 70%] Built target services__rosidl_typesupport_fastrtps_cpp
[0.821s] [ 70%] Built target services
[0.889s] [ 74%] Built target services__py
[0.953s] [ 80%] Built target services__rosidl_generator_py
[0.996s] [ 87%] Built target services__rosidl_typesupport_fastrtps_c__pyext
[1.044s] [ 93%] Built target services__rosidl_typesupport_introspection_c__pyext
[1.097s] [100%] Built target services__rosidl_typesupport_c__pyext
[1.231s] running egg_info
[1.231s] writing services.egg-info/PKG-INFO
[1.231s] writing dependency_links to services.egg-info/dependency_links.txt
[1.232s] writing top-level names to services.egg-info/top_level.txt
[1.235s] reading manifest file 'services.egg-info/SOURCES.txt'
[1.238s] writing manifest file 'services.egg-info/SOURCES.txt'
[1.289s] [100%] Built target ament_cmake_python_build_services_egg
[1.314s] Invoked command in '/home/ice/polaris-bot/ros2_ws/build/services' returned '0': CMAKE_PREFIX_PATH=${CMAKE_PREFIX_PATH}:/opt/ros/humble /usr/bin/cmake --build /home/ice/polaris-bot/ros2_ws/build/services -- -j2 -l2
[1.590s] Invoking command in '/home/ice/polaris-bot/ros2_ws/build/services': CMAKE_PREFIX_PATH=${CMAKE_PREFIX_PATH}:/opt/ros/humble /usr/bin/cmake --install /home/ice/polaris-bot/ros2_ws/build/services
[1.605s] -- Install configuration: ""
[1.606s] -- Up-to-date: /home/ice/polaris-bot/ros2_ws/install/services/share/ament_index/resource_index/rosidl_interfaces/services
[1.606s] -- Up-to-date: /home/ice/polaris-bot/ros2_ws/install/services/include/services/services
[1.607s] -- Up-to-date: /home/ice/polaris-bot/ros2_ws/install/services/include/services/services/srv
[1.607s] -- Up-to-date: /home/ice/polaris-bot/ros2_ws/install/services/include/services/services/srv/detail
[1.608s] -- Up-to-date: /home/ice/polaris-bot/ros2_ws/install/services/include/services/services/srv/detail/test_service__functions.c
[1.608s] -- Up-to-date: /home/ice/polaris-bot/ros2_ws/install/services/include/services/services/srv/detail/test_service__functions.h
[1.608s] -- Up-to-date: /home/ice/polaris-bot/ros2_ws/install/services/include/services/services/srv/detail/test_service__type_support.h
[1.608s] -- Up-to-date: /home/ice/polaris-bot/ros2_ws/install/services/include/services/services/srv/detail/test_service__struct.h
[1.609s] -- Up-to-date: /home/ice/polaris-bot/ros2_ws/install/services/include/services/services/srv/test_service.h
[1.609s] -- Up-to-date: /home/ice/polaris-bot/ros2_ws/install/services/include/services/services/msg
[1.609s] -- Up-to-date: /home/ice/polaris-bot/ros2_ws/install/services/include/services/services/msg/rosidl_generator_c__visibility_control.h
[1.610s] -- Up-to-date: /home/ice/polaris-bot/ros2_ws/install/services/share/services/environment/library_path.sh
[1.610s] -- Up-to-date: /home/ice/polaris-bot/ros2_ws/install/services/share/services/environment/library_path.dsv
[1.610s] -- Up-to-date: /home/ice/polaris-bot/ros2_ws/install/services/lib/libservices__rosidl_generator_c.so
[1.611s] -- Up-to-date: /home/ice/polaris-bot/ros2_ws/install/services/include/services/services
[1.611s] -- Up-to-date: /home/ice/polaris-bot/ros2_ws/install/services/include/services/services/srv
[1.612s] -- Up-to-date: /home/ice/polaris-bot/ros2_ws/install/services/include/services/services/srv/detail
[1.612s] -- Up-to-date: /home/ice/polaris-bot/ros2_ws/install/services/include/services/services/srv/detail/test_service__rosidl_typesupport_fastrtps_c.h
[1.612s] -- Up-to-date: /home/ice/polaris-bot/ros2_ws/install/services/include/services/services/msg
[1.612s] -- Up-to-date: /home/ice/polaris-bot/ros2_ws/install/services/include/services/services/msg/rosidl_typesupport_fastrtps_c__visibility_control.h
[1.613s] -- Up-to-date: /home/ice/polaris-bot/ros2_ws/install/services/lib/libservices__rosidl_typesupport_fastrtps_c.so
[1.614s] -- Up-to-date: /home/ice/polaris-bot/ros2_ws/install/services/include/services/services
[1.615s] -- Up-to-date: /home/ice/polaris-bot/ros2_ws/install/services/include/services/services/srv
[1.615s] -- Up-to-date: /home/ice/polaris-bot/ros2_ws/install/services/include/services/services/srv/detail
[1.615s] -- Up-to-date: /home/ice/polaris-bot/ros2_ws/install/services/include/services/services/srv/detail/test_service__rosidl_typesupport_introspection_c.h
[1.615s] -- Up-to-date: /home/ice/polaris-bot/ros2_ws/install/services/include/services/services/srv/detail/test_service__type_support.c
[1.615s] -- Up-to-date: /home/ice/polaris-bot/ros2_ws/install/services/include/services/services/msg
[1.615s] -- Up-to-date: /home/ice/polaris-bot/ros2_ws/install/services/include/services/services/msg/rosidl_typesupport_introspection_c__visibility_control.h
[1.616s] -- Up-to-date: /home/ice/polaris-bot/ros2_ws/install/services/lib/libservices__rosidl_typesupport_introspection_c.so
[1.616s] -- Up-to-date: /home/ice/polaris-bot/ros2_ws/install/services/lib/libservices__rosidl_typesupport_c.so
[1.616s] -- Up-to-date: /home/ice/polaris-bot/ros2_ws/install/services/include/services/services
[1.616s] -- Up-to-date: /home/ice/polaris-bot/ros2_ws/install/services/include/services/services/srv
[1.616s] -- Up-to-date: /home/ice/polaris-bot/ros2_ws/install/services/include/services/services/srv/detail
[1.616s] -- Up-to-date: /home/ice/polaris-bot/ros2_ws/install/services/include/services/services/srv/detail/test_service__struct.hpp
[1.616s] -- Up-to-date: /home/ice/polaris-bot/ros2_ws/install/services/include/services/services/srv/detail/test_service__builder.hpp
[1.616s] -- Up-to-date: /home/ice/polaris-bot/ros2_ws/install/services/include/services/services/srv/detail/test_service__traits.hpp
[1.616s] -- Up-to-date: /home/ice/polaris-bot/ros2_ws/install/services/include/services/services/srv/test_service.hpp
[1.616s] -- Up-to-date: /home/ice/polaris-bot/ros2_ws/install/services/include/services/services
[1.616s] -- Up-to-date: /home/ice/polaris-bot/ros2_ws/install/services/include/services/services/srv
[1.616s] -- Up-to-date: /home/ice/polaris-bot/ros2_ws/install/services/include/services/services/srv/detail
[1.617s] -- Up-to-date: /home/ice/polaris-bot/ros2_ws/install/services/include/services/services/srv/detail/dds_fastrtps
[1.617s] -- Up-to-date: /home/ice/polaris-bot/ros2_ws/install/services/include/services/services/srv/detail/test_service__rosidl_typesupport_fastrtps_cpp.hpp
[1.617s] -- Up-to-date: /home/ice/polaris-bot/ros2_ws/install/services/include/services/services/msg
[1.617s] -- Up-to-date: /home/ice/polaris-bot/ros2_ws/install/services/include/services/services/msg/rosidl_typesupport_fastrtps_cpp__visibility_control.h
[1.617s] -- Up-to-date: /home/ice/polaris-bot/ros2_ws/install/services/lib/libservices__rosidl_typesupport_fastrtps_cpp.so
[1.617s] -- Up-to-date: /home/ice/polaris-bot/ros2_ws/install/services/include/services/services
[1.617s] -- Up-to-date: /home/ice/polaris-bot/ros2_ws/install/services/include/services/services/srv
[1.617s] -- Up-to-date: /home/ice/polaris-bot/ros2_ws/install/services/include/services/services/srv/detail
[1.617s] -- Up-to-date: /home/ice/polaris-bot/ros2_ws/install/services/include/services/services/srv/detail/test_service__type_support.cpp
[1.617s] -- Up-to-date: /home/ice/polaris-bot/ros2_ws/install/services/include/services/services/srv/detail/test_service__rosidl_typesupport_introspection_cpp.hpp
[1.617s] -- Up-to-date: /home/ice/polaris-bot/ros2_ws/install/services/lib/libservices__rosidl_typesupport_introspection_cpp.so
[1.617s] -- Up-to-date: /home/ice/polaris-bot/ros2_ws/install/services/lib/libservices__rosidl_typesupport_cpp.so
[1.617s] -- Up-to-date: /home/ice/polaris-bot/ros2_ws/install/services/share/services/environment/pythonpath.sh
[1.618s] -- Up-to-date: /home/ice/polaris-bot/ros2_ws/install/services/share/services/environment/pythonpath.dsv
[1.618s] -- Up-to-date: /home/ice/polaris-bot/ros2_ws/install/services/local/lib/python3.10/dist-packages/services-0.0.0-py3.10.egg-info
[1.618s] -- Installing: /home/ice/polaris-bot/ros2_ws/install/services/local/lib/python3.10/dist-packages/services-0.0.0-py3.10.egg-info/top_level.txt
[1.618s] -- Installing: /home/ice/polaris-bot/ros2_ws/install/services/local/lib/python3.10/dist-packages/services-0.0.0-py3.10.egg-info/PKG-INFO
[1.618s] -- Installing: /home/ice/polaris-bot/ros2_ws/install/services/local/lib/python3.10/dist-packages/services-0.0.0-py3.10.egg-info/SOURCES.txt
[1.618s] -- Installing: /home/ice/polaris-bot/ros2_ws/install/services/local/lib/python3.10/dist-packages/services-0.0.0-py3.10.egg-info/dependency_links.txt
[1.618s] -- Up-to-date: /home/ice/polaris-bot/ros2_ws/install/services/local/lib/python3.10/dist-packages/services
[1.618s] -- Up-to-date: /home/ice/polaris-bot/ros2_ws/install/services/local/lib/python3.10/dist-packages/services/_services_s.ep.rosidl_typesupport_introspection_c.c
[1.618s] -- Up-to-date: /home/ice/polaris-bot/ros2_ws/install/services/local/lib/python3.10/dist-packages/services/services_s__rosidl_typesupport_c.cpython-310-x86_64-linux-gnu.so
[1.618s] -- Up-to-date: /home/ice/polaris-bot/ros2_ws/install/services/local/lib/python3.10/dist-packages/services/services_s__rosidl_typesupport_fastrtps_c.cpython-310-x86_64-linux-gnu.so
[1.619s] -- Up-to-date: /home/ice/polaris-bot/ros2_ws/install/services/local/lib/python3.10/dist-packages/services/srv
[1.619s] -- Up-to-date: /home/ice/polaris-bot/ros2_ws/install/services/local/lib/python3.10/dist-packages/services/srv/_test_service_s.c
[1.619s] -- Up-to-date: /home/ice/polaris-bot/ros2_ws/install/services/local/lib/python3.10/dist-packages/services/srv/_test_service.py
[1.619s] -- Up-to-date: /home/ice/polaris-bot/ros2_ws/install/services/local/lib/python3.10/dist-packages/services/srv/__init__.py
[1.619s] -- Up-to-date: /home/ice/polaris-bot/ros2_ws/install/services/local/lib/python3.10/dist-packages/services/_services_s.ep.rosidl_typesupport_c.c
[1.619s] -- Up-to-date: /home/ice/polaris-bot/ros2_ws/install/services/local/lib/python3.10/dist-packages/services/services_s__rosidl_typesupport_introspection_c.cpython-310-x86_64-linux-gnu.so
[1.620s] -- Up-to-date: /home/ice/polaris-bot/ros2_ws/install/services/local/lib/python3.10/dist-packages/services/_services_s.ep.rosidl_typesupport_fastrtps_c.c
[1.620s] -- Up-to-date: /home/ice/polaris-bot/ros2_ws/install/services/local/lib/python3.10/dist-packages/services/__init__.py
[1.620s] -- Up-to-date: /home/ice/polaris-bot/ros2_ws/install/services/local/lib/python3.10/dist-packages/services/libservices__rosidl_generator_py.so
[1.677s] Listing '/home/ice/polaris-bot/ros2_ws/install/services/local/lib/python3.10/dist-packages/services'...
[1.678s] Listing '/home/ice/polaris-bot/ros2_ws/install/services/local/lib/python3.10/dist-packages/services/srv'...
[1.684s] -- Up-to-date: /home/ice/polaris-bot/ros2_ws/install/services/local/lib/python3.10/dist-packages/services/services_s__rosidl_typesupport_fastrtps_c.cpython-310-x86_64-linux-gnu.so
[1.685s] -- Up-to-date: /home/ice/polaris-bot/ros2_ws/install/services/local/lib/python3.10/dist-packages/services/services_s__rosidl_typesupport_introspection_c.cpython-310-x86_64-linux-gnu.so
[1.686s] -- Up-to-date: /home/ice/polaris-bot/ros2_ws/install/services/local/lib/python3.10/dist-packages/services/services_s__rosidl_typesupport_c.cpython-310-x86_64-linux-gnu.so
[1.687s] -- Up-to-date: /home/ice/polaris-bot/ros2_ws/install/services/lib/libservices__rosidl_generator_py.so
[1.688s] -- Up-to-date: /home/ice/polaris-bot/ros2_ws/install/services/share/services/srv/TestService.idl
[1.689s] -- Up-to-date: /home/ice/polaris-bot/ros2_ws/install/services/share/services/srv/TestService.srv
[1.689s] -- Up-to-date: /home/ice/polaris-bot/ros2_ws/install/services/share/services/srv/TestService_Request.msg
[1.689s] -- Up-to-date: /home/ice/polaris-bot/ros2_ws/install/services/share/services/srv/TestService_Response.msg
[1.689s] -- Up-to-date: /home/ice/polaris-bot/ros2_ws/install/services/share/ament_index/resource_index/package_run_dependencies/services
[1.689s] -- Up-to-date: /home/ice/polaris-bot/ros2_ws/install/services/share/ament_index/resource_index/parent_prefix_path/services
[1.690s] -- Up-to-date: /home/ice/polaris-bot/ros2_ws/install/services/share/services/environment/ament_prefix_path.sh
[1.691s] -- Up-to-date: /home/ice/polaris-bot/ros2_ws/install/services/share/services/environment/ament_prefix_path.dsv
[1.692s] -- Up-to-date: /home/ice/polaris-bot/ros2_ws/install/services/share/services/environment/path.sh
[1.694s] -- Up-to-date: /home/ice/polaris-bot/ros2_ws/install/services/share/services/environment/path.dsv
[1.702s] -- Up-to-date: /home/ice/polaris-bot/ros2_ws/install/services/share/services/local_setup.bash
[1.712s] -- Up-to-date: /home/ice/polaris-bot/ros2_ws/install/services/share/services/local_setup.sh
[1.712s] -- Up-to-date: /home/ice/polaris-bot/ros2_ws/install/services/share/services/local_setup.zsh
[1.712s] -- Up-to-date: /home/ice/polaris-bot/ros2_ws/install/services/share/services/local_setup.dsv
[1.712s] -- Installing: /home/ice/polaris-bot/ros2_ws/install/services/share/services/package.dsv
[1.713s] -- Up-to-date: /home/ice/polaris-bot/ros2_ws/install/services/share/ament_index/resource_index/packages/services
[1.713s] -- Up-to-date: /home/ice/polaris-bot/ros2_ws/install/services/share/services/cmake/export_services__rosidl_generator_cExport.cmake
[1.722s] -- Up-to-date: /home/ice/polaris-bot/ros2_ws/install/services/share/services/cmake/export_services__rosidl_generator_cExport-noconfig.cmake
[1.722s] -- Up-to-date: /home/ice/polaris-bot/ros2_ws/install/services/share/services/cmake/export_services__rosidl_typesupport_fastrtps_cExport.cmake
[1.722s] -- Up-to-date: /home/ice/polaris-bot/ros2_ws/install/services/share/services/cmake/export_services__rosidl_typesupport_fastrtps_cExport-noconfig.cmake
[1.723s] -- Up-to-date: /home/ice/polaris-bot/ros2_ws/install/services/share/services/cmake/services__rosidl_typesupport_introspection_cExport.cmake
[1.723s] -- Up-to-date: /home/ice/polaris-bot/ros2_ws/install/services/share/services/cmake/services__rosidl_typesupport_introspection_cExport-noconfig.cmake
[1.723s] -- Up-to-date: /home/ice/polaris-bot/ros2_ws/install/services/share/services/cmake/services__rosidl_typesupport_cExport.cmake
[1.723s] -- Up-to-date: /home/ice/polaris-bot/ros2_ws/install/services/share/services/cmake/services__rosidl_typesupport_cExport-noconfig.cmake
[1.724s] -- Up-to-date: /home/ice/polaris-bot/ros2_ws/install/services/share/services/cmake/export_services__rosidl_generator_cppExport.cmake
[1.724s] -- Up-to-date: /home/ice/polaris-bot/ros2_ws/install/services/share/services/cmake/export_services__rosidl_typesupport_fastrtps_cppExport.cmake
[1.724s] -- Up-to-date: /home/ice/polaris-bot/ros2_ws/install/services/share/services/cmake/export_services__rosidl_typesupport_fastrtps_cppExport-noconfig.cmake
[1.728s] -- Up-to-date: /home/ice/polaris-bot/ros2_ws/install/services/share/services/cmake/services__rosidl_typesupport_introspection_cppExport.cmake
[1.729s] -- Up-to-date: /home/ice/polaris-bot/ros2_ws/install/services/share/services/cmake/services__rosidl_typesupport_introspection_cppExport-noconfig.cmake
[1.729s] -- Up-to-date: /home/ice/polaris-bot/ros2_ws/install/services/share/services/cmake/services__rosidl_typesupport_cppExport.cmake
[1.729s] -- Up-to-date: /home/ice/polaris-bot/ros2_ws/install/services/share/services/cmake/services__rosidl_typesupport_cppExport-noconfig.cmake
[1.730s] -- Up-to-date: /home/ice/polaris-bot/ros2_ws/install/services/share/services/cmake/export_services__rosidl_generator_pyExport.cmake
[1.730s] -- Up-to-date: /home/ice/polaris-bot/ros2_ws/install/services/share/services/cmake/export_services__rosidl_generator_pyExport-noconfig.cmake
[1.730s] -- Up-to-date: /home/ice/polaris-bot/ros2_ws/install/services/share/services/cmake/rosidl_cmake-extras.cmake
[1.730s] -- Up-to-date: /home/ice/polaris-bot/ros2_ws/install/services/share/services/cmake/ament_cmake_export_include_directories-extras.cmake
[1.730s] -- Up-to-date: /home/ice/polaris-bot/ros2_ws/install/services/share/services/cmake/ament_cmake_export_libraries-extras.cmake
[1.730s] -- Up-to-date: /home/ice/polaris-bot/ros2_ws/install/services/share/services/cmake/ament_cmake_export_targets-extras.cmake
[1.730s] -- Up-to-date: /home/ice/polaris-bot/ros2_ws/install/services/share/services/cmake/rosidl_cmake_export_typesupport_targets-extras.cmake
[1.731s] -- Up-to-date: /home/ice/polaris-bot/ros2_ws/install/services/share/services/cmake/ament_cmake_export_dependencies-extras.cmake
[1.731s] -- Up-to-date: /home/ice/polaris-bot/ros2_ws/install/services/share/services/cmake/rosidl_cmake_export_typesupport_libraries-extras.cmake
[1.731s] -- Up-to-date: /home/ice/polaris-bot/ros2_ws/install/services/share/services/cmake/servicesConfig.cmake
[1.731s] -- Up-to-date: /home/ice/polaris-bot/ros2_ws/install/services/share/services/cmake/servicesConfig-version.cmake
[1.731s] -- Up-to-date: /home/ice/polaris-bot/ros2_ws/install/services/share/services/package.xml
[1.735s] Invoked command in '/home/ice/polaris-bot/ros2_ws/build/services' returned '0': CMAKE_PREFIX_PATH=${CMAKE_PREFIX_PATH}:/opt/ros/humble /usr/bin/cmake --install /home/ice/polaris-bot/ros2_ws/build/services
