[2.322s] DEBUG:colcon:Command line arguments: ['/usr/bin/colcon', 'build', '--packages-select', 'polaris_controller']
[2.322s] DEBUG:colcon:Parsed command line arguments: Namespace(log_base=None, log_level=None, verb_name='build', build_base='build', install_base='install', merge_install=False, symlink_install=False, test_result_base=None, continue_on_error=False, executor='parallel', parallel_workers=2, event_handlers=None, ignore_user_meta=False, metas=['./colcon.meta'], base_paths=['.'], packages_ignore=None, packages_ignore_regex=None, paths=None, packages_up_to=None, packages_up_to_regex=None, packages_above=None, packages_above_and_dependencies=None, packages_above_depth=None, packages_select_by_dep=None, packages_skip_by_dep=None, packages_skip_up_to=None, packages_select_build_failed=False, packages_skip_build_finished=False, packages_select_test_failures=False, packages_skip_test_passed=False, packages_select=['polaris_controller'], packages_skip=None, packages_select_regex=None, packages_skip_regex=None, packages_start=None, packages_end=None, allow_overriding=[], cmake_args=None, cmake_target=None, cmake_target_skip_unavailable=False, cmake_clean_cache=False, cmake_clean_first=False, cmake_force_configure=False, ament_cmake_args=None, catkin_cmake_args=None, catkin_skip_building_tests=False, verb_parser=<colcon_defaults.argument_parser.defaults.DefaultArgumentsDecorator object at 0x7f623bbd53c0>, verb_extension=<colcon_core.verb.build.BuildVerb object at 0x7f623bbd77f0>, main=<bound method BuildVerb.main of <colcon_core.verb.build.BuildVerb object at 0x7f623bbd77f0>>)
[2.503s] Level 1:colcon.colcon_core.package_discovery:discover_packages(colcon_meta) check parameters
[2.504s] Level 1:colcon.colcon_core.package_discovery:discover_packages(recursive) check parameters
[2.504s] Level 1:colcon.colcon_core.package_discovery:discover_packages(ignore) check parameters
[2.504s] Level 1:colcon.colcon_core.package_discovery:discover_packages(path) check parameters
[2.504s] Level 1:colcon.colcon_core.package_discovery:discover_packages(colcon_meta) discover
[2.504s] Level 1:colcon.colcon_core.package_discovery:discover_packages(recursive) discover
[2.504s] INFO:colcon.colcon_core.package_discovery:Crawling recursively for packages in '/home/ice/polaris-bot/ros2_ws'
[2.504s] Level 1:colcon.colcon_core.package_identification:_identify(.) by extensions ['ignore', 'ignore_ament_install']
[2.505s] Level 1:colcon.colcon_core.package_identification:_identify(.) by extension 'ignore'
[2.505s] Level 1:colcon.colcon_core.package_identification:_identify(.) by extension 'ignore_ament_install'
[2.505s] Level 1:colcon.colcon_core.package_identification:_identify(.) by extensions ['colcon_pkg']
[2.505s] Level 1:colcon.colcon_core.package_identification:_identify(.) by extension 'colcon_pkg'
[2.505s] Level 1:colcon.colcon_core.package_identification:_identify(.) by extensions ['colcon_meta']
[2.505s] Level 1:colcon.colcon_core.package_identification:_identify(.) by extension 'colcon_meta'
[2.505s] Level 1:colcon.colcon_core.package_identification:_identify(.) by extensions ['ros']
[2.505s] Level 1:colcon.colcon_core.package_identification:_identify(.) by extension 'ros'
[2.527s] Level 1:colcon.colcon_core.package_identification:_identify(.) by extensions ['cmake', 'python']
[2.527s] Level 1:colcon.colcon_core.package_identification:_identify(.) by extension 'cmake'
[2.527s] Level 1:colcon.colcon_core.package_identification:_identify(.) by extension 'python'
[2.527s] Level 1:colcon.colcon_core.package_identification:_identify(.) by extensions ['python_setup_py']
[2.527s] Level 1:colcon.colcon_core.package_identification:_identify(.) by extension 'python_setup_py'
[2.528s] Level 1:colcon.colcon_core.package_identification:_identify(apps) by extensions ['ignore', 'ignore_ament_install']
[2.528s] Level 1:colcon.colcon_core.package_identification:_identify(apps) by extension 'ignore'
[2.528s] Level 1:colcon.colcon_core.package_identification:_identify(apps) by extension 'ignore_ament_install'
[2.528s] Level 1:colcon.colcon_core.package_identification:_identify(apps) by extensions ['colcon_pkg']
[2.528s] Level 1:colcon.colcon_core.package_identification:_identify(apps) by extension 'colcon_pkg'
[2.528s] Level 1:colcon.colcon_core.package_identification:_identify(apps) by extensions ['colcon_meta']
[2.528s] Level 1:colcon.colcon_core.package_identification:_identify(apps) by extension 'colcon_meta'
[2.528s] Level 1:colcon.colcon_core.package_identification:_identify(apps) by extensions ['ros']
[2.528s] Level 1:colcon.colcon_core.package_identification:_identify(apps) by extension 'ros'
[2.528s] Level 1:colcon.colcon_core.package_identification:_identify(apps) by extensions ['cmake', 'python']
[2.529s] Level 1:colcon.colcon_core.package_identification:_identify(apps) by extension 'cmake'
[2.529s] Level 1:colcon.colcon_core.package_identification:_identify(apps) by extension 'python'
[2.529s] Level 1:colcon.colcon_core.package_identification:_identify(apps) by extensions ['python_setup_py']
[2.529s] Level 1:colcon.colcon_core.package_identification:_identify(apps) by extension 'python_setup_py'
[2.529s] Level 1:colcon.colcon_core.package_identification:_identify(apps/polaris_controller_interface) by extensions ['ignore', 'ignore_ament_install']
[2.529s] Level 1:colcon.colcon_core.package_identification:_identify(apps/polaris_controller_interface) by extension 'ignore'
[2.529s] Level 1:colcon.colcon_core.package_identification:_identify(apps/polaris_controller_interface) by extension 'ignore_ament_install'
[2.529s] Level 1:colcon.colcon_core.package_identification:_identify(apps/polaris_controller_interface) by extensions ['colcon_pkg']
[2.529s] Level 1:colcon.colcon_core.package_identification:_identify(apps/polaris_controller_interface) by extension 'colcon_pkg'
[2.529s] Level 1:colcon.colcon_core.package_identification:_identify(apps/polaris_controller_interface) by extensions ['colcon_meta']
[2.529s] Level 1:colcon.colcon_core.package_identification:_identify(apps/polaris_controller_interface) by extension 'colcon_meta'
[2.530s] Level 1:colcon.colcon_core.package_identification:_identify(apps/polaris_controller_interface) by extensions ['ros']
[2.530s] Level 1:colcon.colcon_core.package_identification:_identify(apps/polaris_controller_interface) by extension 'ros'
[2.530s] Level 1:colcon.colcon_core.package_identification:_identify(apps/polaris_controller_interface) by extensions ['cmake', 'python']
[2.530s] Level 1:colcon.colcon_core.package_identification:_identify(apps/polaris_controller_interface) by extension 'cmake'
[2.530s] Level 1:colcon.colcon_core.package_identification:_identify(apps/polaris_controller_interface) by extension 'python'
[2.530s] Level 1:colcon.colcon_core.package_identification:_identify(apps/polaris_controller_interface) by extensions ['python_setup_py']
[2.530s] Level 1:colcon.colcon_core.package_identification:_identify(apps/polaris_controller_interface) by extension 'python_setup_py'
[2.530s] Level 1:colcon.colcon_core.package_identification:_identify(apps/polaris_controller_interface/libs) by extensions ['ignore', 'ignore_ament_install']
[2.530s] Level 1:colcon.colcon_core.package_identification:_identify(apps/polaris_controller_interface/libs) by extension 'ignore'
[2.530s] Level 1:colcon.colcon_core.package_identification:_identify(apps/polaris_controller_interface/libs) by extension 'ignore_ament_install'
[2.530s] Level 1:colcon.colcon_core.package_identification:_identify(apps/polaris_controller_interface/libs) by extensions ['colcon_pkg']
[2.531s] Level 1:colcon.colcon_core.package_identification:_identify(apps/polaris_controller_interface/libs) by extension 'colcon_pkg'
[2.531s] Level 1:colcon.colcon_core.package_identification:_identify(apps/polaris_controller_interface/libs) by extensions ['colcon_meta']
[2.531s] Level 1:colcon.colcon_core.package_identification:_identify(apps/polaris_controller_interface/libs) by extension 'colcon_meta'
[2.531s] Level 1:colcon.colcon_core.package_identification:_identify(apps/polaris_controller_interface/libs) by extensions ['ros']
[2.531s] Level 1:colcon.colcon_core.package_identification:_identify(apps/polaris_controller_interface/libs) by extension 'ros'
[2.531s] Level 1:colcon.colcon_core.package_identification:_identify(apps/polaris_controller_interface/libs) by extensions ['cmake', 'python']
[2.531s] Level 1:colcon.colcon_core.package_identification:_identify(apps/polaris_controller_interface/libs) by extension 'cmake'
[2.531s] Level 1:colcon.colcon_core.package_identification:_identify(apps/polaris_controller_interface/libs) by extension 'python'
[2.531s] Level 1:colcon.colcon_core.package_identification:_identify(apps/polaris_controller_interface/libs) by extensions ['python_setup_py']
[2.531s] Level 1:colcon.colcon_core.package_identification:_identify(apps/polaris_controller_interface/libs) by extension 'python_setup_py'
[2.531s] Level 1:colcon.colcon_core.package_identification:_identify(build) by extensions ['ignore', 'ignore_ament_install']
[2.532s] Level 1:colcon.colcon_core.package_identification:_identify(build) by extension 'ignore'
[2.532s] Level 1:colcon.colcon_core.package_identification:_identify(build) ignored
[2.532s] Level 1:colcon.colcon_core.package_identification:_identify(install) by extensions ['ignore', 'ignore_ament_install']
[2.532s] Level 1:colcon.colcon_core.package_identification:_identify(install) by extension 'ignore'
[2.532s] Level 1:colcon.colcon_core.package_identification:_identify(install) ignored
[2.532s] Level 1:colcon.colcon_core.package_identification:_identify(log) by extensions ['ignore', 'ignore_ament_install']
[2.532s] Level 1:colcon.colcon_core.package_identification:_identify(log) by extension 'ignore'
[2.533s] Level 1:colcon.colcon_core.package_identification:_identify(log) ignored
[2.533s] Level 1:colcon.colcon_core.package_identification:_identify(src) by extensions ['ignore', 'ignore_ament_install']
[2.533s] Level 1:colcon.colcon_core.package_identification:_identify(src) by extension 'ignore'
[2.533s] Level 1:colcon.colcon_core.package_identification:_identify(src) by extension 'ignore_ament_install'
[2.533s] Level 1:colcon.colcon_core.package_identification:_identify(src) by extensions ['colcon_pkg']
[2.533s] Level 1:colcon.colcon_core.package_identification:_identify(src) by extension 'colcon_pkg'
[2.533s] Level 1:colcon.colcon_core.package_identification:_identify(src) by extensions ['colcon_meta']
[2.533s] Level 1:colcon.colcon_core.package_identification:_identify(src) by extension 'colcon_meta'
[2.533s] Level 1:colcon.colcon_core.package_identification:_identify(src) by extensions ['ros']
[2.533s] Level 1:colcon.colcon_core.package_identification:_identify(src) by extension 'ros'
[2.533s] Level 1:colcon.colcon_core.package_identification:_identify(src) by extensions ['cmake', 'python']
[2.534s] Level 1:colcon.colcon_core.package_identification:_identify(src) by extension 'cmake'
[2.534s] Level 1:colcon.colcon_core.package_identification:_identify(src) by extension 'python'
[2.534s] Level 1:colcon.colcon_core.package_identification:_identify(src) by extensions ['python_setup_py']
[2.534s] Level 1:colcon.colcon_core.package_identification:_identify(src) by extension 'python_setup_py'
[2.534s] Level 1:colcon.colcon_core.package_identification:_identify(src/firmware) by extensions ['ignore', 'ignore_ament_install']
[2.534s] Level 1:colcon.colcon_core.package_identification:_identify(src/firmware) by extension 'ignore'
[2.534s] Level 1:colcon.colcon_core.package_identification:_identify(src/firmware) ignored
[2.534s] Level 1:colcon.colcon_core.package_identification:_identify(src/messages) by extensions ['ignore', 'ignore_ament_install']
[2.535s] Level 1:colcon.colcon_core.package_identification:_identify(src/messages) by extension 'ignore'
[2.535s] Level 1:colcon.colcon_core.package_identification:_identify(src/messages) by extension 'ignore_ament_install'
[2.535s] Level 1:colcon.colcon_core.package_identification:_identify(src/messages) by extensions ['colcon_pkg']
[2.535s] Level 1:colcon.colcon_core.package_identification:_identify(src/messages) by extension 'colcon_pkg'
[2.535s] Level 1:colcon.colcon_core.package_identification:_identify(src/messages) by extensions ['colcon_meta']
[2.535s] Level 1:colcon.colcon_core.package_identification:_identify(src/messages) by extension 'colcon_meta'
[2.535s] Level 1:colcon.colcon_core.package_identification:_identify(src/messages) by extensions ['ros']
[2.535s] Level 1:colcon.colcon_core.package_identification:_identify(src/messages) by extension 'ros'
[2.541s] DEBUG:colcon.colcon_core.package_identification:Package 'src/messages' with type 'ros.ament_cmake' and name 'messages'
[2.541s] Level 1:colcon.colcon_core.package_identification:_identify(src/my_diff_drive_bot) by extensions ['ignore', 'ignore_ament_install']
[2.542s] Level 1:colcon.colcon_core.package_identification:_identify(src/my_diff_drive_bot) by extension 'ignore'
[2.542s] Level 1:colcon.colcon_core.package_identification:_identify(src/my_diff_drive_bot) by extension 'ignore_ament_install'
[2.542s] Level 1:colcon.colcon_core.package_identification:_identify(src/my_diff_drive_bot) by extensions ['colcon_pkg']
[2.542s] Level 1:colcon.colcon_core.package_identification:_identify(src/my_diff_drive_bot) by extension 'colcon_pkg'
[2.542s] Level 1:colcon.colcon_core.package_identification:_identify(src/my_diff_drive_bot) by extensions ['colcon_meta']
[2.542s] Level 1:colcon.colcon_core.package_identification:_identify(src/my_diff_drive_bot) by extension 'colcon_meta'
[2.542s] Level 1:colcon.colcon_core.package_identification:_identify(src/my_diff_drive_bot) by extensions ['ros']
[2.542s] Level 1:colcon.colcon_core.package_identification:_identify(src/my_diff_drive_bot) by extension 'ros'
[2.543s] DEBUG:colcon.colcon_core.package_identification:Package 'src/my_diff_drive_bot' with type 'ros.ament_cmake' and name 'my_diff_drive_bot'
[2.543s] Level 1:colcon.colcon_core.package_identification:_identify(src/polaris_controller) by extensions ['ignore', 'ignore_ament_install']
[2.544s] Level 1:colcon.colcon_core.package_identification:_identify(src/polaris_controller) by extension 'ignore'
[2.544s] Level 1:colcon.colcon_core.package_identification:_identify(src/polaris_controller) by extension 'ignore_ament_install'
[2.544s] Level 1:colcon.colcon_core.package_identification:_identify(src/polaris_controller) by extensions ['colcon_pkg']
[2.544s] Level 1:colcon.colcon_core.package_identification:_identify(src/polaris_controller) by extension 'colcon_pkg'
[2.544s] Level 1:colcon.colcon_core.package_identification:_identify(src/polaris_controller) by extensions ['colcon_meta']
[2.544s] Level 1:colcon.colcon_core.package_identification:_identify(src/polaris_controller) by extension 'colcon_meta'
[2.544s] Level 1:colcon.colcon_core.package_identification:_identify(src/polaris_controller) by extensions ['ros']
[2.544s] Level 1:colcon.colcon_core.package_identification:_identify(src/polaris_controller) by extension 'ros'
[2.546s] DEBUG:colcon.colcon_core.package_identification:Package 'src/polaris_controller' with type 'ros.ament_cmake' and name 'polaris_controller'
[2.546s] Level 1:colcon.colcon_core.package_identification:_identify(src/ros2_control_demo_description) by extensions ['ignore', 'ignore_ament_install']
[2.547s] Level 1:colcon.colcon_core.package_identification:_identify(src/ros2_control_demo_description) by extension 'ignore'
[2.547s] Level 1:colcon.colcon_core.package_identification:_identify(src/ros2_control_demo_description) by extension 'ignore_ament_install'
[2.547s] Level 1:colcon.colcon_core.package_identification:_identify(src/ros2_control_demo_description) by extensions ['colcon_pkg']
[2.547s] Level 1:colcon.colcon_core.package_identification:_identify(src/ros2_control_demo_description) by extension 'colcon_pkg'
[2.547s] Level 1:colcon.colcon_core.package_identification:_identify(src/ros2_control_demo_description) by extensions ['colcon_meta']
[2.547s] Level 1:colcon.colcon_core.package_identification:_identify(src/ros2_control_demo_description) by extension 'colcon_meta'
[2.547s] Level 1:colcon.colcon_core.package_identification:_identify(src/ros2_control_demo_description) by extensions ['ros']
[2.547s] Level 1:colcon.colcon_core.package_identification:_identify(src/ros2_control_demo_description) by extension 'ros'
[2.548s] DEBUG:colcon.colcon_core.package_identification:Package 'src/ros2_control_demo_description' with type 'ros.ament_cmake' and name 'ros2_control_demo_description'
[2.548s] Level 1:colcon.colcon_core.package_identification:_identify(src/services) by extensions ['ignore', 'ignore_ament_install']
[2.548s] Level 1:colcon.colcon_core.package_identification:_identify(src/services) by extension 'ignore'
[2.548s] Level 1:colcon.colcon_core.package_identification:_identify(src/services) by extension 'ignore_ament_install'
[2.549s] Level 1:colcon.colcon_core.package_identification:_identify(src/services) by extensions ['colcon_pkg']
[2.549s] Level 1:colcon.colcon_core.package_identification:_identify(src/services) by extension 'colcon_pkg'
[2.549s] Level 1:colcon.colcon_core.package_identification:_identify(src/services) by extensions ['colcon_meta']
[2.549s] Level 1:colcon.colcon_core.package_identification:_identify(src/services) by extension 'colcon_meta'
[2.549s] Level 1:colcon.colcon_core.package_identification:_identify(src/services) by extensions ['ros']
[2.549s] Level 1:colcon.colcon_core.package_identification:_identify(src/services) by extension 'ros'
[2.550s] DEBUG:colcon.colcon_core.package_identification:Package 'src/services' with type 'ros.ament_cmake' and name 'services'
[2.550s] Level 1:colcon.colcon_core.package_discovery:discover_packages(recursive) using defaults
[2.551s] Level 1:colcon.colcon_core.package_discovery:discover_packages(ignore) discover
[2.551s] Level 1:colcon.colcon_core.package_discovery:discover_packages(ignore) using defaults
[2.551s] Level 1:colcon.colcon_core.package_discovery:discover_packages(path) discover
[2.551s] Level 1:colcon.colcon_core.package_discovery:discover_packages(path) using defaults
[2.738s] INFO:colcon.colcon_core.package_selection:Skipping not selected package 'messages' in 'src/messages'
[2.739s] INFO:colcon.colcon_core.package_selection:Skipping not selected package 'my_diff_drive_bot' in 'src/my_diff_drive_bot'
[2.740s] INFO:colcon.colcon_core.package_selection:Skipping not selected package 'ros2_control_demo_description' in 'src/ros2_control_demo_description'
[2.740s] INFO:colcon.colcon_core.package_selection:Skipping not selected package 'services' in 'src/services'
[2.817s] Level 1:colcon.colcon_core.package_discovery:discover_packages(prefix_path) check parameters
[2.818s] Level 1:colcon.colcon_core.package_discovery:discover_packages(prefix_path) discover
[2.873s] DEBUG:colcon.colcon_installed_package_information.package_discovery:Found 5 installed packages in /home/ice/polaris-bot/ros2_ws/install
[2.923s] DEBUG:colcon.colcon_installed_package_information.package_discovery:Found 394 installed packages in /opt/ros/humble
[2.929s] Level 1:colcon.colcon_core.package_discovery:discover_packages(prefix_path) using defaults
[3.153s] Level 5:colcon.colcon_core.verb:set package 'polaris_controller' build argument 'cmake_args' from command line to 'None'
[3.153s] Level 5:colcon.colcon_core.verb:set package 'polaris_controller' build argument 'cmake_target' from command line to 'None'
[3.153s] Level 5:colcon.colcon_core.verb:set package 'polaris_controller' build argument 'cmake_target_skip_unavailable' from command line to 'False'
[3.154s] Level 5:colcon.colcon_core.verb:set package 'polaris_controller' build argument 'cmake_clean_cache' from command line to 'False'
[3.154s] Level 5:colcon.colcon_core.verb:set package 'polaris_controller' build argument 'cmake_clean_first' from command line to 'False'
[3.154s] Level 5:colcon.colcon_core.verb:set package 'polaris_controller' build argument 'cmake_force_configure' from command line to 'False'
[3.154s] Level 5:colcon.colcon_core.verb:set package 'polaris_controller' build argument 'ament_cmake_args' from command line to 'None'
[3.154s] Level 5:colcon.colcon_core.verb:set package 'polaris_controller' build argument 'catkin_cmake_args' from command line to 'None'
[3.154s] Level 5:colcon.colcon_core.verb:set package 'polaris_controller' build argument 'catkin_skip_building_tests' from command line to 'False'
[3.154s] DEBUG:colcon.colcon_core.verb:Building package 'polaris_controller' with the following arguments: {'ament_cmake_args': None, 'build_base': '/home/ice/polaris-bot/ros2_ws/build/polaris_controller', 'catkin_cmake_args': None, 'catkin_skip_building_tests': False, 'cmake_args': None, 'cmake_clean_cache': False, 'cmake_clean_first': False, 'cmake_force_configure': False, 'cmake_target': None, 'cmake_target_skip_unavailable': False, 'install_base': '/home/ice/polaris-bot/ros2_ws/install/polaris_controller', 'merge_install': False, 'path': '/home/ice/polaris-bot/ros2_ws/src/polaris_controller', 'symlink_install': False, 'test_result_base': None}
[3.181s] INFO:colcon.colcon_core.executor:Executing jobs using 'parallel' executor
[3.216s] DEBUG:colcon.colcon_parallel_executor.executor.parallel:run_until_complete
[3.216s] INFO:colcon.colcon_ros.task.ament_cmake.build:Building ROS package in '/home/ice/polaris-bot/ros2_ws/src/polaris_controller' with build type 'ament_cmake'
[3.217s] INFO:colcon.colcon_cmake.task.cmake.build:Building CMake package in '/home/ice/polaris-bot/ros2_ws/src/polaris_controller'
[3.289s] INFO:colcon.colcon_core.plugin_system:Skipping extension 'colcon_core.shell.bat': Not used on non-Windows systems
[3.289s] INFO:colcon.colcon_core.shell:Skip shell extension 'powershell' for command environment: Not usable outside of PowerShell
[3.289s] DEBUG:colcon.colcon_core.shell:Skip shell extension 'dsv' for command environment
[3.527s] DEBUG:colcon.colcon_core.event_handler.log_command:Invoking command in '/home/ice/polaris-bot/ros2_ws/build/polaris_controller': CMAKE_PREFIX_PATH=/home/ice/polaris-bot/ros2_ws/install/ros2_control_demo_description:/home/ice/polaris-bot/ros2_ws/install/messages:/home/ice/polaris-bot/ros2_ws/install/services:/home/ice/polaris-bot/ros2_ws/install/polaris_controller:/home/ice/polaris-bot/ros2_ws/install/my_diff_drive_bot:/opt/ros/humble LD_LIBRARY_PATH=/home/ice/polaris-bot/ros2_ws/install/messages/lib:/home/ice/polaris-bot/ros2_ws/install/services/lib:/home/ice/polaris-bot/ros2_ws/install/polaris_controller/lib:/usr/lib/x86_64-linux-gnu/gazebo-11/plugins:/opt/ros/humble/opt/rviz_ogre_vendor/lib:/opt/ros/humble/lib/x86_64-linux-gnu:/opt/ros/humble/lib /usr/bin/cmake --build /home/ice/polaris-bot/ros2_ws/build/polaris_controller -- -j2 -l2
[30.955s] DEBUG:colcon.colcon_core.event_handler.log_command:Invoked command in '/home/ice/polaris-bot/ros2_ws/build/polaris_controller' returned '0': CMAKE_PREFIX_PATH=/home/ice/polaris-bot/ros2_ws/install/ros2_control_demo_description:/home/ice/polaris-bot/ros2_ws/install/messages:/home/ice/polaris-bot/ros2_ws/install/services:/home/ice/polaris-bot/ros2_ws/install/polaris_controller:/home/ice/polaris-bot/ros2_ws/install/my_diff_drive_bot:/opt/ros/humble LD_LIBRARY_PATH=/home/ice/polaris-bot/ros2_ws/install/messages/lib:/home/ice/polaris-bot/ros2_ws/install/services/lib:/home/ice/polaris-bot/ros2_ws/install/polaris_controller/lib:/usr/lib/x86_64-linux-gnu/gazebo-11/plugins:/opt/ros/humble/opt/rviz_ogre_vendor/lib:/opt/ros/humble/lib/x86_64-linux-gnu:/opt/ros/humble/lib /usr/bin/cmake --build /home/ice/polaris-bot/ros2_ws/build/polaris_controller -- -j2 -l2
[31.140s] DEBUG:colcon.colcon_core.event_handler.log_command:Invoking command in '/home/ice/polaris-bot/ros2_ws/build/polaris_controller': CMAKE_PREFIX_PATH=/home/ice/polaris-bot/ros2_ws/install/ros2_control_demo_description:/home/ice/polaris-bot/ros2_ws/install/messages:/home/ice/polaris-bot/ros2_ws/install/services:/home/ice/polaris-bot/ros2_ws/install/polaris_controller:/home/ice/polaris-bot/ros2_ws/install/my_diff_drive_bot:/opt/ros/humble LD_LIBRARY_PATH=/home/ice/polaris-bot/ros2_ws/install/messages/lib:/home/ice/polaris-bot/ros2_ws/install/services/lib:/home/ice/polaris-bot/ros2_ws/install/polaris_controller/lib:/usr/lib/x86_64-linux-gnu/gazebo-11/plugins:/opt/ros/humble/opt/rviz_ogre_vendor/lib:/opt/ros/humble/lib/x86_64-linux-gnu:/opt/ros/humble/lib /usr/bin/cmake --install /home/ice/polaris-bot/ros2_ws/build/polaris_controller
[31.208s] Level 1:colcon.colcon_core.environment:create_environment_scripts_only(polaris_controller)
[31.211s] DEBUG:colcon.colcon_core.event_handler.log_command:Invoked command in '/home/ice/polaris-bot/ros2_ws/build/polaris_controller' returned '0': CMAKE_PREFIX_PATH=/home/ice/polaris-bot/ros2_ws/install/ros2_control_demo_description:/home/ice/polaris-bot/ros2_ws/install/messages:/home/ice/polaris-bot/ros2_ws/install/services:/home/ice/polaris-bot/ros2_ws/install/polaris_controller:/home/ice/polaris-bot/ros2_ws/install/my_diff_drive_bot:/opt/ros/humble LD_LIBRARY_PATH=/home/ice/polaris-bot/ros2_ws/install/messages/lib:/home/ice/polaris-bot/ros2_ws/install/services/lib:/home/ice/polaris-bot/ros2_ws/install/polaris_controller/lib:/usr/lib/x86_64-linux-gnu/gazebo-11/plugins:/opt/ros/humble/opt/rviz_ogre_vendor/lib:/opt/ros/humble/lib/x86_64-linux-gnu:/opt/ros/humble/lib /usr/bin/cmake --install /home/ice/polaris-bot/ros2_ws/build/polaris_controller
[31.252s] Level 1:colcon.colcon_core.environment:checking '/home/ice/polaris-bot/ros2_ws/install/polaris_controller' for CMake module files
[31.257s] Level 1:colcon.colcon_core.environment:checking '/home/ice/polaris-bot/ros2_ws/install/polaris_controller' for CMake config files
[31.258s] Level 1:colcon.colcon_core.shell:create_environment_hook('polaris_controller', 'cmake_prefix_path')
[31.287s] INFO:colcon.colcon_core.shell:Creating environment hook '/home/ice/polaris-bot/ros2_ws/install/polaris_controller/share/polaris_controller/hook/cmake_prefix_path.ps1'
[31.289s] INFO:colcon.colcon_core.shell:Creating environment descriptor '/home/ice/polaris-bot/ros2_ws/install/polaris_controller/share/polaris_controller/hook/cmake_prefix_path.dsv'
[31.290s] INFO:colcon.colcon_core.shell:Creating environment hook '/home/ice/polaris-bot/ros2_ws/install/polaris_controller/share/polaris_controller/hook/cmake_prefix_path.sh'
[31.292s] Level 1:colcon.colcon_core.environment:checking '/home/ice/polaris-bot/ros2_ws/install/polaris_controller/lib'
[31.293s] Level 1:colcon.colcon_core.shell:create_environment_hook('polaris_controller', 'ld_library_path_lib')
[31.319s] INFO:colcon.colcon_core.shell:Creating environment hook '/home/ice/polaris-bot/ros2_ws/install/polaris_controller/share/polaris_controller/hook/ld_library_path_lib.ps1'
[31.321s] INFO:colcon.colcon_core.shell:Creating environment descriptor '/home/ice/polaris-bot/ros2_ws/install/polaris_controller/share/polaris_controller/hook/ld_library_path_lib.dsv'
[31.322s] INFO:colcon.colcon_core.shell:Creating environment hook '/home/ice/polaris-bot/ros2_ws/install/polaris_controller/share/polaris_controller/hook/ld_library_path_lib.sh'
[31.323s] Level 1:colcon.colcon_core.environment:checking '/home/ice/polaris-bot/ros2_ws/install/polaris_controller/bin'
[31.323s] Level 1:colcon.colcon_core.environment:checking '/home/ice/polaris-bot/ros2_ws/install/polaris_controller/lib/pkgconfig/polaris_controller.pc'
[31.324s] Level 1:colcon.colcon_core.environment:checking '/home/ice/polaris-bot/ros2_ws/install/polaris_controller/lib/python3.10/site-packages'
[31.324s] Level 1:colcon.colcon_core.environment:checking '/home/ice/polaris-bot/ros2_ws/install/polaris_controller/bin'
[31.345s] INFO:colcon.colcon_core.shell:Creating package script '/home/ice/polaris-bot/ros2_ws/install/polaris_controller/share/polaris_controller/package.ps1'
[31.347s] INFO:colcon.colcon_core.shell:Creating package descriptor '/home/ice/polaris-bot/ros2_ws/install/polaris_controller/share/polaris_controller/package.dsv'
[31.349s] INFO:colcon.colcon_core.shell:Creating package script '/home/ice/polaris-bot/ros2_ws/install/polaris_controller/share/polaris_controller/package.sh'
[31.362s] INFO:colcon.colcon_core.shell:Creating package script '/home/ice/polaris-bot/ros2_ws/install/polaris_controller/share/polaris_controller/package.bash'
[31.364s] INFO:colcon.colcon_core.shell:Creating package script '/home/ice/polaris-bot/ros2_ws/install/polaris_controller/share/polaris_controller/package.zsh'
[31.366s] Level 1:colcon.colcon_core.environment:create_file_with_runtime_dependencies(/home/ice/polaris-bot/ros2_ws/install/polaris_controller/share/colcon-core/packages/polaris_controller)
[31.532s] Level 1:colcon.colcon_core.environment:create_environment_scripts_only(polaris_controller)
[31.567s] Level 1:colcon.colcon_core.environment:checking '/home/ice/polaris-bot/ros2_ws/install/polaris_controller' for CMake module files
[31.568s] Level 1:colcon.colcon_core.environment:checking '/home/ice/polaris-bot/ros2_ws/install/polaris_controller' for CMake config files
[31.568s] Level 1:colcon.colcon_core.shell:create_environment_hook('polaris_controller', 'cmake_prefix_path')
[31.603s] INFO:colcon.colcon_core.shell:Creating environment hook '/home/ice/polaris-bot/ros2_ws/install/polaris_controller/share/polaris_controller/hook/cmake_prefix_path.ps1'
[31.605s] INFO:colcon.colcon_core.shell:Creating environment descriptor '/home/ice/polaris-bot/ros2_ws/install/polaris_controller/share/polaris_controller/hook/cmake_prefix_path.dsv'
[31.607s] INFO:colcon.colcon_core.shell:Creating environment hook '/home/ice/polaris-bot/ros2_ws/install/polaris_controller/share/polaris_controller/hook/cmake_prefix_path.sh'
[31.611s] Level 1:colcon.colcon_core.environment:checking '/home/ice/polaris-bot/ros2_ws/install/polaris_controller/lib'
[31.611s] Level 1:colcon.colcon_core.shell:create_environment_hook('polaris_controller', 'ld_library_path_lib')
[31.684s] INFO:colcon.colcon_core.shell:Creating environment hook '/home/ice/polaris-bot/ros2_ws/install/polaris_controller/share/polaris_controller/hook/ld_library_path_lib.ps1'
[31.685s] INFO:colcon.colcon_core.shell:Creating environment descriptor '/home/ice/polaris-bot/ros2_ws/install/polaris_controller/share/polaris_controller/hook/ld_library_path_lib.dsv'
[31.686s] INFO:colcon.colcon_core.shell:Creating environment hook '/home/ice/polaris-bot/ros2_ws/install/polaris_controller/share/polaris_controller/hook/ld_library_path_lib.sh'
[31.687s] Level 1:colcon.colcon_core.environment:checking '/home/ice/polaris-bot/ros2_ws/install/polaris_controller/bin'
[31.687s] Level 1:colcon.colcon_core.environment:checking '/home/ice/polaris-bot/ros2_ws/install/polaris_controller/lib/pkgconfig/polaris_controller.pc'
[31.688s] Level 1:colcon.colcon_core.environment:checking '/home/ice/polaris-bot/ros2_ws/install/polaris_controller/lib/python3.10/site-packages'
[31.688s] Level 1:colcon.colcon_core.environment:checking '/home/ice/polaris-bot/ros2_ws/install/polaris_controller/bin'
[31.714s] INFO:colcon.colcon_core.shell:Creating package script '/home/ice/polaris-bot/ros2_ws/install/polaris_controller/share/polaris_controller/package.ps1'
[31.715s] INFO:colcon.colcon_core.shell:Creating package descriptor '/home/ice/polaris-bot/ros2_ws/install/polaris_controller/share/polaris_controller/package.dsv'
[31.716s] INFO:colcon.colcon_core.shell:Creating package script '/home/ice/polaris-bot/ros2_ws/install/polaris_controller/share/polaris_controller/package.sh'
[31.718s] INFO:colcon.colcon_core.shell:Creating package script '/home/ice/polaris-bot/ros2_ws/install/polaris_controller/share/polaris_controller/package.bash'
[31.718s] INFO:colcon.colcon_core.shell:Creating package script '/home/ice/polaris-bot/ros2_ws/install/polaris_controller/share/polaris_controller/package.zsh'
[31.719s] Level 1:colcon.colcon_core.environment:create_file_with_runtime_dependencies(/home/ice/polaris-bot/ros2_ws/install/polaris_controller/share/colcon-core/packages/polaris_controller)
[31.721s] DEBUG:colcon.colcon_parallel_executor.executor.parallel:closing loop
[31.722s] DEBUG:colcon.colcon_parallel_executor.executor.parallel:loop closed
[31.722s] DEBUG:colcon.colcon_parallel_executor.executor.parallel:run_until_complete finished with '0'
[31.722s] DEBUG:colcon.colcon_core.event_reactor:joining thread
[31.763s] INFO:colcon.colcon_core.plugin_system:Skipping extension 'colcon_notification.desktop_notification.terminal_notifier': Not used on non-Darwin systems
[31.763s] INFO:colcon.colcon_core.plugin_system:Skipping extension 'colcon_notification.desktop_notification.win32': Not used on non-Windows systems
[31.763s] INFO:colcon.colcon_notification.desktop_notification:Sending desktop notification using 'notify2'
[31.827s] DEBUG:colcon.colcon_core.event_reactor:joined thread
[31.858s] INFO:colcon.colcon_core.shell:Creating prefix script '/home/ice/polaris-bot/ros2_ws/install/local_setup.ps1'
[31.859s] INFO:colcon.colcon_core.shell:Creating prefix util module '/home/ice/polaris-bot/ros2_ws/install/_local_setup_util_ps1.py'
[31.863s] INFO:colcon.colcon_core.shell:Creating prefix chain script '/home/ice/polaris-bot/ros2_ws/install/setup.ps1'
[31.891s] INFO:colcon.colcon_core.shell:Creating prefix script '/home/ice/polaris-bot/ros2_ws/install/local_setup.sh'
[31.892s] INFO:colcon.colcon_core.shell:Creating prefix util module '/home/ice/polaris-bot/ros2_ws/install/_local_setup_util_sh.py'
[31.894s] INFO:colcon.colcon_core.shell:Creating prefix chain script '/home/ice/polaris-bot/ros2_ws/install/setup.sh'
[31.932s] INFO:colcon.colcon_core.shell:Creating prefix script '/home/ice/polaris-bot/ros2_ws/install/local_setup.bash'
[31.934s] INFO:colcon.colcon_core.shell:Creating prefix chain script '/home/ice/polaris-bot/ros2_ws/install/setup.bash'
[31.974s] INFO:colcon.colcon_core.shell:Creating prefix script '/home/ice/polaris-bot/ros2_ws/install/local_setup.zsh'
[31.976s] INFO:colcon.colcon_core.shell:Creating prefix chain script '/home/ice/polaris-bot/ros2_ws/install/setup.zsh'
