[0.253s] Invoking command in '/home/ice/polaris-bot/ros2_ws/build/messages': CMAKE_PREFIX_PATH=/opt/ros/humble /usr/bin/cmake /home/ice/polaris-bot/ros2_ws/src/messages -DCMAKE_INSTALL_PREFIX=/home/ice/polaris-bot/ros2_ws/install/messages
[0.319s] -- Found ament_cmake: 1.3.7 (/opt/ros/humble/share/ament_cmake/cmake)
[0.735s] -- Found rosidl_default_generators: 1.2.0 (/opt/ros/humble/share/rosidl_default_generators/cmake)
[0.751s] -- Using all available rosidl_typesupport_c: rosidl_typesupport_fastrtps_c;rosidl_typesupport_introspection_c
[0.758s] -- Found rosidl_adapter: 3.1.5 (/opt/ros/humble/share/rosidl_adapter/cmake)
[0.834s] -- Using all available rosidl_typesupport_cpp: rosidl_typesupport_fastrtps_cpp;rosidl_typesupport_introspection_cpp
[1.633s] -- Found ament_cmake_ros: 0.10.0 (/opt/ros/humble/share/ament_cmake_ros/cmake)
[2.273s] -- Using all available rosidl_typesupport_c: rosidl_typesupport_fastrtps_c;rosidl_typesupport_introspection_c
[2.817s] -- Using all available rosidl_typesupport_cpp: rosidl_typesupport_fastrtps_cpp;rosidl_typesupport_introspection_cpp
[2.881s] -- Found PythonInterp: /usr/bin/python3 (found suitable version "3.10.12", minimum required is "3.6") 
[2.889s] -- Found python_cmake_module: 0.10.0 (/opt/ros/humble/share/python_cmake_module/cmake)
[2.952s] -- Found PythonLibs: /usr/lib/x86_64-linux-gnu/libpython3.10.so (found suitable version "3.10.12", minimum required is "3.5") 
[2.953s] -- Using PYTHON_EXECUTABLE: /usr/bin/python3
[2.953s] -- Using PYTHON_INCLUDE_DIRS: /usr/include/python3.10
[2.953s] -- Using PYTHON_LIBRARIES: /usr/lib/x86_64-linux-gnu/libpython3.10.so
[2.998s] -- Found PythonExtra: .so  
[3.097s] -- Found ament_lint_auto: 0.12.10 (/opt/ros/humble/share/ament_lint_auto/cmake)
[3.152s] -- Added test 'lint_cmake' to check CMake code style
[3.155s] -- Added test 'xmllint' to check XML markup files
[3.162s] -- Configuring done
[3.271s] -- Generating done
[3.295s] -- Build files have been written to: /home/ice/polaris-bot/ros2_ws/build/messages
[3.305s] Invoked command in '/home/ice/polaris-bot/ros2_ws/build/messages' returned '0': CMAKE_PREFIX_PATH=/opt/ros/humble /usr/bin/cmake /home/ice/polaris-bot/ros2_ws/src/messages -DCMAKE_INSTALL_PREFIX=/home/ice/polaris-bot/ros2_ws/install/messages
[3.306s] Invoking command in '/home/ice/polaris-bot/ros2_ws/build/messages': CMAKE_PREFIX_PATH=/opt/ros/humble /usr/bin/cmake --build /home/ice/polaris-bot/ros2_ws/build/messages -- -j2 -l2
[3.421s] [  3%] [34m[1mGenerating C code for ROS interfaces[0m
[4.170s] [  6%] [32mBuilding C object CMakeFiles/messages__rosidl_generator_c.dir/rosidl_generator_c/messages/msg/detail/motor_robot_speed__functions.c.o[0m
[4.291s] [  9%] [32m[1mLinking C shared library libmessages__rosidl_generator_c.so[0m
[4.392s] [  9%] Built target messages__rosidl_generator_c
[4.439s] [ 12%] [34m[1mGenerating C++ code for ROS interfaces[0m
[5.065s] [ 12%] Built target messages__cpp
[5.168s] [ 12%] Built target ament_cmake_python_copy_messages
[5.223s] [ 16%] [34m[1mGenerating C type support for eProsima Fast-RTPS[0m
[5.860s] [ 19%] [32mBuilding CXX object CMakeFiles/messages__rosidl_typesupport_fastrtps_c.dir/rosidl_typesupport_fastrtps_c/messages/msg/detail/motor_robot_speed__type_support_c.cpp.o[0m
[7.091s] [ 22%] [32m[1mLinking CXX shared library libmessages__rosidl_typesupport_fastrtps_c.so[0m
[7.349s] [ 22%] Built target messages__rosidl_typesupport_fastrtps_c
[7.382s] [ 25%] [34m[1mGenerating C introspection for ROS interfaces[0m
[7.931s] [ 29%] [32mBuilding C object CMakeFiles/messages__rosidl_typesupport_introspection_c.dir/rosidl_typesupport_introspection_c/messages/msg/detail/motor_robot_speed__type_support.c.o[0m
[8.014s] [ 32%] [32m[1mLinking C shared library libmessages__rosidl_typesupport_introspection_c.so[0m
[8.146s] [ 32%] Built target messages__rosidl_typesupport_introspection_c
[8.174s] [ 35%] [34m[1mGenerating C type support dispatch for ROS interfaces[0m
[8.646s] [ 38%] [32mBuilding CXX object CMakeFiles/messages__rosidl_typesupport_c.dir/rosidl_typesupport_c/messages/msg/motor_robot_speed__type_support.cpp.o[0m
[8.737s] [ 41%] [32m[1mLinking CXX shared library libmessages__rosidl_typesupport_c.so[0m
[8.848s] [ 41%] Built target messages__rosidl_typesupport_c
[8.888s] [ 45%] [34m[1mGenerating C++ type support for eProsima Fast-RTPS[0m
[9.622s] [ 48%] [32mBuilding CXX object CMakeFiles/messages__rosidl_typesupport_fastrtps_cpp.dir/rosidl_typesupport_fastrtps_cpp/messages/msg/detail/dds_fastrtps/motor_robot_speed__type_support.cpp.o[0m
[10.682s] [ 51%] [32m[1mLinking CXX shared library libmessages__rosidl_typesupport_fastrtps_cpp.so[0m
[11.193s] [ 51%] Built target messages__rosidl_typesupport_fastrtps_cpp
[11.248s] [ 54%] [34m[1mGenerating C++ introspection for ROS interfaces[0m
[11.748s] [ 58%] [32mBuilding CXX object CMakeFiles/messages__rosidl_typesupport_introspection_cpp.dir/rosidl_typesupport_introspection_cpp/messages/msg/detail/motor_robot_speed__type_support.cpp.o[0m
[12.733s] [ 61%] [32m[1mLinking CXX shared library libmessages__rosidl_typesupport_introspection_cpp.so[0m
[12.830s] [ 61%] Built target messages__rosidl_typesupport_introspection_cpp
[12.859s] [ 64%] [34m[1mGenerating C++ type support dispatch for ROS interfaces[0m
[13.294s] [ 67%] [32mBuilding CXX object CMakeFiles/messages__rosidl_typesupport_cpp.dir/rosidl_typesupport_cpp/messages/msg/motor_robot_speed__type_support.cpp.o[0m
[13.915s] [ 70%] [32m[1mLinking CXX shared library libmessages__rosidl_typesupport_cpp.so[0m
[14.024s] [ 70%] Built target messages__rosidl_typesupport_cpp
[14.687s] running egg_info
[14.691s] creating messages.egg-info
[14.692s] writing messages.egg-info/PKG-INFO
[14.692s] writing dependency_links to messages.egg-info/dependency_links.txt
[14.693s] writing top-level names to messages.egg-info/top_level.txt
[14.695s] writing manifest file 'messages.egg-info/SOURCES.txt'
[14.701s] reading manifest file 'messages.egg-info/SOURCES.txt'
[14.703s] writing manifest file 'messages.egg-info/SOURCES.txt'
[14.774s] [ 70%] Built target ament_cmake_python_build_messages_egg
[14.825s] [ 70%] Built target messages
[14.887s] [ 74%] [34m[1mGenerating Python code for ROS interfaces[0m
[15.584s] [ 74%] Built target messages__py
[15.642s] [ 77%] [32mBuilding C object CMakeFiles/messages__rosidl_generator_py.dir/rosidl_generator_py/messages/msg/_motor_robot_speed_s.c.o[0m
[16.129s] [ 80%] [32m[1mLinking C shared library rosidl_generator_py/messages/libmessages__rosidl_generator_py.so[0m
[16.248s] [ 80%] Built target messages__rosidl_generator_py
[16.321s] [ 83%] [32mBuilding C object CMakeFiles/messages__rosidl_typesupport_fastrtps_c__pyext.dir/rosidl_generator_py/messages/_messages_s.ep.rosidl_typesupport_fastrtps_c.c.o[0m
[16.542s] [ 87%] [32m[1mLinking C shared library rosidl_generator_py/messages/messages_s__rosidl_typesupport_fastrtps_c.cpython-310-x86_64-linux-gnu.so[0m
[16.645s] [ 87%] Built target messages__rosidl_typesupport_fastrtps_c__pyext
[16.746s] [ 90%] [32mBuilding C object CMakeFiles/messages__rosidl_typesupport_introspection_c__pyext.dir/rosidl_generator_py/messages/_messages_s.ep.rosidl_typesupport_introspection_c.c.o[0m
[17.120s] [ 93%] [32m[1mLinking C shared library rosidl_generator_py/messages/messages_s__rosidl_typesupport_introspection_c.cpython-310-x86_64-linux-gnu.so[0m
[17.229s] [ 93%] Built target messages__rosidl_typesupport_introspection_c__pyext
[17.301s] [ 96%] [32mBuilding C object CMakeFiles/messages__rosidl_typesupport_c__pyext.dir/rosidl_generator_py/messages/_messages_s.ep.rosidl_typesupport_c.c.o[0m
[17.486s] [100%] [32m[1mLinking C shared library rosidl_generator_py/messages/messages_s__rosidl_typesupport_c.cpython-310-x86_64-linux-gnu.so[0m
[17.616s] [100%] Built target messages__rosidl_typesupport_c__pyext
[17.657s] Invoked command in '/home/ice/polaris-bot/ros2_ws/build/messages' returned '0': CMAKE_PREFIX_PATH=/opt/ros/humble /usr/bin/cmake --build /home/ice/polaris-bot/ros2_ws/build/messages -- -j2 -l2
[18.005s] Invoking command in '/home/ice/polaris-bot/ros2_ws/build/messages': CMAKE_PREFIX_PATH=/opt/ros/humble /usr/bin/cmake --install /home/ice/polaris-bot/ros2_ws/build/messages
[18.025s] -- Install configuration: ""
[18.026s] -- Installing: /home/ice/polaris-bot/ros2_ws/install/messages/share/ament_index/resource_index/rosidl_interfaces/messages
[18.027s] -- Installing: /home/ice/polaris-bot/ros2_ws/install/messages/include/messages/messages
[18.029s] -- Installing: /home/ice/polaris-bot/ros2_ws/install/messages/include/messages/messages/msg
[18.030s] -- Installing: /home/ice/polaris-bot/ros2_ws/install/messages/include/messages/messages/msg/detail
[18.032s] -- Installing: /home/ice/polaris-bot/ros2_ws/install/messages/include/messages/messages/msg/detail/motor_robot_speed__functions.h
[18.033s] -- Installing: /home/ice/polaris-bot/ros2_ws/install/messages/include/messages/messages/msg/detail/motor_robot_speed__type_support.h
[18.033s] -- Installing: /home/ice/polaris-bot/ros2_ws/install/messages/include/messages/messages/msg/detail/motor_robot_speed__struct.h
[18.034s] -- Installing: /home/ice/polaris-bot/ros2_ws/install/messages/include/messages/messages/msg/detail/motor_robot_speed__functions.c
[18.034s] -- Installing: /home/ice/polaris-bot/ros2_ws/install/messages/include/messages/messages/msg/motor_robot_speed.h
[18.035s] -- Installing: /home/ice/polaris-bot/ros2_ws/install/messages/include/messages/messages/msg/rosidl_generator_c__visibility_control.h
[18.035s] -- Installing: /home/ice/polaris-bot/ros2_ws/install/messages/share/messages/environment/library_path.sh
[18.036s] -- Installing: /home/ice/polaris-bot/ros2_ws/install/messages/share/messages/environment/library_path.dsv
[18.037s] -- Installing: /home/ice/polaris-bot/ros2_ws/install/messages/lib/libmessages__rosidl_generator_c.so
[18.039s] -- Set runtime path of "/home/ice/polaris-bot/ros2_ws/install/messages/lib/libmessages__rosidl_generator_c.so" to ""
[18.040s] -- Up-to-date: /home/ice/polaris-bot/ros2_ws/install/messages/include/messages/messages
[18.041s] -- Up-to-date: /home/ice/polaris-bot/ros2_ws/install/messages/include/messages/messages/msg
[18.041s] -- Up-to-date: /home/ice/polaris-bot/ros2_ws/install/messages/include/messages/messages/msg/detail
[18.042s] -- Installing: /home/ice/polaris-bot/ros2_ws/install/messages/include/messages/messages/msg/detail/motor_robot_speed__rosidl_typesupport_fastrtps_c.h
[18.042s] -- Installing: /home/ice/polaris-bot/ros2_ws/install/messages/include/messages/messages/msg/rosidl_typesupport_fastrtps_c__visibility_control.h
[18.043s] -- Installing: /home/ice/polaris-bot/ros2_ws/install/messages/lib/libmessages__rosidl_typesupport_fastrtps_c.so
[18.044s] -- Set runtime path of "/home/ice/polaris-bot/ros2_ws/install/messages/lib/libmessages__rosidl_typesupport_fastrtps_c.so" to ""
[18.044s] -- Up-to-date: /home/ice/polaris-bot/ros2_ws/install/messages/include/messages/messages
[18.044s] -- Up-to-date: /home/ice/polaris-bot/ros2_ws/install/messages/include/messages/messages/msg
[18.045s] -- Up-to-date: /home/ice/polaris-bot/ros2_ws/install/messages/include/messages/messages/msg/detail
[18.045s] -- Installing: /home/ice/polaris-bot/ros2_ws/install/messages/include/messages/messages/msg/detail/motor_robot_speed__rosidl_typesupport_introspection_c.h
[18.054s] -- Installing: /home/ice/polaris-bot/ros2_ws/install/messages/include/messages/messages/msg/detail/motor_robot_speed__type_support.c
[18.057s] -- Installing: /home/ice/polaris-bot/ros2_ws/install/messages/include/messages/messages/msg/rosidl_typesupport_introspection_c__visibility_control.h
[18.058s] -- Installing: /home/ice/polaris-bot/ros2_ws/install/messages/lib/libmessages__rosidl_typesupport_introspection_c.so
[18.058s] -- Set runtime path of "/home/ice/polaris-bot/ros2_ws/install/messages/lib/libmessages__rosidl_typesupport_introspection_c.so" to ""
[18.059s] -- Installing: /home/ice/polaris-bot/ros2_ws/install/messages/lib/libmessages__rosidl_typesupport_c.so
[18.059s] -- Set runtime path of "/home/ice/polaris-bot/ros2_ws/install/messages/lib/libmessages__rosidl_typesupport_c.so" to ""
[18.063s] -- Up-to-date: /home/ice/polaris-bot/ros2_ws/install/messages/include/messages/messages
[18.063s] -- Up-to-date: /home/ice/polaris-bot/ros2_ws/install/messages/include/messages/messages/msg
[18.063s] -- Up-to-date: /home/ice/polaris-bot/ros2_ws/install/messages/include/messages/messages/msg/detail
[18.063s] -- Installing: /home/ice/polaris-bot/ros2_ws/install/messages/include/messages/messages/msg/detail/motor_robot_speed__traits.hpp
[18.063s] -- Installing: /home/ice/polaris-bot/ros2_ws/install/messages/include/messages/messages/msg/detail/motor_robot_speed__struct.hpp
[18.063s] -- Installing: /home/ice/polaris-bot/ros2_ws/install/messages/include/messages/messages/msg/detail/motor_robot_speed__builder.hpp
[18.063s] -- Installing: /home/ice/polaris-bot/ros2_ws/install/messages/include/messages/messages/msg/motor_robot_speed.hpp
[18.063s] -- Up-to-date: /home/ice/polaris-bot/ros2_ws/install/messages/include/messages/messages
[18.063s] -- Up-to-date: /home/ice/polaris-bot/ros2_ws/install/messages/include/messages/messages/msg
[18.063s] -- Up-to-date: /home/ice/polaris-bot/ros2_ws/install/messages/include/messages/messages/msg/detail
[18.063s] -- Installing: /home/ice/polaris-bot/ros2_ws/install/messages/include/messages/messages/msg/detail/dds_fastrtps
[18.063s] -- Installing: /home/ice/polaris-bot/ros2_ws/install/messages/include/messages/messages/msg/detail/motor_robot_speed__rosidl_typesupport_fastrtps_cpp.hpp
[18.064s] -- Installing: /home/ice/polaris-bot/ros2_ws/install/messages/include/messages/messages/msg/rosidl_typesupport_fastrtps_cpp__visibility_control.h
[18.064s] -- Installing: /home/ice/polaris-bot/ros2_ws/install/messages/lib/libmessages__rosidl_typesupport_fastrtps_cpp.so
[18.064s] -- Set runtime path of "/home/ice/polaris-bot/ros2_ws/install/messages/lib/libmessages__rosidl_typesupport_fastrtps_cpp.so" to ""
[18.064s] -- Up-to-date: /home/ice/polaris-bot/ros2_ws/install/messages/include/messages/messages
[18.064s] -- Up-to-date: /home/ice/polaris-bot/ros2_ws/install/messages/include/messages/messages/msg
[18.064s] -- Up-to-date: /home/ice/polaris-bot/ros2_ws/install/messages/include/messages/messages/msg/detail
[18.064s] -- Installing: /home/ice/polaris-bot/ros2_ws/install/messages/include/messages/messages/msg/detail/motor_robot_speed__rosidl_typesupport_introspection_cpp.hpp
[18.064s] -- Installing: /home/ice/polaris-bot/ros2_ws/install/messages/include/messages/messages/msg/detail/motor_robot_speed__type_support.cpp
[18.064s] -- Installing: /home/ice/polaris-bot/ros2_ws/install/messages/lib/libmessages__rosidl_typesupport_introspection_cpp.so
[18.064s] -- Set runtime path of "/home/ice/polaris-bot/ros2_ws/install/messages/lib/libmessages__rosidl_typesupport_introspection_cpp.so" to ""
[18.064s] -- Installing: /home/ice/polaris-bot/ros2_ws/install/messages/lib/libmessages__rosidl_typesupport_cpp.so
[18.064s] -- Set runtime path of "/home/ice/polaris-bot/ros2_ws/install/messages/lib/libmessages__rosidl_typesupport_cpp.so" to ""
[18.065s] -- Installing: /home/ice/polaris-bot/ros2_ws/install/messages/share/messages/environment/pythonpath.sh
[18.065s] -- Installing: /home/ice/polaris-bot/ros2_ws/install/messages/share/messages/environment/pythonpath.dsv
[18.065s] -- Installing: /home/ice/polaris-bot/ros2_ws/install/messages/local/lib/python3.10/dist-packages/messages-0.0.0-py3.10.egg-info
[18.065s] -- Installing: /home/ice/polaris-bot/ros2_ws/install/messages/local/lib/python3.10/dist-packages/messages-0.0.0-py3.10.egg-info/top_level.txt
[18.065s] -- Installing: /home/ice/polaris-bot/ros2_ws/install/messages/local/lib/python3.10/dist-packages/messages-0.0.0-py3.10.egg-info/PKG-INFO
[18.065s] -- Installing: /home/ice/polaris-bot/ros2_ws/install/messages/local/lib/python3.10/dist-packages/messages-0.0.0-py3.10.egg-info/SOURCES.txt
[18.065s] -- Installing: /home/ice/polaris-bot/ros2_ws/install/messages/local/lib/python3.10/dist-packages/messages-0.0.0-py3.10.egg-info/dependency_links.txt
[18.065s] -- Installing: /home/ice/polaris-bot/ros2_ws/install/messages/local/lib/python3.10/dist-packages/messages
[18.065s] -- Installing: /home/ice/polaris-bot/ros2_ws/install/messages/local/lib/python3.10/dist-packages/messages/_messages_s.ep.rosidl_typesupport_fastrtps_c.c
[18.065s] -- Installing: /home/ice/polaris-bot/ros2_ws/install/messages/local/lib/python3.10/dist-packages/messages/messages_s__rosidl_typesupport_introspection_c.cpython-310-x86_64-linux-gnu.so
[18.075s] -- Installing: /home/ice/polaris-bot/ros2_ws/install/messages/local/lib/python3.10/dist-packages/messages/messages_s__rosidl_typesupport_c.cpython-310-x86_64-linux-gnu.so
[18.075s] -- Installing: /home/ice/polaris-bot/ros2_ws/install/messages/local/lib/python3.10/dist-packages/messages/messages_s__rosidl_typesupport_fastrtps_c.cpython-310-x86_64-linux-gnu.so
[18.075s] -- Installing: /home/ice/polaris-bot/ros2_ws/install/messages/local/lib/python3.10/dist-packages/messages/_messages_s.ep.rosidl_typesupport_introspection_c.c
[18.075s] -- Installing: /home/ice/polaris-bot/ros2_ws/install/messages/local/lib/python3.10/dist-packages/messages/msg
[18.075s] -- Installing: /home/ice/polaris-bot/ros2_ws/install/messages/local/lib/python3.10/dist-packages/messages/msg/_motor_robot_speed.py
[18.076s] -- Installing: /home/ice/polaris-bot/ros2_ws/install/messages/local/lib/python3.10/dist-packages/messages/msg/__init__.py
[18.077s] -- Installing: /home/ice/polaris-bot/ros2_ws/install/messages/local/lib/python3.10/dist-packages/messages/msg/_motor_robot_speed_s.c
[18.077s] -- Installing: /home/ice/polaris-bot/ros2_ws/install/messages/local/lib/python3.10/dist-packages/messages/libmessages__rosidl_generator_py.so
[18.078s] -- Installing: /home/ice/polaris-bot/ros2_ws/install/messages/local/lib/python3.10/dist-packages/messages/__init__.py
[18.080s] -- Installing: /home/ice/polaris-bot/ros2_ws/install/messages/local/lib/python3.10/dist-packages/messages/_messages_s.ep.rosidl_typesupport_c.c
[18.160s] Listing '/home/ice/polaris-bot/ros2_ws/install/messages/local/lib/python3.10/dist-packages/messages'...
[18.161s] Compiling '/home/ice/polaris-bot/ros2_ws/install/messages/local/lib/python3.10/dist-packages/messages/__init__.py'...
[18.161s] Listing '/home/ice/polaris-bot/ros2_ws/install/messages/local/lib/python3.10/dist-packages/messages/msg'...
[18.161s] Compiling '/home/ice/polaris-bot/ros2_ws/install/messages/local/lib/python3.10/dist-packages/messages/msg/__init__.py'...
[18.161s] Compiling '/home/ice/polaris-bot/ros2_ws/install/messages/local/lib/python3.10/dist-packages/messages/msg/_motor_robot_speed.py'...
[18.172s] -- Installing: /home/ice/polaris-bot/ros2_ws/install/messages/local/lib/python3.10/dist-packages/messages/messages_s__rosidl_typesupport_fastrtps_c.cpython-310-x86_64-linux-gnu.so
[18.173s] -- Set runtime path of "/home/ice/polaris-bot/ros2_ws/install/messages/local/lib/python3.10/dist-packages/messages/messages_s__rosidl_typesupport_fastrtps_c.cpython-310-x86_64-linux-gnu.so" to ""
[18.173s] -- Installing: /home/ice/polaris-bot/ros2_ws/install/messages/local/lib/python3.10/dist-packages/messages/messages_s__rosidl_typesupport_introspection_c.cpython-310-x86_64-linux-gnu.so
[18.174s] -- Set runtime path of "/home/ice/polaris-bot/ros2_ws/install/messages/local/lib/python3.10/dist-packages/messages/messages_s__rosidl_typesupport_introspection_c.cpython-310-x86_64-linux-gnu.so" to ""
[18.174s] -- Installing: /home/ice/polaris-bot/ros2_ws/install/messages/local/lib/python3.10/dist-packages/messages/messages_s__rosidl_typesupport_c.cpython-310-x86_64-linux-gnu.so
[18.176s] -- Set runtime path of "/home/ice/polaris-bot/ros2_ws/install/messages/local/lib/python3.10/dist-packages/messages/messages_s__rosidl_typesupport_c.cpython-310-x86_64-linux-gnu.so" to ""
[18.177s] -- Installing: /home/ice/polaris-bot/ros2_ws/install/messages/lib/libmessages__rosidl_generator_py.so
[18.177s] -- Set runtime path of "/home/ice/polaris-bot/ros2_ws/install/messages/lib/libmessages__rosidl_generator_py.so" to ""
[18.178s] -- Installing: /home/ice/polaris-bot/ros2_ws/install/messages/share/messages/msg/MotorRobotSpeed.idl
[18.179s] -- Installing: /home/ice/polaris-bot/ros2_ws/install/messages/share/messages/msg/MotorRobotSpeed.msg
[18.180s] -- Installing: /home/ice/polaris-bot/ros2_ws/install/messages/share/ament_index/resource_index/package_run_dependencies/messages
[18.181s] -- Installing: /home/ice/polaris-bot/ros2_ws/install/messages/share/ament_index/resource_index/parent_prefix_path/messages
[18.181s] -- Installing: /home/ice/polaris-bot/ros2_ws/install/messages/share/messages/environment/ament_prefix_path.sh
[18.182s] -- Installing: /home/ice/polaris-bot/ros2_ws/install/messages/share/messages/environment/ament_prefix_path.dsv
[18.184s] -- Installing: /home/ice/polaris-bot/ros2_ws/install/messages/share/messages/environment/path.sh
[18.185s] -- Installing: /home/ice/polaris-bot/ros2_ws/install/messages/share/messages/environment/path.dsv
[18.185s] -- Installing: /home/ice/polaris-bot/ros2_ws/install/messages/share/messages/local_setup.bash
[18.186s] -- Installing: /home/ice/polaris-bot/ros2_ws/install/messages/share/messages/local_setup.sh
[18.189s] -- Installing: /home/ice/polaris-bot/ros2_ws/install/messages/share/messages/local_setup.zsh
[18.189s] -- Installing: /home/ice/polaris-bot/ros2_ws/install/messages/share/messages/local_setup.dsv
[18.189s] -- Installing: /home/ice/polaris-bot/ros2_ws/install/messages/share/messages/package.dsv
[18.201s] -- Installing: /home/ice/polaris-bot/ros2_ws/install/messages/share/ament_index/resource_index/packages/messages
[18.204s] -- Installing: /home/ice/polaris-bot/ros2_ws/install/messages/share/messages/cmake/export_messages__rosidl_generator_cExport.cmake
[18.212s] -- Installing: /home/ice/polaris-bot/ros2_ws/install/messages/share/messages/cmake/export_messages__rosidl_generator_cExport-noconfig.cmake
[18.213s] -- Installing: /home/ice/polaris-bot/ros2_ws/install/messages/share/messages/cmake/export_messages__rosidl_typesupport_fastrtps_cExport.cmake
[18.213s] -- Installing: /home/ice/polaris-bot/ros2_ws/install/messages/share/messages/cmake/export_messages__rosidl_typesupport_fastrtps_cExport-noconfig.cmake
[18.213s] -- Installing: /home/ice/polaris-bot/ros2_ws/install/messages/share/messages/cmake/messages__rosidl_typesupport_introspection_cExport.cmake
[18.213s] -- Installing: /home/ice/polaris-bot/ros2_ws/install/messages/share/messages/cmake/messages__rosidl_typesupport_introspection_cExport-noconfig.cmake
[18.214s] -- Installing: /home/ice/polaris-bot/ros2_ws/install/messages/share/messages/cmake/messages__rosidl_typesupport_cExport.cmake
[18.214s] -- Installing: /home/ice/polaris-bot/ros2_ws/install/messages/share/messages/cmake/messages__rosidl_typesupport_cExport-noconfig.cmake
[18.214s] -- Installing: /home/ice/polaris-bot/ros2_ws/install/messages/share/messages/cmake/export_messages__rosidl_generator_cppExport.cmake
[18.214s] -- Installing: /home/ice/polaris-bot/ros2_ws/install/messages/share/messages/cmake/export_messages__rosidl_typesupport_fastrtps_cppExport.cmake
[18.215s] -- Installing: /home/ice/polaris-bot/ros2_ws/install/messages/share/messages/cmake/export_messages__rosidl_typesupport_fastrtps_cppExport-noconfig.cmake
[18.215s] -- Installing: /home/ice/polaris-bot/ros2_ws/install/messages/share/messages/cmake/messages__rosidl_typesupport_introspection_cppExport.cmake
[18.216s] -- Installing: /home/ice/polaris-bot/ros2_ws/install/messages/share/messages/cmake/messages__rosidl_typesupport_introspection_cppExport-noconfig.cmake
[18.216s] -- Installing: /home/ice/polaris-bot/ros2_ws/install/messages/share/messages/cmake/messages__rosidl_typesupport_cppExport.cmake
[18.217s] -- Installing: /home/ice/polaris-bot/ros2_ws/install/messages/share/messages/cmake/messages__rosidl_typesupport_cppExport-noconfig.cmake
[18.219s] -- Installing: /home/ice/polaris-bot/ros2_ws/install/messages/share/messages/cmake/export_messages__rosidl_generator_pyExport.cmake
[18.222s] -- Installing: /home/ice/polaris-bot/ros2_ws/install/messages/share/messages/cmake/export_messages__rosidl_generator_pyExport-noconfig.cmake
[18.223s] -- Installing: /home/ice/polaris-bot/ros2_ws/install/messages/share/messages/cmake/rosidl_cmake-extras.cmake
[18.223s] -- Installing: /home/ice/polaris-bot/ros2_ws/install/messages/share/messages/cmake/ament_cmake_export_include_directories-extras.cmake
[18.224s] -- Installing: /home/ice/polaris-bot/ros2_ws/install/messages/share/messages/cmake/ament_cmake_export_libraries-extras.cmake
[18.224s] -- Installing: /home/ice/polaris-bot/ros2_ws/install/messages/share/messages/cmake/ament_cmake_export_targets-extras.cmake
[18.233s] -- Installing: /home/ice/polaris-bot/ros2_ws/install/messages/share/messages/cmake/rosidl_cmake_export_typesupport_targets-extras.cmake
[18.234s] -- Installing: /home/ice/polaris-bot/ros2_ws/install/messages/share/messages/cmake/ament_cmake_export_dependencies-extras.cmake
[18.235s] -- Installing: /home/ice/polaris-bot/ros2_ws/install/messages/share/messages/cmake/rosidl_cmake_export_typesupport_libraries-extras.cmake
[18.236s] -- Installing: /home/ice/polaris-bot/ros2_ws/install/messages/share/messages/cmake/messagesConfig.cmake
[18.236s] -- Installing: /home/ice/polaris-bot/ros2_ws/install/messages/share/messages/cmake/messagesConfig-version.cmake
[18.236s] -- Installing: /home/ice/polaris-bot/ros2_ws/install/messages/share/messages/package.xml
[18.237s] Invoked command in '/home/ice/polaris-bot/ros2_ws/build/messages' returned '0': CMAKE_PREFIX_PATH=/opt/ros/humble /usr/bin/cmake --install /home/ice/polaris-bot/ros2_ws/build/messages
