[0.626s] Invoking command in '/home/ice/polaris-bot/ros2_ws/build/messages': CMAKE_PREFIX_PATH=${CMAKE_PREFIX_PATH}:/opt/ros/humble /usr/bin/cmake --build /home/ice/polaris-bot/ros2_ws/build/messages -- -j2 -l2
[1.110s] [35m[1mConsolidate compiler generated dependencies of target messages__rosidl_generator_c[0m
[1.190s] [ 10%] Built target messages__rosidl_generator_c
[1.201s] [ 12%] Built target messages__cpp
[1.401s] [35m[1mConsolidate compiler generated dependencies of target messages__rosidl_typesupport_introspection_c[0m
[1.527s] [ 23%] Built target messages__rosidl_typesupport_introspection_c
[1.561s] [ 23%] Built target ament_cmake_python_copy_messages
[1.650s] [35m[1mConsolidate compiler generated dependencies of target messages__rosidl_typesupport_fastrtps_cpp[0m
[1.756s] [35m[1mConsolidate compiler generated dependencies of target messages__rosidl_typesupport_c[0m
[1.797s] [ 33%] Built target messages__rosidl_typesupport_fastrtps_cpp
[1.886s] [35m[1mConsolidate compiler generated dependencies of target messages__rosidl_typesupport_introspection_cpp[0m
[1.897s] [ 43%] Built target messages__rosidl_typesupport_c
[1.969s] [ 53%] Built target messages__rosidl_typesupport_introspection_cpp
[2.076s] [35m[1mConsolidate compiler generated dependencies of target messages__rosidl_typesupport_cpp[0m
[2.084s] [35m[1mConsolidate compiler generated dependencies of target messages__rosidl_typesupport_fastrtps_c[0m
[2.153s] [ 64%] Built target messages__rosidl_typesupport_cpp
[2.179s] [ 74%] Built target messages__rosidl_typesupport_fastrtps_c
[2.386s] [ 74%] Built target messages
[2.489s] [ 76%] Built target messages__py
[2.539s] [35m[1mConsolidate compiler generated dependencies of target messages__rosidl_generator_py[0m
[2.637s] [ 84%] Built target messages__rosidl_generator_py
[2.679s] [35m[1mConsolidate compiler generated dependencies of target messages__rosidl_typesupport_fastrtps_c__pyext[0m
[2.817s] [ 89%] Built target messages__rosidl_typesupport_fastrtps_c__pyext
[2.878s] [35m[1mConsolidate compiler generated dependencies of target messages__rosidl_typesupport_introspection_c__pyext[0m
[2.947s] [ 94%] Built target messages__rosidl_typesupport_introspection_c__pyext
[3.041s] [35m[1mConsolidate compiler generated dependencies of target messages__rosidl_typesupport_c__pyext[0m
[3.063s] [100%] Built target messages__rosidl_typesupport_c__pyext
[4.007s] running egg_info
[4.016s] writing messages.egg-info/PKG-INFO
[4.019s] writing dependency_links to messages.egg-info/dependency_links.txt
[4.020s] writing top-level names to messages.egg-info/top_level.txt
[4.052s] reading manifest file 'messages.egg-info/SOURCES.txt'
[4.052s] writing manifest file 'messages.egg-info/SOURCES.txt'
[4.189s] [100%] Built target ament_cmake_python_build_messages_egg
[4.240s] Invoked command in '/home/ice/polaris-bot/ros2_ws/build/messages' returned '0': CMAKE_PREFIX_PATH=${CMAKE_PREFIX_PATH}:/opt/ros/humble /usr/bin/cmake --build /home/ice/polaris-bot/ros2_ws/build/messages -- -j2 -l2
[4.916s] Invoking command in '/home/ice/polaris-bot/ros2_ws/build/messages': CMAKE_PREFIX_PATH=${CMAKE_PREFIX_PATH}:/opt/ros/humble /usr/bin/cmake --install /home/ice/polaris-bot/ros2_ws/build/messages
[4.961s] -- Install configuration: ""
[4.976s] -- Up-to-date: /home/ice/polaris-bot/ros2_ws/install/messages/share/ament_index/resource_index/rosidl_interfaces/messages
[4.976s] -- Up-to-date: /home/ice/polaris-bot/ros2_ws/install/messages/include/messages/messages
[4.977s] -- Up-to-date: /home/ice/polaris-bot/ros2_ws/install/messages/include/messages/messages/msg
[4.978s] -- Up-to-date: /home/ice/polaris-bot/ros2_ws/install/messages/include/messages/messages/msg/encoder_feed_back.h
[4.978s] -- Up-to-date: /home/ice/polaris-bot/ros2_ws/install/messages/include/messages/messages/msg/detail
[4.978s] -- Up-to-date: /home/ice/polaris-bot/ros2_ws/install/messages/include/messages/messages/msg/detail/motor_robot_speed__functions.h
[4.978s] -- Up-to-date: /home/ice/polaris-bot/ros2_ws/install/messages/include/messages/messages/msg/detail/motor_robot_speed__type_support.h
[4.978s] -- Up-to-date: /home/ice/polaris-bot/ros2_ws/install/messages/include/messages/messages/msg/detail/motor_robot_speed__struct.h
[4.979s] -- Up-to-date: /home/ice/polaris-bot/ros2_ws/install/messages/include/messages/messages/msg/detail/encoder_feed_back__functions.h
[4.979s] -- Up-to-date: /home/ice/polaris-bot/ros2_ws/install/messages/include/messages/messages/msg/detail/encoder_feed_back__struct.h
[4.979s] -- Up-to-date: /home/ice/polaris-bot/ros2_ws/install/messages/include/messages/messages/msg/detail/encoder_feed_back__type_support.h
[4.979s] -- Up-to-date: /home/ice/polaris-bot/ros2_ws/install/messages/include/messages/messages/msg/detail/encoder_feed_back__functions.c
[4.987s] -- Up-to-date: /home/ice/polaris-bot/ros2_ws/install/messages/include/messages/messages/msg/detail/motor_robot_speed__functions.c
[4.987s] -- Up-to-date: /home/ice/polaris-bot/ros2_ws/install/messages/include/messages/messages/msg/motor_robot_speed.h
[4.987s] -- Up-to-date: /home/ice/polaris-bot/ros2_ws/install/messages/include/messages/messages/msg/rosidl_generator_c__visibility_control.h
[4.991s] -- Up-to-date: /home/ice/polaris-bot/ros2_ws/install/messages/share/messages/environment/library_path.sh
[5.001s] -- Up-to-date: /home/ice/polaris-bot/ros2_ws/install/messages/share/messages/environment/library_path.dsv
[5.001s] -- Up-to-date: /home/ice/polaris-bot/ros2_ws/install/messages/lib/libmessages__rosidl_generator_c.so
[5.002s] -- Up-to-date: /home/ice/polaris-bot/ros2_ws/install/messages/include/messages/messages
[5.002s] -- Up-to-date: /home/ice/polaris-bot/ros2_ws/install/messages/include/messages/messages/msg
[5.003s] -- Up-to-date: /home/ice/polaris-bot/ros2_ws/install/messages/include/messages/messages/msg/detail
[5.003s] -- Up-to-date: /home/ice/polaris-bot/ros2_ws/install/messages/include/messages/messages/msg/detail/encoder_feed_back__rosidl_typesupport_fastrtps_c.h
[5.003s] -- Up-to-date: /home/ice/polaris-bot/ros2_ws/install/messages/include/messages/messages/msg/detail/motor_robot_speed__rosidl_typesupport_fastrtps_c.h
[5.003s] -- Up-to-date: /home/ice/polaris-bot/ros2_ws/install/messages/include/messages/messages/msg/rosidl_typesupport_fastrtps_c__visibility_control.h
[5.005s] -- Up-to-date: /home/ice/polaris-bot/ros2_ws/install/messages/lib/libmessages__rosidl_typesupport_fastrtps_c.so
[5.006s] -- Up-to-date: /home/ice/polaris-bot/ros2_ws/install/messages/include/messages/messages
[5.008s] -- Up-to-date: /home/ice/polaris-bot/ros2_ws/install/messages/include/messages/messages/msg
[5.008s] -- Up-to-date: /home/ice/polaris-bot/ros2_ws/install/messages/include/messages/messages/msg/detail
[5.008s] -- Up-to-date: /home/ice/polaris-bot/ros2_ws/install/messages/include/messages/messages/msg/detail/motor_robot_speed__rosidl_typesupport_introspection_c.h
[5.009s] -- Up-to-date: /home/ice/polaris-bot/ros2_ws/install/messages/include/messages/messages/msg/detail/encoder_feed_back__type_support.c
[5.009s] -- Up-to-date: /home/ice/polaris-bot/ros2_ws/install/messages/include/messages/messages/msg/detail/motor_robot_speed__type_support.c
[5.009s] -- Up-to-date: /home/ice/polaris-bot/ros2_ws/install/messages/include/messages/messages/msg/detail/encoder_feed_back__rosidl_typesupport_introspection_c.h
[5.009s] -- Up-to-date: /home/ice/polaris-bot/ros2_ws/install/messages/include/messages/messages/msg/rosidl_typesupport_introspection_c__visibility_control.h
[5.017s] -- Up-to-date: /home/ice/polaris-bot/ros2_ws/install/messages/lib/libmessages__rosidl_typesupport_introspection_c.so
[5.022s] -- Up-to-date: /home/ice/polaris-bot/ros2_ws/install/messages/lib/libmessages__rosidl_typesupport_c.so
[5.024s] -- Up-to-date: /home/ice/polaris-bot/ros2_ws/install/messages/include/messages/messages
[5.024s] -- Up-to-date: /home/ice/polaris-bot/ros2_ws/install/messages/include/messages/messages/msg
[5.024s] -- Up-to-date: /home/ice/polaris-bot/ros2_ws/install/messages/include/messages/messages/msg/detail
[5.024s] -- Up-to-date: /home/ice/polaris-bot/ros2_ws/install/messages/include/messages/messages/msg/detail/encoder_feed_back__struct.hpp
[5.025s] -- Up-to-date: /home/ice/polaris-bot/ros2_ws/install/messages/include/messages/messages/msg/detail/encoder_feed_back__builder.hpp
[5.025s] -- Up-to-date: /home/ice/polaris-bot/ros2_ws/install/messages/include/messages/messages/msg/detail/motor_robot_speed__traits.hpp
[5.025s] -- Up-to-date: /home/ice/polaris-bot/ros2_ws/install/messages/include/messages/messages/msg/detail/encoder_feed_back__traits.hpp
[5.026s] -- Up-to-date: /home/ice/polaris-bot/ros2_ws/install/messages/include/messages/messages/msg/detail/motor_robot_speed__struct.hpp
[5.026s] -- Up-to-date: /home/ice/polaris-bot/ros2_ws/install/messages/include/messages/messages/msg/detail/motor_robot_speed__builder.hpp
[5.026s] -- Up-to-date: /home/ice/polaris-bot/ros2_ws/install/messages/include/messages/messages/msg/encoder_feed_back.hpp
[5.027s] -- Up-to-date: /home/ice/polaris-bot/ros2_ws/install/messages/include/messages/messages/msg/motor_robot_speed.hpp
[5.027s] -- Up-to-date: /home/ice/polaris-bot/ros2_ws/install/messages/include/messages/messages
[5.028s] -- Up-to-date: /home/ice/polaris-bot/ros2_ws/install/messages/include/messages/messages/msg
[5.031s] -- Up-to-date: /home/ice/polaris-bot/ros2_ws/install/messages/include/messages/messages/msg/detail
[5.032s] -- Up-to-date: /home/ice/polaris-bot/ros2_ws/install/messages/include/messages/messages/msg/detail/dds_fastrtps
[5.036s] -- Up-to-date: /home/ice/polaris-bot/ros2_ws/install/messages/include/messages/messages/msg/detail/encoder_feed_back__rosidl_typesupport_fastrtps_cpp.hpp
[5.037s] -- Up-to-date: /home/ice/polaris-bot/ros2_ws/install/messages/include/messages/messages/msg/detail/motor_robot_speed__rosidl_typesupport_fastrtps_cpp.hpp
[5.037s] -- Up-to-date: /home/ice/polaris-bot/ros2_ws/install/messages/include/messages/messages/msg/rosidl_typesupport_fastrtps_cpp__visibility_control.h
[5.038s] -- Up-to-date: /home/ice/polaris-bot/ros2_ws/install/messages/lib/libmessages__rosidl_typesupport_fastrtps_cpp.so
[5.040s] -- Up-to-date: /home/ice/polaris-bot/ros2_ws/install/messages/include/messages/messages
[5.040s] -- Up-to-date: /home/ice/polaris-bot/ros2_ws/install/messages/include/messages/messages/msg
[5.040s] -- Up-to-date: /home/ice/polaris-bot/ros2_ws/install/messages/include/messages/messages/msg/detail
[5.040s] -- Up-to-date: /home/ice/polaris-bot/ros2_ws/install/messages/include/messages/messages/msg/detail/encoder_feed_back__type_support.cpp
[5.041s] -- Up-to-date: /home/ice/polaris-bot/ros2_ws/install/messages/include/messages/messages/msg/detail/encoder_feed_back__rosidl_typesupport_introspection_cpp.hpp
[5.041s] -- Up-to-date: /home/ice/polaris-bot/ros2_ws/install/messages/include/messages/messages/msg/detail/motor_robot_speed__rosidl_typesupport_introspection_cpp.hpp
[5.042s] -- Up-to-date: /home/ice/polaris-bot/ros2_ws/install/messages/include/messages/messages/msg/detail/motor_robot_speed__type_support.cpp
[5.042s] -- Up-to-date: /home/ice/polaris-bot/ros2_ws/install/messages/lib/libmessages__rosidl_typesupport_introspection_cpp.so
[5.045s] -- Up-to-date: /home/ice/polaris-bot/ros2_ws/install/messages/lib/libmessages__rosidl_typesupport_cpp.so
[5.049s] -- Up-to-date: /home/ice/polaris-bot/ros2_ws/install/messages/share/messages/environment/pythonpath.sh
[5.049s] -- Up-to-date: /home/ice/polaris-bot/ros2_ws/install/messages/share/messages/environment/pythonpath.dsv
[5.049s] -- Up-to-date: /home/ice/polaris-bot/ros2_ws/install/messages/local/lib/python3.10/dist-packages/messages-0.0.0-py3.10.egg-info
[5.052s] -- Installing: /home/ice/polaris-bot/ros2_ws/install/messages/local/lib/python3.10/dist-packages/messages-0.0.0-py3.10.egg-info/top_level.txt
[5.055s] -- Installing: /home/ice/polaris-bot/ros2_ws/install/messages/local/lib/python3.10/dist-packages/messages-0.0.0-py3.10.egg-info/PKG-INFO
[5.058s] -- Installing: /home/ice/polaris-bot/ros2_ws/install/messages/local/lib/python3.10/dist-packages/messages-0.0.0-py3.10.egg-info/SOURCES.txt
[5.063s] -- Installing: /home/ice/polaris-bot/ros2_ws/install/messages/local/lib/python3.10/dist-packages/messages-0.0.0-py3.10.egg-info/dependency_links.txt
[5.076s] -- Up-to-date: /home/ice/polaris-bot/ros2_ws/install/messages/local/lib/python3.10/dist-packages/messages
[5.076s] -- Up-to-date: /home/ice/polaris-bot/ros2_ws/install/messages/local/lib/python3.10/dist-packages/messages/_messages_s.ep.rosidl_typesupport_fastrtps_c.c
[5.076s] -- Up-to-date: /home/ice/polaris-bot/ros2_ws/install/messages/local/lib/python3.10/dist-packages/messages/messages_s__rosidl_typesupport_introspection_c.cpython-310-x86_64-linux-gnu.so
[5.076s] -- Up-to-date: /home/ice/polaris-bot/ros2_ws/install/messages/local/lib/python3.10/dist-packages/messages/messages_s__rosidl_typesupport_c.cpython-310-x86_64-linux-gnu.so
[5.077s] -- Up-to-date: /home/ice/polaris-bot/ros2_ws/install/messages/local/lib/python3.10/dist-packages/messages/messages_s__rosidl_typesupport_fastrtps_c.cpython-310-x86_64-linux-gnu.so
[5.078s] -- Up-to-date: /home/ice/polaris-bot/ros2_ws/install/messages/local/lib/python3.10/dist-packages/messages/_messages_s.ep.rosidl_typesupport_introspection_c.c
[5.078s] -- Up-to-date: /home/ice/polaris-bot/ros2_ws/install/messages/local/lib/python3.10/dist-packages/messages/msg
[5.078s] -- Up-to-date: /home/ice/polaris-bot/ros2_ws/install/messages/local/lib/python3.10/dist-packages/messages/msg/_motor_robot_speed.py
[5.109s] -- Up-to-date: /home/ice/polaris-bot/ros2_ws/install/messages/local/lib/python3.10/dist-packages/messages/msg/_encoder_feed_back.py
[5.113s] -- Up-to-date: /home/ice/polaris-bot/ros2_ws/install/messages/local/lib/python3.10/dist-packages/messages/msg/_encoder_feed_back_s.c
[5.115s] -- Up-to-date: /home/ice/polaris-bot/ros2_ws/install/messages/local/lib/python3.10/dist-packages/messages/msg/__init__.py
[5.115s] -- Up-to-date: /home/ice/polaris-bot/ros2_ws/install/messages/local/lib/python3.10/dist-packages/messages/msg/_motor_robot_speed_s.c
[5.124s] -- Up-to-date: /home/ice/polaris-bot/ros2_ws/install/messages/local/lib/python3.10/dist-packages/messages/libmessages__rosidl_generator_py.so
[5.124s] -- Up-to-date: /home/ice/polaris-bot/ros2_ws/install/messages/local/lib/python3.10/dist-packages/messages/__init__.py
[5.124s] -- Up-to-date: /home/ice/polaris-bot/ros2_ws/install/messages/local/lib/python3.10/dist-packages/messages/_messages_s.ep.rosidl_typesupport_c.c
[5.524s] Listing '/home/ice/polaris-bot/ros2_ws/install/messages/local/lib/python3.10/dist-packages/messages'...
[5.524s] Listing '/home/ice/polaris-bot/ros2_ws/install/messages/local/lib/python3.10/dist-packages/messages/msg'...
[5.600s] -- Up-to-date: /home/ice/polaris-bot/ros2_ws/install/messages/local/lib/python3.10/dist-packages/messages/messages_s__rosidl_typesupport_fastrtps_c.cpython-310-x86_64-linux-gnu.so
[5.605s] -- Up-to-date: /home/ice/polaris-bot/ros2_ws/install/messages/local/lib/python3.10/dist-packages/messages/messages_s__rosidl_typesupport_introspection_c.cpython-310-x86_64-linux-gnu.so
[5.621s] -- Up-to-date: /home/ice/polaris-bot/ros2_ws/install/messages/local/lib/python3.10/dist-packages/messages/messages_s__rosidl_typesupport_c.cpython-310-x86_64-linux-gnu.so
[5.625s] -- Up-to-date: /home/ice/polaris-bot/ros2_ws/install/messages/lib/libmessages__rosidl_generator_py.so
[5.630s] -- Up-to-date: /home/ice/polaris-bot/ros2_ws/install/messages/share/messages/msg/MotorRobotSpeed.idl
[5.635s] -- Up-to-date: /home/ice/polaris-bot/ros2_ws/install/messages/share/messages/msg/EncoderFeedBack.idl
[5.636s] -- Up-to-date: /home/ice/polaris-bot/ros2_ws/install/messages/share/messages/msg/MotorRobotSpeed.msg
[5.636s] -- Up-to-date: /home/ice/polaris-bot/ros2_ws/install/messages/share/messages/msg/EncoderFeedBack.msg
[5.639s] -- Up-to-date: /home/ice/polaris-bot/ros2_ws/install/messages/share/ament_index/resource_index/package_run_dependencies/messages
[5.656s] -- Up-to-date: /home/ice/polaris-bot/ros2_ws/install/messages/share/ament_index/resource_index/parent_prefix_path/messages
[5.657s] -- Up-to-date: /home/ice/polaris-bot/ros2_ws/install/messages/share/messages/environment/ament_prefix_path.sh
[5.657s] -- Up-to-date: /home/ice/polaris-bot/ros2_ws/install/messages/share/messages/environment/ament_prefix_path.dsv
[5.658s] -- Up-to-date: /home/ice/polaris-bot/ros2_ws/install/messages/share/messages/environment/path.sh
[5.658s] -- Up-to-date: /home/ice/polaris-bot/ros2_ws/install/messages/share/messages/environment/path.dsv
[5.659s] -- Up-to-date: /home/ice/polaris-bot/ros2_ws/install/messages/share/messages/local_setup.bash
[5.664s] -- Up-to-date: /home/ice/polaris-bot/ros2_ws/install/messages/share/messages/local_setup.sh
[5.667s] -- Up-to-date: /home/ice/polaris-bot/ros2_ws/install/messages/share/messages/local_setup.zsh
[5.667s] -- Up-to-date: /home/ice/polaris-bot/ros2_ws/install/messages/share/messages/local_setup.dsv
[5.668s] -- Installing: /home/ice/polaris-bot/ros2_ws/install/messages/share/messages/package.dsv
[5.688s] -- Up-to-date: /home/ice/polaris-bot/ros2_ws/install/messages/share/ament_index/resource_index/packages/messages
[5.721s] -- Up-to-date: /home/ice/polaris-bot/ros2_ws/install/messages/share/messages/cmake/export_messages__rosidl_generator_cExport.cmake
[5.722s] -- Up-to-date: /home/ice/polaris-bot/ros2_ws/install/messages/share/messages/cmake/export_messages__rosidl_generator_cExport-noconfig.cmake
[5.723s] -- Up-to-date: /home/ice/polaris-bot/ros2_ws/install/messages/share/messages/cmake/export_messages__rosidl_typesupport_fastrtps_cExport.cmake
[5.744s] -- Up-to-date: /home/ice/polaris-bot/ros2_ws/install/messages/share/messages/cmake/export_messages__rosidl_typesupport_fastrtps_cExport-noconfig.cmake
[5.795s] -- Up-to-date: /home/ice/polaris-bot/ros2_ws/install/messages/share/messages/cmake/messages__rosidl_typesupport_introspection_cExport.cmake
[5.800s] -- Up-to-date: /home/ice/polaris-bot/ros2_ws/install/messages/share/messages/cmake/messages__rosidl_typesupport_introspection_cExport-noconfig.cmake
[5.800s] -- Up-to-date: /home/ice/polaris-bot/ros2_ws/install/messages/share/messages/cmake/messages__rosidl_typesupport_cExport.cmake
[5.801s] -- Up-to-date: /home/ice/polaris-bot/ros2_ws/install/messages/share/messages/cmake/messages__rosidl_typesupport_cExport-noconfig.cmake
[5.801s] -- Up-to-date: /home/ice/polaris-bot/ros2_ws/install/messages/share/messages/cmake/export_messages__rosidl_generator_cppExport.cmake
[5.801s] -- Up-to-date: /home/ice/polaris-bot/ros2_ws/install/messages/share/messages/cmake/export_messages__rosidl_typesupport_fastrtps_cppExport.cmake
[5.801s] -- Up-to-date: /home/ice/polaris-bot/ros2_ws/install/messages/share/messages/cmake/export_messages__rosidl_typesupport_fastrtps_cppExport-noconfig.cmake
[5.801s] -- Up-to-date: /home/ice/polaris-bot/ros2_ws/install/messages/share/messages/cmake/messages__rosidl_typesupport_introspection_cppExport.cmake
[5.802s] -- Up-to-date: /home/ice/polaris-bot/ros2_ws/install/messages/share/messages/cmake/messages__rosidl_typesupport_introspection_cppExport-noconfig.cmake
[5.802s] -- Up-to-date: /home/ice/polaris-bot/ros2_ws/install/messages/share/messages/cmake/messages__rosidl_typesupport_cppExport.cmake
[5.802s] -- Up-to-date: /home/ice/polaris-bot/ros2_ws/install/messages/share/messages/cmake/messages__rosidl_typesupport_cppExport-noconfig.cmake
[5.802s] -- Up-to-date: /home/ice/polaris-bot/ros2_ws/install/messages/share/messages/cmake/export_messages__rosidl_generator_pyExport.cmake
[5.808s] -- Up-to-date: /home/ice/polaris-bot/ros2_ws/install/messages/share/messages/cmake/export_messages__rosidl_generator_pyExport-noconfig.cmake
[5.813s] -- Up-to-date: /home/ice/polaris-bot/ros2_ws/install/messages/share/messages/cmake/rosidl_cmake-extras.cmake
[5.841s] -- Up-to-date: /home/ice/polaris-bot/ros2_ws/install/messages/share/messages/cmake/ament_cmake_export_include_directories-extras.cmake
[5.842s] -- Up-to-date: /home/ice/polaris-bot/ros2_ws/install/messages/share/messages/cmake/ament_cmake_export_libraries-extras.cmake
[5.843s] -- Up-to-date: /home/ice/polaris-bot/ros2_ws/install/messages/share/messages/cmake/ament_cmake_export_targets-extras.cmake
[5.843s] -- Up-to-date: /home/ice/polaris-bot/ros2_ws/install/messages/share/messages/cmake/rosidl_cmake_export_typesupport_targets-extras.cmake
[5.844s] -- Up-to-date: /home/ice/polaris-bot/ros2_ws/install/messages/share/messages/cmake/ament_cmake_export_dependencies-extras.cmake
[5.851s] -- Up-to-date: /home/ice/polaris-bot/ros2_ws/install/messages/share/messages/cmake/rosidl_cmake_export_typesupport_libraries-extras.cmake
[5.854s] -- Up-to-date: /home/ice/polaris-bot/ros2_ws/install/messages/share/messages/cmake/messagesConfig.cmake
[5.854s] -- Up-to-date: /home/ice/polaris-bot/ros2_ws/install/messages/share/messages/cmake/messagesConfig-version.cmake
[5.854s] -- Up-to-date: /home/ice/polaris-bot/ros2_ws/install/messages/share/messages/package.xml
[5.887s] Invoked command in '/home/ice/polaris-bot/ros2_ws/build/messages' returned '0': CMAKE_PREFIX_PATH=${CMAKE_PREFIX_PATH}:/opt/ros/humble /usr/bin/cmake --install /home/ice/polaris-bot/ros2_ws/build/messages
