[0.434s] Invoking command in '/home/ice/polaris-bot/ros2_ws/build/polaris_controller': CMAKE_PREFIX_PATH=/home/ice/polaris-bot/ros2_ws/install/ros2_control_demo_description:/home/ice/polaris-bot/ros2_ws/install/messages:/home/ice/microros_ws/install/micro_ros_setup:/home/ice/microros_ws/install/micro_ros_agent:/home/ice/microros_ws/install/micro_ros_msgs:/home/ice/microros_ws/install/messages:/home/ice/polaris-bot/ros2_ws/install/services:/home/ice/polaris-bot/ros2_ws/install/polaris_controller:/home/ice/polaris-bot/ros2_ws/install/my_diff_drive_bot:/opt/ros/humble LD_LIBRARY_PATH=/home/ice/polaris-bot/ros2_ws/install/messages/lib:/home/ice/microros_ws/install/micro_ros_agent/lib:/home/ice/microros_ws/install/micro_ros_msgs/lib:/home/ice/microros_ws/install/messages/lib:/home/ice/polaris-bot/ros2_ws/install/services/lib:/home/ice/polaris-bot/ros2_ws/install/polaris_controller/lib:/usr/lib/x86_64-linux-gnu/gazebo-11/plugins:/opt/ros/humble/opt/rviz_ogre_vendor/lib:/opt/ros/humble/lib/x86_64-linux-gnu:/opt/ros/humble/lib /usr/bin/cmake --build /home/ice/polaris-bot/ros2_ws/build/polaris_controller -- -j2 -l2
[0.621s] [35m[1mConsolidate compiler generated dependencies of target polaris_controller[0m
[0.714s] [ 50%] [32mBuilding CXX object CMakeFiles/polaris_controller.dir/hardware/polaris_system.cpp.o[0m
[22.637s] [100%] [32m[1mLinking CXX shared library libpolaris_controller.so[0m
[24.192s] [100%] Built target polaris_controller
[24.267s] Invoked command in '/home/ice/polaris-bot/ros2_ws/build/polaris_controller' returned '0': CMAKE_PREFIX_PATH=/home/ice/polaris-bot/ros2_ws/install/ros2_control_demo_description:/home/ice/polaris-bot/ros2_ws/install/messages:/home/ice/microros_ws/install/micro_ros_setup:/home/ice/microros_ws/install/micro_ros_agent:/home/ice/microros_ws/install/micro_ros_msgs:/home/ice/microros_ws/install/messages:/home/ice/polaris-bot/ros2_ws/install/services:/home/ice/polaris-bot/ros2_ws/install/polaris_controller:/home/ice/polaris-bot/ros2_ws/install/my_diff_drive_bot:/opt/ros/humble LD_LIBRARY_PATH=/home/ice/polaris-bot/ros2_ws/install/messages/lib:/home/ice/microros_ws/install/micro_ros_agent/lib:/home/ice/microros_ws/install/micro_ros_msgs/lib:/home/ice/microros_ws/install/messages/lib:/home/ice/polaris-bot/ros2_ws/install/services/lib:/home/ice/polaris-bot/ros2_ws/install/polaris_controller/lib:/usr/lib/x86_64-linux-gnu/gazebo-11/plugins:/opt/ros/humble/opt/rviz_ogre_vendor/lib:/opt/ros/humble/lib/x86_64-linux-gnu:/opt/ros/humble/lib /usr/bin/cmake --build /home/ice/polaris-bot/ros2_ws/build/polaris_controller -- -j2 -l2
[24.574s] Invoking command in '/home/ice/polaris-bot/ros2_ws/build/polaris_controller': CMAKE_PREFIX_PATH=/home/ice/polaris-bot/ros2_ws/install/ros2_control_demo_description:/home/ice/polaris-bot/ros2_ws/install/messages:/home/ice/microros_ws/install/micro_ros_setup:/home/ice/microros_ws/install/micro_ros_agent:/home/ice/microros_ws/install/micro_ros_msgs:/home/ice/microros_ws/install/messages:/home/ice/polaris-bot/ros2_ws/install/services:/home/ice/polaris-bot/ros2_ws/install/polaris_controller:/home/ice/polaris-bot/ros2_ws/install/my_diff_drive_bot:/opt/ros/humble LD_LIBRARY_PATH=/home/ice/polaris-bot/ros2_ws/install/messages/lib:/home/ice/microros_ws/install/micro_ros_agent/lib:/home/ice/microros_ws/install/micro_ros_msgs/lib:/home/ice/microros_ws/install/messages/lib:/home/ice/polaris-bot/ros2_ws/install/services/lib:/home/ice/polaris-bot/ros2_ws/install/polaris_controller/lib:/usr/lib/x86_64-linux-gnu/gazebo-11/plugins:/opt/ros/humble/opt/rviz_ogre_vendor/lib:/opt/ros/humble/lib/x86_64-linux-gnu:/opt/ros/humble/lib /usr/bin/cmake --install /home/ice/polaris-bot/ros2_ws/build/polaris_controller
[24.615s] -- Install configuration: ""
[24.618s] -- Up-to-date: /home/ice/polaris-bot/ros2_ws/install/polaris_controller/share/polaris_controller/polaris_controller.xml
[24.618s] -- Up-to-date: /home/ice/polaris-bot/ros2_ws/install/polaris_controller/include/polaris_controller
[24.618s] -- Up-to-date: /home/ice/polaris-bot/ros2_ws/install/polaris_controller/include/polaris_controller/polaris_controller
[24.618s] -- Up-to-date: /home/ice/polaris-bot/ros2_ws/install/polaris_controller/include/polaris_controller/polaris_controller/visibility_control.h
[24.619s] -- Installing: /home/ice/polaris-bot/ros2_ws/install/polaris_controller/include/polaris_controller/polaris_controller/polaris_system.hpp
[24.620s] -- Up-to-date: /home/ice/polaris-bot/ros2_ws/install/polaris_controller/include/polaris_controller/polaris_controller/wheel.hpp
[24.620s] -- Up-to-date: /home/ice/polaris-bot/ros2_ws/install/polaris_controller/share/polaris_controller/launch
[24.620s] -- Up-to-date: /home/ice/polaris-bot/ros2_ws/install/polaris_controller/share/polaris_controller/launch/view_robot.launch.py
[24.620s] -- Up-to-date: /home/ice/polaris-bot/ros2_ws/install/polaris_controller/share/polaris_controller/ros2_control
[24.621s] -- Up-to-date: /home/ice/polaris-bot/ros2_ws/install/polaris_controller/share/polaris_controller/ros2_control/diffbot.ros2_control.xacro
[24.621s] -- Up-to-date: /home/ice/polaris-bot/ros2_ws/install/polaris_controller/share/polaris_controller/urdf
[24.621s] -- Up-to-date: /home/ice/polaris-bot/ros2_ws/install/polaris_controller/share/polaris_controller/urdf/diffbot.urdf.xacro
[24.621s] -- Up-to-date: /home/ice/polaris-bot/ros2_ws/install/polaris_controller/share/polaris_controller/launch
[24.622s] -- Up-to-date: /home/ice/polaris-bot/ros2_ws/install/polaris_controller/share/polaris_controller/launch/diffbot.launch.py
[24.622s] -- Up-to-date: /home/ice/polaris-bot/ros2_ws/install/polaris_controller/share/polaris_controller/config
[24.622s] -- Up-to-date: /home/ice/polaris-bot/ros2_ws/install/polaris_controller/share/polaris_controller/config/polaris_controller.yaml
[24.623s] -- Installing: /home/ice/polaris-bot/ros2_ws/install/polaris_controller/lib/libpolaris_controller.so
[24.629s] -- Set runtime path of "/home/ice/polaris-bot/ros2_ws/install/polaris_controller/lib/libpolaris_controller.so" to ""
[24.629s] -- Up-to-date: /home/ice/polaris-bot/ros2_ws/install/polaris_controller/share/polaris_controller/environment/library_path.sh
[24.629s] -- Up-to-date: /home/ice/polaris-bot/ros2_ws/install/polaris_controller/share/polaris_controller/environment/library_path.dsv
[24.630s] -- Up-to-date: /home/ice/polaris-bot/ros2_ws/install/polaris_controller/share/ament_index/resource_index/package_run_dependencies/polaris_controller
[24.631s] -- Up-to-date: /home/ice/polaris-bot/ros2_ws/install/polaris_controller/share/ament_index/resource_index/parent_prefix_path/polaris_controller
[24.631s] -- Up-to-date: /home/ice/polaris-bot/ros2_ws/install/polaris_controller/share/polaris_controller/environment/ament_prefix_path.sh
[24.631s] -- Up-to-date: /home/ice/polaris-bot/ros2_ws/install/polaris_controller/share/polaris_controller/environment/ament_prefix_path.dsv
[24.631s] -- Up-to-date: /home/ice/polaris-bot/ros2_ws/install/polaris_controller/share/polaris_controller/environment/path.sh
[24.633s] -- Up-to-date: /home/ice/polaris-bot/ros2_ws/install/polaris_controller/share/polaris_controller/environment/path.dsv
[24.634s] -- Up-to-date: /home/ice/polaris-bot/ros2_ws/install/polaris_controller/share/polaris_controller/local_setup.bash
[24.634s] -- Up-to-date: /home/ice/polaris-bot/ros2_ws/install/polaris_controller/share/polaris_controller/local_setup.sh
[24.634s] -- Up-to-date: /home/ice/polaris-bot/ros2_ws/install/polaris_controller/share/polaris_controller/local_setup.zsh
[24.634s] -- Up-to-date: /home/ice/polaris-bot/ros2_ws/install/polaris_controller/share/polaris_controller/local_setup.dsv
[24.635s] -- Installing: /home/ice/polaris-bot/ros2_ws/install/polaris_controller/share/polaris_controller/package.dsv
[24.635s] -- Up-to-date: /home/ice/polaris-bot/ros2_ws/install/polaris_controller/share/ament_index/resource_index/packages/polaris_controller
[24.636s] -- Up-to-date: /home/ice/polaris-bot/ros2_ws/install/polaris_controller/share/ament_index/resource_index/hardware_interface__pluginlib__plugin/polaris_controller
[24.636s] -- Up-to-date: /home/ice/polaris-bot/ros2_ws/install/polaris_controller/share/ament_index/resource_index/rclcpp_components/polaris_controller
[24.636s] -- Up-to-date: /home/ice/polaris-bot/ros2_ws/install/polaris_controller/share/polaris_controller/cmake/export_polaris_controllerExport.cmake
[24.637s] -- Up-to-date: /home/ice/polaris-bot/ros2_ws/install/polaris_controller/share/polaris_controller/cmake/export_polaris_controllerExport-noconfig.cmake
[24.638s] -- Up-to-date: /home/ice/polaris-bot/ros2_ws/install/polaris_controller/share/polaris_controller/cmake/ament_cmake_export_targets-extras.cmake
[24.638s] -- Up-to-date: /home/ice/polaris-bot/ros2_ws/install/polaris_controller/share/polaris_controller/cmake/ament_cmake_export_dependencies-extras.cmake
[24.638s] -- Up-to-date: /home/ice/polaris-bot/ros2_ws/install/polaris_controller/share/polaris_controller/cmake/polaris_controllerConfig.cmake
[24.639s] -- Up-to-date: /home/ice/polaris-bot/ros2_ws/install/polaris_controller/share/polaris_controller/cmake/polaris_controllerConfig-version.cmake
[24.639s] -- Up-to-date: /home/ice/polaris-bot/ros2_ws/install/polaris_controller/share/polaris_controller/package.xml
[24.654s] Invoked command in '/home/ice/polaris-bot/ros2_ws/build/polaris_controller' returned '0': CMAKE_PREFIX_PATH=/home/ice/polaris-bot/ros2_ws/install/ros2_control_demo_description:/home/ice/polaris-bot/ros2_ws/install/messages:/home/ice/microros_ws/install/micro_ros_setup:/home/ice/microros_ws/install/micro_ros_agent:/home/ice/microros_ws/install/micro_ros_msgs:/home/ice/microros_ws/install/messages:/home/ice/polaris-bot/ros2_ws/install/services:/home/ice/polaris-bot/ros2_ws/install/polaris_controller:/home/ice/polaris-bot/ros2_ws/install/my_diff_drive_bot:/opt/ros/humble LD_LIBRARY_PATH=/home/ice/polaris-bot/ros2_ws/install/messages/lib:/home/ice/microros_ws/install/micro_ros_agent/lib:/home/ice/microros_ws/install/micro_ros_msgs/lib:/home/ice/microros_ws/install/messages/lib:/home/ice/polaris-bot/ros2_ws/install/services/lib:/home/ice/polaris-bot/ros2_ws/install/polaris_controller/lib:/usr/lib/x86_64-linux-gnu/gazebo-11/plugins:/opt/ros/humble/opt/rviz_ogre_vendor/lib:/opt/ros/humble/lib/x86_64-linux-gnu:/opt/ros/humble/lib /usr/bin/cmake --install /home/ice/polaris-bot/ros2_ws/build/polaris_controller
