[0.329s] Invoking command in '/home/ice/polaris-bot/ros2_ws/build/my_diff_drive_bot': CMAKE_PREFIX_PATH=${CMAKE_PREFIX_PATH}:/opt/ros/humble /usr/bin/cmake --build /home/ice/polaris-bot/ros2_ws/build/my_diff_drive_bot -- -j2 -l2
[0.494s] Invoked command in '/home/ice/polaris-bot/ros2_ws/build/my_diff_drive_bot' returned '0': CMAKE_PREFIX_PATH=${CMAKE_PREFIX_PATH}:/opt/ros/humble /usr/bin/cmake --build /home/ice/polaris-bot/ros2_ws/build/my_diff_drive_bot -- -j2 -l2
[0.603s] Invoking command in '/home/ice/polaris-bot/ros2_ws/build/my_diff_drive_bot': CMAKE_PREFIX_PATH=${CMAKE_PREFIX_PATH}:/opt/ros/humble /usr/bin/cmake --install /home/ice/polaris-bot/ros2_ws/build/my_diff_drive_bot
[0.648s] -- Install configuration: ""
[0.650s] -- Up-to-date: /home/ice/polaris-bot/ros2_ws/install/my_diff_drive_bot/share/my_diff_drive_bot/config
[0.652s] -- Up-to-date: /home/ice/polaris-bot/ros2_ws/install/my_diff_drive_bot/share/my_diff_drive_bot/config/view_bot.rivz.rviz
[0.652s] -- Up-to-date: /home/ice/polaris-bot/ros2_ws/install/my_diff_drive_bot/share/my_diff_drive_bot/config/empty.yaml
[0.652s] -- Up-to-date: /home/ice/polaris-bot/ros2_ws/install/my_diff_drive_bot/share/my_diff_drive_bot/config/drive_bot.rviz
[0.652s] -- Up-to-date: /home/ice/polaris-bot/ros2_ws/install/my_diff_drive_bot/share/my_diff_drive_bot/config/my_controllers.yaml
[0.653s] -- Up-to-date: /home/ice/polaris-bot/ros2_ws/install/my_diff_drive_bot/share/my_diff_drive_bot/description
[0.658s] -- Up-to-date: /home/ice/polaris-bot/ros2_ws/install/my_diff_drive_bot/share/my_diff_drive_bot/description/lidar.xacro
[0.659s] -- Up-to-date: /home/ice/polaris-bot/ros2_ws/install/my_diff_drive_bot/share/my_diff_drive_bot/description/inertial_macros.xacro
[0.659s] -- Up-to-date: /home/ice/polaris-bot/ros2_ws/install/my_diff_drive_bot/share/my_diff_drive_bot/description/gazebo_control.xacro
[0.659s] -- Up-to-date: /home/ice/polaris-bot/ros2_ws/install/my_diff_drive_bot/share/my_diff_drive_bot/description/robot.urdf.xacro
[0.659s] -- Up-to-date: /home/ice/polaris-bot/ros2_ws/install/my_diff_drive_bot/share/my_diff_drive_bot/description/ros2_control.xacro
[0.659s] -- Up-to-date: /home/ice/polaris-bot/ros2_ws/install/my_diff_drive_bot/share/my_diff_drive_bot/description/robot_core.xacro
[0.660s] -- Up-to-date: /home/ice/polaris-bot/ros2_ws/install/my_diff_drive_bot/share/my_diff_drive_bot/launch
[0.662s] -- Up-to-date: /home/ice/polaris-bot/ros2_ws/install/my_diff_drive_bot/share/my_diff_drive_bot/launch/launch_robot.launch.py
[0.662s] -- Up-to-date: /home/ice/polaris-bot/ros2_ws/install/my_diff_drive_bot/share/my_diff_drive_bot/launch/rsp.launch.py
[0.664s] -- Up-to-date: /home/ice/polaris-bot/ros2_ws/install/my_diff_drive_bot/share/my_diff_drive_bot/launch/launch_sim.launch.py
[0.664s] -- Up-to-date: /home/ice/polaris-bot/ros2_ws/install/my_diff_drive_bot/share/my_diff_drive_bot/worlds
[0.666s] -- Up-to-date: /home/ice/polaris-bot/ros2_ws/install/my_diff_drive_bot/share/my_diff_drive_bot/worlds/empty.world
[0.666s] -- Up-to-date: /home/ice/polaris-bot/ros2_ws/install/my_diff_drive_bot/share/my_diff_drive_bot/meshes
[0.666s] -- Up-to-date: /home/ice/polaris-bot/ros2_ws/install/my_diff_drive_bot/share/my_diff_drive_bot/meshes/chassis_link.stl
[0.667s] -- Up-to-date: /home/ice/polaris-bot/ros2_ws/install/my_diff_drive_bot/share/my_diff_drive_bot/meshes/caster_link.stl
[0.668s] -- Up-to-date: /home/ice/polaris-bot/ros2_ws/install/my_diff_drive_bot/share/ament_index/resource_index/package_run_dependencies/my_diff_drive_bot
[0.668s] -- Up-to-date: /home/ice/polaris-bot/ros2_ws/install/my_diff_drive_bot/share/ament_index/resource_index/parent_prefix_path/my_diff_drive_bot
[0.669s] -- Up-to-date: /home/ice/polaris-bot/ros2_ws/install/my_diff_drive_bot/share/my_diff_drive_bot/environment/ament_prefix_path.sh
[0.669s] -- Up-to-date: /home/ice/polaris-bot/ros2_ws/install/my_diff_drive_bot/share/my_diff_drive_bot/environment/ament_prefix_path.dsv
[0.670s] -- Up-to-date: /home/ice/polaris-bot/ros2_ws/install/my_diff_drive_bot/share/my_diff_drive_bot/environment/path.sh
[0.670s] -- Up-to-date: /home/ice/polaris-bot/ros2_ws/install/my_diff_drive_bot/share/my_diff_drive_bot/environment/path.dsv
[0.670s] -- Up-to-date: /home/ice/polaris-bot/ros2_ws/install/my_diff_drive_bot/share/my_diff_drive_bot/local_setup.bash
[0.671s] -- Up-to-date: /home/ice/polaris-bot/ros2_ws/install/my_diff_drive_bot/share/my_diff_drive_bot/local_setup.sh
[0.671s] -- Up-to-date: /home/ice/polaris-bot/ros2_ws/install/my_diff_drive_bot/share/my_diff_drive_bot/local_setup.zsh
[0.672s] -- Up-to-date: /home/ice/polaris-bot/ros2_ws/install/my_diff_drive_bot/share/my_diff_drive_bot/local_setup.dsv
[0.672s] -- Installing: /home/ice/polaris-bot/ros2_ws/install/my_diff_drive_bot/share/my_diff_drive_bot/package.dsv
[0.674s] -- Up-to-date: /home/ice/polaris-bot/ros2_ws/install/my_diff_drive_bot/share/ament_index/resource_index/packages/my_diff_drive_bot
[0.675s] -- Up-to-date: /home/ice/polaris-bot/ros2_ws/install/my_diff_drive_bot/share/my_diff_drive_bot/cmake/my_diff_drive_botConfig.cmake
[0.675s] -- Up-to-date: /home/ice/polaris-bot/ros2_ws/install/my_diff_drive_bot/share/my_diff_drive_bot/cmake/my_diff_drive_botConfig-version.cmake
[0.675s] -- Up-to-date: /home/ice/polaris-bot/ros2_ws/install/my_diff_drive_bot/share/my_diff_drive_bot/package.xml
[0.680s] Invoked command in '/home/ice/polaris-bot/ros2_ws/build/my_diff_drive_bot' returned '0': CMAKE_PREFIX_PATH=${CMAKE_PREFIX_PATH}:/opt/ros/humble /usr/bin/cmake --install /home/ice/polaris-bot/ros2_ws/build/my_diff_drive_bot
