[0.307s] Invoking command in '/home/ice/polaris-bot/ros2_ws/build/my_diff_drive_bot': CMAKE_PREFIX_PATH=${CMAKE_PREFIX_PATH}:/opt/ros/humble /usr/bin/cmake --build /home/ice/polaris-bot/ros2_ws/build/my_diff_drive_bot -- -j2 -l2
[0.557s] Invoked command in '/home/ice/polaris-bot/ros2_ws/build/my_diff_drive_bot' returned '0': CMAKE_PREFIX_PATH=${CMAKE_PREFIX_PATH}:/opt/ros/humble /usr/bin/cmake --build /home/ice/polaris-bot/ros2_ws/build/my_diff_drive_bot -- -j2 -l2
[0.850s] Invoking command in '/home/ice/polaris-bot/ros2_ws/build/my_diff_drive_bot': CMAKE_PREFIX_PATH=${CMAKE_PREFIX_PATH}:/opt/ros/humble /usr/bin/cmake --install /home/ice/polaris-bot/ros2_ws/build/my_diff_drive_bot
[0.936s] -- Install configuration: ""
[0.937s] -- Up-to-date: /home/ice/polaris-bot/ros2_ws/install/my_diff_drive_bot/share/my_diff_drive_bot/config
[0.938s] -- Up-to-date: /home/ice/polaris-bot/ros2_ws/install/my_diff_drive_bot/share/my_diff_drive_bot/config/urdf_config.rviz
[0.938s] -- Up-to-date: /home/ice/polaris-bot/ros2_ws/install/my_diff_drive_bot/share/my_diff_drive_bot/config/ekf.yaml
[0.939s] -- Up-to-date: /home/ice/polaris-bot/ros2_ws/install/my_diff_drive_bot/share/my_diff_drive_bot/config/view_bot.rivz.rviz
[0.939s] -- Up-to-date: /home/ice/polaris-bot/ros2_ws/install/my_diff_drive_bot/share/my_diff_drive_bot/config/empty.yaml
[0.939s] -- Up-to-date: /home/ice/polaris-bot/ros2_ws/install/my_diff_drive_bot/share/my_diff_drive_bot/config/drive_bot.rviz
[0.940s] -- Up-to-date: /home/ice/polaris-bot/ros2_ws/install/my_diff_drive_bot/share/my_diff_drive_bot/config/nav2_params.yaml
[0.940s] -- Up-to-date: /home/ice/polaris-bot/ros2_ws/install/my_diff_drive_bot/share/my_diff_drive_bot/description
[0.941s] -- Up-to-date: /home/ice/polaris-bot/ros2_ws/install/my_diff_drive_bot/share/my_diff_drive_bot/description/lidar.xacro
[0.941s] -- Up-to-date: /home/ice/polaris-bot/ros2_ws/install/my_diff_drive_bot/share/my_diff_drive_bot/description/inertial_macros.xacro
[0.941s] -- Up-to-date: /home/ice/polaris-bot/ros2_ws/install/my_diff_drive_bot/share/my_diff_drive_bot/description/gazebo_control.xacro
[0.942s] -- Installing: /home/ice/polaris-bot/ros2_ws/install/my_diff_drive_bot/share/my_diff_drive_bot/description/robot.urdf.xacro
[0.943s] -- Up-to-date: /home/ice/polaris-bot/ros2_ws/install/my_diff_drive_bot/share/my_diff_drive_bot/description/robot_core.xacro
[0.943s] -- Up-to-date: /home/ice/polaris-bot/ros2_ws/install/my_diff_drive_bot/share/my_diff_drive_bot/launch
[0.943s] -- Up-to-date: /home/ice/polaris-bot/ros2_ws/install/my_diff_drive_bot/share/my_diff_drive_bot/launch/rsp.launch.py
[0.944s] -- Up-to-date: /home/ice/polaris-bot/ros2_ws/install/my_diff_drive_bot/share/my_diff_drive_bot/launch/display.launch.py
[0.944s] -- Up-to-date: /home/ice/polaris-bot/ros2_ws/install/my_diff_drive_bot/share/my_diff_drive_bot/launch/launch_sim.launch.py
[0.944s] -- Up-to-date: /home/ice/polaris-bot/ros2_ws/install/my_diff_drive_bot/share/my_diff_drive_bot/worlds
[0.945s] -- Up-to-date: /home/ice/polaris-bot/ros2_ws/install/my_diff_drive_bot/share/my_diff_drive_bot/worlds/test_world.sdf
[0.946s] -- Up-to-date: /home/ice/polaris-bot/ros2_ws/install/my_diff_drive_bot/share/my_diff_drive_bot/worlds/empty.world
[0.947s] -- Up-to-date: /home/ice/polaris-bot/ros2_ws/install/my_diff_drive_bot/share/my_diff_drive_bot/meshes
[0.949s] -- Up-to-date: /home/ice/polaris-bot/ros2_ws/install/my_diff_drive_bot/share/my_diff_drive_bot/meshes/chassis_link.stl
[0.950s] -- Up-to-date: /home/ice/polaris-bot/ros2_ws/install/my_diff_drive_bot/share/my_diff_drive_bot/meshes/caster_link.stl
[0.951s] -- Up-to-date: /home/ice/polaris-bot/ros2_ws/install/my_diff_drive_bot/share/ament_index/resource_index/package_run_dependencies/my_diff_drive_bot
[0.951s] -- Up-to-date: /home/ice/polaris-bot/ros2_ws/install/my_diff_drive_bot/share/ament_index/resource_index/parent_prefix_path/my_diff_drive_bot
[0.952s] -- Up-to-date: /home/ice/polaris-bot/ros2_ws/install/my_diff_drive_bot/share/my_diff_drive_bot/environment/ament_prefix_path.sh
[0.952s] -- Up-to-date: /home/ice/polaris-bot/ros2_ws/install/my_diff_drive_bot/share/my_diff_drive_bot/environment/ament_prefix_path.dsv
[0.953s] -- Up-to-date: /home/ice/polaris-bot/ros2_ws/install/my_diff_drive_bot/share/my_diff_drive_bot/environment/path.sh
[0.953s] -- Up-to-date: /home/ice/polaris-bot/ros2_ws/install/my_diff_drive_bot/share/my_diff_drive_bot/environment/path.dsv
[0.954s] -- Up-to-date: /home/ice/polaris-bot/ros2_ws/install/my_diff_drive_bot/share/my_diff_drive_bot/local_setup.bash
[0.954s] -- Up-to-date: /home/ice/polaris-bot/ros2_ws/install/my_diff_drive_bot/share/my_diff_drive_bot/local_setup.sh
[0.955s] -- Up-to-date: /home/ice/polaris-bot/ros2_ws/install/my_diff_drive_bot/share/my_diff_drive_bot/local_setup.zsh
[0.958s] -- Up-to-date: /home/ice/polaris-bot/ros2_ws/install/my_diff_drive_bot/share/my_diff_drive_bot/local_setup.dsv
[0.959s] -- Installing: /home/ice/polaris-bot/ros2_ws/install/my_diff_drive_bot/share/my_diff_drive_bot/package.dsv
[0.960s] -- Up-to-date: /home/ice/polaris-bot/ros2_ws/install/my_diff_drive_bot/share/ament_index/resource_index/packages/my_diff_drive_bot
[0.960s] -- Up-to-date: /home/ice/polaris-bot/ros2_ws/install/my_diff_drive_bot/share/my_diff_drive_bot/cmake/my_diff_drive_botConfig.cmake
[0.966s] -- Up-to-date: /home/ice/polaris-bot/ros2_ws/install/my_diff_drive_bot/share/my_diff_drive_bot/cmake/my_diff_drive_botConfig-version.cmake
[0.966s] -- Up-to-date: /home/ice/polaris-bot/ros2_ws/install/my_diff_drive_bot/share/my_diff_drive_bot/package.xml
[0.992s] Invoked command in '/home/ice/polaris-bot/ros2_ws/build/my_diff_drive_bot' returned '0': CMAKE_PREFIX_PATH=${CMAKE_PREFIX_PATH}:/opt/ros/humble /usr/bin/cmake --install /home/ice/polaris-bot/ros2_ws/build/my_diff_drive_bot
