[0.179s] Invoking command in '/home/ice/polaris-bot/ros2_ws/build/services': CMAKE_PREFIX_PATH=/opt/ros/humble /usr/bin/cmake /home/ice/polaris-bot/ros2_ws/src/services -DCMAKE_INSTALL_PREFIX=/home/ice/polaris-bot/ros2_ws/install/services
[0.430s] -- The C compiler identification is GNU 11.4.0
[0.600s] -- The CXX compiler identification is GNU 11.4.0
[0.613s] -- Detecting C compiler ABI info
[0.814s] -- Detecting C compiler ABI info - done
[0.826s] -- Check for working C compiler: /usr/bin/cc - skipped
[0.827s] -- Detecting C compile features
[0.828s] -- Detecting C compile features - done
[0.832s] -- Detecting CXX compiler ABI info
[1.082s] -- Detecting CXX compiler ABI info - done
[1.094s] -- Check for working CXX compiler: /usr/bin/c++ - skipped
[1.095s] -- Detecting CXX compile features
[1.097s] -- Detecting CXX compile features - done
[1.103s] -- Found ament_cmake: 1.3.7 (/opt/ros/humble/share/ament_cmake/cmake)
[1.530s] -- Found Python3: /usr/bin/python3.10 (found version "3.10.12") found components: Interpreter 
[1.742s] -- Found rosidl_default_generators: 1.2.0 (/opt/ros/humble/share/rosidl_default_generators/cmake)
[1.768s] -- Using all available rosidl_typesupport_c: rosidl_typesupport_fastrtps_c;rosidl_typesupport_introspection_c
[1.781s] -- Found rosidl_adapter: 3.1.5 (/opt/ros/humble/share/rosidl_adapter/cmake)
[1.894s] -- Using all available rosidl_typesupport_cpp: rosidl_typesupport_fastrtps_cpp;rosidl_typesupport_introspection_cpp
[2.639s] -- Found ament_cmake_ros: 0.10.0 (/opt/ros/humble/share/ament_cmake_ros/cmake)
[3.034s] -- Using all available rosidl_typesupport_c: rosidl_typesupport_fastrtps_c;rosidl_typesupport_introspection_c
[3.548s] -- Using all available rosidl_typesupport_cpp: rosidl_typesupport_fastrtps_cpp;rosidl_typesupport_introspection_cpp
[3.619s] -- Found PythonInterp: /usr/bin/python3 (found suitable version "3.10.12", minimum required is "3.6") 
[3.632s] -- Found python_cmake_module: 0.10.0 (/opt/ros/humble/share/python_cmake_module/cmake)
[3.690s] -- Found PythonLibs: /usr/lib/x86_64-linux-gnu/libpython3.10.so (found suitable version "3.10.12", minimum required is "3.5") 
[3.691s] -- Using PYTHON_EXECUTABLE: /usr/bin/python3
[3.691s] -- Using PYTHON_INCLUDE_DIRS: /usr/include/python3.10
[3.691s] -- Using PYTHON_LIBRARIES: /usr/lib/x86_64-linux-gnu/libpython3.10.so
[3.749s] -- Found PythonExtra: .so  
[3.804s] -- Found ament_lint_auto: 0.12.10 (/opt/ros/humble/share/ament_lint_auto/cmake)
[3.853s] -- Added test 'lint_cmake' to check CMake code style
[3.855s] -- Added test 'xmllint' to check XML markup files
[3.863s] -- Configuring done
[3.922s] -- Generating done
[3.929s] -- Build files have been written to: /home/ice/polaris-bot/ros2_ws/build/services
[3.942s] Invoked command in '/home/ice/polaris-bot/ros2_ws/build/services' returned '0': CMAKE_PREFIX_PATH=/opt/ros/humble /usr/bin/cmake /home/ice/polaris-bot/ros2_ws/src/services -DCMAKE_INSTALL_PREFIX=/home/ice/polaris-bot/ros2_ws/install/services
[3.942s] Invoking command in '/home/ice/polaris-bot/ros2_ws/build/services': CMAKE_PREFIX_PATH=/opt/ros/humble /usr/bin/cmake --build /home/ice/polaris-bot/ros2_ws/build/services -- -j2 -l2
[4.103s] [  3%] [34m[1mGenerating C++ code for ROS interfaces[0m
[4.942s] [  3%] Built target services__cpp
[4.971s] [  6%] [34m[1mGenerating C code for ROS interfaces[0m
[5.718s] [  9%] [32mBuilding C object CMakeFiles/services__rosidl_generator_c.dir/rosidl_generator_c/services/srv/detail/test_service__functions.c.o[0m
[5.835s] [ 12%] [32m[1mLinking C shared library libservices__rosidl_generator_c.so[0m
[5.930s] [ 12%] Built target services__rosidl_generator_c
[6.022s] [ 12%] Built target ament_cmake_python_copy_services
[6.048s] [ 16%] [34m[1mGenerating C++ type support dispatch for ROS interfaces[0m
[6.530s] [ 19%] [32mBuilding CXX object CMakeFiles/services__rosidl_typesupport_cpp.dir/rosidl_typesupport_cpp/services/srv/test_service__type_support.cpp.o[0m
[7.233s] [ 22%] [32m[1mLinking CXX shared library libservices__rosidl_typesupport_cpp.so[0m
[7.360s] [ 22%] Built target services__rosidl_typesupport_cpp
[7.418s] [ 25%] [34m[1mGenerating C type support for eProsima Fast-RTPS[0m
[8.271s] [ 29%] [32mBuilding CXX object CMakeFiles/services__rosidl_typesupport_fastrtps_c.dir/rosidl_typesupport_fastrtps_c/services/srv/detail/test_service__type_support_c.cpp.o[0m
[9.147s] [ 32%] [32m[1mLinking CXX shared library libservices__rosidl_typesupport_fastrtps_c.so[0m
[9.378s] [ 32%] Built target services__rosidl_typesupport_fastrtps_c
[9.409s] [ 35%] [34m[1mGenerating C introspection for ROS interfaces[0m
[9.947s] [ 38%] [32mBuilding C object CMakeFiles/services__rosidl_typesupport_introspection_c.dir/rosidl_typesupport_introspection_c/services/srv/detail/test_service__type_support.c.o[0m
[10.075s] [ 41%] [32m[1mLinking C shared library libservices__rosidl_typesupport_introspection_c.so[0m
[10.178s] [ 41%] Built target services__rosidl_typesupport_introspection_c
[10.221s] [ 45%] [34m[1mGenerating C type support dispatch for ROS interfaces[0m
[10.783s] [ 48%] [32mBuilding CXX object CMakeFiles/services__rosidl_typesupport_c.dir/rosidl_typesupport_c/services/srv/test_service__type_support.cpp.o[0m
[10.862s] [ 51%] [32m[1mLinking CXX shared library libservices__rosidl_typesupport_c.so[0m
[10.974s] [ 51%] Built target services__rosidl_typesupport_c
[11.003s] [ 54%] [34m[1mGenerating C++ type support for eProsima Fast-RTPS[0m
[11.578s] [ 58%] [32mBuilding CXX object CMakeFiles/services__rosidl_typesupport_fastrtps_cpp.dir/rosidl_typesupport_fastrtps_cpp/services/srv/detail/dds_fastrtps/test_service__type_support.cpp.o[0m
[12.529s] [ 61%] [32m[1mLinking CXX shared library libservices__rosidl_typesupport_fastrtps_cpp.so[0m
[12.932s] [ 61%] Built target services__rosidl_typesupport_fastrtps_cpp
[12.956s] [ 64%] [34m[1mGenerating C++ introspection for ROS interfaces[0m
[13.505s] [ 67%] [32mBuilding CXX object CMakeFiles/services__rosidl_typesupport_introspection_cpp.dir/rosidl_typesupport_introspection_cpp/services/srv/detail/test_service__type_support.cpp.o[0m
[14.514s] [ 70%] [32m[1mLinking CXX shared library libservices__rosidl_typesupport_introspection_cpp.so[0m
[14.634s] [ 70%] Built target services__rosidl_typesupport_introspection_cpp
[15.254s] running egg_info
[15.256s] creating services.egg-info
[15.258s] writing services.egg-info/PKG-INFO
[15.259s] writing dependency_links to services.egg-info/dependency_links.txt
[15.260s] writing top-level names to services.egg-info/top_level.txt
[15.262s] writing manifest file 'services.egg-info/SOURCES.txt'
[15.268s] reading manifest file 'services.egg-info/SOURCES.txt'
[15.270s] writing manifest file 'services.egg-info/SOURCES.txt'
[15.348s] [ 70%] Built target ament_cmake_python_build_services_egg
[15.402s] [ 70%] Built target services
[15.451s] [ 74%] [34m[1mGenerating Python code for ROS interfaces[0m
[16.447s] [ 74%] Built target services__py
[16.538s] [ 77%] [32mBuilding C object CMakeFiles/services__rosidl_generator_py.dir/rosidl_generator_py/services/srv/_test_service_s.c.o[0m
[16.798s] [ 80%] [32m[1mLinking C shared library rosidl_generator_py/services/libservices__rosidl_generator_py.so[0m
[16.931s] [ 80%] Built target services__rosidl_generator_py
[17.020s] [ 83%] [32mBuilding C object CMakeFiles/services__rosidl_typesupport_fastrtps_c__pyext.dir/rosidl_generator_py/services/_services_s.ep.rosidl_typesupport_fastrtps_c.c.o[0m
[17.255s] [ 87%] [32m[1mLinking C shared library rosidl_generator_py/services/services_s__rosidl_typesupport_fastrtps_c.cpython-310-x86_64-linux-gnu.so[0m
[17.371s] [ 87%] Built target services__rosidl_typesupport_fastrtps_c__pyext
[17.445s] [ 90%] [32mBuilding C object CMakeFiles/services__rosidl_typesupport_introspection_c__pyext.dir/rosidl_generator_py/services/_services_s.ep.rosidl_typesupport_introspection_c.c.o[0m
[17.681s] [ 93%] [32m[1mLinking C shared library rosidl_generator_py/services/services_s__rosidl_typesupport_introspection_c.cpython-310-x86_64-linux-gnu.so[0m
[17.779s] [ 93%] Built target services__rosidl_typesupport_introspection_c__pyext
[17.846s] [ 96%] [32mBuilding C object CMakeFiles/services__rosidl_typesupport_c__pyext.dir/rosidl_generator_py/services/_services_s.ep.rosidl_typesupport_c.c.o[0m
[18.033s] [100%] [32m[1mLinking C shared library rosidl_generator_py/services/services_s__rosidl_typesupport_c.cpython-310-x86_64-linux-gnu.so[0m
[18.126s] [100%] Built target services__rosidl_typesupport_c__pyext
[18.170s] Invoked command in '/home/ice/polaris-bot/ros2_ws/build/services' returned '0': CMAKE_PREFIX_PATH=/opt/ros/humble /usr/bin/cmake --build /home/ice/polaris-bot/ros2_ws/build/services -- -j2 -l2
[18.466s] Invoking command in '/home/ice/polaris-bot/ros2_ws/build/services': CMAKE_PREFIX_PATH=/opt/ros/humble /usr/bin/cmake --install /home/ice/polaris-bot/ros2_ws/build/services
[18.484s] -- Install configuration: ""
[18.494s] -- Installing: /home/ice/polaris-bot/ros2_ws/install/services/share/ament_index/resource_index/rosidl_interfaces/services
[18.495s] -- Installing: /home/ice/polaris-bot/ros2_ws/install/services/include/services/services
[18.497s] -- Installing: /home/ice/polaris-bot/ros2_ws/install/services/include/services/services/srv
[18.497s] -- Installing: /home/ice/polaris-bot/ros2_ws/install/services/include/services/services/srv/detail
[18.497s] -- Installing: /home/ice/polaris-bot/ros2_ws/install/services/include/services/services/srv/detail/test_service__functions.c
[18.505s] -- Installing: /home/ice/polaris-bot/ros2_ws/install/services/include/services/services/srv/detail/test_service__functions.h
[18.508s] -- Installing: /home/ice/polaris-bot/ros2_ws/install/services/include/services/services/srv/detail/test_service__type_support.h
[18.508s] -- Installing: /home/ice/polaris-bot/ros2_ws/install/services/include/services/services/srv/detail/test_service__struct.h
[18.510s] -- Installing: /home/ice/polaris-bot/ros2_ws/install/services/include/services/services/srv/test_service.h
[18.511s] -- Installing: /home/ice/polaris-bot/ros2_ws/install/services/include/services/services/msg
[18.512s] -- Installing: /home/ice/polaris-bot/ros2_ws/install/services/include/services/services/msg/rosidl_generator_c__visibility_control.h
[18.513s] -- Installing: /home/ice/polaris-bot/ros2_ws/install/services/share/services/environment/library_path.sh
[18.514s] -- Installing: /home/ice/polaris-bot/ros2_ws/install/services/share/services/environment/library_path.dsv
[18.515s] -- Installing: /home/ice/polaris-bot/ros2_ws/install/services/lib/libservices__rosidl_generator_c.so
[18.517s] -- Set runtime path of "/home/ice/polaris-bot/ros2_ws/install/services/lib/libservices__rosidl_generator_c.so" to ""
[18.517s] -- Up-to-date: /home/ice/polaris-bot/ros2_ws/install/services/include/services/services
[18.518s] -- Up-to-date: /home/ice/polaris-bot/ros2_ws/install/services/include/services/services/srv
[18.518s] -- Up-to-date: /home/ice/polaris-bot/ros2_ws/install/services/include/services/services/srv/detail
[18.518s] -- Installing: /home/ice/polaris-bot/ros2_ws/install/services/include/services/services/srv/detail/test_service__rosidl_typesupport_fastrtps_c.h
[18.519s] -- Up-to-date: /home/ice/polaris-bot/ros2_ws/install/services/include/services/services/msg
[18.519s] -- Installing: /home/ice/polaris-bot/ros2_ws/install/services/include/services/services/msg/rosidl_typesupport_fastrtps_c__visibility_control.h
[18.520s] -- Installing: /home/ice/polaris-bot/ros2_ws/install/services/lib/libservices__rosidl_typesupport_fastrtps_c.so
[18.521s] -- Set runtime path of "/home/ice/polaris-bot/ros2_ws/install/services/lib/libservices__rosidl_typesupport_fastrtps_c.so" to ""
[18.521s] -- Up-to-date: /home/ice/polaris-bot/ros2_ws/install/services/include/services/services
[18.522s] -- Up-to-date: /home/ice/polaris-bot/ros2_ws/install/services/include/services/services/srv
[18.522s] -- Up-to-date: /home/ice/polaris-bot/ros2_ws/install/services/include/services/services/srv/detail
[18.522s] -- Installing: /home/ice/polaris-bot/ros2_ws/install/services/include/services/services/srv/detail/test_service__rosidl_typesupport_introspection_c.h
[18.523s] -- Installing: /home/ice/polaris-bot/ros2_ws/install/services/include/services/services/srv/detail/test_service__type_support.c
[18.525s] -- Up-to-date: /home/ice/polaris-bot/ros2_ws/install/services/include/services/services/msg
[18.526s] -- Installing: /home/ice/polaris-bot/ros2_ws/install/services/include/services/services/msg/rosidl_typesupport_introspection_c__visibility_control.h
[18.527s] -- Installing: /home/ice/polaris-bot/ros2_ws/install/services/lib/libservices__rosidl_typesupport_introspection_c.so
[18.528s] -- Set runtime path of "/home/ice/polaris-bot/ros2_ws/install/services/lib/libservices__rosidl_typesupport_introspection_c.so" to ""
[18.528s] -- Installing: /home/ice/polaris-bot/ros2_ws/install/services/lib/libservices__rosidl_typesupport_c.so
[18.529s] -- Set runtime path of "/home/ice/polaris-bot/ros2_ws/install/services/lib/libservices__rosidl_typesupport_c.so" to ""
[18.529s] -- Up-to-date: /home/ice/polaris-bot/ros2_ws/install/services/include/services/services
[18.529s] -- Up-to-date: /home/ice/polaris-bot/ros2_ws/install/services/include/services/services/srv
[18.529s] -- Up-to-date: /home/ice/polaris-bot/ros2_ws/install/services/include/services/services/srv/detail
[18.529s] -- Installing: /home/ice/polaris-bot/ros2_ws/install/services/include/services/services/srv/detail/test_service__struct.hpp
[18.530s] -- Installing: /home/ice/polaris-bot/ros2_ws/install/services/include/services/services/srv/detail/test_service__builder.hpp
[18.530s] -- Installing: /home/ice/polaris-bot/ros2_ws/install/services/include/services/services/srv/detail/test_service__traits.hpp
[18.530s] -- Installing: /home/ice/polaris-bot/ros2_ws/install/services/include/services/services/srv/test_service.hpp
[18.531s] -- Up-to-date: /home/ice/polaris-bot/ros2_ws/install/services/include/services/services
[18.531s] -- Up-to-date: /home/ice/polaris-bot/ros2_ws/install/services/include/services/services/srv
[18.531s] -- Up-to-date: /home/ice/polaris-bot/ros2_ws/install/services/include/services/services/srv/detail
[18.531s] -- Installing: /home/ice/polaris-bot/ros2_ws/install/services/include/services/services/srv/detail/dds_fastrtps
[18.532s] -- Installing: /home/ice/polaris-bot/ros2_ws/install/services/include/services/services/srv/detail/test_service__rosidl_typesupport_fastrtps_cpp.hpp
[18.533s] -- Up-to-date: /home/ice/polaris-bot/ros2_ws/install/services/include/services/services/msg
[18.534s] -- Installing: /home/ice/polaris-bot/ros2_ws/install/services/include/services/services/msg/rosidl_typesupport_fastrtps_cpp__visibility_control.h
[18.534s] -- Installing: /home/ice/polaris-bot/ros2_ws/install/services/lib/libservices__rosidl_typesupport_fastrtps_cpp.so
[18.535s] -- Set runtime path of "/home/ice/polaris-bot/ros2_ws/install/services/lib/libservices__rosidl_typesupport_fastrtps_cpp.so" to ""
[18.535s] -- Up-to-date: /home/ice/polaris-bot/ros2_ws/install/services/include/services/services
[18.535s] -- Up-to-date: /home/ice/polaris-bot/ros2_ws/install/services/include/services/services/srv
[18.536s] -- Up-to-date: /home/ice/polaris-bot/ros2_ws/install/services/include/services/services/srv/detail
[18.536s] -- Installing: /home/ice/polaris-bot/ros2_ws/install/services/include/services/services/srv/detail/test_service__type_support.cpp
[18.536s] -- Installing: /home/ice/polaris-bot/ros2_ws/install/services/include/services/services/srv/detail/test_service__rosidl_typesupport_introspection_cpp.hpp
[18.537s] -- Installing: /home/ice/polaris-bot/ros2_ws/install/services/lib/libservices__rosidl_typesupport_introspection_cpp.so
[18.538s] -- Set runtime path of "/home/ice/polaris-bot/ros2_ws/install/services/lib/libservices__rosidl_typesupport_introspection_cpp.so" to ""
[18.538s] -- Installing: /home/ice/polaris-bot/ros2_ws/install/services/lib/libservices__rosidl_typesupport_cpp.so
[18.539s] -- Set runtime path of "/home/ice/polaris-bot/ros2_ws/install/services/lib/libservices__rosidl_typesupport_cpp.so" to ""
[18.539s] -- Installing: /home/ice/polaris-bot/ros2_ws/install/services/share/services/environment/pythonpath.sh
[18.540s] -- Installing: /home/ice/polaris-bot/ros2_ws/install/services/share/services/environment/pythonpath.dsv
[18.540s] -- Installing: /home/ice/polaris-bot/ros2_ws/install/services/local/lib/python3.10/dist-packages/services-0.0.0-py3.10.egg-info
[18.541s] -- Installing: /home/ice/polaris-bot/ros2_ws/install/services/local/lib/python3.10/dist-packages/services-0.0.0-py3.10.egg-info/top_level.txt
[18.542s] -- Installing: /home/ice/polaris-bot/ros2_ws/install/services/local/lib/python3.10/dist-packages/services-0.0.0-py3.10.egg-info/PKG-INFO
[18.542s] -- Installing: /home/ice/polaris-bot/ros2_ws/install/services/local/lib/python3.10/dist-packages/services-0.0.0-py3.10.egg-info/SOURCES.txt
[18.543s] -- Installing: /home/ice/polaris-bot/ros2_ws/install/services/local/lib/python3.10/dist-packages/services-0.0.0-py3.10.egg-info/dependency_links.txt
[18.545s] -- Installing: /home/ice/polaris-bot/ros2_ws/install/services/local/lib/python3.10/dist-packages/services
[18.545s] -- Installing: /home/ice/polaris-bot/ros2_ws/install/services/local/lib/python3.10/dist-packages/services/_services_s.ep.rosidl_typesupport_introspection_c.c
[18.546s] -- Installing: /home/ice/polaris-bot/ros2_ws/install/services/local/lib/python3.10/dist-packages/services/services_s__rosidl_typesupport_c.cpython-310-x86_64-linux-gnu.so
[18.546s] -- Installing: /home/ice/polaris-bot/ros2_ws/install/services/local/lib/python3.10/dist-packages/services/services_s__rosidl_typesupport_fastrtps_c.cpython-310-x86_64-linux-gnu.so
[18.546s] -- Installing: /home/ice/polaris-bot/ros2_ws/install/services/local/lib/python3.10/dist-packages/services/srv
[18.547s] -- Installing: /home/ice/polaris-bot/ros2_ws/install/services/local/lib/python3.10/dist-packages/services/srv/_test_service_s.c
[18.547s] -- Installing: /home/ice/polaris-bot/ros2_ws/install/services/local/lib/python3.10/dist-packages/services/srv/_test_service.py
[18.547s] -- Installing: /home/ice/polaris-bot/ros2_ws/install/services/local/lib/python3.10/dist-packages/services/srv/__init__.py
[18.548s] -- Installing: /home/ice/polaris-bot/ros2_ws/install/services/local/lib/python3.10/dist-packages/services/_services_s.ep.rosidl_typesupport_c.c
[18.548s] -- Installing: /home/ice/polaris-bot/ros2_ws/install/services/local/lib/python3.10/dist-packages/services/services_s__rosidl_typesupport_introspection_c.cpython-310-x86_64-linux-gnu.so
[18.548s] -- Installing: /home/ice/polaris-bot/ros2_ws/install/services/local/lib/python3.10/dist-packages/services/_services_s.ep.rosidl_typesupport_fastrtps_c.c
[18.549s] -- Installing: /home/ice/polaris-bot/ros2_ws/install/services/local/lib/python3.10/dist-packages/services/__init__.py
[18.549s] -- Installing: /home/ice/polaris-bot/ros2_ws/install/services/local/lib/python3.10/dist-packages/services/libservices__rosidl_generator_py.so
[18.610s] Listing '/home/ice/polaris-bot/ros2_ws/install/services/local/lib/python3.10/dist-packages/services'...
[18.611s] Compiling '/home/ice/polaris-bot/ros2_ws/install/services/local/lib/python3.10/dist-packages/services/__init__.py'...
[18.611s] Listing '/home/ice/polaris-bot/ros2_ws/install/services/local/lib/python3.10/dist-packages/services/srv'...
[18.611s] Compiling '/home/ice/polaris-bot/ros2_ws/install/services/local/lib/python3.10/dist-packages/services/srv/__init__.py'...
[18.611s] Compiling '/home/ice/polaris-bot/ros2_ws/install/services/local/lib/python3.10/dist-packages/services/srv/_test_service.py'...
[18.622s] -- Installing: /home/ice/polaris-bot/ros2_ws/install/services/local/lib/python3.10/dist-packages/services/services_s__rosidl_typesupport_fastrtps_c.cpython-310-x86_64-linux-gnu.so
[18.623s] -- Set runtime path of "/home/ice/polaris-bot/ros2_ws/install/services/local/lib/python3.10/dist-packages/services/services_s__rosidl_typesupport_fastrtps_c.cpython-310-x86_64-linux-gnu.so" to ""
[18.623s] -- Installing: /home/ice/polaris-bot/ros2_ws/install/services/local/lib/python3.10/dist-packages/services/services_s__rosidl_typesupport_introspection_c.cpython-310-x86_64-linux-gnu.so
[18.625s] -- Set runtime path of "/home/ice/polaris-bot/ros2_ws/install/services/local/lib/python3.10/dist-packages/services/services_s__rosidl_typesupport_introspection_c.cpython-310-x86_64-linux-gnu.so" to ""
[18.625s] -- Installing: /home/ice/polaris-bot/ros2_ws/install/services/local/lib/python3.10/dist-packages/services/services_s__rosidl_typesupport_c.cpython-310-x86_64-linux-gnu.so
[18.627s] -- Set runtime path of "/home/ice/polaris-bot/ros2_ws/install/services/local/lib/python3.10/dist-packages/services/services_s__rosidl_typesupport_c.cpython-310-x86_64-linux-gnu.so" to ""
[18.627s] -- Installing: /home/ice/polaris-bot/ros2_ws/install/services/lib/libservices__rosidl_generator_py.so
[18.629s] -- Set runtime path of "/home/ice/polaris-bot/ros2_ws/install/services/lib/libservices__rosidl_generator_py.so" to ""
[18.630s] -- Installing: /home/ice/polaris-bot/ros2_ws/install/services/share/services/srv/TestService.idl
[18.630s] -- Installing: /home/ice/polaris-bot/ros2_ws/install/services/share/services/srv/TestService.srv
[18.631s] -- Installing: /home/ice/polaris-bot/ros2_ws/install/services/share/services/srv/TestService_Request.msg
[18.631s] -- Installing: /home/ice/polaris-bot/ros2_ws/install/services/share/services/srv/TestService_Response.msg
[18.632s] -- Installing: /home/ice/polaris-bot/ros2_ws/install/services/share/ament_index/resource_index/package_run_dependencies/services
[18.633s] -- Installing: /home/ice/polaris-bot/ros2_ws/install/services/share/ament_index/resource_index/parent_prefix_path/services
[18.634s] -- Installing: /home/ice/polaris-bot/ros2_ws/install/services/share/services/environment/ament_prefix_path.sh
[18.635s] -- Installing: /home/ice/polaris-bot/ros2_ws/install/services/share/services/environment/ament_prefix_path.dsv
[18.635s] -- Installing: /home/ice/polaris-bot/ros2_ws/install/services/share/services/environment/path.sh
[18.636s] -- Installing: /home/ice/polaris-bot/ros2_ws/install/services/share/services/environment/path.dsv
[18.638s] -- Installing: /home/ice/polaris-bot/ros2_ws/install/services/share/services/local_setup.bash
[18.639s] -- Installing: /home/ice/polaris-bot/ros2_ws/install/services/share/services/local_setup.sh
[18.639s] -- Installing: /home/ice/polaris-bot/ros2_ws/install/services/share/services/local_setup.zsh
[18.640s] -- Installing: /home/ice/polaris-bot/ros2_ws/install/services/share/services/local_setup.dsv
[18.641s] -- Installing: /home/ice/polaris-bot/ros2_ws/install/services/share/services/package.dsv
[18.642s] -- Installing: /home/ice/polaris-bot/ros2_ws/install/services/share/ament_index/resource_index/packages/services
[18.643s] -- Installing: /home/ice/polaris-bot/ros2_ws/install/services/share/services/cmake/export_services__rosidl_generator_cExport.cmake
[18.644s] -- Installing: /home/ice/polaris-bot/ros2_ws/install/services/share/services/cmake/export_services__rosidl_generator_cExport-noconfig.cmake
[18.644s] -- Installing: /home/ice/polaris-bot/ros2_ws/install/services/share/services/cmake/export_services__rosidl_typesupport_fastrtps_cExport.cmake
[18.645s] -- Installing: /home/ice/polaris-bot/ros2_ws/install/services/share/services/cmake/export_services__rosidl_typesupport_fastrtps_cExport-noconfig.cmake
[18.646s] -- Installing: /home/ice/polaris-bot/ros2_ws/install/services/share/services/cmake/services__rosidl_typesupport_introspection_cExport.cmake
[18.647s] -- Installing: /home/ice/polaris-bot/ros2_ws/install/services/share/services/cmake/services__rosidl_typesupport_introspection_cExport-noconfig.cmake
[18.647s] -- Installing: /home/ice/polaris-bot/ros2_ws/install/services/share/services/cmake/services__rosidl_typesupport_cExport.cmake
[18.648s] -- Installing: /home/ice/polaris-bot/ros2_ws/install/services/share/services/cmake/services__rosidl_typesupport_cExport-noconfig.cmake
[18.649s] -- Installing: /home/ice/polaris-bot/ros2_ws/install/services/share/services/cmake/export_services__rosidl_generator_cppExport.cmake
[18.649s] -- Installing: /home/ice/polaris-bot/ros2_ws/install/services/share/services/cmake/export_services__rosidl_typesupport_fastrtps_cppExport.cmake
[18.650s] -- Installing: /home/ice/polaris-bot/ros2_ws/install/services/share/services/cmake/export_services__rosidl_typesupport_fastrtps_cppExport-noconfig.cmake
[18.651s] -- Installing: /home/ice/polaris-bot/ros2_ws/install/services/share/services/cmake/services__rosidl_typesupport_introspection_cppExport.cmake
[18.651s] -- Installing: /home/ice/polaris-bot/ros2_ws/install/services/share/services/cmake/services__rosidl_typesupport_introspection_cppExport-noconfig.cmake
[18.652s] -- Installing: /home/ice/polaris-bot/ros2_ws/install/services/share/services/cmake/services__rosidl_typesupport_cppExport.cmake
[18.653s] -- Installing: /home/ice/polaris-bot/ros2_ws/install/services/share/services/cmake/services__rosidl_typesupport_cppExport-noconfig.cmake
[18.656s] -- Installing: /home/ice/polaris-bot/ros2_ws/install/services/share/services/cmake/export_services__rosidl_generator_pyExport.cmake
[18.656s] -- Installing: /home/ice/polaris-bot/ros2_ws/install/services/share/services/cmake/export_services__rosidl_generator_pyExport-noconfig.cmake
[18.657s] -- Installing: /home/ice/polaris-bot/ros2_ws/install/services/share/services/cmake/rosidl_cmake-extras.cmake
[18.658s] -- Installing: /home/ice/polaris-bot/ros2_ws/install/services/share/services/cmake/ament_cmake_export_include_directories-extras.cmake
[18.658s] -- Installing: /home/ice/polaris-bot/ros2_ws/install/services/share/services/cmake/ament_cmake_export_libraries-extras.cmake
[18.659s] -- Installing: /home/ice/polaris-bot/ros2_ws/install/services/share/services/cmake/ament_cmake_export_targets-extras.cmake
[18.659s] -- Installing: /home/ice/polaris-bot/ros2_ws/install/services/share/services/cmake/rosidl_cmake_export_typesupport_targets-extras.cmake
[18.661s] -- Installing: /home/ice/polaris-bot/ros2_ws/install/services/share/services/cmake/ament_cmake_export_dependencies-extras.cmake
[18.662s] -- Installing: /home/ice/polaris-bot/ros2_ws/install/services/share/services/cmake/rosidl_cmake_export_typesupport_libraries-extras.cmake
[18.662s] -- Installing: /home/ice/polaris-bot/ros2_ws/install/services/share/services/cmake/servicesConfig.cmake
[18.663s] -- Installing: /home/ice/polaris-bot/ros2_ws/install/services/share/services/cmake/servicesConfig-version.cmake
[18.664s] -- Installing: /home/ice/polaris-bot/ros2_ws/install/services/share/services/package.xml
[18.683s] Invoked command in '/home/ice/polaris-bot/ros2_ws/build/services' returned '0': CMAKE_PREFIX_PATH=/opt/ros/humble /usr/bin/cmake --install /home/ice/polaris-bot/ros2_ws/build/services
