[0.082s] Invoking command in '/home/ice/microros_ws/firmware/mcu_ws/build/microxrcedds_client': CMAKE_PREFIX_PATH=/home/ice/microros_ws/firmware/mcu_ws/install:${CMAKE_PREFIX_PATH} PATH=/home/ice/microros_ws/firmware/mcu_ws/install/bin:${PATH} PYTHONPATH=/home/ice/microros_ws/firmware/mcu_ws/install/lib/python3.10/site-packages:${PYTHONPATH} /usr/bin/cmake --build /home/ice/microros_ws/firmware/mcu_ws/build/microxrcedds_client -- -j2 -l2
[0.141s] gmake[4]: Entering directory '/home/ice/microros_ws/firmware/mcu_ws/build/microxrcedds_client'
[0.142s] /usr/bin/cmake -S/home/ice/microros_ws/firmware/mcu_ws/eProsima/Micro-XRCE-DDS-Client -B/home/ice/microros_ws/firmware/mcu_ws/build/microxrcedds_client --check-build-system CMakeFiles/Makefile.cmake 0
[0.159s] Re-run cmake file: Makefile older than: /home/ice/microros_ws/firmware/freertos_apps/microros_esp32_extensions/esp32_toolchain.cmake
[0.172s] -- Configuring done
[0.193s] -- Generating done
[0.198s] -- Build files have been written to: /home/ice/microros_ws/firmware/mcu_ws/build/microxrcedds_client
[0.200s] /usr/bin/cmake -E cmake_progress_start /home/ice/microros_ws/firmware/mcu_ws/build/microxrcedds_client/CMakeFiles /home/ice/microros_ws/firmware/mcu_ws/build/microxrcedds_client//CMakeFiles/progress.marks
[0.240s] /usr/bin/gmake  -f CMakeFiles/Makefile2 all
[0.243s] gmake[5]: Entering directory '/home/ice/microros_ws/firmware/mcu_ws/build/microxrcedds_client'
[0.244s] /usr/bin/gmake  -f CMakeFiles/microxrcedds_client.dir/build.make CMakeFiles/microxrcedds_client.dir/depend
[0.248s] gmake[6]: Entering directory '/home/ice/microros_ws/firmware/mcu_ws/build/microxrcedds_client'
[0.248s] cd /home/ice/microros_ws/firmware/mcu_ws/build/microxrcedds_client && /usr/bin/cmake -E cmake_depends "Unix Makefiles" /home/ice/microros_ws/firmware/mcu_ws/eProsima/Micro-XRCE-DDS-Client /home/ice/microros_ws/firmware/mcu_ws/eProsima/Micro-XRCE-DDS-Client /home/ice/microros_ws/firmware/mcu_ws/build/microxrcedds_client /home/ice/microros_ws/firmware/mcu_ws/build/microxrcedds_client /home/ice/microros_ws/firmware/mcu_ws/build/microxrcedds_client/CMakeFiles/microxrcedds_client.dir/DependInfo.cmake --color=
[0.273s] Dependencies file "CMakeFiles/microxrcedds_client.dir/src/c/core/serialization/xrce_header.c.obj.d" is newer than depends file "/home/ice/microros_ws/firmware/mcu_ws/build/microxrcedds_client/CMakeFiles/microxrcedds_client.dir/compiler_depend.internal".
[0.274s] Dependencies file "CMakeFiles/microxrcedds_client.dir/src/c/core/serialization/xrce_subheader.c.obj.d" is newer than depends file "/home/ice/microros_ws/firmware/mcu_ws/build/microxrcedds_client/CMakeFiles/microxrcedds_client.dir/compiler_depend.internal".
[0.274s] Dependencies file "CMakeFiles/microxrcedds_client.dir/src/c/core/serialization/xrce_types.c.obj.d" is newer than depends file "/home/ice/microros_ws/firmware/mcu_ws/build/microxrcedds_client/CMakeFiles/microxrcedds_client.dir/compiler_depend.internal".
[0.275s] Dependencies file "CMakeFiles/microxrcedds_client.dir/src/c/core/session/common_create_entities.c.obj.d" is newer than depends file "/home/ice/microros_ws/firmware/mcu_ws/build/microxrcedds_client/CMakeFiles/microxrcedds_client.dir/compiler_depend.internal".
[0.276s] Dependencies file "CMakeFiles/microxrcedds_client.dir/src/c/core/session/create_entities_bin.c.obj.d" is newer than depends file "/home/ice/microros_ws/firmware/mcu_ws/build/microxrcedds_client/CMakeFiles/microxrcedds_client.dir/compiler_depend.internal".
[0.277s] Dependencies file "CMakeFiles/microxrcedds_client.dir/src/c/core/session/create_entities_ref.c.obj.d" is newer than depends file "/home/ice/microros_ws/firmware/mcu_ws/build/microxrcedds_client/CMakeFiles/microxrcedds_client.dir/compiler_depend.internal".
[0.278s] Dependencies file "CMakeFiles/microxrcedds_client.dir/src/c/core/session/create_entities_xml.c.obj.d" is newer than depends file "/home/ice/microros_ws/firmware/mcu_ws/build/microxrcedds_client/CMakeFiles/microxrcedds_client.dir/compiler_depend.internal".
[0.278s] Dependencies file "CMakeFiles/microxrcedds_client.dir/src/c/core/session/object_id.c.obj.d" is newer than depends file "/home/ice/microros_ws/firmware/mcu_ws/build/microxrcedds_client/CMakeFiles/microxrcedds_client.dir/compiler_depend.internal".
[0.279s] Dependencies file "CMakeFiles/microxrcedds_client.dir/src/c/core/session/read_access.c.obj.d" is newer than depends file "/home/ice/microros_ws/firmware/mcu_ws/build/microxrcedds_client/CMakeFiles/microxrcedds_client.dir/compiler_depend.internal".
[0.279s] Dependencies file "CMakeFiles/microxrcedds_client.dir/src/c/core/session/session.c.obj.d" is newer than depends file "/home/ice/microros_ws/firmware/mcu_ws/build/microxrcedds_client/CMakeFiles/microxrcedds_client.dir/compiler_depend.internal".
[0.280s] Dependencies file "CMakeFiles/microxrcedds_client.dir/src/c/core/session/session_info.c.obj.d" is newer than depends file "/home/ice/microros_ws/firmware/mcu_ws/build/microxrcedds_client/CMakeFiles/microxrcedds_client.dir/compiler_depend.internal".
[0.280s] Dependencies file "CMakeFiles/microxrcedds_client.dir/src/c/core/session/stream/input_best_effort_stream.c.obj.d" is newer than depends file "/home/ice/microros_ws/firmware/mcu_ws/build/microxrcedds_client/CMakeFiles/microxrcedds_client.dir/compiler_depend.internal".
[0.281s] Dependencies file "CMakeFiles/microxrcedds_client.dir/src/c/core/session/stream/input_reliable_stream.c.obj.d" is newer than depends file "/home/ice/microros_ws/firmware/mcu_ws/build/microxrcedds_client/CMakeFiles/microxrcedds_client.dir/compiler_depend.internal".
[0.281s] Dependencies file "CMakeFiles/microxrcedds_client.dir/src/c/core/session/stream/output_best_effort_stream.c.obj.d" is newer than depends file "/home/ice/microros_ws/firmware/mcu_ws/build/microxrcedds_client/CMakeFiles/microxrcedds_client.dir/compiler_depend.internal".
[0.282s] Dependencies file "CMakeFiles/microxrcedds_client.dir/src/c/core/session/stream/output_reliable_stream.c.obj.d" is newer than depends file "/home/ice/microros_ws/firmware/mcu_ws/build/microxrcedds_client/CMakeFiles/microxrcedds_client.dir/compiler_depend.internal".
[0.282s] Dependencies file "CMakeFiles/microxrcedds_client.dir/src/c/core/session/stream/seq_num.c.obj.d" is newer than depends file "/home/ice/microros_ws/firmware/mcu_ws/build/microxrcedds_client/CMakeFiles/microxrcedds_client.dir/compiler_depend.internal".
[0.283s] Dependencies file "CMakeFiles/microxrcedds_client.dir/src/c/core/session/stream/stream_id.c.obj.d" is newer than depends file "/home/ice/microros_ws/firmware/mcu_ws/build/microxrcedds_client/CMakeFiles/microxrcedds_client.dir/compiler_depend.internal".
[0.283s] Dependencies file "CMakeFiles/microxrcedds_client.dir/src/c/core/session/stream/stream_storage.c.obj.d" is newer than depends file "/home/ice/microros_ws/firmware/mcu_ws/build/microxrcedds_client/CMakeFiles/microxrcedds_client.dir/compiler_depend.internal".
[0.284s] Dependencies file "CMakeFiles/microxrcedds_client.dir/src/c/core/session/submessage.c.obj.d" is newer than depends file "/home/ice/microros_ws/firmware/mcu_ws/build/microxrcedds_client/CMakeFiles/microxrcedds_client.dir/compiler_depend.internal".
[0.284s] Dependencies file "CMakeFiles/microxrcedds_client.dir/src/c/core/session/write_access.c.obj.d" is newer than depends file "/home/ice/microros_ws/firmware/mcu_ws/build/microxrcedds_client/CMakeFiles/microxrcedds_client.dir/compiler_depend.internal".
[0.285s] Dependencies file "CMakeFiles/microxrcedds_client.dir/src/c/profile/transport/custom/custom_transport.c.obj.d" is newer than depends file "/home/ice/microros_ws/firmware/mcu_ws/build/microxrcedds_client/CMakeFiles/microxrcedds_client.dir/compiler_depend.internal".
[0.285s] Dependencies file "CMakeFiles/microxrcedds_client.dir/src/c/profile/transport/stream_framing/stream_framing_protocol.c.obj.d" is newer than depends file "/home/ice/microros_ws/firmware/mcu_ws/build/microxrcedds_client/CMakeFiles/microxrcedds_client.dir/compiler_depend.internal".
[0.287s] Dependencies file "CMakeFiles/microxrcedds_client.dir/src/c/util/ping.c.obj.d" is newer than depends file "/home/ice/microros_ws/firmware/mcu_ws/build/microxrcedds_client/CMakeFiles/microxrcedds_client.dir/compiler_depend.internal".
[0.288s] Dependencies file "CMakeFiles/microxrcedds_client.dir/src/c/util/time.c.obj.d" is newer than depends file "/home/ice/microros_ws/firmware/mcu_ws/build/microxrcedds_client/CMakeFiles/microxrcedds_client.dir/compiler_depend.internal".
[0.288s] [35m[1mConsolidate compiler generated dependencies of target microxrcedds_client[0m
[0.298s] gmake[6]: Leaving directory '/home/ice/microros_ws/firmware/mcu_ws/build/microxrcedds_client'
[0.298s] /usr/bin/gmake  -f CMakeFiles/microxrcedds_client.dir/build.make CMakeFiles/microxrcedds_client.dir/build
[0.311s] gmake[6]: Entering directory '/home/ice/microros_ws/firmware/mcu_ws/build/microxrcedds_client'
[0.311s] gmake[6]: Nothing to be done for 'CMakeFiles/microxrcedds_client.dir/build'.
[0.311s] gmake[6]: Leaving directory '/home/ice/microros_ws/firmware/mcu_ws/build/microxrcedds_client'
[0.342s] [100%] Built target microxrcedds_client
[0.345s] gmake[5]: Leaving directory '/home/ice/microros_ws/firmware/mcu_ws/build/microxrcedds_client'
[0.346s] /usr/bin/cmake -E cmake_progress_start /home/ice/microros_ws/firmware/mcu_ws/build/microxrcedds_client/CMakeFiles 0
[0.366s] gmake[4]: Leaving directory '/home/ice/microros_ws/firmware/mcu_ws/build/microxrcedds_client'
[0.376s] Invoked command in '/home/ice/microros_ws/firmware/mcu_ws/build/microxrcedds_client' returned '0': CMAKE_PREFIX_PATH=/home/ice/microros_ws/firmware/mcu_ws/install:${CMAKE_PREFIX_PATH} PATH=/home/ice/microros_ws/firmware/mcu_ws/install/bin:${PATH} PYTHONPATH=/home/ice/microros_ws/firmware/mcu_ws/install/lib/python3.10/site-packages:${PYTHONPATH} /usr/bin/cmake --build /home/ice/microros_ws/firmware/mcu_ws/build/microxrcedds_client -- -j2 -l2
[0.859s] Invoking command in '/home/ice/microros_ws/firmware/mcu_ws/build/microxrcedds_client': CMAKE_PREFIX_PATH=/home/ice/microros_ws/firmware/mcu_ws/install:${CMAKE_PREFIX_PATH} PATH=/home/ice/microros_ws/firmware/mcu_ws/install/bin:${PATH} PYTHONPATH=/home/ice/microros_ws/firmware/mcu_ws/install/lib/python3.10/site-packages:${PYTHONPATH} /usr/bin/cmake --install /home/ice/microros_ws/firmware/mcu_ws/build/microxrcedds_client
[0.882s] -- Install configuration: "Debug"
[0.883s] -- Up-to-date: /home/ice/microros_ws/firmware/mcu_ws/install/lib/libmicroxrcedds_client.a
[0.884s] -- Up-to-date: /home/ice/microros_ws/firmware/mcu_ws/install/include/uxr/client
[0.885s] -- Up-to-date: /home/ice/microros_ws/firmware/mcu_ws/install/include/uxr/client/profile
[0.888s] -- Up-to-date: /home/ice/microros_ws/firmware/mcu_ws/install/include/uxr/client/profile/transport
[0.888s] -- Up-to-date: /home/ice/microros_ws/firmware/mcu_ws/install/include/uxr/client/profile/transport/ip
[0.890s] -- Up-to-date: /home/ice/microros_ws/firmware/mcu_ws/install/include/uxr/client/profile/transport/ip/udp
[0.892s] -- Up-to-date: /home/ice/microros_ws/firmware/mcu_ws/install/include/uxr/client/profile/transport/ip/udp/udp_transport_rtems_bsd_net.h
[0.892s] -- Up-to-date: /home/ice/microros_ws/firmware/mcu_ws/install/include/uxr/client/profile/transport/ip/udp/udp_transport_windows.h
[0.892s] -- Up-to-date: /home/ice/microros_ws/firmware/mcu_ws/install/include/uxr/client/profile/transport/ip/udp/udp_transport_freertos_plus_tcp.h
[0.892s] -- Up-to-date: /home/ice/microros_ws/firmware/mcu_ws/install/include/uxr/client/profile/transport/ip/udp/udp_transport_posix.h
[0.893s] -- Up-to-date: /home/ice/microros_ws/firmware/mcu_ws/install/include/uxr/client/profile/transport/ip/udp/udp_transport.h
[0.893s] -- Up-to-date: /home/ice/microros_ws/firmware/mcu_ws/install/include/uxr/client/profile/transport/ip/udp/udp_transport_posix_nopoll.h
[0.894s] -- Up-to-date: /home/ice/microros_ws/firmware/mcu_ws/install/include/uxr/client/profile/transport/ip/tcp
[0.894s] -- Up-to-date: /home/ice/microros_ws/firmware/mcu_ws/install/include/uxr/client/profile/transport/ip/tcp/tcp_transport_posix_nopoll.h
[0.898s] -- Up-to-date: /home/ice/microros_ws/firmware/mcu_ws/install/include/uxr/client/profile/transport/ip/tcp/tcp_transport_rtems_bsd_net.h
[0.898s] -- Up-to-date: /home/ice/microros_ws/firmware/mcu_ws/install/include/uxr/client/profile/transport/ip/tcp/tcp_transport_windows.h
[0.900s] -- Up-to-date: /home/ice/microros_ws/firmware/mcu_ws/install/include/uxr/client/profile/transport/ip/tcp/tcp_transport.h
[0.900s] -- Up-to-date: /home/ice/microros_ws/firmware/mcu_ws/install/include/uxr/client/profile/transport/ip/tcp/tcp_transport_freertos_plus_tcp.h
[0.900s] -- Up-to-date: /home/ice/microros_ws/firmware/mcu_ws/install/include/uxr/client/profile/transport/ip/tcp/tcp_transport_posix.h
[0.901s] -- Up-to-date: /home/ice/microros_ws/firmware/mcu_ws/install/include/uxr/client/profile/transport/ip/ip.h
[0.901s] -- Up-to-date: /home/ice/microros_ws/firmware/mcu_ws/install/include/uxr/client/profile/transport/serial
[0.901s] -- Up-to-date: /home/ice/microros_ws/firmware/mcu_ws/install/include/uxr/client/profile/transport/serial/serial_transport_posix.h
[0.901s] -- Up-to-date: /home/ice/microros_ws/firmware/mcu_ws/install/include/uxr/client/profile/transport/serial/serial_transport_platform.h
[0.901s] -- Up-to-date: /home/ice/microros_ws/firmware/mcu_ws/install/include/uxr/client/profile/transport/serial/serial_transport.h
[0.901s] -- Up-to-date: /home/ice/microros_ws/firmware/mcu_ws/install/include/uxr/client/profile/transport/serial/serial_transport_rtems_bsd_net.h
[0.902s] -- Up-to-date: /home/ice/microros_ws/firmware/mcu_ws/install/include/uxr/client/profile/transport/custom
[0.902s] -- Up-to-date: /home/ice/microros_ws/firmware/mcu_ws/install/include/uxr/client/profile/transport/custom/custom_transport.h
[0.902s] -- Up-to-date: /home/ice/microros_ws/firmware/mcu_ws/install/include/uxr/client/profile/transport/can
[0.902s] -- Up-to-date: /home/ice/microros_ws/firmware/mcu_ws/install/include/uxr/client/profile/transport/can/can_transport.h
[0.903s] -- Up-to-date: /home/ice/microros_ws/firmware/mcu_ws/install/include/uxr/client/profile/transport/can/can_transport_posix.h
[0.903s] -- Up-to-date: /home/ice/microros_ws/firmware/mcu_ws/install/include/uxr/client/profile/transport/stream_framing
[0.903s] -- Up-to-date: /home/ice/microros_ws/firmware/mcu_ws/install/include/uxr/client/profile/transport/stream_framing/stream_framing_protocol.h
[0.903s] -- Up-to-date: /home/ice/microros_ws/firmware/mcu_ws/install/include/uxr/client/profile/multithread
[0.903s] -- Up-to-date: /home/ice/microros_ws/firmware/mcu_ws/install/include/uxr/client/profile/multithread/multithread.h
[0.903s] -- Up-to-date: /home/ice/microros_ws/firmware/mcu_ws/install/include/uxr/client/profile/discovery
[0.903s] -- Up-to-date: /home/ice/microros_ws/firmware/mcu_ws/install/include/uxr/client/profile/discovery/discovery.h
[0.903s] -- Up-to-date: /home/ice/microros_ws/firmware/mcu_ws/install/include/uxr/client/transport.h
[0.903s] -- Up-to-date: /home/ice/microros_ws/firmware/mcu_ws/install/include/uxr/client/visibility.h
[0.903s] -- Up-to-date: /home/ice/microros_ws/firmware/mcu_ws/install/include/uxr/client/client.h
[0.905s] -- Up-to-date: /home/ice/microros_ws/firmware/mcu_ws/install/include/uxr/client/defines.h
[0.905s] -- Up-to-date: /home/ice/microros_ws/firmware/mcu_ws/install/include/uxr/client/core
[0.921s] -- Up-to-date: /home/ice/microros_ws/firmware/mcu_ws/install/include/uxr/client/core/session
[0.922s] -- Up-to-date: /home/ice/microros_ws/firmware/mcu_ws/install/include/uxr/client/core/session/create_entities_bin.h
[0.922s] -- Up-to-date: /home/ice/microros_ws/firmware/mcu_ws/install/include/uxr/client/core/session/session_info.h
[0.922s] -- Up-to-date: /home/ice/microros_ws/firmware/mcu_ws/install/include/uxr/client/core/session/stream
[0.922s] -- Up-to-date: /home/ice/microros_ws/firmware/mcu_ws/install/include/uxr/client/core/session/stream/output_reliable_stream.h
[0.922s] -- Up-to-date: /home/ice/microros_ws/firmware/mcu_ws/install/include/uxr/client/core/session/stream/seq_num.h
[0.923s] -- Up-to-date: /home/ice/microros_ws/firmware/mcu_ws/install/include/uxr/client/core/session/stream/output_best_effort_stream.h
[0.923s] -- Up-to-date: /home/ice/microros_ws/firmware/mcu_ws/install/include/uxr/client/core/session/stream/reliable_stream.h
[0.923s] -- Up-to-date: /home/ice/microros_ws/firmware/mcu_ws/install/include/uxr/client/core/session/stream/input_best_effort_stream.h
[0.923s] -- Up-to-date: /home/ice/microros_ws/firmware/mcu_ws/install/include/uxr/client/core/session/stream/input_reliable_stream.h
[0.923s] -- Up-to-date: /home/ice/microros_ws/firmware/mcu_ws/install/include/uxr/client/core/session/stream/stream_id.h
[0.923s] -- Up-to-date: /home/ice/microros_ws/firmware/mcu_ws/install/include/uxr/client/core/session/stream/stream_storage.h
[0.923s] -- Up-to-date: /home/ice/microros_ws/firmware/mcu_ws/install/include/uxr/client/core/session/common_create_entities.h
[0.923s] -- Up-to-date: /home/ice/microros_ws/firmware/mcu_ws/install/include/uxr/client/core/session/time_sync.h
[0.924s] -- Up-to-date: /home/ice/microros_ws/firmware/mcu_ws/install/include/uxr/client/core/session/object_id.h
[0.924s] -- Up-to-date: /home/ice/microros_ws/firmware/mcu_ws/install/include/uxr/client/core/session/session.h
[0.924s] -- Up-to-date: /home/ice/microros_ws/firmware/mcu_ws/install/include/uxr/client/core/session/create_entities_xml.h
[0.924s] -- Up-to-date: /home/ice/microros_ws/firmware/mcu_ws/install/include/uxr/client/core/session/write_access.h
[0.924s] -- Up-to-date: /home/ice/microros_ws/firmware/mcu_ws/install/include/uxr/client/core/session/create_entities_ref.h
[0.924s] -- Up-to-date: /home/ice/microros_ws/firmware/mcu_ws/install/include/uxr/client/core/session/read_access.h
[0.924s] -- Up-to-date: /home/ice/microros_ws/firmware/mcu_ws/install/include/uxr/client/core/communication
[0.924s] -- Up-to-date: /home/ice/microros_ws/firmware/mcu_ws/install/include/uxr/client/core/communication/communication.h
[0.924s] -- Up-to-date: /home/ice/microros_ws/firmware/mcu_ws/install/include/uxr/client/core/type
[0.924s] -- Up-to-date: /home/ice/microros_ws/firmware/mcu_ws/install/include/uxr/client/core/type/xrce_types.h
[0.925s] -- Up-to-date: /home/ice/microros_ws/firmware/mcu_ws/install/include/uxr/client/util
[0.925s] -- Up-to-date: /home/ice/microros_ws/firmware/mcu_ws/install/include/uxr/client/util/time.h
[0.926s] -- Up-to-date: /home/ice/microros_ws/firmware/mcu_ws/install/include/uxr/client/util/ping.h
[0.926s] -- Up-to-date: /home/ice/microros_ws/firmware/mcu_ws/install/include/uxr/client/config.h
[0.926s] -- Up-to-date: /home/ice/microros_ws/firmware/mcu_ws/install/share/microxrcedds_client/cmake/microxrcedds_clientTargets.cmake
[0.926s] -- Up-to-date: /home/ice/microros_ws/firmware/mcu_ws/install/share/microxrcedds_client/cmake/microxrcedds_clientTargets-debug.cmake
[0.926s] -- Up-to-date: /home/ice/microros_ws/firmware/mcu_ws/install/share/microxrcedds_client/cmake/microxrcedds_clientConfig.cmake
[0.926s] -- Up-to-date: /home/ice/microros_ws/firmware/mcu_ws/install/share/microxrcedds_client/cmake/microxrcedds_clientConfigVersion.cmake
[0.926s] Invoked command in '/home/ice/microros_ws/firmware/mcu_ws/build/microxrcedds_client' returned '0': CMAKE_PREFIX_PATH=/home/ice/microros_ws/firmware/mcu_ws/install:${CMAKE_PREFIX_PATH} PATH=/home/ice/microros_ws/firmware/mcu_ws/install/bin:${PATH} PYTHONPATH=/home/ice/microros_ws/firmware/mcu_ws/install/lib/python3.10/site-packages:${PYTHONPATH} /usr/bin/cmake --install /home/ice/microros_ws/firmware/mcu_ws/build/microxrcedds_client
