-- The C compiler identification is GNU 11.4.0
-- The CXX compiler identification is GNU 11.4.0
-- Detecting C compiler ABI info
-- Detecting C compiler ABI info - done
-- Check for working C compiler: /usr/bin/cc - skipped
-- Detecting C compile features
-- Detecting C compile features - done
-- Detecting CXX compiler ABI info
-- Detecting CXX compiler ABI info - done
-- Check for working CXX compiler: /usr/bin/c++ - skipped
-- Detecting CXX compile features
-- Detecting CXX compile features - done
-- Found ament_cmake: 1.3.7 (/opt/ros/humble/share/ament_cmake/cmake)
-- Found Python3: /usr/bin/python3.10 (found version "3.10.12") found components: Interpreter 
-- Found rosidl_default_generators: 1.2.0 (/opt/ros/humble/share/rosidl_default_generators/cmake)
-- Using all available rosidl_typesupport_c: rosidl_typesupport_fastrtps_c;rosidl_typesupport_introspection_c
-- Found rosidl_adapter: 3.1.5 (/opt/ros/humble/share/rosidl_adapter/cmake)
-- Using all available rosidl_typesupport_cpp: rosidl_typesupport_fastrtps_cpp;rosidl_typesupport_introspection_cpp
-- Found ament_cmake_ros: 0.10.0 (/opt/ros/humble/share/ament_cmake_ros/cmake)
-- Using all available rosidl_typesupport_c: rosidl_typesupport_fastrtps_c;rosidl_typesupport_introspection_c
-- Using all available rosidl_typesupport_cpp: rosidl_typesupport_fastrtps_cpp;rosidl_typesupport_introspection_cpp
-- Found PythonInterp: /usr/bin/python3 (found suitable version "3.10.12", minimum required is "3.6") 
-- Found python_cmake_module: 0.10.0 (/opt/ros/humble/share/python_cmake_module/cmake)
-- Found PythonLibs: /usr/lib/x86_64-linux-gnu/libpython3.10.so (found suitable version "3.10.12", minimum required is "3.5") 
-- Using PYTHON_EXECUTABLE: /usr/bin/python3
-- Using PYTHON_INCLUDE_DIRS: /usr/include/python3.10
-- Using PYTHON_LIBRARIES: /usr/lib/x86_64-linux-gnu/libpython3.10.so
-- Found PythonExtra: .so  
-- Found ament_lint_auto: 0.12.10 (/opt/ros/humble/share/ament_lint_auto/cmake)
-- Added test 'lint_cmake' to check CMake code style
-- Added test 'xmllint' to check XML markup files
-- Configuring done
-- Generating done
-- Build files have been written to: /home/ice/polaris-bot/ros2_ws/build/my_message
[35m[1mConsolidate compiler generated dependencies of target my_message__rosidl_generator_c[0m
[  9%] Built target my_message__rosidl_generator_c
[ 12%] Built target my_message__cpp
[35m[1mConsolidate compiler generated dependencies of target my_message__rosidl_typesupport_introspection_cpp[0m
[ 12%] Built target ament_cmake_python_copy_my_message
[ 22%] Built target my_message__rosidl_typesupport_introspection_cpp
[35m[1mConsolidate compiler generated dependencies of target my_message__rosidl_typesupport_cpp[0m
[35m[1mConsolidate compiler generated dependencies of target my_message__rosidl_typesupport_fastrtps_c[0m
[ 32%] Built target my_message__rosidl_typesupport_cpp
[ 41%] Built target my_message__rosidl_typesupport_fastrtps_c
[35m[1mConsolidate compiler generated dependencies of target my_message__rosidl_typesupport_introspection_c[0m
[35m[1mConsolidate compiler generated dependencies of target my_message__rosidl_typesupport_c[0m
[ 51%] Built target my_message__rosidl_typesupport_introspection_c
[ 61%] Built target my_message__rosidl_typesupport_c
[35m[1mConsolidate compiler generated dependencies of target my_message__rosidl_typesupport_fastrtps_cpp[0m
running egg_info
[ 70%] Built target my_message__rosidl_typesupport_fastrtps_cpp
writing my_message.egg-info/PKG-INFO
writing dependency_links to my_message.egg-info/dependency_links.txt
writing top-level names to my_message.egg-info/top_level.txt
reading manifest file 'my_message.egg-info/SOURCES.txt'
writing manifest file 'my_message.egg-info/SOURCES.txt'
[ 70%] Built target my_message
[ 70%] Built target ament_cmake_python_build_my_message_egg
[ 74%] Built target my_message__py
[35m[1mConsolidate compiler generated dependencies of target my_message__rosidl_generator_py[0m
[ 80%] Built target my_message__rosidl_generator_py
[35m[1mConsolidate compiler generated dependencies of target my_message__rosidl_typesupport_fastrtps_c__pyext[0m
[35m[1mConsolidate compiler generated dependencies of target my_message__rosidl_typesupport_introspection_c__pyext[0m
[ 87%] Built target my_message__rosidl_typesupport_fastrtps_c__pyext
[ 93%] Built target my_message__rosidl_typesupport_introspection_c__pyext
[35m[1mConsolidate compiler generated dependencies of target my_message__rosidl_typesupport_c__pyext[0m
[100%] Built target my_message__rosidl_typesupport_c__pyext
-- Install configuration: ""
-- Up-to-date: /home/ice/polaris-bot/ros2_ws/install/my_message/share/ament_index/resource_index/rosidl_interfaces/my_message
-- Up-to-date: /home/ice/polaris-bot/ros2_ws/install/my_message/include/my_message/my_message
-- Up-to-date: /home/ice/polaris-bot/ros2_ws/install/my_message/include/my_message/my_message/msg
-- Up-to-date: /home/ice/polaris-bot/ros2_ws/install/my_message/include/my_message/my_message/msg/detail
-- Up-to-date: /home/ice/polaris-bot/ros2_ws/install/my_message/include/my_message/my_message/msg/detail/my_message__struct.h
-- Up-to-date: /home/ice/polaris-bot/ros2_ws/install/my_message/include/my_message/my_message/msg/detail/my_message__type_support.h
-- Up-to-date: /home/ice/polaris-bot/ros2_ws/install/my_message/include/my_message/my_message/msg/detail/my_message__functions.c
-- Up-to-date: /home/ice/polaris-bot/ros2_ws/install/my_message/include/my_message/my_message/msg/detail/my_message__functions.h
-- Up-to-date: /home/ice/polaris-bot/ros2_ws/install/my_message/include/my_message/my_message/msg/my_message.h
-- Up-to-date: /home/ice/polaris-bot/ros2_ws/install/my_message/include/my_message/my_message/msg/rosidl_generator_c__visibility_control.h
-- Up-to-date: /home/ice/polaris-bot/ros2_ws/install/my_message/share/my_message/environment/library_path.sh
-- Installing: /home/ice/polaris-bot/ros2_ws/install/my_message/share/my_message/environment/library_path.dsv
-- Up-to-date: /home/ice/polaris-bot/ros2_ws/install/my_message/lib/libmy_message__rosidl_generator_c.so
-- Up-to-date: /home/ice/polaris-bot/ros2_ws/install/my_message/include/my_message/my_message
-- Up-to-date: /home/ice/polaris-bot/ros2_ws/install/my_message/include/my_message/my_message/msg
-- Up-to-date: /home/ice/polaris-bot/ros2_ws/install/my_message/include/my_message/my_message/msg/detail
-- Up-to-date: /home/ice/polaris-bot/ros2_ws/install/my_message/include/my_message/my_message/msg/detail/my_message__rosidl_typesupport_fastrtps_c.h
-- Up-to-date: /home/ice/polaris-bot/ros2_ws/install/my_message/include/my_message/my_message/msg/rosidl_typesupport_fastrtps_c__visibility_control.h
-- Up-to-date: /home/ice/polaris-bot/ros2_ws/install/my_message/lib/libmy_message__rosidl_typesupport_fastrtps_c.so
-- Up-to-date: /home/ice/polaris-bot/ros2_ws/install/my_message/include/my_message/my_message
-- Up-to-date: /home/ice/polaris-bot/ros2_ws/install/my_message/include/my_message/my_message/msg
-- Up-to-date: /home/ice/polaris-bot/ros2_ws/install/my_message/include/my_message/my_message/msg/detail
-- Up-to-date: /home/ice/polaris-bot/ros2_ws/install/my_message/include/my_message/my_message/msg/detail/my_message__type_support.c
-- Up-to-date: /home/ice/polaris-bot/ros2_ws/install/my_message/include/my_message/my_message/msg/detail/my_message__rosidl_typesupport_introspection_c.h
-- Up-to-date: /home/ice/polaris-bot/ros2_ws/install/my_message/include/my_message/my_message/msg/rosidl_typesupport_introspection_c__visibility_control.h
-- Up-to-date: /home/ice/polaris-bot/ros2_ws/install/my_message/lib/libmy_message__rosidl_typesupport_introspection_c.so
-- Up-to-date: /home/ice/polaris-bot/ros2_ws/install/my_message/lib/libmy_message__rosidl_typesupport_c.so
-- Up-to-date: /home/ice/polaris-bot/ros2_ws/install/my_message/include/my_message/my_message
-- Up-to-date: /home/ice/polaris-bot/ros2_ws/install/my_message/include/my_message/my_message/msg
-- Up-to-date: /home/ice/polaris-bot/ros2_ws/install/my_message/include/my_message/my_message/msg/detail
-- Up-to-date: /home/ice/polaris-bot/ros2_ws/install/my_message/include/my_message/my_message/msg/detail/my_message__traits.hpp
-- Up-to-date: /home/ice/polaris-bot/ros2_ws/install/my_message/include/my_message/my_message/msg/detail/my_message__builder.hpp
-- Up-to-date: /home/ice/polaris-bot/ros2_ws/install/my_message/include/my_message/my_message/msg/detail/my_message__struct.hpp
-- Up-to-date: /home/ice/polaris-bot/ros2_ws/install/my_message/include/my_message/my_message/msg/my_message.hpp
-- Up-to-date: /home/ice/polaris-bot/ros2_ws/install/my_message/include/my_message/my_message
-- Up-to-date: /home/ice/polaris-bot/ros2_ws/install/my_message/include/my_message/my_message/msg
-- Up-to-date: /home/ice/polaris-bot/ros2_ws/install/my_message/include/my_message/my_message/msg/detail
-- Up-to-date: /home/ice/polaris-bot/ros2_ws/install/my_message/include/my_message/my_message/msg/detail/dds_fastrtps
-- Up-to-date: /home/ice/polaris-bot/ros2_ws/install/my_message/include/my_message/my_message/msg/detail/my_message__rosidl_typesupport_fastrtps_cpp.hpp
-- Up-to-date: /home/ice/polaris-bot/ros2_ws/install/my_message/include/my_message/my_message/msg/rosidl_typesupport_fastrtps_cpp__visibility_control.h
-- Up-to-date: /home/ice/polaris-bot/ros2_ws/install/my_message/lib/libmy_message__rosidl_typesupport_fastrtps_cpp.so
-- Up-to-date: /home/ice/polaris-bot/ros2_ws/install/my_message/include/my_message/my_message
-- Up-to-date: /home/ice/polaris-bot/ros2_ws/install/my_message/include/my_message/my_message/msg
-- Up-to-date: /home/ice/polaris-bot/ros2_ws/install/my_message/include/my_message/my_message/msg/detail
-- Up-to-date: /home/ice/polaris-bot/ros2_ws/install/my_message/include/my_message/my_message/msg/detail/my_message__rosidl_typesupport_introspection_cpp.hpp
-- Up-to-date: /home/ice/polaris-bot/ros2_ws/install/my_message/include/my_message/my_message/msg/detail/my_message__type_support.cpp
-- Up-to-date: /home/ice/polaris-bot/ros2_ws/install/my_message/lib/libmy_message__rosidl_typesupport_introspection_cpp.so
-- Up-to-date: /home/ice/polaris-bot/ros2_ws/install/my_message/lib/libmy_message__rosidl_typesupport_cpp.so
-- Up-to-date: /home/ice/polaris-bot/ros2_ws/install/my_message/share/my_message/environment/pythonpath.sh
-- Installing: /home/ice/polaris-bot/ros2_ws/install/my_message/share/my_message/environment/pythonpath.dsv
-- Up-to-date: /home/ice/polaris-bot/ros2_ws/install/my_message/local/lib/python3.10/dist-packages/my_message-0.0.0-py3.10.egg-info
-- Installing: /home/ice/polaris-bot/ros2_ws/install/my_message/local/lib/python3.10/dist-packages/my_message-0.0.0-py3.10.egg-info/top_level.txt
-- Installing: /home/ice/polaris-bot/ros2_ws/install/my_message/local/lib/python3.10/dist-packages/my_message-0.0.0-py3.10.egg-info/PKG-INFO
-- Installing: /home/ice/polaris-bot/ros2_ws/install/my_message/local/lib/python3.10/dist-packages/my_message-0.0.0-py3.10.egg-info/SOURCES.txt
-- Installing: /home/ice/polaris-bot/ros2_ws/install/my_message/local/lib/python3.10/dist-packages/my_message-0.0.0-py3.10.egg-info/dependency_links.txt
-- Up-to-date: /home/ice/polaris-bot/ros2_ws/install/my_message/local/lib/python3.10/dist-packages/my_message
-- Up-to-date: /home/ice/polaris-bot/ros2_ws/install/my_message/local/lib/python3.10/dist-packages/my_message/_my_message_s.ep.rosidl_typesupport_fastrtps_c.c
-- Up-to-date: /home/ice/polaris-bot/ros2_ws/install/my_message/local/lib/python3.10/dist-packages/my_message/my_message_s__rosidl_typesupport_c.cpython-310-x86_64-linux-gnu.so
-- Up-to-date: /home/ice/polaris-bot/ros2_ws/install/my_message/local/lib/python3.10/dist-packages/my_message/my_message_s__rosidl_typesupport_introspection_c.cpython-310-x86_64-linux-gnu.so
-- Up-to-date: /home/ice/polaris-bot/ros2_ws/install/my_message/local/lib/python3.10/dist-packages/my_message/_my_message_s.ep.rosidl_typesupport_c.c
-- Up-to-date: /home/ice/polaris-bot/ros2_ws/install/my_message/local/lib/python3.10/dist-packages/my_message/libmy_message__rosidl_generator_py.so
-- Up-to-date: /home/ice/polaris-bot/ros2_ws/install/my_message/local/lib/python3.10/dist-packages/my_message/my_message_s__rosidl_typesupport_fastrtps_c.cpython-310-x86_64-linux-gnu.so
-- Up-to-date: /home/ice/polaris-bot/ros2_ws/install/my_message/local/lib/python3.10/dist-packages/my_message/_my_message_s.ep.rosidl_typesupport_introspection_c.c
-- Up-to-date: /home/ice/polaris-bot/ros2_ws/install/my_message/local/lib/python3.10/dist-packages/my_message/msg
-- Up-to-date: /home/ice/polaris-bot/ros2_ws/install/my_message/local/lib/python3.10/dist-packages/my_message/msg/_my_message.py
-- Up-to-date: /home/ice/polaris-bot/ros2_ws/install/my_message/local/lib/python3.10/dist-packages/my_message/msg/__init__.py
-- Up-to-date: /home/ice/polaris-bot/ros2_ws/install/my_message/local/lib/python3.10/dist-packages/my_message/msg/_my_message_s.c
-- Installing: /home/ice/polaris-bot/ros2_ws/install/my_message/local/lib/python3.10/dist-packages/my_message/__init__.py
Listing '/home/ice/polaris-bot/ros2_ws/install/my_message/local/lib/python3.10/dist-packages/my_message'...
Compiling '/home/ice/polaris-bot/ros2_ws/install/my_message/local/lib/python3.10/dist-packages/my_message/__init__.py'...
Listing '/home/ice/polaris-bot/ros2_ws/install/my_message/local/lib/python3.10/dist-packages/my_message/msg'...
-- Up-to-date: /home/ice/polaris-bot/ros2_ws/install/my_message/local/lib/python3.10/dist-packages/my_message/my_message_s__rosidl_typesupport_fastrtps_c.cpython-310-x86_64-linux-gnu.so
-- Up-to-date: /home/ice/polaris-bot/ros2_ws/install/my_message/local/lib/python3.10/dist-packages/my_message/my_message_s__rosidl_typesupport_introspection_c.cpython-310-x86_64-linux-gnu.so
-- Up-to-date: /home/ice/polaris-bot/ros2_ws/install/my_message/local/lib/python3.10/dist-packages/my_message/my_message_s__rosidl_typesupport_c.cpython-310-x86_64-linux-gnu.so
-- Up-to-date: /home/ice/polaris-bot/ros2_ws/install/my_message/lib/libmy_message__rosidl_generator_py.so
-- Up-to-date: /home/ice/polaris-bot/ros2_ws/install/my_message/share/my_message/msg/MyMessage.idl
-- Up-to-date: /home/ice/polaris-bot/ros2_ws/install/my_message/share/my_message/msg/MyMessage.msg
-- Up-to-date: /home/ice/polaris-bot/ros2_ws/install/my_message/share/ament_index/resource_index/package_run_dependencies/my_message
-- Up-to-date: /home/ice/polaris-bot/ros2_ws/install/my_message/share/ament_index/resource_index/parent_prefix_path/my_message
-- Up-to-date: /home/ice/polaris-bot/ros2_ws/install/my_message/share/my_message/environment/ament_prefix_path.sh
-- Installing: /home/ice/polaris-bot/ros2_ws/install/my_message/share/my_message/environment/ament_prefix_path.dsv
-- Up-to-date: /home/ice/polaris-bot/ros2_ws/install/my_message/share/my_message/environment/path.sh
-- Installing: /home/ice/polaris-bot/ros2_ws/install/my_message/share/my_message/environment/path.dsv
-- Up-to-date: /home/ice/polaris-bot/ros2_ws/install/my_message/share/my_message/local_setup.bash
-- Up-to-date: /home/ice/polaris-bot/ros2_ws/install/my_message/share/my_message/local_setup.sh
-- Up-to-date: /home/ice/polaris-bot/ros2_ws/install/my_message/share/my_message/local_setup.zsh
-- Installing: /home/ice/polaris-bot/ros2_ws/install/my_message/share/my_message/local_setup.dsv
-- Installing: /home/ice/polaris-bot/ros2_ws/install/my_message/share/my_message/package.dsv
-- Up-to-date: /home/ice/polaris-bot/ros2_ws/install/my_message/share/ament_index/resource_index/packages/my_message
-- Up-to-date: /home/ice/polaris-bot/ros2_ws/install/my_message/share/my_message/cmake/export_my_message__rosidl_generator_cExport.cmake
-- Up-to-date: /home/ice/polaris-bot/ros2_ws/install/my_message/share/my_message/cmake/export_my_message__rosidl_generator_cExport-noconfig.cmake
-- Up-to-date: /home/ice/polaris-bot/ros2_ws/install/my_message/share/my_message/cmake/export_my_message__rosidl_typesupport_fastrtps_cExport.cmake
-- Up-to-date: /home/ice/polaris-bot/ros2_ws/install/my_message/share/my_message/cmake/export_my_message__rosidl_typesupport_fastrtps_cExport-noconfig.cmake
-- Up-to-date: /home/ice/polaris-bot/ros2_ws/install/my_message/share/my_message/cmake/my_message__rosidl_typesupport_introspection_cExport.cmake
-- Up-to-date: /home/ice/polaris-bot/ros2_ws/install/my_message/share/my_message/cmake/my_message__rosidl_typesupport_introspection_cExport-noconfig.cmake
-- Up-to-date: /home/ice/polaris-bot/ros2_ws/install/my_message/share/my_message/cmake/my_message__rosidl_typesupport_cExport.cmake
-- Up-to-date: /home/ice/polaris-bot/ros2_ws/install/my_message/share/my_message/cmake/my_message__rosidl_typesupport_cExport-noconfig.cmake
-- Up-to-date: /home/ice/polaris-bot/ros2_ws/install/my_message/share/my_message/cmake/export_my_message__rosidl_generator_cppExport.cmake
-- Up-to-date: /home/ice/polaris-bot/ros2_ws/install/my_message/share/my_message/cmake/export_my_message__rosidl_typesupport_fastrtps_cppExport.cmake
-- Up-to-date: /home/ice/polaris-bot/ros2_ws/install/my_message/share/my_message/cmake/export_my_message__rosidl_typesupport_fastrtps_cppExport-noconfig.cmake
-- Up-to-date: /home/ice/polaris-bot/ros2_ws/install/my_message/share/my_message/cmake/my_message__rosidl_typesupport_introspection_cppExport.cmake
-- Up-to-date: /home/ice/polaris-bot/ros2_ws/install/my_message/share/my_message/cmake/my_message__rosidl_typesupport_introspection_cppExport-noconfig.cmake
-- Up-to-date: /home/ice/polaris-bot/ros2_ws/install/my_message/share/my_message/cmake/my_message__rosidl_typesupport_cppExport.cmake
-- Up-to-date: /home/ice/polaris-bot/ros2_ws/install/my_message/share/my_message/cmake/my_message__rosidl_typesupport_cppExport-noconfig.cmake
-- Up-to-date: /home/ice/polaris-bot/ros2_ws/install/my_message/share/my_message/cmake/export_my_message__rosidl_generator_pyExport.cmake
-- Up-to-date: /home/ice/polaris-bot/ros2_ws/install/my_message/share/my_message/cmake/export_my_message__rosidl_generator_pyExport-noconfig.cmake
-- Up-to-date: /home/ice/polaris-bot/ros2_ws/install/my_message/share/my_message/cmake/rosidl_cmake-extras.cmake
-- Up-to-date: /home/ice/polaris-bot/ros2_ws/install/my_message/share/my_message/cmake/ament_cmake_export_include_directories-extras.cmake
-- Up-to-date: /home/ice/polaris-bot/ros2_ws/install/my_message/share/my_message/cmake/ament_cmake_export_libraries-extras.cmake
-- Up-to-date: /home/ice/polaris-bot/ros2_ws/install/my_message/share/my_message/cmake/ament_cmake_export_targets-extras.cmake
-- Up-to-date: /home/ice/polaris-bot/ros2_ws/install/my_message/share/my_message/cmake/rosidl_cmake_export_typesupport_targets-extras.cmake
-- Up-to-date: /home/ice/polaris-bot/ros2_ws/install/my_message/share/my_message/cmake/ament_cmake_export_dependencies-extras.cmake
-- Up-to-date: /home/ice/polaris-bot/ros2_ws/install/my_message/share/my_message/cmake/rosidl_cmake_export_typesupport_libraries-extras.cmake
-- Up-to-date: /home/ice/polaris-bot/ros2_ws/install/my_message/share/my_message/cmake/my_messageConfig.cmake
-- Up-to-date: /home/ice/polaris-bot/ros2_ws/install/my_message/share/my_message/cmake/my_messageConfig-version.cmake
-- Up-to-date: /home/ice/polaris-bot/ros2_ws/install/my_message/share/my_message/package.xml
