gmake[4]: Entering directory '/home/ice/microros_ws/firmware/mcu_ws/build/rosgraph_msgs'
/usr/bin/cmake -S/home/ice/microros_ws/firmware/mcu_ws/ros2/rcl_interfaces/rosgraph_msgs -B/home/ice/microros_ws/firmware/mcu_ws/build/rosgraph_msgs --check-build-system CMakeFiles/Makefile.cmake 0
Re-run cmake file: Makefile older than: /home/ice/microros_ws/firmware/freertos_apps/microros_esp32_extensions/esp32_toolchain.cmake
-- Found ament_cmake: 1.3.7 (/home/ice/microros_ws/firmware/dev_ws/install/ament_cmake/share/ament_cmake/cmake)
-- Found builtin_interfaces: 1.2.1 (/home/ice/microros_ws/firmware/mcu_ws/install/share/builtin_interfaces/cmake)
-- Using all available rosidl_typesupport_c: rosidl_typesupport_introspection_c;rosidl_typesupport_microxrcedds_c
-- Found rosidl_adapter: 3.1.5 (/home/ice/microros_ws/firmware/mcu_ws/install/share/rosidl_adapter/cmake)
-- Found rosidl_default_generators: 1.2.0 (/home/ice/microros_ws/firmware/mcu_ws/install/share/rosidl_default_generators/cmake)
-- Found ament_cmake_ros: 0.10.0 (/home/ice/microros_ws/firmware/dev_ws/install/ament_cmake_ros/share/ament_cmake_ros/cmake)
-- Using all available rosidl_typesupport_c: rosidl_typesupport_introspection_c;rosidl_typesupport_microxrcedds_c
-- Configuring done
-- Generating done
-- Build files have been written to: /home/ice/microros_ws/firmware/mcu_ws/build/rosgraph_msgs
/usr/bin/cmake -E cmake_progress_start /home/ice/microros_ws/firmware/mcu_ws/build/rosgraph_msgs/CMakeFiles /home/ice/microros_ws/firmware/mcu_ws/build/rosgraph_msgs//CMakeFiles/progress.marks
/usr/bin/gmake  -f CMakeFiles/Makefile2 all
gmake[5]: Entering directory '/home/ice/microros_ws/firmware/mcu_ws/build/rosgraph_msgs'
/usr/bin/gmake  -f CMakeFiles/rosgraph_msgs__rosidl_generator_c.dir/build.make CMakeFiles/rosgraph_msgs__rosidl_generator_c.dir/depend
gmake[6]: Entering directory '/home/ice/microros_ws/firmware/mcu_ws/build/rosgraph_msgs'
cd /home/ice/microros_ws/firmware/mcu_ws/build/rosgraph_msgs && /usr/bin/cmake -E cmake_depends "Unix Makefiles" /home/ice/microros_ws/firmware/mcu_ws/ros2/rcl_interfaces/rosgraph_msgs /home/ice/microros_ws/firmware/mcu_ws/ros2/rcl_interfaces/rosgraph_msgs /home/ice/microros_ws/firmware/mcu_ws/build/rosgraph_msgs /home/ice/microros_ws/firmware/mcu_ws/build/rosgraph_msgs /home/ice/microros_ws/firmware/mcu_ws/build/rosgraph_msgs/CMakeFiles/rosgraph_msgs__rosidl_generator_c.dir/DependInfo.cmake --color=
Dependencies file "CMakeFiles/rosgraph_msgs__rosidl_generator_c.dir/rosidl_generator_c/rosgraph_msgs/msg/detail/clock__functions.c.obj.d" is newer than depends file "/home/ice/microros_ws/firmware/mcu_ws/build/rosgraph_msgs/CMakeFiles/rosgraph_msgs__rosidl_generator_c.dir/compiler_depend.internal".
[35m[1mConsolidate compiler generated dependencies of target rosgraph_msgs__rosidl_generator_c[0m
gmake[6]: Leaving directory '/home/ice/microros_ws/firmware/mcu_ws/build/rosgraph_msgs'
/usr/bin/gmake  -f CMakeFiles/rosgraph_msgs__rosidl_generator_c.dir/build.make CMakeFiles/rosgraph_msgs__rosidl_generator_c.dir/build
gmake[6]: Entering directory '/home/ice/microros_ws/firmware/mcu_ws/build/rosgraph_msgs'
gmake[6]: Nothing to be done for 'CMakeFiles/rosgraph_msgs__rosidl_generator_c.dir/build'.
gmake[6]: Leaving directory '/home/ice/microros_ws/firmware/mcu_ws/build/rosgraph_msgs'
[ 25%] Built target rosgraph_msgs__rosidl_generator_c
/usr/bin/gmake  -f CMakeFiles/rosgraph_msgs__rosidl_typesupport_c.dir/build.make CMakeFiles/rosgraph_msgs__rosidl_typesupport_c.dir/depend
gmake[6]: Entering directory '/home/ice/microros_ws/firmware/mcu_ws/build/rosgraph_msgs'
cd /home/ice/microros_ws/firmware/mcu_ws/build/rosgraph_msgs && /usr/bin/cmake -E cmake_depends "Unix Makefiles" /home/ice/microros_ws/firmware/mcu_ws/ros2/rcl_interfaces/rosgraph_msgs /home/ice/microros_ws/firmware/mcu_ws/ros2/rcl_interfaces/rosgraph_msgs /home/ice/microros_ws/firmware/mcu_ws/build/rosgraph_msgs /home/ice/microros_ws/firmware/mcu_ws/build/rosgraph_msgs /home/ice/microros_ws/firmware/mcu_ws/build/rosgraph_msgs/CMakeFiles/rosgraph_msgs__rosidl_typesupport_c.dir/DependInfo.cmake --color=
Dependencies file "CMakeFiles/rosgraph_msgs__rosidl_typesupport_c.dir/rosidl_typesupport_c/rosgraph_msgs/msg/clock__type_support.cpp.obj.d" is newer than depends file "/home/ice/microros_ws/firmware/mcu_ws/build/rosgraph_msgs/CMakeFiles/rosgraph_msgs__rosidl_typesupport_c.dir/compiler_depend.internal".
[35m[1mConsolidate compiler generated dependencies of target rosgraph_msgs__rosidl_typesupport_c[0m
gmake[6]: Leaving directory '/home/ice/microros_ws/firmware/mcu_ws/build/rosgraph_msgs'
/usr/bin/gmake  -f CMakeFiles/rosgraph_msgs__rosidl_typesupport_c.dir/build.make CMakeFiles/rosgraph_msgs__rosidl_typesupport_c.dir/build
gmake[6]: Entering directory '/home/ice/microros_ws/firmware/mcu_ws/build/rosgraph_msgs'
gmake[6]: Nothing to be done for 'CMakeFiles/rosgraph_msgs__rosidl_typesupport_c.dir/build'.
gmake[6]: Leaving directory '/home/ice/microros_ws/firmware/mcu_ws/build/rosgraph_msgs'
[ 50%] Built target rosgraph_msgs__rosidl_typesupport_c
/usr/bin/gmake  -f CMakeFiles/rosgraph_msgs__rosidl_typesupport_microxrcedds_c.dir/build.make CMakeFiles/rosgraph_msgs__rosidl_typesupport_microxrcedds_c.dir/depend
gmake[6]: Entering directory '/home/ice/microros_ws/firmware/mcu_ws/build/rosgraph_msgs'
cd /home/ice/microros_ws/firmware/mcu_ws/build/rosgraph_msgs && /usr/bin/cmake -E cmake_depends "Unix Makefiles" /home/ice/microros_ws/firmware/mcu_ws/ros2/rcl_interfaces/rosgraph_msgs /home/ice/microros_ws/firmware/mcu_ws/ros2/rcl_interfaces/rosgraph_msgs /home/ice/microros_ws/firmware/mcu_ws/build/rosgraph_msgs /home/ice/microros_ws/firmware/mcu_ws/build/rosgraph_msgs /home/ice/microros_ws/firmware/mcu_ws/build/rosgraph_msgs/CMakeFiles/rosgraph_msgs__rosidl_typesupport_microxrcedds_c.dir/DependInfo.cmake --color=
Dependencies file "CMakeFiles/rosgraph_msgs__rosidl_typesupport_microxrcedds_c.dir/rosidl_typesupport_microxrcedds_c/rosgraph_msgs/msg/detail/microxrcedds/clock__type_support_c.c.obj.d" is newer than depends file "/home/ice/microros_ws/firmware/mcu_ws/build/rosgraph_msgs/CMakeFiles/rosgraph_msgs__rosidl_typesupport_microxrcedds_c.dir/compiler_depend.internal".
[35m[1mConsolidate compiler generated dependencies of target rosgraph_msgs__rosidl_typesupport_microxrcedds_c[0m
gmake[6]: Leaving directory '/home/ice/microros_ws/firmware/mcu_ws/build/rosgraph_msgs'
/usr/bin/gmake  -f CMakeFiles/rosgraph_msgs__rosidl_typesupport_microxrcedds_c.dir/build.make CMakeFiles/rosgraph_msgs__rosidl_typesupport_microxrcedds_c.dir/build
gmake[6]: Entering directory '/home/ice/microros_ws/firmware/mcu_ws/build/rosgraph_msgs'
gmake[6]: Nothing to be done for 'CMakeFiles/rosgraph_msgs__rosidl_typesupport_microxrcedds_c.dir/build'.
gmake[6]: Leaving directory '/home/ice/microros_ws/firmware/mcu_ws/build/rosgraph_msgs'
[ 75%] Built target rosgraph_msgs__rosidl_typesupport_microxrcedds_c
/usr/bin/gmake  -f CMakeFiles/rosgraph_msgs__rosidl_typesupport_introspection_c.dir/build.make CMakeFiles/rosgraph_msgs__rosidl_typesupport_introspection_c.dir/depend
gmake[6]: Entering directory '/home/ice/microros_ws/firmware/mcu_ws/build/rosgraph_msgs'
cd /home/ice/microros_ws/firmware/mcu_ws/build/rosgraph_msgs && /usr/bin/cmake -E cmake_depends "Unix Makefiles" /home/ice/microros_ws/firmware/mcu_ws/ros2/rcl_interfaces/rosgraph_msgs /home/ice/microros_ws/firmware/mcu_ws/ros2/rcl_interfaces/rosgraph_msgs /home/ice/microros_ws/firmware/mcu_ws/build/rosgraph_msgs /home/ice/microros_ws/firmware/mcu_ws/build/rosgraph_msgs /home/ice/microros_ws/firmware/mcu_ws/build/rosgraph_msgs/CMakeFiles/rosgraph_msgs__rosidl_typesupport_introspection_c.dir/DependInfo.cmake --color=
Dependencies file "CMakeFiles/rosgraph_msgs__rosidl_typesupport_introspection_c.dir/rosidl_typesupport_introspection_c/rosgraph_msgs/msg/detail/clock__type_support.c.obj.d" is newer than depends file "/home/ice/microros_ws/firmware/mcu_ws/build/rosgraph_msgs/CMakeFiles/rosgraph_msgs__rosidl_typesupport_introspection_c.dir/compiler_depend.internal".
[35m[1mConsolidate compiler generated dependencies of target rosgraph_msgs__rosidl_typesupport_introspection_c[0m
gmake[6]: Leaving directory '/home/ice/microros_ws/firmware/mcu_ws/build/rosgraph_msgs'
/usr/bin/gmake  -f CMakeFiles/rosgraph_msgs__rosidl_typesupport_introspection_c.dir/build.make CMakeFiles/rosgraph_msgs__rosidl_typesupport_introspection_c.dir/build
gmake[6]: Entering directory '/home/ice/microros_ws/firmware/mcu_ws/build/rosgraph_msgs'
gmake[6]: Nothing to be done for 'CMakeFiles/rosgraph_msgs__rosidl_typesupport_introspection_c.dir/build'.
gmake[6]: Leaving directory '/home/ice/microros_ws/firmware/mcu_ws/build/rosgraph_msgs'
[100%] Built target rosgraph_msgs__rosidl_typesupport_introspection_c
/usr/bin/gmake  -f CMakeFiles/rosgraph_msgs.dir/build.make CMakeFiles/rosgraph_msgs.dir/depend
gmake[6]: Entering directory '/home/ice/microros_ws/firmware/mcu_ws/build/rosgraph_msgs'
cd /home/ice/microros_ws/firmware/mcu_ws/build/rosgraph_msgs && /usr/bin/cmake -E cmake_depends "Unix Makefiles" /home/ice/microros_ws/firmware/mcu_ws/ros2/rcl_interfaces/rosgraph_msgs /home/ice/microros_ws/firmware/mcu_ws/ros2/rcl_interfaces/rosgraph_msgs /home/ice/microros_ws/firmware/mcu_ws/build/rosgraph_msgs /home/ice/microros_ws/firmware/mcu_ws/build/rosgraph_msgs /home/ice/microros_ws/firmware/mcu_ws/build/rosgraph_msgs/CMakeFiles/rosgraph_msgs.dir/DependInfo.cmake --color=
gmake[6]: Leaving directory '/home/ice/microros_ws/firmware/mcu_ws/build/rosgraph_msgs'
/usr/bin/gmake  -f CMakeFiles/rosgraph_msgs.dir/build.make CMakeFiles/rosgraph_msgs.dir/build
gmake[6]: Entering directory '/home/ice/microros_ws/firmware/mcu_ws/build/rosgraph_msgs'
gmake[6]: Nothing to be done for 'CMakeFiles/rosgraph_msgs.dir/build'.
gmake[6]: Leaving directory '/home/ice/microros_ws/firmware/mcu_ws/build/rosgraph_msgs'
[100%] Built target rosgraph_msgs
gmake[5]: Leaving directory '/home/ice/microros_ws/firmware/mcu_ws/build/rosgraph_msgs'
/usr/bin/cmake -E cmake_progress_start /home/ice/microros_ws/firmware/mcu_ws/build/rosgraph_msgs/CMakeFiles 0
gmake[4]: Leaving directory '/home/ice/microros_ws/firmware/mcu_ws/build/rosgraph_msgs'
