[1.415s] Invoking command in '/home/ice/microros_ws/firmware/mcu_ws/uros/tracetools/tracetools_trace': PYTHONPATH=/home/ice/microros_ws/firmware/mcu_ws/build/tracetools_trace/prefix_override:/home/ice/microros_ws/firmware/mcu_ws/install/lib/python3.10/site-packages:${PYTHONPATH} /home/ice/microros_ws/firmware/toolchain/espressif/python_env/idf4.1_py3.10_env/bin/python setup.py egg_info --egg-base ../../../build/tracetools_trace build --build-base /home/ice/microros_ws/firmware/mcu_ws/build/tracetools_trace/build install --record /home/ice/microros_ws/firmware/mcu_ws/build/tracetools_trace/install.log --single-version-externally-managed
[1.792s] running egg_info
[1.810s] writing ../../../build/tracetools_trace/tracetools_trace.egg-info/PKG-INFO
[1.816s] writing dependency_links to ../../../build/tracetools_trace/tracetools_trace.egg-info/dependency_links.txt
[1.816s] writing entry points to ../../../build/tracetools_trace/tracetools_trace.egg-info/entry_points.txt
[1.816s] writing requirements to ../../../build/tracetools_trace/tracetools_trace.egg-info/requires.txt
[1.816s] writing top-level names to ../../../build/tracetools_trace/tracetools_trace.egg-info/top_level.txt
[1.844s] reading manifest file '../../../build/tracetools_trace/tracetools_trace.egg-info/SOURCES.txt'
[1.848s] writing manifest file '../../../build/tracetools_trace/tracetools_trace.egg-info/SOURCES.txt'
[1.849s] running build
[1.850s] running build_py
[1.860s] copying tracetools_trace/trace.py -> /home/ice/microros_ws/firmware/mcu_ws/build/tracetools_trace/build/lib/tracetools_trace
[1.864s] copying tracetools_trace/__init__.py -> /home/ice/microros_ws/firmware/mcu_ws/build/tracetools_trace/build/lib/tracetools_trace
[1.864s] copying tracetools_trace/tools/lttng_impl.py -> /home/ice/microros_ws/firmware/mcu_ws/build/tracetools_trace/build/lib/tracetools_trace/tools
[1.865s] copying tracetools_trace/tools/args.py -> /home/ice/microros_ws/firmware/mcu_ws/build/tracetools_trace/build/lib/tracetools_trace/tools
[1.869s] copying tracetools_trace/tools/tracepoints.py -> /home/ice/microros_ws/firmware/mcu_ws/build/tracetools_trace/build/lib/tracetools_trace/tools
[1.870s] copying tracetools_trace/tools/names.py -> /home/ice/microros_ws/firmware/mcu_ws/build/tracetools_trace/build/lib/tracetools_trace/tools
[1.882s] copying tracetools_trace/tools/lttng.py -> /home/ice/microros_ws/firmware/mcu_ws/build/tracetools_trace/build/lib/tracetools_trace/tools
[1.883s] copying tracetools_trace/tools/lttng_stub.py -> /home/ice/microros_ws/firmware/mcu_ws/build/tracetools_trace/build/lib/tracetools_trace/tools
[1.907s] copying tracetools_trace/tools/signals.py -> /home/ice/microros_ws/firmware/mcu_ws/build/tracetools_trace/build/lib/tracetools_trace/tools
[1.921s] copying tracetools_trace/tools/__init__.py -> /home/ice/microros_ws/firmware/mcu_ws/build/tracetools_trace/build/lib/tracetools_trace/tools
[1.921s] copying tracetools_trace/tools/path.py -> /home/ice/microros_ws/firmware/mcu_ws/build/tracetools_trace/build/lib/tracetools_trace/tools
[1.923s] running install
[1.924s] /home/ice/microros_ws/firmware/toolchain/espressif/python_env/idf4.1_py3.10_env/lib/python3.10/site-packages/setuptools/_distutils/cmd.py:66: SetuptoolsDeprecationWarning: setup.py install is deprecated.
[1.924s] !!
[1.924s] 
[1.925s]         ********************************************************************************
[1.925s]         Please avoid running ``setup.py`` directly.
[1.925s]         Instead, use pypa/build, pypa/installer or other
[1.925s]         standards-based tools.
[1.925s] 
[1.925s]         See https://blog.ganssle.io/articles/2021/10/setup-py-deprecated.html for details.
[1.925s]         ********************************************************************************
[1.925s] 
[1.926s] !!
[1.926s]   self.initialize_options()
[1.941s] running install_lib
[1.968s] running install_data
[1.982s] copying package.xml -> /home/ice/microros_ws/firmware/mcu_ws/install/share/tracetools_trace
[1.983s] copying resource/tracetools_trace -> /home/ice/microros_ws/firmware/mcu_ws/install/share/ament_index/resource_index/packages
[1.984s] running install_egg_info
[2.032s] removing '/home/ice/microros_ws/firmware/mcu_ws/install/lib/python3.10/site-packages/tracetools_trace-4.1.1-py3.10.egg-info' (and everything under it)
[2.056s] Copying ../../../build/tracetools_trace/tracetools_trace.egg-info to /home/ice/microros_ws/firmware/mcu_ws/install/lib/python3.10/site-packages/tracetools_trace-4.1.1-py3.10.egg-info
[2.073s] running install_scripts
[2.218s] Installing trace script to /home/ice/microros_ws/firmware/mcu_ws/install/bin
[2.223s] writing list of installed files to '/home/ice/microros_ws/firmware/mcu_ws/build/tracetools_trace/install.log'
[2.281s] Invoked command in '/home/ice/microros_ws/firmware/mcu_ws/uros/tracetools/tracetools_trace' returned '0': PYTHONPATH=/home/ice/microros_ws/firmware/mcu_ws/build/tracetools_trace/prefix_override:/home/ice/microros_ws/firmware/mcu_ws/install/lib/python3.10/site-packages:${PYTHONPATH} /home/ice/microros_ws/firmware/toolchain/espressif/python_env/idf4.1_py3.10_env/bin/python setup.py egg_info --egg-base ../../../build/tracetools_trace build --build-base /home/ice/microros_ws/firmware/mcu_ws/build/tracetools_trace/build install --record /home/ice/microros_ws/firmware/mcu_ws/build/tracetools_trace/install.log --single-version-externally-managed
