[2.272s] DEBUG:colcon:Command line arguments: ['/usr/bin/colcon', 'build', '--packages-select', 'polaris_controller']
[2.273s] DEBUG:colcon:Parsed command line arguments: Namespace(log_base=None, log_level=None, verb_name='build', build_base='build', install_base='install', merge_install=False, symlink_install=False, test_result_base=None, continue_on_error=False, executor='parallel', parallel_workers=2, event_handlers=None, ignore_user_meta=False, metas=['./colcon.meta'], base_paths=['.'], packages_ignore=None, packages_ignore_regex=None, paths=None, packages_up_to=None, packages_up_to_regex=None, packages_above=None, packages_above_and_dependencies=None, packages_above_depth=None, packages_select_by_dep=None, packages_skip_by_dep=None, packages_skip_up_to=None, packages_select_build_failed=False, packages_skip_build_finished=False, packages_select_test_failures=False, packages_skip_test_passed=False, packages_select=['polaris_controller'], packages_skip=None, packages_select_regex=None, packages_skip_regex=None, packages_start=None, packages_end=None, allow_overriding=[], cmake_args=None, cmake_target=None, cmake_target_skip_unavailable=False, cmake_clean_cache=False, cmake_clean_first=False, cmake_force_configure=False, ament_cmake_args=None, catkin_cmake_args=None, catkin_skip_building_tests=False, verb_parser=<colcon_defaults.argument_parser.defaults.DefaultArgumentsDecorator object at 0x7f5d5a6d3dc0>, verb_extension=<colcon_core.verb.build.BuildVerb object at 0x7f5d5a6d09d0>, main=<bound method BuildVerb.main of <colcon_core.verb.build.BuildVerb object at 0x7f5d5a6d09d0>>)
[2.411s] Level 1:colcon.colcon_core.package_discovery:discover_packages(colcon_meta) check parameters
[2.411s] Level 1:colcon.colcon_core.package_discovery:discover_packages(recursive) check parameters
[2.412s] Level 1:colcon.colcon_core.package_discovery:discover_packages(ignore) check parameters
[2.412s] Level 1:colcon.colcon_core.package_discovery:discover_packages(path) check parameters
[2.412s] Level 1:colcon.colcon_core.package_discovery:discover_packages(colcon_meta) discover
[2.412s] Level 1:colcon.colcon_core.package_discovery:discover_packages(recursive) discover
[2.412s] INFO:colcon.colcon_core.package_discovery:Crawling recursively for packages in '/home/ice/polaris-bot/ros2_ws'
[2.412s] Level 1:colcon.colcon_core.package_identification:_identify(.) by extensions ['ignore', 'ignore_ament_install']
[2.413s] Level 1:colcon.colcon_core.package_identification:_identify(.) by extension 'ignore'
[2.413s] Level 1:colcon.colcon_core.package_identification:_identify(.) by extension 'ignore_ament_install'
[2.413s] Level 1:colcon.colcon_core.package_identification:_identify(.) by extensions ['colcon_pkg']
[2.413s] Level 1:colcon.colcon_core.package_identification:_identify(.) by extension 'colcon_pkg'
[2.413s] Level 1:colcon.colcon_core.package_identification:_identify(.) by extensions ['colcon_meta']
[2.413s] Level 1:colcon.colcon_core.package_identification:_identify(.) by extension 'colcon_meta'
[2.413s] Level 1:colcon.colcon_core.package_identification:_identify(.) by extensions ['ros']
[2.413s] Level 1:colcon.colcon_core.package_identification:_identify(.) by extension 'ros'
[2.438s] Level 1:colcon.colcon_core.package_identification:_identify(.) by extensions ['cmake', 'python']
[2.438s] Level 1:colcon.colcon_core.package_identification:_identify(.) by extension 'cmake'
[2.438s] Level 1:colcon.colcon_core.package_identification:_identify(.) by extension 'python'
[2.438s] Level 1:colcon.colcon_core.package_identification:_identify(.) by extensions ['python_setup_py']
[2.438s] Level 1:colcon.colcon_core.package_identification:_identify(.) by extension 'python_setup_py'
[2.439s] Level 1:colcon.colcon_core.package_identification:_identify(apps) by extensions ['ignore', 'ignore_ament_install']
[2.439s] Level 1:colcon.colcon_core.package_identification:_identify(apps) by extension 'ignore'
[2.439s] Level 1:colcon.colcon_core.package_identification:_identify(apps) by extension 'ignore_ament_install'
[2.439s] Level 1:colcon.colcon_core.package_identification:_identify(apps) by extensions ['colcon_pkg']
[2.439s] Level 1:colcon.colcon_core.package_identification:_identify(apps) by extension 'colcon_pkg'
[2.439s] Level 1:colcon.colcon_core.package_identification:_identify(apps) by extensions ['colcon_meta']
[2.439s] Level 1:colcon.colcon_core.package_identification:_identify(apps) by extension 'colcon_meta'
[2.439s] Level 1:colcon.colcon_core.package_identification:_identify(apps) by extensions ['ros']
[2.439s] Level 1:colcon.colcon_core.package_identification:_identify(apps) by extension 'ros'
[2.440s] Level 1:colcon.colcon_core.package_identification:_identify(apps) by extensions ['cmake', 'python']
[2.440s] Level 1:colcon.colcon_core.package_identification:_identify(apps) by extension 'cmake'
[2.440s] Level 1:colcon.colcon_core.package_identification:_identify(apps) by extension 'python'
[2.440s] Level 1:colcon.colcon_core.package_identification:_identify(apps) by extensions ['python_setup_py']
[2.440s] Level 1:colcon.colcon_core.package_identification:_identify(apps) by extension 'python_setup_py'
[2.440s] Level 1:colcon.colcon_core.package_identification:_identify(apps/polaris_controller_interface) by extensions ['ignore', 'ignore_ament_install']
[2.440s] Level 1:colcon.colcon_core.package_identification:_identify(apps/polaris_controller_interface) by extension 'ignore'
[2.440s] Level 1:colcon.colcon_core.package_identification:_identify(apps/polaris_controller_interface) by extension 'ignore_ament_install'
[2.441s] Level 1:colcon.colcon_core.package_identification:_identify(apps/polaris_controller_interface) by extensions ['colcon_pkg']
[2.441s] Level 1:colcon.colcon_core.package_identification:_identify(apps/polaris_controller_interface) by extension 'colcon_pkg'
[2.441s] Level 1:colcon.colcon_core.package_identification:_identify(apps/polaris_controller_interface) by extensions ['colcon_meta']
[2.441s] Level 1:colcon.colcon_core.package_identification:_identify(apps/polaris_controller_interface) by extension 'colcon_meta'
[2.441s] Level 1:colcon.colcon_core.package_identification:_identify(apps/polaris_controller_interface) by extensions ['ros']
[2.441s] Level 1:colcon.colcon_core.package_identification:_identify(apps/polaris_controller_interface) by extension 'ros'
[2.441s] Level 1:colcon.colcon_core.package_identification:_identify(apps/polaris_controller_interface) by extensions ['cmake', 'python']
[2.441s] Level 1:colcon.colcon_core.package_identification:_identify(apps/polaris_controller_interface) by extension 'cmake'
[2.442s] Level 1:colcon.colcon_core.package_identification:_identify(apps/polaris_controller_interface) by extension 'python'
[2.442s] Level 1:colcon.colcon_core.package_identification:_identify(apps/polaris_controller_interface) by extensions ['python_setup_py']
[2.442s] Level 1:colcon.colcon_core.package_identification:_identify(apps/polaris_controller_interface) by extension 'python_setup_py'
[2.442s] Level 1:colcon.colcon_core.package_identification:_identify(apps/polaris_controller_interface/libs) by extensions ['ignore', 'ignore_ament_install']
[2.442s] Level 1:colcon.colcon_core.package_identification:_identify(apps/polaris_controller_interface/libs) by extension 'ignore'
[2.442s] Level 1:colcon.colcon_core.package_identification:_identify(apps/polaris_controller_interface/libs) by extension 'ignore_ament_install'
[2.442s] Level 1:colcon.colcon_core.package_identification:_identify(apps/polaris_controller_interface/libs) by extensions ['colcon_pkg']
[2.442s] Level 1:colcon.colcon_core.package_identification:_identify(apps/polaris_controller_interface/libs) by extension 'colcon_pkg'
[2.442s] Level 1:colcon.colcon_core.package_identification:_identify(apps/polaris_controller_interface/libs) by extensions ['colcon_meta']
[2.442s] Level 1:colcon.colcon_core.package_identification:_identify(apps/polaris_controller_interface/libs) by extension 'colcon_meta'
[2.442s] Level 1:colcon.colcon_core.package_identification:_identify(apps/polaris_controller_interface/libs) by extensions ['ros']
[2.442s] Level 1:colcon.colcon_core.package_identification:_identify(apps/polaris_controller_interface/libs) by extension 'ros'
[2.443s] Level 1:colcon.colcon_core.package_identification:_identify(apps/polaris_controller_interface/libs) by extensions ['cmake', 'python']
[2.443s] Level 1:colcon.colcon_core.package_identification:_identify(apps/polaris_controller_interface/libs) by extension 'cmake'
[2.443s] Level 1:colcon.colcon_core.package_identification:_identify(apps/polaris_controller_interface/libs) by extension 'python'
[2.443s] Level 1:colcon.colcon_core.package_identification:_identify(apps/polaris_controller_interface/libs) by extensions ['python_setup_py']
[2.443s] Level 1:colcon.colcon_core.package_identification:_identify(apps/polaris_controller_interface/libs) by extension 'python_setup_py'
[2.443s] Level 1:colcon.colcon_core.package_identification:_identify(build) by extensions ['ignore', 'ignore_ament_install']
[2.443s] Level 1:colcon.colcon_core.package_identification:_identify(build) by extension 'ignore'
[2.444s] Level 1:colcon.colcon_core.package_identification:_identify(build) ignored
[2.444s] Level 1:colcon.colcon_core.package_identification:_identify(install) by extensions ['ignore', 'ignore_ament_install']
[2.444s] Level 1:colcon.colcon_core.package_identification:_identify(install) by extension 'ignore'
[2.444s] Level 1:colcon.colcon_core.package_identification:_identify(install) ignored
[2.444s] Level 1:colcon.colcon_core.package_identification:_identify(log) by extensions ['ignore', 'ignore_ament_install']
[2.444s] Level 1:colcon.colcon_core.package_identification:_identify(log) by extension 'ignore'
[2.444s] Level 1:colcon.colcon_core.package_identification:_identify(log) ignored
[2.444s] Level 1:colcon.colcon_core.package_identification:_identify(src) by extensions ['ignore', 'ignore_ament_install']
[2.445s] Level 1:colcon.colcon_core.package_identification:_identify(src) by extension 'ignore'
[2.445s] Level 1:colcon.colcon_core.package_identification:_identify(src) by extension 'ignore_ament_install'
[2.445s] Level 1:colcon.colcon_core.package_identification:_identify(src) by extensions ['colcon_pkg']
[2.445s] Level 1:colcon.colcon_core.package_identification:_identify(src) by extension 'colcon_pkg'
[2.445s] Level 1:colcon.colcon_core.package_identification:_identify(src) by extensions ['colcon_meta']
[2.445s] Level 1:colcon.colcon_core.package_identification:_identify(src) by extension 'colcon_meta'
[2.445s] Level 1:colcon.colcon_core.package_identification:_identify(src) by extensions ['ros']
[2.445s] Level 1:colcon.colcon_core.package_identification:_identify(src) by extension 'ros'
[2.445s] Level 1:colcon.colcon_core.package_identification:_identify(src) by extensions ['cmake', 'python']
[2.445s] Level 1:colcon.colcon_core.package_identification:_identify(src) by extension 'cmake'
[2.445s] Level 1:colcon.colcon_core.package_identification:_identify(src) by extension 'python'
[2.445s] Level 1:colcon.colcon_core.package_identification:_identify(src) by extensions ['python_setup_py']
[2.445s] Level 1:colcon.colcon_core.package_identification:_identify(src) by extension 'python_setup_py'
[2.445s] Level 1:colcon.colcon_core.package_identification:_identify(src/firmware) by extensions ['ignore', 'ignore_ament_install']
[2.446s] Level 1:colcon.colcon_core.package_identification:_identify(src/firmware) by extension 'ignore'
[2.446s] Level 1:colcon.colcon_core.package_identification:_identify(src/firmware) ignored
[2.446s] Level 1:colcon.colcon_core.package_identification:_identify(src/messages) by extensions ['ignore', 'ignore_ament_install']
[2.446s] Level 1:colcon.colcon_core.package_identification:_identify(src/messages) by extension 'ignore'
[2.446s] Level 1:colcon.colcon_core.package_identification:_identify(src/messages) by extension 'ignore_ament_install'
[2.446s] Level 1:colcon.colcon_core.package_identification:_identify(src/messages) by extensions ['colcon_pkg']
[2.446s] Level 1:colcon.colcon_core.package_identification:_identify(src/messages) by extension 'colcon_pkg'
[2.446s] Level 1:colcon.colcon_core.package_identification:_identify(src/messages) by extensions ['colcon_meta']
[2.447s] Level 1:colcon.colcon_core.package_identification:_identify(src/messages) by extension 'colcon_meta'
[2.447s] Level 1:colcon.colcon_core.package_identification:_identify(src/messages) by extensions ['ros']
[2.447s] Level 1:colcon.colcon_core.package_identification:_identify(src/messages) by extension 'ros'
[2.453s] DEBUG:colcon.colcon_core.package_identification:Package 'src/messages' with type 'ros.ament_cmake' and name 'messages'
[2.453s] Level 1:colcon.colcon_core.package_identification:_identify(src/my_diff_drive_bot) by extensions ['ignore', 'ignore_ament_install']
[2.453s] Level 1:colcon.colcon_core.package_identification:_identify(src/my_diff_drive_bot) by extension 'ignore'
[2.453s] Level 1:colcon.colcon_core.package_identification:_identify(src/my_diff_drive_bot) by extension 'ignore_ament_install'
[2.453s] Level 1:colcon.colcon_core.package_identification:_identify(src/my_diff_drive_bot) by extensions ['colcon_pkg']
[2.453s] Level 1:colcon.colcon_core.package_identification:_identify(src/my_diff_drive_bot) by extension 'colcon_pkg'
[2.453s] Level 1:colcon.colcon_core.package_identification:_identify(src/my_diff_drive_bot) by extensions ['colcon_meta']
[2.453s] Level 1:colcon.colcon_core.package_identification:_identify(src/my_diff_drive_bot) by extension 'colcon_meta'
[2.454s] Level 1:colcon.colcon_core.package_identification:_identify(src/my_diff_drive_bot) by extensions ['ros']
[2.454s] Level 1:colcon.colcon_core.package_identification:_identify(src/my_diff_drive_bot) by extension 'ros'
[2.454s] DEBUG:colcon.colcon_core.package_identification:Package 'src/my_diff_drive_bot' with type 'ros.ament_cmake' and name 'my_diff_drive_bot'
[2.454s] Level 1:colcon.colcon_core.package_identification:_identify(src/polaris_controller) by extensions ['ignore', 'ignore_ament_install']
[2.455s] Level 1:colcon.colcon_core.package_identification:_identify(src/polaris_controller) by extension 'ignore'
[2.455s] Level 1:colcon.colcon_core.package_identification:_identify(src/polaris_controller) by extension 'ignore_ament_install'
[2.455s] Level 1:colcon.colcon_core.package_identification:_identify(src/polaris_controller) by extensions ['colcon_pkg']
[2.455s] Level 1:colcon.colcon_core.package_identification:_identify(src/polaris_controller) by extension 'colcon_pkg'
[2.455s] Level 1:colcon.colcon_core.package_identification:_identify(src/polaris_controller) by extensions ['colcon_meta']
[2.455s] Level 1:colcon.colcon_core.package_identification:_identify(src/polaris_controller) by extension 'colcon_meta'
[2.455s] Level 1:colcon.colcon_core.package_identification:_identify(src/polaris_controller) by extensions ['ros']
[2.455s] Level 1:colcon.colcon_core.package_identification:_identify(src/polaris_controller) by extension 'ros'
[2.457s] DEBUG:colcon.colcon_core.package_identification:Package 'src/polaris_controller' with type 'ros.ament_cmake' and name 'polaris_controller'
[2.457s] Level 1:colcon.colcon_core.package_identification:_identify(src/ros2_control_demo_description) by extensions ['ignore', 'ignore_ament_install']
[2.457s] Level 1:colcon.colcon_core.package_identification:_identify(src/ros2_control_demo_description) by extension 'ignore'
[2.458s] Level 1:colcon.colcon_core.package_identification:_identify(src/ros2_control_demo_description) by extension 'ignore_ament_install'
[2.458s] Level 1:colcon.colcon_core.package_identification:_identify(src/ros2_control_demo_description) by extensions ['colcon_pkg']
[2.458s] Level 1:colcon.colcon_core.package_identification:_identify(src/ros2_control_demo_description) by extension 'colcon_pkg'
[2.458s] Level 1:colcon.colcon_core.package_identification:_identify(src/ros2_control_demo_description) by extensions ['colcon_meta']
[2.458s] Level 1:colcon.colcon_core.package_identification:_identify(src/ros2_control_demo_description) by extension 'colcon_meta'
[2.458s] Level 1:colcon.colcon_core.package_identification:_identify(src/ros2_control_demo_description) by extensions ['ros']
[2.458s] Level 1:colcon.colcon_core.package_identification:_identify(src/ros2_control_demo_description) by extension 'ros'
[2.459s] DEBUG:colcon.colcon_core.package_identification:Package 'src/ros2_control_demo_description' with type 'ros.ament_cmake' and name 'ros2_control_demo_description'
[2.459s] Level 1:colcon.colcon_core.package_identification:_identify(src/services) by extensions ['ignore', 'ignore_ament_install']
[2.459s] Level 1:colcon.colcon_core.package_identification:_identify(src/services) by extension 'ignore'
[2.459s] Level 1:colcon.colcon_core.package_identification:_identify(src/services) by extension 'ignore_ament_install'
[2.459s] Level 1:colcon.colcon_core.package_identification:_identify(src/services) by extensions ['colcon_pkg']
[2.459s] Level 1:colcon.colcon_core.package_identification:_identify(src/services) by extension 'colcon_pkg'
[2.459s] Level 1:colcon.colcon_core.package_identification:_identify(src/services) by extensions ['colcon_meta']
[2.459s] Level 1:colcon.colcon_core.package_identification:_identify(src/services) by extension 'colcon_meta'
[2.459s] Level 1:colcon.colcon_core.package_identification:_identify(src/services) by extensions ['ros']
[2.459s] Level 1:colcon.colcon_core.package_identification:_identify(src/services) by extension 'ros'
[2.460s] DEBUG:colcon.colcon_core.package_identification:Package 'src/services' with type 'ros.ament_cmake' and name 'services'
[2.461s] Level 1:colcon.colcon_core.package_discovery:discover_packages(recursive) using defaults
[2.461s] Level 1:colcon.colcon_core.package_discovery:discover_packages(ignore) discover
[2.461s] Level 1:colcon.colcon_core.package_discovery:discover_packages(ignore) using defaults
[2.461s] Level 1:colcon.colcon_core.package_discovery:discover_packages(path) discover
[2.461s] Level 1:colcon.colcon_core.package_discovery:discover_packages(path) using defaults
[2.623s] INFO:colcon.colcon_core.package_selection:Skipping not selected package 'messages' in 'src/messages'
[2.624s] INFO:colcon.colcon_core.package_selection:Skipping not selected package 'my_diff_drive_bot' in 'src/my_diff_drive_bot'
[2.624s] INFO:colcon.colcon_core.package_selection:Skipping not selected package 'ros2_control_demo_description' in 'src/ros2_control_demo_description'
[2.624s] INFO:colcon.colcon_core.package_selection:Skipping not selected package 'services' in 'src/services'
[2.687s] Level 1:colcon.colcon_core.package_discovery:discover_packages(prefix_path) check parameters
[2.687s] Level 1:colcon.colcon_core.package_discovery:discover_packages(prefix_path) discover
[2.739s] DEBUG:colcon.colcon_installed_package_information.package_discovery:Found 5 installed packages in /home/ice/polaris-bot/ros2_ws/install
[2.780s] DEBUG:colcon.colcon_installed_package_information.package_discovery:Found 394 installed packages in /opt/ros/humble
[2.782s] Level 1:colcon.colcon_core.package_discovery:discover_packages(prefix_path) using defaults
[3.014s] Level 5:colcon.colcon_core.verb:set package 'polaris_controller' build argument 'cmake_args' from command line to 'None'
[3.015s] Level 5:colcon.colcon_core.verb:set package 'polaris_controller' build argument 'cmake_target' from command line to 'None'
[3.015s] Level 5:colcon.colcon_core.verb:set package 'polaris_controller' build argument 'cmake_target_skip_unavailable' from command line to 'False'
[3.015s] Level 5:colcon.colcon_core.verb:set package 'polaris_controller' build argument 'cmake_clean_cache' from command line to 'False'
[3.015s] Level 5:colcon.colcon_core.verb:set package 'polaris_controller' build argument 'cmake_clean_first' from command line to 'False'
[3.015s] Level 5:colcon.colcon_core.verb:set package 'polaris_controller' build argument 'cmake_force_configure' from command line to 'False'
[3.016s] Level 5:colcon.colcon_core.verb:set package 'polaris_controller' build argument 'ament_cmake_args' from command line to 'None'
[3.016s] Level 5:colcon.colcon_core.verb:set package 'polaris_controller' build argument 'catkin_cmake_args' from command line to 'None'
[3.016s] Level 5:colcon.colcon_core.verb:set package 'polaris_controller' build argument 'catkin_skip_building_tests' from command line to 'False'
[3.016s] DEBUG:colcon.colcon_core.verb:Building package 'polaris_controller' with the following arguments: {'ament_cmake_args': None, 'build_base': '/home/ice/polaris-bot/ros2_ws/build/polaris_controller', 'catkin_cmake_args': None, 'catkin_skip_building_tests': False, 'cmake_args': None, 'cmake_clean_cache': False, 'cmake_clean_first': False, 'cmake_force_configure': False, 'cmake_target': None, 'cmake_target_skip_unavailable': False, 'install_base': '/home/ice/polaris-bot/ros2_ws/install/polaris_controller', 'merge_install': False, 'path': '/home/ice/polaris-bot/ros2_ws/src/polaris_controller', 'symlink_install': False, 'test_result_base': None}
[3.060s] INFO:colcon.colcon_core.executor:Executing jobs using 'parallel' executor
[3.096s] DEBUG:colcon.colcon_parallel_executor.executor.parallel:run_until_complete
[3.096s] INFO:colcon.colcon_ros.task.ament_cmake.build:Building ROS package in '/home/ice/polaris-bot/ros2_ws/src/polaris_controller' with build type 'ament_cmake'
[3.096s] INFO:colcon.colcon_cmake.task.cmake.build:Building CMake package in '/home/ice/polaris-bot/ros2_ws/src/polaris_controller'
[3.141s] INFO:colcon.colcon_core.plugin_system:Skipping extension 'colcon_core.shell.bat': Not used on non-Windows systems
[3.141s] INFO:colcon.colcon_core.shell:Skip shell extension 'powershell' for command environment: Not usable outside of PowerShell
[3.142s] DEBUG:colcon.colcon_core.shell:Skip shell extension 'dsv' for command environment
[3.297s] DEBUG:colcon.colcon_core.event_handler.log_command:Invoking command in '/home/ice/polaris-bot/ros2_ws/build/polaris_controller': CMAKE_PREFIX_PATH=/home/ice/polaris-bot/ros2_ws/install/ros2_control_demo_description:/home/ice/polaris-bot/ros2_ws/install/messages:/home/ice/polaris-bot/ros2_ws/install/services:/home/ice/polaris-bot/ros2_ws/install/polaris_controller:/home/ice/polaris-bot/ros2_ws/install/my_diff_drive_bot:/opt/ros/humble LD_LIBRARY_PATH=/home/ice/polaris-bot/ros2_ws/install/messages/lib:/home/ice/polaris-bot/ros2_ws/install/services/lib:/home/ice/polaris-bot/ros2_ws/install/polaris_controller/lib:/usr/lib/x86_64-linux-gnu/gazebo-11/plugins:/opt/ros/humble/opt/rviz_ogre_vendor/lib:/opt/ros/humble/lib/x86_64-linux-gnu:/opt/ros/humble/lib /usr/bin/cmake --build /home/ice/polaris-bot/ros2_ws/build/polaris_controller -- -j2 -l2
[15.738s] DEBUG:colcon.colcon_core.event_handler.log_command:Invoked command in '/home/ice/polaris-bot/ros2_ws/build/polaris_controller' returned '2': CMAKE_PREFIX_PATH=/home/ice/polaris-bot/ros2_ws/install/ros2_control_demo_description:/home/ice/polaris-bot/ros2_ws/install/messages:/home/ice/polaris-bot/ros2_ws/install/services:/home/ice/polaris-bot/ros2_ws/install/polaris_controller:/home/ice/polaris-bot/ros2_ws/install/my_diff_drive_bot:/opt/ros/humble LD_LIBRARY_PATH=/home/ice/polaris-bot/ros2_ws/install/messages/lib:/home/ice/polaris-bot/ros2_ws/install/services/lib:/home/ice/polaris-bot/ros2_ws/install/polaris_controller/lib:/usr/lib/x86_64-linux-gnu/gazebo-11/plugins:/opt/ros/humble/opt/rviz_ogre_vendor/lib:/opt/ros/humble/lib/x86_64-linux-gnu:/opt/ros/humble/lib /usr/bin/cmake --build /home/ice/polaris-bot/ros2_ws/build/polaris_controller -- -j2 -l2
[15.905s] Level 1:colcon.colcon_core.environment:create_environment_scripts_only(polaris_controller)
[15.958s] Level 1:colcon.colcon_core.environment:checking '/home/ice/polaris-bot/ros2_ws/install/polaris_controller' for CMake module files
[15.958s] Level 1:colcon.colcon_core.environment:checking '/home/ice/polaris-bot/ros2_ws/install/polaris_controller' for CMake config files
[15.959s] Level 1:colcon.colcon_core.shell:create_environment_hook('polaris_controller', 'cmake_prefix_path')
[15.992s] INFO:colcon.colcon_core.shell:Creating environment hook '/home/ice/polaris-bot/ros2_ws/install/polaris_controller/share/polaris_controller/hook/cmake_prefix_path.ps1'
[15.994s] INFO:colcon.colcon_core.shell:Creating environment descriptor '/home/ice/polaris-bot/ros2_ws/install/polaris_controller/share/polaris_controller/hook/cmake_prefix_path.dsv'
[15.996s] INFO:colcon.colcon_core.shell:Creating environment hook '/home/ice/polaris-bot/ros2_ws/install/polaris_controller/share/polaris_controller/hook/cmake_prefix_path.sh'
[15.999s] Level 1:colcon.colcon_core.environment:checking '/home/ice/polaris-bot/ros2_ws/install/polaris_controller/lib'
[15.999s] Level 1:colcon.colcon_core.shell:create_environment_hook('polaris_controller', 'ld_library_path_lib')
[16.030s] INFO:colcon.colcon_core.shell:Creating environment hook '/home/ice/polaris-bot/ros2_ws/install/polaris_controller/share/polaris_controller/hook/ld_library_path_lib.ps1'
[16.032s] INFO:colcon.colcon_core.shell:Creating environment descriptor '/home/ice/polaris-bot/ros2_ws/install/polaris_controller/share/polaris_controller/hook/ld_library_path_lib.dsv'
[16.034s] INFO:colcon.colcon_core.shell:Creating environment hook '/home/ice/polaris-bot/ros2_ws/install/polaris_controller/share/polaris_controller/hook/ld_library_path_lib.sh'
[16.036s] Level 1:colcon.colcon_core.environment:checking '/home/ice/polaris-bot/ros2_ws/install/polaris_controller/bin'
[16.036s] Level 1:colcon.colcon_core.environment:checking '/home/ice/polaris-bot/ros2_ws/install/polaris_controller/lib/pkgconfig/polaris_controller.pc'
[16.036s] Level 1:colcon.colcon_core.environment:checking '/home/ice/polaris-bot/ros2_ws/install/polaris_controller/lib/python3.10/site-packages'
[16.037s] Level 1:colcon.colcon_core.environment:checking '/home/ice/polaris-bot/ros2_ws/install/polaris_controller/bin'
[16.061s] INFO:colcon.colcon_core.shell:Creating package script '/home/ice/polaris-bot/ros2_ws/install/polaris_controller/share/polaris_controller/package.ps1'
[16.064s] INFO:colcon.colcon_core.shell:Creating package descriptor '/home/ice/polaris-bot/ros2_ws/install/polaris_controller/share/polaris_controller/package.dsv'
[16.065s] INFO:colcon.colcon_core.shell:Creating package script '/home/ice/polaris-bot/ros2_ws/install/polaris_controller/share/polaris_controller/package.sh'
[16.067s] INFO:colcon.colcon_core.shell:Creating package script '/home/ice/polaris-bot/ros2_ws/install/polaris_controller/share/polaris_controller/package.bash'
[16.069s] INFO:colcon.colcon_core.shell:Creating package script '/home/ice/polaris-bot/ros2_ws/install/polaris_controller/share/polaris_controller/package.zsh'
[16.071s] Level 1:colcon.colcon_core.environment:create_file_with_runtime_dependencies(/home/ice/polaris-bot/ros2_ws/install/polaris_controller/share/colcon-core/packages/polaris_controller)
[16.074s] DEBUG:colcon.colcon_parallel_executor.executor.parallel:closing loop
[16.075s] DEBUG:colcon.colcon_parallel_executor.executor.parallel:loop closed
[16.075s] DEBUG:colcon.colcon_parallel_executor.executor.parallel:run_until_complete finished with '2'
[16.076s] DEBUG:colcon.colcon_core.event_reactor:joining thread
[16.124s] INFO:colcon.colcon_core.plugin_system:Skipping extension 'colcon_notification.desktop_notification.terminal_notifier': Not used on non-Darwin systems
[16.125s] INFO:colcon.colcon_core.plugin_system:Skipping extension 'colcon_notification.desktop_notification.win32': Not used on non-Windows systems
[16.125s] INFO:colcon.colcon_notification.desktop_notification:Sending desktop notification using 'notify2'
[16.173s] DEBUG:colcon.colcon_core.event_reactor:joined thread
[16.215s] INFO:colcon.colcon_core.shell:Creating prefix script '/home/ice/polaris-bot/ros2_ws/install/local_setup.ps1'
[16.219s] INFO:colcon.colcon_core.shell:Creating prefix util module '/home/ice/polaris-bot/ros2_ws/install/_local_setup_util_ps1.py'
[16.223s] INFO:colcon.colcon_core.shell:Creating prefix chain script '/home/ice/polaris-bot/ros2_ws/install/setup.ps1'
[16.266s] INFO:colcon.colcon_core.shell:Creating prefix script '/home/ice/polaris-bot/ros2_ws/install/local_setup.sh'
[16.270s] INFO:colcon.colcon_core.shell:Creating prefix util module '/home/ice/polaris-bot/ros2_ws/install/_local_setup_util_sh.py'
[16.272s] INFO:colcon.colcon_core.shell:Creating prefix chain script '/home/ice/polaris-bot/ros2_ws/install/setup.sh'
[16.316s] INFO:colcon.colcon_core.shell:Creating prefix script '/home/ice/polaris-bot/ros2_ws/install/local_setup.bash'
[16.318s] INFO:colcon.colcon_core.shell:Creating prefix chain script '/home/ice/polaris-bot/ros2_ws/install/setup.bash'
[16.360s] INFO:colcon.colcon_core.shell:Creating prefix script '/home/ice/polaris-bot/ros2_ws/install/local_setup.zsh'
[16.362s] INFO:colcon.colcon_core.shell:Creating prefix chain script '/home/ice/polaris-bot/ros2_ws/install/setup.zsh'
