[1.604s] Invoking command in '/home/ice/microros_ws/firmware/mcu_ws/uros/tracetools/tracetools_trace': PYTHONPATH=/home/ice/microros_ws/firmware/mcu_ws/build/tracetools_trace/prefix_override:/home/ice/microros_ws/firmware/mcu_ws/install/lib/python3.10/site-packages:${PYTHONPATH} /home/ice/microros_ws/firmware/toolchain/espressif/python_env/idf4.1_py3.10_env/bin/python setup.py egg_info --egg-base ../../../build/tracetools_trace build --build-base /home/ice/microros_ws/firmware/mcu_ws/build/tracetools_trace/build install --record /home/ice/microros_ws/firmware/mcu_ws/build/tracetools_trace/install.log --single-version-externally-managed
[2.070s] running egg_info
[2.096s] writing ../../../build/tracetools_trace/tracetools_trace.egg-info/PKG-INFO
[2.101s] writing dependency_links to ../../../build/tracetools_trace/tracetools_trace.egg-info/dependency_links.txt
[2.102s] writing entry points to ../../../build/tracetools_trace/tracetools_trace.egg-info/entry_points.txt
[2.102s] writing requirements to ../../../build/tracetools_trace/tracetools_trace.egg-info/requires.txt
[2.102s] writing top-level names to ../../../build/tracetools_trace/tracetools_trace.egg-info/top_level.txt
[2.127s] reading manifest file '../../../build/tracetools_trace/tracetools_trace.egg-info/SOURCES.txt'
[2.130s] writing manifest file '../../../build/tracetools_trace/tracetools_trace.egg-info/SOURCES.txt'
[2.149s] running build
[2.149s] running build_py
[2.150s] copying tracetools_trace/trace.py -> /home/ice/microros_ws/firmware/mcu_ws/build/tracetools_trace/build/lib/tracetools_trace
[2.152s] copying tracetools_trace/__init__.py -> /home/ice/microros_ws/firmware/mcu_ws/build/tracetools_trace/build/lib/tracetools_trace
[2.153s] copying tracetools_trace/tools/lttng_impl.py -> /home/ice/microros_ws/firmware/mcu_ws/build/tracetools_trace/build/lib/tracetools_trace/tools
[2.153s] copying tracetools_trace/tools/args.py -> /home/ice/microros_ws/firmware/mcu_ws/build/tracetools_trace/build/lib/tracetools_trace/tools
[2.154s] copying tracetools_trace/tools/tracepoints.py -> /home/ice/microros_ws/firmware/mcu_ws/build/tracetools_trace/build/lib/tracetools_trace/tools
[2.154s] copying tracetools_trace/tools/names.py -> /home/ice/microros_ws/firmware/mcu_ws/build/tracetools_trace/build/lib/tracetools_trace/tools
[2.155s] copying tracetools_trace/tools/lttng.py -> /home/ice/microros_ws/firmware/mcu_ws/build/tracetools_trace/build/lib/tracetools_trace/tools
[2.156s] copying tracetools_trace/tools/lttng_stub.py -> /home/ice/microros_ws/firmware/mcu_ws/build/tracetools_trace/build/lib/tracetools_trace/tools
[2.157s] copying tracetools_trace/tools/signals.py -> /home/ice/microros_ws/firmware/mcu_ws/build/tracetools_trace/build/lib/tracetools_trace/tools
[2.157s] copying tracetools_trace/tools/__init__.py -> /home/ice/microros_ws/firmware/mcu_ws/build/tracetools_trace/build/lib/tracetools_trace/tools
[2.157s] copying tracetools_trace/tools/path.py -> /home/ice/microros_ws/firmware/mcu_ws/build/tracetools_trace/build/lib/tracetools_trace/tools
[2.158s] running install
[2.158s] /home/ice/microros_ws/firmware/toolchain/espressif/python_env/idf4.1_py3.10_env/lib/python3.10/site-packages/setuptools/_distutils/cmd.py:66: SetuptoolsDeprecationWarning: setup.py install is deprecated.
[2.159s] !!
[2.159s] 
[2.159s]         ********************************************************************************
[2.159s]         Please avoid running ``setup.py`` directly.
[2.159s]         Instead, use pypa/build, pypa/installer or other
[2.159s]         standards-based tools.
[2.159s] 
[2.159s]         See https://blog.ganssle.io/articles/2021/10/setup-py-deprecated.html for details.
[2.159s]         ********************************************************************************
[2.159s] 
[2.159s] !!
[2.159s]   self.initialize_options()
[2.170s] running install_lib
[2.185s] running install_data
[2.215s] copying package.xml -> /home/ice/microros_ws/firmware/mcu_ws/install/share/tracetools_trace
[2.215s] copying resource/tracetools_trace -> /home/ice/microros_ws/firmware/mcu_ws/install/share/ament_index/resource_index/packages
[2.215s] running install_egg_info
[2.231s] removing '/home/ice/microros_ws/firmware/mcu_ws/install/lib/python3.10/site-packages/tracetools_trace-4.1.1-py3.10.egg-info' (and everything under it)
[2.232s] Copying ../../../build/tracetools_trace/tracetools_trace.egg-info to /home/ice/microros_ws/firmware/mcu_ws/install/lib/python3.10/site-packages/tracetools_trace-4.1.1-py3.10.egg-info
[2.234s] running install_scripts
[2.396s] Installing trace script to /home/ice/microros_ws/firmware/mcu_ws/install/bin
[2.397s] writing list of installed files to '/home/ice/microros_ws/firmware/mcu_ws/build/tracetools_trace/install.log'
[2.640s] Invoked command in '/home/ice/microros_ws/firmware/mcu_ws/uros/tracetools/tracetools_trace' returned '0': PYTHONPATH=/home/ice/microros_ws/firmware/mcu_ws/build/tracetools_trace/prefix_override:/home/ice/microros_ws/firmware/mcu_ws/install/lib/python3.10/site-packages:${PYTHONPATH} /home/ice/microros_ws/firmware/toolchain/espressif/python_env/idf4.1_py3.10_env/bin/python setup.py egg_info --egg-base ../../../build/tracetools_trace build --build-base /home/ice/microros_ws/firmware/mcu_ws/build/tracetools_trace/build install --record /home/ice/microros_ws/firmware/mcu_ws/build/tracetools_trace/install.log --single-version-externally-managed
