gmake[4]: Entering directory '/home/ice/microros_ws/firmware/mcu_ws/build/rcl_action'
/usr/bin/cmake -S/home/ice/microros_ws/firmware/mcu_ws/uros/rcl/rcl_action -B/home/ice/microros_ws/firmware/mcu_ws/build/rcl_action --check-build-system CMakeFiles/Makefile.cmake 0
Re-run cmake file: Makefile older than: /home/ice/microros_ws/firmware/freertos_apps/microros_esp32_extensions/esp32_toolchain.cmake
-- Found ament_cmake_ros: 0.10.0 (/home/ice/microros_ws/firmware/dev_ws/install/ament_cmake_ros/share/ament_cmake_ros/cmake)
-- Found action_msgs: 1.2.1 (/home/ice/microros_ws/firmware/mcu_ws/install/share/action_msgs/cmake)
[33mCMake Warning at /home/ice/microros_ws/firmware/mcu_ws/install/share/rcutils/cmake/ament_cmake_export_libraries-extras.cmake:116 (message):
  Package 'rcutils' exports library 'dl' which couldn't be found
Call Stack (most recent call first):
  /home/ice/microros_ws/firmware/mcu_ws/install/share/rcutils/cmake/rcutilsConfig.cmake:41 (include)
  /home/ice/microros_ws/firmware/mcu_ws/install/share/rosidl_runtime_c/cmake/ament_cmake_export_dependencies-extras.cmake:21 (find_package)
  /home/ice/microros_ws/firmware/mcu_ws/install/share/rosidl_runtime_c/cmake/rosidl_runtime_cConfig.cmake:41 (include)
  /home/ice/microros_ws/firmware/mcu_ws/install/share/builtin_interfaces/cmake/ament_cmake_export_dependencies-extras.cmake:21 (find_package)
  /home/ice/microros_ws/firmware/mcu_ws/install/share/builtin_interfaces/cmake/builtin_interfacesConfig.cmake:41 (include)
  /home/ice/microros_ws/firmware/mcu_ws/install/share/action_msgs/cmake/ament_cmake_export_dependencies-extras.cmake:21 (find_package)
  /home/ice/microros_ws/firmware/mcu_ws/install/share/action_msgs/cmake/action_msgsConfig.cmake:41 (include)
  CMakeLists.txt:7 (find_package)

[0m
-- Using all available rosidl_typesupport_c: rosidl_typesupport_introspection_c;rosidl_typesupport_microxrcedds_c
-- Found rosidl_adapter: 3.1.5 (/home/ice/microros_ws/firmware/mcu_ws/install/share/rosidl_adapter/cmake)
-- Found rcl: 5.3.7 (/home/ice/microros_ws/firmware/mcu_ws/install/share/rcl/cmake)
-- Found rmw_implementation_cmake: 6.1.1 (/home/ice/microros_ws/firmware/mcu_ws/install/share/rmw_implementation_cmake/cmake)
-- Found rmw_microxrcedds: 3.0.2 (/home/ice/microros_ws/firmware/mcu_ws/install/share/rmw_microxrcedds/cmake)
-- Using RMW implementation 'rmw_microxrcedds'
-- Configuring done
-- Generating done
-- Build files have been written to: /home/ice/microros_ws/firmware/mcu_ws/build/rcl_action
/usr/bin/cmake -E cmake_progress_start /home/ice/microros_ws/firmware/mcu_ws/build/rcl_action/CMakeFiles /home/ice/microros_ws/firmware/mcu_ws/build/rcl_action//CMakeFiles/progress.marks
/usr/bin/gmake  -f CMakeFiles/Makefile2 all
gmake[5]: Entering directory '/home/ice/microros_ws/firmware/mcu_ws/build/rcl_action'
/usr/bin/gmake  -f CMakeFiles/rcl_action.dir/build.make CMakeFiles/rcl_action.dir/depend
gmake[6]: Entering directory '/home/ice/microros_ws/firmware/mcu_ws/build/rcl_action'
cd /home/ice/microros_ws/firmware/mcu_ws/build/rcl_action && /usr/bin/cmake -E cmake_depends "Unix Makefiles" /home/ice/microros_ws/firmware/mcu_ws/uros/rcl/rcl_action /home/ice/microros_ws/firmware/mcu_ws/uros/rcl/rcl_action /home/ice/microros_ws/firmware/mcu_ws/build/rcl_action /home/ice/microros_ws/firmware/mcu_ws/build/rcl_action /home/ice/microros_ws/firmware/mcu_ws/build/rcl_action/CMakeFiles/rcl_action.dir/DependInfo.cmake --color=
Dependencies file "CMakeFiles/rcl_action.dir/src/rcl_action/action_client.c.obj.d" is newer than depends file "/home/ice/microros_ws/firmware/mcu_ws/build/rcl_action/CMakeFiles/rcl_action.dir/compiler_depend.internal".
Dependencies file "CMakeFiles/rcl_action.dir/src/rcl_action/action_server.c.obj.d" is newer than depends file "/home/ice/microros_ws/firmware/mcu_ws/build/rcl_action/CMakeFiles/rcl_action.dir/compiler_depend.internal".
Dependencies file "CMakeFiles/rcl_action.dir/src/rcl_action/goal_handle.c.obj.d" is newer than depends file "/home/ice/microros_ws/firmware/mcu_ws/build/rcl_action/CMakeFiles/rcl_action.dir/compiler_depend.internal".
Dependencies file "CMakeFiles/rcl_action.dir/src/rcl_action/goal_state_machine.c.obj.d" is newer than depends file "/home/ice/microros_ws/firmware/mcu_ws/build/rcl_action/CMakeFiles/rcl_action.dir/compiler_depend.internal".
Dependencies file "CMakeFiles/rcl_action.dir/src/rcl_action/graph.c.obj.d" is newer than depends file "/home/ice/microros_ws/firmware/mcu_ws/build/rcl_action/CMakeFiles/rcl_action.dir/compiler_depend.internal".
Dependencies file "CMakeFiles/rcl_action.dir/src/rcl_action/names.c.obj.d" is newer than depends file "/home/ice/microros_ws/firmware/mcu_ws/build/rcl_action/CMakeFiles/rcl_action.dir/compiler_depend.internal".
Dependencies file "CMakeFiles/rcl_action.dir/src/rcl_action/types.c.obj.d" is newer than depends file "/home/ice/microros_ws/firmware/mcu_ws/build/rcl_action/CMakeFiles/rcl_action.dir/compiler_depend.internal".
[35m[1mConsolidate compiler generated dependencies of target rcl_action[0m
gmake[6]: Leaving directory '/home/ice/microros_ws/firmware/mcu_ws/build/rcl_action'
/usr/bin/gmake  -f CMakeFiles/rcl_action.dir/build.make CMakeFiles/rcl_action.dir/build
gmake[6]: Entering directory '/home/ice/microros_ws/firmware/mcu_ws/build/rcl_action'
gmake[6]: Nothing to be done for 'CMakeFiles/rcl_action.dir/build'.
gmake[6]: Leaving directory '/home/ice/microros_ws/firmware/mcu_ws/build/rcl_action'
[100%] Built target rcl_action
gmake[5]: Leaving directory '/home/ice/microros_ws/firmware/mcu_ws/build/rcl_action'
/usr/bin/cmake -E cmake_progress_start /home/ice/microros_ws/firmware/mcu_ws/build/rcl_action/CMakeFiles 0
gmake[4]: Leaving directory '/home/ice/microros_ws/firmware/mcu_ws/build/rcl_action'
-- Install configuration: "Debug"
-- Up-to-date: /home/ice/microros_ws/firmware/mcu_ws/install/include/rcl_action
-- Up-to-date: /home/ice/microros_ws/firmware/mcu_ws/install/include/rcl_action/rcl_action
-- Up-to-date: /home/ice/microros_ws/firmware/mcu_ws/install/include/rcl_action/rcl_action/goal_handle.h
-- Up-to-date: /home/ice/microros_ws/firmware/mcu_ws/install/include/rcl_action/rcl_action/graph.h
-- Up-to-date: /home/ice/microros_ws/firmware/mcu_ws/install/include/rcl_action/rcl_action/wait.h
-- Up-to-date: /home/ice/microros_ws/firmware/mcu_ws/install/include/rcl_action/rcl_action/names.h
-- Up-to-date: /home/ice/microros_ws/firmware/mcu_ws/install/include/rcl_action/rcl_action/action_client.h
-- Up-to-date: /home/ice/microros_ws/firmware/mcu_ws/install/include/rcl_action/rcl_action/types.h
-- Up-to-date: /home/ice/microros_ws/firmware/mcu_ws/install/include/rcl_action/rcl_action/goal_state_machine.h
-- Up-to-date: /home/ice/microros_ws/firmware/mcu_ws/install/include/rcl_action/rcl_action/rcl_action.h
-- Up-to-date: /home/ice/microros_ws/firmware/mcu_ws/install/include/rcl_action/rcl_action/visibility_control.h
-- Up-to-date: /home/ice/microros_ws/firmware/mcu_ws/install/include/rcl_action/rcl_action/action_server.h
-- Up-to-date: /home/ice/microros_ws/firmware/mcu_ws/install/include/rcl_action/rcl_action/default_qos.h
-- Up-to-date: /home/ice/microros_ws/firmware/mcu_ws/install/lib/librcl_action.a
-- Up-to-date: /home/ice/microros_ws/firmware/mcu_ws/install/share/rcl_action/environment/library_path.sh
-- Installing: /home/ice/microros_ws/firmware/mcu_ws/install/share/rcl_action/environment/library_path.dsv
-- Up-to-date: /home/ice/microros_ws/firmware/mcu_ws/install/share/ament_index/resource_index/package_run_dependencies/rcl_action
-- Up-to-date: /home/ice/microros_ws/firmware/mcu_ws/install/share/ament_index/resource_index/parent_prefix_path/rcl_action
-- Up-to-date: /home/ice/microros_ws/firmware/mcu_ws/install/share/rcl_action/environment/ament_prefix_path.sh
-- Installing: /home/ice/microros_ws/firmware/mcu_ws/install/share/rcl_action/environment/ament_prefix_path.dsv
-- Up-to-date: /home/ice/microros_ws/firmware/mcu_ws/install/share/rcl_action/environment/path.sh
-- Installing: /home/ice/microros_ws/firmware/mcu_ws/install/share/rcl_action/environment/path.dsv
-- Up-to-date: /home/ice/microros_ws/firmware/mcu_ws/install/share/rcl_action/local_setup.bash
-- Up-to-date: /home/ice/microros_ws/firmware/mcu_ws/install/share/rcl_action/local_setup.sh
-- Up-to-date: /home/ice/microros_ws/firmware/mcu_ws/install/share/rcl_action/local_setup.zsh
-- Installing: /home/ice/microros_ws/firmware/mcu_ws/install/share/rcl_action/local_setup.dsv
-- Installing: /home/ice/microros_ws/firmware/mcu_ws/install/share/rcl_action/package.dsv
-- Up-to-date: /home/ice/microros_ws/firmware/mcu_ws/install/share/ament_index/resource_index/packages/rcl_action
-- Up-to-date: /home/ice/microros_ws/firmware/mcu_ws/install/share/rcl_action/cmake/rcl_actionExport.cmake
-- Up-to-date: /home/ice/microros_ws/firmware/mcu_ws/install/share/rcl_action/cmake/rcl_actionExport-debug.cmake
-- Up-to-date: /home/ice/microros_ws/firmware/mcu_ws/install/share/rcl_action/cmake/ament_cmake_export_include_directories-extras.cmake
-- Up-to-date: /home/ice/microros_ws/firmware/mcu_ws/install/share/rcl_action/cmake/ament_cmake_export_libraries-extras.cmake
-- Up-to-date: /home/ice/microros_ws/firmware/mcu_ws/install/share/rcl_action/cmake/ament_cmake_export_targets-extras.cmake
-- Up-to-date: /home/ice/microros_ws/firmware/mcu_ws/install/share/rcl_action/cmake/ament_cmake_export_dependencies-extras.cmake
-- Up-to-date: /home/ice/microros_ws/firmware/mcu_ws/install/share/rcl_action/cmake/rcl_actionConfig.cmake
-- Up-to-date: /home/ice/microros_ws/firmware/mcu_ws/install/share/rcl_action/cmake/rcl_actionConfig-version.cmake
-- Up-to-date: /home/ice/microros_ws/firmware/mcu_ws/install/share/rcl_action/package.xml
