[0.429s] Invoking command in '/home/ice/polaris-bot/ros2_ws/build/messages': CMAKE_PREFIX_PATH=${CMAKE_PREFIX_PATH}:/home/ice/polaris_ws/install/test_pkg:/opt/ros/humble /usr/bin/cmake --build /home/ice/polaris-bot/ros2_ws/build/messages -- -j2 -l2
[1.166s] [  3%] Built target messages__cpp
[1.180s] [ 12%] Built target messages__rosidl_generator_c
[1.481s] [ 22%] Built target messages__rosidl_typesupport_introspection_cpp
[1.645s] [ 22%] Built target ament_cmake_python_copy_messages
[1.662s] [ 32%] Built target messages__rosidl_typesupport_cpp
[2.113s] [ 41%] Built target messages__rosidl_typesupport_fastrtps_c
[2.147s] [ 51%] Built target messages__rosidl_typesupport_introspection_c
[2.324s] [ 61%] Built target messages__rosidl_typesupport_c
[2.345s] [ 70%] Built target messages__rosidl_typesupport_fastrtps_cpp
[2.459s] [ 70%] Built target messages
[2.592s] [ 74%] Built target messages__py
[2.788s] [ 80%] Built target messages__rosidl_generator_py
[3.267s] running egg_info
[3.273s] writing messages.egg-info/PKG-INFO
[3.277s] writing dependency_links to messages.egg-info/dependency_links.txt
[3.280s] writing top-level names to messages.egg-info/top_level.txt
[3.300s] reading manifest file 'messages.egg-info/SOURCES.txt'
[3.303s] writing manifest file 'messages.egg-info/SOURCES.txt'
[3.311s] [ 87%] Built target messages__rosidl_typesupport_fastrtps_c__pyext
[3.413s] [ 87%] Built target ament_cmake_python_build_messages_egg
[3.519s] [ 93%] Built target messages__rosidl_typesupport_introspection_c__pyext
[3.605s] [100%] Built target messages__rosidl_typesupport_c__pyext
[3.638s] Invoked command in '/home/ice/polaris-bot/ros2_ws/build/messages' returned '0': CMAKE_PREFIX_PATH=${CMAKE_PREFIX_PATH}:/home/ice/polaris_ws/install/test_pkg:/opt/ros/humble /usr/bin/cmake --build /home/ice/polaris-bot/ros2_ws/build/messages -- -j2 -l2
[4.230s] Invoking command in '/home/ice/polaris-bot/ros2_ws/build/messages': CMAKE_PREFIX_PATH=${CMAKE_PREFIX_PATH}:/home/ice/polaris_ws/install/test_pkg:/opt/ros/humble /usr/bin/cmake --install /home/ice/polaris-bot/ros2_ws/build/messages
[4.544s] -- Install configuration: ""
[4.548s] -- Up-to-date: /home/ice/polaris-bot/ros2_ws/install/messages/share/ament_index/resource_index/rosidl_interfaces/messages
[4.549s] -- Up-to-date: /home/ice/polaris-bot/ros2_ws/install/messages/include/messages/messages
[4.556s] -- Up-to-date: /home/ice/polaris-bot/ros2_ws/install/messages/include/messages/messages/msg
[4.559s] -- Up-to-date: /home/ice/polaris-bot/ros2_ws/install/messages/include/messages/messages/msg/detail
[4.561s] -- Up-to-date: /home/ice/polaris-bot/ros2_ws/install/messages/include/messages/messages/msg/detail/robot_motor_speed__functions.c
[4.561s] -- Up-to-date: /home/ice/polaris-bot/ros2_ws/install/messages/include/messages/messages/msg/detail/robot_motor_speed__functions.h
[4.561s] -- Up-to-date: /home/ice/polaris-bot/ros2_ws/install/messages/include/messages/messages/msg/detail/robot_motor_speed__struct.h
[4.562s] -- Up-to-date: /home/ice/polaris-bot/ros2_ws/install/messages/include/messages/messages/msg/detail/robot_motor_speed__type_support.h
[4.562s] -- Up-to-date: /home/ice/polaris-bot/ros2_ws/install/messages/include/messages/messages/msg/robot_motor_speed.h
[4.562s] -- Up-to-date: /home/ice/polaris-bot/ros2_ws/install/messages/include/messages/messages/msg/rosidl_generator_c__visibility_control.h
[4.562s] -- Up-to-date: /home/ice/polaris-bot/ros2_ws/install/messages/share/messages/environment/library_path.sh
[4.563s] -- Up-to-date: /home/ice/polaris-bot/ros2_ws/install/messages/share/messages/environment/library_path.dsv
[4.572s] -- Up-to-date: /home/ice/polaris-bot/ros2_ws/install/messages/lib/libmessages__rosidl_generator_c.so
[4.572s] -- Up-to-date: /home/ice/polaris-bot/ros2_ws/install/messages/include/messages/messages
[4.572s] -- Up-to-date: /home/ice/polaris-bot/ros2_ws/install/messages/include/messages/messages/msg
[4.572s] -- Up-to-date: /home/ice/polaris-bot/ros2_ws/install/messages/include/messages/messages/msg/detail
[4.573s] -- Up-to-date: /home/ice/polaris-bot/ros2_ws/install/messages/include/messages/messages/msg/detail/robot_motor_speed__rosidl_typesupport_fastrtps_c.h
[4.573s] -- Up-to-date: /home/ice/polaris-bot/ros2_ws/install/messages/include/messages/messages/msg/rosidl_typesupport_fastrtps_c__visibility_control.h
[4.592s] -- Up-to-date: /home/ice/polaris-bot/ros2_ws/install/messages/lib/libmessages__rosidl_typesupport_fastrtps_c.so
[4.604s] -- Up-to-date: /home/ice/polaris-bot/ros2_ws/install/messages/include/messages/messages
[4.606s] -- Up-to-date: /home/ice/polaris-bot/ros2_ws/install/messages/include/messages/messages/msg
[4.606s] -- Up-to-date: /home/ice/polaris-bot/ros2_ws/install/messages/include/messages/messages/msg/detail
[4.614s] -- Up-to-date: /home/ice/polaris-bot/ros2_ws/install/messages/include/messages/messages/msg/detail/robot_motor_speed__rosidl_typesupport_introspection_c.h
[4.615s] -- Up-to-date: /home/ice/polaris-bot/ros2_ws/install/messages/include/messages/messages/msg/detail/robot_motor_speed__type_support.c
[4.617s] -- Up-to-date: /home/ice/polaris-bot/ros2_ws/install/messages/include/messages/messages/msg/rosidl_typesupport_introspection_c__visibility_control.h
[4.623s] -- Up-to-date: /home/ice/polaris-bot/ros2_ws/install/messages/lib/libmessages__rosidl_typesupport_introspection_c.so
[4.625s] -- Up-to-date: /home/ice/polaris-bot/ros2_ws/install/messages/lib/libmessages__rosidl_typesupport_c.so
[4.626s] -- Up-to-date: /home/ice/polaris-bot/ros2_ws/install/messages/include/messages/messages
[4.627s] -- Up-to-date: /home/ice/polaris-bot/ros2_ws/install/messages/include/messages/messages/msg
[4.628s] -- Up-to-date: /home/ice/polaris-bot/ros2_ws/install/messages/include/messages/messages/msg/detail
[4.628s] -- Up-to-date: /home/ice/polaris-bot/ros2_ws/install/messages/include/messages/messages/msg/detail/robot_motor_speed__builder.hpp
[4.628s] -- Up-to-date: /home/ice/polaris-bot/ros2_ws/install/messages/include/messages/messages/msg/detail/robot_motor_speed__struct.hpp
[4.628s] -- Up-to-date: /home/ice/polaris-bot/ros2_ws/install/messages/include/messages/messages/msg/detail/robot_motor_speed__traits.hpp
[4.629s] -- Up-to-date: /home/ice/polaris-bot/ros2_ws/install/messages/include/messages/messages/msg/robot_motor_speed.hpp
[4.632s] -- Up-to-date: /home/ice/polaris-bot/ros2_ws/install/messages/include/messages/messages
[4.636s] -- Up-to-date: /home/ice/polaris-bot/ros2_ws/install/messages/include/messages/messages/msg
[4.637s] -- Up-to-date: /home/ice/polaris-bot/ros2_ws/install/messages/include/messages/messages/msg/detail
[4.637s] -- Up-to-date: /home/ice/polaris-bot/ros2_ws/install/messages/include/messages/messages/msg/detail/dds_fastrtps
[4.638s] -- Up-to-date: /home/ice/polaris-bot/ros2_ws/install/messages/include/messages/messages/msg/detail/robot_motor_speed__rosidl_typesupport_fastrtps_cpp.hpp
[4.638s] -- Up-to-date: /home/ice/polaris-bot/ros2_ws/install/messages/include/messages/messages/msg/rosidl_typesupport_fastrtps_cpp__visibility_control.h
[4.638s] -- Up-to-date: /home/ice/polaris-bot/ros2_ws/install/messages/lib/libmessages__rosidl_typesupport_fastrtps_cpp.so
[4.639s] -- Up-to-date: /home/ice/polaris-bot/ros2_ws/install/messages/include/messages/messages
[4.640s] -- Up-to-date: /home/ice/polaris-bot/ros2_ws/install/messages/include/messages/messages/msg
[4.640s] -- Up-to-date: /home/ice/polaris-bot/ros2_ws/install/messages/include/messages/messages/msg/detail
[4.641s] -- Up-to-date: /home/ice/polaris-bot/ros2_ws/install/messages/include/messages/messages/msg/detail/robot_motor_speed__rosidl_typesupport_introspection_cpp.hpp
[4.641s] -- Up-to-date: /home/ice/polaris-bot/ros2_ws/install/messages/include/messages/messages/msg/detail/robot_motor_speed__type_support.cpp
[4.650s] -- Up-to-date: /home/ice/polaris-bot/ros2_ws/install/messages/lib/libmessages__rosidl_typesupport_introspection_cpp.so
[4.651s] -- Up-to-date: /home/ice/polaris-bot/ros2_ws/install/messages/lib/libmessages__rosidl_typesupport_cpp.so
[4.653s] -- Up-to-date: /home/ice/polaris-bot/ros2_ws/install/messages/share/messages/environment/pythonpath.sh
[4.653s] -- Up-to-date: /home/ice/polaris-bot/ros2_ws/install/messages/share/messages/environment/pythonpath.dsv
[4.653s] -- Up-to-date: /home/ice/polaris-bot/ros2_ws/install/messages/local/lib/python3.10/dist-packages/messages-0.0.0-py3.10.egg-info
[4.656s] -- Installing: /home/ice/polaris-bot/ros2_ws/install/messages/local/lib/python3.10/dist-packages/messages-0.0.0-py3.10.egg-info/top_level.txt
[4.656s] -- Installing: /home/ice/polaris-bot/ros2_ws/install/messages/local/lib/python3.10/dist-packages/messages-0.0.0-py3.10.egg-info/PKG-INFO
[4.656s] -- Installing: /home/ice/polaris-bot/ros2_ws/install/messages/local/lib/python3.10/dist-packages/messages-0.0.0-py3.10.egg-info/SOURCES.txt
[4.657s] -- Installing: /home/ice/polaris-bot/ros2_ws/install/messages/local/lib/python3.10/dist-packages/messages-0.0.0-py3.10.egg-info/dependency_links.txt
[4.657s] -- Up-to-date: /home/ice/polaris-bot/ros2_ws/install/messages/local/lib/python3.10/dist-packages/messages
[4.657s] -- Up-to-date: /home/ice/polaris-bot/ros2_ws/install/messages/local/lib/python3.10/dist-packages/messages/_messages_s.ep.rosidl_typesupport_fastrtps_c.c
[4.668s] -- Up-to-date: /home/ice/polaris-bot/ros2_ws/install/messages/local/lib/python3.10/dist-packages/messages/messages_s__rosidl_typesupport_introspection_c.cpython-310-x86_64-linux-gnu.so
[4.668s] -- Up-to-date: /home/ice/polaris-bot/ros2_ws/install/messages/local/lib/python3.10/dist-packages/messages/messages_s__rosidl_typesupport_c.cpython-310-x86_64-linux-gnu.so
[4.668s] -- Up-to-date: /home/ice/polaris-bot/ros2_ws/install/messages/local/lib/python3.10/dist-packages/messages/messages_s__rosidl_typesupport_fastrtps_c.cpython-310-x86_64-linux-gnu.so
[4.668s] -- Up-to-date: /home/ice/polaris-bot/ros2_ws/install/messages/local/lib/python3.10/dist-packages/messages/_messages_s.ep.rosidl_typesupport_introspection_c.c
[4.668s] -- Up-to-date: /home/ice/polaris-bot/ros2_ws/install/messages/local/lib/python3.10/dist-packages/messages/msg
[4.668s] -- Up-to-date: /home/ice/polaris-bot/ros2_ws/install/messages/local/lib/python3.10/dist-packages/messages/msg/_robot_motor_speed.py
[4.669s] -- Up-to-date: /home/ice/polaris-bot/ros2_ws/install/messages/local/lib/python3.10/dist-packages/messages/msg/_robot_motor_speed_s.c
[4.669s] -- Up-to-date: /home/ice/polaris-bot/ros2_ws/install/messages/local/lib/python3.10/dist-packages/messages/msg/__init__.py
[4.669s] -- Up-to-date: /home/ice/polaris-bot/ros2_ws/install/messages/local/lib/python3.10/dist-packages/messages/libmessages__rosidl_generator_py.so
[4.669s] -- Up-to-date: /home/ice/polaris-bot/ros2_ws/install/messages/local/lib/python3.10/dist-packages/messages/__init__.py
[4.669s] -- Up-to-date: /home/ice/polaris-bot/ros2_ws/install/messages/local/lib/python3.10/dist-packages/messages/_messages_s.ep.rosidl_typesupport_c.c
[4.737s] Listing '/home/ice/polaris-bot/ros2_ws/install/messages/local/lib/python3.10/dist-packages/messages'...
[4.738s] Listing '/home/ice/polaris-bot/ros2_ws/install/messages/local/lib/python3.10/dist-packages/messages/msg'...
[4.757s] -- Up-to-date: /home/ice/polaris-bot/ros2_ws/install/messages/local/lib/python3.10/dist-packages/messages/messages_s__rosidl_typesupport_fastrtps_c.cpython-310-x86_64-linux-gnu.so
[4.761s] -- Up-to-date: /home/ice/polaris-bot/ros2_ws/install/messages/local/lib/python3.10/dist-packages/messages/messages_s__rosidl_typesupport_introspection_c.cpython-310-x86_64-linux-gnu.so
[4.780s] -- Up-to-date: /home/ice/polaris-bot/ros2_ws/install/messages/local/lib/python3.10/dist-packages/messages/messages_s__rosidl_typesupport_c.cpython-310-x86_64-linux-gnu.so
[4.780s] -- Up-to-date: /home/ice/polaris-bot/ros2_ws/install/messages/lib/libmessages__rosidl_generator_py.so
[4.780s] -- Up-to-date: /home/ice/polaris-bot/ros2_ws/install/messages/share/messages/msg/RobotMotorSpeed.idl
[4.781s] -- Up-to-date: /home/ice/polaris-bot/ros2_ws/install/messages/share/messages/msg/RobotMotorSpeed.msg
[4.786s] -- Up-to-date: /home/ice/polaris-bot/ros2_ws/install/messages/share/ament_index/resource_index/package_run_dependencies/messages
[4.787s] -- Up-to-date: /home/ice/polaris-bot/ros2_ws/install/messages/share/ament_index/resource_index/parent_prefix_path/messages
[4.789s] -- Up-to-date: /home/ice/polaris-bot/ros2_ws/install/messages/share/messages/environment/ament_prefix_path.sh
[4.789s] -- Up-to-date: /home/ice/polaris-bot/ros2_ws/install/messages/share/messages/environment/ament_prefix_path.dsv
[4.789s] -- Up-to-date: /home/ice/polaris-bot/ros2_ws/install/messages/share/messages/environment/path.sh
[4.789s] -- Up-to-date: /home/ice/polaris-bot/ros2_ws/install/messages/share/messages/environment/path.dsv
[4.790s] -- Up-to-date: /home/ice/polaris-bot/ros2_ws/install/messages/share/messages/local_setup.bash
[4.790s] -- Up-to-date: /home/ice/polaris-bot/ros2_ws/install/messages/share/messages/local_setup.sh
[4.790s] -- Up-to-date: /home/ice/polaris-bot/ros2_ws/install/messages/share/messages/local_setup.zsh
[4.790s] -- Up-to-date: /home/ice/polaris-bot/ros2_ws/install/messages/share/messages/local_setup.dsv
[4.790s] -- Installing: /home/ice/polaris-bot/ros2_ws/install/messages/share/messages/package.dsv
[4.790s] -- Up-to-date: /home/ice/polaris-bot/ros2_ws/install/messages/share/ament_index/resource_index/packages/messages
[4.825s] -- Up-to-date: /home/ice/polaris-bot/ros2_ws/install/messages/share/messages/cmake/export_messages__rosidl_generator_cExport.cmake
[4.826s] -- Up-to-date: /home/ice/polaris-bot/ros2_ws/install/messages/share/messages/cmake/export_messages__rosidl_generator_cExport-noconfig.cmake
[4.831s] -- Up-to-date: /home/ice/polaris-bot/ros2_ws/install/messages/share/messages/cmake/export_messages__rosidl_typesupport_fastrtps_cExport.cmake
[4.832s] -- Up-to-date: /home/ice/polaris-bot/ros2_ws/install/messages/share/messages/cmake/export_messages__rosidl_typesupport_fastrtps_cExport-noconfig.cmake
[4.834s] -- Up-to-date: /home/ice/polaris-bot/ros2_ws/install/messages/share/messages/cmake/messages__rosidl_typesupport_introspection_cExport.cmake
[4.835s] -- Up-to-date: /home/ice/polaris-bot/ros2_ws/install/messages/share/messages/cmake/messages__rosidl_typesupport_introspection_cExport-noconfig.cmake
[4.839s] -- Up-to-date: /home/ice/polaris-bot/ros2_ws/install/messages/share/messages/cmake/messages__rosidl_typesupport_cExport.cmake
[4.841s] -- Up-to-date: /home/ice/polaris-bot/ros2_ws/install/messages/share/messages/cmake/messages__rosidl_typesupport_cExport-noconfig.cmake
[4.844s] -- Up-to-date: /home/ice/polaris-bot/ros2_ws/install/messages/share/messages/cmake/export_messages__rosidl_generator_cppExport.cmake
[4.848s] -- Up-to-date: /home/ice/polaris-bot/ros2_ws/install/messages/share/messages/cmake/export_messages__rosidl_typesupport_fastrtps_cppExport.cmake
[4.848s] -- Up-to-date: /home/ice/polaris-bot/ros2_ws/install/messages/share/messages/cmake/export_messages__rosidl_typesupport_fastrtps_cppExport-noconfig.cmake
[4.880s] -- Up-to-date: /home/ice/polaris-bot/ros2_ws/install/messages/share/messages/cmake/messages__rosidl_typesupport_introspection_cppExport.cmake
[4.880s] -- Up-to-date: /home/ice/polaris-bot/ros2_ws/install/messages/share/messages/cmake/messages__rosidl_typesupport_introspection_cppExport-noconfig.cmake
[4.881s] -- Up-to-date: /home/ice/polaris-bot/ros2_ws/install/messages/share/messages/cmake/messages__rosidl_typesupport_cppExport.cmake
[4.881s] -- Up-to-date: /home/ice/polaris-bot/ros2_ws/install/messages/share/messages/cmake/messages__rosidl_typesupport_cppExport-noconfig.cmake
[4.882s] -- Up-to-date: /home/ice/polaris-bot/ros2_ws/install/messages/share/messages/cmake/export_messages__rosidl_generator_pyExport.cmake
[4.882s] -- Up-to-date: /home/ice/polaris-bot/ros2_ws/install/messages/share/messages/cmake/export_messages__rosidl_generator_pyExport-noconfig.cmake
[4.882s] -- Up-to-date: /home/ice/polaris-bot/ros2_ws/install/messages/share/messages/cmake/rosidl_cmake-extras.cmake
[4.883s] -- Up-to-date: /home/ice/polaris-bot/ros2_ws/install/messages/share/messages/cmake/ament_cmake_export_include_directories-extras.cmake
[4.884s] -- Up-to-date: /home/ice/polaris-bot/ros2_ws/install/messages/share/messages/cmake/ament_cmake_export_libraries-extras.cmake
[4.884s] -- Up-to-date: /home/ice/polaris-bot/ros2_ws/install/messages/share/messages/cmake/ament_cmake_export_targets-extras.cmake
[4.886s] -- Up-to-date: /home/ice/polaris-bot/ros2_ws/install/messages/share/messages/cmake/rosidl_cmake_export_typesupport_targets-extras.cmake
[4.887s] -- Up-to-date: /home/ice/polaris-bot/ros2_ws/install/messages/share/messages/cmake/ament_cmake_export_dependencies-extras.cmake
[4.887s] -- Up-to-date: /home/ice/polaris-bot/ros2_ws/install/messages/share/messages/cmake/rosidl_cmake_export_typesupport_libraries-extras.cmake
[4.887s] -- Up-to-date: /home/ice/polaris-bot/ros2_ws/install/messages/share/messages/cmake/messagesConfig.cmake
[4.890s] -- Up-to-date: /home/ice/polaris-bot/ros2_ws/install/messages/share/messages/cmake/messagesConfig-version.cmake
[4.891s] -- Up-to-date: /home/ice/polaris-bot/ros2_ws/install/messages/share/messages/package.xml
[5.116s] Invoked command in '/home/ice/polaris-bot/ros2_ws/build/messages' returned '0': CMAKE_PREFIX_PATH=${CMAKE_PREFIX_PATH}:/home/ice/polaris_ws/install/test_pkg:/opt/ros/humble /usr/bin/cmake --install /home/ice/polaris-bot/ros2_ws/build/messages
