[0.372s] Invoking command in '/home/ice/microros_ws/firmware/mcu_ws/build/lifecycle_msgs': AMENT_PREFIX_PATH=/home/ice/microros_ws/firmware/mcu_ws/install:${AMENT_PREFIX_PATH} CMAKE_PREFIX_PATH=/home/ice/microros_ws/firmware/mcu_ws/install:/home/ice/microros_ws/firmware/dev_ws/install/ament_lint_common:/home/ice/microros_ws/firmware/dev_ws/install/ament_cmake_uncrustify:/home/ice/microros_ws/firmware/dev_ws/install/uncrustify_vendor:/home/ice/microros_ws/firmware/dev_ws/install/ament_cmake_ros:/home/ice/microros_ws/firmware/dev_ws/install/ament_cmake_auto:/home/ice/microros_ws/firmware/dev_ws/install/ament_cmake_gmock:/home/ice/microros_ws/firmware/dev_ws/install/gmock_vendor:/home/ice/microros_ws/firmware/dev_ws/install/ament_cmake_gtest:/home/ice/microros_ws/firmware/dev_ws/install/gtest_vendor:/home/ice/microros_ws/firmware/dev_ws/install/ament_cmake_xmllint:/home/ice/microros_ws/firmware/dev_ws/install/ament_cmake_pyflakes:/home/ice/microros_ws/firmware/dev_ws/install/ament_cmake_pycodestyle:/home/ice/microros_ws/firmware/dev_ws/install/ament_cmake_pep257:/home/ice/microros_ws/firmware/dev_ws/install/ament_cmake_pclint:/home/ice/microros_ws/firmware/dev_ws/install/ament_lint_auto:/home/ice/microros_ws/firmware/dev_ws/install/ament_cmake:/home/ice/microros_ws/firmware/dev_ws/install/ament_cmake_version:/home/ice/microros_ws/firmware/dev_ws/install/ament_cmake_vendor_package:/home/ice/microros_ws/firmware/dev_ws/install/ament_cmake_pytest:/home/ice/microros_ws/firmware/dev_ws/install/ament_cmake_nose:/home/ice/microros_ws/firmware/dev_ws/install/ament_cmake_mypy:/home/ice/microros_ws/firmware/dev_ws/install/ament_cmake_lint_cmake:/home/ice/microros_ws/firmware/dev_ws/install/ament_cmake_google_benchmark:/home/ice/microros_ws/firmware/dev_ws/install/ament_cmake_flake8:/home/ice/microros_ws/firmware/dev_ws/install/ament_cmake_cpplint:/home/ice/microros_ws/firmware/dev_ws/install/ament_cmake_cppcheck:/home/ice/microros_ws/firmware/dev_ws/install/ament_cmake_copyright:/home/ice/microros_ws/firmware/dev_ws/install/ament_cmake_clang_tidy:/home/ice/microros_ws/firmware/dev_ws/install/ament_cmake_clang_format:/home/ice/microros_ws/firmware/dev_ws/install/ament_cmake_test:/home/ice/microros_ws/firmware/dev_ws/install/ament_cmake_target_dependencies:/home/ice/microros_ws/firmware/dev_ws/install/ament_cmake_python:/home/ice/microros_ws/firmware/dev_ws/install/ament_cmake_export_dependencies:/home/ice/microros_ws/firmware/dev_ws/install/ament_cmake_libraries:/home/ice/microros_ws/firmware/dev_ws/install/ament_cmake_include_directories:/home/ice/microros_ws/firmware/dev_ws/install/ament_cmake_gen_version_h:/home/ice/microros_ws/firmware/dev_ws/install/ament_cmake_export_targets:/home/ice/microros_ws/firmware/dev_ws/install/ament_cmake_export_link_flags:/home/ice/microros_ws/firmware/dev_ws/install/ament_cmake_export_interfaces:/home/ice/microros_ws/firmware/dev_ws/install/ament_cmake_export_libraries:/home/ice/microros_ws/firmware/dev_ws/install/ament_cmake_export_include_directories:/home/ice/microros_ws/firmware/dev_ws/install/ament_cmake_export_definitions:/home/ice/microros_ws/firmware/dev_ws/install/ament_cmake_core:/home/ice/microros_ws/firmware/dev_ws/install/ament_index_cpp:/home/ice/microros_ws/firmware/dev_ws/install/ament_uncrustify:/home/ice/microros_ws/firmware/dev_ws/install/domain_coordinator:/home/ice/microros_ws/firmware/dev_ws/install/ament_xmllint:/home/ice/microros_ws/firmware/dev_ws/install/ament_pyflakes:/home/ice/microros_ws/firmware/dev_ws/install/ament_pycodestyle:/home/ice/microros_ws/firmware/dev_ws/install/ament_pep257:/home/ice/microros_ws/firmware/dev_ws/install/ament_pclint:/home/ice/microros_ws/firmware/dev_ws/install/ament_package:/home/ice/microros_ws/firmware/dev_ws/install/ament_mypy:/home/ice/microros_ws/firmware/dev_ws/install/ament_lint_cmake:/home/ice/microros_ws/firmware/dev_ws/install/ament_flake8:/home/ice/microros_ws/firmware/dev_ws/install/ament_copyright:/home/ice/microros_ws/firmware/dev_ws/install/ament_lint:/home/ice/microros_ws/firmware/dev_ws/install/ament_index_python:/home/ice/microros_ws/firmware/dev_ws/install/ament_cpplint:/home/ice/microros_ws/firmware/dev_ws/install/ament_cppcheck:/home/ice/microros_ws/firmware/dev_ws/install/ament_clang_tidy:/home/ice/microros_ws/firmware/dev_ws/install/ament_clang_format LD_LIBRARY_PATH=/home/ice/microros_ws/firmware/mcu_ws/install/lib:${LD_LIBRARY_PATH} PATH=/home/ice/microros_ws/firmware/mcu_ws/install/bin:${PATH} PYTHONPATH=/home/ice/microros_ws/firmware/mcu_ws/install/lib/python3.10/site-packages:${PYTHONPATH} /usr/bin/cmake --build /home/ice/microros_ws/firmware/mcu_ws/build/lifecycle_msgs -- -j2 -l2
[0.412s] gmake[4]: Entering directory '/home/ice/microros_ws/firmware/mcu_ws/build/lifecycle_msgs'
[0.412s] /usr/bin/cmake -S/home/ice/microros_ws/firmware/mcu_ws/ros2/rcl_interfaces/lifecycle_msgs -B/home/ice/microros_ws/firmware/mcu_ws/build/lifecycle_msgs --check-build-system CMakeFiles/Makefile.cmake 0
[0.451s] Re-run cmake file: Makefile older than: /home/ice/microros_ws/firmware/freertos_apps/microros_esp32_extensions/esp32_toolchain.cmake
[0.468s] -- Found ament_cmake: 1.3.7 (/home/ice/microros_ws/firmware/dev_ws/install/ament_cmake/share/ament_cmake/cmake)
[0.983s] -- Found rosidl_default_generators: 1.2.0 (/home/ice/microros_ws/firmware/mcu_ws/install/share/rosidl_default_generators/cmake)
[1.006s] -- Using all available rosidl_typesupport_c: rosidl_typesupport_introspection_c;rosidl_typesupport_microxrcedds_c
[1.015s] -- Found rosidl_adapter: 3.1.5 (/home/ice/microros_ws/firmware/mcu_ws/install/share/rosidl_adapter/cmake)
[1.044s] [33mCMake Warning at /home/ice/microros_ws/firmware/mcu_ws/install/share/rcutils/cmake/ament_cmake_export_libraries-extras.cmake:116 (message):
[1.045s]   Package 'rcutils' exports library 'dl' which couldn't be found
[1.045s] Call Stack (most recent call first):
[1.045s]   /home/ice/microros_ws/firmware/mcu_ws/install/share/rcutils/cmake/rcutilsConfig.cmake:41 (include)
[1.045s]   /home/ice/microros_ws/firmware/mcu_ws/install/share/rosidl_runtime_c/cmake/ament_cmake_export_dependencies-extras.cmake:21 (find_package)
[1.045s]   /home/ice/microros_ws/firmware/mcu_ws/install/share/rosidl_runtime_c/cmake/rosidl_runtime_cConfig.cmake:41 (include)
[1.045s]   /home/ice/microros_ws/firmware/mcu_ws/install/share/rosidl_typesupport_introspection_c/cmake/ament_cmake_export_dependencies-extras.cmake:21 (find_package)
[1.045s]   /home/ice/microros_ws/firmware/mcu_ws/install/share/rosidl_typesupport_introspection_c/cmake/rosidl_typesupport_introspection_cConfig.cmake:41 (include)
[1.045s]   /home/ice/microros_ws/firmware/mcu_ws/install/share/rosidl_typesupport_c/cmake/rosidl_typesupport_c-extras.cmake:13 (find_package)
[1.045s]   /home/ice/microros_ws/firmware/mcu_ws/install/share/rosidl_typesupport_c/cmake/rosidl_typesupport_cConfig.cmake:41 (include)
[1.045s]   /home/ice/microros_ws/firmware/mcu_ws/install/share/rosidl_default_generators/cmake/rosidl_default_generators-extras.cmake:21 (find_package)
[1.046s]   /home/ice/microros_ws/firmware/mcu_ws/install/share/rosidl_default_generators/cmake/rosidl_default_generatorsConfig.cmake:41 (include)
[1.046s]   CMakeLists.txt:14 (find_package)
[1.046s] 
[1.046s] [0m
[2.074s] -- Found ament_cmake_ros: 0.10.0 (/home/ice/microros_ws/firmware/dev_ws/install/ament_cmake_ros/share/ament_cmake_ros/cmake)
[2.358s] -- Using all available rosidl_typesupport_c: rosidl_typesupport_introspection_c;rosidl_typesupport_microxrcedds_c
[2.372s] -- Configuring done
[2.440s] -- Generating done
[2.452s] -- Build files have been written to: /home/ice/microros_ws/firmware/mcu_ws/build/lifecycle_msgs
[2.462s] /usr/bin/cmake -E cmake_progress_start /home/ice/microros_ws/firmware/mcu_ws/build/lifecycle_msgs/CMakeFiles /home/ice/microros_ws/firmware/mcu_ws/build/lifecycle_msgs//CMakeFiles/progress.marks
[2.481s] /usr/bin/gmake  -f CMakeFiles/Makefile2 all
[2.486s] gmake[5]: Entering directory '/home/ice/microros_ws/firmware/mcu_ws/build/lifecycle_msgs'
[2.486s] /usr/bin/gmake  -f CMakeFiles/lifecycle_msgs__rosidl_generator_c.dir/build.make CMakeFiles/lifecycle_msgs__rosidl_generator_c.dir/depend
[2.492s] gmake[6]: Entering directory '/home/ice/microros_ws/firmware/mcu_ws/build/lifecycle_msgs'
[2.492s] cd /home/ice/microros_ws/firmware/mcu_ws/build/lifecycle_msgs && /usr/bin/cmake -E cmake_depends "Unix Makefiles" /home/ice/microros_ws/firmware/mcu_ws/ros2/rcl_interfaces/lifecycle_msgs /home/ice/microros_ws/firmware/mcu_ws/ros2/rcl_interfaces/lifecycle_msgs /home/ice/microros_ws/firmware/mcu_ws/build/lifecycle_msgs /home/ice/microros_ws/firmware/mcu_ws/build/lifecycle_msgs /home/ice/microros_ws/firmware/mcu_ws/build/lifecycle_msgs/CMakeFiles/lifecycle_msgs__rosidl_generator_c.dir/DependInfo.cmake --color=
[2.534s] Dependencies file "CMakeFiles/lifecycle_msgs__rosidl_generator_c.dir/rosidl_generator_c/lifecycle_msgs/msg/detail/state__functions.c.obj.d" is newer than depends file "/home/ice/microros_ws/firmware/mcu_ws/build/lifecycle_msgs/CMakeFiles/lifecycle_msgs__rosidl_generator_c.dir/compiler_depend.internal".
[2.535s] Dependencies file "CMakeFiles/lifecycle_msgs__rosidl_generator_c.dir/rosidl_generator_c/lifecycle_msgs/msg/detail/transition__functions.c.obj.d" is newer than depends file "/home/ice/microros_ws/firmware/mcu_ws/build/lifecycle_msgs/CMakeFiles/lifecycle_msgs__rosidl_generator_c.dir/compiler_depend.internal".
[2.536s] Dependencies file "CMakeFiles/lifecycle_msgs__rosidl_generator_c.dir/rosidl_generator_c/lifecycle_msgs/msg/detail/transition_description__functions.c.obj.d" is newer than depends file "/home/ice/microros_ws/firmware/mcu_ws/build/lifecycle_msgs/CMakeFiles/lifecycle_msgs__rosidl_generator_c.dir/compiler_depend.internal".
[2.537s] Dependencies file "CMakeFiles/lifecycle_msgs__rosidl_generator_c.dir/rosidl_generator_c/lifecycle_msgs/msg/detail/transition_event__functions.c.obj.d" is newer than depends file "/home/ice/microros_ws/firmware/mcu_ws/build/lifecycle_msgs/CMakeFiles/lifecycle_msgs__rosidl_generator_c.dir/compiler_depend.internal".
[2.538s] Dependencies file "CMakeFiles/lifecycle_msgs__rosidl_generator_c.dir/rosidl_generator_c/lifecycle_msgs/srv/detail/change_state__functions.c.obj.d" is newer than depends file "/home/ice/microros_ws/firmware/mcu_ws/build/lifecycle_msgs/CMakeFiles/lifecycle_msgs__rosidl_generator_c.dir/compiler_depend.internal".
[2.538s] Dependencies file "CMakeFiles/lifecycle_msgs__rosidl_generator_c.dir/rosidl_generator_c/lifecycle_msgs/srv/detail/get_available_states__functions.c.obj.d" is newer than depends file "/home/ice/microros_ws/firmware/mcu_ws/build/lifecycle_msgs/CMakeFiles/lifecycle_msgs__rosidl_generator_c.dir/compiler_depend.internal".
[2.539s] Dependencies file "CMakeFiles/lifecycle_msgs__rosidl_generator_c.dir/rosidl_generator_c/lifecycle_msgs/srv/detail/get_available_transitions__functions.c.obj.d" is newer than depends file "/home/ice/microros_ws/firmware/mcu_ws/build/lifecycle_msgs/CMakeFiles/lifecycle_msgs__rosidl_generator_c.dir/compiler_depend.internal".
[2.539s] Dependencies file "CMakeFiles/lifecycle_msgs__rosidl_generator_c.dir/rosidl_generator_c/lifecycle_msgs/srv/detail/get_state__functions.c.obj.d" is newer than depends file "/home/ice/microros_ws/firmware/mcu_ws/build/lifecycle_msgs/CMakeFiles/lifecycle_msgs__rosidl_generator_c.dir/compiler_depend.internal".
[2.540s] [35m[1mConsolidate compiler generated dependencies of target lifecycle_msgs__rosidl_generator_c[0m
[2.547s] gmake[6]: Leaving directory '/home/ice/microros_ws/firmware/mcu_ws/build/lifecycle_msgs'
[2.548s] /usr/bin/gmake  -f CMakeFiles/lifecycle_msgs__rosidl_generator_c.dir/build.make CMakeFiles/lifecycle_msgs__rosidl_generator_c.dir/build
[2.555s] gmake[6]: Entering directory '/home/ice/microros_ws/firmware/mcu_ws/build/lifecycle_msgs'
[2.555s] gmake[6]: Nothing to be done for 'CMakeFiles/lifecycle_msgs__rosidl_generator_c.dir/build'.
[2.555s] gmake[6]: Leaving directory '/home/ice/microros_ws/firmware/mcu_ws/build/lifecycle_msgs'
[2.572s] [ 25%] Built target lifecycle_msgs__rosidl_generator_c
[2.574s] /usr/bin/gmake  -f CMakeFiles/lifecycle_msgs__rosidl_typesupport_introspection_c.dir/build.make CMakeFiles/lifecycle_msgs__rosidl_typesupport_introspection_c.dir/depend
[2.575s] /usr/bin/gmake  -f CMakeFiles/lifecycle_msgs__rosidl_typesupport_c.dir/build.make CMakeFiles/lifecycle_msgs__rosidl_typesupport_c.dir/depend
[2.579s] gmake[6]: Entering directory '/home/ice/microros_ws/firmware/mcu_ws/build/lifecycle_msgs'
[2.579s] cd /home/ice/microros_ws/firmware/mcu_ws/build/lifecycle_msgs && /usr/bin/cmake -E cmake_depends "Unix Makefiles" /home/ice/microros_ws/firmware/mcu_ws/ros2/rcl_interfaces/lifecycle_msgs /home/ice/microros_ws/firmware/mcu_ws/ros2/rcl_interfaces/lifecycle_msgs /home/ice/microros_ws/firmware/mcu_ws/build/lifecycle_msgs /home/ice/microros_ws/firmware/mcu_ws/build/lifecycle_msgs /home/ice/microros_ws/firmware/mcu_ws/build/lifecycle_msgs/CMakeFiles/lifecycle_msgs__rosidl_typesupport_introspection_c.dir/DependInfo.cmake --color=
[2.583s] gmake[6]: Entering directory '/home/ice/microros_ws/firmware/mcu_ws/build/lifecycle_msgs'
[2.583s] cd /home/ice/microros_ws/firmware/mcu_ws/build/lifecycle_msgs && /usr/bin/cmake -E cmake_depends "Unix Makefiles" /home/ice/microros_ws/firmware/mcu_ws/ros2/rcl_interfaces/lifecycle_msgs /home/ice/microros_ws/firmware/mcu_ws/ros2/rcl_interfaces/lifecycle_msgs /home/ice/microros_ws/firmware/mcu_ws/build/lifecycle_msgs /home/ice/microros_ws/firmware/mcu_ws/build/lifecycle_msgs /home/ice/microros_ws/firmware/mcu_ws/build/lifecycle_msgs/CMakeFiles/lifecycle_msgs__rosidl_typesupport_c.dir/DependInfo.cmake --color=
[2.614s] Dependencies file "CMakeFiles/lifecycle_msgs__rosidl_typesupport_c.dir/rosidl_typesupport_c/lifecycle_msgs/msg/state__type_support.cpp.obj.d" is newer than depends file "/home/ice/microros_ws/firmware/mcu_ws/build/lifecycle_msgs/CMakeFiles/lifecycle_msgs__rosidl_typesupport_c.dir/compiler_depend.internal".
[2.614s] Dependencies file "CMakeFiles/lifecycle_msgs__rosidl_typesupport_c.dir/rosidl_typesupport_c/lifecycle_msgs/msg/transition__type_support.cpp.obj.d" is newer than depends file "/home/ice/microros_ws/firmware/mcu_ws/build/lifecycle_msgs/CMakeFiles/lifecycle_msgs__rosidl_typesupport_c.dir/compiler_depend.internal".
[2.615s] Dependencies file "CMakeFiles/lifecycle_msgs__rosidl_typesupport_c.dir/rosidl_typesupport_c/lifecycle_msgs/msg/transition_description__type_support.cpp.obj.d" is newer than depends file "/home/ice/microros_ws/firmware/mcu_ws/build/lifecycle_msgs/CMakeFiles/lifecycle_msgs__rosidl_typesupport_c.dir/compiler_depend.internal".
[2.615s] Dependencies file "CMakeFiles/lifecycle_msgs__rosidl_typesupport_c.dir/rosidl_typesupport_c/lifecycle_msgs/msg/transition_event__type_support.cpp.obj.d" is newer than depends file "/home/ice/microros_ws/firmware/mcu_ws/build/lifecycle_msgs/CMakeFiles/lifecycle_msgs__rosidl_typesupport_c.dir/compiler_depend.internal".
[2.615s] Dependencies file "CMakeFiles/lifecycle_msgs__rosidl_typesupport_c.dir/rosidl_typesupport_c/lifecycle_msgs/srv/change_state__type_support.cpp.obj.d" is newer than depends file "/home/ice/microros_ws/firmware/mcu_ws/build/lifecycle_msgs/CMakeFiles/lifecycle_msgs__rosidl_typesupport_c.dir/compiler_depend.internal".
[2.616s] Dependencies file "CMakeFiles/lifecycle_msgs__rosidl_typesupport_c.dir/rosidl_typesupport_c/lifecycle_msgs/srv/get_available_states__type_support.cpp.obj.d" is newer than depends file "/home/ice/microros_ws/firmware/mcu_ws/build/lifecycle_msgs/CMakeFiles/lifecycle_msgs__rosidl_typesupport_c.dir/compiler_depend.internal".
[2.616s] Dependencies file "CMakeFiles/lifecycle_msgs__rosidl_typesupport_c.dir/rosidl_typesupport_c/lifecycle_msgs/srv/get_available_transitions__type_support.cpp.obj.d" is newer than depends file "/home/ice/microros_ws/firmware/mcu_ws/build/lifecycle_msgs/CMakeFiles/lifecycle_msgs__rosidl_typesupport_c.dir/compiler_depend.internal".
[2.616s] Dependencies file "CMakeFiles/lifecycle_msgs__rosidl_typesupport_c.dir/rosidl_typesupport_c/lifecycle_msgs/srv/get_state__type_support.cpp.obj.d" is newer than depends file "/home/ice/microros_ws/firmware/mcu_ws/build/lifecycle_msgs/CMakeFiles/lifecycle_msgs__rosidl_typesupport_c.dir/compiler_depend.internal".
[2.617s] [35m[1mConsolidate compiler generated dependencies of target lifecycle_msgs__rosidl_typesupport_c[0m
[2.623s] gmake[6]: Leaving directory '/home/ice/microros_ws/firmware/mcu_ws/build/lifecycle_msgs'
[2.623s] /usr/bin/gmake  -f CMakeFiles/lifecycle_msgs__rosidl_typesupport_c.dir/build.make CMakeFiles/lifecycle_msgs__rosidl_typesupport_c.dir/build
[2.629s] gmake[6]: Entering directory '/home/ice/microros_ws/firmware/mcu_ws/build/lifecycle_msgs'
[2.629s] gmake[6]: Nothing to be done for 'CMakeFiles/lifecycle_msgs__rosidl_typesupport_c.dir/build'.
[2.629s] gmake[6]: Leaving directory '/home/ice/microros_ws/firmware/mcu_ws/build/lifecycle_msgs'
[2.647s] [ 50%] Built target lifecycle_msgs__rosidl_typesupport_c
[2.649s] /usr/bin/gmake  -f CMakeFiles/lifecycle_msgs__rosidl_typesupport_microxrcedds_c.dir/build.make CMakeFiles/lifecycle_msgs__rosidl_typesupport_microxrcedds_c.dir/depend
[2.653s] gmake[6]: Entering directory '/home/ice/microros_ws/firmware/mcu_ws/build/lifecycle_msgs'
[2.653s] cd /home/ice/microros_ws/firmware/mcu_ws/build/lifecycle_msgs && /usr/bin/cmake -E cmake_depends "Unix Makefiles" /home/ice/microros_ws/firmware/mcu_ws/ros2/rcl_interfaces/lifecycle_msgs /home/ice/microros_ws/firmware/mcu_ws/ros2/rcl_interfaces/lifecycle_msgs /home/ice/microros_ws/firmware/mcu_ws/build/lifecycle_msgs /home/ice/microros_ws/firmware/mcu_ws/build/lifecycle_msgs /home/ice/microros_ws/firmware/mcu_ws/build/lifecycle_msgs/CMakeFiles/lifecycle_msgs__rosidl_typesupport_microxrcedds_c.dir/DependInfo.cmake --color=
[2.662s] Dependencies file "CMakeFiles/lifecycle_msgs__rosidl_typesupport_introspection_c.dir/rosidl_typesupport_introspection_c/lifecycle_msgs/msg/detail/state__type_support.c.obj.d" is newer than depends file "/home/ice/microros_ws/firmware/mcu_ws/build/lifecycle_msgs/CMakeFiles/lifecycle_msgs__rosidl_typesupport_introspection_c.dir/compiler_depend.internal".
[2.662s] Dependencies file "CMakeFiles/lifecycle_msgs__rosidl_typesupport_introspection_c.dir/rosidl_typesupport_introspection_c/lifecycle_msgs/msg/detail/transition__type_support.c.obj.d" is newer than depends file "/home/ice/microros_ws/firmware/mcu_ws/build/lifecycle_msgs/CMakeFiles/lifecycle_msgs__rosidl_typesupport_introspection_c.dir/compiler_depend.internal".
[2.662s] Dependencies file "CMakeFiles/lifecycle_msgs__rosidl_typesupport_introspection_c.dir/rosidl_typesupport_introspection_c/lifecycle_msgs/msg/detail/transition_description__type_support.c.obj.d" is newer than depends file "/home/ice/microros_ws/firmware/mcu_ws/build/lifecycle_msgs/CMakeFiles/lifecycle_msgs__rosidl_typesupport_introspection_c.dir/compiler_depend.internal".
[2.663s] Dependencies file "CMakeFiles/lifecycle_msgs__rosidl_typesupport_introspection_c.dir/rosidl_typesupport_introspection_c/lifecycle_msgs/msg/detail/transition_event__type_support.c.obj.d" is newer than depends file "/home/ice/microros_ws/firmware/mcu_ws/build/lifecycle_msgs/CMakeFiles/lifecycle_msgs__rosidl_typesupport_introspection_c.dir/compiler_depend.internal".
[2.663s] Dependencies file "CMakeFiles/lifecycle_msgs__rosidl_typesupport_introspection_c.dir/rosidl_typesupport_introspection_c/lifecycle_msgs/srv/detail/change_state__type_support.c.obj.d" is newer than depends file "/home/ice/microros_ws/firmware/mcu_ws/build/lifecycle_msgs/CMakeFiles/lifecycle_msgs__rosidl_typesupport_introspection_c.dir/compiler_depend.internal".
[2.663s] Dependencies file "CMakeFiles/lifecycle_msgs__rosidl_typesupport_introspection_c.dir/rosidl_typesupport_introspection_c/lifecycle_msgs/srv/detail/get_available_states__type_support.c.obj.d" is newer than depends file "/home/ice/microros_ws/firmware/mcu_ws/build/lifecycle_msgs/CMakeFiles/lifecycle_msgs__rosidl_typesupport_introspection_c.dir/compiler_depend.internal".
[2.663s] Dependencies file "CMakeFiles/lifecycle_msgs__rosidl_typesupport_introspection_c.dir/rosidl_typesupport_introspection_c/lifecycle_msgs/srv/detail/get_available_transitions__type_support.c.obj.d" is newer than depends file "/home/ice/microros_ws/firmware/mcu_ws/build/lifecycle_msgs/CMakeFiles/lifecycle_msgs__rosidl_typesupport_introspection_c.dir/compiler_depend.internal".
[2.663s] Dependencies file "CMakeFiles/lifecycle_msgs__rosidl_typesupport_introspection_c.dir/rosidl_typesupport_introspection_c/lifecycle_msgs/srv/detail/get_state__type_support.c.obj.d" is newer than depends file "/home/ice/microros_ws/firmware/mcu_ws/build/lifecycle_msgs/CMakeFiles/lifecycle_msgs__rosidl_typesupport_introspection_c.dir/compiler_depend.internal".
[2.663s] [35m[1mConsolidate compiler generated dependencies of target lifecycle_msgs__rosidl_typesupport_introspection_c[0m
[2.669s] gmake[6]: Leaving directory '/home/ice/microros_ws/firmware/mcu_ws/build/lifecycle_msgs'
[2.669s] /usr/bin/gmake  -f CMakeFiles/lifecycle_msgs__rosidl_typesupport_introspection_c.dir/build.make CMakeFiles/lifecycle_msgs__rosidl_typesupport_introspection_c.dir/build
[2.680s] Dependencies file "CMakeFiles/lifecycle_msgs__rosidl_typesupport_microxrcedds_c.dir/rosidl_typesupport_microxrcedds_c/lifecycle_msgs/msg/detail/microxrcedds/state__type_support_c.c.obj.d" is newer than depends file "/home/ice/microros_ws/firmware/mcu_ws/build/lifecycle_msgs/CMakeFiles/lifecycle_msgs__rosidl_typesupport_microxrcedds_c.dir/compiler_depend.internal".
[2.680s] Dependencies file "CMakeFiles/lifecycle_msgs__rosidl_typesupport_microxrcedds_c.dir/rosidl_typesupport_microxrcedds_c/lifecycle_msgs/msg/detail/microxrcedds/transition__type_support_c.c.obj.d" is newer than depends file "/home/ice/microros_ws/firmware/mcu_ws/build/lifecycle_msgs/CMakeFiles/lifecycle_msgs__rosidl_typesupport_microxrcedds_c.dir/compiler_depend.internal".
[2.681s] Dependencies file "CMakeFiles/lifecycle_msgs__rosidl_typesupport_microxrcedds_c.dir/rosidl_typesupport_microxrcedds_c/lifecycle_msgs/msg/detail/microxrcedds/transition_description__type_support_c.c.obj.d" is newer than depends file "/home/ice/microros_ws/firmware/mcu_ws/build/lifecycle_msgs/CMakeFiles/lifecycle_msgs__rosidl_typesupport_microxrcedds_c.dir/compiler_depend.internal".
[2.681s] Dependencies file "CMakeFiles/lifecycle_msgs__rosidl_typesupport_microxrcedds_c.dir/rosidl_typesupport_microxrcedds_c/lifecycle_msgs/msg/detail/microxrcedds/transition_event__type_support_c.c.obj.d" is newer than depends file "/home/ice/microros_ws/firmware/mcu_ws/build/lifecycle_msgs/CMakeFiles/lifecycle_msgs__rosidl_typesupport_microxrcedds_c.dir/compiler_depend.internal".
[2.682s] Dependencies file "CMakeFiles/lifecycle_msgs__rosidl_typesupport_microxrcedds_c.dir/rosidl_typesupport_microxrcedds_c/lifecycle_msgs/srv/detail/microxrcedds/change_state__type_support_c.c.obj.d" is newer than depends file "/home/ice/microros_ws/firmware/mcu_ws/build/lifecycle_msgs/CMakeFiles/lifecycle_msgs__rosidl_typesupport_microxrcedds_c.dir/compiler_depend.internal".
[2.682s] Dependencies file "CMakeFiles/lifecycle_msgs__rosidl_typesupport_microxrcedds_c.dir/rosidl_typesupport_microxrcedds_c/lifecycle_msgs/srv/detail/microxrcedds/get_available_states__type_support_c.c.obj.d" is newer than depends file "/home/ice/microros_ws/firmware/mcu_ws/build/lifecycle_msgs/CMakeFiles/lifecycle_msgs__rosidl_typesupport_microxrcedds_c.dir/compiler_depend.internal".
[2.682s] Dependencies file "CMakeFiles/lifecycle_msgs__rosidl_typesupport_microxrcedds_c.dir/rosidl_typesupport_microxrcedds_c/lifecycle_msgs/srv/detail/microxrcedds/get_available_transitions__type_support_c.c.obj.d" is newer than depends file "/home/ice/microros_ws/firmware/mcu_ws/build/lifecycle_msgs/CMakeFiles/lifecycle_msgs__rosidl_typesupport_microxrcedds_c.dir/compiler_depend.internal".
[2.683s] Dependencies file "CMakeFiles/lifecycle_msgs__rosidl_typesupport_microxrcedds_c.dir/rosidl_typesupport_microxrcedds_c/lifecycle_msgs/srv/detail/microxrcedds/get_state__type_support_c.c.obj.d" is newer than depends file "/home/ice/microros_ws/firmware/mcu_ws/build/lifecycle_msgs/CMakeFiles/lifecycle_msgs__rosidl_typesupport_microxrcedds_c.dir/compiler_depend.internal".
[2.683s] [35m[1mConsolidate compiler generated dependencies of target lifecycle_msgs__rosidl_typesupport_microxrcedds_c[0m
[2.690s] gmake[6]: Leaving directory '/home/ice/microros_ws/firmware/mcu_ws/build/lifecycle_msgs'
[2.690s] /usr/bin/gmake  -f CMakeFiles/lifecycle_msgs__rosidl_typesupport_microxrcedds_c.dir/build.make CMakeFiles/lifecycle_msgs__rosidl_typesupport_microxrcedds_c.dir/build
[2.693s] gmake[6]: Entering directory '/home/ice/microros_ws/firmware/mcu_ws/build/lifecycle_msgs'
[2.693s] gmake[6]: Nothing to be done for 'CMakeFiles/lifecycle_msgs__rosidl_typesupport_introspection_c.dir/build'.
[2.693s] gmake[6]: Leaving directory '/home/ice/microros_ws/firmware/mcu_ws/build/lifecycle_msgs'
[2.698s] gmake[6]: Entering directory '/home/ice/microros_ws/firmware/mcu_ws/build/lifecycle_msgs'
[2.701s] gmake[6]: Nothing to be done for 'CMakeFiles/lifecycle_msgs__rosidl_typesupport_microxrcedds_c.dir/build'.
[2.701s] gmake[6]: Leaving directory '/home/ice/microros_ws/firmware/mcu_ws/build/lifecycle_msgs'
[2.749s] [ 75%] Built target lifecycle_msgs__rosidl_typesupport_introspection_c
[2.755s] [100%] Built target lifecycle_msgs__rosidl_typesupport_microxrcedds_c
[2.757s] /usr/bin/gmake  -f CMakeFiles/lifecycle_msgs.dir/build.make CMakeFiles/lifecycle_msgs.dir/depend
[2.762s] gmake[6]: Entering directory '/home/ice/microros_ws/firmware/mcu_ws/build/lifecycle_msgs'
[2.763s] cd /home/ice/microros_ws/firmware/mcu_ws/build/lifecycle_msgs && /usr/bin/cmake -E cmake_depends "Unix Makefiles" /home/ice/microros_ws/firmware/mcu_ws/ros2/rcl_interfaces/lifecycle_msgs /home/ice/microros_ws/firmware/mcu_ws/ros2/rcl_interfaces/lifecycle_msgs /home/ice/microros_ws/firmware/mcu_ws/build/lifecycle_msgs /home/ice/microros_ws/firmware/mcu_ws/build/lifecycle_msgs /home/ice/microros_ws/firmware/mcu_ws/build/lifecycle_msgs/CMakeFiles/lifecycle_msgs.dir/DependInfo.cmake --color=
[2.794s] gmake[6]: Leaving directory '/home/ice/microros_ws/firmware/mcu_ws/build/lifecycle_msgs'
[2.794s] /usr/bin/gmake  -f CMakeFiles/lifecycle_msgs.dir/build.make CMakeFiles/lifecycle_msgs.dir/build
[2.799s] gmake[6]: Entering directory '/home/ice/microros_ws/firmware/mcu_ws/build/lifecycle_msgs'
[2.799s] gmake[6]: Nothing to be done for 'CMakeFiles/lifecycle_msgs.dir/build'.
[2.799s] gmake[6]: Leaving directory '/home/ice/microros_ws/firmware/mcu_ws/build/lifecycle_msgs'
[2.832s] [100%] Built target lifecycle_msgs
[2.840s] gmake[5]: Leaving directory '/home/ice/microros_ws/firmware/mcu_ws/build/lifecycle_msgs'
[2.840s] /usr/bin/cmake -E cmake_progress_start /home/ice/microros_ws/firmware/mcu_ws/build/lifecycle_msgs/CMakeFiles 0
[2.861s] gmake[4]: Leaving directory '/home/ice/microros_ws/firmware/mcu_ws/build/lifecycle_msgs'
[2.870s] Invoked command in '/home/ice/microros_ws/firmware/mcu_ws/build/lifecycle_msgs' returned '0': AMENT_PREFIX_PATH=/home/ice/microros_ws/firmware/mcu_ws/install:${AMENT_PREFIX_PATH} CMAKE_PREFIX_PATH=/home/ice/microros_ws/firmware/mcu_ws/install:/home/ice/microros_ws/firmware/dev_ws/install/ament_lint_common:/home/ice/microros_ws/firmware/dev_ws/install/ament_cmake_uncrustify:/home/ice/microros_ws/firmware/dev_ws/install/uncrustify_vendor:/home/ice/microros_ws/firmware/dev_ws/install/ament_cmake_ros:/home/ice/microros_ws/firmware/dev_ws/install/ament_cmake_auto:/home/ice/microros_ws/firmware/dev_ws/install/ament_cmake_gmock:/home/ice/microros_ws/firmware/dev_ws/install/gmock_vendor:/home/ice/microros_ws/firmware/dev_ws/install/ament_cmake_gtest:/home/ice/microros_ws/firmware/dev_ws/install/gtest_vendor:/home/ice/microros_ws/firmware/dev_ws/install/ament_cmake_xmllint:/home/ice/microros_ws/firmware/dev_ws/install/ament_cmake_pyflakes:/home/ice/microros_ws/firmware/dev_ws/install/ament_cmake_pycodestyle:/home/ice/microros_ws/firmware/dev_ws/install/ament_cmake_pep257:/home/ice/microros_ws/firmware/dev_ws/install/ament_cmake_pclint:/home/ice/microros_ws/firmware/dev_ws/install/ament_lint_auto:/home/ice/microros_ws/firmware/dev_ws/install/ament_cmake:/home/ice/microros_ws/firmware/dev_ws/install/ament_cmake_version:/home/ice/microros_ws/firmware/dev_ws/install/ament_cmake_vendor_package:/home/ice/microros_ws/firmware/dev_ws/install/ament_cmake_pytest:/home/ice/microros_ws/firmware/dev_ws/install/ament_cmake_nose:/home/ice/microros_ws/firmware/dev_ws/install/ament_cmake_mypy:/home/ice/microros_ws/firmware/dev_ws/install/ament_cmake_lint_cmake:/home/ice/microros_ws/firmware/dev_ws/install/ament_cmake_google_benchmark:/home/ice/microros_ws/firmware/dev_ws/install/ament_cmake_flake8:/home/ice/microros_ws/firmware/dev_ws/install/ament_cmake_cpplint:/home/ice/microros_ws/firmware/dev_ws/install/ament_cmake_cppcheck:/home/ice/microros_ws/firmware/dev_ws/install/ament_cmake_copyright:/home/ice/microros_ws/firmware/dev_ws/install/ament_cmake_clang_tidy:/home/ice/microros_ws/firmware/dev_ws/install/ament_cmake_clang_format:/home/ice/microros_ws/firmware/dev_ws/install/ament_cmake_test:/home/ice/microros_ws/firmware/dev_ws/install/ament_cmake_target_dependencies:/home/ice/microros_ws/firmware/dev_ws/install/ament_cmake_python:/home/ice/microros_ws/firmware/dev_ws/install/ament_cmake_export_dependencies:/home/ice/microros_ws/firmware/dev_ws/install/ament_cmake_libraries:/home/ice/microros_ws/firmware/dev_ws/install/ament_cmake_include_directories:/home/ice/microros_ws/firmware/dev_ws/install/ament_cmake_gen_version_h:/home/ice/microros_ws/firmware/dev_ws/install/ament_cmake_export_targets:/home/ice/microros_ws/firmware/dev_ws/install/ament_cmake_export_link_flags:/home/ice/microros_ws/firmware/dev_ws/install/ament_cmake_export_interfaces:/home/ice/microros_ws/firmware/dev_ws/install/ament_cmake_export_libraries:/home/ice/microros_ws/firmware/dev_ws/install/ament_cmake_export_include_directories:/home/ice/microros_ws/firmware/dev_ws/install/ament_cmake_export_definitions:/home/ice/microros_ws/firmware/dev_ws/install/ament_cmake_core:/home/ice/microros_ws/firmware/dev_ws/install/ament_index_cpp:/home/ice/microros_ws/firmware/dev_ws/install/ament_uncrustify:/home/ice/microros_ws/firmware/dev_ws/install/domain_coordinator:/home/ice/microros_ws/firmware/dev_ws/install/ament_xmllint:/home/ice/microros_ws/firmware/dev_ws/install/ament_pyflakes:/home/ice/microros_ws/firmware/dev_ws/install/ament_pycodestyle:/home/ice/microros_ws/firmware/dev_ws/install/ament_pep257:/home/ice/microros_ws/firmware/dev_ws/install/ament_pclint:/home/ice/microros_ws/firmware/dev_ws/install/ament_package:/home/ice/microros_ws/firmware/dev_ws/install/ament_mypy:/home/ice/microros_ws/firmware/dev_ws/install/ament_lint_cmake:/home/ice/microros_ws/firmware/dev_ws/install/ament_flake8:/home/ice/microros_ws/firmware/dev_ws/install/ament_copyright:/home/ice/microros_ws/firmware/dev_ws/install/ament_lint:/home/ice/microros_ws/firmware/dev_ws/install/ament_index_python:/home/ice/microros_ws/firmware/dev_ws/install/ament_cpplint:/home/ice/microros_ws/firmware/dev_ws/install/ament_cppcheck:/home/ice/microros_ws/firmware/dev_ws/install/ament_clang_tidy:/home/ice/microros_ws/firmware/dev_ws/install/ament_clang_format LD_LIBRARY_PATH=/home/ice/microros_ws/firmware/mcu_ws/install/lib:${LD_LIBRARY_PATH} PATH=/home/ice/microros_ws/firmware/mcu_ws/install/bin:${PATH} PYTHONPATH=/home/ice/microros_ws/firmware/mcu_ws/install/lib/python3.10/site-packages:${PYTHONPATH} /usr/bin/cmake --build /home/ice/microros_ws/firmware/mcu_ws/build/lifecycle_msgs -- -j2 -l2
[3.411s] Invoking command in '/home/ice/microros_ws/firmware/mcu_ws/build/lifecycle_msgs': AMENT_PREFIX_PATH=/home/ice/microros_ws/firmware/mcu_ws/install:${AMENT_PREFIX_PATH} CMAKE_PREFIX_PATH=/home/ice/microros_ws/firmware/mcu_ws/install:/home/ice/microros_ws/firmware/dev_ws/install/ament_lint_common:/home/ice/microros_ws/firmware/dev_ws/install/ament_cmake_uncrustify:/home/ice/microros_ws/firmware/dev_ws/install/uncrustify_vendor:/home/ice/microros_ws/firmware/dev_ws/install/ament_cmake_ros:/home/ice/microros_ws/firmware/dev_ws/install/ament_cmake_auto:/home/ice/microros_ws/firmware/dev_ws/install/ament_cmake_gmock:/home/ice/microros_ws/firmware/dev_ws/install/gmock_vendor:/home/ice/microros_ws/firmware/dev_ws/install/ament_cmake_gtest:/home/ice/microros_ws/firmware/dev_ws/install/gtest_vendor:/home/ice/microros_ws/firmware/dev_ws/install/ament_cmake_xmllint:/home/ice/microros_ws/firmware/dev_ws/install/ament_cmake_pyflakes:/home/ice/microros_ws/firmware/dev_ws/install/ament_cmake_pycodestyle:/home/ice/microros_ws/firmware/dev_ws/install/ament_cmake_pep257:/home/ice/microros_ws/firmware/dev_ws/install/ament_cmake_pclint:/home/ice/microros_ws/firmware/dev_ws/install/ament_lint_auto:/home/ice/microros_ws/firmware/dev_ws/install/ament_cmake:/home/ice/microros_ws/firmware/dev_ws/install/ament_cmake_version:/home/ice/microros_ws/firmware/dev_ws/install/ament_cmake_vendor_package:/home/ice/microros_ws/firmware/dev_ws/install/ament_cmake_pytest:/home/ice/microros_ws/firmware/dev_ws/install/ament_cmake_nose:/home/ice/microros_ws/firmware/dev_ws/install/ament_cmake_mypy:/home/ice/microros_ws/firmware/dev_ws/install/ament_cmake_lint_cmake:/home/ice/microros_ws/firmware/dev_ws/install/ament_cmake_google_benchmark:/home/ice/microros_ws/firmware/dev_ws/install/ament_cmake_flake8:/home/ice/microros_ws/firmware/dev_ws/install/ament_cmake_cpplint:/home/ice/microros_ws/firmware/dev_ws/install/ament_cmake_cppcheck:/home/ice/microros_ws/firmware/dev_ws/install/ament_cmake_copyright:/home/ice/microros_ws/firmware/dev_ws/install/ament_cmake_clang_tidy:/home/ice/microros_ws/firmware/dev_ws/install/ament_cmake_clang_format:/home/ice/microros_ws/firmware/dev_ws/install/ament_cmake_test:/home/ice/microros_ws/firmware/dev_ws/install/ament_cmake_target_dependencies:/home/ice/microros_ws/firmware/dev_ws/install/ament_cmake_python:/home/ice/microros_ws/firmware/dev_ws/install/ament_cmake_export_dependencies:/home/ice/microros_ws/firmware/dev_ws/install/ament_cmake_libraries:/home/ice/microros_ws/firmware/dev_ws/install/ament_cmake_include_directories:/home/ice/microros_ws/firmware/dev_ws/install/ament_cmake_gen_version_h:/home/ice/microros_ws/firmware/dev_ws/install/ament_cmake_export_targets:/home/ice/microros_ws/firmware/dev_ws/install/ament_cmake_export_link_flags:/home/ice/microros_ws/firmware/dev_ws/install/ament_cmake_export_interfaces:/home/ice/microros_ws/firmware/dev_ws/install/ament_cmake_export_libraries:/home/ice/microros_ws/firmware/dev_ws/install/ament_cmake_export_include_directories:/home/ice/microros_ws/firmware/dev_ws/install/ament_cmake_export_definitions:/home/ice/microros_ws/firmware/dev_ws/install/ament_cmake_core:/home/ice/microros_ws/firmware/dev_ws/install/ament_index_cpp:/home/ice/microros_ws/firmware/dev_ws/install/ament_uncrustify:/home/ice/microros_ws/firmware/dev_ws/install/domain_coordinator:/home/ice/microros_ws/firmware/dev_ws/install/ament_xmllint:/home/ice/microros_ws/firmware/dev_ws/install/ament_pyflakes:/home/ice/microros_ws/firmware/dev_ws/install/ament_pycodestyle:/home/ice/microros_ws/firmware/dev_ws/install/ament_pep257:/home/ice/microros_ws/firmware/dev_ws/install/ament_pclint:/home/ice/microros_ws/firmware/dev_ws/install/ament_package:/home/ice/microros_ws/firmware/dev_ws/install/ament_mypy:/home/ice/microros_ws/firmware/dev_ws/install/ament_lint_cmake:/home/ice/microros_ws/firmware/dev_ws/install/ament_flake8:/home/ice/microros_ws/firmware/dev_ws/install/ament_copyright:/home/ice/microros_ws/firmware/dev_ws/install/ament_lint:/home/ice/microros_ws/firmware/dev_ws/install/ament_index_python:/home/ice/microros_ws/firmware/dev_ws/install/ament_cpplint:/home/ice/microros_ws/firmware/dev_ws/install/ament_cppcheck:/home/ice/microros_ws/firmware/dev_ws/install/ament_clang_tidy:/home/ice/microros_ws/firmware/dev_ws/install/ament_clang_format LD_LIBRARY_PATH=/home/ice/microros_ws/firmware/mcu_ws/install/lib:${LD_LIBRARY_PATH} PATH=/home/ice/microros_ws/firmware/mcu_ws/install/bin:${PATH} PYTHONPATH=/home/ice/microros_ws/firmware/mcu_ws/install/lib/python3.10/site-packages:${PYTHONPATH} /usr/bin/cmake --install /home/ice/microros_ws/firmware/mcu_ws/build/lifecycle_msgs
[3.435s] -- Install configuration: "Debug"
[3.436s] -- Up-to-date: /home/ice/microros_ws/firmware/mcu_ws/install/share/ament_index/resource_index/rosidl_interfaces/lifecycle_msgs
[3.437s] -- Up-to-date: /home/ice/microros_ws/firmware/mcu_ws/install/include/lifecycle_msgs/lifecycle_msgs
[3.437s] -- Up-to-date: /home/ice/microros_ws/firmware/mcu_ws/install/include/lifecycle_msgs/lifecycle_msgs/srv
[3.438s] -- Up-to-date: /home/ice/microros_ws/firmware/mcu_ws/install/include/lifecycle_msgs/lifecycle_msgs/srv/detail
[3.439s] -- Up-to-date: /home/ice/microros_ws/firmware/mcu_ws/install/include/lifecycle_msgs/lifecycle_msgs/srv/detail/get_available_states__functions.c
[3.439s] -- Up-to-date: /home/ice/microros_ws/firmware/mcu_ws/install/include/lifecycle_msgs/lifecycle_msgs/srv/detail/get_available_transitions__functions.h
[3.439s] -- Up-to-date: /home/ice/microros_ws/firmware/mcu_ws/install/include/lifecycle_msgs/lifecycle_msgs/srv/detail/get_state__type_support.h
[3.439s] -- Up-to-date: /home/ice/microros_ws/firmware/mcu_ws/install/include/lifecycle_msgs/lifecycle_msgs/srv/detail/get_available_states__functions.h
[3.439s] -- Up-to-date: /home/ice/microros_ws/firmware/mcu_ws/install/include/lifecycle_msgs/lifecycle_msgs/srv/detail/get_available_transitions__type_support.h
[3.440s] -- Up-to-date: /home/ice/microros_ws/firmware/mcu_ws/install/include/lifecycle_msgs/lifecycle_msgs/srv/detail/change_state__struct.h
[3.441s] -- Up-to-date: /home/ice/microros_ws/firmware/mcu_ws/install/include/lifecycle_msgs/lifecycle_msgs/srv/detail/get_state__functions.h
[3.441s] -- Up-to-date: /home/ice/microros_ws/firmware/mcu_ws/install/include/lifecycle_msgs/lifecycle_msgs/srv/detail/change_state__type_support.h
[3.442s] -- Up-to-date: /home/ice/microros_ws/firmware/mcu_ws/install/include/lifecycle_msgs/lifecycle_msgs/srv/detail/change_state__functions.h
[3.442s] -- Up-to-date: /home/ice/microros_ws/firmware/mcu_ws/install/include/lifecycle_msgs/lifecycle_msgs/srv/detail/get_available_states__type_support.h
[3.442s] -- Up-to-date: /home/ice/microros_ws/firmware/mcu_ws/install/include/lifecycle_msgs/lifecycle_msgs/srv/detail/change_state__functions.c
[3.444s] -- Up-to-date: /home/ice/microros_ws/firmware/mcu_ws/install/include/lifecycle_msgs/lifecycle_msgs/srv/detail/get_state__struct.h
[3.444s] -- Up-to-date: /home/ice/microros_ws/firmware/mcu_ws/install/include/lifecycle_msgs/lifecycle_msgs/srv/detail/get_state__functions.c
[3.445s] -- Up-to-date: /home/ice/microros_ws/firmware/mcu_ws/install/include/lifecycle_msgs/lifecycle_msgs/srv/detail/get_available_states__struct.h
[3.445s] -- Up-to-date: /home/ice/microros_ws/firmware/mcu_ws/install/include/lifecycle_msgs/lifecycle_msgs/srv/detail/get_available_transitions__struct.h
[3.445s] -- Up-to-date: /home/ice/microros_ws/firmware/mcu_ws/install/include/lifecycle_msgs/lifecycle_msgs/srv/detail/get_available_transitions__functions.c
[3.446s] -- Up-to-date: /home/ice/microros_ws/firmware/mcu_ws/install/include/lifecycle_msgs/lifecycle_msgs/srv/get_available_states.h
[3.446s] -- Up-to-date: /home/ice/microros_ws/firmware/mcu_ws/install/include/lifecycle_msgs/lifecycle_msgs/srv/get_available_transitions.h
[3.446s] -- Up-to-date: /home/ice/microros_ws/firmware/mcu_ws/install/include/lifecycle_msgs/lifecycle_msgs/srv/change_state.h
[3.446s] -- Up-to-date: /home/ice/microros_ws/firmware/mcu_ws/install/include/lifecycle_msgs/lifecycle_msgs/srv/get_state.h
[3.446s] -- Up-to-date: /home/ice/microros_ws/firmware/mcu_ws/install/include/lifecycle_msgs/lifecycle_msgs/msg
[3.448s] -- Up-to-date: /home/ice/microros_ws/firmware/mcu_ws/install/include/lifecycle_msgs/lifecycle_msgs/msg/transition_description.h
[3.448s] -- Up-to-date: /home/ice/microros_ws/firmware/mcu_ws/install/include/lifecycle_msgs/lifecycle_msgs/msg/detail
[3.448s] -- Up-to-date: /home/ice/microros_ws/firmware/mcu_ws/install/include/lifecycle_msgs/lifecycle_msgs/msg/detail/transition__functions.c
[3.448s] -- Up-to-date: /home/ice/microros_ws/firmware/mcu_ws/install/include/lifecycle_msgs/lifecycle_msgs/msg/detail/transition_description__struct.h
[3.449s] -- Up-to-date: /home/ice/microros_ws/firmware/mcu_ws/install/include/lifecycle_msgs/lifecycle_msgs/msg/detail/state__functions.c
[3.450s] -- Up-to-date: /home/ice/microros_ws/firmware/mcu_ws/install/include/lifecycle_msgs/lifecycle_msgs/msg/detail/transition__struct.h
[3.450s] -- Up-to-date: /home/ice/microros_ws/firmware/mcu_ws/install/include/lifecycle_msgs/lifecycle_msgs/msg/detail/transition__type_support.h
[3.450s] -- Up-to-date: /home/ice/microros_ws/firmware/mcu_ws/install/include/lifecycle_msgs/lifecycle_msgs/msg/detail/transition_event__functions.c
[3.450s] -- Up-to-date: /home/ice/microros_ws/firmware/mcu_ws/install/include/lifecycle_msgs/lifecycle_msgs/msg/detail/transition_description__type_support.h
[3.451s] -- Up-to-date: /home/ice/microros_ws/firmware/mcu_ws/install/include/lifecycle_msgs/lifecycle_msgs/msg/detail/transition_event__type_support.h
[3.452s] -- Up-to-date: /home/ice/microros_ws/firmware/mcu_ws/install/include/lifecycle_msgs/lifecycle_msgs/msg/detail/transition_event__functions.h
[3.452s] -- Up-to-date: /home/ice/microros_ws/firmware/mcu_ws/install/include/lifecycle_msgs/lifecycle_msgs/msg/detail/state__functions.h
[3.452s] -- Up-to-date: /home/ice/microros_ws/firmware/mcu_ws/install/include/lifecycle_msgs/lifecycle_msgs/msg/detail/transition_description__functions.h
[3.453s] -- Up-to-date: /home/ice/microros_ws/firmware/mcu_ws/install/include/lifecycle_msgs/lifecycle_msgs/msg/detail/state__type_support.h
[3.455s] -- Up-to-date: /home/ice/microros_ws/firmware/mcu_ws/install/include/lifecycle_msgs/lifecycle_msgs/msg/detail/state__struct.h
[3.455s] -- Up-to-date: /home/ice/microros_ws/firmware/mcu_ws/install/include/lifecycle_msgs/lifecycle_msgs/msg/detail/transition_description__functions.c
[3.455s] -- Up-to-date: /home/ice/microros_ws/firmware/mcu_ws/install/include/lifecycle_msgs/lifecycle_msgs/msg/detail/transition__functions.h
[3.455s] -- Up-to-date: /home/ice/microros_ws/firmware/mcu_ws/install/include/lifecycle_msgs/lifecycle_msgs/msg/detail/transition_event__struct.h
[3.455s] -- Up-to-date: /home/ice/microros_ws/firmware/mcu_ws/install/include/lifecycle_msgs/lifecycle_msgs/msg/state.h
[3.455s] -- Up-to-date: /home/ice/microros_ws/firmware/mcu_ws/install/include/lifecycle_msgs/lifecycle_msgs/msg/transition_event.h
[3.455s] -- Up-to-date: /home/ice/microros_ws/firmware/mcu_ws/install/include/lifecycle_msgs/lifecycle_msgs/msg/transition.h
[3.456s] -- Up-to-date: /home/ice/microros_ws/firmware/mcu_ws/install/include/lifecycle_msgs/lifecycle_msgs/msg/rosidl_generator_c__visibility_control.h
[3.457s] -- Up-to-date: /home/ice/microros_ws/firmware/mcu_ws/install/share/lifecycle_msgs/environment/library_path.sh
[3.458s] -- Installing: /home/ice/microros_ws/firmware/mcu_ws/install/share/lifecycle_msgs/environment/library_path.dsv
[3.460s] -- Up-to-date: /home/ice/microros_ws/firmware/mcu_ws/install/lib/liblifecycle_msgs__rosidl_generator_c.a
[3.460s] -- Up-to-date: /home/ice/microros_ws/firmware/mcu_ws/install/include/lifecycle_msgs/lifecycle_msgs
[3.464s] -- Up-to-date: /home/ice/microros_ws/firmware/mcu_ws/install/include/lifecycle_msgs/lifecycle_msgs/srv
[3.464s] -- Up-to-date: /home/ice/microros_ws/firmware/mcu_ws/install/include/lifecycle_msgs/lifecycle_msgs/srv/detail
[3.464s] -- Up-to-date: /home/ice/microros_ws/firmware/mcu_ws/install/include/lifecycle_msgs/lifecycle_msgs/srv/detail/get_available_transitions__rosidl_typesupport_introspection_c.h
[3.464s] -- Up-to-date: /home/ice/microros_ws/firmware/mcu_ws/install/include/lifecycle_msgs/lifecycle_msgs/srv/detail/get_state__type_support.c
[3.464s] -- Up-to-date: /home/ice/microros_ws/firmware/mcu_ws/install/include/lifecycle_msgs/lifecycle_msgs/srv/detail/change_state__rosidl_typesupport_introspection_c.h
[3.464s] -- Up-to-date: /home/ice/microros_ws/firmware/mcu_ws/install/include/lifecycle_msgs/lifecycle_msgs/srv/detail/get_available_states__type_support.c
[3.464s] -- Up-to-date: /home/ice/microros_ws/firmware/mcu_ws/install/include/lifecycle_msgs/lifecycle_msgs/srv/detail/change_state__type_support.c
[3.465s] -- Up-to-date: /home/ice/microros_ws/firmware/mcu_ws/install/include/lifecycle_msgs/lifecycle_msgs/srv/detail/get_state__rosidl_typesupport_introspection_c.h
[3.465s] -- Up-to-date: /home/ice/microros_ws/firmware/mcu_ws/install/include/lifecycle_msgs/lifecycle_msgs/srv/detail/get_available_states__rosidl_typesupport_introspection_c.h
[3.465s] -- Up-to-date: /home/ice/microros_ws/firmware/mcu_ws/install/include/lifecycle_msgs/lifecycle_msgs/srv/detail/get_available_transitions__type_support.c
[3.465s] -- Up-to-date: /home/ice/microros_ws/firmware/mcu_ws/install/include/lifecycle_msgs/lifecycle_msgs/msg
[3.465s] -- Up-to-date: /home/ice/microros_ws/firmware/mcu_ws/install/include/lifecycle_msgs/lifecycle_msgs/msg/detail
[3.465s] -- Up-to-date: /home/ice/microros_ws/firmware/mcu_ws/install/include/lifecycle_msgs/lifecycle_msgs/msg/detail/state__rosidl_typesupport_introspection_c.h
[3.465s] -- Up-to-date: /home/ice/microros_ws/firmware/mcu_ws/install/include/lifecycle_msgs/lifecycle_msgs/msg/detail/transition__rosidl_typesupport_introspection_c.h
[3.465s] -- Up-to-date: /home/ice/microros_ws/firmware/mcu_ws/install/include/lifecycle_msgs/lifecycle_msgs/msg/detail/transition__type_support.c
[3.466s] -- Up-to-date: /home/ice/microros_ws/firmware/mcu_ws/install/include/lifecycle_msgs/lifecycle_msgs/msg/detail/transition_description__type_support.c
[3.467s] -- Up-to-date: /home/ice/microros_ws/firmware/mcu_ws/install/include/lifecycle_msgs/lifecycle_msgs/msg/detail/transition_event__rosidl_typesupport_introspection_c.h
[3.489s] -- Up-to-date: /home/ice/microros_ws/firmware/mcu_ws/install/include/lifecycle_msgs/lifecycle_msgs/msg/detail/transition_description__rosidl_typesupport_introspection_c.h
[3.490s] -- Up-to-date: /home/ice/microros_ws/firmware/mcu_ws/install/include/lifecycle_msgs/lifecycle_msgs/msg/detail/state__type_support.c
[3.490s] -- Up-to-date: /home/ice/microros_ws/firmware/mcu_ws/install/include/lifecycle_msgs/lifecycle_msgs/msg/detail/transition_event__type_support.c
[3.490s] -- Up-to-date: /home/ice/microros_ws/firmware/mcu_ws/install/include/lifecycle_msgs/lifecycle_msgs/msg/rosidl_typesupport_introspection_c__visibility_control.h
[3.490s] -- Up-to-date: /home/ice/microros_ws/firmware/mcu_ws/install/lib/liblifecycle_msgs__rosidl_typesupport_introspection_c.a
[3.490s] -- Up-to-date: /home/ice/microros_ws/firmware/mcu_ws/install/include/lifecycle_msgs
[3.490s] -- Up-to-date: /home/ice/microros_ws/firmware/mcu_ws/install/include/lifecycle_msgs/srv
[3.491s] -- Up-to-date: /home/ice/microros_ws/firmware/mcu_ws/install/include/lifecycle_msgs/srv/detail
[3.495s] -- Up-to-date: /home/ice/microros_ws/firmware/mcu_ws/install/include/lifecycle_msgs/srv/detail/get_available_transitions__rosidl_typesupport_microxrcedds_c.h
[3.495s] -- Up-to-date: /home/ice/microros_ws/firmware/mcu_ws/install/include/lifecycle_msgs/srv/detail/change_state__rosidl_typesupport_microxrcedds_c.h
[3.506s] -- Up-to-date: /home/ice/microros_ws/firmware/mcu_ws/install/include/lifecycle_msgs/srv/detail/microxrcedds
[3.506s] -- Up-to-date: /home/ice/microros_ws/firmware/mcu_ws/install/include/lifecycle_msgs/srv/detail/get_available_states__rosidl_typesupport_microxrcedds_c.h
[3.507s] -- Up-to-date: /home/ice/microros_ws/firmware/mcu_ws/install/include/lifecycle_msgs/srv/detail/get_state__rosidl_typesupport_microxrcedds_c.h
[3.507s] -- Up-to-date: /home/ice/microros_ws/firmware/mcu_ws/install/include/lifecycle_msgs/msg
[3.507s] -- Up-to-date: /home/ice/microros_ws/firmware/mcu_ws/install/include/lifecycle_msgs/msg/detail
[3.507s] -- Up-to-date: /home/ice/microros_ws/firmware/mcu_ws/install/include/lifecycle_msgs/msg/detail/transition__rosidl_typesupport_microxrcedds_c.h
[3.507s] -- Up-to-date: /home/ice/microros_ws/firmware/mcu_ws/install/include/lifecycle_msgs/msg/detail/transition_description__rosidl_typesupport_microxrcedds_c.h
[3.507s] -- Up-to-date: /home/ice/microros_ws/firmware/mcu_ws/install/include/lifecycle_msgs/msg/detail/state__rosidl_typesupport_microxrcedds_c.h
[3.507s] -- Up-to-date: /home/ice/microros_ws/firmware/mcu_ws/install/include/lifecycle_msgs/msg/detail/microxrcedds
[3.508s] -- Up-to-date: /home/ice/microros_ws/firmware/mcu_ws/install/include/lifecycle_msgs/msg/detail/transition_event__rosidl_typesupport_microxrcedds_c.h
[3.508s] -- Up-to-date: /home/ice/microros_ws/firmware/mcu_ws/install/include/lifecycle_msgs/msg/rosidl_typesupport_microxrcedds_c__visibility_control.h
[3.508s] -- Up-to-date: /home/ice/microros_ws/firmware/mcu_ws/install/lib/liblifecycle_msgs__rosidl_typesupport_microxrcedds_c.a
[3.508s] -- Up-to-date: /home/ice/microros_ws/firmware/mcu_ws/install/lib/liblifecycle_msgs__rosidl_typesupport_c.a
[3.508s] -- Up-to-date: /home/ice/microros_ws/firmware/mcu_ws/install/share/lifecycle_msgs/msg/State.idl
[3.509s] -- Up-to-date: /home/ice/microros_ws/firmware/mcu_ws/install/share/lifecycle_msgs/msg/Transition.idl
[3.509s] -- Up-to-date: /home/ice/microros_ws/firmware/mcu_ws/install/share/lifecycle_msgs/msg/TransitionDescription.idl
[3.509s] -- Up-to-date: /home/ice/microros_ws/firmware/mcu_ws/install/share/lifecycle_msgs/msg/TransitionEvent.idl
[3.509s] -- Up-to-date: /home/ice/microros_ws/firmware/mcu_ws/install/share/lifecycle_msgs/srv/ChangeState.idl
[3.513s] -- Up-to-date: /home/ice/microros_ws/firmware/mcu_ws/install/share/lifecycle_msgs/srv/GetAvailableStates.idl
[3.524s] -- Up-to-date: /home/ice/microros_ws/firmware/mcu_ws/install/share/lifecycle_msgs/srv/GetAvailableTransitions.idl
[3.524s] -- Up-to-date: /home/ice/microros_ws/firmware/mcu_ws/install/share/lifecycle_msgs/srv/GetState.idl
[3.525s] -- Up-to-date: /home/ice/microros_ws/firmware/mcu_ws/install/share/lifecycle_msgs/msg/State.msg
[3.525s] -- Up-to-date: /home/ice/microros_ws/firmware/mcu_ws/install/share/lifecycle_msgs/msg/Transition.msg
[3.525s] -- Up-to-date: /home/ice/microros_ws/firmware/mcu_ws/install/share/lifecycle_msgs/msg/TransitionDescription.msg
[3.525s] -- Up-to-date: /home/ice/microros_ws/firmware/mcu_ws/install/share/lifecycle_msgs/msg/TransitionEvent.msg
[3.525s] -- Up-to-date: /home/ice/microros_ws/firmware/mcu_ws/install/share/lifecycle_msgs/srv/ChangeState.srv
[3.526s] -- Up-to-date: /home/ice/microros_ws/firmware/mcu_ws/install/share/lifecycle_msgs/srv/ChangeState_Request.msg
[3.526s] -- Up-to-date: /home/ice/microros_ws/firmware/mcu_ws/install/share/lifecycle_msgs/srv/ChangeState_Response.msg
[3.526s] -- Up-to-date: /home/ice/microros_ws/firmware/mcu_ws/install/share/lifecycle_msgs/srv/GetAvailableStates.srv
[3.526s] -- Up-to-date: /home/ice/microros_ws/firmware/mcu_ws/install/share/lifecycle_msgs/srv/GetAvailableStates_Request.msg
[3.527s] -- Up-to-date: /home/ice/microros_ws/firmware/mcu_ws/install/share/lifecycle_msgs/srv/GetAvailableStates_Response.msg
[3.527s] -- Up-to-date: /home/ice/microros_ws/firmware/mcu_ws/install/share/lifecycle_msgs/srv/GetAvailableTransitions.srv
[3.527s] -- Up-to-date: /home/ice/microros_ws/firmware/mcu_ws/install/share/lifecycle_msgs/srv/GetAvailableTransitions_Request.msg
[3.527s] -- Up-to-date: /home/ice/microros_ws/firmware/mcu_ws/install/share/lifecycle_msgs/srv/GetAvailableTransitions_Response.msg
[3.527s] -- Up-to-date: /home/ice/microros_ws/firmware/mcu_ws/install/share/lifecycle_msgs/srv/GetState.srv
[3.527s] -- Up-to-date: /home/ice/microros_ws/firmware/mcu_ws/install/share/lifecycle_msgs/srv/GetState_Request.msg
[3.528s] -- Up-to-date: /home/ice/microros_ws/firmware/mcu_ws/install/share/lifecycle_msgs/srv/GetState_Response.msg
[3.528s] -- Up-to-date: /home/ice/microros_ws/firmware/mcu_ws/install/share/ament_index/resource_index/package_run_dependencies/lifecycle_msgs
[3.528s] -- Up-to-date: /home/ice/microros_ws/firmware/mcu_ws/install/share/ament_index/resource_index/parent_prefix_path/lifecycle_msgs
[3.529s] -- Up-to-date: /home/ice/microros_ws/firmware/mcu_ws/install/share/lifecycle_msgs/environment/ament_prefix_path.sh
[3.529s] -- Installing: /home/ice/microros_ws/firmware/mcu_ws/install/share/lifecycle_msgs/environment/ament_prefix_path.dsv
[3.530s] -- Up-to-date: /home/ice/microros_ws/firmware/mcu_ws/install/share/lifecycle_msgs/environment/path.sh
[3.530s] -- Installing: /home/ice/microros_ws/firmware/mcu_ws/install/share/lifecycle_msgs/environment/path.dsv
[3.531s] -- Up-to-date: /home/ice/microros_ws/firmware/mcu_ws/install/share/lifecycle_msgs/local_setup.bash
[3.531s] -- Up-to-date: /home/ice/microros_ws/firmware/mcu_ws/install/share/lifecycle_msgs/local_setup.sh
[3.532s] -- Up-to-date: /home/ice/microros_ws/firmware/mcu_ws/install/share/lifecycle_msgs/local_setup.zsh
[3.532s] -- Installing: /home/ice/microros_ws/firmware/mcu_ws/install/share/lifecycle_msgs/local_setup.dsv
[3.533s] -- Installing: /home/ice/microros_ws/firmware/mcu_ws/install/share/lifecycle_msgs/package.dsv
[3.549s] -- Up-to-date: /home/ice/microros_ws/firmware/mcu_ws/install/share/ament_index/resource_index/packages/lifecycle_msgs
[3.554s] -- Up-to-date: /home/ice/microros_ws/firmware/mcu_ws/install/share/lifecycle_msgs/cmake/export_lifecycle_msgs__rosidl_generator_cExport.cmake
[3.555s] -- Up-to-date: /home/ice/microros_ws/firmware/mcu_ws/install/share/lifecycle_msgs/cmake/export_lifecycle_msgs__rosidl_generator_cExport-debug.cmake
[3.555s] -- Up-to-date: /home/ice/microros_ws/firmware/mcu_ws/install/share/lifecycle_msgs/cmake/lifecycle_msgs__rosidl_typesupport_introspection_cExport.cmake
[3.555s] -- Up-to-date: /home/ice/microros_ws/firmware/mcu_ws/install/share/lifecycle_msgs/cmake/lifecycle_msgs__rosidl_typesupport_introspection_cExport-debug.cmake
[3.555s] -- Up-to-date: /home/ice/microros_ws/firmware/mcu_ws/install/share/lifecycle_msgs/cmake/lifecycle_msgs__rosidl_typesupport_cExport.cmake
[3.555s] -- Up-to-date: /home/ice/microros_ws/firmware/mcu_ws/install/share/lifecycle_msgs/cmake/lifecycle_msgs__rosidl_typesupport_cExport-debug.cmake
[3.555s] -- Up-to-date: /home/ice/microros_ws/firmware/mcu_ws/install/share/lifecycle_msgs/cmake/rosidl_cmake-extras.cmake
[3.556s] -- Up-to-date: /home/ice/microros_ws/firmware/mcu_ws/install/share/lifecycle_msgs/cmake/ament_cmake_export_include_directories-extras.cmake
[3.556s] -- Up-to-date: /home/ice/microros_ws/firmware/mcu_ws/install/share/lifecycle_msgs/cmake/ament_cmake_export_libraries-extras.cmake
[3.557s] -- Up-to-date: /home/ice/microros_ws/firmware/mcu_ws/install/share/lifecycle_msgs/cmake/ament_cmake_export_targets-extras.cmake
[3.557s] -- Up-to-date: /home/ice/microros_ws/firmware/mcu_ws/install/share/lifecycle_msgs/cmake/rosidl_cmake_export_typesupport_targets-extras.cmake
[3.557s] -- Up-to-date: /home/ice/microros_ws/firmware/mcu_ws/install/share/lifecycle_msgs/cmake/ament_cmake_export_dependencies-extras.cmake
[3.557s] -- Up-to-date: /home/ice/microros_ws/firmware/mcu_ws/install/share/lifecycle_msgs/cmake/rosidl_cmake_export_typesupport_libraries-extras.cmake
[3.559s] -- Up-to-date: /home/ice/microros_ws/firmware/mcu_ws/install/share/lifecycle_msgs/cmake/lifecycle_msgsConfig.cmake
[3.559s] -- Up-to-date: /home/ice/microros_ws/firmware/mcu_ws/install/share/lifecycle_msgs/cmake/lifecycle_msgsConfig-version.cmake
[3.559s] -- Up-to-date: /home/ice/microros_ws/firmware/mcu_ws/install/share/lifecycle_msgs/package.xml
[3.561s] Invoked command in '/home/ice/microros_ws/firmware/mcu_ws/build/lifecycle_msgs' returned '0': AMENT_PREFIX_PATH=/home/ice/microros_ws/firmware/mcu_ws/install:${AMENT_PREFIX_PATH} CMAKE_PREFIX_PATH=/home/ice/microros_ws/firmware/mcu_ws/install:/home/ice/microros_ws/firmware/dev_ws/install/ament_lint_common:/home/ice/microros_ws/firmware/dev_ws/install/ament_cmake_uncrustify:/home/ice/microros_ws/firmware/dev_ws/install/uncrustify_vendor:/home/ice/microros_ws/firmware/dev_ws/install/ament_cmake_ros:/home/ice/microros_ws/firmware/dev_ws/install/ament_cmake_auto:/home/ice/microros_ws/firmware/dev_ws/install/ament_cmake_gmock:/home/ice/microros_ws/firmware/dev_ws/install/gmock_vendor:/home/ice/microros_ws/firmware/dev_ws/install/ament_cmake_gtest:/home/ice/microros_ws/firmware/dev_ws/install/gtest_vendor:/home/ice/microros_ws/firmware/dev_ws/install/ament_cmake_xmllint:/home/ice/microros_ws/firmware/dev_ws/install/ament_cmake_pyflakes:/home/ice/microros_ws/firmware/dev_ws/install/ament_cmake_pycodestyle:/home/ice/microros_ws/firmware/dev_ws/install/ament_cmake_pep257:/home/ice/microros_ws/firmware/dev_ws/install/ament_cmake_pclint:/home/ice/microros_ws/firmware/dev_ws/install/ament_lint_auto:/home/ice/microros_ws/firmware/dev_ws/install/ament_cmake:/home/ice/microros_ws/firmware/dev_ws/install/ament_cmake_version:/home/ice/microros_ws/firmware/dev_ws/install/ament_cmake_vendor_package:/home/ice/microros_ws/firmware/dev_ws/install/ament_cmake_pytest:/home/ice/microros_ws/firmware/dev_ws/install/ament_cmake_nose:/home/ice/microros_ws/firmware/dev_ws/install/ament_cmake_mypy:/home/ice/microros_ws/firmware/dev_ws/install/ament_cmake_lint_cmake:/home/ice/microros_ws/firmware/dev_ws/install/ament_cmake_google_benchmark:/home/ice/microros_ws/firmware/dev_ws/install/ament_cmake_flake8:/home/ice/microros_ws/firmware/dev_ws/install/ament_cmake_cpplint:/home/ice/microros_ws/firmware/dev_ws/install/ament_cmake_cppcheck:/home/ice/microros_ws/firmware/dev_ws/install/ament_cmake_copyright:/home/ice/microros_ws/firmware/dev_ws/install/ament_cmake_clang_tidy:/home/ice/microros_ws/firmware/dev_ws/install/ament_cmake_clang_format:/home/ice/microros_ws/firmware/dev_ws/install/ament_cmake_test:/home/ice/microros_ws/firmware/dev_ws/install/ament_cmake_target_dependencies:/home/ice/microros_ws/firmware/dev_ws/install/ament_cmake_python:/home/ice/microros_ws/firmware/dev_ws/install/ament_cmake_export_dependencies:/home/ice/microros_ws/firmware/dev_ws/install/ament_cmake_libraries:/home/ice/microros_ws/firmware/dev_ws/install/ament_cmake_include_directories:/home/ice/microros_ws/firmware/dev_ws/install/ament_cmake_gen_version_h:/home/ice/microros_ws/firmware/dev_ws/install/ament_cmake_export_targets:/home/ice/microros_ws/firmware/dev_ws/install/ament_cmake_export_link_flags:/home/ice/microros_ws/firmware/dev_ws/install/ament_cmake_export_interfaces:/home/ice/microros_ws/firmware/dev_ws/install/ament_cmake_export_libraries:/home/ice/microros_ws/firmware/dev_ws/install/ament_cmake_export_include_directories:/home/ice/microros_ws/firmware/dev_ws/install/ament_cmake_export_definitions:/home/ice/microros_ws/firmware/dev_ws/install/ament_cmake_core:/home/ice/microros_ws/firmware/dev_ws/install/ament_index_cpp:/home/ice/microros_ws/firmware/dev_ws/install/ament_uncrustify:/home/ice/microros_ws/firmware/dev_ws/install/domain_coordinator:/home/ice/microros_ws/firmware/dev_ws/install/ament_xmllint:/home/ice/microros_ws/firmware/dev_ws/install/ament_pyflakes:/home/ice/microros_ws/firmware/dev_ws/install/ament_pycodestyle:/home/ice/microros_ws/firmware/dev_ws/install/ament_pep257:/home/ice/microros_ws/firmware/dev_ws/install/ament_pclint:/home/ice/microros_ws/firmware/dev_ws/install/ament_package:/home/ice/microros_ws/firmware/dev_ws/install/ament_mypy:/home/ice/microros_ws/firmware/dev_ws/install/ament_lint_cmake:/home/ice/microros_ws/firmware/dev_ws/install/ament_flake8:/home/ice/microros_ws/firmware/dev_ws/install/ament_copyright:/home/ice/microros_ws/firmware/dev_ws/install/ament_lint:/home/ice/microros_ws/firmware/dev_ws/install/ament_index_python:/home/ice/microros_ws/firmware/dev_ws/install/ament_cpplint:/home/ice/microros_ws/firmware/dev_ws/install/ament_cppcheck:/home/ice/microros_ws/firmware/dev_ws/install/ament_clang_tidy:/home/ice/microros_ws/firmware/dev_ws/install/ament_clang_format LD_LIBRARY_PATH=/home/ice/microros_ws/firmware/mcu_ws/install/lib:${LD_LIBRARY_PATH} PATH=/home/ice/microros_ws/firmware/mcu_ws/install/bin:${PATH} PYTHONPATH=/home/ice/microros_ws/firmware/mcu_ws/install/lib/python3.10/site-packages:${PYTHONPATH} /usr/bin/cmake --install /home/ice/microros_ws/firmware/mcu_ws/build/lifecycle_msgs
