[0.211s] Invoking command in '/home/ice/microros_ws/firmware/mcu_ws/build/tracetools': CMAKE_PREFIX_PATH=${CMAKE_PREFIX_PATH}:/home/ice/microros_ws/firmware/dev_ws/install/ament_uncrustify:/home/ice/microros_ws/firmware/dev_ws/install/domain_coordinator:/home/ice/microros_ws/firmware/dev_ws/install/ament_xmllint:/home/ice/microros_ws/firmware/dev_ws/install/ament_pyflakes:/home/ice/microros_ws/firmware/dev_ws/install/ament_pycodestyle:/home/ice/microros_ws/firmware/dev_ws/install/ament_pep257:/home/ice/microros_ws/firmware/dev_ws/install/ament_pclint:/home/ice/microros_ws/firmware/dev_ws/install/ament_package:/home/ice/microros_ws/firmware/dev_ws/install/ament_mypy:/home/ice/microros_ws/firmware/dev_ws/install/ament_lint_cmake:/home/ice/microros_ws/firmware/dev_ws/install/ament_flake8:/home/ice/microros_ws/firmware/dev_ws/install/ament_copyright:/home/ice/microros_ws/firmware/dev_ws/install/ament_lint:/home/ice/microros_ws/firmware/dev_ws/install/ament_index_python:/home/ice/microros_ws/firmware/dev_ws/install/ament_cpplint:/home/ice/microros_ws/firmware/dev_ws/install/ament_cppcheck:/home/ice/microros_ws/firmware/dev_ws/install/ament_clang_tidy:/home/ice/microros_ws/firmware/dev_ws/install/ament_clang_format /usr/bin/cmake --build /home/ice/microros_ws/firmware/mcu_ws/build/tracetools -- -j2 -l2
[0.296s] gmake[4]: Entering directory '/home/ice/microros_ws/firmware/mcu_ws/build/tracetools'
[0.296s] /usr/bin/cmake -S/home/ice/microros_ws/firmware/mcu_ws/uros/tracetools/tracetools -B/home/ice/microros_ws/firmware/mcu_ws/build/tracetools --check-build-system CMakeFiles/Makefile.cmake 0
[0.323s] Re-run cmake file: Makefile older than: /home/ice/microros_ws/firmware/freertos_apps/microros_esp32_extensions/esp32_toolchain.cmake
[0.348s] -- Found ament_cmake_ros: 0.10.0 (/home/ice/microros_ws/firmware/dev_ws/install/ament_cmake_ros/share/ament_cmake_ros/cmake)
[1.334s] -- Configuring done
[1.373s] -- Generating done
[1.380s] -- Build files have been written to: /home/ice/microros_ws/firmware/mcu_ws/build/tracetools
[1.392s] /usr/bin/cmake -E cmake_progress_start /home/ice/microros_ws/firmware/mcu_ws/build/tracetools/CMakeFiles /home/ice/microros_ws/firmware/mcu_ws/build/tracetools//CMakeFiles/progress.marks
[1.433s] /usr/bin/gmake  -f CMakeFiles/Makefile2 all
[1.451s] gmake[5]: Entering directory '/home/ice/microros_ws/firmware/mcu_ws/build/tracetools'
[1.451s] gmake[5]: Nothing to be done for 'all'.
[1.451s] gmake[5]: Leaving directory '/home/ice/microros_ws/firmware/mcu_ws/build/tracetools'
[1.453s] /usr/bin/cmake -E cmake_progress_start /home/ice/microros_ws/firmware/mcu_ws/build/tracetools/CMakeFiles 0
[1.487s] gmake[4]: Leaving directory '/home/ice/microros_ws/firmware/mcu_ws/build/tracetools'
[1.494s] Invoked command in '/home/ice/microros_ws/firmware/mcu_ws/build/tracetools' returned '0': CMAKE_PREFIX_PATH=${CMAKE_PREFIX_PATH}:/home/ice/microros_ws/firmware/dev_ws/install/ament_uncrustify:/home/ice/microros_ws/firmware/dev_ws/install/domain_coordinator:/home/ice/microros_ws/firmware/dev_ws/install/ament_xmllint:/home/ice/microros_ws/firmware/dev_ws/install/ament_pyflakes:/home/ice/microros_ws/firmware/dev_ws/install/ament_pycodestyle:/home/ice/microros_ws/firmware/dev_ws/install/ament_pep257:/home/ice/microros_ws/firmware/dev_ws/install/ament_pclint:/home/ice/microros_ws/firmware/dev_ws/install/ament_package:/home/ice/microros_ws/firmware/dev_ws/install/ament_mypy:/home/ice/microros_ws/firmware/dev_ws/install/ament_lint_cmake:/home/ice/microros_ws/firmware/dev_ws/install/ament_flake8:/home/ice/microros_ws/firmware/dev_ws/install/ament_copyright:/home/ice/microros_ws/firmware/dev_ws/install/ament_lint:/home/ice/microros_ws/firmware/dev_ws/install/ament_index_python:/home/ice/microros_ws/firmware/dev_ws/install/ament_cpplint:/home/ice/microros_ws/firmware/dev_ws/install/ament_cppcheck:/home/ice/microros_ws/firmware/dev_ws/install/ament_clang_tidy:/home/ice/microros_ws/firmware/dev_ws/install/ament_clang_format /usr/bin/cmake --build /home/ice/microros_ws/firmware/mcu_ws/build/tracetools -- -j2 -l2
[1.666s] Invoking command in '/home/ice/microros_ws/firmware/mcu_ws/build/tracetools': CMAKE_PREFIX_PATH=${CMAKE_PREFIX_PATH}:/home/ice/microros_ws/firmware/dev_ws/install/ament_uncrustify:/home/ice/microros_ws/firmware/dev_ws/install/domain_coordinator:/home/ice/microros_ws/firmware/dev_ws/install/ament_xmllint:/home/ice/microros_ws/firmware/dev_ws/install/ament_pyflakes:/home/ice/microros_ws/firmware/dev_ws/install/ament_pycodestyle:/home/ice/microros_ws/firmware/dev_ws/install/ament_pep257:/home/ice/microros_ws/firmware/dev_ws/install/ament_pclint:/home/ice/microros_ws/firmware/dev_ws/install/ament_package:/home/ice/microros_ws/firmware/dev_ws/install/ament_mypy:/home/ice/microros_ws/firmware/dev_ws/install/ament_lint_cmake:/home/ice/microros_ws/firmware/dev_ws/install/ament_flake8:/home/ice/microros_ws/firmware/dev_ws/install/ament_copyright:/home/ice/microros_ws/firmware/dev_ws/install/ament_lint:/home/ice/microros_ws/firmware/dev_ws/install/ament_index_python:/home/ice/microros_ws/firmware/dev_ws/install/ament_cpplint:/home/ice/microros_ws/firmware/dev_ws/install/ament_cppcheck:/home/ice/microros_ws/firmware/dev_ws/install/ament_clang_tidy:/home/ice/microros_ws/firmware/dev_ws/install/ament_clang_format /usr/bin/cmake --install /home/ice/microros_ws/firmware/mcu_ws/build/tracetools
[1.687s] -- Install configuration: "Debug"
[1.687s] -- Up-to-date: /home/ice/microros_ws/firmware/mcu_ws/install/include/tracetools
[1.688s] -- Up-to-date: /home/ice/microros_ws/firmware/mcu_ws/install/include/tracetools/tracetools
[1.688s] -- Up-to-date: /home/ice/microros_ws/firmware/mcu_ws/install/include/tracetools/tracetools/utils.hpp
[1.689s] -- Up-to-date: /home/ice/microros_ws/firmware/mcu_ws/install/include/tracetools/tracetools/visibility_control.hpp
[1.689s] -- Up-to-date: /home/ice/microros_ws/firmware/mcu_ws/install/include/tracetools/tracetools/tracetools.h
[1.689s] -- Up-to-date: /home/ice/microros_ws/firmware/mcu_ws/install/include/tracetools/tracetools/config.h
[1.690s] -- Up-to-date: /home/ice/microros_ws/firmware/mcu_ws/install/share/ament_index/resource_index/package_run_dependencies/tracetools
[1.691s] -- Up-to-date: /home/ice/microros_ws/firmware/mcu_ws/install/share/ament_index/resource_index/parent_prefix_path/tracetools
[1.691s] -- Up-to-date: /home/ice/microros_ws/firmware/mcu_ws/install/share/tracetools/environment/ament_prefix_path.sh
[1.692s] -- Installing: /home/ice/microros_ws/firmware/mcu_ws/install/share/tracetools/environment/ament_prefix_path.dsv
[1.693s] -- Up-to-date: /home/ice/microros_ws/firmware/mcu_ws/install/share/tracetools/environment/path.sh
[1.693s] -- Installing: /home/ice/microros_ws/firmware/mcu_ws/install/share/tracetools/environment/path.dsv
[1.694s] -- Up-to-date: /home/ice/microros_ws/firmware/mcu_ws/install/share/tracetools/local_setup.bash
[1.694s] -- Up-to-date: /home/ice/microros_ws/firmware/mcu_ws/install/share/tracetools/local_setup.sh
[1.698s] -- Up-to-date: /home/ice/microros_ws/firmware/mcu_ws/install/share/tracetools/local_setup.zsh
[1.699s] -- Installing: /home/ice/microros_ws/firmware/mcu_ws/install/share/tracetools/local_setup.dsv
[1.699s] -- Installing: /home/ice/microros_ws/firmware/mcu_ws/install/share/tracetools/package.dsv
[1.699s] -- Up-to-date: /home/ice/microros_ws/firmware/mcu_ws/install/share/ament_index/resource_index/packages/tracetools
[1.699s] -- Up-to-date: /home/ice/microros_ws/firmware/mcu_ws/install/share/tracetools/cmake/tracetools_exportExport.cmake
[1.700s] -- Up-to-date: /home/ice/microros_ws/firmware/mcu_ws/install/share/tracetools/cmake/ament_cmake_export_targets-extras.cmake
[1.700s] -- Up-to-date: /home/ice/microros_ws/firmware/mcu_ws/install/share/tracetools/cmake/ament_cmake_export_include_directories-extras.cmake
[1.702s] -- Up-to-date: /home/ice/microros_ws/firmware/mcu_ws/install/share/tracetools/cmake/tracetoolsConfig.cmake
[1.702s] -- Up-to-date: /home/ice/microros_ws/firmware/mcu_ws/install/share/tracetools/cmake/tracetoolsConfig-version.cmake
[1.702s] -- Up-to-date: /home/ice/microros_ws/firmware/mcu_ws/install/share/tracetools/package.xml
[1.705s] Invoked command in '/home/ice/microros_ws/firmware/mcu_ws/build/tracetools' returned '0': CMAKE_PREFIX_PATH=${CMAKE_PREFIX_PATH}:/home/ice/microros_ws/firmware/dev_ws/install/ament_uncrustify:/home/ice/microros_ws/firmware/dev_ws/install/domain_coordinator:/home/ice/microros_ws/firmware/dev_ws/install/ament_xmllint:/home/ice/microros_ws/firmware/dev_ws/install/ament_pyflakes:/home/ice/microros_ws/firmware/dev_ws/install/ament_pycodestyle:/home/ice/microros_ws/firmware/dev_ws/install/ament_pep257:/home/ice/microros_ws/firmware/dev_ws/install/ament_pclint:/home/ice/microros_ws/firmware/dev_ws/install/ament_package:/home/ice/microros_ws/firmware/dev_ws/install/ament_mypy:/home/ice/microros_ws/firmware/dev_ws/install/ament_lint_cmake:/home/ice/microros_ws/firmware/dev_ws/install/ament_flake8:/home/ice/microros_ws/firmware/dev_ws/install/ament_copyright:/home/ice/microros_ws/firmware/dev_ws/install/ament_lint:/home/ice/microros_ws/firmware/dev_ws/install/ament_index_python:/home/ice/microros_ws/firmware/dev_ws/install/ament_cpplint:/home/ice/microros_ws/firmware/dev_ws/install/ament_cppcheck:/home/ice/microros_ws/firmware/dev_ws/install/ament_clang_tidy:/home/ice/microros_ws/firmware/dev_ws/install/ament_clang_format /usr/bin/cmake --install /home/ice/microros_ws/firmware/mcu_ws/build/tracetools
