[0.221s] Invoking command in '/home/ice/polaris-bot/ros2_ws/build/my_message': CMAKE_PREFIX_PATH=${CMAKE_PREFIX_PATH}:/home/ice/polaris_ws/install/test_pkg:/opt/ros/humble /usr/bin/cmake --build /home/ice/polaris-bot/ros2_ws/build/my_message -- -j2 -l2
[0.369s] [  3%] [34m[1mGenerating C code for ROS interfaces[0m
[0.395s] [  6%] [34m[1mGenerating C++ code for ROS interfaces[0m
[1.300s] [  6%] Built target my_message__cpp
[1.417s] [  9%] [32mBuilding C object CMakeFiles/my_message__rosidl_generator_c.dir/rosidl_generator_c/my_message/msg/detail/my_message__functions.c.o[0m
[1.473s] [  9%] Built target ament_cmake_python_copy_my_message
[1.538s] [ 12%] [32m[1mLinking C shared library libmy_message__rosidl_generator_c.so[0m
[1.585s] [ 16%] [34m[1mGenerating C++ type support dispatch for ROS interfaces[0m
[1.874s] [ 16%] Built target my_message__rosidl_generator_c
[1.939s] [ 19%] [34m[1mGenerating C++ type support for eProsima Fast-RTPS[0m
[2.374s] [ 22%] [32mBuilding CXX object CMakeFiles/my_message__rosidl_typesupport_cpp.dir/rosidl_typesupport_cpp/my_message/msg/my_message__type_support.cpp.o[0m
[2.680s] [ 25%] [32mBuilding CXX object CMakeFiles/my_message__rosidl_typesupport_fastrtps_cpp.dir/rosidl_typesupport_fastrtps_cpp/my_message/msg/detail/dds_fastrtps/my_message__type_support.cpp.o[0m
[2.993s] [ 29%] [32m[1mLinking CXX shared library libmy_message__rosidl_typesupport_cpp.so[0m
[3.373s] [ 29%] Built target my_message__rosidl_typesupport_cpp
[3.426s] [ 32%] [32m[1mLinking CXX shared library libmy_message__rosidl_typesupport_fastrtps_cpp.so[0m
[3.442s] [ 35%] [34m[1mGenerating C++ introspection for ROS interfaces[0m
[3.663s] [ 35%] Built target my_message__rosidl_typesupport_fastrtps_cpp
[3.958s] [ 38%] [32mBuilding CXX object CMakeFiles/my_message__rosidl_typesupport_introspection_cpp.dir/rosidl_typesupport_introspection_cpp/my_message/msg/detail/my_message__type_support.cpp.o[0m
[4.288s] running egg_info
[4.289s] creating my_message.egg-info
[4.290s] writing my_message.egg-info/PKG-INFO
[4.291s] writing dependency_links to my_message.egg-info/dependency_links.txt
[4.292s] writing top-level names to my_message.egg-info/top_level.txt
[4.293s] writing manifest file 'my_message.egg-info/SOURCES.txt'
[4.297s] reading manifest file 'my_message.egg-info/SOURCES.txt'
[4.299s] writing manifest file 'my_message.egg-info/SOURCES.txt'
[4.381s] [ 38%] Built target ament_cmake_python_build_my_message_egg
[4.419s] [ 41%] [34m[1mGenerating C type support for eProsima Fast-RTPS[0m
[4.800s] [ 45%] [32m[1mLinking CXX shared library libmy_message__rosidl_typesupport_introspection_cpp.so[0m
[4.918s] [ 45%] Built target my_message__rosidl_typesupport_introspection_cpp
[4.995s] [ 48%] [34m[1mGenerating C introspection for ROS interfaces[0m
[5.039s] [ 51%] [32mBuilding CXX object CMakeFiles/my_message__rosidl_typesupport_fastrtps_c.dir/rosidl_typesupport_fastrtps_c/my_message/msg/detail/my_message__type_support_c.cpp.o[0m
[5.515s] [ 54%] [32mBuilding C object CMakeFiles/my_message__rosidl_typesupport_introspection_c.dir/rosidl_typesupport_introspection_c/my_message/msg/detail/my_message__type_support.c.o[0m
[5.687s] [ 58%] [32m[1mLinking CXX shared library libmy_message__rosidl_typesupport_fastrtps_c.so[0m
[5.709s] [ 61%] [32m[1mLinking C shared library libmy_message__rosidl_typesupport_introspection_c.so[0m
[5.793s] [ 61%] Built target my_message__rosidl_typesupport_introspection_c
[5.839s] [ 64%] [34m[1mGenerating C type support dispatch for ROS interfaces[0m
[5.900s] [ 64%] Built target my_message__rosidl_typesupport_fastrtps_c
[6.256s] [ 67%] [32mBuilding CXX object CMakeFiles/my_message__rosidl_typesupport_c.dir/rosidl_typesupport_c/my_message/msg/my_message__type_support.cpp.o[0m
[6.317s] [ 70%] [32m[1mLinking CXX shared library libmy_message__rosidl_typesupport_c.so[0m
[6.431s] [ 70%] Built target my_message__rosidl_typesupport_c
[6.498s] [ 70%] Built target my_message
[6.575s] [ 74%] [34m[1mGenerating Python code for ROS interfaces[0m
[7.091s] [ 74%] Built target my_message__py
[7.172s] [ 77%] [32mBuilding C object CMakeFiles/my_message__rosidl_generator_py.dir/rosidl_generator_py/my_message/msg/_my_message_s.c.o[0m
[7.369s] [ 80%] [32m[1mLinking C shared library rosidl_generator_py/my_message/libmy_message__rosidl_generator_py.so[0m
[7.469s] [ 80%] Built target my_message__rosidl_generator_py
[7.577s] [ 83%] [32mBuilding C object CMakeFiles/my_message__rosidl_typesupport_introspection_c__pyext.dir/rosidl_generator_py/my_message/_my_message_s.ep.rosidl_typesupport_introspection_c.c.o[0m
[7.595s] [ 87%] [32mBuilding C object CMakeFiles/my_message__rosidl_typesupport_fastrtps_c__pyext.dir/rosidl_generator_py/my_message/_my_message_s.ep.rosidl_typesupport_fastrtps_c.c.o[0m
[7.857s] [ 90%] [32m[1mLinking C shared library rosidl_generator_py/my_message/my_message_s__rosidl_typesupport_introspection_c.cpython-310-x86_64-linux-gnu.so[0m
[7.886s] [ 93%] [32m[1mLinking C shared library rosidl_generator_py/my_message/my_message_s__rosidl_typesupport_fastrtps_c.cpython-310-x86_64-linux-gnu.so[0m
[7.958s] [ 93%] Built target my_message__rosidl_typesupport_introspection_c__pyext
[7.986s] [ 93%] Built target my_message__rosidl_typesupport_fastrtps_c__pyext
[8.017s] [ 96%] [32mBuilding C object CMakeFiles/my_message__rosidl_typesupport_c__pyext.dir/rosidl_generator_py/my_message/_my_message_s.ep.rosidl_typesupport_c.c.o[0m
[8.217s] [100%] [32m[1mLinking C shared library rosidl_generator_py/my_message/my_message_s__rosidl_typesupport_c.cpython-310-x86_64-linux-gnu.so[0m
[8.326s] [100%] Built target my_message__rosidl_typesupport_c__pyext
