gmake[4]: Entering directory '/home/ice/microros_ws/firmware/mcu_ws/build/visualization_msgs'
/usr/bin/cmake -S/home/ice/microros_ws/firmware/mcu_ws/ros2/common_interfaces/visualization_msgs -B/home/ice/microros_ws/firmware/mcu_ws/build/visualization_msgs --check-build-system CMakeFiles/Makefile.cmake 0
Re-run cmake file: Makefile older than: /home/ice/microros_ws/firmware/freertos_apps/microros_esp32_extensions/esp32_toolchain.cmake
-- Found ament_cmake: 1.3.7 (/home/ice/microros_ws/firmware/dev_ws/install/ament_cmake/share/ament_cmake/cmake)
-- Found builtin_interfaces: 1.2.1 (/home/ice/microros_ws/firmware/mcu_ws/install/share/builtin_interfaces/cmake)
[33mCMake Warning at /home/ice/microros_ws/firmware/mcu_ws/install/share/rcutils/cmake/ament_cmake_export_libraries-extras.cmake:116 (message):
  Package 'rcutils' exports library 'dl' which couldn't be found
Call Stack (most recent call first):
  /home/ice/microros_ws/firmware/mcu_ws/install/share/rcutils/cmake/rcutilsConfig.cmake:41 (include)
  /home/ice/microros_ws/firmware/mcu_ws/install/share/rosidl_runtime_c/cmake/ament_cmake_export_dependencies-extras.cmake:21 (find_package)
  /home/ice/microros_ws/firmware/mcu_ws/install/share/rosidl_runtime_c/cmake/rosidl_runtime_cConfig.cmake:41 (include)
  /home/ice/microros_ws/firmware/mcu_ws/install/share/builtin_interfaces/cmake/ament_cmake_export_dependencies-extras.cmake:21 (find_package)
  /home/ice/microros_ws/firmware/mcu_ws/install/share/builtin_interfaces/cmake/builtin_interfacesConfig.cmake:41 (include)
  CMakeLists.txt:14 (find_package)

[0m
-- Using all available rosidl_typesupport_c: rosidl_typesupport_introspection_c;rosidl_typesupport_microxrcedds_c
-- Found rosidl_adapter: 3.1.5 (/home/ice/microros_ws/firmware/mcu_ws/install/share/rosidl_adapter/cmake)
-- Found geometry_msgs: 4.2.3 (/home/ice/microros_ws/firmware/mcu_ws/install/share/geometry_msgs/cmake)
-- Found rosidl_default_generators: 1.2.0 (/home/ice/microros_ws/firmware/mcu_ws/install/share/rosidl_default_generators/cmake)
-- Found sensor_msgs: 4.2.3 (/home/ice/microros_ws/firmware/mcu_ws/install/share/sensor_msgs/cmake)
-- Found ament_cmake_ros: 0.10.0 (/home/ice/microros_ws/firmware/dev_ws/install/ament_cmake_ros/share/ament_cmake_ros/cmake)
-- Using all available rosidl_typesupport_c: rosidl_typesupport_introspection_c;rosidl_typesupport_microxrcedds_c
-- Configuring done
-- Generating done
-- Build files have been written to: /home/ice/microros_ws/firmware/mcu_ws/build/visualization_msgs
/usr/bin/cmake -E cmake_progress_start /home/ice/microros_ws/firmware/mcu_ws/build/visualization_msgs/CMakeFiles /home/ice/microros_ws/firmware/mcu_ws/build/visualization_msgs//CMakeFiles/progress.marks
/usr/bin/gmake  -f CMakeFiles/Makefile2 all
gmake[5]: Entering directory '/home/ice/microros_ws/firmware/mcu_ws/build/visualization_msgs'
/usr/bin/gmake  -f CMakeFiles/visualization_msgs__rosidl_generator_c.dir/build.make CMakeFiles/visualization_msgs__rosidl_generator_c.dir/depend
gmake[6]: Entering directory '/home/ice/microros_ws/firmware/mcu_ws/build/visualization_msgs'
cd /home/ice/microros_ws/firmware/mcu_ws/build/visualization_msgs && /usr/bin/cmake -E cmake_depends "Unix Makefiles" /home/ice/microros_ws/firmware/mcu_ws/ros2/common_interfaces/visualization_msgs /home/ice/microros_ws/firmware/mcu_ws/ros2/common_interfaces/visualization_msgs /home/ice/microros_ws/firmware/mcu_ws/build/visualization_msgs /home/ice/microros_ws/firmware/mcu_ws/build/visualization_msgs /home/ice/microros_ws/firmware/mcu_ws/build/visualization_msgs/CMakeFiles/visualization_msgs__rosidl_generator_c.dir/DependInfo.cmake --color=
Dependencies file "CMakeFiles/visualization_msgs__rosidl_generator_c.dir/rosidl_generator_c/visualization_msgs/msg/detail/image_marker__functions.c.obj.d" is newer than depends file "/home/ice/microros_ws/firmware/mcu_ws/build/visualization_msgs/CMakeFiles/visualization_msgs__rosidl_generator_c.dir/compiler_depend.internal".
Dependencies file "CMakeFiles/visualization_msgs__rosidl_generator_c.dir/rosidl_generator_c/visualization_msgs/msg/detail/interactive_marker__functions.c.obj.d" is newer than depends file "/home/ice/microros_ws/firmware/mcu_ws/build/visualization_msgs/CMakeFiles/visualization_msgs__rosidl_generator_c.dir/compiler_depend.internal".
Dependencies file "CMakeFiles/visualization_msgs__rosidl_generator_c.dir/rosidl_generator_c/visualization_msgs/msg/detail/interactive_marker_control__functions.c.obj.d" is newer than depends file "/home/ice/microros_ws/firmware/mcu_ws/build/visualization_msgs/CMakeFiles/visualization_msgs__rosidl_generator_c.dir/compiler_depend.internal".
Dependencies file "CMakeFiles/visualization_msgs__rosidl_generator_c.dir/rosidl_generator_c/visualization_msgs/msg/detail/interactive_marker_feedback__functions.c.obj.d" is newer than depends file "/home/ice/microros_ws/firmware/mcu_ws/build/visualization_msgs/CMakeFiles/visualization_msgs__rosidl_generator_c.dir/compiler_depend.internal".
Dependencies file "CMakeFiles/visualization_msgs__rosidl_generator_c.dir/rosidl_generator_c/visualization_msgs/msg/detail/interactive_marker_init__functions.c.obj.d" is newer than depends file "/home/ice/microros_ws/firmware/mcu_ws/build/visualization_msgs/CMakeFiles/visualization_msgs__rosidl_generator_c.dir/compiler_depend.internal".
Dependencies file "CMakeFiles/visualization_msgs__rosidl_generator_c.dir/rosidl_generator_c/visualization_msgs/msg/detail/interactive_marker_pose__functions.c.obj.d" is newer than depends file "/home/ice/microros_ws/firmware/mcu_ws/build/visualization_msgs/CMakeFiles/visualization_msgs__rosidl_generator_c.dir/compiler_depend.internal".
Dependencies file "CMakeFiles/visualization_msgs__rosidl_generator_c.dir/rosidl_generator_c/visualization_msgs/msg/detail/interactive_marker_update__functions.c.obj.d" is newer than depends file "/home/ice/microros_ws/firmware/mcu_ws/build/visualization_msgs/CMakeFiles/visualization_msgs__rosidl_generator_c.dir/compiler_depend.internal".
Dependencies file "CMakeFiles/visualization_msgs__rosidl_generator_c.dir/rosidl_generator_c/visualization_msgs/msg/detail/marker__functions.c.obj.d" is newer than depends file "/home/ice/microros_ws/firmware/mcu_ws/build/visualization_msgs/CMakeFiles/visualization_msgs__rosidl_generator_c.dir/compiler_depend.internal".
Dependencies file "CMakeFiles/visualization_msgs__rosidl_generator_c.dir/rosidl_generator_c/visualization_msgs/msg/detail/marker_array__functions.c.obj.d" is newer than depends file "/home/ice/microros_ws/firmware/mcu_ws/build/visualization_msgs/CMakeFiles/visualization_msgs__rosidl_generator_c.dir/compiler_depend.internal".
Dependencies file "CMakeFiles/visualization_msgs__rosidl_generator_c.dir/rosidl_generator_c/visualization_msgs/msg/detail/menu_entry__functions.c.obj.d" is newer than depends file "/home/ice/microros_ws/firmware/mcu_ws/build/visualization_msgs/CMakeFiles/visualization_msgs__rosidl_generator_c.dir/compiler_depend.internal".
Dependencies file "CMakeFiles/visualization_msgs__rosidl_generator_c.dir/rosidl_generator_c/visualization_msgs/msg/detail/mesh_file__functions.c.obj.d" is newer than depends file "/home/ice/microros_ws/firmware/mcu_ws/build/visualization_msgs/CMakeFiles/visualization_msgs__rosidl_generator_c.dir/compiler_depend.internal".
Dependencies file "CMakeFiles/visualization_msgs__rosidl_generator_c.dir/rosidl_generator_c/visualization_msgs/msg/detail/uv_coordinate__functions.c.obj.d" is newer than depends file "/home/ice/microros_ws/firmware/mcu_ws/build/visualization_msgs/CMakeFiles/visualization_msgs__rosidl_generator_c.dir/compiler_depend.internal".
Dependencies file "CMakeFiles/visualization_msgs__rosidl_generator_c.dir/rosidl_generator_c/visualization_msgs/srv/detail/get_interactive_markers__functions.c.obj.d" is newer than depends file "/home/ice/microros_ws/firmware/mcu_ws/build/visualization_msgs/CMakeFiles/visualization_msgs__rosidl_generator_c.dir/compiler_depend.internal".
[35m[1mConsolidate compiler generated dependencies of target visualization_msgs__rosidl_generator_c[0m
gmake[6]: Leaving directory '/home/ice/microros_ws/firmware/mcu_ws/build/visualization_msgs'
/usr/bin/gmake  -f CMakeFiles/visualization_msgs__rosidl_generator_c.dir/build.make CMakeFiles/visualization_msgs__rosidl_generator_c.dir/build
gmake[6]: Entering directory '/home/ice/microros_ws/firmware/mcu_ws/build/visualization_msgs'
gmake[6]: Nothing to be done for 'CMakeFiles/visualization_msgs__rosidl_generator_c.dir/build'.
gmake[6]: Leaving directory '/home/ice/microros_ws/firmware/mcu_ws/build/visualization_msgs'
[ 25%] Built target visualization_msgs__rosidl_generator_c
/usr/bin/gmake  -f CMakeFiles/visualization_msgs__rosidl_typesupport_c.dir/build.make CMakeFiles/visualization_msgs__rosidl_typesupport_c.dir/depend
gmake[6]: Entering directory '/home/ice/microros_ws/firmware/mcu_ws/build/visualization_msgs'
cd /home/ice/microros_ws/firmware/mcu_ws/build/visualization_msgs && /usr/bin/cmake -E cmake_depends "Unix Makefiles" /home/ice/microros_ws/firmware/mcu_ws/ros2/common_interfaces/visualization_msgs /home/ice/microros_ws/firmware/mcu_ws/ros2/common_interfaces/visualization_msgs /home/ice/microros_ws/firmware/mcu_ws/build/visualization_msgs /home/ice/microros_ws/firmware/mcu_ws/build/visualization_msgs /home/ice/microros_ws/firmware/mcu_ws/build/visualization_msgs/CMakeFiles/visualization_msgs__rosidl_typesupport_c.dir/DependInfo.cmake --color=
Dependencies file "CMakeFiles/visualization_msgs__rosidl_typesupport_c.dir/rosidl_typesupport_c/visualization_msgs/msg/image_marker__type_support.cpp.obj.d" is newer than depends file "/home/ice/microros_ws/firmware/mcu_ws/build/visualization_msgs/CMakeFiles/visualization_msgs__rosidl_typesupport_c.dir/compiler_depend.internal".
Dependencies file "CMakeFiles/visualization_msgs__rosidl_typesupport_c.dir/rosidl_typesupport_c/visualization_msgs/msg/interactive_marker__type_support.cpp.obj.d" is newer than depends file "/home/ice/microros_ws/firmware/mcu_ws/build/visualization_msgs/CMakeFiles/visualization_msgs__rosidl_typesupport_c.dir/compiler_depend.internal".
Dependencies file "CMakeFiles/visualization_msgs__rosidl_typesupport_c.dir/rosidl_typesupport_c/visualization_msgs/msg/interactive_marker_control__type_support.cpp.obj.d" is newer than depends file "/home/ice/microros_ws/firmware/mcu_ws/build/visualization_msgs/CMakeFiles/visualization_msgs__rosidl_typesupport_c.dir/compiler_depend.internal".
Dependencies file "CMakeFiles/visualization_msgs__rosidl_typesupport_c.dir/rosidl_typesupport_c/visualization_msgs/msg/interactive_marker_feedback__type_support.cpp.obj.d" is newer than depends file "/home/ice/microros_ws/firmware/mcu_ws/build/visualization_msgs/CMakeFiles/visualization_msgs__rosidl_typesupport_c.dir/compiler_depend.internal".
Dependencies file "CMakeFiles/visualization_msgs__rosidl_typesupport_c.dir/rosidl_typesupport_c/visualization_msgs/msg/interactive_marker_init__type_support.cpp.obj.d" is newer than depends file "/home/ice/microros_ws/firmware/mcu_ws/build/visualization_msgs/CMakeFiles/visualization_msgs__rosidl_typesupport_c.dir/compiler_depend.internal".
Dependencies file "CMakeFiles/visualization_msgs__rosidl_typesupport_c.dir/rosidl_typesupport_c/visualization_msgs/msg/interactive_marker_pose__type_support.cpp.obj.d" is newer than depends file "/home/ice/microros_ws/firmware/mcu_ws/build/visualization_msgs/CMakeFiles/visualization_msgs__rosidl_typesupport_c.dir/compiler_depend.internal".
Dependencies file "CMakeFiles/visualization_msgs__rosidl_typesupport_c.dir/rosidl_typesupport_c/visualization_msgs/msg/interactive_marker_update__type_support.cpp.obj.d" is newer than depends file "/home/ice/microros_ws/firmware/mcu_ws/build/visualization_msgs/CMakeFiles/visualization_msgs__rosidl_typesupport_c.dir/compiler_depend.internal".
Dependencies file "CMakeFiles/visualization_msgs__rosidl_typesupport_c.dir/rosidl_typesupport_c/visualization_msgs/msg/marker__type_support.cpp.obj.d" is newer than depends file "/home/ice/microros_ws/firmware/mcu_ws/build/visualization_msgs/CMakeFiles/visualization_msgs__rosidl_typesupport_c.dir/compiler_depend.internal".
Dependencies file "CMakeFiles/visualization_msgs__rosidl_typesupport_c.dir/rosidl_typesupport_c/visualization_msgs/msg/marker_array__type_support.cpp.obj.d" is newer than depends file "/home/ice/microros_ws/firmware/mcu_ws/build/visualization_msgs/CMakeFiles/visualization_msgs__rosidl_typesupport_c.dir/compiler_depend.internal".
Dependencies file "CMakeFiles/visualization_msgs__rosidl_typesupport_c.dir/rosidl_typesupport_c/visualization_msgs/msg/menu_entry__type_support.cpp.obj.d" is newer than depends file "/home/ice/microros_ws/firmware/mcu_ws/build/visualization_msgs/CMakeFiles/visualization_msgs__rosidl_typesupport_c.dir/compiler_depend.internal".
Dependencies file "CMakeFiles/visualization_msgs__rosidl_typesupport_c.dir/rosidl_typesupport_c/visualization_msgs/msg/mesh_file__type_support.cpp.obj.d" is newer than depends file "/home/ice/microros_ws/firmware/mcu_ws/build/visualization_msgs/CMakeFiles/visualization_msgs__rosidl_typesupport_c.dir/compiler_depend.internal".
Dependencies file "CMakeFiles/visualization_msgs__rosidl_typesupport_c.dir/rosidl_typesupport_c/visualization_msgs/msg/uv_coordinate__type_support.cpp.obj.d" is newer than depends file "/home/ice/microros_ws/firmware/mcu_ws/build/visualization_msgs/CMakeFiles/visualization_msgs__rosidl_typesupport_c.dir/compiler_depend.internal".
Dependencies file "CMakeFiles/visualization_msgs__rosidl_typesupport_c.dir/rosidl_typesupport_c/visualization_msgs/srv/get_interactive_markers__type_support.cpp.obj.d" is newer than depends file "/home/ice/microros_ws/firmware/mcu_ws/build/visualization_msgs/CMakeFiles/visualization_msgs__rosidl_typesupport_c.dir/compiler_depend.internal".
[35m[1mConsolidate compiler generated dependencies of target visualization_msgs__rosidl_typesupport_c[0m
gmake[6]: Leaving directory '/home/ice/microros_ws/firmware/mcu_ws/build/visualization_msgs'
/usr/bin/gmake  -f CMakeFiles/visualization_msgs__rosidl_typesupport_c.dir/build.make CMakeFiles/visualization_msgs__rosidl_typesupport_c.dir/build
gmake[6]: Entering directory '/home/ice/microros_ws/firmware/mcu_ws/build/visualization_msgs'
gmake[6]: Nothing to be done for 'CMakeFiles/visualization_msgs__rosidl_typesupport_c.dir/build'.
gmake[6]: Leaving directory '/home/ice/microros_ws/firmware/mcu_ws/build/visualization_msgs'
[ 50%] Built target visualization_msgs__rosidl_typesupport_c
/usr/bin/gmake  -f CMakeFiles/visualization_msgs__rosidl_typesupport_introspection_c.dir/build.make CMakeFiles/visualization_msgs__rosidl_typesupport_introspection_c.dir/depend
gmake[6]: Entering directory '/home/ice/microros_ws/firmware/mcu_ws/build/visualization_msgs'
cd /home/ice/microros_ws/firmware/mcu_ws/build/visualization_msgs && /usr/bin/cmake -E cmake_depends "Unix Makefiles" /home/ice/microros_ws/firmware/mcu_ws/ros2/common_interfaces/visualization_msgs /home/ice/microros_ws/firmware/mcu_ws/ros2/common_interfaces/visualization_msgs /home/ice/microros_ws/firmware/mcu_ws/build/visualization_msgs /home/ice/microros_ws/firmware/mcu_ws/build/visualization_msgs /home/ice/microros_ws/firmware/mcu_ws/build/visualization_msgs/CMakeFiles/visualization_msgs__rosidl_typesupport_introspection_c.dir/DependInfo.cmake --color=
Dependencies file "CMakeFiles/visualization_msgs__rosidl_typesupport_introspection_c.dir/rosidl_typesupport_introspection_c/visualization_msgs/msg/detail/image_marker__type_support.c.obj.d" is newer than depends file "/home/ice/microros_ws/firmware/mcu_ws/build/visualization_msgs/CMakeFiles/visualization_msgs__rosidl_typesupport_introspection_c.dir/compiler_depend.internal".
Dependencies file "CMakeFiles/visualization_msgs__rosidl_typesupport_introspection_c.dir/rosidl_typesupport_introspection_c/visualization_msgs/msg/detail/interactive_marker__type_support.c.obj.d" is newer than depends file "/home/ice/microros_ws/firmware/mcu_ws/build/visualization_msgs/CMakeFiles/visualization_msgs__rosidl_typesupport_introspection_c.dir/compiler_depend.internal".
Dependencies file "CMakeFiles/visualization_msgs__rosidl_typesupport_introspection_c.dir/rosidl_typesupport_introspection_c/visualization_msgs/msg/detail/interactive_marker_control__type_support.c.obj.d" is newer than depends file "/home/ice/microros_ws/firmware/mcu_ws/build/visualization_msgs/CMakeFiles/visualization_msgs__rosidl_typesupport_introspection_c.dir/compiler_depend.internal".
Dependencies file "CMakeFiles/visualization_msgs__rosidl_typesupport_introspection_c.dir/rosidl_typesupport_introspection_c/visualization_msgs/msg/detail/interactive_marker_feedback__type_support.c.obj.d" is newer than depends file "/home/ice/microros_ws/firmware/mcu_ws/build/visualization_msgs/CMakeFiles/visualization_msgs__rosidl_typesupport_introspection_c.dir/compiler_depend.internal".
Dependencies file "CMakeFiles/visualization_msgs__rosidl_typesupport_introspection_c.dir/rosidl_typesupport_introspection_c/visualization_msgs/msg/detail/interactive_marker_init__type_support.c.obj.d" is newer than depends file "/home/ice/microros_ws/firmware/mcu_ws/build/visualization_msgs/CMakeFiles/visualization_msgs__rosidl_typesupport_introspection_c.dir/compiler_depend.internal".
Dependencies file "CMakeFiles/visualization_msgs__rosidl_typesupport_introspection_c.dir/rosidl_typesupport_introspection_c/visualization_msgs/msg/detail/interactive_marker_pose__type_support.c.obj.d" is newer than depends file "/home/ice/microros_ws/firmware/mcu_ws/build/visualization_msgs/CMakeFiles/visualization_msgs__rosidl_typesupport_introspection_c.dir/compiler_depend.internal".
Dependencies file "CMakeFiles/visualization_msgs__rosidl_typesupport_introspection_c.dir/rosidl_typesupport_introspection_c/visualization_msgs/msg/detail/interactive_marker_update__type_support.c.obj.d" is newer than depends file "/home/ice/microros_ws/firmware/mcu_ws/build/visualization_msgs/CMakeFiles/visualization_msgs__rosidl_typesupport_introspection_c.dir/compiler_depend.internal".
Dependencies file "CMakeFiles/visualization_msgs__rosidl_typesupport_introspection_c.dir/rosidl_typesupport_introspection_c/visualization_msgs/msg/detail/marker__type_support.c.obj.d" is newer than depends file "/home/ice/microros_ws/firmware/mcu_ws/build/visualization_msgs/CMakeFiles/visualization_msgs__rosidl_typesupport_introspection_c.dir/compiler_depend.internal".
Dependencies file "CMakeFiles/visualization_msgs__rosidl_typesupport_introspection_c.dir/rosidl_typesupport_introspection_c/visualization_msgs/msg/detail/marker_array__type_support.c.obj.d" is newer than depends file "/home/ice/microros_ws/firmware/mcu_ws/build/visualization_msgs/CMakeFiles/visualization_msgs__rosidl_typesupport_introspection_c.dir/compiler_depend.internal".
Dependencies file "CMakeFiles/visualization_msgs__rosidl_typesupport_introspection_c.dir/rosidl_typesupport_introspection_c/visualization_msgs/msg/detail/menu_entry__type_support.c.obj.d" is newer than depends file "/home/ice/microros_ws/firmware/mcu_ws/build/visualization_msgs/CMakeFiles/visualization_msgs__rosidl_typesupport_introspection_c.dir/compiler_depend.internal".
Dependencies file "CMakeFiles/visualization_msgs__rosidl_typesupport_introspection_c.dir/rosidl_typesupport_introspection_c/visualization_msgs/msg/detail/mesh_file__type_support.c.obj.d" is newer than depends file "/home/ice/microros_ws/firmware/mcu_ws/build/visualization_msgs/CMakeFiles/visualization_msgs__rosidl_typesupport_introspection_c.dir/compiler_depend.internal".
Dependencies file "CMakeFiles/visualization_msgs__rosidl_typesupport_introspection_c.dir/rosidl_typesupport_introspection_c/visualization_msgs/msg/detail/uv_coordinate__type_support.c.obj.d" is newer than depends file "/home/ice/microros_ws/firmware/mcu_ws/build/visualization_msgs/CMakeFiles/visualization_msgs__rosidl_typesupport_introspection_c.dir/compiler_depend.internal".
Dependencies file "CMakeFiles/visualization_msgs__rosidl_typesupport_introspection_c.dir/rosidl_typesupport_introspection_c/visualization_msgs/srv/detail/get_interactive_markers__type_support.c.obj.d" is newer than depends file "/home/ice/microros_ws/firmware/mcu_ws/build/visualization_msgs/CMakeFiles/visualization_msgs__rosidl_typesupport_introspection_c.dir/compiler_depend.internal".
[35m[1mConsolidate compiler generated dependencies of target visualization_msgs__rosidl_typesupport_introspection_c[0m
gmake[6]: Leaving directory '/home/ice/microros_ws/firmware/mcu_ws/build/visualization_msgs'
/usr/bin/gmake  -f CMakeFiles/visualization_msgs__rosidl_typesupport_introspection_c.dir/build.make CMakeFiles/visualization_msgs__rosidl_typesupport_introspection_c.dir/build
gmake[6]: Entering directory '/home/ice/microros_ws/firmware/mcu_ws/build/visualization_msgs'
gmake[6]: Nothing to be done for 'CMakeFiles/visualization_msgs__rosidl_typesupport_introspection_c.dir/build'.
gmake[6]: Leaving directory '/home/ice/microros_ws/firmware/mcu_ws/build/visualization_msgs'
[ 75%] Built target visualization_msgs__rosidl_typesupport_introspection_c
/usr/bin/gmake  -f CMakeFiles/visualization_msgs__rosidl_typesupport_microxrcedds_c.dir/build.make CMakeFiles/visualization_msgs__rosidl_typesupport_microxrcedds_c.dir/depend
gmake[6]: Entering directory '/home/ice/microros_ws/firmware/mcu_ws/build/visualization_msgs'
cd /home/ice/microros_ws/firmware/mcu_ws/build/visualization_msgs && /usr/bin/cmake -E cmake_depends "Unix Makefiles" /home/ice/microros_ws/firmware/mcu_ws/ros2/common_interfaces/visualization_msgs /home/ice/microros_ws/firmware/mcu_ws/ros2/common_interfaces/visualization_msgs /home/ice/microros_ws/firmware/mcu_ws/build/visualization_msgs /home/ice/microros_ws/firmware/mcu_ws/build/visualization_msgs /home/ice/microros_ws/firmware/mcu_ws/build/visualization_msgs/CMakeFiles/visualization_msgs__rosidl_typesupport_microxrcedds_c.dir/DependInfo.cmake --color=
Dependencies file "CMakeFiles/visualization_msgs__rosidl_typesupport_microxrcedds_c.dir/rosidl_typesupport_microxrcedds_c/visualization_msgs/msg/detail/microxrcedds/image_marker__type_support_c.c.obj.d" is newer than depends file "/home/ice/microros_ws/firmware/mcu_ws/build/visualization_msgs/CMakeFiles/visualization_msgs__rosidl_typesupport_microxrcedds_c.dir/compiler_depend.internal".
Dependencies file "CMakeFiles/visualization_msgs__rosidl_typesupport_microxrcedds_c.dir/rosidl_typesupport_microxrcedds_c/visualization_msgs/msg/detail/microxrcedds/interactive_marker__type_support_c.c.obj.d" is newer than depends file "/home/ice/microros_ws/firmware/mcu_ws/build/visualization_msgs/CMakeFiles/visualization_msgs__rosidl_typesupport_microxrcedds_c.dir/compiler_depend.internal".
Dependencies file "CMakeFiles/visualization_msgs__rosidl_typesupport_microxrcedds_c.dir/rosidl_typesupport_microxrcedds_c/visualization_msgs/msg/detail/microxrcedds/interactive_marker_control__type_support_c.c.obj.d" is newer than depends file "/home/ice/microros_ws/firmware/mcu_ws/build/visualization_msgs/CMakeFiles/visualization_msgs__rosidl_typesupport_microxrcedds_c.dir/compiler_depend.internal".
Dependencies file "CMakeFiles/visualization_msgs__rosidl_typesupport_microxrcedds_c.dir/rosidl_typesupport_microxrcedds_c/visualization_msgs/msg/detail/microxrcedds/interactive_marker_feedback__type_support_c.c.obj.d" is newer than depends file "/home/ice/microros_ws/firmware/mcu_ws/build/visualization_msgs/CMakeFiles/visualization_msgs__rosidl_typesupport_microxrcedds_c.dir/compiler_depend.internal".
Dependencies file "CMakeFiles/visualization_msgs__rosidl_typesupport_microxrcedds_c.dir/rosidl_typesupport_microxrcedds_c/visualization_msgs/msg/detail/microxrcedds/interactive_marker_init__type_support_c.c.obj.d" is newer than depends file "/home/ice/microros_ws/firmware/mcu_ws/build/visualization_msgs/CMakeFiles/visualization_msgs__rosidl_typesupport_microxrcedds_c.dir/compiler_depend.internal".
Dependencies file "CMakeFiles/visualization_msgs__rosidl_typesupport_microxrcedds_c.dir/rosidl_typesupport_microxrcedds_c/visualization_msgs/msg/detail/microxrcedds/interactive_marker_pose__type_support_c.c.obj.d" is newer than depends file "/home/ice/microros_ws/firmware/mcu_ws/build/visualization_msgs/CMakeFiles/visualization_msgs__rosidl_typesupport_microxrcedds_c.dir/compiler_depend.internal".
Dependencies file "CMakeFiles/visualization_msgs__rosidl_typesupport_microxrcedds_c.dir/rosidl_typesupport_microxrcedds_c/visualization_msgs/msg/detail/microxrcedds/interactive_marker_update__type_support_c.c.obj.d" is newer than depends file "/home/ice/microros_ws/firmware/mcu_ws/build/visualization_msgs/CMakeFiles/visualization_msgs__rosidl_typesupport_microxrcedds_c.dir/compiler_depend.internal".
Dependencies file "CMakeFiles/visualization_msgs__rosidl_typesupport_microxrcedds_c.dir/rosidl_typesupport_microxrcedds_c/visualization_msgs/msg/detail/microxrcedds/marker__type_support_c.c.obj.d" is newer than depends file "/home/ice/microros_ws/firmware/mcu_ws/build/visualization_msgs/CMakeFiles/visualization_msgs__rosidl_typesupport_microxrcedds_c.dir/compiler_depend.internal".
Dependencies file "CMakeFiles/visualization_msgs__rosidl_typesupport_microxrcedds_c.dir/rosidl_typesupport_microxrcedds_c/visualization_msgs/msg/detail/microxrcedds/marker_array__type_support_c.c.obj.d" is newer than depends file "/home/ice/microros_ws/firmware/mcu_ws/build/visualization_msgs/CMakeFiles/visualization_msgs__rosidl_typesupport_microxrcedds_c.dir/compiler_depend.internal".
Dependencies file "CMakeFiles/visualization_msgs__rosidl_typesupport_microxrcedds_c.dir/rosidl_typesupport_microxrcedds_c/visualization_msgs/msg/detail/microxrcedds/menu_entry__type_support_c.c.obj.d" is newer than depends file "/home/ice/microros_ws/firmware/mcu_ws/build/visualization_msgs/CMakeFiles/visualization_msgs__rosidl_typesupport_microxrcedds_c.dir/compiler_depend.internal".
Dependencies file "CMakeFiles/visualization_msgs__rosidl_typesupport_microxrcedds_c.dir/rosidl_typesupport_microxrcedds_c/visualization_msgs/msg/detail/microxrcedds/mesh_file__type_support_c.c.obj.d" is newer than depends file "/home/ice/microros_ws/firmware/mcu_ws/build/visualization_msgs/CMakeFiles/visualization_msgs__rosidl_typesupport_microxrcedds_c.dir/compiler_depend.internal".
Dependencies file "CMakeFiles/visualization_msgs__rosidl_typesupport_microxrcedds_c.dir/rosidl_typesupport_microxrcedds_c/visualization_msgs/msg/detail/microxrcedds/uv_coordinate__type_support_c.c.obj.d" is newer than depends file "/home/ice/microros_ws/firmware/mcu_ws/build/visualization_msgs/CMakeFiles/visualization_msgs__rosidl_typesupport_microxrcedds_c.dir/compiler_depend.internal".
Dependencies file "CMakeFiles/visualization_msgs__rosidl_typesupport_microxrcedds_c.dir/rosidl_typesupport_microxrcedds_c/visualization_msgs/srv/detail/microxrcedds/get_interactive_markers__type_support_c.c.obj.d" is newer than depends file "/home/ice/microros_ws/firmware/mcu_ws/build/visualization_msgs/CMakeFiles/visualization_msgs__rosidl_typesupport_microxrcedds_c.dir/compiler_depend.internal".
[35m[1mConsolidate compiler generated dependencies of target visualization_msgs__rosidl_typesupport_microxrcedds_c[0m
gmake[6]: Leaving directory '/home/ice/microros_ws/firmware/mcu_ws/build/visualization_msgs'
/usr/bin/gmake  -f CMakeFiles/visualization_msgs__rosidl_typesupport_microxrcedds_c.dir/build.make CMakeFiles/visualization_msgs__rosidl_typesupport_microxrcedds_c.dir/build
gmake[6]: Entering directory '/home/ice/microros_ws/firmware/mcu_ws/build/visualization_msgs'
gmake[6]: Nothing to be done for 'CMakeFiles/visualization_msgs__rosidl_typesupport_microxrcedds_c.dir/build'.
gmake[6]: Leaving directory '/home/ice/microros_ws/firmware/mcu_ws/build/visualization_msgs'
[100%] Built target visualization_msgs__rosidl_typesupport_microxrcedds_c
/usr/bin/gmake  -f CMakeFiles/visualization_msgs.dir/build.make CMakeFiles/visualization_msgs.dir/depend
gmake[6]: Entering directory '/home/ice/microros_ws/firmware/mcu_ws/build/visualization_msgs'
cd /home/ice/microros_ws/firmware/mcu_ws/build/visualization_msgs && /usr/bin/cmake -E cmake_depends "Unix Makefiles" /home/ice/microros_ws/firmware/mcu_ws/ros2/common_interfaces/visualization_msgs /home/ice/microros_ws/firmware/mcu_ws/ros2/common_interfaces/visualization_msgs /home/ice/microros_ws/firmware/mcu_ws/build/visualization_msgs /home/ice/microros_ws/firmware/mcu_ws/build/visualization_msgs /home/ice/microros_ws/firmware/mcu_ws/build/visualization_msgs/CMakeFiles/visualization_msgs.dir/DependInfo.cmake --color=
gmake[6]: Leaving directory '/home/ice/microros_ws/firmware/mcu_ws/build/visualization_msgs'
/usr/bin/gmake  -f CMakeFiles/visualization_msgs.dir/build.make CMakeFiles/visualization_msgs.dir/build
gmake[6]: Entering directory '/home/ice/microros_ws/firmware/mcu_ws/build/visualization_msgs'
gmake[6]: Nothing to be done for 'CMakeFiles/visualization_msgs.dir/build'.
gmake[6]: Leaving directory '/home/ice/microros_ws/firmware/mcu_ws/build/visualization_msgs'
[100%] Built target visualization_msgs
gmake[5]: Leaving directory '/home/ice/microros_ws/firmware/mcu_ws/build/visualization_msgs'
/usr/bin/cmake -E cmake_progress_start /home/ice/microros_ws/firmware/mcu_ws/build/visualization_msgs/CMakeFiles 0
gmake[4]: Leaving directory '/home/ice/microros_ws/firmware/mcu_ws/build/visualization_msgs'
-- Install configuration: "Debug"
-- Up-to-date: /home/ice/microros_ws/firmware/mcu_ws/install/share/ament_index/resource_index/rosidl_interfaces/visualization_msgs
-- Up-to-date: /home/ice/microros_ws/firmware/mcu_ws/install/include/visualization_msgs/visualization_msgs
-- Up-to-date: /home/ice/microros_ws/firmware/mcu_ws/install/include/visualization_msgs/visualization_msgs/srv
-- Up-to-date: /home/ice/microros_ws/firmware/mcu_ws/install/include/visualization_msgs/visualization_msgs/srv/detail
-- Up-to-date: /home/ice/microros_ws/firmware/mcu_ws/install/include/visualization_msgs/visualization_msgs/srv/detail/get_interactive_markers__type_support.h
-- Up-to-date: /home/ice/microros_ws/firmware/mcu_ws/install/include/visualization_msgs/visualization_msgs/srv/detail/get_interactive_markers__functions.h
-- Up-to-date: /home/ice/microros_ws/firmware/mcu_ws/install/include/visualization_msgs/visualization_msgs/srv/detail/get_interactive_markers__functions.c
-- Up-to-date: /home/ice/microros_ws/firmware/mcu_ws/install/include/visualization_msgs/visualization_msgs/srv/detail/get_interactive_markers__struct.h
-- Up-to-date: /home/ice/microros_ws/firmware/mcu_ws/install/include/visualization_msgs/visualization_msgs/srv/get_interactive_markers.h
-- Up-to-date: /home/ice/microros_ws/firmware/mcu_ws/install/include/visualization_msgs/visualization_msgs/msg
-- Up-to-date: /home/ice/microros_ws/firmware/mcu_ws/install/include/visualization_msgs/visualization_msgs/msg/interactive_marker.h
-- Up-to-date: /home/ice/microros_ws/firmware/mcu_ws/install/include/visualization_msgs/visualization_msgs/msg/image_marker.h
-- Up-to-date: /home/ice/microros_ws/firmware/mcu_ws/install/include/visualization_msgs/visualization_msgs/msg/detail
-- Up-to-date: /home/ice/microros_ws/firmware/mcu_ws/install/include/visualization_msgs/visualization_msgs/msg/detail/interactive_marker__functions.h
-- Up-to-date: /home/ice/microros_ws/firmware/mcu_ws/install/include/visualization_msgs/visualization_msgs/msg/detail/interactive_marker_control__functions.c
-- Up-to-date: /home/ice/microros_ws/firmware/mcu_ws/install/include/visualization_msgs/visualization_msgs/msg/detail/interactive_marker_update__type_support.h
-- Up-to-date: /home/ice/microros_ws/firmware/mcu_ws/install/include/visualization_msgs/visualization_msgs/msg/detail/mesh_file__functions.c
-- Up-to-date: /home/ice/microros_ws/firmware/mcu_ws/install/include/visualization_msgs/visualization_msgs/msg/detail/marker_array__type_support.h
-- Up-to-date: /home/ice/microros_ws/firmware/mcu_ws/install/include/visualization_msgs/visualization_msgs/msg/detail/marker__functions.h
-- Up-to-date: /home/ice/microros_ws/firmware/mcu_ws/install/include/visualization_msgs/visualization_msgs/msg/detail/image_marker__type_support.h
-- Up-to-date: /home/ice/microros_ws/firmware/mcu_ws/install/include/visualization_msgs/visualization_msgs/msg/detail/interactive_marker_init__type_support.h
-- Up-to-date: /home/ice/microros_ws/firmware/mcu_ws/install/include/visualization_msgs/visualization_msgs/msg/detail/interactive_marker_pose__functions.h
-- Up-to-date: /home/ice/microros_ws/firmware/mcu_ws/install/include/visualization_msgs/visualization_msgs/msg/detail/interactive_marker_control__struct.h
-- Up-to-date: /home/ice/microros_ws/firmware/mcu_ws/install/include/visualization_msgs/visualization_msgs/msg/detail/image_marker__struct.h
-- Up-to-date: /home/ice/microros_ws/firmware/mcu_ws/install/include/visualization_msgs/visualization_msgs/msg/detail/image_marker__functions.c
-- Up-to-date: /home/ice/microros_ws/firmware/mcu_ws/install/include/visualization_msgs/visualization_msgs/msg/detail/interactive_marker__functions.c
-- Up-to-date: /home/ice/microros_ws/firmware/mcu_ws/install/include/visualization_msgs/visualization_msgs/msg/detail/menu_entry__type_support.h
-- Up-to-date: /home/ice/microros_ws/firmware/mcu_ws/install/include/visualization_msgs/visualization_msgs/msg/detail/interactive_marker_control__type_support.h
-- Up-to-date: /home/ice/microros_ws/firmware/mcu_ws/install/include/visualization_msgs/visualization_msgs/msg/detail/uv_coordinate__struct.h
-- Up-to-date: /home/ice/microros_ws/firmware/mcu_ws/install/include/visualization_msgs/visualization_msgs/msg/detail/interactive_marker_update__struct.h
-- Up-to-date: /home/ice/microros_ws/firmware/mcu_ws/install/include/visualization_msgs/visualization_msgs/msg/detail/interactive_marker_control__functions.h
-- Up-to-date: /home/ice/microros_ws/firmware/mcu_ws/install/include/visualization_msgs/visualization_msgs/msg/detail/interactive_marker_init__functions.h
-- Up-to-date: /home/ice/microros_ws/firmware/mcu_ws/install/include/visualization_msgs/visualization_msgs/msg/detail/interactive_marker_pose__type_support.h
-- Up-to-date: /home/ice/microros_ws/firmware/mcu_ws/install/include/visualization_msgs/visualization_msgs/msg/detail/menu_entry__struct.h
-- Up-to-date: /home/ice/microros_ws/firmware/mcu_ws/install/include/visualization_msgs/visualization_msgs/msg/detail/interactive_marker_pose__struct.h
-- Up-to-date: /home/ice/microros_ws/firmware/mcu_ws/install/include/visualization_msgs/visualization_msgs/msg/detail/uv_coordinate__functions.h
-- Up-to-date: /home/ice/microros_ws/firmware/mcu_ws/install/include/visualization_msgs/visualization_msgs/msg/detail/mesh_file__functions.h
-- Up-to-date: /home/ice/microros_ws/firmware/mcu_ws/install/include/visualization_msgs/visualization_msgs/msg/detail/uv_coordinate__functions.c
-- Up-to-date: /home/ice/microros_ws/firmware/mcu_ws/install/include/visualization_msgs/visualization_msgs/msg/detail/interactive_marker_init__struct.h
-- Up-to-date: /home/ice/microros_ws/firmware/mcu_ws/install/include/visualization_msgs/visualization_msgs/msg/detail/interactive_marker_feedback__functions.h
-- Up-to-date: /home/ice/microros_ws/firmware/mcu_ws/install/include/visualization_msgs/visualization_msgs/msg/detail/marker_array__struct.h
-- Up-to-date: /home/ice/microros_ws/firmware/mcu_ws/install/include/visualization_msgs/visualization_msgs/msg/detail/interactive_marker_pose__functions.c
-- Up-to-date: /home/ice/microros_ws/firmware/mcu_ws/install/include/visualization_msgs/visualization_msgs/msg/detail/marker__type_support.h
-- Up-to-date: /home/ice/microros_ws/firmware/mcu_ws/install/include/visualization_msgs/visualization_msgs/msg/detail/interactive_marker_update__functions.h
-- Up-to-date: /home/ice/microros_ws/firmware/mcu_ws/install/include/visualization_msgs/visualization_msgs/msg/detail/mesh_file__struct.h
-- Up-to-date: /home/ice/microros_ws/firmware/mcu_ws/install/include/visualization_msgs/visualization_msgs/msg/detail/menu_entry__functions.c
-- Up-to-date: /home/ice/microros_ws/firmware/mcu_ws/install/include/visualization_msgs/visualization_msgs/msg/detail/marker_array__functions.h
-- Up-to-date: /home/ice/microros_ws/firmware/mcu_ws/install/include/visualization_msgs/visualization_msgs/msg/detail/interactive_marker__struct.h
-- Up-to-date: /home/ice/microros_ws/firmware/mcu_ws/install/include/visualization_msgs/visualization_msgs/msg/detail/interactive_marker_feedback__struct.h
-- Up-to-date: /home/ice/microros_ws/firmware/mcu_ws/install/include/visualization_msgs/visualization_msgs/msg/detail/uv_coordinate__type_support.h
-- Up-to-date: /home/ice/microros_ws/firmware/mcu_ws/install/include/visualization_msgs/visualization_msgs/msg/detail/interactive_marker_init__functions.c
-- Up-to-date: /home/ice/microros_ws/firmware/mcu_ws/install/include/visualization_msgs/visualization_msgs/msg/detail/marker__struct.h
-- Up-to-date: /home/ice/microros_ws/firmware/mcu_ws/install/include/visualization_msgs/visualization_msgs/msg/detail/interactive_marker__type_support.h
-- Up-to-date: /home/ice/microros_ws/firmware/mcu_ws/install/include/visualization_msgs/visualization_msgs/msg/detail/marker__functions.c
-- Up-to-date: /home/ice/microros_ws/firmware/mcu_ws/install/include/visualization_msgs/visualization_msgs/msg/detail/interactive_marker_feedback__functions.c
-- Up-to-date: /home/ice/microros_ws/firmware/mcu_ws/install/include/visualization_msgs/visualization_msgs/msg/detail/image_marker__functions.h
-- Up-to-date: /home/ice/microros_ws/firmware/mcu_ws/install/include/visualization_msgs/visualization_msgs/msg/detail/interactive_marker_feedback__type_support.h
-- Up-to-date: /home/ice/microros_ws/firmware/mcu_ws/install/include/visualization_msgs/visualization_msgs/msg/detail/interactive_marker_update__functions.c
-- Up-to-date: /home/ice/microros_ws/firmware/mcu_ws/install/include/visualization_msgs/visualization_msgs/msg/detail/marker_array__functions.c
-- Up-to-date: /home/ice/microros_ws/firmware/mcu_ws/install/include/visualization_msgs/visualization_msgs/msg/detail/menu_entry__functions.h
-- Up-to-date: /home/ice/microros_ws/firmware/mcu_ws/install/include/visualization_msgs/visualization_msgs/msg/detail/mesh_file__type_support.h
-- Up-to-date: /home/ice/microros_ws/firmware/mcu_ws/install/include/visualization_msgs/visualization_msgs/msg/menu_entry.h
-- Up-to-date: /home/ice/microros_ws/firmware/mcu_ws/install/include/visualization_msgs/visualization_msgs/msg/marker.h
-- Up-to-date: /home/ice/microros_ws/firmware/mcu_ws/install/include/visualization_msgs/visualization_msgs/msg/mesh_file.h
-- Up-to-date: /home/ice/microros_ws/firmware/mcu_ws/install/include/visualization_msgs/visualization_msgs/msg/interactive_marker_init.h
-- Up-to-date: /home/ice/microros_ws/firmware/mcu_ws/install/include/visualization_msgs/visualization_msgs/msg/interactive_marker_feedback.h
-- Up-to-date: /home/ice/microros_ws/firmware/mcu_ws/install/include/visualization_msgs/visualization_msgs/msg/interactive_marker_control.h
-- Up-to-date: /home/ice/microros_ws/firmware/mcu_ws/install/include/visualization_msgs/visualization_msgs/msg/interactive_marker_pose.h
-- Up-to-date: /home/ice/microros_ws/firmware/mcu_ws/install/include/visualization_msgs/visualization_msgs/msg/uv_coordinate.h
-- Up-to-date: /home/ice/microros_ws/firmware/mcu_ws/install/include/visualization_msgs/visualization_msgs/msg/rosidl_generator_c__visibility_control.h
-- Up-to-date: /home/ice/microros_ws/firmware/mcu_ws/install/include/visualization_msgs/visualization_msgs/msg/marker_array.h
-- Up-to-date: /home/ice/microros_ws/firmware/mcu_ws/install/include/visualization_msgs/visualization_msgs/msg/interactive_marker_update.h
-- Up-to-date: /home/ice/microros_ws/firmware/mcu_ws/install/share/visualization_msgs/environment/library_path.sh
-- Installing: /home/ice/microros_ws/firmware/mcu_ws/install/share/visualization_msgs/environment/library_path.dsv
-- Up-to-date: /home/ice/microros_ws/firmware/mcu_ws/install/lib/libvisualization_msgs__rosidl_generator_c.a
-- Up-to-date: /home/ice/microros_ws/firmware/mcu_ws/install/include/visualization_msgs/visualization_msgs
-- Up-to-date: /home/ice/microros_ws/firmware/mcu_ws/install/include/visualization_msgs/visualization_msgs/srv
-- Up-to-date: /home/ice/microros_ws/firmware/mcu_ws/install/include/visualization_msgs/visualization_msgs/srv/detail
-- Up-to-date: /home/ice/microros_ws/firmware/mcu_ws/install/include/visualization_msgs/visualization_msgs/srv/detail/get_interactive_markers__rosidl_typesupport_introspection_c.h
-- Up-to-date: /home/ice/microros_ws/firmware/mcu_ws/install/include/visualization_msgs/visualization_msgs/srv/detail/get_interactive_markers__type_support.c
-- Up-to-date: /home/ice/microros_ws/firmware/mcu_ws/install/include/visualization_msgs/visualization_msgs/msg
-- Up-to-date: /home/ice/microros_ws/firmware/mcu_ws/install/include/visualization_msgs/visualization_msgs/msg/detail
-- Up-to-date: /home/ice/microros_ws/firmware/mcu_ws/install/include/visualization_msgs/visualization_msgs/msg/detail/image_marker__rosidl_typesupport_introspection_c.h
-- Up-to-date: /home/ice/microros_ws/firmware/mcu_ws/install/include/visualization_msgs/visualization_msgs/msg/detail/menu_entry__rosidl_typesupport_introspection_c.h
-- Up-to-date: /home/ice/microros_ws/firmware/mcu_ws/install/include/visualization_msgs/visualization_msgs/msg/detail/image_marker__type_support.c
-- Up-to-date: /home/ice/microros_ws/firmware/mcu_ws/install/include/visualization_msgs/visualization_msgs/msg/detail/menu_entry__type_support.c
-- Up-to-date: /home/ice/microros_ws/firmware/mcu_ws/install/include/visualization_msgs/visualization_msgs/msg/detail/interactive_marker_init__rosidl_typesupport_introspection_c.h
-- Up-to-date: /home/ice/microros_ws/firmware/mcu_ws/install/include/visualization_msgs/visualization_msgs/msg/detail/mesh_file__rosidl_typesupport_introspection_c.h
-- Up-to-date: /home/ice/microros_ws/firmware/mcu_ws/install/include/visualization_msgs/visualization_msgs/msg/detail/uv_coordinate__rosidl_typesupport_introspection_c.h
-- Up-to-date: /home/ice/microros_ws/firmware/mcu_ws/install/include/visualization_msgs/visualization_msgs/msg/detail/interactive_marker_feedback__rosidl_typesupport_introspection_c.h
-- Up-to-date: /home/ice/microros_ws/firmware/mcu_ws/install/include/visualization_msgs/visualization_msgs/msg/detail/interactive_marker_init__type_support.c
-- Up-to-date: /home/ice/microros_ws/firmware/mcu_ws/install/include/visualization_msgs/visualization_msgs/msg/detail/marker_array__rosidl_typesupport_introspection_c.h
-- Up-to-date: /home/ice/microros_ws/firmware/mcu_ws/install/include/visualization_msgs/visualization_msgs/msg/detail/interactive_marker_control__type_support.c
-- Up-to-date: /home/ice/microros_ws/firmware/mcu_ws/install/include/visualization_msgs/visualization_msgs/msg/detail/interactive_marker_update__rosidl_typesupport_introspection_c.h
-- Up-to-date: /home/ice/microros_ws/firmware/mcu_ws/install/include/visualization_msgs/visualization_msgs/msg/detail/interactive_marker_feedback__type_support.c
-- Up-to-date: /home/ice/microros_ws/firmware/mcu_ws/install/include/visualization_msgs/visualization_msgs/msg/detail/marker__type_support.c
-- Up-to-date: /home/ice/microros_ws/firmware/mcu_ws/install/include/visualization_msgs/visualization_msgs/msg/detail/uv_coordinate__type_support.c
-- Up-to-date: /home/ice/microros_ws/firmware/mcu_ws/install/include/visualization_msgs/visualization_msgs/msg/detail/interactive_marker_control__rosidl_typesupport_introspection_c.h
-- Up-to-date: /home/ice/microros_ws/firmware/mcu_ws/install/include/visualization_msgs/visualization_msgs/msg/detail/interactive_marker_update__type_support.c
-- Up-to-date: /home/ice/microros_ws/firmware/mcu_ws/install/include/visualization_msgs/visualization_msgs/msg/detail/interactive_marker_pose__type_support.c
-- Up-to-date: /home/ice/microros_ws/firmware/mcu_ws/install/include/visualization_msgs/visualization_msgs/msg/detail/marker_array__type_support.c
-- Up-to-date: /home/ice/microros_ws/firmware/mcu_ws/install/include/visualization_msgs/visualization_msgs/msg/detail/interactive_marker__rosidl_typesupport_introspection_c.h
-- Up-to-date: /home/ice/microros_ws/firmware/mcu_ws/install/include/visualization_msgs/visualization_msgs/msg/detail/marker__rosidl_typesupport_introspection_c.h
-- Up-to-date: /home/ice/microros_ws/firmware/mcu_ws/install/include/visualization_msgs/visualization_msgs/msg/detail/mesh_file__type_support.c
-- Up-to-date: /home/ice/microros_ws/firmware/mcu_ws/install/include/visualization_msgs/visualization_msgs/msg/detail/interactive_marker__type_support.c
-- Up-to-date: /home/ice/microros_ws/firmware/mcu_ws/install/include/visualization_msgs/visualization_msgs/msg/detail/interactive_marker_pose__rosidl_typesupport_introspection_c.h
-- Up-to-date: /home/ice/microros_ws/firmware/mcu_ws/install/include/visualization_msgs/visualization_msgs/msg/rosidl_typesupport_introspection_c__visibility_control.h
-- Up-to-date: /home/ice/microros_ws/firmware/mcu_ws/install/lib/libvisualization_msgs__rosidl_typesupport_introspection_c.a
-- Up-to-date: /home/ice/microros_ws/firmware/mcu_ws/install/include/visualization_msgs
-- Up-to-date: /home/ice/microros_ws/firmware/mcu_ws/install/include/visualization_msgs/srv
-- Up-to-date: /home/ice/microros_ws/firmware/mcu_ws/install/include/visualization_msgs/srv/detail
-- Up-to-date: /home/ice/microros_ws/firmware/mcu_ws/install/include/visualization_msgs/srv/detail/microxrcedds
-- Up-to-date: /home/ice/microros_ws/firmware/mcu_ws/install/include/visualization_msgs/srv/detail/get_interactive_markers__rosidl_typesupport_microxrcedds_c.h
-- Up-to-date: /home/ice/microros_ws/firmware/mcu_ws/install/include/visualization_msgs/msg
-- Up-to-date: /home/ice/microros_ws/firmware/mcu_ws/install/include/visualization_msgs/msg/detail
-- Up-to-date: /home/ice/microros_ws/firmware/mcu_ws/install/include/visualization_msgs/msg/detail/uv_coordinate__rosidl_typesupport_microxrcedds_c.h
-- Up-to-date: /home/ice/microros_ws/firmware/mcu_ws/install/include/visualization_msgs/msg/detail/interactive_marker_update__rosidl_typesupport_microxrcedds_c.h
-- Up-to-date: /home/ice/microros_ws/firmware/mcu_ws/install/include/visualization_msgs/msg/detail/marker_array__rosidl_typesupport_microxrcedds_c.h
-- Up-to-date: /home/ice/microros_ws/firmware/mcu_ws/install/include/visualization_msgs/msg/detail/marker__rosidl_typesupport_microxrcedds_c.h
-- Up-to-date: /home/ice/microros_ws/firmware/mcu_ws/install/include/visualization_msgs/msg/detail/image_marker__rosidl_typesupport_microxrcedds_c.h
-- Up-to-date: /home/ice/microros_ws/firmware/mcu_ws/install/include/visualization_msgs/msg/detail/mesh_file__rosidl_typesupport_microxrcedds_c.h
-- Up-to-date: /home/ice/microros_ws/firmware/mcu_ws/install/include/visualization_msgs/msg/detail/microxrcedds
-- Up-to-date: /home/ice/microros_ws/firmware/mcu_ws/install/include/visualization_msgs/msg/detail/interactive_marker_control__rosidl_typesupport_microxrcedds_c.h
-- Up-to-date: /home/ice/microros_ws/firmware/mcu_ws/install/include/visualization_msgs/msg/detail/interactive_marker_init__rosidl_typesupport_microxrcedds_c.h
-- Up-to-date: /home/ice/microros_ws/firmware/mcu_ws/install/include/visualization_msgs/msg/detail/interactive_marker_feedback__rosidl_typesupport_microxrcedds_c.h
-- Up-to-date: /home/ice/microros_ws/firmware/mcu_ws/install/include/visualization_msgs/msg/detail/interactive_marker_pose__rosidl_typesupport_microxrcedds_c.h
-- Up-to-date: /home/ice/microros_ws/firmware/mcu_ws/install/include/visualization_msgs/msg/detail/interactive_marker__rosidl_typesupport_microxrcedds_c.h
-- Up-to-date: /home/ice/microros_ws/firmware/mcu_ws/install/include/visualization_msgs/msg/detail/menu_entry__rosidl_typesupport_microxrcedds_c.h
-- Up-to-date: /home/ice/microros_ws/firmware/mcu_ws/install/include/visualization_msgs/msg/rosidl_typesupport_microxrcedds_c__visibility_control.h
-- Up-to-date: /home/ice/microros_ws/firmware/mcu_ws/install/lib/libvisualization_msgs__rosidl_typesupport_microxrcedds_c.a
-- Up-to-date: /home/ice/microros_ws/firmware/mcu_ws/install/lib/libvisualization_msgs__rosidl_typesupport_c.a
-- Up-to-date: /home/ice/microros_ws/firmware/mcu_ws/install/share/visualization_msgs/msg/ImageMarker.idl
-- Up-to-date: /home/ice/microros_ws/firmware/mcu_ws/install/share/visualization_msgs/msg/InteractiveMarker.idl
-- Up-to-date: /home/ice/microros_ws/firmware/mcu_ws/install/share/visualization_msgs/msg/InteractiveMarkerControl.idl
-- Up-to-date: /home/ice/microros_ws/firmware/mcu_ws/install/share/visualization_msgs/msg/InteractiveMarkerFeedback.idl
-- Up-to-date: /home/ice/microros_ws/firmware/mcu_ws/install/share/visualization_msgs/msg/InteractiveMarkerInit.idl
-- Up-to-date: /home/ice/microros_ws/firmware/mcu_ws/install/share/visualization_msgs/msg/InteractiveMarkerPose.idl
-- Up-to-date: /home/ice/microros_ws/firmware/mcu_ws/install/share/visualization_msgs/msg/InteractiveMarkerUpdate.idl
-- Up-to-date: /home/ice/microros_ws/firmware/mcu_ws/install/share/visualization_msgs/msg/Marker.idl
-- Up-to-date: /home/ice/microros_ws/firmware/mcu_ws/install/share/visualization_msgs/msg/MarkerArray.idl
-- Up-to-date: /home/ice/microros_ws/firmware/mcu_ws/install/share/visualization_msgs/msg/MenuEntry.idl
-- Up-to-date: /home/ice/microros_ws/firmware/mcu_ws/install/share/visualization_msgs/msg/MeshFile.idl
-- Up-to-date: /home/ice/microros_ws/firmware/mcu_ws/install/share/visualization_msgs/msg/UVCoordinate.idl
-- Up-to-date: /home/ice/microros_ws/firmware/mcu_ws/install/share/visualization_msgs/srv/GetInteractiveMarkers.idl
-- Up-to-date: /home/ice/microros_ws/firmware/mcu_ws/install/share/visualization_msgs/msg/ImageMarker.msg
-- Up-to-date: /home/ice/microros_ws/firmware/mcu_ws/install/share/visualization_msgs/msg/InteractiveMarker.msg
-- Up-to-date: /home/ice/microros_ws/firmware/mcu_ws/install/share/visualization_msgs/msg/InteractiveMarkerControl.msg
-- Up-to-date: /home/ice/microros_ws/firmware/mcu_ws/install/share/visualization_msgs/msg/InteractiveMarkerFeedback.msg
-- Up-to-date: /home/ice/microros_ws/firmware/mcu_ws/install/share/visualization_msgs/msg/InteractiveMarkerInit.msg
-- Up-to-date: /home/ice/microros_ws/firmware/mcu_ws/install/share/visualization_msgs/msg/InteractiveMarkerPose.msg
-- Up-to-date: /home/ice/microros_ws/firmware/mcu_ws/install/share/visualization_msgs/msg/InteractiveMarkerUpdate.msg
-- Up-to-date: /home/ice/microros_ws/firmware/mcu_ws/install/share/visualization_msgs/msg/Marker.msg
-- Up-to-date: /home/ice/microros_ws/firmware/mcu_ws/install/share/visualization_msgs/msg/MarkerArray.msg
-- Up-to-date: /home/ice/microros_ws/firmware/mcu_ws/install/share/visualization_msgs/msg/MenuEntry.msg
-- Up-to-date: /home/ice/microros_ws/firmware/mcu_ws/install/share/visualization_msgs/msg/MeshFile.msg
-- Up-to-date: /home/ice/microros_ws/firmware/mcu_ws/install/share/visualization_msgs/msg/UVCoordinate.msg
-- Up-to-date: /home/ice/microros_ws/firmware/mcu_ws/install/share/visualization_msgs/srv/GetInteractiveMarkers.srv
-- Up-to-date: /home/ice/microros_ws/firmware/mcu_ws/install/share/visualization_msgs/srv/GetInteractiveMarkers_Request.msg
-- Up-to-date: /home/ice/microros_ws/firmware/mcu_ws/install/share/visualization_msgs/srv/GetInteractiveMarkers_Response.msg
-- Up-to-date: /home/ice/microros_ws/firmware/mcu_ws/install/share/ament_index/resource_index/package_run_dependencies/visualization_msgs
-- Up-to-date: /home/ice/microros_ws/firmware/mcu_ws/install/share/ament_index/resource_index/parent_prefix_path/visualization_msgs
-- Up-to-date: /home/ice/microros_ws/firmware/mcu_ws/install/share/visualization_msgs/environment/ament_prefix_path.sh
-- Installing: /home/ice/microros_ws/firmware/mcu_ws/install/share/visualization_msgs/environment/ament_prefix_path.dsv
-- Up-to-date: /home/ice/microros_ws/firmware/mcu_ws/install/share/visualization_msgs/environment/path.sh
-- Installing: /home/ice/microros_ws/firmware/mcu_ws/install/share/visualization_msgs/environment/path.dsv
-- Up-to-date: /home/ice/microros_ws/firmware/mcu_ws/install/share/visualization_msgs/local_setup.bash
-- Up-to-date: /home/ice/microros_ws/firmware/mcu_ws/install/share/visualization_msgs/local_setup.sh
-- Up-to-date: /home/ice/microros_ws/firmware/mcu_ws/install/share/visualization_msgs/local_setup.zsh
-- Installing: /home/ice/microros_ws/firmware/mcu_ws/install/share/visualization_msgs/local_setup.dsv
-- Installing: /home/ice/microros_ws/firmware/mcu_ws/install/share/visualization_msgs/package.dsv
-- Up-to-date: /home/ice/microros_ws/firmware/mcu_ws/install/share/ament_index/resource_index/packages/visualization_msgs
-- Up-to-date: /home/ice/microros_ws/firmware/mcu_ws/install/share/visualization_msgs/cmake/export_visualization_msgs__rosidl_generator_cExport.cmake
-- Up-to-date: /home/ice/microros_ws/firmware/mcu_ws/install/share/visualization_msgs/cmake/export_visualization_msgs__rosidl_generator_cExport-debug.cmake
-- Up-to-date: /home/ice/microros_ws/firmware/mcu_ws/install/share/visualization_msgs/cmake/visualization_msgs__rosidl_typesupport_introspection_cExport.cmake
-- Up-to-date: /home/ice/microros_ws/firmware/mcu_ws/install/share/visualization_msgs/cmake/visualization_msgs__rosidl_typesupport_introspection_cExport-debug.cmake
-- Up-to-date: /home/ice/microros_ws/firmware/mcu_ws/install/share/visualization_msgs/cmake/visualization_msgs__rosidl_typesupport_cExport.cmake
-- Up-to-date: /home/ice/microros_ws/firmware/mcu_ws/install/share/visualization_msgs/cmake/visualization_msgs__rosidl_typesupport_cExport-debug.cmake
-- Up-to-date: /home/ice/microros_ws/firmware/mcu_ws/install/share/visualization_msgs/cmake/rosidl_cmake-extras.cmake
-- Up-to-date: /home/ice/microros_ws/firmware/mcu_ws/install/share/visualization_msgs/cmake/ament_cmake_export_dependencies-extras.cmake
-- Up-to-date: /home/ice/microros_ws/firmware/mcu_ws/install/share/visualization_msgs/cmake/ament_cmake_export_include_directories-extras.cmake
-- Up-to-date: /home/ice/microros_ws/firmware/mcu_ws/install/share/visualization_msgs/cmake/ament_cmake_export_libraries-extras.cmake
-- Up-to-date: /home/ice/microros_ws/firmware/mcu_ws/install/share/visualization_msgs/cmake/ament_cmake_export_targets-extras.cmake
-- Up-to-date: /home/ice/microros_ws/firmware/mcu_ws/install/share/visualization_msgs/cmake/rosidl_cmake_export_typesupport_targets-extras.cmake
-- Up-to-date: /home/ice/microros_ws/firmware/mcu_ws/install/share/visualization_msgs/cmake/rosidl_cmake_export_typesupport_libraries-extras.cmake
-- Up-to-date: /home/ice/microros_ws/firmware/mcu_ws/install/share/visualization_msgs/cmake/visualization_msgsConfig.cmake
-- Up-to-date: /home/ice/microros_ws/firmware/mcu_ws/install/share/visualization_msgs/cmake/visualization_msgsConfig-version.cmake
-- Up-to-date: /home/ice/microros_ws/firmware/mcu_ws/install/share/visualization_msgs/package.xml
