[0.398s] Invoking command in '/home/ice/microros_ws/firmware/mcu_ws/build/visualization_msgs': AMENT_PREFIX_PATH=/home/ice/microros_ws/firmware/mcu_ws/install:${AMENT_PREFIX_PATH} CMAKE_PREFIX_PATH=/home/ice/microros_ws/firmware/mcu_ws/install:/home/ice/microros_ws/firmware/dev_ws/install/ament_lint_common:/home/ice/microros_ws/firmware/dev_ws/install/ament_cmake_uncrustify:/home/ice/microros_ws/firmware/dev_ws/install/uncrustify_vendor:/home/ice/microros_ws/firmware/dev_ws/install/ament_cmake_ros:/home/ice/microros_ws/firmware/dev_ws/install/ament_cmake_auto:/home/ice/microros_ws/firmware/dev_ws/install/ament_cmake_gmock:/home/ice/microros_ws/firmware/dev_ws/install/gmock_vendor:/home/ice/microros_ws/firmware/dev_ws/install/ament_cmake_gtest:/home/ice/microros_ws/firmware/dev_ws/install/gtest_vendor:/home/ice/microros_ws/firmware/dev_ws/install/ament_cmake_xmllint:/home/ice/microros_ws/firmware/dev_ws/install/ament_cmake_pyflakes:/home/ice/microros_ws/firmware/dev_ws/install/ament_cmake_pycodestyle:/home/ice/microros_ws/firmware/dev_ws/install/ament_cmake_pep257:/home/ice/microros_ws/firmware/dev_ws/install/ament_cmake_pclint:/home/ice/microros_ws/firmware/dev_ws/install/ament_lint_auto:/home/ice/microros_ws/firmware/dev_ws/install/ament_cmake:/home/ice/microros_ws/firmware/dev_ws/install/ament_cmake_version:/home/ice/microros_ws/firmware/dev_ws/install/ament_cmake_vendor_package:/home/ice/microros_ws/firmware/dev_ws/install/ament_cmake_pytest:/home/ice/microros_ws/firmware/dev_ws/install/ament_cmake_nose:/home/ice/microros_ws/firmware/dev_ws/install/ament_cmake_mypy:/home/ice/microros_ws/firmware/dev_ws/install/ament_cmake_lint_cmake:/home/ice/microros_ws/firmware/dev_ws/install/ament_cmake_google_benchmark:/home/ice/microros_ws/firmware/dev_ws/install/ament_cmake_flake8:/home/ice/microros_ws/firmware/dev_ws/install/ament_cmake_cpplint:/home/ice/microros_ws/firmware/dev_ws/install/ament_cmake_cppcheck:/home/ice/microros_ws/firmware/dev_ws/install/ament_cmake_copyright:/home/ice/microros_ws/firmware/dev_ws/install/ament_cmake_clang_tidy:/home/ice/microros_ws/firmware/dev_ws/install/ament_cmake_clang_format:/home/ice/microros_ws/firmware/dev_ws/install/ament_cmake_test:/home/ice/microros_ws/firmware/dev_ws/install/ament_cmake_target_dependencies:/home/ice/microros_ws/firmware/dev_ws/install/ament_cmake_python:/home/ice/microros_ws/firmware/dev_ws/install/ament_cmake_export_dependencies:/home/ice/microros_ws/firmware/dev_ws/install/ament_cmake_libraries:/home/ice/microros_ws/firmware/dev_ws/install/ament_cmake_include_directories:/home/ice/microros_ws/firmware/dev_ws/install/ament_cmake_gen_version_h:/home/ice/microros_ws/firmware/dev_ws/install/ament_cmake_export_targets:/home/ice/microros_ws/firmware/dev_ws/install/ament_cmake_export_link_flags:/home/ice/microros_ws/firmware/dev_ws/install/ament_cmake_export_interfaces:/home/ice/microros_ws/firmware/dev_ws/install/ament_cmake_export_libraries:/home/ice/microros_ws/firmware/dev_ws/install/ament_cmake_export_include_directories:/home/ice/microros_ws/firmware/dev_ws/install/ament_cmake_export_definitions:/home/ice/microros_ws/firmware/dev_ws/install/ament_cmake_core:/home/ice/microros_ws/firmware/dev_ws/install/ament_index_cpp:/home/ice/microros_ws/firmware/dev_ws/install/ament_uncrustify:/home/ice/microros_ws/firmware/dev_ws/install/domain_coordinator:/home/ice/microros_ws/firmware/dev_ws/install/ament_xmllint:/home/ice/microros_ws/firmware/dev_ws/install/ament_pyflakes:/home/ice/microros_ws/firmware/dev_ws/install/ament_pycodestyle:/home/ice/microros_ws/firmware/dev_ws/install/ament_pep257:/home/ice/microros_ws/firmware/dev_ws/install/ament_pclint:/home/ice/microros_ws/firmware/dev_ws/install/ament_package:/home/ice/microros_ws/firmware/dev_ws/install/ament_mypy:/home/ice/microros_ws/firmware/dev_ws/install/ament_lint_cmake:/home/ice/microros_ws/firmware/dev_ws/install/ament_flake8:/home/ice/microros_ws/firmware/dev_ws/install/ament_copyright:/home/ice/microros_ws/firmware/dev_ws/install/ament_lint:/home/ice/microros_ws/firmware/dev_ws/install/ament_index_python:/home/ice/microros_ws/firmware/dev_ws/install/ament_cpplint:/home/ice/microros_ws/firmware/dev_ws/install/ament_cppcheck:/home/ice/microros_ws/firmware/dev_ws/install/ament_clang_tidy:/home/ice/microros_ws/firmware/dev_ws/install/ament_clang_format LD_LIBRARY_PATH=/home/ice/microros_ws/firmware/mcu_ws/install/lib:${LD_LIBRARY_PATH} PATH=/home/ice/microros_ws/firmware/mcu_ws/install/bin:${PATH} PYTHONPATH=/home/ice/microros_ws/firmware/mcu_ws/install/lib/python3.10/site-packages:${PYTHONPATH} /usr/bin/cmake --build /home/ice/microros_ws/firmware/mcu_ws/build/visualization_msgs -- -j2 -l2
[0.470s] gmake[4]: Entering directory '/home/ice/microros_ws/firmware/mcu_ws/build/visualization_msgs'
[0.470s] /usr/bin/cmake -S/home/ice/microros_ws/firmware/mcu_ws/ros2/common_interfaces/visualization_msgs -B/home/ice/microros_ws/firmware/mcu_ws/build/visualization_msgs --check-build-system CMakeFiles/Makefile.cmake 0
[0.511s] Re-run cmake file: Makefile older than: /home/ice/microros_ws/firmware/freertos_apps/microros_esp32_extensions/esp32_toolchain.cmake
[0.520s] -- Found ament_cmake: 1.3.7 (/home/ice/microros_ws/firmware/dev_ws/install/ament_cmake/share/ament_cmake/cmake)
[0.977s] -- Found builtin_interfaces: 1.2.1 (/home/ice/microros_ws/firmware/mcu_ws/install/share/builtin_interfaces/cmake)
[0.996s] [33mCMake Warning at /home/ice/microros_ws/firmware/mcu_ws/install/share/rcutils/cmake/ament_cmake_export_libraries-extras.cmake:116 (message):
[0.996s]   Package 'rcutils' exports library 'dl' which couldn't be found
[0.997s] Call Stack (most recent call first):
[0.997s]   /home/ice/microros_ws/firmware/mcu_ws/install/share/rcutils/cmake/rcutilsConfig.cmake:41 (include)
[0.997s]   /home/ice/microros_ws/firmware/mcu_ws/install/share/rosidl_runtime_c/cmake/ament_cmake_export_dependencies-extras.cmake:21 (find_package)
[0.997s]   /home/ice/microros_ws/firmware/mcu_ws/install/share/rosidl_runtime_c/cmake/rosidl_runtime_cConfig.cmake:41 (include)
[0.997s]   /home/ice/microros_ws/firmware/mcu_ws/install/share/builtin_interfaces/cmake/ament_cmake_export_dependencies-extras.cmake:21 (find_package)
[0.997s]   /home/ice/microros_ws/firmware/mcu_ws/install/share/builtin_interfaces/cmake/builtin_interfacesConfig.cmake:41 (include)
[0.997s]   CMakeLists.txt:14 (find_package)
[0.997s] 
[0.997s] [0m
[1.014s] -- Using all available rosidl_typesupport_c: rosidl_typesupport_introspection_c;rosidl_typesupport_microxrcedds_c
[1.020s] -- Found rosidl_adapter: 3.1.5 (/home/ice/microros_ws/firmware/mcu_ws/install/share/rosidl_adapter/cmake)
[1.081s] -- Found geometry_msgs: 4.2.3 (/home/ice/microros_ws/firmware/mcu_ws/install/share/geometry_msgs/cmake)
[1.119s] -- Found rosidl_default_generators: 1.2.0 (/home/ice/microros_ws/firmware/mcu_ws/install/share/rosidl_default_generators/cmake)
[1.168s] -- Found sensor_msgs: 4.2.3 (/home/ice/microros_ws/firmware/mcu_ws/install/share/sensor_msgs/cmake)
[2.470s] -- Found ament_cmake_ros: 0.10.0 (/home/ice/microros_ws/firmware/dev_ws/install/ament_cmake_ros/share/ament_cmake_ros/cmake)
[3.165s] -- Using all available rosidl_typesupport_c: rosidl_typesupport_introspection_c;rosidl_typesupport_microxrcedds_c
[3.187s] -- Configuring done
[3.315s] -- Generating done
[3.322s] -- Build files have been written to: /home/ice/microros_ws/firmware/mcu_ws/build/visualization_msgs
[3.333s] /usr/bin/cmake -E cmake_progress_start /home/ice/microros_ws/firmware/mcu_ws/build/visualization_msgs/CMakeFiles /home/ice/microros_ws/firmware/mcu_ws/build/visualization_msgs//CMakeFiles/progress.marks
[3.357s] /usr/bin/gmake  -f CMakeFiles/Makefile2 all
[3.358s] gmake[5]: Entering directory '/home/ice/microros_ws/firmware/mcu_ws/build/visualization_msgs'
[3.358s] /usr/bin/gmake  -f CMakeFiles/visualization_msgs__rosidl_generator_c.dir/build.make CMakeFiles/visualization_msgs__rosidl_generator_c.dir/depend
[3.369s] gmake[6]: Entering directory '/home/ice/microros_ws/firmware/mcu_ws/build/visualization_msgs'
[3.369s] cd /home/ice/microros_ws/firmware/mcu_ws/build/visualization_msgs && /usr/bin/cmake -E cmake_depends "Unix Makefiles" /home/ice/microros_ws/firmware/mcu_ws/ros2/common_interfaces/visualization_msgs /home/ice/microros_ws/firmware/mcu_ws/ros2/common_interfaces/visualization_msgs /home/ice/microros_ws/firmware/mcu_ws/build/visualization_msgs /home/ice/microros_ws/firmware/mcu_ws/build/visualization_msgs /home/ice/microros_ws/firmware/mcu_ws/build/visualization_msgs/CMakeFiles/visualization_msgs__rosidl_generator_c.dir/DependInfo.cmake --color=
[3.391s] Dependencies file "CMakeFiles/visualization_msgs__rosidl_generator_c.dir/rosidl_generator_c/visualization_msgs/msg/detail/image_marker__functions.c.obj.d" is newer than depends file "/home/ice/microros_ws/firmware/mcu_ws/build/visualization_msgs/CMakeFiles/visualization_msgs__rosidl_generator_c.dir/compiler_depend.internal".
[3.391s] Dependencies file "CMakeFiles/visualization_msgs__rosidl_generator_c.dir/rosidl_generator_c/visualization_msgs/msg/detail/interactive_marker__functions.c.obj.d" is newer than depends file "/home/ice/microros_ws/firmware/mcu_ws/build/visualization_msgs/CMakeFiles/visualization_msgs__rosidl_generator_c.dir/compiler_depend.internal".
[3.392s] Dependencies file "CMakeFiles/visualization_msgs__rosidl_generator_c.dir/rosidl_generator_c/visualization_msgs/msg/detail/interactive_marker_control__functions.c.obj.d" is newer than depends file "/home/ice/microros_ws/firmware/mcu_ws/build/visualization_msgs/CMakeFiles/visualization_msgs__rosidl_generator_c.dir/compiler_depend.internal".
[3.392s] Dependencies file "CMakeFiles/visualization_msgs__rosidl_generator_c.dir/rosidl_generator_c/visualization_msgs/msg/detail/interactive_marker_feedback__functions.c.obj.d" is newer than depends file "/home/ice/microros_ws/firmware/mcu_ws/build/visualization_msgs/CMakeFiles/visualization_msgs__rosidl_generator_c.dir/compiler_depend.internal".
[3.393s] Dependencies file "CMakeFiles/visualization_msgs__rosidl_generator_c.dir/rosidl_generator_c/visualization_msgs/msg/detail/interactive_marker_init__functions.c.obj.d" is newer than depends file "/home/ice/microros_ws/firmware/mcu_ws/build/visualization_msgs/CMakeFiles/visualization_msgs__rosidl_generator_c.dir/compiler_depend.internal".
[3.393s] Dependencies file "CMakeFiles/visualization_msgs__rosidl_generator_c.dir/rosidl_generator_c/visualization_msgs/msg/detail/interactive_marker_pose__functions.c.obj.d" is newer than depends file "/home/ice/microros_ws/firmware/mcu_ws/build/visualization_msgs/CMakeFiles/visualization_msgs__rosidl_generator_c.dir/compiler_depend.internal".
[3.397s] Dependencies file "CMakeFiles/visualization_msgs__rosidl_generator_c.dir/rosidl_generator_c/visualization_msgs/msg/detail/interactive_marker_update__functions.c.obj.d" is newer than depends file "/home/ice/microros_ws/firmware/mcu_ws/build/visualization_msgs/CMakeFiles/visualization_msgs__rosidl_generator_c.dir/compiler_depend.internal".
[3.397s] Dependencies file "CMakeFiles/visualization_msgs__rosidl_generator_c.dir/rosidl_generator_c/visualization_msgs/msg/detail/marker__functions.c.obj.d" is newer than depends file "/home/ice/microros_ws/firmware/mcu_ws/build/visualization_msgs/CMakeFiles/visualization_msgs__rosidl_generator_c.dir/compiler_depend.internal".
[3.410s] Dependencies file "CMakeFiles/visualization_msgs__rosidl_generator_c.dir/rosidl_generator_c/visualization_msgs/msg/detail/marker_array__functions.c.obj.d" is newer than depends file "/home/ice/microros_ws/firmware/mcu_ws/build/visualization_msgs/CMakeFiles/visualization_msgs__rosidl_generator_c.dir/compiler_depend.internal".
[3.410s] Dependencies file "CMakeFiles/visualization_msgs__rosidl_generator_c.dir/rosidl_generator_c/visualization_msgs/msg/detail/menu_entry__functions.c.obj.d" is newer than depends file "/home/ice/microros_ws/firmware/mcu_ws/build/visualization_msgs/CMakeFiles/visualization_msgs__rosidl_generator_c.dir/compiler_depend.internal".
[3.411s] Dependencies file "CMakeFiles/visualization_msgs__rosidl_generator_c.dir/rosidl_generator_c/visualization_msgs/msg/detail/mesh_file__functions.c.obj.d" is newer than depends file "/home/ice/microros_ws/firmware/mcu_ws/build/visualization_msgs/CMakeFiles/visualization_msgs__rosidl_generator_c.dir/compiler_depend.internal".
[3.411s] Dependencies file "CMakeFiles/visualization_msgs__rosidl_generator_c.dir/rosidl_generator_c/visualization_msgs/msg/detail/uv_coordinate__functions.c.obj.d" is newer than depends file "/home/ice/microros_ws/firmware/mcu_ws/build/visualization_msgs/CMakeFiles/visualization_msgs__rosidl_generator_c.dir/compiler_depend.internal".
[3.411s] Dependencies file "CMakeFiles/visualization_msgs__rosidl_generator_c.dir/rosidl_generator_c/visualization_msgs/srv/detail/get_interactive_markers__functions.c.obj.d" is newer than depends file "/home/ice/microros_ws/firmware/mcu_ws/build/visualization_msgs/CMakeFiles/visualization_msgs__rosidl_generator_c.dir/compiler_depend.internal".
[3.411s] [35m[1mConsolidate compiler generated dependencies of target visualization_msgs__rosidl_generator_c[0m
[3.423s] gmake[6]: Leaving directory '/home/ice/microros_ws/firmware/mcu_ws/build/visualization_msgs'
[3.423s] /usr/bin/gmake  -f CMakeFiles/visualization_msgs__rosidl_generator_c.dir/build.make CMakeFiles/visualization_msgs__rosidl_generator_c.dir/build
[3.434s] gmake[6]: Entering directory '/home/ice/microros_ws/firmware/mcu_ws/build/visualization_msgs'
[3.437s] gmake[6]: Nothing to be done for 'CMakeFiles/visualization_msgs__rosidl_generator_c.dir/build'.
[3.439s] gmake[6]: Leaving directory '/home/ice/microros_ws/firmware/mcu_ws/build/visualization_msgs'
[3.489s] [ 25%] Built target visualization_msgs__rosidl_generator_c
[3.492s] /usr/bin/gmake  -f CMakeFiles/visualization_msgs__rosidl_typesupport_c.dir/build.make CMakeFiles/visualization_msgs__rosidl_typesupport_c.dir/depend
[3.509s] gmake[6]: Entering directory '/home/ice/microros_ws/firmware/mcu_ws/build/visualization_msgs'
[3.509s] cd /home/ice/microros_ws/firmware/mcu_ws/build/visualization_msgs && /usr/bin/cmake -E cmake_depends "Unix Makefiles" /home/ice/microros_ws/firmware/mcu_ws/ros2/common_interfaces/visualization_msgs /home/ice/microros_ws/firmware/mcu_ws/ros2/common_interfaces/visualization_msgs /home/ice/microros_ws/firmware/mcu_ws/build/visualization_msgs /home/ice/microros_ws/firmware/mcu_ws/build/visualization_msgs /home/ice/microros_ws/firmware/mcu_ws/build/visualization_msgs/CMakeFiles/visualization_msgs__rosidl_typesupport_c.dir/DependInfo.cmake --color=
[3.542s] Dependencies file "CMakeFiles/visualization_msgs__rosidl_typesupport_c.dir/rosidl_typesupport_c/visualization_msgs/msg/image_marker__type_support.cpp.obj.d" is newer than depends file "/home/ice/microros_ws/firmware/mcu_ws/build/visualization_msgs/CMakeFiles/visualization_msgs__rosidl_typesupport_c.dir/compiler_depend.internal".
[3.543s] Dependencies file "CMakeFiles/visualization_msgs__rosidl_typesupport_c.dir/rosidl_typesupport_c/visualization_msgs/msg/interactive_marker__type_support.cpp.obj.d" is newer than depends file "/home/ice/microros_ws/firmware/mcu_ws/build/visualization_msgs/CMakeFiles/visualization_msgs__rosidl_typesupport_c.dir/compiler_depend.internal".
[3.543s] Dependencies file "CMakeFiles/visualization_msgs__rosidl_typesupport_c.dir/rosidl_typesupport_c/visualization_msgs/msg/interactive_marker_control__type_support.cpp.obj.d" is newer than depends file "/home/ice/microros_ws/firmware/mcu_ws/build/visualization_msgs/CMakeFiles/visualization_msgs__rosidl_typesupport_c.dir/compiler_depend.internal".
[3.544s] Dependencies file "CMakeFiles/visualization_msgs__rosidl_typesupport_c.dir/rosidl_typesupport_c/visualization_msgs/msg/interactive_marker_feedback__type_support.cpp.obj.d" is newer than depends file "/home/ice/microros_ws/firmware/mcu_ws/build/visualization_msgs/CMakeFiles/visualization_msgs__rosidl_typesupport_c.dir/compiler_depend.internal".
[3.544s] Dependencies file "CMakeFiles/visualization_msgs__rosidl_typesupport_c.dir/rosidl_typesupport_c/visualization_msgs/msg/interactive_marker_init__type_support.cpp.obj.d" is newer than depends file "/home/ice/microros_ws/firmware/mcu_ws/build/visualization_msgs/CMakeFiles/visualization_msgs__rosidl_typesupport_c.dir/compiler_depend.internal".
[3.548s] Dependencies file "CMakeFiles/visualization_msgs__rosidl_typesupport_c.dir/rosidl_typesupport_c/visualization_msgs/msg/interactive_marker_pose__type_support.cpp.obj.d" is newer than depends file "/home/ice/microros_ws/firmware/mcu_ws/build/visualization_msgs/CMakeFiles/visualization_msgs__rosidl_typesupport_c.dir/compiler_depend.internal".
[3.549s] Dependencies file "CMakeFiles/visualization_msgs__rosidl_typesupport_c.dir/rosidl_typesupport_c/visualization_msgs/msg/interactive_marker_update__type_support.cpp.obj.d" is newer than depends file "/home/ice/microros_ws/firmware/mcu_ws/build/visualization_msgs/CMakeFiles/visualization_msgs__rosidl_typesupport_c.dir/compiler_depend.internal".
[3.550s] Dependencies file "CMakeFiles/visualization_msgs__rosidl_typesupport_c.dir/rosidl_typesupport_c/visualization_msgs/msg/marker__type_support.cpp.obj.d" is newer than depends file "/home/ice/microros_ws/firmware/mcu_ws/build/visualization_msgs/CMakeFiles/visualization_msgs__rosidl_typesupport_c.dir/compiler_depend.internal".
[3.552s] Dependencies file "CMakeFiles/visualization_msgs__rosidl_typesupport_c.dir/rosidl_typesupport_c/visualization_msgs/msg/marker_array__type_support.cpp.obj.d" is newer than depends file "/home/ice/microros_ws/firmware/mcu_ws/build/visualization_msgs/CMakeFiles/visualization_msgs__rosidl_typesupport_c.dir/compiler_depend.internal".
[3.552s] Dependencies file "CMakeFiles/visualization_msgs__rosidl_typesupport_c.dir/rosidl_typesupport_c/visualization_msgs/msg/menu_entry__type_support.cpp.obj.d" is newer than depends file "/home/ice/microros_ws/firmware/mcu_ws/build/visualization_msgs/CMakeFiles/visualization_msgs__rosidl_typesupport_c.dir/compiler_depend.internal".
[3.553s] Dependencies file "CMakeFiles/visualization_msgs__rosidl_typesupport_c.dir/rosidl_typesupport_c/visualization_msgs/msg/mesh_file__type_support.cpp.obj.d" is newer than depends file "/home/ice/microros_ws/firmware/mcu_ws/build/visualization_msgs/CMakeFiles/visualization_msgs__rosidl_typesupport_c.dir/compiler_depend.internal".
[3.553s] Dependencies file "CMakeFiles/visualization_msgs__rosidl_typesupport_c.dir/rosidl_typesupport_c/visualization_msgs/msg/uv_coordinate__type_support.cpp.obj.d" is newer than depends file "/home/ice/microros_ws/firmware/mcu_ws/build/visualization_msgs/CMakeFiles/visualization_msgs__rosidl_typesupport_c.dir/compiler_depend.internal".
[3.554s] Dependencies file "CMakeFiles/visualization_msgs__rosidl_typesupport_c.dir/rosidl_typesupport_c/visualization_msgs/srv/get_interactive_markers__type_support.cpp.obj.d" is newer than depends file "/home/ice/microros_ws/firmware/mcu_ws/build/visualization_msgs/CMakeFiles/visualization_msgs__rosidl_typesupport_c.dir/compiler_depend.internal".
[3.566s] [35m[1mConsolidate compiler generated dependencies of target visualization_msgs__rosidl_typesupport_c[0m
[3.599s] gmake[6]: Leaving directory '/home/ice/microros_ws/firmware/mcu_ws/build/visualization_msgs'
[3.599s] /usr/bin/gmake  -f CMakeFiles/visualization_msgs__rosidl_typesupport_c.dir/build.make CMakeFiles/visualization_msgs__rosidl_typesupport_c.dir/build
[3.609s] gmake[6]: Entering directory '/home/ice/microros_ws/firmware/mcu_ws/build/visualization_msgs'
[3.609s] gmake[6]: Nothing to be done for 'CMakeFiles/visualization_msgs__rosidl_typesupport_c.dir/build'.
[3.609s] gmake[6]: Leaving directory '/home/ice/microros_ws/firmware/mcu_ws/build/visualization_msgs'
[3.628s] [ 50%] Built target visualization_msgs__rosidl_typesupport_c
[3.630s] /usr/bin/gmake  -f CMakeFiles/visualization_msgs__rosidl_typesupport_introspection_c.dir/build.make CMakeFiles/visualization_msgs__rosidl_typesupport_introspection_c.dir/depend
[3.637s] gmake[6]: Entering directory '/home/ice/microros_ws/firmware/mcu_ws/build/visualization_msgs'
[3.637s] cd /home/ice/microros_ws/firmware/mcu_ws/build/visualization_msgs && /usr/bin/cmake -E cmake_depends "Unix Makefiles" /home/ice/microros_ws/firmware/mcu_ws/ros2/common_interfaces/visualization_msgs /home/ice/microros_ws/firmware/mcu_ws/ros2/common_interfaces/visualization_msgs /home/ice/microros_ws/firmware/mcu_ws/build/visualization_msgs /home/ice/microros_ws/firmware/mcu_ws/build/visualization_msgs /home/ice/microros_ws/firmware/mcu_ws/build/visualization_msgs/CMakeFiles/visualization_msgs__rosidl_typesupport_introspection_c.dir/DependInfo.cmake --color=
[3.680s] Dependencies file "CMakeFiles/visualization_msgs__rosidl_typesupport_introspection_c.dir/rosidl_typesupport_introspection_c/visualization_msgs/msg/detail/image_marker__type_support.c.obj.d" is newer than depends file "/home/ice/microros_ws/firmware/mcu_ws/build/visualization_msgs/CMakeFiles/visualization_msgs__rosidl_typesupport_introspection_c.dir/compiler_depend.internal".
[3.681s] Dependencies file "CMakeFiles/visualization_msgs__rosidl_typesupport_introspection_c.dir/rosidl_typesupport_introspection_c/visualization_msgs/msg/detail/interactive_marker__type_support.c.obj.d" is newer than depends file "/home/ice/microros_ws/firmware/mcu_ws/build/visualization_msgs/CMakeFiles/visualization_msgs__rosidl_typesupport_introspection_c.dir/compiler_depend.internal".
[3.682s] Dependencies file "CMakeFiles/visualization_msgs__rosidl_typesupport_introspection_c.dir/rosidl_typesupport_introspection_c/visualization_msgs/msg/detail/interactive_marker_control__type_support.c.obj.d" is newer than depends file "/home/ice/microros_ws/firmware/mcu_ws/build/visualization_msgs/CMakeFiles/visualization_msgs__rosidl_typesupport_introspection_c.dir/compiler_depend.internal".
[3.684s] Dependencies file "CMakeFiles/visualization_msgs__rosidl_typesupport_introspection_c.dir/rosidl_typesupport_introspection_c/visualization_msgs/msg/detail/interactive_marker_feedback__type_support.c.obj.d" is newer than depends file "/home/ice/microros_ws/firmware/mcu_ws/build/visualization_msgs/CMakeFiles/visualization_msgs__rosidl_typesupport_introspection_c.dir/compiler_depend.internal".
[3.685s] Dependencies file "CMakeFiles/visualization_msgs__rosidl_typesupport_introspection_c.dir/rosidl_typesupport_introspection_c/visualization_msgs/msg/detail/interactive_marker_init__type_support.c.obj.d" is newer than depends file "/home/ice/microros_ws/firmware/mcu_ws/build/visualization_msgs/CMakeFiles/visualization_msgs__rosidl_typesupport_introspection_c.dir/compiler_depend.internal".
[3.687s] Dependencies file "CMakeFiles/visualization_msgs__rosidl_typesupport_introspection_c.dir/rosidl_typesupport_introspection_c/visualization_msgs/msg/detail/interactive_marker_pose__type_support.c.obj.d" is newer than depends file "/home/ice/microros_ws/firmware/mcu_ws/build/visualization_msgs/CMakeFiles/visualization_msgs__rosidl_typesupport_introspection_c.dir/compiler_depend.internal".
[3.688s] Dependencies file "CMakeFiles/visualization_msgs__rosidl_typesupport_introspection_c.dir/rosidl_typesupport_introspection_c/visualization_msgs/msg/detail/interactive_marker_update__type_support.c.obj.d" is newer than depends file "/home/ice/microros_ws/firmware/mcu_ws/build/visualization_msgs/CMakeFiles/visualization_msgs__rosidl_typesupport_introspection_c.dir/compiler_depend.internal".
[3.688s] Dependencies file "CMakeFiles/visualization_msgs__rosidl_typesupport_introspection_c.dir/rosidl_typesupport_introspection_c/visualization_msgs/msg/detail/marker__type_support.c.obj.d" is newer than depends file "/home/ice/microros_ws/firmware/mcu_ws/build/visualization_msgs/CMakeFiles/visualization_msgs__rosidl_typesupport_introspection_c.dir/compiler_depend.internal".
[3.688s] Dependencies file "CMakeFiles/visualization_msgs__rosidl_typesupport_introspection_c.dir/rosidl_typesupport_introspection_c/visualization_msgs/msg/detail/marker_array__type_support.c.obj.d" is newer than depends file "/home/ice/microros_ws/firmware/mcu_ws/build/visualization_msgs/CMakeFiles/visualization_msgs__rosidl_typesupport_introspection_c.dir/compiler_depend.internal".
[3.689s] Dependencies file "CMakeFiles/visualization_msgs__rosidl_typesupport_introspection_c.dir/rosidl_typesupport_introspection_c/visualization_msgs/msg/detail/menu_entry__type_support.c.obj.d" is newer than depends file "/home/ice/microros_ws/firmware/mcu_ws/build/visualization_msgs/CMakeFiles/visualization_msgs__rosidl_typesupport_introspection_c.dir/compiler_depend.internal".
[3.689s] Dependencies file "CMakeFiles/visualization_msgs__rosidl_typesupport_introspection_c.dir/rosidl_typesupport_introspection_c/visualization_msgs/msg/detail/mesh_file__type_support.c.obj.d" is newer than depends file "/home/ice/microros_ws/firmware/mcu_ws/build/visualization_msgs/CMakeFiles/visualization_msgs__rosidl_typesupport_introspection_c.dir/compiler_depend.internal".
[3.690s] Dependencies file "CMakeFiles/visualization_msgs__rosidl_typesupport_introspection_c.dir/rosidl_typesupport_introspection_c/visualization_msgs/msg/detail/uv_coordinate__type_support.c.obj.d" is newer than depends file "/home/ice/microros_ws/firmware/mcu_ws/build/visualization_msgs/CMakeFiles/visualization_msgs__rosidl_typesupport_introspection_c.dir/compiler_depend.internal".
[3.690s] Dependencies file "CMakeFiles/visualization_msgs__rosidl_typesupport_introspection_c.dir/rosidl_typesupport_introspection_c/visualization_msgs/srv/detail/get_interactive_markers__type_support.c.obj.d" is newer than depends file "/home/ice/microros_ws/firmware/mcu_ws/build/visualization_msgs/CMakeFiles/visualization_msgs__rosidl_typesupport_introspection_c.dir/compiler_depend.internal".
[3.691s] [35m[1mConsolidate compiler generated dependencies of target visualization_msgs__rosidl_typesupport_introspection_c[0m
[3.702s] gmake[6]: Leaving directory '/home/ice/microros_ws/firmware/mcu_ws/build/visualization_msgs'
[3.702s] /usr/bin/gmake  -f CMakeFiles/visualization_msgs__rosidl_typesupport_introspection_c.dir/build.make CMakeFiles/visualization_msgs__rosidl_typesupport_introspection_c.dir/build
[3.711s] gmake[6]: Entering directory '/home/ice/microros_ws/firmware/mcu_ws/build/visualization_msgs'
[3.711s] gmake[6]: Nothing to be done for 'CMakeFiles/visualization_msgs__rosidl_typesupport_introspection_c.dir/build'.
[3.711s] gmake[6]: Leaving directory '/home/ice/microros_ws/firmware/mcu_ws/build/visualization_msgs'
[3.731s] [ 75%] Built target visualization_msgs__rosidl_typesupport_introspection_c
[3.733s] /usr/bin/gmake  -f CMakeFiles/visualization_msgs__rosidl_typesupport_microxrcedds_c.dir/build.make CMakeFiles/visualization_msgs__rosidl_typesupport_microxrcedds_c.dir/depend
[3.738s] gmake[6]: Entering directory '/home/ice/microros_ws/firmware/mcu_ws/build/visualization_msgs'
[3.738s] cd /home/ice/microros_ws/firmware/mcu_ws/build/visualization_msgs && /usr/bin/cmake -E cmake_depends "Unix Makefiles" /home/ice/microros_ws/firmware/mcu_ws/ros2/common_interfaces/visualization_msgs /home/ice/microros_ws/firmware/mcu_ws/ros2/common_interfaces/visualization_msgs /home/ice/microros_ws/firmware/mcu_ws/build/visualization_msgs /home/ice/microros_ws/firmware/mcu_ws/build/visualization_msgs /home/ice/microros_ws/firmware/mcu_ws/build/visualization_msgs/CMakeFiles/visualization_msgs__rosidl_typesupport_microxrcedds_c.dir/DependInfo.cmake --color=
[3.765s] Dependencies file "CMakeFiles/visualization_msgs__rosidl_typesupport_microxrcedds_c.dir/rosidl_typesupport_microxrcedds_c/visualization_msgs/msg/detail/microxrcedds/image_marker__type_support_c.c.obj.d" is newer than depends file "/home/ice/microros_ws/firmware/mcu_ws/build/visualization_msgs/CMakeFiles/visualization_msgs__rosidl_typesupport_microxrcedds_c.dir/compiler_depend.internal".
[3.766s] Dependencies file "CMakeFiles/visualization_msgs__rosidl_typesupport_microxrcedds_c.dir/rosidl_typesupport_microxrcedds_c/visualization_msgs/msg/detail/microxrcedds/interactive_marker__type_support_c.c.obj.d" is newer than depends file "/home/ice/microros_ws/firmware/mcu_ws/build/visualization_msgs/CMakeFiles/visualization_msgs__rosidl_typesupport_microxrcedds_c.dir/compiler_depend.internal".
[3.766s] Dependencies file "CMakeFiles/visualization_msgs__rosidl_typesupport_microxrcedds_c.dir/rosidl_typesupport_microxrcedds_c/visualization_msgs/msg/detail/microxrcedds/interactive_marker_control__type_support_c.c.obj.d" is newer than depends file "/home/ice/microros_ws/firmware/mcu_ws/build/visualization_msgs/CMakeFiles/visualization_msgs__rosidl_typesupport_microxrcedds_c.dir/compiler_depend.internal".
[3.768s] Dependencies file "CMakeFiles/visualization_msgs__rosidl_typesupport_microxrcedds_c.dir/rosidl_typesupport_microxrcedds_c/visualization_msgs/msg/detail/microxrcedds/interactive_marker_feedback__type_support_c.c.obj.d" is newer than depends file "/home/ice/microros_ws/firmware/mcu_ws/build/visualization_msgs/CMakeFiles/visualization_msgs__rosidl_typesupport_microxrcedds_c.dir/compiler_depend.internal".
[3.769s] Dependencies file "CMakeFiles/visualization_msgs__rosidl_typesupport_microxrcedds_c.dir/rosidl_typesupport_microxrcedds_c/visualization_msgs/msg/detail/microxrcedds/interactive_marker_init__type_support_c.c.obj.d" is newer than depends file "/home/ice/microros_ws/firmware/mcu_ws/build/visualization_msgs/CMakeFiles/visualization_msgs__rosidl_typesupport_microxrcedds_c.dir/compiler_depend.internal".
[3.769s] Dependencies file "CMakeFiles/visualization_msgs__rosidl_typesupport_microxrcedds_c.dir/rosidl_typesupport_microxrcedds_c/visualization_msgs/msg/detail/microxrcedds/interactive_marker_pose__type_support_c.c.obj.d" is newer than depends file "/home/ice/microros_ws/firmware/mcu_ws/build/visualization_msgs/CMakeFiles/visualization_msgs__rosidl_typesupport_microxrcedds_c.dir/compiler_depend.internal".
[3.770s] Dependencies file "CMakeFiles/visualization_msgs__rosidl_typesupport_microxrcedds_c.dir/rosidl_typesupport_microxrcedds_c/visualization_msgs/msg/detail/microxrcedds/interactive_marker_update__type_support_c.c.obj.d" is newer than depends file "/home/ice/microros_ws/firmware/mcu_ws/build/visualization_msgs/CMakeFiles/visualization_msgs__rosidl_typesupport_microxrcedds_c.dir/compiler_depend.internal".
[3.770s] Dependencies file "CMakeFiles/visualization_msgs__rosidl_typesupport_microxrcedds_c.dir/rosidl_typesupport_microxrcedds_c/visualization_msgs/msg/detail/microxrcedds/marker__type_support_c.c.obj.d" is newer than depends file "/home/ice/microros_ws/firmware/mcu_ws/build/visualization_msgs/CMakeFiles/visualization_msgs__rosidl_typesupport_microxrcedds_c.dir/compiler_depend.internal".
[3.771s] Dependencies file "CMakeFiles/visualization_msgs__rosidl_typesupport_microxrcedds_c.dir/rosidl_typesupport_microxrcedds_c/visualization_msgs/msg/detail/microxrcedds/marker_array__type_support_c.c.obj.d" is newer than depends file "/home/ice/microros_ws/firmware/mcu_ws/build/visualization_msgs/CMakeFiles/visualization_msgs__rosidl_typesupport_microxrcedds_c.dir/compiler_depend.internal".
[3.771s] Dependencies file "CMakeFiles/visualization_msgs__rosidl_typesupport_microxrcedds_c.dir/rosidl_typesupport_microxrcedds_c/visualization_msgs/msg/detail/microxrcedds/menu_entry__type_support_c.c.obj.d" is newer than depends file "/home/ice/microros_ws/firmware/mcu_ws/build/visualization_msgs/CMakeFiles/visualization_msgs__rosidl_typesupport_microxrcedds_c.dir/compiler_depend.internal".
[3.772s] Dependencies file "CMakeFiles/visualization_msgs__rosidl_typesupport_microxrcedds_c.dir/rosidl_typesupport_microxrcedds_c/visualization_msgs/msg/detail/microxrcedds/mesh_file__type_support_c.c.obj.d" is newer than depends file "/home/ice/microros_ws/firmware/mcu_ws/build/visualization_msgs/CMakeFiles/visualization_msgs__rosidl_typesupport_microxrcedds_c.dir/compiler_depend.internal".
[3.772s] Dependencies file "CMakeFiles/visualization_msgs__rosidl_typesupport_microxrcedds_c.dir/rosidl_typesupport_microxrcedds_c/visualization_msgs/msg/detail/microxrcedds/uv_coordinate__type_support_c.c.obj.d" is newer than depends file "/home/ice/microros_ws/firmware/mcu_ws/build/visualization_msgs/CMakeFiles/visualization_msgs__rosidl_typesupport_microxrcedds_c.dir/compiler_depend.internal".
[3.772s] Dependencies file "CMakeFiles/visualization_msgs__rosidl_typesupport_microxrcedds_c.dir/rosidl_typesupport_microxrcedds_c/visualization_msgs/srv/detail/microxrcedds/get_interactive_markers__type_support_c.c.obj.d" is newer than depends file "/home/ice/microros_ws/firmware/mcu_ws/build/visualization_msgs/CMakeFiles/visualization_msgs__rosidl_typesupport_microxrcedds_c.dir/compiler_depend.internal".
[3.773s] [35m[1mConsolidate compiler generated dependencies of target visualization_msgs__rosidl_typesupport_microxrcedds_c[0m
[3.783s] gmake[6]: Leaving directory '/home/ice/microros_ws/firmware/mcu_ws/build/visualization_msgs'
[3.784s] /usr/bin/gmake  -f CMakeFiles/visualization_msgs__rosidl_typesupport_microxrcedds_c.dir/build.make CMakeFiles/visualization_msgs__rosidl_typesupport_microxrcedds_c.dir/build
[3.795s] gmake[6]: Entering directory '/home/ice/microros_ws/firmware/mcu_ws/build/visualization_msgs'
[3.796s] gmake[6]: Nothing to be done for 'CMakeFiles/visualization_msgs__rosidl_typesupport_microxrcedds_c.dir/build'.
[3.798s] gmake[6]: Leaving directory '/home/ice/microros_ws/firmware/mcu_ws/build/visualization_msgs'
[3.816s] [100%] Built target visualization_msgs__rosidl_typesupport_microxrcedds_c
[3.835s] /usr/bin/gmake  -f CMakeFiles/visualization_msgs.dir/build.make CMakeFiles/visualization_msgs.dir/depend
[3.844s] gmake[6]: Entering directory '/home/ice/microros_ws/firmware/mcu_ws/build/visualization_msgs'
[3.844s] cd /home/ice/microros_ws/firmware/mcu_ws/build/visualization_msgs && /usr/bin/cmake -E cmake_depends "Unix Makefiles" /home/ice/microros_ws/firmware/mcu_ws/ros2/common_interfaces/visualization_msgs /home/ice/microros_ws/firmware/mcu_ws/ros2/common_interfaces/visualization_msgs /home/ice/microros_ws/firmware/mcu_ws/build/visualization_msgs /home/ice/microros_ws/firmware/mcu_ws/build/visualization_msgs /home/ice/microros_ws/firmware/mcu_ws/build/visualization_msgs/CMakeFiles/visualization_msgs.dir/DependInfo.cmake --color=
[3.865s] gmake[6]: Leaving directory '/home/ice/microros_ws/firmware/mcu_ws/build/visualization_msgs'
[3.883s] /usr/bin/gmake  -f CMakeFiles/visualization_msgs.dir/build.make CMakeFiles/visualization_msgs.dir/build
[3.897s] gmake[6]: Entering directory '/home/ice/microros_ws/firmware/mcu_ws/build/visualization_msgs'
[3.898s] gmake[6]: Nothing to be done for 'CMakeFiles/visualization_msgs.dir/build'.
[3.898s] gmake[6]: Leaving directory '/home/ice/microros_ws/firmware/mcu_ws/build/visualization_msgs'
[3.933s] [100%] Built target visualization_msgs
[3.936s] gmake[5]: Leaving directory '/home/ice/microros_ws/firmware/mcu_ws/build/visualization_msgs'
[3.936s] /usr/bin/cmake -E cmake_progress_start /home/ice/microros_ws/firmware/mcu_ws/build/visualization_msgs/CMakeFiles 0
[3.957s] gmake[4]: Leaving directory '/home/ice/microros_ws/firmware/mcu_ws/build/visualization_msgs'
[4.047s] Invoked command in '/home/ice/microros_ws/firmware/mcu_ws/build/visualization_msgs' returned '0': AMENT_PREFIX_PATH=/home/ice/microros_ws/firmware/mcu_ws/install:${AMENT_PREFIX_PATH} CMAKE_PREFIX_PATH=/home/ice/microros_ws/firmware/mcu_ws/install:/home/ice/microros_ws/firmware/dev_ws/install/ament_lint_common:/home/ice/microros_ws/firmware/dev_ws/install/ament_cmake_uncrustify:/home/ice/microros_ws/firmware/dev_ws/install/uncrustify_vendor:/home/ice/microros_ws/firmware/dev_ws/install/ament_cmake_ros:/home/ice/microros_ws/firmware/dev_ws/install/ament_cmake_auto:/home/ice/microros_ws/firmware/dev_ws/install/ament_cmake_gmock:/home/ice/microros_ws/firmware/dev_ws/install/gmock_vendor:/home/ice/microros_ws/firmware/dev_ws/install/ament_cmake_gtest:/home/ice/microros_ws/firmware/dev_ws/install/gtest_vendor:/home/ice/microros_ws/firmware/dev_ws/install/ament_cmake_xmllint:/home/ice/microros_ws/firmware/dev_ws/install/ament_cmake_pyflakes:/home/ice/microros_ws/firmware/dev_ws/install/ament_cmake_pycodestyle:/home/ice/microros_ws/firmware/dev_ws/install/ament_cmake_pep257:/home/ice/microros_ws/firmware/dev_ws/install/ament_cmake_pclint:/home/ice/microros_ws/firmware/dev_ws/install/ament_lint_auto:/home/ice/microros_ws/firmware/dev_ws/install/ament_cmake:/home/ice/microros_ws/firmware/dev_ws/install/ament_cmake_version:/home/ice/microros_ws/firmware/dev_ws/install/ament_cmake_vendor_package:/home/ice/microros_ws/firmware/dev_ws/install/ament_cmake_pytest:/home/ice/microros_ws/firmware/dev_ws/install/ament_cmake_nose:/home/ice/microros_ws/firmware/dev_ws/install/ament_cmake_mypy:/home/ice/microros_ws/firmware/dev_ws/install/ament_cmake_lint_cmake:/home/ice/microros_ws/firmware/dev_ws/install/ament_cmake_google_benchmark:/home/ice/microros_ws/firmware/dev_ws/install/ament_cmake_flake8:/home/ice/microros_ws/firmware/dev_ws/install/ament_cmake_cpplint:/home/ice/microros_ws/firmware/dev_ws/install/ament_cmake_cppcheck:/home/ice/microros_ws/firmware/dev_ws/install/ament_cmake_copyright:/home/ice/microros_ws/firmware/dev_ws/install/ament_cmake_clang_tidy:/home/ice/microros_ws/firmware/dev_ws/install/ament_cmake_clang_format:/home/ice/microros_ws/firmware/dev_ws/install/ament_cmake_test:/home/ice/microros_ws/firmware/dev_ws/install/ament_cmake_target_dependencies:/home/ice/microros_ws/firmware/dev_ws/install/ament_cmake_python:/home/ice/microros_ws/firmware/dev_ws/install/ament_cmake_export_dependencies:/home/ice/microros_ws/firmware/dev_ws/install/ament_cmake_libraries:/home/ice/microros_ws/firmware/dev_ws/install/ament_cmake_include_directories:/home/ice/microros_ws/firmware/dev_ws/install/ament_cmake_gen_version_h:/home/ice/microros_ws/firmware/dev_ws/install/ament_cmake_export_targets:/home/ice/microros_ws/firmware/dev_ws/install/ament_cmake_export_link_flags:/home/ice/microros_ws/firmware/dev_ws/install/ament_cmake_export_interfaces:/home/ice/microros_ws/firmware/dev_ws/install/ament_cmake_export_libraries:/home/ice/microros_ws/firmware/dev_ws/install/ament_cmake_export_include_directories:/home/ice/microros_ws/firmware/dev_ws/install/ament_cmake_export_definitions:/home/ice/microros_ws/firmware/dev_ws/install/ament_cmake_core:/home/ice/microros_ws/firmware/dev_ws/install/ament_index_cpp:/home/ice/microros_ws/firmware/dev_ws/install/ament_uncrustify:/home/ice/microros_ws/firmware/dev_ws/install/domain_coordinator:/home/ice/microros_ws/firmware/dev_ws/install/ament_xmllint:/home/ice/microros_ws/firmware/dev_ws/install/ament_pyflakes:/home/ice/microros_ws/firmware/dev_ws/install/ament_pycodestyle:/home/ice/microros_ws/firmware/dev_ws/install/ament_pep257:/home/ice/microros_ws/firmware/dev_ws/install/ament_pclint:/home/ice/microros_ws/firmware/dev_ws/install/ament_package:/home/ice/microros_ws/firmware/dev_ws/install/ament_mypy:/home/ice/microros_ws/firmware/dev_ws/install/ament_lint_cmake:/home/ice/microros_ws/firmware/dev_ws/install/ament_flake8:/home/ice/microros_ws/firmware/dev_ws/install/ament_copyright:/home/ice/microros_ws/firmware/dev_ws/install/ament_lint:/home/ice/microros_ws/firmware/dev_ws/install/ament_index_python:/home/ice/microros_ws/firmware/dev_ws/install/ament_cpplint:/home/ice/microros_ws/firmware/dev_ws/install/ament_cppcheck:/home/ice/microros_ws/firmware/dev_ws/install/ament_clang_tidy:/home/ice/microros_ws/firmware/dev_ws/install/ament_clang_format LD_LIBRARY_PATH=/home/ice/microros_ws/firmware/mcu_ws/install/lib:${LD_LIBRARY_PATH} PATH=/home/ice/microros_ws/firmware/mcu_ws/install/bin:${PATH} PYTHONPATH=/home/ice/microros_ws/firmware/mcu_ws/install/lib/python3.10/site-packages:${PYTHONPATH} /usr/bin/cmake --build /home/ice/microros_ws/firmware/mcu_ws/build/visualization_msgs -- -j2 -l2
[4.948s] Invoking command in '/home/ice/microros_ws/firmware/mcu_ws/build/visualization_msgs': AMENT_PREFIX_PATH=/home/ice/microros_ws/firmware/mcu_ws/install:${AMENT_PREFIX_PATH} CMAKE_PREFIX_PATH=/home/ice/microros_ws/firmware/mcu_ws/install:/home/ice/microros_ws/firmware/dev_ws/install/ament_lint_common:/home/ice/microros_ws/firmware/dev_ws/install/ament_cmake_uncrustify:/home/ice/microros_ws/firmware/dev_ws/install/uncrustify_vendor:/home/ice/microros_ws/firmware/dev_ws/install/ament_cmake_ros:/home/ice/microros_ws/firmware/dev_ws/install/ament_cmake_auto:/home/ice/microros_ws/firmware/dev_ws/install/ament_cmake_gmock:/home/ice/microros_ws/firmware/dev_ws/install/gmock_vendor:/home/ice/microros_ws/firmware/dev_ws/install/ament_cmake_gtest:/home/ice/microros_ws/firmware/dev_ws/install/gtest_vendor:/home/ice/microros_ws/firmware/dev_ws/install/ament_cmake_xmllint:/home/ice/microros_ws/firmware/dev_ws/install/ament_cmake_pyflakes:/home/ice/microros_ws/firmware/dev_ws/install/ament_cmake_pycodestyle:/home/ice/microros_ws/firmware/dev_ws/install/ament_cmake_pep257:/home/ice/microros_ws/firmware/dev_ws/install/ament_cmake_pclint:/home/ice/microros_ws/firmware/dev_ws/install/ament_lint_auto:/home/ice/microros_ws/firmware/dev_ws/install/ament_cmake:/home/ice/microros_ws/firmware/dev_ws/install/ament_cmake_version:/home/ice/microros_ws/firmware/dev_ws/install/ament_cmake_vendor_package:/home/ice/microros_ws/firmware/dev_ws/install/ament_cmake_pytest:/home/ice/microros_ws/firmware/dev_ws/install/ament_cmake_nose:/home/ice/microros_ws/firmware/dev_ws/install/ament_cmake_mypy:/home/ice/microros_ws/firmware/dev_ws/install/ament_cmake_lint_cmake:/home/ice/microros_ws/firmware/dev_ws/install/ament_cmake_google_benchmark:/home/ice/microros_ws/firmware/dev_ws/install/ament_cmake_flake8:/home/ice/microros_ws/firmware/dev_ws/install/ament_cmake_cpplint:/home/ice/microros_ws/firmware/dev_ws/install/ament_cmake_cppcheck:/home/ice/microros_ws/firmware/dev_ws/install/ament_cmake_copyright:/home/ice/microros_ws/firmware/dev_ws/install/ament_cmake_clang_tidy:/home/ice/microros_ws/firmware/dev_ws/install/ament_cmake_clang_format:/home/ice/microros_ws/firmware/dev_ws/install/ament_cmake_test:/home/ice/microros_ws/firmware/dev_ws/install/ament_cmake_target_dependencies:/home/ice/microros_ws/firmware/dev_ws/install/ament_cmake_python:/home/ice/microros_ws/firmware/dev_ws/install/ament_cmake_export_dependencies:/home/ice/microros_ws/firmware/dev_ws/install/ament_cmake_libraries:/home/ice/microros_ws/firmware/dev_ws/install/ament_cmake_include_directories:/home/ice/microros_ws/firmware/dev_ws/install/ament_cmake_gen_version_h:/home/ice/microros_ws/firmware/dev_ws/install/ament_cmake_export_targets:/home/ice/microros_ws/firmware/dev_ws/install/ament_cmake_export_link_flags:/home/ice/microros_ws/firmware/dev_ws/install/ament_cmake_export_interfaces:/home/ice/microros_ws/firmware/dev_ws/install/ament_cmake_export_libraries:/home/ice/microros_ws/firmware/dev_ws/install/ament_cmake_export_include_directories:/home/ice/microros_ws/firmware/dev_ws/install/ament_cmake_export_definitions:/home/ice/microros_ws/firmware/dev_ws/install/ament_cmake_core:/home/ice/microros_ws/firmware/dev_ws/install/ament_index_cpp:/home/ice/microros_ws/firmware/dev_ws/install/ament_uncrustify:/home/ice/microros_ws/firmware/dev_ws/install/domain_coordinator:/home/ice/microros_ws/firmware/dev_ws/install/ament_xmllint:/home/ice/microros_ws/firmware/dev_ws/install/ament_pyflakes:/home/ice/microros_ws/firmware/dev_ws/install/ament_pycodestyle:/home/ice/microros_ws/firmware/dev_ws/install/ament_pep257:/home/ice/microros_ws/firmware/dev_ws/install/ament_pclint:/home/ice/microros_ws/firmware/dev_ws/install/ament_package:/home/ice/microros_ws/firmware/dev_ws/install/ament_mypy:/home/ice/microros_ws/firmware/dev_ws/install/ament_lint_cmake:/home/ice/microros_ws/firmware/dev_ws/install/ament_flake8:/home/ice/microros_ws/firmware/dev_ws/install/ament_copyright:/home/ice/microros_ws/firmware/dev_ws/install/ament_lint:/home/ice/microros_ws/firmware/dev_ws/install/ament_index_python:/home/ice/microros_ws/firmware/dev_ws/install/ament_cpplint:/home/ice/microros_ws/firmware/dev_ws/install/ament_cppcheck:/home/ice/microros_ws/firmware/dev_ws/install/ament_clang_tidy:/home/ice/microros_ws/firmware/dev_ws/install/ament_clang_format LD_LIBRARY_PATH=/home/ice/microros_ws/firmware/mcu_ws/install/lib:${LD_LIBRARY_PATH} PATH=/home/ice/microros_ws/firmware/mcu_ws/install/bin:${PATH} PYTHONPATH=/home/ice/microros_ws/firmware/mcu_ws/install/lib/python3.10/site-packages:${PYTHONPATH} /usr/bin/cmake --install /home/ice/microros_ws/firmware/mcu_ws/build/visualization_msgs
[4.974s] -- Install configuration: "Debug"
[4.976s] -- Up-to-date: /home/ice/microros_ws/firmware/mcu_ws/install/share/ament_index/resource_index/rosidl_interfaces/visualization_msgs
[4.979s] -- Up-to-date: /home/ice/microros_ws/firmware/mcu_ws/install/include/visualization_msgs/visualization_msgs
[4.980s] -- Up-to-date: /home/ice/microros_ws/firmware/mcu_ws/install/include/visualization_msgs/visualization_msgs/srv
[4.980s] -- Up-to-date: /home/ice/microros_ws/firmware/mcu_ws/install/include/visualization_msgs/visualization_msgs/srv/detail
[4.981s] -- Up-to-date: /home/ice/microros_ws/firmware/mcu_ws/install/include/visualization_msgs/visualization_msgs/srv/detail/get_interactive_markers__type_support.h
[4.981s] -- Up-to-date: /home/ice/microros_ws/firmware/mcu_ws/install/include/visualization_msgs/visualization_msgs/srv/detail/get_interactive_markers__functions.h
[4.981s] -- Up-to-date: /home/ice/microros_ws/firmware/mcu_ws/install/include/visualization_msgs/visualization_msgs/srv/detail/get_interactive_markers__functions.c
[4.981s] -- Up-to-date: /home/ice/microros_ws/firmware/mcu_ws/install/include/visualization_msgs/visualization_msgs/srv/detail/get_interactive_markers__struct.h
[4.981s] -- Up-to-date: /home/ice/microros_ws/firmware/mcu_ws/install/include/visualization_msgs/visualization_msgs/srv/get_interactive_markers.h
[4.981s] -- Up-to-date: /home/ice/microros_ws/firmware/mcu_ws/install/include/visualization_msgs/visualization_msgs/msg
[4.982s] -- Up-to-date: /home/ice/microros_ws/firmware/mcu_ws/install/include/visualization_msgs/visualization_msgs/msg/interactive_marker.h
[4.982s] -- Up-to-date: /home/ice/microros_ws/firmware/mcu_ws/install/include/visualization_msgs/visualization_msgs/msg/image_marker.h
[4.982s] -- Up-to-date: /home/ice/microros_ws/firmware/mcu_ws/install/include/visualization_msgs/visualization_msgs/msg/detail
[4.982s] -- Up-to-date: /home/ice/microros_ws/firmware/mcu_ws/install/include/visualization_msgs/visualization_msgs/msg/detail/interactive_marker__functions.h
[4.982s] -- Up-to-date: /home/ice/microros_ws/firmware/mcu_ws/install/include/visualization_msgs/visualization_msgs/msg/detail/interactive_marker_control__functions.c
[5.008s] -- Up-to-date: /home/ice/microros_ws/firmware/mcu_ws/install/include/visualization_msgs/visualization_msgs/msg/detail/interactive_marker_update__type_support.h
[5.009s] -- Up-to-date: /home/ice/microros_ws/firmware/mcu_ws/install/include/visualization_msgs/visualization_msgs/msg/detail/mesh_file__functions.c
[5.009s] -- Up-to-date: /home/ice/microros_ws/firmware/mcu_ws/install/include/visualization_msgs/visualization_msgs/msg/detail/marker_array__type_support.h
[5.010s] -- Up-to-date: /home/ice/microros_ws/firmware/mcu_ws/install/include/visualization_msgs/visualization_msgs/msg/detail/marker__functions.h
[5.013s] -- Up-to-date: /home/ice/microros_ws/firmware/mcu_ws/install/include/visualization_msgs/visualization_msgs/msg/detail/image_marker__type_support.h
[5.016s] -- Up-to-date: /home/ice/microros_ws/firmware/mcu_ws/install/include/visualization_msgs/visualization_msgs/msg/detail/interactive_marker_init__type_support.h
[5.017s] -- Up-to-date: /home/ice/microros_ws/firmware/mcu_ws/install/include/visualization_msgs/visualization_msgs/msg/detail/interactive_marker_pose__functions.h
[5.018s] -- Up-to-date: /home/ice/microros_ws/firmware/mcu_ws/install/include/visualization_msgs/visualization_msgs/msg/detail/interactive_marker_control__struct.h
[5.018s] -- Up-to-date: /home/ice/microros_ws/firmware/mcu_ws/install/include/visualization_msgs/visualization_msgs/msg/detail/image_marker__struct.h
[5.018s] -- Up-to-date: /home/ice/microros_ws/firmware/mcu_ws/install/include/visualization_msgs/visualization_msgs/msg/detail/image_marker__functions.c
[5.018s] -- Up-to-date: /home/ice/microros_ws/firmware/mcu_ws/install/include/visualization_msgs/visualization_msgs/msg/detail/interactive_marker__functions.c
[5.018s] -- Up-to-date: /home/ice/microros_ws/firmware/mcu_ws/install/include/visualization_msgs/visualization_msgs/msg/detail/menu_entry__type_support.h
[5.019s] -- Up-to-date: /home/ice/microros_ws/firmware/mcu_ws/install/include/visualization_msgs/visualization_msgs/msg/detail/interactive_marker_control__type_support.h
[5.026s] -- Up-to-date: /home/ice/microros_ws/firmware/mcu_ws/install/include/visualization_msgs/visualization_msgs/msg/detail/uv_coordinate__struct.h
[5.028s] -- Up-to-date: /home/ice/microros_ws/firmware/mcu_ws/install/include/visualization_msgs/visualization_msgs/msg/detail/interactive_marker_update__struct.h
[5.028s] -- Up-to-date: /home/ice/microros_ws/firmware/mcu_ws/install/include/visualization_msgs/visualization_msgs/msg/detail/interactive_marker_control__functions.h
[5.028s] -- Up-to-date: /home/ice/microros_ws/firmware/mcu_ws/install/include/visualization_msgs/visualization_msgs/msg/detail/interactive_marker_init__functions.h
[5.028s] -- Up-to-date: /home/ice/microros_ws/firmware/mcu_ws/install/include/visualization_msgs/visualization_msgs/msg/detail/interactive_marker_pose__type_support.h
[5.028s] -- Up-to-date: /home/ice/microros_ws/firmware/mcu_ws/install/include/visualization_msgs/visualization_msgs/msg/detail/menu_entry__struct.h
[5.029s] -- Up-to-date: /home/ice/microros_ws/firmware/mcu_ws/install/include/visualization_msgs/visualization_msgs/msg/detail/interactive_marker_pose__struct.h
[5.029s] -- Up-to-date: /home/ice/microros_ws/firmware/mcu_ws/install/include/visualization_msgs/visualization_msgs/msg/detail/uv_coordinate__functions.h
[5.030s] -- Up-to-date: /home/ice/microros_ws/firmware/mcu_ws/install/include/visualization_msgs/visualization_msgs/msg/detail/mesh_file__functions.h
[5.030s] -- Up-to-date: /home/ice/microros_ws/firmware/mcu_ws/install/include/visualization_msgs/visualization_msgs/msg/detail/uv_coordinate__functions.c
[5.031s] -- Up-to-date: /home/ice/microros_ws/firmware/mcu_ws/install/include/visualization_msgs/visualization_msgs/msg/detail/interactive_marker_init__struct.h
[5.031s] -- Up-to-date: /home/ice/microros_ws/firmware/mcu_ws/install/include/visualization_msgs/visualization_msgs/msg/detail/interactive_marker_feedback__functions.h
[5.031s] -- Up-to-date: /home/ice/microros_ws/firmware/mcu_ws/install/include/visualization_msgs/visualization_msgs/msg/detail/marker_array__struct.h
[5.031s] -- Up-to-date: /home/ice/microros_ws/firmware/mcu_ws/install/include/visualization_msgs/visualization_msgs/msg/detail/interactive_marker_pose__functions.c
[5.031s] -- Up-to-date: /home/ice/microros_ws/firmware/mcu_ws/install/include/visualization_msgs/visualization_msgs/msg/detail/marker__type_support.h
[5.031s] -- Up-to-date: /home/ice/microros_ws/firmware/mcu_ws/install/include/visualization_msgs/visualization_msgs/msg/detail/interactive_marker_update__functions.h
[5.032s] -- Up-to-date: /home/ice/microros_ws/firmware/mcu_ws/install/include/visualization_msgs/visualization_msgs/msg/detail/mesh_file__struct.h
[5.032s] -- Up-to-date: /home/ice/microros_ws/firmware/mcu_ws/install/include/visualization_msgs/visualization_msgs/msg/detail/menu_entry__functions.c
[5.032s] -- Up-to-date: /home/ice/microros_ws/firmware/mcu_ws/install/include/visualization_msgs/visualization_msgs/msg/detail/marker_array__functions.h
[5.032s] -- Up-to-date: /home/ice/microros_ws/firmware/mcu_ws/install/include/visualization_msgs/visualization_msgs/msg/detail/interactive_marker__struct.h
[5.032s] -- Up-to-date: /home/ice/microros_ws/firmware/mcu_ws/install/include/visualization_msgs/visualization_msgs/msg/detail/interactive_marker_feedback__struct.h
[5.032s] -- Up-to-date: /home/ice/microros_ws/firmware/mcu_ws/install/include/visualization_msgs/visualization_msgs/msg/detail/uv_coordinate__type_support.h
[5.032s] -- Up-to-date: /home/ice/microros_ws/firmware/mcu_ws/install/include/visualization_msgs/visualization_msgs/msg/detail/interactive_marker_init__functions.c
[5.032s] -- Up-to-date: /home/ice/microros_ws/firmware/mcu_ws/install/include/visualization_msgs/visualization_msgs/msg/detail/marker__struct.h
[5.032s] -- Up-to-date: /home/ice/microros_ws/firmware/mcu_ws/install/include/visualization_msgs/visualization_msgs/msg/detail/interactive_marker__type_support.h
[5.033s] -- Up-to-date: /home/ice/microros_ws/firmware/mcu_ws/install/include/visualization_msgs/visualization_msgs/msg/detail/marker__functions.c
[5.033s] -- Up-to-date: /home/ice/microros_ws/firmware/mcu_ws/install/include/visualization_msgs/visualization_msgs/msg/detail/interactive_marker_feedback__functions.c
[5.049s] -- Up-to-date: /home/ice/microros_ws/firmware/mcu_ws/install/include/visualization_msgs/visualization_msgs/msg/detail/image_marker__functions.h
[5.051s] -- Up-to-date: /home/ice/microros_ws/firmware/mcu_ws/install/include/visualization_msgs/visualization_msgs/msg/detail/interactive_marker_feedback__type_support.h
[5.051s] -- Up-to-date: /home/ice/microros_ws/firmware/mcu_ws/install/include/visualization_msgs/visualization_msgs/msg/detail/interactive_marker_update__functions.c
[5.052s] -- Up-to-date: /home/ice/microros_ws/firmware/mcu_ws/install/include/visualization_msgs/visualization_msgs/msg/detail/marker_array__functions.c
[5.052s] -- Up-to-date: /home/ice/microros_ws/firmware/mcu_ws/install/include/visualization_msgs/visualization_msgs/msg/detail/menu_entry__functions.h
[5.052s] -- Up-to-date: /home/ice/microros_ws/firmware/mcu_ws/install/include/visualization_msgs/visualization_msgs/msg/detail/mesh_file__type_support.h
[5.052s] -- Up-to-date: /home/ice/microros_ws/firmware/mcu_ws/install/include/visualization_msgs/visualization_msgs/msg/menu_entry.h
[5.053s] -- Up-to-date: /home/ice/microros_ws/firmware/mcu_ws/install/include/visualization_msgs/visualization_msgs/msg/marker.h
[5.054s] -- Up-to-date: /home/ice/microros_ws/firmware/mcu_ws/install/include/visualization_msgs/visualization_msgs/msg/mesh_file.h
[5.055s] -- Up-to-date: /home/ice/microros_ws/firmware/mcu_ws/install/include/visualization_msgs/visualization_msgs/msg/interactive_marker_init.h
[5.055s] -- Up-to-date: /home/ice/microros_ws/firmware/mcu_ws/install/include/visualization_msgs/visualization_msgs/msg/interactive_marker_feedback.h
[5.055s] -- Up-to-date: /home/ice/microros_ws/firmware/mcu_ws/install/include/visualization_msgs/visualization_msgs/msg/interactive_marker_control.h
[5.055s] -- Up-to-date: /home/ice/microros_ws/firmware/mcu_ws/install/include/visualization_msgs/visualization_msgs/msg/interactive_marker_pose.h
[5.055s] -- Up-to-date: /home/ice/microros_ws/firmware/mcu_ws/install/include/visualization_msgs/visualization_msgs/msg/uv_coordinate.h
[5.055s] -- Up-to-date: /home/ice/microros_ws/firmware/mcu_ws/install/include/visualization_msgs/visualization_msgs/msg/rosidl_generator_c__visibility_control.h
[5.055s] -- Up-to-date: /home/ice/microros_ws/firmware/mcu_ws/install/include/visualization_msgs/visualization_msgs/msg/marker_array.h
[5.056s] -- Up-to-date: /home/ice/microros_ws/firmware/mcu_ws/install/include/visualization_msgs/visualization_msgs/msg/interactive_marker_update.h
[5.056s] -- Up-to-date: /home/ice/microros_ws/firmware/mcu_ws/install/share/visualization_msgs/environment/library_path.sh
[5.056s] -- Installing: /home/ice/microros_ws/firmware/mcu_ws/install/share/visualization_msgs/environment/library_path.dsv
[5.056s] -- Up-to-date: /home/ice/microros_ws/firmware/mcu_ws/install/lib/libvisualization_msgs__rosidl_generator_c.a
[5.056s] -- Up-to-date: /home/ice/microros_ws/firmware/mcu_ws/install/include/visualization_msgs/visualization_msgs
[5.056s] -- Up-to-date: /home/ice/microros_ws/firmware/mcu_ws/install/include/visualization_msgs/visualization_msgs/srv
[5.056s] -- Up-to-date: /home/ice/microros_ws/firmware/mcu_ws/install/include/visualization_msgs/visualization_msgs/srv/detail
[5.056s] -- Up-to-date: /home/ice/microros_ws/firmware/mcu_ws/install/include/visualization_msgs/visualization_msgs/srv/detail/get_interactive_markers__rosidl_typesupport_introspection_c.h
[5.056s] -- Up-to-date: /home/ice/microros_ws/firmware/mcu_ws/install/include/visualization_msgs/visualization_msgs/srv/detail/get_interactive_markers__type_support.c
[5.056s] -- Up-to-date: /home/ice/microros_ws/firmware/mcu_ws/install/include/visualization_msgs/visualization_msgs/msg
[5.056s] -- Up-to-date: /home/ice/microros_ws/firmware/mcu_ws/install/include/visualization_msgs/visualization_msgs/msg/detail
[5.056s] -- Up-to-date: /home/ice/microros_ws/firmware/mcu_ws/install/include/visualization_msgs/visualization_msgs/msg/detail/image_marker__rosidl_typesupport_introspection_c.h
[5.057s] -- Up-to-date: /home/ice/microros_ws/firmware/mcu_ws/install/include/visualization_msgs/visualization_msgs/msg/detail/menu_entry__rosidl_typesupport_introspection_c.h
[5.057s] -- Up-to-date: /home/ice/microros_ws/firmware/mcu_ws/install/include/visualization_msgs/visualization_msgs/msg/detail/image_marker__type_support.c
[5.057s] -- Up-to-date: /home/ice/microros_ws/firmware/mcu_ws/install/include/visualization_msgs/visualization_msgs/msg/detail/menu_entry__type_support.c
[5.057s] -- Up-to-date: /home/ice/microros_ws/firmware/mcu_ws/install/include/visualization_msgs/visualization_msgs/msg/detail/interactive_marker_init__rosidl_typesupport_introspection_c.h
[5.057s] -- Up-to-date: /home/ice/microros_ws/firmware/mcu_ws/install/include/visualization_msgs/visualization_msgs/msg/detail/mesh_file__rosidl_typesupport_introspection_c.h
[5.058s] -- Up-to-date: /home/ice/microros_ws/firmware/mcu_ws/install/include/visualization_msgs/visualization_msgs/msg/detail/uv_coordinate__rosidl_typesupport_introspection_c.h
[5.059s] -- Up-to-date: /home/ice/microros_ws/firmware/mcu_ws/install/include/visualization_msgs/visualization_msgs/msg/detail/interactive_marker_feedback__rosidl_typesupport_introspection_c.h
[5.059s] -- Up-to-date: /home/ice/microros_ws/firmware/mcu_ws/install/include/visualization_msgs/visualization_msgs/msg/detail/interactive_marker_init__type_support.c
[5.059s] -- Up-to-date: /home/ice/microros_ws/firmware/mcu_ws/install/include/visualization_msgs/visualization_msgs/msg/detail/marker_array__rosidl_typesupport_introspection_c.h
[5.059s] -- Up-to-date: /home/ice/microros_ws/firmware/mcu_ws/install/include/visualization_msgs/visualization_msgs/msg/detail/interactive_marker_control__type_support.c
[5.059s] -- Up-to-date: /home/ice/microros_ws/firmware/mcu_ws/install/include/visualization_msgs/visualization_msgs/msg/detail/interactive_marker_update__rosidl_typesupport_introspection_c.h
[5.059s] -- Up-to-date: /home/ice/microros_ws/firmware/mcu_ws/install/include/visualization_msgs/visualization_msgs/msg/detail/interactive_marker_feedback__type_support.c
[5.060s] -- Up-to-date: /home/ice/microros_ws/firmware/mcu_ws/install/include/visualization_msgs/visualization_msgs/msg/detail/marker__type_support.c
[5.060s] -- Up-to-date: /home/ice/microros_ws/firmware/mcu_ws/install/include/visualization_msgs/visualization_msgs/msg/detail/uv_coordinate__type_support.c
[5.061s] -- Up-to-date: /home/ice/microros_ws/firmware/mcu_ws/install/include/visualization_msgs/visualization_msgs/msg/detail/interactive_marker_control__rosidl_typesupport_introspection_c.h
[5.061s] -- Up-to-date: /home/ice/microros_ws/firmware/mcu_ws/install/include/visualization_msgs/visualization_msgs/msg/detail/interactive_marker_update__type_support.c
[5.061s] -- Up-to-date: /home/ice/microros_ws/firmware/mcu_ws/install/include/visualization_msgs/visualization_msgs/msg/detail/interactive_marker_pose__type_support.c
[5.061s] -- Up-to-date: /home/ice/microros_ws/firmware/mcu_ws/install/include/visualization_msgs/visualization_msgs/msg/detail/marker_array__type_support.c
[5.062s] -- Up-to-date: /home/ice/microros_ws/firmware/mcu_ws/install/include/visualization_msgs/visualization_msgs/msg/detail/interactive_marker__rosidl_typesupport_introspection_c.h
[5.062s] -- Up-to-date: /home/ice/microros_ws/firmware/mcu_ws/install/include/visualization_msgs/visualization_msgs/msg/detail/marker__rosidl_typesupport_introspection_c.h
[5.066s] -- Up-to-date: /home/ice/microros_ws/firmware/mcu_ws/install/include/visualization_msgs/visualization_msgs/msg/detail/mesh_file__type_support.c
[5.066s] -- Up-to-date: /home/ice/microros_ws/firmware/mcu_ws/install/include/visualization_msgs/visualization_msgs/msg/detail/interactive_marker__type_support.c
[5.068s] -- Up-to-date: /home/ice/microros_ws/firmware/mcu_ws/install/include/visualization_msgs/visualization_msgs/msg/detail/interactive_marker_pose__rosidl_typesupport_introspection_c.h
[5.068s] -- Up-to-date: /home/ice/microros_ws/firmware/mcu_ws/install/include/visualization_msgs/visualization_msgs/msg/rosidl_typesupport_introspection_c__visibility_control.h
[5.069s] -- Up-to-date: /home/ice/microros_ws/firmware/mcu_ws/install/lib/libvisualization_msgs__rosidl_typesupport_introspection_c.a
[5.070s] -- Up-to-date: /home/ice/microros_ws/firmware/mcu_ws/install/include/visualization_msgs
[5.072s] -- Up-to-date: /home/ice/microros_ws/firmware/mcu_ws/install/include/visualization_msgs/srv
[5.072s] -- Up-to-date: /home/ice/microros_ws/firmware/mcu_ws/install/include/visualization_msgs/srv/detail
[5.072s] -- Up-to-date: /home/ice/microros_ws/firmware/mcu_ws/install/include/visualization_msgs/srv/detail/microxrcedds
[5.072s] -- Up-to-date: /home/ice/microros_ws/firmware/mcu_ws/install/include/visualization_msgs/srv/detail/get_interactive_markers__rosidl_typesupport_microxrcedds_c.h
[5.072s] -- Up-to-date: /home/ice/microros_ws/firmware/mcu_ws/install/include/visualization_msgs/msg
[5.072s] -- Up-to-date: /home/ice/microros_ws/firmware/mcu_ws/install/include/visualization_msgs/msg/detail
[5.072s] -- Up-to-date: /home/ice/microros_ws/firmware/mcu_ws/install/include/visualization_msgs/msg/detail/uv_coordinate__rosidl_typesupport_microxrcedds_c.h
[5.072s] -- Up-to-date: /home/ice/microros_ws/firmware/mcu_ws/install/include/visualization_msgs/msg/detail/interactive_marker_update__rosidl_typesupport_microxrcedds_c.h
[5.074s] -- Up-to-date: /home/ice/microros_ws/firmware/mcu_ws/install/include/visualization_msgs/msg/detail/marker_array__rosidl_typesupport_microxrcedds_c.h
[5.075s] -- Up-to-date: /home/ice/microros_ws/firmware/mcu_ws/install/include/visualization_msgs/msg/detail/marker__rosidl_typesupport_microxrcedds_c.h
[5.091s] -- Up-to-date: /home/ice/microros_ws/firmware/mcu_ws/install/include/visualization_msgs/msg/detail/image_marker__rosidl_typesupport_microxrcedds_c.h
[5.091s] -- Up-to-date: /home/ice/microros_ws/firmware/mcu_ws/install/include/visualization_msgs/msg/detail/mesh_file__rosidl_typesupport_microxrcedds_c.h
[5.091s] -- Up-to-date: /home/ice/microros_ws/firmware/mcu_ws/install/include/visualization_msgs/msg/detail/microxrcedds
[5.091s] -- Up-to-date: /home/ice/microros_ws/firmware/mcu_ws/install/include/visualization_msgs/msg/detail/interactive_marker_control__rosidl_typesupport_microxrcedds_c.h
[5.092s] -- Up-to-date: /home/ice/microros_ws/firmware/mcu_ws/install/include/visualization_msgs/msg/detail/interactive_marker_init__rosidl_typesupport_microxrcedds_c.h
[5.092s] -- Up-to-date: /home/ice/microros_ws/firmware/mcu_ws/install/include/visualization_msgs/msg/detail/interactive_marker_feedback__rosidl_typesupport_microxrcedds_c.h
[5.092s] -- Up-to-date: /home/ice/microros_ws/firmware/mcu_ws/install/include/visualization_msgs/msg/detail/interactive_marker_pose__rosidl_typesupport_microxrcedds_c.h
[5.092s] -- Up-to-date: /home/ice/microros_ws/firmware/mcu_ws/install/include/visualization_msgs/msg/detail/interactive_marker__rosidl_typesupport_microxrcedds_c.h
[5.092s] -- Up-to-date: /home/ice/microros_ws/firmware/mcu_ws/install/include/visualization_msgs/msg/detail/menu_entry__rosidl_typesupport_microxrcedds_c.h
[5.092s] -- Up-to-date: /home/ice/microros_ws/firmware/mcu_ws/install/include/visualization_msgs/msg/rosidl_typesupport_microxrcedds_c__visibility_control.h
[5.093s] -- Up-to-date: /home/ice/microros_ws/firmware/mcu_ws/install/lib/libvisualization_msgs__rosidl_typesupport_microxrcedds_c.a
[5.093s] -- Up-to-date: /home/ice/microros_ws/firmware/mcu_ws/install/lib/libvisualization_msgs__rosidl_typesupport_c.a
[5.093s] -- Up-to-date: /home/ice/microros_ws/firmware/mcu_ws/install/share/visualization_msgs/msg/ImageMarker.idl
[5.093s] -- Up-to-date: /home/ice/microros_ws/firmware/mcu_ws/install/share/visualization_msgs/msg/InteractiveMarker.idl
[5.093s] -- Up-to-date: /home/ice/microros_ws/firmware/mcu_ws/install/share/visualization_msgs/msg/InteractiveMarkerControl.idl
[5.094s] -- Up-to-date: /home/ice/microros_ws/firmware/mcu_ws/install/share/visualization_msgs/msg/InteractiveMarkerFeedback.idl
[5.094s] -- Up-to-date: /home/ice/microros_ws/firmware/mcu_ws/install/share/visualization_msgs/msg/InteractiveMarkerInit.idl
[5.094s] -- Up-to-date: /home/ice/microros_ws/firmware/mcu_ws/install/share/visualization_msgs/msg/InteractiveMarkerPose.idl
[5.094s] -- Up-to-date: /home/ice/microros_ws/firmware/mcu_ws/install/share/visualization_msgs/msg/InteractiveMarkerUpdate.idl
[5.094s] -- Up-to-date: /home/ice/microros_ws/firmware/mcu_ws/install/share/visualization_msgs/msg/Marker.idl
[5.094s] -- Up-to-date: /home/ice/microros_ws/firmware/mcu_ws/install/share/visualization_msgs/msg/MarkerArray.idl
[5.094s] -- Up-to-date: /home/ice/microros_ws/firmware/mcu_ws/install/share/visualization_msgs/msg/MenuEntry.idl
[5.094s] -- Up-to-date: /home/ice/microros_ws/firmware/mcu_ws/install/share/visualization_msgs/msg/MeshFile.idl
[5.094s] -- Up-to-date: /home/ice/microros_ws/firmware/mcu_ws/install/share/visualization_msgs/msg/UVCoordinate.idl
[5.095s] -- Up-to-date: /home/ice/microros_ws/firmware/mcu_ws/install/share/visualization_msgs/srv/GetInteractiveMarkers.idl
[5.095s] -- Up-to-date: /home/ice/microros_ws/firmware/mcu_ws/install/share/visualization_msgs/msg/ImageMarker.msg
[5.095s] -- Up-to-date: /home/ice/microros_ws/firmware/mcu_ws/install/share/visualization_msgs/msg/InteractiveMarker.msg
[5.095s] -- Up-to-date: /home/ice/microros_ws/firmware/mcu_ws/install/share/visualization_msgs/msg/InteractiveMarkerControl.msg
[5.095s] -- Up-to-date: /home/ice/microros_ws/firmware/mcu_ws/install/share/visualization_msgs/msg/InteractiveMarkerFeedback.msg
[5.095s] -- Up-to-date: /home/ice/microros_ws/firmware/mcu_ws/install/share/visualization_msgs/msg/InteractiveMarkerInit.msg
[5.095s] -- Up-to-date: /home/ice/microros_ws/firmware/mcu_ws/install/share/visualization_msgs/msg/InteractiveMarkerPose.msg
[5.095s] -- Up-to-date: /home/ice/microros_ws/firmware/mcu_ws/install/share/visualization_msgs/msg/InteractiveMarkerUpdate.msg
[5.095s] -- Up-to-date: /home/ice/microros_ws/firmware/mcu_ws/install/share/visualization_msgs/msg/Marker.msg
[5.095s] -- Up-to-date: /home/ice/microros_ws/firmware/mcu_ws/install/share/visualization_msgs/msg/MarkerArray.msg
[5.095s] -- Up-to-date: /home/ice/microros_ws/firmware/mcu_ws/install/share/visualization_msgs/msg/MenuEntry.msg
[5.096s] -- Up-to-date: /home/ice/microros_ws/firmware/mcu_ws/install/share/visualization_msgs/msg/MeshFile.msg
[5.096s] -- Up-to-date: /home/ice/microros_ws/firmware/mcu_ws/install/share/visualization_msgs/msg/UVCoordinate.msg
[5.096s] -- Up-to-date: /home/ice/microros_ws/firmware/mcu_ws/install/share/visualization_msgs/srv/GetInteractiveMarkers.srv
[5.096s] -- Up-to-date: /home/ice/microros_ws/firmware/mcu_ws/install/share/visualization_msgs/srv/GetInteractiveMarkers_Request.msg
[5.096s] -- Up-to-date: /home/ice/microros_ws/firmware/mcu_ws/install/share/visualization_msgs/srv/GetInteractiveMarkers_Response.msg
[5.096s] -- Up-to-date: /home/ice/microros_ws/firmware/mcu_ws/install/share/ament_index/resource_index/package_run_dependencies/visualization_msgs
[5.096s] -- Up-to-date: /home/ice/microros_ws/firmware/mcu_ws/install/share/ament_index/resource_index/parent_prefix_path/visualization_msgs
[5.096s] -- Up-to-date: /home/ice/microros_ws/firmware/mcu_ws/install/share/visualization_msgs/environment/ament_prefix_path.sh
[5.097s] -- Installing: /home/ice/microros_ws/firmware/mcu_ws/install/share/visualization_msgs/environment/ament_prefix_path.dsv
[5.097s] -- Up-to-date: /home/ice/microros_ws/firmware/mcu_ws/install/share/visualization_msgs/environment/path.sh
[5.097s] -- Installing: /home/ice/microros_ws/firmware/mcu_ws/install/share/visualization_msgs/environment/path.dsv
[5.098s] -- Up-to-date: /home/ice/microros_ws/firmware/mcu_ws/install/share/visualization_msgs/local_setup.bash
[5.098s] -- Up-to-date: /home/ice/microros_ws/firmware/mcu_ws/install/share/visualization_msgs/local_setup.sh
[5.098s] -- Up-to-date: /home/ice/microros_ws/firmware/mcu_ws/install/share/visualization_msgs/local_setup.zsh
[5.098s] -- Installing: /home/ice/microros_ws/firmware/mcu_ws/install/share/visualization_msgs/local_setup.dsv
[5.098s] -- Installing: /home/ice/microros_ws/firmware/mcu_ws/install/share/visualization_msgs/package.dsv
[5.098s] -- Up-to-date: /home/ice/microros_ws/firmware/mcu_ws/install/share/ament_index/resource_index/packages/visualization_msgs
[5.098s] -- Up-to-date: /home/ice/microros_ws/firmware/mcu_ws/install/share/visualization_msgs/cmake/export_visualization_msgs__rosidl_generator_cExport.cmake
[5.098s] -- Up-to-date: /home/ice/microros_ws/firmware/mcu_ws/install/share/visualization_msgs/cmake/export_visualization_msgs__rosidl_generator_cExport-debug.cmake
[5.098s] -- Up-to-date: /home/ice/microros_ws/firmware/mcu_ws/install/share/visualization_msgs/cmake/visualization_msgs__rosidl_typesupport_introspection_cExport.cmake
[5.098s] -- Up-to-date: /home/ice/microros_ws/firmware/mcu_ws/install/share/visualization_msgs/cmake/visualization_msgs__rosidl_typesupport_introspection_cExport-debug.cmake
[5.098s] -- Up-to-date: /home/ice/microros_ws/firmware/mcu_ws/install/share/visualization_msgs/cmake/visualization_msgs__rosidl_typesupport_cExport.cmake
[5.098s] -- Up-to-date: /home/ice/microros_ws/firmware/mcu_ws/install/share/visualization_msgs/cmake/visualization_msgs__rosidl_typesupport_cExport-debug.cmake
[5.098s] -- Up-to-date: /home/ice/microros_ws/firmware/mcu_ws/install/share/visualization_msgs/cmake/rosidl_cmake-extras.cmake
[5.098s] -- Up-to-date: /home/ice/microros_ws/firmware/mcu_ws/install/share/visualization_msgs/cmake/ament_cmake_export_dependencies-extras.cmake
[5.099s] -- Up-to-date: /home/ice/microros_ws/firmware/mcu_ws/install/share/visualization_msgs/cmake/ament_cmake_export_include_directories-extras.cmake
[5.099s] -- Up-to-date: /home/ice/microros_ws/firmware/mcu_ws/install/share/visualization_msgs/cmake/ament_cmake_export_libraries-extras.cmake
[5.099s] -- Up-to-date: /home/ice/microros_ws/firmware/mcu_ws/install/share/visualization_msgs/cmake/ament_cmake_export_targets-extras.cmake
[5.099s] -- Up-to-date: /home/ice/microros_ws/firmware/mcu_ws/install/share/visualization_msgs/cmake/rosidl_cmake_export_typesupport_targets-extras.cmake
[5.099s] -- Up-to-date: /home/ice/microros_ws/firmware/mcu_ws/install/share/visualization_msgs/cmake/rosidl_cmake_export_typesupport_libraries-extras.cmake
[5.099s] -- Up-to-date: /home/ice/microros_ws/firmware/mcu_ws/install/share/visualization_msgs/cmake/visualization_msgsConfig.cmake
[5.099s] -- Up-to-date: /home/ice/microros_ws/firmware/mcu_ws/install/share/visualization_msgs/cmake/visualization_msgsConfig-version.cmake
[5.099s] -- Up-to-date: /home/ice/microros_ws/firmware/mcu_ws/install/share/visualization_msgs/package.xml
[5.099s] Invoked command in '/home/ice/microros_ws/firmware/mcu_ws/build/visualization_msgs' returned '0': AMENT_PREFIX_PATH=/home/ice/microros_ws/firmware/mcu_ws/install:${AMENT_PREFIX_PATH} CMAKE_PREFIX_PATH=/home/ice/microros_ws/firmware/mcu_ws/install:/home/ice/microros_ws/firmware/dev_ws/install/ament_lint_common:/home/ice/microros_ws/firmware/dev_ws/install/ament_cmake_uncrustify:/home/ice/microros_ws/firmware/dev_ws/install/uncrustify_vendor:/home/ice/microros_ws/firmware/dev_ws/install/ament_cmake_ros:/home/ice/microros_ws/firmware/dev_ws/install/ament_cmake_auto:/home/ice/microros_ws/firmware/dev_ws/install/ament_cmake_gmock:/home/ice/microros_ws/firmware/dev_ws/install/gmock_vendor:/home/ice/microros_ws/firmware/dev_ws/install/ament_cmake_gtest:/home/ice/microros_ws/firmware/dev_ws/install/gtest_vendor:/home/ice/microros_ws/firmware/dev_ws/install/ament_cmake_xmllint:/home/ice/microros_ws/firmware/dev_ws/install/ament_cmake_pyflakes:/home/ice/microros_ws/firmware/dev_ws/install/ament_cmake_pycodestyle:/home/ice/microros_ws/firmware/dev_ws/install/ament_cmake_pep257:/home/ice/microros_ws/firmware/dev_ws/install/ament_cmake_pclint:/home/ice/microros_ws/firmware/dev_ws/install/ament_lint_auto:/home/ice/microros_ws/firmware/dev_ws/install/ament_cmake:/home/ice/microros_ws/firmware/dev_ws/install/ament_cmake_version:/home/ice/microros_ws/firmware/dev_ws/install/ament_cmake_vendor_package:/home/ice/microros_ws/firmware/dev_ws/install/ament_cmake_pytest:/home/ice/microros_ws/firmware/dev_ws/install/ament_cmake_nose:/home/ice/microros_ws/firmware/dev_ws/install/ament_cmake_mypy:/home/ice/microros_ws/firmware/dev_ws/install/ament_cmake_lint_cmake:/home/ice/microros_ws/firmware/dev_ws/install/ament_cmake_google_benchmark:/home/ice/microros_ws/firmware/dev_ws/install/ament_cmake_flake8:/home/ice/microros_ws/firmware/dev_ws/install/ament_cmake_cpplint:/home/ice/microros_ws/firmware/dev_ws/install/ament_cmake_cppcheck:/home/ice/microros_ws/firmware/dev_ws/install/ament_cmake_copyright:/home/ice/microros_ws/firmware/dev_ws/install/ament_cmake_clang_tidy:/home/ice/microros_ws/firmware/dev_ws/install/ament_cmake_clang_format:/home/ice/microros_ws/firmware/dev_ws/install/ament_cmake_test:/home/ice/microros_ws/firmware/dev_ws/install/ament_cmake_target_dependencies:/home/ice/microros_ws/firmware/dev_ws/install/ament_cmake_python:/home/ice/microros_ws/firmware/dev_ws/install/ament_cmake_export_dependencies:/home/ice/microros_ws/firmware/dev_ws/install/ament_cmake_libraries:/home/ice/microros_ws/firmware/dev_ws/install/ament_cmake_include_directories:/home/ice/microros_ws/firmware/dev_ws/install/ament_cmake_gen_version_h:/home/ice/microros_ws/firmware/dev_ws/install/ament_cmake_export_targets:/home/ice/microros_ws/firmware/dev_ws/install/ament_cmake_export_link_flags:/home/ice/microros_ws/firmware/dev_ws/install/ament_cmake_export_interfaces:/home/ice/microros_ws/firmware/dev_ws/install/ament_cmake_export_libraries:/home/ice/microros_ws/firmware/dev_ws/install/ament_cmake_export_include_directories:/home/ice/microros_ws/firmware/dev_ws/install/ament_cmake_export_definitions:/home/ice/microros_ws/firmware/dev_ws/install/ament_cmake_core:/home/ice/microros_ws/firmware/dev_ws/install/ament_index_cpp:/home/ice/microros_ws/firmware/dev_ws/install/ament_uncrustify:/home/ice/microros_ws/firmware/dev_ws/install/domain_coordinator:/home/ice/microros_ws/firmware/dev_ws/install/ament_xmllint:/home/ice/microros_ws/firmware/dev_ws/install/ament_pyflakes:/home/ice/microros_ws/firmware/dev_ws/install/ament_pycodestyle:/home/ice/microros_ws/firmware/dev_ws/install/ament_pep257:/home/ice/microros_ws/firmware/dev_ws/install/ament_pclint:/home/ice/microros_ws/firmware/dev_ws/install/ament_package:/home/ice/microros_ws/firmware/dev_ws/install/ament_mypy:/home/ice/microros_ws/firmware/dev_ws/install/ament_lint_cmake:/home/ice/microros_ws/firmware/dev_ws/install/ament_flake8:/home/ice/microros_ws/firmware/dev_ws/install/ament_copyright:/home/ice/microros_ws/firmware/dev_ws/install/ament_lint:/home/ice/microros_ws/firmware/dev_ws/install/ament_index_python:/home/ice/microros_ws/firmware/dev_ws/install/ament_cpplint:/home/ice/microros_ws/firmware/dev_ws/install/ament_cppcheck:/home/ice/microros_ws/firmware/dev_ws/install/ament_clang_tidy:/home/ice/microros_ws/firmware/dev_ws/install/ament_clang_format LD_LIBRARY_PATH=/home/ice/microros_ws/firmware/mcu_ws/install/lib:${LD_LIBRARY_PATH} PATH=/home/ice/microros_ws/firmware/mcu_ws/install/bin:${PATH} PYTHONPATH=/home/ice/microros_ws/firmware/mcu_ws/install/lib/python3.10/site-packages:${PYTHONPATH} /usr/bin/cmake --install /home/ice/microros_ws/firmware/mcu_ws/build/visualization_msgs
