-- The C compiler identification is GNU 11.4.0
-- The CXX compiler identification is GNU 11.4.0
-- Detecting C compiler ABI info
-- Detecting C compiler ABI info - done
-- Check for working C compiler: /usr/bin/cc - skipped
-- Detecting C compile features
-- Detecting C compile features - done
-- Detecting CXX compiler ABI info
-- Detecting CXX compiler ABI info - done
-- Check for working CXX compiler: /usr/bin/c++ - skipped
-- Detecting CXX compile features
-- Detecting CXX compile features - done
-- Found ament_cmake: 1.3.7 (/opt/ros/humble/share/ament_cmake/cmake)
-- Found Python3: /usr/bin/python3.10 (found version "3.10.12") found components: Interpreter 
-- Found rosidl_default_generators: 1.2.0 (/opt/ros/humble/share/rosidl_default_generators/cmake)
-- Using all available rosidl_typesupport_c: rosidl_typesupport_fastrtps_c;rosidl_typesupport_introspection_c
-- Found rosidl_adapter: 3.1.5 (/opt/ros/humble/share/rosidl_adapter/cmake)
-- Using all available rosidl_typesupport_cpp: rosidl_typesupport_fastrtps_cpp;rosidl_typesupport_introspection_cpp
-- Found ament_cmake_ros: 0.10.0 (/opt/ros/humble/share/ament_cmake_ros/cmake)
-- Using all available rosidl_typesupport_c: rosidl_typesupport_fastrtps_c;rosidl_typesupport_introspection_c
-- Using all available rosidl_typesupport_cpp: rosidl_typesupport_fastrtps_cpp;rosidl_typesupport_introspection_cpp
-- Found PythonInterp: /usr/bin/python3 (found suitable version "3.10.12", minimum required is "3.6") 
-- Found python_cmake_module: 0.10.0 (/opt/ros/humble/share/python_cmake_module/cmake)
-- Found PythonLibs: /usr/lib/x86_64-linux-gnu/libpython3.10.so (found suitable version "3.10.12", minimum required is "3.5") 
-- Using PYTHON_EXECUTABLE: /usr/bin/python3
-- Using PYTHON_INCLUDE_DIRS: /usr/include/python3.10
-- Using PYTHON_LIBRARIES: /usr/lib/x86_64-linux-gnu/libpython3.10.so
-- Found PythonExtra: .so  
-- Found ament_lint_auto: 0.12.10 (/opt/ros/humble/share/ament_lint_auto/cmake)
-- Added test 'lint_cmake' to check CMake code style
-- Added test 'xmllint' to check XML markup files
-- Configuring done
-- Generating done
-- Build files have been written to: /home/ice/polaris-bot/ros2_ws/build/services
[  3%] [34m[1mGenerating C++ code for ROS interfaces[0m
[  6%] [34m[1mGenerating C code for ROS interfaces[0m
[  6%] Built target services__cpp
[  6%] Built target ament_cmake_python_copy_services
[  9%] [34m[1mGenerating C++ type support dispatch for ROS interfaces[0m
[ 12%] [32mBuilding C object CMakeFiles/services__rosidl_generator_c.dir/rosidl_generator_c/services/srv/detail/test_service__functions.c.o[0m
[ 16%] [32m[1mLinking C shared library libservices__rosidl_generator_c.so[0m
[ 19%] [32mBuilding CXX object CMakeFiles/services__rosidl_typesupport_cpp.dir/rosidl_typesupport_cpp/services/srv/test_service__type_support.cpp.o[0m
[ 19%] Built target services__rosidl_generator_c
[ 22%] [34m[1mGenerating C++ type support for eProsima Fast-RTPS[0m
[ 25%] [32m[1mLinking CXX shared library libservices__rosidl_typesupport_cpp.so[0m
[ 25%] Built target services__rosidl_typesupport_cpp
[ 29%] [34m[1mGenerating C++ introspection for ROS interfaces[0m
[ 32%] [32mBuilding CXX object CMakeFiles/services__rosidl_typesupport_fastrtps_cpp.dir/rosidl_typesupport_fastrtps_cpp/services/srv/detail/dds_fastrtps/test_service__type_support.cpp.o[0m
[ 35%] [32mBuilding CXX object CMakeFiles/services__rosidl_typesupport_introspection_cpp.dir/rosidl_typesupport_introspection_cpp/services/srv/detail/test_service__type_support.cpp.o[0m
[ 38%] [32m[1mLinking CXX shared library libservices__rosidl_typesupport_fastrtps_cpp.so[0m
[ 38%] Built target services__rosidl_typesupport_fastrtps_cpp
[ 41%] [32m[1mLinking CXX shared library libservices__rosidl_typesupport_introspection_cpp.so[0m
[ 41%] Built target services__rosidl_typesupport_introspection_cpp
[ 45%] [34m[1mGenerating C type support for eProsima Fast-RTPS[0m
running egg_info
creating services.egg-info
writing services.egg-info/PKG-INFO
writing dependency_links to services.egg-info/dependency_links.txt
writing top-level names to services.egg-info/top_level.txt
writing manifest file 'services.egg-info/SOURCES.txt'
reading manifest file 'services.egg-info/SOURCES.txt'
writing manifest file 'services.egg-info/SOURCES.txt'
[ 45%] Built target ament_cmake_python_build_services_egg
[ 48%] [34m[1mGenerating C introspection for ROS interfaces[0m
[ 51%] [32mBuilding CXX object CMakeFiles/services__rosidl_typesupport_fastrtps_c.dir/rosidl_typesupport_fastrtps_c/services/srv/detail/test_service__type_support_c.cpp.o[0m
[ 54%] [32mBuilding C object CMakeFiles/services__rosidl_typesupport_introspection_c.dir/rosidl_typesupport_introspection_c/services/srv/detail/test_service__type_support.c.o[0m
[ 58%] [32m[1mLinking CXX shared library libservices__rosidl_typesupport_fastrtps_c.so[0m
[ 61%] [32m[1mLinking C shared library libservices__rosidl_typesupport_introspection_c.so[0m
[ 61%] Built target services__rosidl_typesupport_introspection_c
[ 64%] [34m[1mGenerating C type support dispatch for ROS interfaces[0m
[ 64%] Built target services__rosidl_typesupport_fastrtps_c
[ 67%] [32mBuilding CXX object CMakeFiles/services__rosidl_typesupport_c.dir/rosidl_typesupport_c/services/srv/test_service__type_support.cpp.o[0m
[ 70%] [32m[1mLinking CXX shared library libservices__rosidl_typesupport_c.so[0m
[ 70%] Built target services__rosidl_typesupport_c
[ 70%] Built target services
[ 74%] [34m[1mGenerating Python code for ROS interfaces[0m
[ 74%] Built target services__py
[ 77%] [32mBuilding C object CMakeFiles/services__rosidl_generator_py.dir/rosidl_generator_py/services/srv/_test_service_s.c.o[0m
[ 80%] [32m[1mLinking C shared library rosidl_generator_py/services/libservices__rosidl_generator_py.so[0m
[ 80%] Built target services__rosidl_generator_py
[ 87%] [32mBuilding C object CMakeFiles/services__rosidl_typesupport_introspection_c__pyext.dir/rosidl_generator_py/services/_services_s.ep.rosidl_typesupport_introspection_c.c.o[0m
[ 87%] [32mBuilding C object CMakeFiles/services__rosidl_typesupport_fastrtps_c__pyext.dir/rosidl_generator_py/services/_services_s.ep.rosidl_typesupport_fastrtps_c.c.o[0m
[ 90%] [32m[1mLinking C shared library rosidl_generator_py/services/services_s__rosidl_typesupport_introspection_c.cpython-310-x86_64-linux-gnu.so[0m
[ 93%] [32m[1mLinking C shared library rosidl_generator_py/services/services_s__rosidl_typesupport_fastrtps_c.cpython-310-x86_64-linux-gnu.so[0m
[ 93%] Built target services__rosidl_typesupport_introspection_c__pyext
[ 93%] Built target services__rosidl_typesupport_fastrtps_c__pyext
[ 96%] [32mBuilding C object CMakeFiles/services__rosidl_typesupport_c__pyext.dir/rosidl_generator_py/services/_services_s.ep.rosidl_typesupport_c.c.o[0m
[100%] [32m[1mLinking C shared library rosidl_generator_py/services/services_s__rosidl_typesupport_c.cpython-310-x86_64-linux-gnu.so[0m
[100%] Built target services__rosidl_typesupport_c__pyext
-- Install configuration: ""
-- Installing: /home/ice/polaris-bot/ros2_ws/install/services/share/ament_index/resource_index/rosidl_interfaces/services
-- Installing: /home/ice/polaris-bot/ros2_ws/install/services/include/services/services
-- Installing: /home/ice/polaris-bot/ros2_ws/install/services/include/services/services/srv
-- Installing: /home/ice/polaris-bot/ros2_ws/install/services/include/services/services/srv/detail
-- Installing: /home/ice/polaris-bot/ros2_ws/install/services/include/services/services/srv/detail/test_service__functions.c
-- Installing: /home/ice/polaris-bot/ros2_ws/install/services/include/services/services/srv/detail/test_service__functions.h
-- Installing: /home/ice/polaris-bot/ros2_ws/install/services/include/services/services/srv/detail/test_service__type_support.h
-- Installing: /home/ice/polaris-bot/ros2_ws/install/services/include/services/services/srv/detail/test_service__struct.h
-- Installing: /home/ice/polaris-bot/ros2_ws/install/services/include/services/services/srv/test_service.h
-- Installing: /home/ice/polaris-bot/ros2_ws/install/services/include/services/services/msg
-- Installing: /home/ice/polaris-bot/ros2_ws/install/services/include/services/services/msg/rosidl_generator_c__visibility_control.h
-- Installing: /home/ice/polaris-bot/ros2_ws/install/services/share/services/environment/library_path.sh
-- Installing: /home/ice/polaris-bot/ros2_ws/install/services/share/services/environment/library_path.dsv
-- Installing: /home/ice/polaris-bot/ros2_ws/install/services/lib/libservices__rosidl_generator_c.so
-- Set runtime path of "/home/ice/polaris-bot/ros2_ws/install/services/lib/libservices__rosidl_generator_c.so" to ""
-- Up-to-date: /home/ice/polaris-bot/ros2_ws/install/services/include/services/services
-- Up-to-date: /home/ice/polaris-bot/ros2_ws/install/services/include/services/services/srv
-- Up-to-date: /home/ice/polaris-bot/ros2_ws/install/services/include/services/services/srv/detail
-- Installing: /home/ice/polaris-bot/ros2_ws/install/services/include/services/services/srv/detail/test_service__rosidl_typesupport_fastrtps_c.h
-- Up-to-date: /home/ice/polaris-bot/ros2_ws/install/services/include/services/services/msg
-- Installing: /home/ice/polaris-bot/ros2_ws/install/services/include/services/services/msg/rosidl_typesupport_fastrtps_c__visibility_control.h
-- Installing: /home/ice/polaris-bot/ros2_ws/install/services/lib/libservices__rosidl_typesupport_fastrtps_c.so
-- Set runtime path of "/home/ice/polaris-bot/ros2_ws/install/services/lib/libservices__rosidl_typesupport_fastrtps_c.so" to ""
-- Up-to-date: /home/ice/polaris-bot/ros2_ws/install/services/include/services/services
-- Up-to-date: /home/ice/polaris-bot/ros2_ws/install/services/include/services/services/srv
-- Up-to-date: /home/ice/polaris-bot/ros2_ws/install/services/include/services/services/srv/detail
-- Installing: /home/ice/polaris-bot/ros2_ws/install/services/include/services/services/srv/detail/test_service__rosidl_typesupport_introspection_c.h
-- Installing: /home/ice/polaris-bot/ros2_ws/install/services/include/services/services/srv/detail/test_service__type_support.c
-- Up-to-date: /home/ice/polaris-bot/ros2_ws/install/services/include/services/services/msg
-- Installing: /home/ice/polaris-bot/ros2_ws/install/services/include/services/services/msg/rosidl_typesupport_introspection_c__visibility_control.h
-- Installing: /home/ice/polaris-bot/ros2_ws/install/services/lib/libservices__rosidl_typesupport_introspection_c.so
-- Set runtime path of "/home/ice/polaris-bot/ros2_ws/install/services/lib/libservices__rosidl_typesupport_introspection_c.so" to ""
-- Installing: /home/ice/polaris-bot/ros2_ws/install/services/lib/libservices__rosidl_typesupport_c.so
-- Set runtime path of "/home/ice/polaris-bot/ros2_ws/install/services/lib/libservices__rosidl_typesupport_c.so" to ""
-- Up-to-date: /home/ice/polaris-bot/ros2_ws/install/services/include/services/services
-- Up-to-date: /home/ice/polaris-bot/ros2_ws/install/services/include/services/services/srv
-- Up-to-date: /home/ice/polaris-bot/ros2_ws/install/services/include/services/services/srv/detail
-- Installing: /home/ice/polaris-bot/ros2_ws/install/services/include/services/services/srv/detail/test_service__struct.hpp
-- Installing: /home/ice/polaris-bot/ros2_ws/install/services/include/services/services/srv/detail/test_service__builder.hpp
-- Installing: /home/ice/polaris-bot/ros2_ws/install/services/include/services/services/srv/detail/test_service__traits.hpp
-- Installing: /home/ice/polaris-bot/ros2_ws/install/services/include/services/services/srv/test_service.hpp
-- Up-to-date: /home/ice/polaris-bot/ros2_ws/install/services/include/services/services
-- Up-to-date: /home/ice/polaris-bot/ros2_ws/install/services/include/services/services/srv
-- Up-to-date: /home/ice/polaris-bot/ros2_ws/install/services/include/services/services/srv/detail
-- Installing: /home/ice/polaris-bot/ros2_ws/install/services/include/services/services/srv/detail/dds_fastrtps
-- Installing: /home/ice/polaris-bot/ros2_ws/install/services/include/services/services/srv/detail/test_service__rosidl_typesupport_fastrtps_cpp.hpp
-- Up-to-date: /home/ice/polaris-bot/ros2_ws/install/services/include/services/services/msg
-- Installing: /home/ice/polaris-bot/ros2_ws/install/services/include/services/services/msg/rosidl_typesupport_fastrtps_cpp__visibility_control.h
-- Installing: /home/ice/polaris-bot/ros2_ws/install/services/lib/libservices__rosidl_typesupport_fastrtps_cpp.so
-- Set runtime path of "/home/ice/polaris-bot/ros2_ws/install/services/lib/libservices__rosidl_typesupport_fastrtps_cpp.so" to ""
-- Up-to-date: /home/ice/polaris-bot/ros2_ws/install/services/include/services/services
-- Up-to-date: /home/ice/polaris-bot/ros2_ws/install/services/include/services/services/srv
-- Up-to-date: /home/ice/polaris-bot/ros2_ws/install/services/include/services/services/srv/detail
-- Installing: /home/ice/polaris-bot/ros2_ws/install/services/include/services/services/srv/detail/test_service__type_support.cpp
-- Installing: /home/ice/polaris-bot/ros2_ws/install/services/include/services/services/srv/detail/test_service__rosidl_typesupport_introspection_cpp.hpp
-- Installing: /home/ice/polaris-bot/ros2_ws/install/services/lib/libservices__rosidl_typesupport_introspection_cpp.so
-- Set runtime path of "/home/ice/polaris-bot/ros2_ws/install/services/lib/libservices__rosidl_typesupport_introspection_cpp.so" to ""
-- Installing: /home/ice/polaris-bot/ros2_ws/install/services/lib/libservices__rosidl_typesupport_cpp.so
-- Set runtime path of "/home/ice/polaris-bot/ros2_ws/install/services/lib/libservices__rosidl_typesupport_cpp.so" to ""
-- Installing: /home/ice/polaris-bot/ros2_ws/install/services/share/services/environment/pythonpath.sh
-- Installing: /home/ice/polaris-bot/ros2_ws/install/services/share/services/environment/pythonpath.dsv
-- Installing: /home/ice/polaris-bot/ros2_ws/install/services/local/lib/python3.10/dist-packages/services-0.0.0-py3.10.egg-info
-- Installing: /home/ice/polaris-bot/ros2_ws/install/services/local/lib/python3.10/dist-packages/services-0.0.0-py3.10.egg-info/top_level.txt
-- Installing: /home/ice/polaris-bot/ros2_ws/install/services/local/lib/python3.10/dist-packages/services-0.0.0-py3.10.egg-info/PKG-INFO
-- Installing: /home/ice/polaris-bot/ros2_ws/install/services/local/lib/python3.10/dist-packages/services-0.0.0-py3.10.egg-info/SOURCES.txt
-- Installing: /home/ice/polaris-bot/ros2_ws/install/services/local/lib/python3.10/dist-packages/services-0.0.0-py3.10.egg-info/dependency_links.txt
-- Installing: /home/ice/polaris-bot/ros2_ws/install/services/local/lib/python3.10/dist-packages/services
-- Installing: /home/ice/polaris-bot/ros2_ws/install/services/local/lib/python3.10/dist-packages/services/_services_s.ep.rosidl_typesupport_introspection_c.c
-- Installing: /home/ice/polaris-bot/ros2_ws/install/services/local/lib/python3.10/dist-packages/services/services_s__rosidl_typesupport_c.cpython-310-x86_64-linux-gnu.so
-- Installing: /home/ice/polaris-bot/ros2_ws/install/services/local/lib/python3.10/dist-packages/services/services_s__rosidl_typesupport_fastrtps_c.cpython-310-x86_64-linux-gnu.so
-- Installing: /home/ice/polaris-bot/ros2_ws/install/services/local/lib/python3.10/dist-packages/services/srv
-- Installing: /home/ice/polaris-bot/ros2_ws/install/services/local/lib/python3.10/dist-packages/services/srv/_test_service_s.c
-- Installing: /home/ice/polaris-bot/ros2_ws/install/services/local/lib/python3.10/dist-packages/services/srv/_test_service.py
-- Installing: /home/ice/polaris-bot/ros2_ws/install/services/local/lib/python3.10/dist-packages/services/srv/__init__.py
-- Installing: /home/ice/polaris-bot/ros2_ws/install/services/local/lib/python3.10/dist-packages/services/_services_s.ep.rosidl_typesupport_c.c
-- Installing: /home/ice/polaris-bot/ros2_ws/install/services/local/lib/python3.10/dist-packages/services/services_s__rosidl_typesupport_introspection_c.cpython-310-x86_64-linux-gnu.so
-- Installing: /home/ice/polaris-bot/ros2_ws/install/services/local/lib/python3.10/dist-packages/services/_services_s.ep.rosidl_typesupport_fastrtps_c.c
-- Installing: /home/ice/polaris-bot/ros2_ws/install/services/local/lib/python3.10/dist-packages/services/__init__.py
-- Installing: /home/ice/polaris-bot/ros2_ws/install/services/local/lib/python3.10/dist-packages/services/libservices__rosidl_generator_py.so
Listing '/home/ice/polaris-bot/ros2_ws/install/services/local/lib/python3.10/dist-packages/services'...
Compiling '/home/ice/polaris-bot/ros2_ws/install/services/local/lib/python3.10/dist-packages/services/__init__.py'...
Listing '/home/ice/polaris-bot/ros2_ws/install/services/local/lib/python3.10/dist-packages/services/srv'...
Compiling '/home/ice/polaris-bot/ros2_ws/install/services/local/lib/python3.10/dist-packages/services/srv/__init__.py'...
Compiling '/home/ice/polaris-bot/ros2_ws/install/services/local/lib/python3.10/dist-packages/services/srv/_test_service.py'...
-- Installing: /home/ice/polaris-bot/ros2_ws/install/services/local/lib/python3.10/dist-packages/services/services_s__rosidl_typesupport_fastrtps_c.cpython-310-x86_64-linux-gnu.so
-- Set runtime path of "/home/ice/polaris-bot/ros2_ws/install/services/local/lib/python3.10/dist-packages/services/services_s__rosidl_typesupport_fastrtps_c.cpython-310-x86_64-linux-gnu.so" to ""
-- Installing: /home/ice/polaris-bot/ros2_ws/install/services/local/lib/python3.10/dist-packages/services/services_s__rosidl_typesupport_introspection_c.cpython-310-x86_64-linux-gnu.so
-- Set runtime path of "/home/ice/polaris-bot/ros2_ws/install/services/local/lib/python3.10/dist-packages/services/services_s__rosidl_typesupport_introspection_c.cpython-310-x86_64-linux-gnu.so" to ""
-- Installing: /home/ice/polaris-bot/ros2_ws/install/services/local/lib/python3.10/dist-packages/services/services_s__rosidl_typesupport_c.cpython-310-x86_64-linux-gnu.so
-- Set runtime path of "/home/ice/polaris-bot/ros2_ws/install/services/local/lib/python3.10/dist-packages/services/services_s__rosidl_typesupport_c.cpython-310-x86_64-linux-gnu.so" to ""
-- Installing: /home/ice/polaris-bot/ros2_ws/install/services/lib/libservices__rosidl_generator_py.so
-- Set runtime path of "/home/ice/polaris-bot/ros2_ws/install/services/lib/libservices__rosidl_generator_py.so" to ""
-- Installing: /home/ice/polaris-bot/ros2_ws/install/services/share/services/srv/TestService.idl
-- Installing: /home/ice/polaris-bot/ros2_ws/install/services/share/services/srv/TestService.srv
-- Installing: /home/ice/polaris-bot/ros2_ws/install/services/share/services/srv/TestService_Request.msg
-- Installing: /home/ice/polaris-bot/ros2_ws/install/services/share/services/srv/TestService_Response.msg
-- Installing: /home/ice/polaris-bot/ros2_ws/install/services/share/ament_index/resource_index/package_run_dependencies/services
-- Installing: /home/ice/polaris-bot/ros2_ws/install/services/share/ament_index/resource_index/parent_prefix_path/services
-- Installing: /home/ice/polaris-bot/ros2_ws/install/services/share/services/environment/ament_prefix_path.sh
-- Installing: /home/ice/polaris-bot/ros2_ws/install/services/share/services/environment/ament_prefix_path.dsv
-- Installing: /home/ice/polaris-bot/ros2_ws/install/services/share/services/environment/path.sh
-- Installing: /home/ice/polaris-bot/ros2_ws/install/services/share/services/environment/path.dsv
-- Installing: /home/ice/polaris-bot/ros2_ws/install/services/share/services/local_setup.bash
-- Installing: /home/ice/polaris-bot/ros2_ws/install/services/share/services/local_setup.sh
-- Installing: /home/ice/polaris-bot/ros2_ws/install/services/share/services/local_setup.zsh
-- Installing: /home/ice/polaris-bot/ros2_ws/install/services/share/services/local_setup.dsv
-- Installing: /home/ice/polaris-bot/ros2_ws/install/services/share/services/package.dsv
-- Installing: /home/ice/polaris-bot/ros2_ws/install/services/share/ament_index/resource_index/packages/services
-- Installing: /home/ice/polaris-bot/ros2_ws/install/services/share/services/cmake/export_services__rosidl_generator_cExport.cmake
-- Installing: /home/ice/polaris-bot/ros2_ws/install/services/share/services/cmake/export_services__rosidl_generator_cExport-noconfig.cmake
-- Installing: /home/ice/polaris-bot/ros2_ws/install/services/share/services/cmake/export_services__rosidl_typesupport_fastrtps_cExport.cmake
-- Installing: /home/ice/polaris-bot/ros2_ws/install/services/share/services/cmake/export_services__rosidl_typesupport_fastrtps_cExport-noconfig.cmake
-- Installing: /home/ice/polaris-bot/ros2_ws/install/services/share/services/cmake/services__rosidl_typesupport_introspection_cExport.cmake
-- Installing: /home/ice/polaris-bot/ros2_ws/install/services/share/services/cmake/services__rosidl_typesupport_introspection_cExport-noconfig.cmake
-- Installing: /home/ice/polaris-bot/ros2_ws/install/services/share/services/cmake/services__rosidl_typesupport_cExport.cmake
-- Installing: /home/ice/polaris-bot/ros2_ws/install/services/share/services/cmake/services__rosidl_typesupport_cExport-noconfig.cmake
-- Installing: /home/ice/polaris-bot/ros2_ws/install/services/share/services/cmake/export_services__rosidl_generator_cppExport.cmake
-- Installing: /home/ice/polaris-bot/ros2_ws/install/services/share/services/cmake/export_services__rosidl_typesupport_fastrtps_cppExport.cmake
-- Installing: /home/ice/polaris-bot/ros2_ws/install/services/share/services/cmake/export_services__rosidl_typesupport_fastrtps_cppExport-noconfig.cmake
-- Installing: /home/ice/polaris-bot/ros2_ws/install/services/share/services/cmake/services__rosidl_typesupport_introspection_cppExport.cmake
-- Installing: /home/ice/polaris-bot/ros2_ws/install/services/share/services/cmake/services__rosidl_typesupport_introspection_cppExport-noconfig.cmake
-- Installing: /home/ice/polaris-bot/ros2_ws/install/services/share/services/cmake/services__rosidl_typesupport_cppExport.cmake
-- Installing: /home/ice/polaris-bot/ros2_ws/install/services/share/services/cmake/services__rosidl_typesupport_cppExport-noconfig.cmake
-- Installing: /home/ice/polaris-bot/ros2_ws/install/services/share/services/cmake/export_services__rosidl_generator_pyExport.cmake
-- Installing: /home/ice/polaris-bot/ros2_ws/install/services/share/services/cmake/export_services__rosidl_generator_pyExport-noconfig.cmake
-- Installing: /home/ice/polaris-bot/ros2_ws/install/services/share/services/cmake/rosidl_cmake-extras.cmake
-- Installing: /home/ice/polaris-bot/ros2_ws/install/services/share/services/cmake/ament_cmake_export_include_directories-extras.cmake
-- Installing: /home/ice/polaris-bot/ros2_ws/install/services/share/services/cmake/ament_cmake_export_libraries-extras.cmake
-- Installing: /home/ice/polaris-bot/ros2_ws/install/services/share/services/cmake/ament_cmake_export_targets-extras.cmake
-- Installing: /home/ice/polaris-bot/ros2_ws/install/services/share/services/cmake/rosidl_cmake_export_typesupport_targets-extras.cmake
-- Installing: /home/ice/polaris-bot/ros2_ws/install/services/share/services/cmake/ament_cmake_export_dependencies-extras.cmake
-- Installing: /home/ice/polaris-bot/ros2_ws/install/services/share/services/cmake/rosidl_cmake_export_typesupport_libraries-extras.cmake
-- Installing: /home/ice/polaris-bot/ros2_ws/install/services/share/services/cmake/servicesConfig.cmake
-- Installing: /home/ice/polaris-bot/ros2_ws/install/services/share/services/cmake/servicesConfig-version.cmake
-- Installing: /home/ice/polaris-bot/ros2_ws/install/services/share/services/package.xml
