[0.321s] Invoking command in '/home/ice/microros_ws/firmware/mcu_ws/build/diagnostic_msgs': AMENT_PREFIX_PATH=/home/ice/microros_ws/firmware/mcu_ws/install:${AMENT_PREFIX_PATH} CMAKE_PREFIX_PATH=/home/ice/microros_ws/firmware/mcu_ws/install:/home/ice/microros_ws/firmware/dev_ws/install/ament_lint_common:/home/ice/microros_ws/firmware/dev_ws/install/ament_cmake_uncrustify:/home/ice/microros_ws/firmware/dev_ws/install/uncrustify_vendor:/home/ice/microros_ws/firmware/dev_ws/install/ament_cmake_ros:/home/ice/microros_ws/firmware/dev_ws/install/ament_cmake_auto:/home/ice/microros_ws/firmware/dev_ws/install/ament_cmake_gmock:/home/ice/microros_ws/firmware/dev_ws/install/gmock_vendor:/home/ice/microros_ws/firmware/dev_ws/install/ament_cmake_gtest:/home/ice/microros_ws/firmware/dev_ws/install/gtest_vendor:/home/ice/microros_ws/firmware/dev_ws/install/ament_cmake_xmllint:/home/ice/microros_ws/firmware/dev_ws/install/ament_cmake_pyflakes:/home/ice/microros_ws/firmware/dev_ws/install/ament_cmake_pycodestyle:/home/ice/microros_ws/firmware/dev_ws/install/ament_cmake_pep257:/home/ice/microros_ws/firmware/dev_ws/install/ament_cmake_pclint:/home/ice/microros_ws/firmware/dev_ws/install/ament_lint_auto:/home/ice/microros_ws/firmware/dev_ws/install/ament_cmake:/home/ice/microros_ws/firmware/dev_ws/install/ament_cmake_version:/home/ice/microros_ws/firmware/dev_ws/install/ament_cmake_vendor_package:/home/ice/microros_ws/firmware/dev_ws/install/ament_cmake_pytest:/home/ice/microros_ws/firmware/dev_ws/install/ament_cmake_nose:/home/ice/microros_ws/firmware/dev_ws/install/ament_cmake_mypy:/home/ice/microros_ws/firmware/dev_ws/install/ament_cmake_lint_cmake:/home/ice/microros_ws/firmware/dev_ws/install/ament_cmake_google_benchmark:/home/ice/microros_ws/firmware/dev_ws/install/ament_cmake_flake8:/home/ice/microros_ws/firmware/dev_ws/install/ament_cmake_cpplint:/home/ice/microros_ws/firmware/dev_ws/install/ament_cmake_cppcheck:/home/ice/microros_ws/firmware/dev_ws/install/ament_cmake_copyright:/home/ice/microros_ws/firmware/dev_ws/install/ament_cmake_clang_tidy:/home/ice/microros_ws/firmware/dev_ws/install/ament_cmake_clang_format:/home/ice/microros_ws/firmware/dev_ws/install/ament_cmake_test:/home/ice/microros_ws/firmware/dev_ws/install/ament_cmake_target_dependencies:/home/ice/microros_ws/firmware/dev_ws/install/ament_cmake_python:/home/ice/microros_ws/firmware/dev_ws/install/ament_cmake_export_dependencies:/home/ice/microros_ws/firmware/dev_ws/install/ament_cmake_libraries:/home/ice/microros_ws/firmware/dev_ws/install/ament_cmake_include_directories:/home/ice/microros_ws/firmware/dev_ws/install/ament_cmake_gen_version_h:/home/ice/microros_ws/firmware/dev_ws/install/ament_cmake_export_targets:/home/ice/microros_ws/firmware/dev_ws/install/ament_cmake_export_link_flags:/home/ice/microros_ws/firmware/dev_ws/install/ament_cmake_export_interfaces:/home/ice/microros_ws/firmware/dev_ws/install/ament_cmake_export_libraries:/home/ice/microros_ws/firmware/dev_ws/install/ament_cmake_export_include_directories:/home/ice/microros_ws/firmware/dev_ws/install/ament_cmake_export_definitions:/home/ice/microros_ws/firmware/dev_ws/install/ament_cmake_core:/home/ice/microros_ws/firmware/dev_ws/install/ament_index_cpp:/home/ice/microros_ws/firmware/dev_ws/install/ament_uncrustify:/home/ice/microros_ws/firmware/dev_ws/install/domain_coordinator:/home/ice/microros_ws/firmware/dev_ws/install/ament_xmllint:/home/ice/microros_ws/firmware/dev_ws/install/ament_pyflakes:/home/ice/microros_ws/firmware/dev_ws/install/ament_pycodestyle:/home/ice/microros_ws/firmware/dev_ws/install/ament_pep257:/home/ice/microros_ws/firmware/dev_ws/install/ament_pclint:/home/ice/microros_ws/firmware/dev_ws/install/ament_package:/home/ice/microros_ws/firmware/dev_ws/install/ament_mypy:/home/ice/microros_ws/firmware/dev_ws/install/ament_lint_cmake:/home/ice/microros_ws/firmware/dev_ws/install/ament_flake8:/home/ice/microros_ws/firmware/dev_ws/install/ament_copyright:/home/ice/microros_ws/firmware/dev_ws/install/ament_lint:/home/ice/microros_ws/firmware/dev_ws/install/ament_index_python:/home/ice/microros_ws/firmware/dev_ws/install/ament_cpplint:/home/ice/microros_ws/firmware/dev_ws/install/ament_cppcheck:/home/ice/microros_ws/firmware/dev_ws/install/ament_clang_tidy:/home/ice/microros_ws/firmware/dev_ws/install/ament_clang_format LD_LIBRARY_PATH=/home/ice/microros_ws/firmware/mcu_ws/install/lib:${LD_LIBRARY_PATH} PATH=/home/ice/microros_ws/firmware/mcu_ws/install/bin:${PATH} PYTHONPATH=/home/ice/microros_ws/firmware/mcu_ws/install/lib/python3.10/site-packages:${PYTHONPATH} /usr/bin/cmake --build /home/ice/microros_ws/firmware/mcu_ws/build/diagnostic_msgs -- -j2 -l2
[0.364s] gmake[4]: Entering directory '/home/ice/microros_ws/firmware/mcu_ws/build/diagnostic_msgs'
[0.364s] /usr/bin/cmake -S/home/ice/microros_ws/firmware/mcu_ws/ros2/common_interfaces/diagnostic_msgs -B/home/ice/microros_ws/firmware/mcu_ws/build/diagnostic_msgs --check-build-system CMakeFiles/Makefile.cmake 0
[0.385s] Re-run cmake file: Makefile older than: /home/ice/microros_ws/firmware/freertos_apps/microros_esp32_extensions/esp32_toolchain.cmake
[0.398s] -- Found ament_cmake: 1.3.7 (/home/ice/microros_ws/firmware/dev_ws/install/ament_cmake/share/ament_cmake/cmake)
[0.873s] -- Found rosidl_default_generators: 1.2.0 (/home/ice/microros_ws/firmware/mcu_ws/install/share/rosidl_default_generators/cmake)
[0.902s] -- Using all available rosidl_typesupport_c: rosidl_typesupport_introspection_c;rosidl_typesupport_microxrcedds_c
[0.908s] -- Found rosidl_adapter: 3.1.5 (/home/ice/microros_ws/firmware/mcu_ws/install/share/rosidl_adapter/cmake)
[0.930s] [33mCMake Warning at /home/ice/microros_ws/firmware/mcu_ws/install/share/rcutils/cmake/ament_cmake_export_libraries-extras.cmake:116 (message):
[0.930s]   Package 'rcutils' exports library 'dl' which couldn't be found
[0.930s] Call Stack (most recent call first):
[0.931s]   /home/ice/microros_ws/firmware/mcu_ws/install/share/rcutils/cmake/rcutilsConfig.cmake:41 (include)
[0.931s]   /home/ice/microros_ws/firmware/mcu_ws/install/share/rosidl_runtime_c/cmake/ament_cmake_export_dependencies-extras.cmake:21 (find_package)
[0.931s]   /home/ice/microros_ws/firmware/mcu_ws/install/share/rosidl_runtime_c/cmake/rosidl_runtime_cConfig.cmake:41 (include)
[0.931s]   /home/ice/microros_ws/firmware/mcu_ws/install/share/rosidl_typesupport_introspection_c/cmake/ament_cmake_export_dependencies-extras.cmake:21 (find_package)
[0.931s]   /home/ice/microros_ws/firmware/mcu_ws/install/share/rosidl_typesupport_introspection_c/cmake/rosidl_typesupport_introspection_cConfig.cmake:41 (include)
[0.931s]   /home/ice/microros_ws/firmware/mcu_ws/install/share/rosidl_typesupport_c/cmake/rosidl_typesupport_c-extras.cmake:13 (find_package)
[0.931s]   /home/ice/microros_ws/firmware/mcu_ws/install/share/rosidl_typesupport_c/cmake/rosidl_typesupport_cConfig.cmake:41 (include)
[0.931s]   /home/ice/microros_ws/firmware/mcu_ws/install/share/rosidl_default_generators/cmake/rosidl_default_generators-extras.cmake:21 (find_package)
[0.931s]   /home/ice/microros_ws/firmware/mcu_ws/install/share/rosidl_default_generators/cmake/rosidl_default_generatorsConfig.cmake:41 (include)
[0.931s]   CMakeLists.txt:14 (find_package)
[0.931s] 
[0.931s] [0m
[1.015s] -- Found std_msgs: 4.2.3 (/home/ice/microros_ws/firmware/mcu_ws/install/share/std_msgs/cmake)
[2.106s] -- Found ament_cmake_ros: 0.10.0 (/home/ice/microros_ws/firmware/dev_ws/install/ament_cmake_ros/share/ament_cmake_ros/cmake)
[2.441s] -- Using all available rosidl_typesupport_c: rosidl_typesupport_introspection_c;rosidl_typesupport_microxrcedds_c
[2.460s] -- Configuring done
[2.544s] -- Generating done
[2.550s] -- Build files have been written to: /home/ice/microros_ws/firmware/mcu_ws/build/diagnostic_msgs
[2.558s] /usr/bin/cmake -E cmake_progress_start /home/ice/microros_ws/firmware/mcu_ws/build/diagnostic_msgs/CMakeFiles /home/ice/microros_ws/firmware/mcu_ws/build/diagnostic_msgs//CMakeFiles/progress.marks
[2.596s] /usr/bin/gmake  -f CMakeFiles/Makefile2 all
[2.601s] gmake[5]: Entering directory '/home/ice/microros_ws/firmware/mcu_ws/build/diagnostic_msgs'
[2.602s] /usr/bin/gmake  -f CMakeFiles/diagnostic_msgs__rosidl_generator_c.dir/build.make CMakeFiles/diagnostic_msgs__rosidl_generator_c.dir/depend
[2.609s] gmake[6]: Entering directory '/home/ice/microros_ws/firmware/mcu_ws/build/diagnostic_msgs'
[2.610s] cd /home/ice/microros_ws/firmware/mcu_ws/build/diagnostic_msgs && /usr/bin/cmake -E cmake_depends "Unix Makefiles" /home/ice/microros_ws/firmware/mcu_ws/ros2/common_interfaces/diagnostic_msgs /home/ice/microros_ws/firmware/mcu_ws/ros2/common_interfaces/diagnostic_msgs /home/ice/microros_ws/firmware/mcu_ws/build/diagnostic_msgs /home/ice/microros_ws/firmware/mcu_ws/build/diagnostic_msgs /home/ice/microros_ws/firmware/mcu_ws/build/diagnostic_msgs/CMakeFiles/diagnostic_msgs__rosidl_generator_c.dir/DependInfo.cmake --color=
[2.642s] Dependencies file "CMakeFiles/diagnostic_msgs__rosidl_generator_c.dir/rosidl_generator_c/diagnostic_msgs/msg/detail/diagnostic_array__functions.c.obj.d" is newer than depends file "/home/ice/microros_ws/firmware/mcu_ws/build/diagnostic_msgs/CMakeFiles/diagnostic_msgs__rosidl_generator_c.dir/compiler_depend.internal".
[2.643s] Dependencies file "CMakeFiles/diagnostic_msgs__rosidl_generator_c.dir/rosidl_generator_c/diagnostic_msgs/msg/detail/diagnostic_status__functions.c.obj.d" is newer than depends file "/home/ice/microros_ws/firmware/mcu_ws/build/diagnostic_msgs/CMakeFiles/diagnostic_msgs__rosidl_generator_c.dir/compiler_depend.internal".
[2.643s] Dependencies file "CMakeFiles/diagnostic_msgs__rosidl_generator_c.dir/rosidl_generator_c/diagnostic_msgs/msg/detail/key_value__functions.c.obj.d" is newer than depends file "/home/ice/microros_ws/firmware/mcu_ws/build/diagnostic_msgs/CMakeFiles/diagnostic_msgs__rosidl_generator_c.dir/compiler_depend.internal".
[2.643s] Dependencies file "CMakeFiles/diagnostic_msgs__rosidl_generator_c.dir/rosidl_generator_c/diagnostic_msgs/srv/detail/add_diagnostics__functions.c.obj.d" is newer than depends file "/home/ice/microros_ws/firmware/mcu_ws/build/diagnostic_msgs/CMakeFiles/diagnostic_msgs__rosidl_generator_c.dir/compiler_depend.internal".
[2.644s] Dependencies file "CMakeFiles/diagnostic_msgs__rosidl_generator_c.dir/rosidl_generator_c/diagnostic_msgs/srv/detail/self_test__functions.c.obj.d" is newer than depends file "/home/ice/microros_ws/firmware/mcu_ws/build/diagnostic_msgs/CMakeFiles/diagnostic_msgs__rosidl_generator_c.dir/compiler_depend.internal".
[2.644s] [35m[1mConsolidate compiler generated dependencies of target diagnostic_msgs__rosidl_generator_c[0m
[2.653s] gmake[6]: Leaving directory '/home/ice/microros_ws/firmware/mcu_ws/build/diagnostic_msgs'
[2.653s] /usr/bin/gmake  -f CMakeFiles/diagnostic_msgs__rosidl_generator_c.dir/build.make CMakeFiles/diagnostic_msgs__rosidl_generator_c.dir/build
[2.661s] gmake[6]: Entering directory '/home/ice/microros_ws/firmware/mcu_ws/build/diagnostic_msgs'
[2.662s] gmake[6]: Nothing to be done for 'CMakeFiles/diagnostic_msgs__rosidl_generator_c.dir/build'.
[2.662s] gmake[6]: Leaving directory '/home/ice/microros_ws/firmware/mcu_ws/build/diagnostic_msgs'
[2.683s] [ 25%] Built target diagnostic_msgs__rosidl_generator_c
[2.689s] /usr/bin/gmake  -f CMakeFiles/diagnostic_msgs__rosidl_typesupport_c.dir/build.make CMakeFiles/diagnostic_msgs__rosidl_typesupport_c.dir/depend
[2.722s] gmake[6]: Entering directory '/home/ice/microros_ws/firmware/mcu_ws/build/diagnostic_msgs'
[2.722s] cd /home/ice/microros_ws/firmware/mcu_ws/build/diagnostic_msgs && /usr/bin/cmake -E cmake_depends "Unix Makefiles" /home/ice/microros_ws/firmware/mcu_ws/ros2/common_interfaces/diagnostic_msgs /home/ice/microros_ws/firmware/mcu_ws/ros2/common_interfaces/diagnostic_msgs /home/ice/microros_ws/firmware/mcu_ws/build/diagnostic_msgs /home/ice/microros_ws/firmware/mcu_ws/build/diagnostic_msgs /home/ice/microros_ws/firmware/mcu_ws/build/diagnostic_msgs/CMakeFiles/diagnostic_msgs__rosidl_typesupport_c.dir/DependInfo.cmake --color=
[2.741s] Dependencies file "CMakeFiles/diagnostic_msgs__rosidl_typesupport_c.dir/rosidl_typesupport_c/diagnostic_msgs/msg/diagnostic_array__type_support.cpp.obj.d" is newer than depends file "/home/ice/microros_ws/firmware/mcu_ws/build/diagnostic_msgs/CMakeFiles/diagnostic_msgs__rosidl_typesupport_c.dir/compiler_depend.internal".
[2.742s] Dependencies file "CMakeFiles/diagnostic_msgs__rosidl_typesupport_c.dir/rosidl_typesupport_c/diagnostic_msgs/msg/diagnostic_status__type_support.cpp.obj.d" is newer than depends file "/home/ice/microros_ws/firmware/mcu_ws/build/diagnostic_msgs/CMakeFiles/diagnostic_msgs__rosidl_typesupport_c.dir/compiler_depend.internal".
[2.742s] Dependencies file "CMakeFiles/diagnostic_msgs__rosidl_typesupport_c.dir/rosidl_typesupport_c/diagnostic_msgs/msg/key_value__type_support.cpp.obj.d" is newer than depends file "/home/ice/microros_ws/firmware/mcu_ws/build/diagnostic_msgs/CMakeFiles/diagnostic_msgs__rosidl_typesupport_c.dir/compiler_depend.internal".
[2.742s] Dependencies file "CMakeFiles/diagnostic_msgs__rosidl_typesupport_c.dir/rosidl_typesupport_c/diagnostic_msgs/srv/add_diagnostics__type_support.cpp.obj.d" is newer than depends file "/home/ice/microros_ws/firmware/mcu_ws/build/diagnostic_msgs/CMakeFiles/diagnostic_msgs__rosidl_typesupport_c.dir/compiler_depend.internal".
[2.742s] Dependencies file "CMakeFiles/diagnostic_msgs__rosidl_typesupport_c.dir/rosidl_typesupport_c/diagnostic_msgs/srv/self_test__type_support.cpp.obj.d" is newer than depends file "/home/ice/microros_ws/firmware/mcu_ws/build/diagnostic_msgs/CMakeFiles/diagnostic_msgs__rosidl_typesupport_c.dir/compiler_depend.internal".
[2.742s] [35m[1mConsolidate compiler generated dependencies of target diagnostic_msgs__rosidl_typesupport_c[0m
[2.747s] gmake[6]: Leaving directory '/home/ice/microros_ws/firmware/mcu_ws/build/diagnostic_msgs'
[2.747s] /usr/bin/gmake  -f CMakeFiles/diagnostic_msgs__rosidl_typesupport_c.dir/build.make CMakeFiles/diagnostic_msgs__rosidl_typesupport_c.dir/build
[2.753s] gmake[6]: Entering directory '/home/ice/microros_ws/firmware/mcu_ws/build/diagnostic_msgs'
[2.753s] gmake[6]: Nothing to be done for 'CMakeFiles/diagnostic_msgs__rosidl_typesupport_c.dir/build'.
[2.753s] gmake[6]: Leaving directory '/home/ice/microros_ws/firmware/mcu_ws/build/diagnostic_msgs'
[2.775s] [ 50%] Built target diagnostic_msgs__rosidl_typesupport_c
[2.775s] /usr/bin/gmake  -f CMakeFiles/diagnostic_msgs__rosidl_typesupport_microxrcedds_c.dir/build.make CMakeFiles/diagnostic_msgs__rosidl_typesupport_microxrcedds_c.dir/depend
[2.788s] gmake[6]: Entering directory '/home/ice/microros_ws/firmware/mcu_ws/build/diagnostic_msgs'
[2.789s] cd /home/ice/microros_ws/firmware/mcu_ws/build/diagnostic_msgs && /usr/bin/cmake -E cmake_depends "Unix Makefiles" /home/ice/microros_ws/firmware/mcu_ws/ros2/common_interfaces/diagnostic_msgs /home/ice/microros_ws/firmware/mcu_ws/ros2/common_interfaces/diagnostic_msgs /home/ice/microros_ws/firmware/mcu_ws/build/diagnostic_msgs /home/ice/microros_ws/firmware/mcu_ws/build/diagnostic_msgs /home/ice/microros_ws/firmware/mcu_ws/build/diagnostic_msgs/CMakeFiles/diagnostic_msgs__rosidl_typesupport_microxrcedds_c.dir/DependInfo.cmake --color=
[2.826s] Dependencies file "CMakeFiles/diagnostic_msgs__rosidl_typesupport_microxrcedds_c.dir/rosidl_typesupport_microxrcedds_c/diagnostic_msgs/msg/detail/microxrcedds/diagnostic_array__type_support_c.c.obj.d" is newer than depends file "/home/ice/microros_ws/firmware/mcu_ws/build/diagnostic_msgs/CMakeFiles/diagnostic_msgs__rosidl_typesupport_microxrcedds_c.dir/compiler_depend.internal".
[2.826s] Dependencies file "CMakeFiles/diagnostic_msgs__rosidl_typesupport_microxrcedds_c.dir/rosidl_typesupport_microxrcedds_c/diagnostic_msgs/msg/detail/microxrcedds/diagnostic_status__type_support_c.c.obj.d" is newer than depends file "/home/ice/microros_ws/firmware/mcu_ws/build/diagnostic_msgs/CMakeFiles/diagnostic_msgs__rosidl_typesupport_microxrcedds_c.dir/compiler_depend.internal".
[2.827s] Dependencies file "CMakeFiles/diagnostic_msgs__rosidl_typesupport_microxrcedds_c.dir/rosidl_typesupport_microxrcedds_c/diagnostic_msgs/msg/detail/microxrcedds/key_value__type_support_c.c.obj.d" is newer than depends file "/home/ice/microros_ws/firmware/mcu_ws/build/diagnostic_msgs/CMakeFiles/diagnostic_msgs__rosidl_typesupport_microxrcedds_c.dir/compiler_depend.internal".
[2.827s] Dependencies file "CMakeFiles/diagnostic_msgs__rosidl_typesupport_microxrcedds_c.dir/rosidl_typesupport_microxrcedds_c/diagnostic_msgs/srv/detail/microxrcedds/add_diagnostics__type_support_c.c.obj.d" is newer than depends file "/home/ice/microros_ws/firmware/mcu_ws/build/diagnostic_msgs/CMakeFiles/diagnostic_msgs__rosidl_typesupport_microxrcedds_c.dir/compiler_depend.internal".
[2.828s] Dependencies file "CMakeFiles/diagnostic_msgs__rosidl_typesupport_microxrcedds_c.dir/rosidl_typesupport_microxrcedds_c/diagnostic_msgs/srv/detail/microxrcedds/self_test__type_support_c.c.obj.d" is newer than depends file "/home/ice/microros_ws/firmware/mcu_ws/build/diagnostic_msgs/CMakeFiles/diagnostic_msgs__rosidl_typesupport_microxrcedds_c.dir/compiler_depend.internal".
[2.828s] [35m[1mConsolidate compiler generated dependencies of target diagnostic_msgs__rosidl_typesupport_microxrcedds_c[0m
[2.838s] gmake[6]: Leaving directory '/home/ice/microros_ws/firmware/mcu_ws/build/diagnostic_msgs'
[2.839s] /usr/bin/gmake  -f CMakeFiles/diagnostic_msgs__rosidl_typesupport_microxrcedds_c.dir/build.make CMakeFiles/diagnostic_msgs__rosidl_typesupport_microxrcedds_c.dir/build
[2.848s] gmake[6]: Entering directory '/home/ice/microros_ws/firmware/mcu_ws/build/diagnostic_msgs'
[2.848s] gmake[6]: Nothing to be done for 'CMakeFiles/diagnostic_msgs__rosidl_typesupport_microxrcedds_c.dir/build'.
[2.849s] gmake[6]: Leaving directory '/home/ice/microros_ws/firmware/mcu_ws/build/diagnostic_msgs'
[2.870s] [ 75%] Built target diagnostic_msgs__rosidl_typesupport_microxrcedds_c
[2.873s] /usr/bin/gmake  -f CMakeFiles/diagnostic_msgs__rosidl_typesupport_introspection_c.dir/build.make CMakeFiles/diagnostic_msgs__rosidl_typesupport_introspection_c.dir/depend
[2.880s] gmake[6]: Entering directory '/home/ice/microros_ws/firmware/mcu_ws/build/diagnostic_msgs'
[2.880s] cd /home/ice/microros_ws/firmware/mcu_ws/build/diagnostic_msgs && /usr/bin/cmake -E cmake_depends "Unix Makefiles" /home/ice/microros_ws/firmware/mcu_ws/ros2/common_interfaces/diagnostic_msgs /home/ice/microros_ws/firmware/mcu_ws/ros2/common_interfaces/diagnostic_msgs /home/ice/microros_ws/firmware/mcu_ws/build/diagnostic_msgs /home/ice/microros_ws/firmware/mcu_ws/build/diagnostic_msgs /home/ice/microros_ws/firmware/mcu_ws/build/diagnostic_msgs/CMakeFiles/diagnostic_msgs__rosidl_typesupport_introspection_c.dir/DependInfo.cmake --color=
[2.914s] Dependencies file "CMakeFiles/diagnostic_msgs__rosidl_typesupport_introspection_c.dir/rosidl_typesupport_introspection_c/diagnostic_msgs/msg/detail/diagnostic_array__type_support.c.obj.d" is newer than depends file "/home/ice/microros_ws/firmware/mcu_ws/build/diagnostic_msgs/CMakeFiles/diagnostic_msgs__rosidl_typesupport_introspection_c.dir/compiler_depend.internal".
[2.915s] Dependencies file "CMakeFiles/diagnostic_msgs__rosidl_typesupport_introspection_c.dir/rosidl_typesupport_introspection_c/diagnostic_msgs/msg/detail/diagnostic_status__type_support.c.obj.d" is newer than depends file "/home/ice/microros_ws/firmware/mcu_ws/build/diagnostic_msgs/CMakeFiles/diagnostic_msgs__rosidl_typesupport_introspection_c.dir/compiler_depend.internal".
[2.916s] Dependencies file "CMakeFiles/diagnostic_msgs__rosidl_typesupport_introspection_c.dir/rosidl_typesupport_introspection_c/diagnostic_msgs/msg/detail/key_value__type_support.c.obj.d" is newer than depends file "/home/ice/microros_ws/firmware/mcu_ws/build/diagnostic_msgs/CMakeFiles/diagnostic_msgs__rosidl_typesupport_introspection_c.dir/compiler_depend.internal".
[2.918s] Dependencies file "CMakeFiles/diagnostic_msgs__rosidl_typesupport_introspection_c.dir/rosidl_typesupport_introspection_c/diagnostic_msgs/srv/detail/add_diagnostics__type_support.c.obj.d" is newer than depends file "/home/ice/microros_ws/firmware/mcu_ws/build/diagnostic_msgs/CMakeFiles/diagnostic_msgs__rosidl_typesupport_introspection_c.dir/compiler_depend.internal".
[2.919s] Dependencies file "CMakeFiles/diagnostic_msgs__rosidl_typesupport_introspection_c.dir/rosidl_typesupport_introspection_c/diagnostic_msgs/srv/detail/self_test__type_support.c.obj.d" is newer than depends file "/home/ice/microros_ws/firmware/mcu_ws/build/diagnostic_msgs/CMakeFiles/diagnostic_msgs__rosidl_typesupport_introspection_c.dir/compiler_depend.internal".
[2.921s] [35m[1mConsolidate compiler generated dependencies of target diagnostic_msgs__rosidl_typesupport_introspection_c[0m
[2.927s] gmake[6]: Leaving directory '/home/ice/microros_ws/firmware/mcu_ws/build/diagnostic_msgs'
[2.928s] /usr/bin/gmake  -f CMakeFiles/diagnostic_msgs__rosidl_typesupport_introspection_c.dir/build.make CMakeFiles/diagnostic_msgs__rosidl_typesupport_introspection_c.dir/build
[2.936s] gmake[6]: Entering directory '/home/ice/microros_ws/firmware/mcu_ws/build/diagnostic_msgs'
[2.936s] gmake[6]: Nothing to be done for 'CMakeFiles/diagnostic_msgs__rosidl_typesupport_introspection_c.dir/build'.
[2.936s] gmake[6]: Leaving directory '/home/ice/microros_ws/firmware/mcu_ws/build/diagnostic_msgs'
[2.954s] [100%] Built target diagnostic_msgs__rosidl_typesupport_introspection_c
[2.958s] /usr/bin/gmake  -f CMakeFiles/diagnostic_msgs.dir/build.make CMakeFiles/diagnostic_msgs.dir/depend
[2.962s] gmake[6]: Entering directory '/home/ice/microros_ws/firmware/mcu_ws/build/diagnostic_msgs'
[2.963s] cd /home/ice/microros_ws/firmware/mcu_ws/build/diagnostic_msgs && /usr/bin/cmake -E cmake_depends "Unix Makefiles" /home/ice/microros_ws/firmware/mcu_ws/ros2/common_interfaces/diagnostic_msgs /home/ice/microros_ws/firmware/mcu_ws/ros2/common_interfaces/diagnostic_msgs /home/ice/microros_ws/firmware/mcu_ws/build/diagnostic_msgs /home/ice/microros_ws/firmware/mcu_ws/build/diagnostic_msgs /home/ice/microros_ws/firmware/mcu_ws/build/diagnostic_msgs/CMakeFiles/diagnostic_msgs.dir/DependInfo.cmake --color=
[2.981s] gmake[6]: Leaving directory '/home/ice/microros_ws/firmware/mcu_ws/build/diagnostic_msgs'
[2.982s] /usr/bin/gmake  -f CMakeFiles/diagnostic_msgs.dir/build.make CMakeFiles/diagnostic_msgs.dir/build
[2.986s] gmake[6]: Entering directory '/home/ice/microros_ws/firmware/mcu_ws/build/diagnostic_msgs'
[2.986s] gmake[6]: Nothing to be done for 'CMakeFiles/diagnostic_msgs.dir/build'.
[2.986s] gmake[6]: Leaving directory '/home/ice/microros_ws/firmware/mcu_ws/build/diagnostic_msgs'
[3.012s] [100%] Built target diagnostic_msgs
[3.014s] gmake[5]: Leaving directory '/home/ice/microros_ws/firmware/mcu_ws/build/diagnostic_msgs'
[3.014s] /usr/bin/cmake -E cmake_progress_start /home/ice/microros_ws/firmware/mcu_ws/build/diagnostic_msgs/CMakeFiles 0
[3.032s] gmake[4]: Leaving directory '/home/ice/microros_ws/firmware/mcu_ws/build/diagnostic_msgs'
[3.042s] Invoked command in '/home/ice/microros_ws/firmware/mcu_ws/build/diagnostic_msgs' returned '0': AMENT_PREFIX_PATH=/home/ice/microros_ws/firmware/mcu_ws/install:${AMENT_PREFIX_PATH} CMAKE_PREFIX_PATH=/home/ice/microros_ws/firmware/mcu_ws/install:/home/ice/microros_ws/firmware/dev_ws/install/ament_lint_common:/home/ice/microros_ws/firmware/dev_ws/install/ament_cmake_uncrustify:/home/ice/microros_ws/firmware/dev_ws/install/uncrustify_vendor:/home/ice/microros_ws/firmware/dev_ws/install/ament_cmake_ros:/home/ice/microros_ws/firmware/dev_ws/install/ament_cmake_auto:/home/ice/microros_ws/firmware/dev_ws/install/ament_cmake_gmock:/home/ice/microros_ws/firmware/dev_ws/install/gmock_vendor:/home/ice/microros_ws/firmware/dev_ws/install/ament_cmake_gtest:/home/ice/microros_ws/firmware/dev_ws/install/gtest_vendor:/home/ice/microros_ws/firmware/dev_ws/install/ament_cmake_xmllint:/home/ice/microros_ws/firmware/dev_ws/install/ament_cmake_pyflakes:/home/ice/microros_ws/firmware/dev_ws/install/ament_cmake_pycodestyle:/home/ice/microros_ws/firmware/dev_ws/install/ament_cmake_pep257:/home/ice/microros_ws/firmware/dev_ws/install/ament_cmake_pclint:/home/ice/microros_ws/firmware/dev_ws/install/ament_lint_auto:/home/ice/microros_ws/firmware/dev_ws/install/ament_cmake:/home/ice/microros_ws/firmware/dev_ws/install/ament_cmake_version:/home/ice/microros_ws/firmware/dev_ws/install/ament_cmake_vendor_package:/home/ice/microros_ws/firmware/dev_ws/install/ament_cmake_pytest:/home/ice/microros_ws/firmware/dev_ws/install/ament_cmake_nose:/home/ice/microros_ws/firmware/dev_ws/install/ament_cmake_mypy:/home/ice/microros_ws/firmware/dev_ws/install/ament_cmake_lint_cmake:/home/ice/microros_ws/firmware/dev_ws/install/ament_cmake_google_benchmark:/home/ice/microros_ws/firmware/dev_ws/install/ament_cmake_flake8:/home/ice/microros_ws/firmware/dev_ws/install/ament_cmake_cpplint:/home/ice/microros_ws/firmware/dev_ws/install/ament_cmake_cppcheck:/home/ice/microros_ws/firmware/dev_ws/install/ament_cmake_copyright:/home/ice/microros_ws/firmware/dev_ws/install/ament_cmake_clang_tidy:/home/ice/microros_ws/firmware/dev_ws/install/ament_cmake_clang_format:/home/ice/microros_ws/firmware/dev_ws/install/ament_cmake_test:/home/ice/microros_ws/firmware/dev_ws/install/ament_cmake_target_dependencies:/home/ice/microros_ws/firmware/dev_ws/install/ament_cmake_python:/home/ice/microros_ws/firmware/dev_ws/install/ament_cmake_export_dependencies:/home/ice/microros_ws/firmware/dev_ws/install/ament_cmake_libraries:/home/ice/microros_ws/firmware/dev_ws/install/ament_cmake_include_directories:/home/ice/microros_ws/firmware/dev_ws/install/ament_cmake_gen_version_h:/home/ice/microros_ws/firmware/dev_ws/install/ament_cmake_export_targets:/home/ice/microros_ws/firmware/dev_ws/install/ament_cmake_export_link_flags:/home/ice/microros_ws/firmware/dev_ws/install/ament_cmake_export_interfaces:/home/ice/microros_ws/firmware/dev_ws/install/ament_cmake_export_libraries:/home/ice/microros_ws/firmware/dev_ws/install/ament_cmake_export_include_directories:/home/ice/microros_ws/firmware/dev_ws/install/ament_cmake_export_definitions:/home/ice/microros_ws/firmware/dev_ws/install/ament_cmake_core:/home/ice/microros_ws/firmware/dev_ws/install/ament_index_cpp:/home/ice/microros_ws/firmware/dev_ws/install/ament_uncrustify:/home/ice/microros_ws/firmware/dev_ws/install/domain_coordinator:/home/ice/microros_ws/firmware/dev_ws/install/ament_xmllint:/home/ice/microros_ws/firmware/dev_ws/install/ament_pyflakes:/home/ice/microros_ws/firmware/dev_ws/install/ament_pycodestyle:/home/ice/microros_ws/firmware/dev_ws/install/ament_pep257:/home/ice/microros_ws/firmware/dev_ws/install/ament_pclint:/home/ice/microros_ws/firmware/dev_ws/install/ament_package:/home/ice/microros_ws/firmware/dev_ws/install/ament_mypy:/home/ice/microros_ws/firmware/dev_ws/install/ament_lint_cmake:/home/ice/microros_ws/firmware/dev_ws/install/ament_flake8:/home/ice/microros_ws/firmware/dev_ws/install/ament_copyright:/home/ice/microros_ws/firmware/dev_ws/install/ament_lint:/home/ice/microros_ws/firmware/dev_ws/install/ament_index_python:/home/ice/microros_ws/firmware/dev_ws/install/ament_cpplint:/home/ice/microros_ws/firmware/dev_ws/install/ament_cppcheck:/home/ice/microros_ws/firmware/dev_ws/install/ament_clang_tidy:/home/ice/microros_ws/firmware/dev_ws/install/ament_clang_format LD_LIBRARY_PATH=/home/ice/microros_ws/firmware/mcu_ws/install/lib:${LD_LIBRARY_PATH} PATH=/home/ice/microros_ws/firmware/mcu_ws/install/bin:${PATH} PYTHONPATH=/home/ice/microros_ws/firmware/mcu_ws/install/lib/python3.10/site-packages:${PYTHONPATH} /usr/bin/cmake --build /home/ice/microros_ws/firmware/mcu_ws/build/diagnostic_msgs -- -j2 -l2
[3.410s] Invoking command in '/home/ice/microros_ws/firmware/mcu_ws/build/diagnostic_msgs': AMENT_PREFIX_PATH=/home/ice/microros_ws/firmware/mcu_ws/install:${AMENT_PREFIX_PATH} CMAKE_PREFIX_PATH=/home/ice/microros_ws/firmware/mcu_ws/install:/home/ice/microros_ws/firmware/dev_ws/install/ament_lint_common:/home/ice/microros_ws/firmware/dev_ws/install/ament_cmake_uncrustify:/home/ice/microros_ws/firmware/dev_ws/install/uncrustify_vendor:/home/ice/microros_ws/firmware/dev_ws/install/ament_cmake_ros:/home/ice/microros_ws/firmware/dev_ws/install/ament_cmake_auto:/home/ice/microros_ws/firmware/dev_ws/install/ament_cmake_gmock:/home/ice/microros_ws/firmware/dev_ws/install/gmock_vendor:/home/ice/microros_ws/firmware/dev_ws/install/ament_cmake_gtest:/home/ice/microros_ws/firmware/dev_ws/install/gtest_vendor:/home/ice/microros_ws/firmware/dev_ws/install/ament_cmake_xmllint:/home/ice/microros_ws/firmware/dev_ws/install/ament_cmake_pyflakes:/home/ice/microros_ws/firmware/dev_ws/install/ament_cmake_pycodestyle:/home/ice/microros_ws/firmware/dev_ws/install/ament_cmake_pep257:/home/ice/microros_ws/firmware/dev_ws/install/ament_cmake_pclint:/home/ice/microros_ws/firmware/dev_ws/install/ament_lint_auto:/home/ice/microros_ws/firmware/dev_ws/install/ament_cmake:/home/ice/microros_ws/firmware/dev_ws/install/ament_cmake_version:/home/ice/microros_ws/firmware/dev_ws/install/ament_cmake_vendor_package:/home/ice/microros_ws/firmware/dev_ws/install/ament_cmake_pytest:/home/ice/microros_ws/firmware/dev_ws/install/ament_cmake_nose:/home/ice/microros_ws/firmware/dev_ws/install/ament_cmake_mypy:/home/ice/microros_ws/firmware/dev_ws/install/ament_cmake_lint_cmake:/home/ice/microros_ws/firmware/dev_ws/install/ament_cmake_google_benchmark:/home/ice/microros_ws/firmware/dev_ws/install/ament_cmake_flake8:/home/ice/microros_ws/firmware/dev_ws/install/ament_cmake_cpplint:/home/ice/microros_ws/firmware/dev_ws/install/ament_cmake_cppcheck:/home/ice/microros_ws/firmware/dev_ws/install/ament_cmake_copyright:/home/ice/microros_ws/firmware/dev_ws/install/ament_cmake_clang_tidy:/home/ice/microros_ws/firmware/dev_ws/install/ament_cmake_clang_format:/home/ice/microros_ws/firmware/dev_ws/install/ament_cmake_test:/home/ice/microros_ws/firmware/dev_ws/install/ament_cmake_target_dependencies:/home/ice/microros_ws/firmware/dev_ws/install/ament_cmake_python:/home/ice/microros_ws/firmware/dev_ws/install/ament_cmake_export_dependencies:/home/ice/microros_ws/firmware/dev_ws/install/ament_cmake_libraries:/home/ice/microros_ws/firmware/dev_ws/install/ament_cmake_include_directories:/home/ice/microros_ws/firmware/dev_ws/install/ament_cmake_gen_version_h:/home/ice/microros_ws/firmware/dev_ws/install/ament_cmake_export_targets:/home/ice/microros_ws/firmware/dev_ws/install/ament_cmake_export_link_flags:/home/ice/microros_ws/firmware/dev_ws/install/ament_cmake_export_interfaces:/home/ice/microros_ws/firmware/dev_ws/install/ament_cmake_export_libraries:/home/ice/microros_ws/firmware/dev_ws/install/ament_cmake_export_include_directories:/home/ice/microros_ws/firmware/dev_ws/install/ament_cmake_export_definitions:/home/ice/microros_ws/firmware/dev_ws/install/ament_cmake_core:/home/ice/microros_ws/firmware/dev_ws/install/ament_index_cpp:/home/ice/microros_ws/firmware/dev_ws/install/ament_uncrustify:/home/ice/microros_ws/firmware/dev_ws/install/domain_coordinator:/home/ice/microros_ws/firmware/dev_ws/install/ament_xmllint:/home/ice/microros_ws/firmware/dev_ws/install/ament_pyflakes:/home/ice/microros_ws/firmware/dev_ws/install/ament_pycodestyle:/home/ice/microros_ws/firmware/dev_ws/install/ament_pep257:/home/ice/microros_ws/firmware/dev_ws/install/ament_pclint:/home/ice/microros_ws/firmware/dev_ws/install/ament_package:/home/ice/microros_ws/firmware/dev_ws/install/ament_mypy:/home/ice/microros_ws/firmware/dev_ws/install/ament_lint_cmake:/home/ice/microros_ws/firmware/dev_ws/install/ament_flake8:/home/ice/microros_ws/firmware/dev_ws/install/ament_copyright:/home/ice/microros_ws/firmware/dev_ws/install/ament_lint:/home/ice/microros_ws/firmware/dev_ws/install/ament_index_python:/home/ice/microros_ws/firmware/dev_ws/install/ament_cpplint:/home/ice/microros_ws/firmware/dev_ws/install/ament_cppcheck:/home/ice/microros_ws/firmware/dev_ws/install/ament_clang_tidy:/home/ice/microros_ws/firmware/dev_ws/install/ament_clang_format LD_LIBRARY_PATH=/home/ice/microros_ws/firmware/mcu_ws/install/lib:${LD_LIBRARY_PATH} PATH=/home/ice/microros_ws/firmware/mcu_ws/install/bin:${PATH} PYTHONPATH=/home/ice/microros_ws/firmware/mcu_ws/install/lib/python3.10/site-packages:${PYTHONPATH} /usr/bin/cmake --install /home/ice/microros_ws/firmware/mcu_ws/build/diagnostic_msgs
[3.435s] -- Install configuration: "Debug"
[3.435s] -- Up-to-date: /home/ice/microros_ws/firmware/mcu_ws/install/share/ament_index/resource_index/rosidl_interfaces/diagnostic_msgs
[3.436s] -- Up-to-date: /home/ice/microros_ws/firmware/mcu_ws/install/include/diagnostic_msgs/diagnostic_msgs
[3.436s] -- Up-to-date: /home/ice/microros_ws/firmware/mcu_ws/install/include/diagnostic_msgs/diagnostic_msgs/srv
[3.436s] -- Up-to-date: /home/ice/microros_ws/firmware/mcu_ws/install/include/diagnostic_msgs/diagnostic_msgs/srv/detail
[3.437s] -- Up-to-date: /home/ice/microros_ws/firmware/mcu_ws/install/include/diagnostic_msgs/diagnostic_msgs/srv/detail/self_test__functions.h
[3.437s] -- Up-to-date: /home/ice/microros_ws/firmware/mcu_ws/install/include/diagnostic_msgs/diagnostic_msgs/srv/detail/add_diagnostics__struct.h
[3.438s] -- Up-to-date: /home/ice/microros_ws/firmware/mcu_ws/install/include/diagnostic_msgs/diagnostic_msgs/srv/detail/self_test__struct.h
[3.440s] -- Up-to-date: /home/ice/microros_ws/firmware/mcu_ws/install/include/diagnostic_msgs/diagnostic_msgs/srv/detail/add_diagnostics__type_support.h
[3.440s] -- Up-to-date: /home/ice/microros_ws/firmware/mcu_ws/install/include/diagnostic_msgs/diagnostic_msgs/srv/detail/add_diagnostics__functions.h
[3.440s] -- Up-to-date: /home/ice/microros_ws/firmware/mcu_ws/install/include/diagnostic_msgs/diagnostic_msgs/srv/detail/add_diagnostics__functions.c
[3.440s] -- Up-to-date: /home/ice/microros_ws/firmware/mcu_ws/install/include/diagnostic_msgs/diagnostic_msgs/srv/detail/self_test__type_support.h
[3.440s] -- Up-to-date: /home/ice/microros_ws/firmware/mcu_ws/install/include/diagnostic_msgs/diagnostic_msgs/srv/detail/self_test__functions.c
[3.440s] -- Up-to-date: /home/ice/microros_ws/firmware/mcu_ws/install/include/diagnostic_msgs/diagnostic_msgs/srv/add_diagnostics.h
[3.441s] -- Up-to-date: /home/ice/microros_ws/firmware/mcu_ws/install/include/diagnostic_msgs/diagnostic_msgs/srv/self_test.h
[3.441s] -- Up-to-date: /home/ice/microros_ws/firmware/mcu_ws/install/include/diagnostic_msgs/diagnostic_msgs/msg
[3.441s] -- Up-to-date: /home/ice/microros_ws/firmware/mcu_ws/install/include/diagnostic_msgs/diagnostic_msgs/msg/detail
[3.441s] -- Up-to-date: /home/ice/microros_ws/firmware/mcu_ws/install/include/diagnostic_msgs/diagnostic_msgs/msg/detail/key_value__functions.c
[3.441s] -- Up-to-date: /home/ice/microros_ws/firmware/mcu_ws/install/include/diagnostic_msgs/diagnostic_msgs/msg/detail/diagnostic_array__struct.h
[3.441s] -- Up-to-date: /home/ice/microros_ws/firmware/mcu_ws/install/include/diagnostic_msgs/diagnostic_msgs/msg/detail/diagnostic_status__functions.c
[3.441s] -- Up-to-date: /home/ice/microros_ws/firmware/mcu_ws/install/include/diagnostic_msgs/diagnostic_msgs/msg/detail/diagnostic_array__type_support.h
[3.441s] -- Up-to-date: /home/ice/microros_ws/firmware/mcu_ws/install/include/diagnostic_msgs/diagnostic_msgs/msg/detail/key_value__type_support.h
[3.441s] -- Up-to-date: /home/ice/microros_ws/firmware/mcu_ws/install/include/diagnostic_msgs/diagnostic_msgs/msg/detail/diagnostic_array__functions.h
[3.442s] -- Up-to-date: /home/ice/microros_ws/firmware/mcu_ws/install/include/diagnostic_msgs/diagnostic_msgs/msg/detail/diagnostic_status__struct.h
[3.442s] -- Up-to-date: /home/ice/microros_ws/firmware/mcu_ws/install/include/diagnostic_msgs/diagnostic_msgs/msg/detail/diagnostic_array__functions.c
[3.442s] -- Up-to-date: /home/ice/microros_ws/firmware/mcu_ws/install/include/diagnostic_msgs/diagnostic_msgs/msg/detail/key_value__struct.h
[3.442s] -- Up-to-date: /home/ice/microros_ws/firmware/mcu_ws/install/include/diagnostic_msgs/diagnostic_msgs/msg/detail/diagnostic_status__type_support.h
[3.442s] -- Up-to-date: /home/ice/microros_ws/firmware/mcu_ws/install/include/diagnostic_msgs/diagnostic_msgs/msg/detail/key_value__functions.h
[3.442s] -- Up-to-date: /home/ice/microros_ws/firmware/mcu_ws/install/include/diagnostic_msgs/diagnostic_msgs/msg/detail/diagnostic_status__functions.h
[3.444s] -- Up-to-date: /home/ice/microros_ws/firmware/mcu_ws/install/include/diagnostic_msgs/diagnostic_msgs/msg/diagnostic_array.h
[3.444s] -- Up-to-date: /home/ice/microros_ws/firmware/mcu_ws/install/include/diagnostic_msgs/diagnostic_msgs/msg/key_value.h
[3.444s] -- Up-to-date: /home/ice/microros_ws/firmware/mcu_ws/install/include/diagnostic_msgs/diagnostic_msgs/msg/rosidl_generator_c__visibility_control.h
[3.445s] -- Up-to-date: /home/ice/microros_ws/firmware/mcu_ws/install/include/diagnostic_msgs/diagnostic_msgs/msg/diagnostic_status.h
[3.445s] -- Up-to-date: /home/ice/microros_ws/firmware/mcu_ws/install/share/diagnostic_msgs/environment/library_path.sh
[3.446s] -- Installing: /home/ice/microros_ws/firmware/mcu_ws/install/share/diagnostic_msgs/environment/library_path.dsv
[3.447s] -- Up-to-date: /home/ice/microros_ws/firmware/mcu_ws/install/lib/libdiagnostic_msgs__rosidl_generator_c.a
[3.448s] -- Up-to-date: /home/ice/microros_ws/firmware/mcu_ws/install/include/diagnostic_msgs/diagnostic_msgs
[3.448s] -- Up-to-date: /home/ice/microros_ws/firmware/mcu_ws/install/include/diagnostic_msgs/diagnostic_msgs/srv
[3.449s] -- Up-to-date: /home/ice/microros_ws/firmware/mcu_ws/install/include/diagnostic_msgs/diagnostic_msgs/srv/detail
[3.450s] -- Up-to-date: /home/ice/microros_ws/firmware/mcu_ws/install/include/diagnostic_msgs/diagnostic_msgs/srv/detail/add_diagnostics__rosidl_typesupport_introspection_c.h
[3.450s] -- Up-to-date: /home/ice/microros_ws/firmware/mcu_ws/install/include/diagnostic_msgs/diagnostic_msgs/srv/detail/self_test__type_support.c
[3.450s] -- Up-to-date: /home/ice/microros_ws/firmware/mcu_ws/install/include/diagnostic_msgs/diagnostic_msgs/srv/detail/self_test__rosidl_typesupport_introspection_c.h
[3.451s] -- Up-to-date: /home/ice/microros_ws/firmware/mcu_ws/install/include/diagnostic_msgs/diagnostic_msgs/srv/detail/add_diagnostics__type_support.c
[3.451s] -- Up-to-date: /home/ice/microros_ws/firmware/mcu_ws/install/include/diagnostic_msgs/diagnostic_msgs/msg
[3.451s] -- Up-to-date: /home/ice/microros_ws/firmware/mcu_ws/install/include/diagnostic_msgs/diagnostic_msgs/msg/detail
[3.453s] -- Up-to-date: /home/ice/microros_ws/firmware/mcu_ws/install/include/diagnostic_msgs/diagnostic_msgs/msg/detail/key_value__rosidl_typesupport_introspection_c.h
[3.453s] -- Up-to-date: /home/ice/microros_ws/firmware/mcu_ws/install/include/diagnostic_msgs/diagnostic_msgs/msg/detail/diagnostic_status__type_support.c
[3.454s] -- Up-to-date: /home/ice/microros_ws/firmware/mcu_ws/install/include/diagnostic_msgs/diagnostic_msgs/msg/detail/diagnostic_array__rosidl_typesupport_introspection_c.h
[3.454s] -- Up-to-date: /home/ice/microros_ws/firmware/mcu_ws/install/include/diagnostic_msgs/diagnostic_msgs/msg/detail/key_value__type_support.c
[3.454s] -- Up-to-date: /home/ice/microros_ws/firmware/mcu_ws/install/include/diagnostic_msgs/diagnostic_msgs/msg/detail/diagnostic_array__type_support.c
[3.455s] -- Up-to-date: /home/ice/microros_ws/firmware/mcu_ws/install/include/diagnostic_msgs/diagnostic_msgs/msg/detail/diagnostic_status__rosidl_typesupport_introspection_c.h
[3.456s] -- Up-to-date: /home/ice/microros_ws/firmware/mcu_ws/install/include/diagnostic_msgs/diagnostic_msgs/msg/rosidl_typesupport_introspection_c__visibility_control.h
[3.457s] -- Up-to-date: /home/ice/microros_ws/firmware/mcu_ws/install/lib/libdiagnostic_msgs__rosidl_typesupport_introspection_c.a
[3.457s] -- Up-to-date: /home/ice/microros_ws/firmware/mcu_ws/install/include/diagnostic_msgs
[3.458s] -- Up-to-date: /home/ice/microros_ws/firmware/mcu_ws/install/include/diagnostic_msgs/srv
[3.458s] -- Up-to-date: /home/ice/microros_ws/firmware/mcu_ws/install/include/diagnostic_msgs/srv/detail
[3.458s] -- Up-to-date: /home/ice/microros_ws/firmware/mcu_ws/install/include/diagnostic_msgs/srv/detail/add_diagnostics__rosidl_typesupport_microxrcedds_c.h
[3.458s] -- Up-to-date: /home/ice/microros_ws/firmware/mcu_ws/install/include/diagnostic_msgs/srv/detail/self_test__rosidl_typesupport_microxrcedds_c.h
[3.461s] -- Up-to-date: /home/ice/microros_ws/firmware/mcu_ws/install/include/diagnostic_msgs/srv/detail/microxrcedds
[3.461s] -- Up-to-date: /home/ice/microros_ws/firmware/mcu_ws/install/include/diagnostic_msgs/msg
[3.462s] -- Up-to-date: /home/ice/microros_ws/firmware/mcu_ws/install/include/diagnostic_msgs/msg/detail
[3.463s] -- Up-to-date: /home/ice/microros_ws/firmware/mcu_ws/install/include/diagnostic_msgs/msg/detail/microxrcedds
[3.464s] -- Up-to-date: /home/ice/microros_ws/firmware/mcu_ws/install/include/diagnostic_msgs/msg/detail/diagnostic_status__rosidl_typesupport_microxrcedds_c.h
[3.464s] -- Up-to-date: /home/ice/microros_ws/firmware/mcu_ws/install/include/diagnostic_msgs/msg/detail/key_value__rosidl_typesupport_microxrcedds_c.h
[3.466s] -- Up-to-date: /home/ice/microros_ws/firmware/mcu_ws/install/include/diagnostic_msgs/msg/detail/diagnostic_array__rosidl_typesupport_microxrcedds_c.h
[3.466s] -- Up-to-date: /home/ice/microros_ws/firmware/mcu_ws/install/include/diagnostic_msgs/msg/rosidl_typesupport_microxrcedds_c__visibility_control.h
[3.468s] -- Up-to-date: /home/ice/microros_ws/firmware/mcu_ws/install/lib/libdiagnostic_msgs__rosidl_typesupport_microxrcedds_c.a
[3.469s] -- Up-to-date: /home/ice/microros_ws/firmware/mcu_ws/install/lib/libdiagnostic_msgs__rosidl_typesupport_c.a
[3.470s] -- Up-to-date: /home/ice/microros_ws/firmware/mcu_ws/install/share/diagnostic_msgs/msg/DiagnosticArray.idl
[3.470s] -- Up-to-date: /home/ice/microros_ws/firmware/mcu_ws/install/share/diagnostic_msgs/msg/DiagnosticStatus.idl
[3.470s] -- Up-to-date: /home/ice/microros_ws/firmware/mcu_ws/install/share/diagnostic_msgs/msg/KeyValue.idl
[3.471s] -- Up-to-date: /home/ice/microros_ws/firmware/mcu_ws/install/share/diagnostic_msgs/srv/AddDiagnostics.idl
[3.477s] -- Up-to-date: /home/ice/microros_ws/firmware/mcu_ws/install/share/diagnostic_msgs/srv/SelfTest.idl
[3.477s] -- Up-to-date: /home/ice/microros_ws/firmware/mcu_ws/install/share/diagnostic_msgs/msg/DiagnosticArray.msg
[3.477s] -- Up-to-date: /home/ice/microros_ws/firmware/mcu_ws/install/share/diagnostic_msgs/msg/DiagnosticStatus.msg
[3.477s] -- Up-to-date: /home/ice/microros_ws/firmware/mcu_ws/install/share/diagnostic_msgs/msg/KeyValue.msg
[3.477s] -- Up-to-date: /home/ice/microros_ws/firmware/mcu_ws/install/share/diagnostic_msgs/srv/AddDiagnostics.srv
[3.477s] -- Up-to-date: /home/ice/microros_ws/firmware/mcu_ws/install/share/diagnostic_msgs/srv/AddDiagnostics_Request.msg
[3.477s] -- Up-to-date: /home/ice/microros_ws/firmware/mcu_ws/install/share/diagnostic_msgs/srv/AddDiagnostics_Response.msg
[3.477s] -- Up-to-date: /home/ice/microros_ws/firmware/mcu_ws/install/share/diagnostic_msgs/srv/SelfTest.srv
[3.477s] -- Up-to-date: /home/ice/microros_ws/firmware/mcu_ws/install/share/diagnostic_msgs/srv/SelfTest_Request.msg
[3.478s] -- Up-to-date: /home/ice/microros_ws/firmware/mcu_ws/install/share/diagnostic_msgs/srv/SelfTest_Response.msg
[3.478s] -- Up-to-date: /home/ice/microros_ws/firmware/mcu_ws/install/share/ament_index/resource_index/package_run_dependencies/diagnostic_msgs
[3.478s] -- Up-to-date: /home/ice/microros_ws/firmware/mcu_ws/install/share/ament_index/resource_index/parent_prefix_path/diagnostic_msgs
[3.478s] -- Up-to-date: /home/ice/microros_ws/firmware/mcu_ws/install/share/diagnostic_msgs/environment/ament_prefix_path.sh
[3.478s] -- Installing: /home/ice/microros_ws/firmware/mcu_ws/install/share/diagnostic_msgs/environment/ament_prefix_path.dsv
[3.478s] -- Up-to-date: /home/ice/microros_ws/firmware/mcu_ws/install/share/diagnostic_msgs/environment/path.sh
[3.478s] -- Installing: /home/ice/microros_ws/firmware/mcu_ws/install/share/diagnostic_msgs/environment/path.dsv
[3.479s] -- Up-to-date: /home/ice/microros_ws/firmware/mcu_ws/install/share/diagnostic_msgs/local_setup.bash
[3.479s] -- Up-to-date: /home/ice/microros_ws/firmware/mcu_ws/install/share/diagnostic_msgs/local_setup.sh
[3.479s] -- Up-to-date: /home/ice/microros_ws/firmware/mcu_ws/install/share/diagnostic_msgs/local_setup.zsh
[3.479s] -- Installing: /home/ice/microros_ws/firmware/mcu_ws/install/share/diagnostic_msgs/local_setup.dsv
[3.479s] -- Installing: /home/ice/microros_ws/firmware/mcu_ws/install/share/diagnostic_msgs/package.dsv
[3.479s] -- Up-to-date: /home/ice/microros_ws/firmware/mcu_ws/install/share/ament_index/resource_index/packages/diagnostic_msgs
[3.482s] -- Up-to-date: /home/ice/microros_ws/firmware/mcu_ws/install/share/diagnostic_msgs/cmake/export_diagnostic_msgs__rosidl_generator_cExport.cmake
[3.482s] -- Up-to-date: /home/ice/microros_ws/firmware/mcu_ws/install/share/diagnostic_msgs/cmake/export_diagnostic_msgs__rosidl_generator_cExport-debug.cmake
[3.482s] -- Up-to-date: /home/ice/microros_ws/firmware/mcu_ws/install/share/diagnostic_msgs/cmake/diagnostic_msgs__rosidl_typesupport_introspection_cExport.cmake
[3.482s] -- Up-to-date: /home/ice/microros_ws/firmware/mcu_ws/install/share/diagnostic_msgs/cmake/diagnostic_msgs__rosidl_typesupport_introspection_cExport-debug.cmake
[3.484s] -- Up-to-date: /home/ice/microros_ws/firmware/mcu_ws/install/share/diagnostic_msgs/cmake/diagnostic_msgs__rosidl_typesupport_cExport.cmake
[3.484s] -- Up-to-date: /home/ice/microros_ws/firmware/mcu_ws/install/share/diagnostic_msgs/cmake/diagnostic_msgs__rosidl_typesupport_cExport-debug.cmake
[3.485s] -- Up-to-date: /home/ice/microros_ws/firmware/mcu_ws/install/share/diagnostic_msgs/cmake/rosidl_cmake-extras.cmake
[3.486s] -- Up-to-date: /home/ice/microros_ws/firmware/mcu_ws/install/share/diagnostic_msgs/cmake/ament_cmake_export_dependencies-extras.cmake
[3.487s] -- Up-to-date: /home/ice/microros_ws/firmware/mcu_ws/install/share/diagnostic_msgs/cmake/ament_cmake_export_include_directories-extras.cmake
[3.488s] -- Up-to-date: /home/ice/microros_ws/firmware/mcu_ws/install/share/diagnostic_msgs/cmake/ament_cmake_export_libraries-extras.cmake
[3.489s] -- Up-to-date: /home/ice/microros_ws/firmware/mcu_ws/install/share/diagnostic_msgs/cmake/ament_cmake_export_targets-extras.cmake
[3.489s] -- Up-to-date: /home/ice/microros_ws/firmware/mcu_ws/install/share/diagnostic_msgs/cmake/rosidl_cmake_export_typesupport_targets-extras.cmake
[3.492s] -- Up-to-date: /home/ice/microros_ws/firmware/mcu_ws/install/share/diagnostic_msgs/cmake/rosidl_cmake_export_typesupport_libraries-extras.cmake
[3.492s] -- Up-to-date: /home/ice/microros_ws/firmware/mcu_ws/install/share/diagnostic_msgs/cmake/diagnostic_msgsConfig.cmake
[3.492s] -- Up-to-date: /home/ice/microros_ws/firmware/mcu_ws/install/share/diagnostic_msgs/cmake/diagnostic_msgsConfig-version.cmake
[3.493s] -- Up-to-date: /home/ice/microros_ws/firmware/mcu_ws/install/share/diagnostic_msgs/package.xml
[3.516s] Invoked command in '/home/ice/microros_ws/firmware/mcu_ws/build/diagnostic_msgs' returned '0': AMENT_PREFIX_PATH=/home/ice/microros_ws/firmware/mcu_ws/install:${AMENT_PREFIX_PATH} CMAKE_PREFIX_PATH=/home/ice/microros_ws/firmware/mcu_ws/install:/home/ice/microros_ws/firmware/dev_ws/install/ament_lint_common:/home/ice/microros_ws/firmware/dev_ws/install/ament_cmake_uncrustify:/home/ice/microros_ws/firmware/dev_ws/install/uncrustify_vendor:/home/ice/microros_ws/firmware/dev_ws/install/ament_cmake_ros:/home/ice/microros_ws/firmware/dev_ws/install/ament_cmake_auto:/home/ice/microros_ws/firmware/dev_ws/install/ament_cmake_gmock:/home/ice/microros_ws/firmware/dev_ws/install/gmock_vendor:/home/ice/microros_ws/firmware/dev_ws/install/ament_cmake_gtest:/home/ice/microros_ws/firmware/dev_ws/install/gtest_vendor:/home/ice/microros_ws/firmware/dev_ws/install/ament_cmake_xmllint:/home/ice/microros_ws/firmware/dev_ws/install/ament_cmake_pyflakes:/home/ice/microros_ws/firmware/dev_ws/install/ament_cmake_pycodestyle:/home/ice/microros_ws/firmware/dev_ws/install/ament_cmake_pep257:/home/ice/microros_ws/firmware/dev_ws/install/ament_cmake_pclint:/home/ice/microros_ws/firmware/dev_ws/install/ament_lint_auto:/home/ice/microros_ws/firmware/dev_ws/install/ament_cmake:/home/ice/microros_ws/firmware/dev_ws/install/ament_cmake_version:/home/ice/microros_ws/firmware/dev_ws/install/ament_cmake_vendor_package:/home/ice/microros_ws/firmware/dev_ws/install/ament_cmake_pytest:/home/ice/microros_ws/firmware/dev_ws/install/ament_cmake_nose:/home/ice/microros_ws/firmware/dev_ws/install/ament_cmake_mypy:/home/ice/microros_ws/firmware/dev_ws/install/ament_cmake_lint_cmake:/home/ice/microros_ws/firmware/dev_ws/install/ament_cmake_google_benchmark:/home/ice/microros_ws/firmware/dev_ws/install/ament_cmake_flake8:/home/ice/microros_ws/firmware/dev_ws/install/ament_cmake_cpplint:/home/ice/microros_ws/firmware/dev_ws/install/ament_cmake_cppcheck:/home/ice/microros_ws/firmware/dev_ws/install/ament_cmake_copyright:/home/ice/microros_ws/firmware/dev_ws/install/ament_cmake_clang_tidy:/home/ice/microros_ws/firmware/dev_ws/install/ament_cmake_clang_format:/home/ice/microros_ws/firmware/dev_ws/install/ament_cmake_test:/home/ice/microros_ws/firmware/dev_ws/install/ament_cmake_target_dependencies:/home/ice/microros_ws/firmware/dev_ws/install/ament_cmake_python:/home/ice/microros_ws/firmware/dev_ws/install/ament_cmake_export_dependencies:/home/ice/microros_ws/firmware/dev_ws/install/ament_cmake_libraries:/home/ice/microros_ws/firmware/dev_ws/install/ament_cmake_include_directories:/home/ice/microros_ws/firmware/dev_ws/install/ament_cmake_gen_version_h:/home/ice/microros_ws/firmware/dev_ws/install/ament_cmake_export_targets:/home/ice/microros_ws/firmware/dev_ws/install/ament_cmake_export_link_flags:/home/ice/microros_ws/firmware/dev_ws/install/ament_cmake_export_interfaces:/home/ice/microros_ws/firmware/dev_ws/install/ament_cmake_export_libraries:/home/ice/microros_ws/firmware/dev_ws/install/ament_cmake_export_include_directories:/home/ice/microros_ws/firmware/dev_ws/install/ament_cmake_export_definitions:/home/ice/microros_ws/firmware/dev_ws/install/ament_cmake_core:/home/ice/microros_ws/firmware/dev_ws/install/ament_index_cpp:/home/ice/microros_ws/firmware/dev_ws/install/ament_uncrustify:/home/ice/microros_ws/firmware/dev_ws/install/domain_coordinator:/home/ice/microros_ws/firmware/dev_ws/install/ament_xmllint:/home/ice/microros_ws/firmware/dev_ws/install/ament_pyflakes:/home/ice/microros_ws/firmware/dev_ws/install/ament_pycodestyle:/home/ice/microros_ws/firmware/dev_ws/install/ament_pep257:/home/ice/microros_ws/firmware/dev_ws/install/ament_pclint:/home/ice/microros_ws/firmware/dev_ws/install/ament_package:/home/ice/microros_ws/firmware/dev_ws/install/ament_mypy:/home/ice/microros_ws/firmware/dev_ws/install/ament_lint_cmake:/home/ice/microros_ws/firmware/dev_ws/install/ament_flake8:/home/ice/microros_ws/firmware/dev_ws/install/ament_copyright:/home/ice/microros_ws/firmware/dev_ws/install/ament_lint:/home/ice/microros_ws/firmware/dev_ws/install/ament_index_python:/home/ice/microros_ws/firmware/dev_ws/install/ament_cpplint:/home/ice/microros_ws/firmware/dev_ws/install/ament_cppcheck:/home/ice/microros_ws/firmware/dev_ws/install/ament_clang_tidy:/home/ice/microros_ws/firmware/dev_ws/install/ament_clang_format LD_LIBRARY_PATH=/home/ice/microros_ws/firmware/mcu_ws/install/lib:${LD_LIBRARY_PATH} PATH=/home/ice/microros_ws/firmware/mcu_ws/install/bin:${PATH} PYTHONPATH=/home/ice/microros_ws/firmware/mcu_ws/install/lib/python3.10/site-packages:${PYTHONPATH} /usr/bin/cmake --install /home/ice/microros_ws/firmware/mcu_ws/build/diagnostic_msgs
