[0.384s] Invoking command in '/home/ice/polaris-bot/ros2_ws/build/messages': CMAKE_PREFIX_PATH=/opt/ros/humble /usr/bin/cmake /home/ice/polaris-bot/ros2_ws/src/messages -DCMAKE_INSTALL_PREFIX=/home/ice/polaris-bot/ros2_ws/install/messages
[0.782s] -- The C compiler identification is GNU 11.4.0
[1.015s] -- The CXX compiler identification is GNU 11.4.0
[1.076s] -- Detecting C compiler ABI info
[1.440s] -- Detecting C compiler ABI info - done
[1.459s] -- Check for working C compiler: /usr/bin/cc - skipped
[1.476s] -- Detecting C compile features
[1.476s] -- Detecting C compile features - done
[1.490s] -- Detecting CXX compiler ABI info
[1.898s] -- Detecting CXX compiler ABI info - done
[1.944s] -- Check for working CXX compiler: /usr/bin/c++ - skipped
[1.946s] -- Detecting CXX compile features
[1.954s] -- Detecting CXX compile features - done
[1.980s] -- Found ament_cmake: 1.3.7 (/opt/ros/humble/share/ament_cmake/cmake)
[2.665s] -- Found Python3: /usr/bin/python3.10 (found version "3.10.12") found components: Interpreter 
[3.108s] -- Found rosidl_default_generators: 1.2.0 (/opt/ros/humble/share/rosidl_default_generators/cmake)
[3.123s] -- Using all available rosidl_typesupport_c: rosidl_typesupport_fastrtps_c;rosidl_typesupport_introspection_c
[3.162s] -- Found rosidl_adapter: 3.1.5 (/opt/ros/humble/share/rosidl_adapter/cmake)
[3.328s] -- Using all available rosidl_typesupport_cpp: rosidl_typesupport_fastrtps_cpp;rosidl_typesupport_introspection_cpp
[4.347s] -- Configuring incomplete, errors occurred!
[4.348s] See also "/home/ice/polaris-bot/ros2_ws/build/messages/CMakeFiles/CMakeOutput.log".
[4.348s] [31mCMake Error at /opt/ros/humble/share/rosidl_adapter/cmake/rosidl_adapt_interfaces.cmake:59 (message):
[4.348s]   execute_process(/usr/bin/python3.10 -m rosidl_adapter --package-name
[4.348s]   messages --arguments-file
[4.348s]   /home/ice/polaris-bot/ros2_ws/build/messages/rosidl_adapter__arguments__messages.json
[4.348s]   --output-dir
[4.348s]   /home/ice/polaris-bot/ros2_ws/build/messages/rosidl_adapter/messages
[4.348s]   --output-file
[4.349s]   /home/ice/polaris-bot/ros2_ws/build/messages/rosidl_adapter/messages.idls)
[4.349s]   returned error code 1:
[4.351s] 
[4.351s]   Error processing 'double right_motor_speed' of 'messages/MotorRobotSpeed':
[4.352s]   ''double' is an invalid message name.  It should have the pattern
[4.352s]   '^[A-Z][A-Za-z0-9]*$''
[4.353s] 
[4.353s]   Traceback (most recent call last):
[4.353s] 
[4.353s]     File "/usr/lib/python3.10/runpy.py", line 196, in _run_module_as_main
[4.354s]       return _run_code(code, main_globals, None,
[4.354s]     File "/usr/lib/python3.10/runpy.py", line 86, in _run_code
[4.354s]       exec(code, run_globals)
[4.354s]     File "/opt/ros/humble/local/lib/python3.10/dist-packages/rosidl_adapter/__main__.py", line 19, in <module>
[4.355s]       sys.exit(main())
[4.355s]     File "/opt/ros/humble/local/lib/python3.10/dist-packages/rosidl_adapter/main.py", line 53, in main
[4.356s]       abs_idl_file = convert_to_idl(
[4.356s]     File "/opt/ros/humble/local/lib/python3.10/dist-packages/rosidl_adapter/__init__.py", line 19, in convert_to_idl
[4.356s]       return convert_msg_to_idl(
[4.356s]     File "/opt/ros/humble/local/lib/python3.10/dist-packages/rosidl_adapter/msg/__init__.py", line 28, in convert_msg_to_idl
[4.356s]       msg = parse_message_string(package_name, input_file.stem, content)
[4.356s]     File "/opt/ros/humble/local/lib/python3.10/dist-packages/rosidl_adapter/parser.py", line 520, in parse_message_string
[4.356s]       Type(type_string, context_package_name=pkg_name),
[4.356s]     File "/opt/ros/humble/local/lib/python3.10/dist-packages/rosidl_adapter/parser.py", line 277, in __init__
[4.357s]       super(Type, self).__init__(
[4.357s]     File "/opt/ros/humble/local/lib/python3.10/dist-packages/rosidl_adapter/parser.py", line 205, in __init__
[4.357s]       raise InvalidResourceName(
[4.357s] 
[4.357s]   rosidl_adapter.parser.InvalidResourceName: 'double' is an invalid message
[4.357s]   name.  It should have the pattern '^[A-Z][A-Za-z0-9]*$'
[4.357s] 
[4.358s] Call Stack (most recent call first):
[4.358s]   /opt/ros/humble/share/rosidl_cmake/cmake/rosidl_generate_interfaces.cmake:130 (rosidl_adapt_interfaces)
[4.358s]   CMakeLists.txt:12 (rosidl_generate_interfaces)
[4.358s] 
[4.358s] [0m
[4.760s] Invoked command in '/home/ice/polaris-bot/ros2_ws/build/messages' returned '1': CMAKE_PREFIX_PATH=/opt/ros/humble /usr/bin/cmake /home/ice/polaris-bot/ros2_ws/src/messages -DCMAKE_INSTALL_PREFIX=/home/ice/polaris-bot/ros2_ws/install/messages
