[0.372s] Invoking command in '/home/ice/microros_ws/firmware/mcu_ws/build/lifecycle_msgs': AMENT_PREFIX_PATH=/home/ice/microros_ws/firmware/mcu_ws/install:${AMENT_PREFIX_PATH} CMAKE_PREFIX_PATH=/home/ice/microros_ws/firmware/mcu_ws/install:/home/ice/microros_ws/firmware/dev_ws/install/ament_lint_common:/home/ice/microros_ws/firmware/dev_ws/install/ament_cmake_uncrustify:/home/ice/microros_ws/firmware/dev_ws/install/uncrustify_vendor:/home/ice/microros_ws/firmware/dev_ws/install/ament_cmake_ros:/home/ice/microros_ws/firmware/dev_ws/install/ament_cmake_auto:/home/ice/microros_ws/firmware/dev_ws/install/ament_cmake_gmock:/home/ice/microros_ws/firmware/dev_ws/install/gmock_vendor:/home/ice/microros_ws/firmware/dev_ws/install/ament_cmake_gtest:/home/ice/microros_ws/firmware/dev_ws/install/gtest_vendor:/home/ice/microros_ws/firmware/dev_ws/install/ament_cmake_xmllint:/home/ice/microros_ws/firmware/dev_ws/install/ament_cmake_pyflakes:/home/ice/microros_ws/firmware/dev_ws/install/ament_cmake_pycodestyle:/home/ice/microros_ws/firmware/dev_ws/install/ament_cmake_pep257:/home/ice/microros_ws/firmware/dev_ws/install/ament_cmake_pclint:/home/ice/microros_ws/firmware/dev_ws/install/ament_lint_auto:/home/ice/microros_ws/firmware/dev_ws/install/ament_cmake:/home/ice/microros_ws/firmware/dev_ws/install/ament_cmake_version:/home/ice/microros_ws/firmware/dev_ws/install/ament_cmake_vendor_package:/home/ice/microros_ws/firmware/dev_ws/install/ament_cmake_pytest:/home/ice/microros_ws/firmware/dev_ws/install/ament_cmake_nose:/home/ice/microros_ws/firmware/dev_ws/install/ament_cmake_mypy:/home/ice/microros_ws/firmware/dev_ws/install/ament_cmake_lint_cmake:/home/ice/microros_ws/firmware/dev_ws/install/ament_cmake_google_benchmark:/home/ice/microros_ws/firmware/dev_ws/install/ament_cmake_flake8:/home/ice/microros_ws/firmware/dev_ws/install/ament_cmake_cpplint:/home/ice/microros_ws/firmware/dev_ws/install/ament_cmake_cppcheck:/home/ice/microros_ws/firmware/dev_ws/install/ament_cmake_copyright:/home/ice/microros_ws/firmware/dev_ws/install/ament_cmake_clang_tidy:/home/ice/microros_ws/firmware/dev_ws/install/ament_cmake_clang_format:/home/ice/microros_ws/firmware/dev_ws/install/ament_cmake_test:/home/ice/microros_ws/firmware/dev_ws/install/ament_cmake_target_dependencies:/home/ice/microros_ws/firmware/dev_ws/install/ament_cmake_python:/home/ice/microros_ws/firmware/dev_ws/install/ament_cmake_export_dependencies:/home/ice/microros_ws/firmware/dev_ws/install/ament_cmake_libraries:/home/ice/microros_ws/firmware/dev_ws/install/ament_cmake_include_directories:/home/ice/microros_ws/firmware/dev_ws/install/ament_cmake_gen_version_h:/home/ice/microros_ws/firmware/dev_ws/install/ament_cmake_export_targets:/home/ice/microros_ws/firmware/dev_ws/install/ament_cmake_export_link_flags:/home/ice/microros_ws/firmware/dev_ws/install/ament_cmake_export_interfaces:/home/ice/microros_ws/firmware/dev_ws/install/ament_cmake_export_libraries:/home/ice/microros_ws/firmware/dev_ws/install/ament_cmake_export_include_directories:/home/ice/microros_ws/firmware/dev_ws/install/ament_cmake_export_definitions:/home/ice/microros_ws/firmware/dev_ws/install/ament_cmake_core:/home/ice/microros_ws/firmware/dev_ws/install/ament_index_cpp:/home/ice/microros_ws/firmware/dev_ws/install/ament_uncrustify:/home/ice/microros_ws/firmware/dev_ws/install/domain_coordinator:/home/ice/microros_ws/firmware/dev_ws/install/ament_xmllint:/home/ice/microros_ws/firmware/dev_ws/install/ament_pyflakes:/home/ice/microros_ws/firmware/dev_ws/install/ament_pycodestyle:/home/ice/microros_ws/firmware/dev_ws/install/ament_pep257:/home/ice/microros_ws/firmware/dev_ws/install/ament_pclint:/home/ice/microros_ws/firmware/dev_ws/install/ament_package:/home/ice/microros_ws/firmware/dev_ws/install/ament_mypy:/home/ice/microros_ws/firmware/dev_ws/install/ament_lint_cmake:/home/ice/microros_ws/firmware/dev_ws/install/ament_flake8:/home/ice/microros_ws/firmware/dev_ws/install/ament_copyright:/home/ice/microros_ws/firmware/dev_ws/install/ament_lint:/home/ice/microros_ws/firmware/dev_ws/install/ament_index_python:/home/ice/microros_ws/firmware/dev_ws/install/ament_cpplint:/home/ice/microros_ws/firmware/dev_ws/install/ament_cppcheck:/home/ice/microros_ws/firmware/dev_ws/install/ament_clang_tidy:/home/ice/microros_ws/firmware/dev_ws/install/ament_clang_format LD_LIBRARY_PATH=/home/ice/microros_ws/firmware/mcu_ws/install/lib:${LD_LIBRARY_PATH} PATH=/home/ice/microros_ws/firmware/mcu_ws/install/bin:${PATH} PYTHONPATH=/home/ice/microros_ws/firmware/mcu_ws/install/lib/python3.10/site-packages:${PYTHONPATH} /usr/bin/cmake --build /home/ice/microros_ws/firmware/mcu_ws/build/lifecycle_msgs -- -j2 -l2
[0.464s] gmake[4]: Entering directory '/home/ice/microros_ws/firmware/mcu_ws/build/lifecycle_msgs'
[0.464s] /usr/bin/cmake -S/home/ice/microros_ws/firmware/mcu_ws/ros2/rcl_interfaces/lifecycle_msgs -B/home/ice/microros_ws/firmware/mcu_ws/build/lifecycle_msgs --check-build-system CMakeFiles/Makefile.cmake 0
[0.484s] Re-run cmake file: Makefile older than: /home/ice/microros_ws/firmware/freertos_apps/microros_esp32_extensions/esp32_toolchain.cmake
[0.493s] -- Found ament_cmake: 1.3.7 (/home/ice/microros_ws/firmware/dev_ws/install/ament_cmake/share/ament_cmake/cmake)
[0.919s] -- Found rosidl_default_generators: 1.2.0 (/home/ice/microros_ws/firmware/mcu_ws/install/share/rosidl_default_generators/cmake)
[0.939s] -- Using all available rosidl_typesupport_c: rosidl_typesupport_introspection_c;rosidl_typesupport_microxrcedds_c
[0.947s] -- Found rosidl_adapter: 3.1.5 (/home/ice/microros_ws/firmware/mcu_ws/install/share/rosidl_adapter/cmake)
[0.968s] [33mCMake Warning at /home/ice/microros_ws/firmware/mcu_ws/install/share/rcutils/cmake/ament_cmake_export_libraries-extras.cmake:116 (message):
[0.968s]   Package 'rcutils' exports library 'dl' which couldn't be found
[0.968s] Call Stack (most recent call first):
[0.968s]   /home/ice/microros_ws/firmware/mcu_ws/install/share/rcutils/cmake/rcutilsConfig.cmake:41 (include)
[0.968s]   /home/ice/microros_ws/firmware/mcu_ws/install/share/rosidl_runtime_c/cmake/ament_cmake_export_dependencies-extras.cmake:21 (find_package)
[0.968s]   /home/ice/microros_ws/firmware/mcu_ws/install/share/rosidl_runtime_c/cmake/rosidl_runtime_cConfig.cmake:41 (include)
[0.968s]   /home/ice/microros_ws/firmware/mcu_ws/install/share/rosidl_typesupport_introspection_c/cmake/ament_cmake_export_dependencies-extras.cmake:21 (find_package)
[0.969s]   /home/ice/microros_ws/firmware/mcu_ws/install/share/rosidl_typesupport_introspection_c/cmake/rosidl_typesupport_introspection_cConfig.cmake:41 (include)
[0.969s]   /home/ice/microros_ws/firmware/mcu_ws/install/share/rosidl_typesupport_c/cmake/rosidl_typesupport_c-extras.cmake:13 (find_package)
[0.969s]   /home/ice/microros_ws/firmware/mcu_ws/install/share/rosidl_typesupport_c/cmake/rosidl_typesupport_cConfig.cmake:41 (include)
[0.969s]   /home/ice/microros_ws/firmware/mcu_ws/install/share/rosidl_default_generators/cmake/rosidl_default_generators-extras.cmake:21 (find_package)
[0.969s]   /home/ice/microros_ws/firmware/mcu_ws/install/share/rosidl_default_generators/cmake/rosidl_default_generatorsConfig.cmake:41 (include)
[0.969s]   CMakeLists.txt:14 (find_package)
[0.969s] 
[0.969s] [0m
[1.927s] -- Found ament_cmake_ros: 0.10.0 (/home/ice/microros_ws/firmware/dev_ws/install/ament_cmake_ros/share/ament_cmake_ros/cmake)
[2.266s] -- Using all available rosidl_typesupport_c: rosidl_typesupport_introspection_c;rosidl_typesupport_microxrcedds_c
[2.289s] -- Configuring done
[2.367s] -- Generating done
[2.372s] -- Build files have been written to: /home/ice/microros_ws/firmware/mcu_ws/build/lifecycle_msgs
[2.381s] /usr/bin/cmake -E cmake_progress_start /home/ice/microros_ws/firmware/mcu_ws/build/lifecycle_msgs/CMakeFiles /home/ice/microros_ws/firmware/mcu_ws/build/lifecycle_msgs//CMakeFiles/progress.marks
[2.402s] /usr/bin/gmake  -f CMakeFiles/Makefile2 all
[2.430s] gmake[5]: Entering directory '/home/ice/microros_ws/firmware/mcu_ws/build/lifecycle_msgs'
[2.432s] /usr/bin/gmake  -f CMakeFiles/lifecycle_msgs__rosidl_generator_c.dir/build.make CMakeFiles/lifecycle_msgs__rosidl_generator_c.dir/depend
[2.439s] gmake[6]: Entering directory '/home/ice/microros_ws/firmware/mcu_ws/build/lifecycle_msgs'
[2.440s] cd /home/ice/microros_ws/firmware/mcu_ws/build/lifecycle_msgs && /usr/bin/cmake -E cmake_depends "Unix Makefiles" /home/ice/microros_ws/firmware/mcu_ws/ros2/rcl_interfaces/lifecycle_msgs /home/ice/microros_ws/firmware/mcu_ws/ros2/rcl_interfaces/lifecycle_msgs /home/ice/microros_ws/firmware/mcu_ws/build/lifecycle_msgs /home/ice/microros_ws/firmware/mcu_ws/build/lifecycle_msgs /home/ice/microros_ws/firmware/mcu_ws/build/lifecycle_msgs/CMakeFiles/lifecycle_msgs__rosidl_generator_c.dir/DependInfo.cmake --color=
[2.463s] Dependencies file "CMakeFiles/lifecycle_msgs__rosidl_generator_c.dir/rosidl_generator_c/lifecycle_msgs/msg/detail/state__functions.c.obj.d" is newer than depends file "/home/ice/microros_ws/firmware/mcu_ws/build/lifecycle_msgs/CMakeFiles/lifecycle_msgs__rosidl_generator_c.dir/compiler_depend.internal".
[2.464s] Dependencies file "CMakeFiles/lifecycle_msgs__rosidl_generator_c.dir/rosidl_generator_c/lifecycle_msgs/msg/detail/transition__functions.c.obj.d" is newer than depends file "/home/ice/microros_ws/firmware/mcu_ws/build/lifecycle_msgs/CMakeFiles/lifecycle_msgs__rosidl_generator_c.dir/compiler_depend.internal".
[2.464s] Dependencies file "CMakeFiles/lifecycle_msgs__rosidl_generator_c.dir/rosidl_generator_c/lifecycle_msgs/msg/detail/transition_description__functions.c.obj.d" is newer than depends file "/home/ice/microros_ws/firmware/mcu_ws/build/lifecycle_msgs/CMakeFiles/lifecycle_msgs__rosidl_generator_c.dir/compiler_depend.internal".
[2.466s] Dependencies file "CMakeFiles/lifecycle_msgs__rosidl_generator_c.dir/rosidl_generator_c/lifecycle_msgs/msg/detail/transition_event__functions.c.obj.d" is newer than depends file "/home/ice/microros_ws/firmware/mcu_ws/build/lifecycle_msgs/CMakeFiles/lifecycle_msgs__rosidl_generator_c.dir/compiler_depend.internal".
[2.467s] Dependencies file "CMakeFiles/lifecycle_msgs__rosidl_generator_c.dir/rosidl_generator_c/lifecycle_msgs/srv/detail/change_state__functions.c.obj.d" is newer than depends file "/home/ice/microros_ws/firmware/mcu_ws/build/lifecycle_msgs/CMakeFiles/lifecycle_msgs__rosidl_generator_c.dir/compiler_depend.internal".
[2.468s] Dependencies file "CMakeFiles/lifecycle_msgs__rosidl_generator_c.dir/rosidl_generator_c/lifecycle_msgs/srv/detail/get_available_states__functions.c.obj.d" is newer than depends file "/home/ice/microros_ws/firmware/mcu_ws/build/lifecycle_msgs/CMakeFiles/lifecycle_msgs__rosidl_generator_c.dir/compiler_depend.internal".
[2.469s] Dependencies file "CMakeFiles/lifecycle_msgs__rosidl_generator_c.dir/rosidl_generator_c/lifecycle_msgs/srv/detail/get_available_transitions__functions.c.obj.d" is newer than depends file "/home/ice/microros_ws/firmware/mcu_ws/build/lifecycle_msgs/CMakeFiles/lifecycle_msgs__rosidl_generator_c.dir/compiler_depend.internal".
[2.470s] Dependencies file "CMakeFiles/lifecycle_msgs__rosidl_generator_c.dir/rosidl_generator_c/lifecycle_msgs/srv/detail/get_state__functions.c.obj.d" is newer than depends file "/home/ice/microros_ws/firmware/mcu_ws/build/lifecycle_msgs/CMakeFiles/lifecycle_msgs__rosidl_generator_c.dir/compiler_depend.internal".
[2.471s] [35m[1mConsolidate compiler generated dependencies of target lifecycle_msgs__rosidl_generator_c[0m
[2.479s] gmake[6]: Leaving directory '/home/ice/microros_ws/firmware/mcu_ws/build/lifecycle_msgs'
[2.479s] /usr/bin/gmake  -f CMakeFiles/lifecycle_msgs__rosidl_generator_c.dir/build.make CMakeFiles/lifecycle_msgs__rosidl_generator_c.dir/build
[2.488s] gmake[6]: Entering directory '/home/ice/microros_ws/firmware/mcu_ws/build/lifecycle_msgs'
[2.488s] gmake[6]: Nothing to be done for 'CMakeFiles/lifecycle_msgs__rosidl_generator_c.dir/build'.
[2.488s] gmake[6]: Leaving directory '/home/ice/microros_ws/firmware/mcu_ws/build/lifecycle_msgs'
[2.510s] [ 25%] Built target lifecycle_msgs__rosidl_generator_c
[2.527s] /usr/bin/gmake  -f CMakeFiles/lifecycle_msgs__rosidl_typesupport_introspection_c.dir/build.make CMakeFiles/lifecycle_msgs__rosidl_typesupport_introspection_c.dir/depend
[2.528s] gmake[6]: Entering directory '/home/ice/microros_ws/firmware/mcu_ws/build/lifecycle_msgs'
[2.528s] cd /home/ice/microros_ws/firmware/mcu_ws/build/lifecycle_msgs && /usr/bin/cmake -E cmake_depends "Unix Makefiles" /home/ice/microros_ws/firmware/mcu_ws/ros2/rcl_interfaces/lifecycle_msgs /home/ice/microros_ws/firmware/mcu_ws/ros2/rcl_interfaces/lifecycle_msgs /home/ice/microros_ws/firmware/mcu_ws/build/lifecycle_msgs /home/ice/microros_ws/firmware/mcu_ws/build/lifecycle_msgs /home/ice/microros_ws/firmware/mcu_ws/build/lifecycle_msgs/CMakeFiles/lifecycle_msgs__rosidl_typesupport_introspection_c.dir/DependInfo.cmake --color=
[2.577s] Dependencies file "CMakeFiles/lifecycle_msgs__rosidl_typesupport_introspection_c.dir/rosidl_typesupport_introspection_c/lifecycle_msgs/msg/detail/state__type_support.c.obj.d" is newer than depends file "/home/ice/microros_ws/firmware/mcu_ws/build/lifecycle_msgs/CMakeFiles/lifecycle_msgs__rosidl_typesupport_introspection_c.dir/compiler_depend.internal".
[2.578s] Dependencies file "CMakeFiles/lifecycle_msgs__rosidl_typesupport_introspection_c.dir/rosidl_typesupport_introspection_c/lifecycle_msgs/msg/detail/transition__type_support.c.obj.d" is newer than depends file "/home/ice/microros_ws/firmware/mcu_ws/build/lifecycle_msgs/CMakeFiles/lifecycle_msgs__rosidl_typesupport_introspection_c.dir/compiler_depend.internal".
[2.578s] Dependencies file "CMakeFiles/lifecycle_msgs__rosidl_typesupport_introspection_c.dir/rosidl_typesupport_introspection_c/lifecycle_msgs/msg/detail/transition_description__type_support.c.obj.d" is newer than depends file "/home/ice/microros_ws/firmware/mcu_ws/build/lifecycle_msgs/CMakeFiles/lifecycle_msgs__rosidl_typesupport_introspection_c.dir/compiler_depend.internal".
[2.579s] Dependencies file "CMakeFiles/lifecycle_msgs__rosidl_typesupport_introspection_c.dir/rosidl_typesupport_introspection_c/lifecycle_msgs/msg/detail/transition_event__type_support.c.obj.d" is newer than depends file "/home/ice/microros_ws/firmware/mcu_ws/build/lifecycle_msgs/CMakeFiles/lifecycle_msgs__rosidl_typesupport_introspection_c.dir/compiler_depend.internal".
[2.579s] Dependencies file "CMakeFiles/lifecycle_msgs__rosidl_typesupport_introspection_c.dir/rosidl_typesupport_introspection_c/lifecycle_msgs/srv/detail/change_state__type_support.c.obj.d" is newer than depends file "/home/ice/microros_ws/firmware/mcu_ws/build/lifecycle_msgs/CMakeFiles/lifecycle_msgs__rosidl_typesupport_introspection_c.dir/compiler_depend.internal".
[2.579s] Dependencies file "CMakeFiles/lifecycle_msgs__rosidl_typesupport_introspection_c.dir/rosidl_typesupport_introspection_c/lifecycle_msgs/srv/detail/get_available_states__type_support.c.obj.d" is newer than depends file "/home/ice/microros_ws/firmware/mcu_ws/build/lifecycle_msgs/CMakeFiles/lifecycle_msgs__rosidl_typesupport_introspection_c.dir/compiler_depend.internal".
[2.580s] Dependencies file "CMakeFiles/lifecycle_msgs__rosidl_typesupport_introspection_c.dir/rosidl_typesupport_introspection_c/lifecycle_msgs/srv/detail/get_available_transitions__type_support.c.obj.d" is newer than depends file "/home/ice/microros_ws/firmware/mcu_ws/build/lifecycle_msgs/CMakeFiles/lifecycle_msgs__rosidl_typesupport_introspection_c.dir/compiler_depend.internal".
[2.580s] Dependencies file "CMakeFiles/lifecycle_msgs__rosidl_typesupport_introspection_c.dir/rosidl_typesupport_introspection_c/lifecycle_msgs/srv/detail/get_state__type_support.c.obj.d" is newer than depends file "/home/ice/microros_ws/firmware/mcu_ws/build/lifecycle_msgs/CMakeFiles/lifecycle_msgs__rosidl_typesupport_introspection_c.dir/compiler_depend.internal".
[2.580s] [35m[1mConsolidate compiler generated dependencies of target lifecycle_msgs__rosidl_typesupport_introspection_c[0m
[2.586s] gmake[6]: Leaving directory '/home/ice/microros_ws/firmware/mcu_ws/build/lifecycle_msgs'
[2.587s] /usr/bin/gmake  -f CMakeFiles/lifecycle_msgs__rosidl_typesupport_introspection_c.dir/build.make CMakeFiles/lifecycle_msgs__rosidl_typesupport_introspection_c.dir/build
[2.593s] gmake[6]: Entering directory '/home/ice/microros_ws/firmware/mcu_ws/build/lifecycle_msgs'
[2.593s] gmake[6]: Nothing to be done for 'CMakeFiles/lifecycle_msgs__rosidl_typesupport_introspection_c.dir/build'.
[2.594s] gmake[6]: Leaving directory '/home/ice/microros_ws/firmware/mcu_ws/build/lifecycle_msgs'
[2.610s] [ 50%] Built target lifecycle_msgs__rosidl_typesupport_introspection_c
[2.613s] /usr/bin/gmake  -f CMakeFiles/lifecycle_msgs__rosidl_typesupport_c.dir/build.make CMakeFiles/lifecycle_msgs__rosidl_typesupport_c.dir/depend
[2.617s] gmake[6]: Entering directory '/home/ice/microros_ws/firmware/mcu_ws/build/lifecycle_msgs'
[2.617s] cd /home/ice/microros_ws/firmware/mcu_ws/build/lifecycle_msgs && /usr/bin/cmake -E cmake_depends "Unix Makefiles" /home/ice/microros_ws/firmware/mcu_ws/ros2/rcl_interfaces/lifecycle_msgs /home/ice/microros_ws/firmware/mcu_ws/ros2/rcl_interfaces/lifecycle_msgs /home/ice/microros_ws/firmware/mcu_ws/build/lifecycle_msgs /home/ice/microros_ws/firmware/mcu_ws/build/lifecycle_msgs /home/ice/microros_ws/firmware/mcu_ws/build/lifecycle_msgs/CMakeFiles/lifecycle_msgs__rosidl_typesupport_c.dir/DependInfo.cmake --color=
[2.634s] Dependencies file "CMakeFiles/lifecycle_msgs__rosidl_typesupport_c.dir/rosidl_typesupport_c/lifecycle_msgs/msg/state__type_support.cpp.obj.d" is newer than depends file "/home/ice/microros_ws/firmware/mcu_ws/build/lifecycle_msgs/CMakeFiles/lifecycle_msgs__rosidl_typesupport_c.dir/compiler_depend.internal".
[2.634s] Dependencies file "CMakeFiles/lifecycle_msgs__rosidl_typesupport_c.dir/rosidl_typesupport_c/lifecycle_msgs/msg/transition__type_support.cpp.obj.d" is newer than depends file "/home/ice/microros_ws/firmware/mcu_ws/build/lifecycle_msgs/CMakeFiles/lifecycle_msgs__rosidl_typesupport_c.dir/compiler_depend.internal".
[2.635s] Dependencies file "CMakeFiles/lifecycle_msgs__rosidl_typesupport_c.dir/rosidl_typesupport_c/lifecycle_msgs/msg/transition_description__type_support.cpp.obj.d" is newer than depends file "/home/ice/microros_ws/firmware/mcu_ws/build/lifecycle_msgs/CMakeFiles/lifecycle_msgs__rosidl_typesupport_c.dir/compiler_depend.internal".
[2.635s] Dependencies file "CMakeFiles/lifecycle_msgs__rosidl_typesupport_c.dir/rosidl_typesupport_c/lifecycle_msgs/msg/transition_event__type_support.cpp.obj.d" is newer than depends file "/home/ice/microros_ws/firmware/mcu_ws/build/lifecycle_msgs/CMakeFiles/lifecycle_msgs__rosidl_typesupport_c.dir/compiler_depend.internal".
[2.635s] Dependencies file "CMakeFiles/lifecycle_msgs__rosidl_typesupport_c.dir/rosidl_typesupport_c/lifecycle_msgs/srv/change_state__type_support.cpp.obj.d" is newer than depends file "/home/ice/microros_ws/firmware/mcu_ws/build/lifecycle_msgs/CMakeFiles/lifecycle_msgs__rosidl_typesupport_c.dir/compiler_depend.internal".
[2.635s] Dependencies file "CMakeFiles/lifecycle_msgs__rosidl_typesupport_c.dir/rosidl_typesupport_c/lifecycle_msgs/srv/get_available_states__type_support.cpp.obj.d" is newer than depends file "/home/ice/microros_ws/firmware/mcu_ws/build/lifecycle_msgs/CMakeFiles/lifecycle_msgs__rosidl_typesupport_c.dir/compiler_depend.internal".
[2.636s] Dependencies file "CMakeFiles/lifecycle_msgs__rosidl_typesupport_c.dir/rosidl_typesupport_c/lifecycle_msgs/srv/get_available_transitions__type_support.cpp.obj.d" is newer than depends file "/home/ice/microros_ws/firmware/mcu_ws/build/lifecycle_msgs/CMakeFiles/lifecycle_msgs__rosidl_typesupport_c.dir/compiler_depend.internal".
[2.636s] Dependencies file "CMakeFiles/lifecycle_msgs__rosidl_typesupport_c.dir/rosidl_typesupport_c/lifecycle_msgs/srv/get_state__type_support.cpp.obj.d" is newer than depends file "/home/ice/microros_ws/firmware/mcu_ws/build/lifecycle_msgs/CMakeFiles/lifecycle_msgs__rosidl_typesupport_c.dir/compiler_depend.internal".
[2.636s] [35m[1mConsolidate compiler generated dependencies of target lifecycle_msgs__rosidl_typesupport_c[0m
[2.644s] gmake[6]: Leaving directory '/home/ice/microros_ws/firmware/mcu_ws/build/lifecycle_msgs'
[2.644s] /usr/bin/gmake  -f CMakeFiles/lifecycle_msgs__rosidl_typesupport_c.dir/build.make CMakeFiles/lifecycle_msgs__rosidl_typesupport_c.dir/build
[2.648s] gmake[6]: Entering directory '/home/ice/microros_ws/firmware/mcu_ws/build/lifecycle_msgs'
[2.649s] gmake[6]: Nothing to be done for 'CMakeFiles/lifecycle_msgs__rosidl_typesupport_c.dir/build'.
[2.649s] gmake[6]: Leaving directory '/home/ice/microros_ws/firmware/mcu_ws/build/lifecycle_msgs'
[2.669s] [ 75%] Built target lifecycle_msgs__rosidl_typesupport_c
[2.672s] /usr/bin/gmake  -f CMakeFiles/lifecycle_msgs__rosidl_typesupport_microxrcedds_c.dir/build.make CMakeFiles/lifecycle_msgs__rosidl_typesupport_microxrcedds_c.dir/depend
[2.683s] gmake[6]: Entering directory '/home/ice/microros_ws/firmware/mcu_ws/build/lifecycle_msgs'
[2.684s] cd /home/ice/microros_ws/firmware/mcu_ws/build/lifecycle_msgs && /usr/bin/cmake -E cmake_depends "Unix Makefiles" /home/ice/microros_ws/firmware/mcu_ws/ros2/rcl_interfaces/lifecycle_msgs /home/ice/microros_ws/firmware/mcu_ws/ros2/rcl_interfaces/lifecycle_msgs /home/ice/microros_ws/firmware/mcu_ws/build/lifecycle_msgs /home/ice/microros_ws/firmware/mcu_ws/build/lifecycle_msgs /home/ice/microros_ws/firmware/mcu_ws/build/lifecycle_msgs/CMakeFiles/lifecycle_msgs__rosidl_typesupport_microxrcedds_c.dir/DependInfo.cmake --color=
[2.700s] Dependencies file "CMakeFiles/lifecycle_msgs__rosidl_typesupport_microxrcedds_c.dir/rosidl_typesupport_microxrcedds_c/lifecycle_msgs/msg/detail/microxrcedds/state__type_support_c.c.obj.d" is newer than depends file "/home/ice/microros_ws/firmware/mcu_ws/build/lifecycle_msgs/CMakeFiles/lifecycle_msgs__rosidl_typesupport_microxrcedds_c.dir/compiler_depend.internal".
[2.701s] Dependencies file "CMakeFiles/lifecycle_msgs__rosidl_typesupport_microxrcedds_c.dir/rosidl_typesupport_microxrcedds_c/lifecycle_msgs/msg/detail/microxrcedds/transition__type_support_c.c.obj.d" is newer than depends file "/home/ice/microros_ws/firmware/mcu_ws/build/lifecycle_msgs/CMakeFiles/lifecycle_msgs__rosidl_typesupport_microxrcedds_c.dir/compiler_depend.internal".
[2.701s] Dependencies file "CMakeFiles/lifecycle_msgs__rosidl_typesupport_microxrcedds_c.dir/rosidl_typesupport_microxrcedds_c/lifecycle_msgs/msg/detail/microxrcedds/transition_description__type_support_c.c.obj.d" is newer than depends file "/home/ice/microros_ws/firmware/mcu_ws/build/lifecycle_msgs/CMakeFiles/lifecycle_msgs__rosidl_typesupport_microxrcedds_c.dir/compiler_depend.internal".
[2.702s] Dependencies file "CMakeFiles/lifecycle_msgs__rosidl_typesupport_microxrcedds_c.dir/rosidl_typesupport_microxrcedds_c/lifecycle_msgs/msg/detail/microxrcedds/transition_event__type_support_c.c.obj.d" is newer than depends file "/home/ice/microros_ws/firmware/mcu_ws/build/lifecycle_msgs/CMakeFiles/lifecycle_msgs__rosidl_typesupport_microxrcedds_c.dir/compiler_depend.internal".
[2.702s] Dependencies file "CMakeFiles/lifecycle_msgs__rosidl_typesupport_microxrcedds_c.dir/rosidl_typesupport_microxrcedds_c/lifecycle_msgs/srv/detail/microxrcedds/change_state__type_support_c.c.obj.d" is newer than depends file "/home/ice/microros_ws/firmware/mcu_ws/build/lifecycle_msgs/CMakeFiles/lifecycle_msgs__rosidl_typesupport_microxrcedds_c.dir/compiler_depend.internal".
[2.703s] Dependencies file "CMakeFiles/lifecycle_msgs__rosidl_typesupport_microxrcedds_c.dir/rosidl_typesupport_microxrcedds_c/lifecycle_msgs/srv/detail/microxrcedds/get_available_states__type_support_c.c.obj.d" is newer than depends file "/home/ice/microros_ws/firmware/mcu_ws/build/lifecycle_msgs/CMakeFiles/lifecycle_msgs__rosidl_typesupport_microxrcedds_c.dir/compiler_depend.internal".
[2.703s] Dependencies file "CMakeFiles/lifecycle_msgs__rosidl_typesupport_microxrcedds_c.dir/rosidl_typesupport_microxrcedds_c/lifecycle_msgs/srv/detail/microxrcedds/get_available_transitions__type_support_c.c.obj.d" is newer than depends file "/home/ice/microros_ws/firmware/mcu_ws/build/lifecycle_msgs/CMakeFiles/lifecycle_msgs__rosidl_typesupport_microxrcedds_c.dir/compiler_depend.internal".
[2.704s] Dependencies file "CMakeFiles/lifecycle_msgs__rosidl_typesupport_microxrcedds_c.dir/rosidl_typesupport_microxrcedds_c/lifecycle_msgs/srv/detail/microxrcedds/get_state__type_support_c.c.obj.d" is newer than depends file "/home/ice/microros_ws/firmware/mcu_ws/build/lifecycle_msgs/CMakeFiles/lifecycle_msgs__rosidl_typesupport_microxrcedds_c.dir/compiler_depend.internal".
[2.704s] [35m[1mConsolidate compiler generated dependencies of target lifecycle_msgs__rosidl_typesupport_microxrcedds_c[0m
[2.710s] gmake[6]: Leaving directory '/home/ice/microros_ws/firmware/mcu_ws/build/lifecycle_msgs'
[2.711s] /usr/bin/gmake  -f CMakeFiles/lifecycle_msgs__rosidl_typesupport_microxrcedds_c.dir/build.make CMakeFiles/lifecycle_msgs__rosidl_typesupport_microxrcedds_c.dir/build
[2.716s] gmake[6]: Entering directory '/home/ice/microros_ws/firmware/mcu_ws/build/lifecycle_msgs'
[2.717s] gmake[6]: Nothing to be done for 'CMakeFiles/lifecycle_msgs__rosidl_typesupport_microxrcedds_c.dir/build'.
[2.717s] gmake[6]: Leaving directory '/home/ice/microros_ws/firmware/mcu_ws/build/lifecycle_msgs'
[2.740s] [100%] Built target lifecycle_msgs__rosidl_typesupport_microxrcedds_c
[2.744s] /usr/bin/gmake  -f CMakeFiles/lifecycle_msgs.dir/build.make CMakeFiles/lifecycle_msgs.dir/depend
[2.748s] gmake[6]: Entering directory '/home/ice/microros_ws/firmware/mcu_ws/build/lifecycle_msgs'
[2.748s] cd /home/ice/microros_ws/firmware/mcu_ws/build/lifecycle_msgs && /usr/bin/cmake -E cmake_depends "Unix Makefiles" /home/ice/microros_ws/firmware/mcu_ws/ros2/rcl_interfaces/lifecycle_msgs /home/ice/microros_ws/firmware/mcu_ws/ros2/rcl_interfaces/lifecycle_msgs /home/ice/microros_ws/firmware/mcu_ws/build/lifecycle_msgs /home/ice/microros_ws/firmware/mcu_ws/build/lifecycle_msgs /home/ice/microros_ws/firmware/mcu_ws/build/lifecycle_msgs/CMakeFiles/lifecycle_msgs.dir/DependInfo.cmake --color=
[2.771s] gmake[6]: Leaving directory '/home/ice/microros_ws/firmware/mcu_ws/build/lifecycle_msgs'
[2.771s] /usr/bin/gmake  -f CMakeFiles/lifecycle_msgs.dir/build.make CMakeFiles/lifecycle_msgs.dir/build
[2.776s] gmake[6]: Entering directory '/home/ice/microros_ws/firmware/mcu_ws/build/lifecycle_msgs'
[2.776s] gmake[6]: Nothing to be done for 'CMakeFiles/lifecycle_msgs.dir/build'.
[2.776s] gmake[6]: Leaving directory '/home/ice/microros_ws/firmware/mcu_ws/build/lifecycle_msgs'
[2.797s] [100%] Built target lifecycle_msgs
[2.799s] gmake[5]: Leaving directory '/home/ice/microros_ws/firmware/mcu_ws/build/lifecycle_msgs'
[2.800s] /usr/bin/cmake -E cmake_progress_start /home/ice/microros_ws/firmware/mcu_ws/build/lifecycle_msgs/CMakeFiles 0
[2.839s] gmake[4]: Leaving directory '/home/ice/microros_ws/firmware/mcu_ws/build/lifecycle_msgs'
[2.848s] Invoked command in '/home/ice/microros_ws/firmware/mcu_ws/build/lifecycle_msgs' returned '0': AMENT_PREFIX_PATH=/home/ice/microros_ws/firmware/mcu_ws/install:${AMENT_PREFIX_PATH} CMAKE_PREFIX_PATH=/home/ice/microros_ws/firmware/mcu_ws/install:/home/ice/microros_ws/firmware/dev_ws/install/ament_lint_common:/home/ice/microros_ws/firmware/dev_ws/install/ament_cmake_uncrustify:/home/ice/microros_ws/firmware/dev_ws/install/uncrustify_vendor:/home/ice/microros_ws/firmware/dev_ws/install/ament_cmake_ros:/home/ice/microros_ws/firmware/dev_ws/install/ament_cmake_auto:/home/ice/microros_ws/firmware/dev_ws/install/ament_cmake_gmock:/home/ice/microros_ws/firmware/dev_ws/install/gmock_vendor:/home/ice/microros_ws/firmware/dev_ws/install/ament_cmake_gtest:/home/ice/microros_ws/firmware/dev_ws/install/gtest_vendor:/home/ice/microros_ws/firmware/dev_ws/install/ament_cmake_xmllint:/home/ice/microros_ws/firmware/dev_ws/install/ament_cmake_pyflakes:/home/ice/microros_ws/firmware/dev_ws/install/ament_cmake_pycodestyle:/home/ice/microros_ws/firmware/dev_ws/install/ament_cmake_pep257:/home/ice/microros_ws/firmware/dev_ws/install/ament_cmake_pclint:/home/ice/microros_ws/firmware/dev_ws/install/ament_lint_auto:/home/ice/microros_ws/firmware/dev_ws/install/ament_cmake:/home/ice/microros_ws/firmware/dev_ws/install/ament_cmake_version:/home/ice/microros_ws/firmware/dev_ws/install/ament_cmake_vendor_package:/home/ice/microros_ws/firmware/dev_ws/install/ament_cmake_pytest:/home/ice/microros_ws/firmware/dev_ws/install/ament_cmake_nose:/home/ice/microros_ws/firmware/dev_ws/install/ament_cmake_mypy:/home/ice/microros_ws/firmware/dev_ws/install/ament_cmake_lint_cmake:/home/ice/microros_ws/firmware/dev_ws/install/ament_cmake_google_benchmark:/home/ice/microros_ws/firmware/dev_ws/install/ament_cmake_flake8:/home/ice/microros_ws/firmware/dev_ws/install/ament_cmake_cpplint:/home/ice/microros_ws/firmware/dev_ws/install/ament_cmake_cppcheck:/home/ice/microros_ws/firmware/dev_ws/install/ament_cmake_copyright:/home/ice/microros_ws/firmware/dev_ws/install/ament_cmake_clang_tidy:/home/ice/microros_ws/firmware/dev_ws/install/ament_cmake_clang_format:/home/ice/microros_ws/firmware/dev_ws/install/ament_cmake_test:/home/ice/microros_ws/firmware/dev_ws/install/ament_cmake_target_dependencies:/home/ice/microros_ws/firmware/dev_ws/install/ament_cmake_python:/home/ice/microros_ws/firmware/dev_ws/install/ament_cmake_export_dependencies:/home/ice/microros_ws/firmware/dev_ws/install/ament_cmake_libraries:/home/ice/microros_ws/firmware/dev_ws/install/ament_cmake_include_directories:/home/ice/microros_ws/firmware/dev_ws/install/ament_cmake_gen_version_h:/home/ice/microros_ws/firmware/dev_ws/install/ament_cmake_export_targets:/home/ice/microros_ws/firmware/dev_ws/install/ament_cmake_export_link_flags:/home/ice/microros_ws/firmware/dev_ws/install/ament_cmake_export_interfaces:/home/ice/microros_ws/firmware/dev_ws/install/ament_cmake_export_libraries:/home/ice/microros_ws/firmware/dev_ws/install/ament_cmake_export_include_directories:/home/ice/microros_ws/firmware/dev_ws/install/ament_cmake_export_definitions:/home/ice/microros_ws/firmware/dev_ws/install/ament_cmake_core:/home/ice/microros_ws/firmware/dev_ws/install/ament_index_cpp:/home/ice/microros_ws/firmware/dev_ws/install/ament_uncrustify:/home/ice/microros_ws/firmware/dev_ws/install/domain_coordinator:/home/ice/microros_ws/firmware/dev_ws/install/ament_xmllint:/home/ice/microros_ws/firmware/dev_ws/install/ament_pyflakes:/home/ice/microros_ws/firmware/dev_ws/install/ament_pycodestyle:/home/ice/microros_ws/firmware/dev_ws/install/ament_pep257:/home/ice/microros_ws/firmware/dev_ws/install/ament_pclint:/home/ice/microros_ws/firmware/dev_ws/install/ament_package:/home/ice/microros_ws/firmware/dev_ws/install/ament_mypy:/home/ice/microros_ws/firmware/dev_ws/install/ament_lint_cmake:/home/ice/microros_ws/firmware/dev_ws/install/ament_flake8:/home/ice/microros_ws/firmware/dev_ws/install/ament_copyright:/home/ice/microros_ws/firmware/dev_ws/install/ament_lint:/home/ice/microros_ws/firmware/dev_ws/install/ament_index_python:/home/ice/microros_ws/firmware/dev_ws/install/ament_cpplint:/home/ice/microros_ws/firmware/dev_ws/install/ament_cppcheck:/home/ice/microros_ws/firmware/dev_ws/install/ament_clang_tidy:/home/ice/microros_ws/firmware/dev_ws/install/ament_clang_format LD_LIBRARY_PATH=/home/ice/microros_ws/firmware/mcu_ws/install/lib:${LD_LIBRARY_PATH} PATH=/home/ice/microros_ws/firmware/mcu_ws/install/bin:${PATH} PYTHONPATH=/home/ice/microros_ws/firmware/mcu_ws/install/lib/python3.10/site-packages:${PYTHONPATH} /usr/bin/cmake --build /home/ice/microros_ws/firmware/mcu_ws/build/lifecycle_msgs -- -j2 -l2
[3.509s] Invoking command in '/home/ice/microros_ws/firmware/mcu_ws/build/lifecycle_msgs': AMENT_PREFIX_PATH=/home/ice/microros_ws/firmware/mcu_ws/install:${AMENT_PREFIX_PATH} CMAKE_PREFIX_PATH=/home/ice/microros_ws/firmware/mcu_ws/install:/home/ice/microros_ws/firmware/dev_ws/install/ament_lint_common:/home/ice/microros_ws/firmware/dev_ws/install/ament_cmake_uncrustify:/home/ice/microros_ws/firmware/dev_ws/install/uncrustify_vendor:/home/ice/microros_ws/firmware/dev_ws/install/ament_cmake_ros:/home/ice/microros_ws/firmware/dev_ws/install/ament_cmake_auto:/home/ice/microros_ws/firmware/dev_ws/install/ament_cmake_gmock:/home/ice/microros_ws/firmware/dev_ws/install/gmock_vendor:/home/ice/microros_ws/firmware/dev_ws/install/ament_cmake_gtest:/home/ice/microros_ws/firmware/dev_ws/install/gtest_vendor:/home/ice/microros_ws/firmware/dev_ws/install/ament_cmake_xmllint:/home/ice/microros_ws/firmware/dev_ws/install/ament_cmake_pyflakes:/home/ice/microros_ws/firmware/dev_ws/install/ament_cmake_pycodestyle:/home/ice/microros_ws/firmware/dev_ws/install/ament_cmake_pep257:/home/ice/microros_ws/firmware/dev_ws/install/ament_cmake_pclint:/home/ice/microros_ws/firmware/dev_ws/install/ament_lint_auto:/home/ice/microros_ws/firmware/dev_ws/install/ament_cmake:/home/ice/microros_ws/firmware/dev_ws/install/ament_cmake_version:/home/ice/microros_ws/firmware/dev_ws/install/ament_cmake_vendor_package:/home/ice/microros_ws/firmware/dev_ws/install/ament_cmake_pytest:/home/ice/microros_ws/firmware/dev_ws/install/ament_cmake_nose:/home/ice/microros_ws/firmware/dev_ws/install/ament_cmake_mypy:/home/ice/microros_ws/firmware/dev_ws/install/ament_cmake_lint_cmake:/home/ice/microros_ws/firmware/dev_ws/install/ament_cmake_google_benchmark:/home/ice/microros_ws/firmware/dev_ws/install/ament_cmake_flake8:/home/ice/microros_ws/firmware/dev_ws/install/ament_cmake_cpplint:/home/ice/microros_ws/firmware/dev_ws/install/ament_cmake_cppcheck:/home/ice/microros_ws/firmware/dev_ws/install/ament_cmake_copyright:/home/ice/microros_ws/firmware/dev_ws/install/ament_cmake_clang_tidy:/home/ice/microros_ws/firmware/dev_ws/install/ament_cmake_clang_format:/home/ice/microros_ws/firmware/dev_ws/install/ament_cmake_test:/home/ice/microros_ws/firmware/dev_ws/install/ament_cmake_target_dependencies:/home/ice/microros_ws/firmware/dev_ws/install/ament_cmake_python:/home/ice/microros_ws/firmware/dev_ws/install/ament_cmake_export_dependencies:/home/ice/microros_ws/firmware/dev_ws/install/ament_cmake_libraries:/home/ice/microros_ws/firmware/dev_ws/install/ament_cmake_include_directories:/home/ice/microros_ws/firmware/dev_ws/install/ament_cmake_gen_version_h:/home/ice/microros_ws/firmware/dev_ws/install/ament_cmake_export_targets:/home/ice/microros_ws/firmware/dev_ws/install/ament_cmake_export_link_flags:/home/ice/microros_ws/firmware/dev_ws/install/ament_cmake_export_interfaces:/home/ice/microros_ws/firmware/dev_ws/install/ament_cmake_export_libraries:/home/ice/microros_ws/firmware/dev_ws/install/ament_cmake_export_include_directories:/home/ice/microros_ws/firmware/dev_ws/install/ament_cmake_export_definitions:/home/ice/microros_ws/firmware/dev_ws/install/ament_cmake_core:/home/ice/microros_ws/firmware/dev_ws/install/ament_index_cpp:/home/ice/microros_ws/firmware/dev_ws/install/ament_uncrustify:/home/ice/microros_ws/firmware/dev_ws/install/domain_coordinator:/home/ice/microros_ws/firmware/dev_ws/install/ament_xmllint:/home/ice/microros_ws/firmware/dev_ws/install/ament_pyflakes:/home/ice/microros_ws/firmware/dev_ws/install/ament_pycodestyle:/home/ice/microros_ws/firmware/dev_ws/install/ament_pep257:/home/ice/microros_ws/firmware/dev_ws/install/ament_pclint:/home/ice/microros_ws/firmware/dev_ws/install/ament_package:/home/ice/microros_ws/firmware/dev_ws/install/ament_mypy:/home/ice/microros_ws/firmware/dev_ws/install/ament_lint_cmake:/home/ice/microros_ws/firmware/dev_ws/install/ament_flake8:/home/ice/microros_ws/firmware/dev_ws/install/ament_copyright:/home/ice/microros_ws/firmware/dev_ws/install/ament_lint:/home/ice/microros_ws/firmware/dev_ws/install/ament_index_python:/home/ice/microros_ws/firmware/dev_ws/install/ament_cpplint:/home/ice/microros_ws/firmware/dev_ws/install/ament_cppcheck:/home/ice/microros_ws/firmware/dev_ws/install/ament_clang_tidy:/home/ice/microros_ws/firmware/dev_ws/install/ament_clang_format LD_LIBRARY_PATH=/home/ice/microros_ws/firmware/mcu_ws/install/lib:${LD_LIBRARY_PATH} PATH=/home/ice/microros_ws/firmware/mcu_ws/install/bin:${PATH} PYTHONPATH=/home/ice/microros_ws/firmware/mcu_ws/install/lib/python3.10/site-packages:${PYTHONPATH} /usr/bin/cmake --install /home/ice/microros_ws/firmware/mcu_ws/build/lifecycle_msgs
[3.539s] -- Install configuration: "Debug"
[3.540s] -- Up-to-date: /home/ice/microros_ws/firmware/mcu_ws/install/share/ament_index/resource_index/rosidl_interfaces/lifecycle_msgs
[3.541s] -- Up-to-date: /home/ice/microros_ws/firmware/mcu_ws/install/include/lifecycle_msgs/lifecycle_msgs
[3.541s] -- Up-to-date: /home/ice/microros_ws/firmware/mcu_ws/install/include/lifecycle_msgs/lifecycle_msgs/srv
[3.543s] -- Up-to-date: /home/ice/microros_ws/firmware/mcu_ws/install/include/lifecycle_msgs/lifecycle_msgs/srv/detail
[3.547s] -- Up-to-date: /home/ice/microros_ws/firmware/mcu_ws/install/include/lifecycle_msgs/lifecycle_msgs/srv/detail/get_available_states__functions.c
[3.549s] -- Up-to-date: /home/ice/microros_ws/firmware/mcu_ws/install/include/lifecycle_msgs/lifecycle_msgs/srv/detail/get_available_transitions__functions.h
[3.549s] -- Up-to-date: /home/ice/microros_ws/firmware/mcu_ws/install/include/lifecycle_msgs/lifecycle_msgs/srv/detail/get_state__type_support.h
[3.563s] -- Up-to-date: /home/ice/microros_ws/firmware/mcu_ws/install/include/lifecycle_msgs/lifecycle_msgs/srv/detail/get_available_states__functions.h
[3.563s] -- Up-to-date: /home/ice/microros_ws/firmware/mcu_ws/install/include/lifecycle_msgs/lifecycle_msgs/srv/detail/get_available_transitions__type_support.h
[3.574s] -- Up-to-date: /home/ice/microros_ws/firmware/mcu_ws/install/include/lifecycle_msgs/lifecycle_msgs/srv/detail/change_state__struct.h
[3.577s] -- Up-to-date: /home/ice/microros_ws/firmware/mcu_ws/install/include/lifecycle_msgs/lifecycle_msgs/srv/detail/get_state__functions.h
[3.580s] -- Up-to-date: /home/ice/microros_ws/firmware/mcu_ws/install/include/lifecycle_msgs/lifecycle_msgs/srv/detail/change_state__type_support.h
[3.582s] -- Up-to-date: /home/ice/microros_ws/firmware/mcu_ws/install/include/lifecycle_msgs/lifecycle_msgs/srv/detail/change_state__functions.h
[3.583s] -- Up-to-date: /home/ice/microros_ws/firmware/mcu_ws/install/include/lifecycle_msgs/lifecycle_msgs/srv/detail/get_available_states__type_support.h
[3.583s] -- Up-to-date: /home/ice/microros_ws/firmware/mcu_ws/install/include/lifecycle_msgs/lifecycle_msgs/srv/detail/change_state__functions.c
[3.583s] -- Up-to-date: /home/ice/microros_ws/firmware/mcu_ws/install/include/lifecycle_msgs/lifecycle_msgs/srv/detail/get_state__struct.h
[3.584s] -- Up-to-date: /home/ice/microros_ws/firmware/mcu_ws/install/include/lifecycle_msgs/lifecycle_msgs/srv/detail/get_state__functions.c
[3.584s] -- Up-to-date: /home/ice/microros_ws/firmware/mcu_ws/install/include/lifecycle_msgs/lifecycle_msgs/srv/detail/get_available_states__struct.h
[3.584s] -- Up-to-date: /home/ice/microros_ws/firmware/mcu_ws/install/include/lifecycle_msgs/lifecycle_msgs/srv/detail/get_available_transitions__struct.h
[3.594s] -- Up-to-date: /home/ice/microros_ws/firmware/mcu_ws/install/include/lifecycle_msgs/lifecycle_msgs/srv/detail/get_available_transitions__functions.c
[3.594s] -- Up-to-date: /home/ice/microros_ws/firmware/mcu_ws/install/include/lifecycle_msgs/lifecycle_msgs/srv/get_available_states.h
[3.595s] -- Up-to-date: /home/ice/microros_ws/firmware/mcu_ws/install/include/lifecycle_msgs/lifecycle_msgs/srv/get_available_transitions.h
[3.595s] -- Up-to-date: /home/ice/microros_ws/firmware/mcu_ws/install/include/lifecycle_msgs/lifecycle_msgs/srv/change_state.h
[3.595s] -- Up-to-date: /home/ice/microros_ws/firmware/mcu_ws/install/include/lifecycle_msgs/lifecycle_msgs/srv/get_state.h
[3.595s] -- Up-to-date: /home/ice/microros_ws/firmware/mcu_ws/install/include/lifecycle_msgs/lifecycle_msgs/msg
[3.595s] -- Up-to-date: /home/ice/microros_ws/firmware/mcu_ws/install/include/lifecycle_msgs/lifecycle_msgs/msg/transition_description.h
[3.596s] -- Up-to-date: /home/ice/microros_ws/firmware/mcu_ws/install/include/lifecycle_msgs/lifecycle_msgs/msg/detail
[3.596s] -- Up-to-date: /home/ice/microros_ws/firmware/mcu_ws/install/include/lifecycle_msgs/lifecycle_msgs/msg/detail/transition__functions.c
[3.596s] -- Up-to-date: /home/ice/microros_ws/firmware/mcu_ws/install/include/lifecycle_msgs/lifecycle_msgs/msg/detail/transition_description__struct.h
[3.596s] -- Up-to-date: /home/ice/microros_ws/firmware/mcu_ws/install/include/lifecycle_msgs/lifecycle_msgs/msg/detail/state__functions.c
[3.596s] -- Up-to-date: /home/ice/microros_ws/firmware/mcu_ws/install/include/lifecycle_msgs/lifecycle_msgs/msg/detail/transition__struct.h
[3.596s] -- Up-to-date: /home/ice/microros_ws/firmware/mcu_ws/install/include/lifecycle_msgs/lifecycle_msgs/msg/detail/transition__type_support.h
[3.597s] -- Up-to-date: /home/ice/microros_ws/firmware/mcu_ws/install/include/lifecycle_msgs/lifecycle_msgs/msg/detail/transition_event__functions.c
[3.597s] -- Up-to-date: /home/ice/microros_ws/firmware/mcu_ws/install/include/lifecycle_msgs/lifecycle_msgs/msg/detail/transition_description__type_support.h
[3.597s] -- Up-to-date: /home/ice/microros_ws/firmware/mcu_ws/install/include/lifecycle_msgs/lifecycle_msgs/msg/detail/transition_event__type_support.h
[3.597s] -- Up-to-date: /home/ice/microros_ws/firmware/mcu_ws/install/include/lifecycle_msgs/lifecycle_msgs/msg/detail/transition_event__functions.h
[3.597s] -- Up-to-date: /home/ice/microros_ws/firmware/mcu_ws/install/include/lifecycle_msgs/lifecycle_msgs/msg/detail/state__functions.h
[3.597s] -- Up-to-date: /home/ice/microros_ws/firmware/mcu_ws/install/include/lifecycle_msgs/lifecycle_msgs/msg/detail/transition_description__functions.h
[3.597s] -- Up-to-date: /home/ice/microros_ws/firmware/mcu_ws/install/include/lifecycle_msgs/lifecycle_msgs/msg/detail/state__type_support.h
[3.598s] -- Up-to-date: /home/ice/microros_ws/firmware/mcu_ws/install/include/lifecycle_msgs/lifecycle_msgs/msg/detail/state__struct.h
[3.598s] -- Up-to-date: /home/ice/microros_ws/firmware/mcu_ws/install/include/lifecycle_msgs/lifecycle_msgs/msg/detail/transition_description__functions.c
[3.598s] -- Up-to-date: /home/ice/microros_ws/firmware/mcu_ws/install/include/lifecycle_msgs/lifecycle_msgs/msg/detail/transition__functions.h
[3.598s] -- Up-to-date: /home/ice/microros_ws/firmware/mcu_ws/install/include/lifecycle_msgs/lifecycle_msgs/msg/detail/transition_event__struct.h
[3.598s] -- Up-to-date: /home/ice/microros_ws/firmware/mcu_ws/install/include/lifecycle_msgs/lifecycle_msgs/msg/state.h
[3.598s] -- Up-to-date: /home/ice/microros_ws/firmware/mcu_ws/install/include/lifecycle_msgs/lifecycle_msgs/msg/transition_event.h
[3.598s] -- Up-to-date: /home/ice/microros_ws/firmware/mcu_ws/install/include/lifecycle_msgs/lifecycle_msgs/msg/transition.h
[3.599s] -- Up-to-date: /home/ice/microros_ws/firmware/mcu_ws/install/include/lifecycle_msgs/lifecycle_msgs/msg/rosidl_generator_c__visibility_control.h
[3.599s] -- Up-to-date: /home/ice/microros_ws/firmware/mcu_ws/install/share/lifecycle_msgs/environment/library_path.sh
[3.599s] -- Installing: /home/ice/microros_ws/firmware/mcu_ws/install/share/lifecycle_msgs/environment/library_path.dsv
[3.599s] -- Up-to-date: /home/ice/microros_ws/firmware/mcu_ws/install/lib/liblifecycle_msgs__rosidl_generator_c.a
[3.599s] -- Up-to-date: /home/ice/microros_ws/firmware/mcu_ws/install/include/lifecycle_msgs/lifecycle_msgs
[3.599s] -- Up-to-date: /home/ice/microros_ws/firmware/mcu_ws/install/include/lifecycle_msgs/lifecycle_msgs/srv
[3.599s] -- Up-to-date: /home/ice/microros_ws/firmware/mcu_ws/install/include/lifecycle_msgs/lifecycle_msgs/srv/detail
[3.599s] -- Up-to-date: /home/ice/microros_ws/firmware/mcu_ws/install/include/lifecycle_msgs/lifecycle_msgs/srv/detail/get_available_transitions__rosidl_typesupport_introspection_c.h
[3.600s] -- Up-to-date: /home/ice/microros_ws/firmware/mcu_ws/install/include/lifecycle_msgs/lifecycle_msgs/srv/detail/get_state__type_support.c
[3.600s] -- Up-to-date: /home/ice/microros_ws/firmware/mcu_ws/install/include/lifecycle_msgs/lifecycle_msgs/srv/detail/change_state__rosidl_typesupport_introspection_c.h
[3.614s] -- Up-to-date: /home/ice/microros_ws/firmware/mcu_ws/install/include/lifecycle_msgs/lifecycle_msgs/srv/detail/get_available_states__type_support.c
[3.614s] -- Up-to-date: /home/ice/microros_ws/firmware/mcu_ws/install/include/lifecycle_msgs/lifecycle_msgs/srv/detail/change_state__type_support.c
[3.614s] -- Up-to-date: /home/ice/microros_ws/firmware/mcu_ws/install/include/lifecycle_msgs/lifecycle_msgs/srv/detail/get_state__rosidl_typesupport_introspection_c.h
[3.614s] -- Up-to-date: /home/ice/microros_ws/firmware/mcu_ws/install/include/lifecycle_msgs/lifecycle_msgs/srv/detail/get_available_states__rosidl_typesupport_introspection_c.h
[3.615s] -- Up-to-date: /home/ice/microros_ws/firmware/mcu_ws/install/include/lifecycle_msgs/lifecycle_msgs/srv/detail/get_available_transitions__type_support.c
[3.615s] -- Up-to-date: /home/ice/microros_ws/firmware/mcu_ws/install/include/lifecycle_msgs/lifecycle_msgs/msg
[3.615s] -- Up-to-date: /home/ice/microros_ws/firmware/mcu_ws/install/include/lifecycle_msgs/lifecycle_msgs/msg/detail
[3.615s] -- Up-to-date: /home/ice/microros_ws/firmware/mcu_ws/install/include/lifecycle_msgs/lifecycle_msgs/msg/detail/state__rosidl_typesupport_introspection_c.h
[3.615s] -- Up-to-date: /home/ice/microros_ws/firmware/mcu_ws/install/include/lifecycle_msgs/lifecycle_msgs/msg/detail/transition__rosidl_typesupport_introspection_c.h
[3.615s] -- Up-to-date: /home/ice/microros_ws/firmware/mcu_ws/install/include/lifecycle_msgs/lifecycle_msgs/msg/detail/transition__type_support.c
[3.615s] -- Up-to-date: /home/ice/microros_ws/firmware/mcu_ws/install/include/lifecycle_msgs/lifecycle_msgs/msg/detail/transition_description__type_support.c
[3.615s] -- Up-to-date: /home/ice/microros_ws/firmware/mcu_ws/install/include/lifecycle_msgs/lifecycle_msgs/msg/detail/transition_event__rosidl_typesupport_introspection_c.h
[3.616s] -- Up-to-date: /home/ice/microros_ws/firmware/mcu_ws/install/include/lifecycle_msgs/lifecycle_msgs/msg/detail/transition_description__rosidl_typesupport_introspection_c.h
[3.616s] -- Up-to-date: /home/ice/microros_ws/firmware/mcu_ws/install/include/lifecycle_msgs/lifecycle_msgs/msg/detail/state__type_support.c
[3.616s] -- Up-to-date: /home/ice/microros_ws/firmware/mcu_ws/install/include/lifecycle_msgs/lifecycle_msgs/msg/detail/transition_event__type_support.c
[3.616s] -- Up-to-date: /home/ice/microros_ws/firmware/mcu_ws/install/include/lifecycle_msgs/lifecycle_msgs/msg/rosidl_typesupport_introspection_c__visibility_control.h
[3.616s] -- Up-to-date: /home/ice/microros_ws/firmware/mcu_ws/install/lib/liblifecycle_msgs__rosidl_typesupport_introspection_c.a
[3.616s] -- Up-to-date: /home/ice/microros_ws/firmware/mcu_ws/install/include/lifecycle_msgs
[3.616s] -- Up-to-date: /home/ice/microros_ws/firmware/mcu_ws/install/include/lifecycle_msgs/srv
[3.616s] -- Up-to-date: /home/ice/microros_ws/firmware/mcu_ws/install/include/lifecycle_msgs/srv/detail
[3.616s] -- Up-to-date: /home/ice/microros_ws/firmware/mcu_ws/install/include/lifecycle_msgs/srv/detail/get_available_transitions__rosidl_typesupport_microxrcedds_c.h
[3.617s] -- Up-to-date: /home/ice/microros_ws/firmware/mcu_ws/install/include/lifecycle_msgs/srv/detail/change_state__rosidl_typesupport_microxrcedds_c.h
[3.617s] -- Up-to-date: /home/ice/microros_ws/firmware/mcu_ws/install/include/lifecycle_msgs/srv/detail/microxrcedds
[3.617s] -- Up-to-date: /home/ice/microros_ws/firmware/mcu_ws/install/include/lifecycle_msgs/srv/detail/get_available_states__rosidl_typesupport_microxrcedds_c.h
[3.617s] -- Up-to-date: /home/ice/microros_ws/firmware/mcu_ws/install/include/lifecycle_msgs/srv/detail/get_state__rosidl_typesupport_microxrcedds_c.h
[3.617s] -- Up-to-date: /home/ice/microros_ws/firmware/mcu_ws/install/include/lifecycle_msgs/msg
[3.617s] -- Up-to-date: /home/ice/microros_ws/firmware/mcu_ws/install/include/lifecycle_msgs/msg/detail
[3.617s] -- Up-to-date: /home/ice/microros_ws/firmware/mcu_ws/install/include/lifecycle_msgs/msg/detail/transition__rosidl_typesupport_microxrcedds_c.h
[3.617s] -- Up-to-date: /home/ice/microros_ws/firmware/mcu_ws/install/include/lifecycle_msgs/msg/detail/transition_description__rosidl_typesupport_microxrcedds_c.h
[3.617s] -- Up-to-date: /home/ice/microros_ws/firmware/mcu_ws/install/include/lifecycle_msgs/msg/detail/state__rosidl_typesupport_microxrcedds_c.h
[3.617s] -- Up-to-date: /home/ice/microros_ws/firmware/mcu_ws/install/include/lifecycle_msgs/msg/detail/microxrcedds
[3.617s] -- Up-to-date: /home/ice/microros_ws/firmware/mcu_ws/install/include/lifecycle_msgs/msg/detail/transition_event__rosidl_typesupport_microxrcedds_c.h
[3.617s] -- Up-to-date: /home/ice/microros_ws/firmware/mcu_ws/install/include/lifecycle_msgs/msg/rosidl_typesupport_microxrcedds_c__visibility_control.h
[3.617s] -- Up-to-date: /home/ice/microros_ws/firmware/mcu_ws/install/lib/liblifecycle_msgs__rosidl_typesupport_microxrcedds_c.a
[3.617s] -- Up-to-date: /home/ice/microros_ws/firmware/mcu_ws/install/lib/liblifecycle_msgs__rosidl_typesupport_c.a
[3.618s] -- Up-to-date: /home/ice/microros_ws/firmware/mcu_ws/install/share/lifecycle_msgs/msg/State.idl
[3.618s] -- Up-to-date: /home/ice/microros_ws/firmware/mcu_ws/install/share/lifecycle_msgs/msg/Transition.idl
[3.618s] -- Up-to-date: /home/ice/microros_ws/firmware/mcu_ws/install/share/lifecycle_msgs/msg/TransitionDescription.idl
[3.618s] -- Up-to-date: /home/ice/microros_ws/firmware/mcu_ws/install/share/lifecycle_msgs/msg/TransitionEvent.idl
[3.618s] -- Up-to-date: /home/ice/microros_ws/firmware/mcu_ws/install/share/lifecycle_msgs/srv/ChangeState.idl
[3.618s] -- Up-to-date: /home/ice/microros_ws/firmware/mcu_ws/install/share/lifecycle_msgs/srv/GetAvailableStates.idl
[3.618s] -- Up-to-date: /home/ice/microros_ws/firmware/mcu_ws/install/share/lifecycle_msgs/srv/GetAvailableTransitions.idl
[3.618s] -- Up-to-date: /home/ice/microros_ws/firmware/mcu_ws/install/share/lifecycle_msgs/srv/GetState.idl
[3.618s] -- Up-to-date: /home/ice/microros_ws/firmware/mcu_ws/install/share/lifecycle_msgs/msg/State.msg
[3.618s] -- Up-to-date: /home/ice/microros_ws/firmware/mcu_ws/install/share/lifecycle_msgs/msg/Transition.msg
[3.618s] -- Up-to-date: /home/ice/microros_ws/firmware/mcu_ws/install/share/lifecycle_msgs/msg/TransitionDescription.msg
[3.618s] -- Up-to-date: /home/ice/microros_ws/firmware/mcu_ws/install/share/lifecycle_msgs/msg/TransitionEvent.msg
[3.619s] -- Up-to-date: /home/ice/microros_ws/firmware/mcu_ws/install/share/lifecycle_msgs/srv/ChangeState.srv
[3.619s] -- Up-to-date: /home/ice/microros_ws/firmware/mcu_ws/install/share/lifecycle_msgs/srv/ChangeState_Request.msg
[3.619s] -- Up-to-date: /home/ice/microros_ws/firmware/mcu_ws/install/share/lifecycle_msgs/srv/ChangeState_Response.msg
[3.619s] -- Up-to-date: /home/ice/microros_ws/firmware/mcu_ws/install/share/lifecycle_msgs/srv/GetAvailableStates.srv
[3.619s] -- Up-to-date: /home/ice/microros_ws/firmware/mcu_ws/install/share/lifecycle_msgs/srv/GetAvailableStates_Request.msg
[3.619s] -- Up-to-date: /home/ice/microros_ws/firmware/mcu_ws/install/share/lifecycle_msgs/srv/GetAvailableStates_Response.msg
[3.620s] -- Up-to-date: /home/ice/microros_ws/firmware/mcu_ws/install/share/lifecycle_msgs/srv/GetAvailableTransitions.srv
[3.620s] -- Up-to-date: /home/ice/microros_ws/firmware/mcu_ws/install/share/lifecycle_msgs/srv/GetAvailableTransitions_Request.msg
[3.620s] -- Up-to-date: /home/ice/microros_ws/firmware/mcu_ws/install/share/lifecycle_msgs/srv/GetAvailableTransitions_Response.msg
[3.620s] -- Up-to-date: /home/ice/microros_ws/firmware/mcu_ws/install/share/lifecycle_msgs/srv/GetState.srv
[3.620s] -- Up-to-date: /home/ice/microros_ws/firmware/mcu_ws/install/share/lifecycle_msgs/srv/GetState_Request.msg
[3.620s] -- Up-to-date: /home/ice/microros_ws/firmware/mcu_ws/install/share/lifecycle_msgs/srv/GetState_Response.msg
[3.621s] -- Up-to-date: /home/ice/microros_ws/firmware/mcu_ws/install/share/ament_index/resource_index/package_run_dependencies/lifecycle_msgs
[3.621s] -- Up-to-date: /home/ice/microros_ws/firmware/mcu_ws/install/share/ament_index/resource_index/parent_prefix_path/lifecycle_msgs
[3.621s] -- Up-to-date: /home/ice/microros_ws/firmware/mcu_ws/install/share/lifecycle_msgs/environment/ament_prefix_path.sh
[3.621s] -- Installing: /home/ice/microros_ws/firmware/mcu_ws/install/share/lifecycle_msgs/environment/ament_prefix_path.dsv
[3.621s] -- Up-to-date: /home/ice/microros_ws/firmware/mcu_ws/install/share/lifecycle_msgs/environment/path.sh
[3.621s] -- Installing: /home/ice/microros_ws/firmware/mcu_ws/install/share/lifecycle_msgs/environment/path.dsv
[3.621s] -- Up-to-date: /home/ice/microros_ws/firmware/mcu_ws/install/share/lifecycle_msgs/local_setup.bash
[3.621s] -- Up-to-date: /home/ice/microros_ws/firmware/mcu_ws/install/share/lifecycle_msgs/local_setup.sh
[3.621s] -- Up-to-date: /home/ice/microros_ws/firmware/mcu_ws/install/share/lifecycle_msgs/local_setup.zsh
[3.622s] -- Installing: /home/ice/microros_ws/firmware/mcu_ws/install/share/lifecycle_msgs/local_setup.dsv
[3.622s] -- Installing: /home/ice/microros_ws/firmware/mcu_ws/install/share/lifecycle_msgs/package.dsv
[3.622s] -- Up-to-date: /home/ice/microros_ws/firmware/mcu_ws/install/share/ament_index/resource_index/packages/lifecycle_msgs
[3.622s] -- Up-to-date: /home/ice/microros_ws/firmware/mcu_ws/install/share/lifecycle_msgs/cmake/export_lifecycle_msgs__rosidl_generator_cExport.cmake
[3.623s] -- Up-to-date: /home/ice/microros_ws/firmware/mcu_ws/install/share/lifecycle_msgs/cmake/export_lifecycle_msgs__rosidl_generator_cExport-debug.cmake
[3.623s] -- Up-to-date: /home/ice/microros_ws/firmware/mcu_ws/install/share/lifecycle_msgs/cmake/lifecycle_msgs__rosidl_typesupport_introspection_cExport.cmake
[3.623s] -- Up-to-date: /home/ice/microros_ws/firmware/mcu_ws/install/share/lifecycle_msgs/cmake/lifecycle_msgs__rosidl_typesupport_introspection_cExport-debug.cmake
[3.623s] -- Up-to-date: /home/ice/microros_ws/firmware/mcu_ws/install/share/lifecycle_msgs/cmake/lifecycle_msgs__rosidl_typesupport_cExport.cmake
[3.623s] -- Up-to-date: /home/ice/microros_ws/firmware/mcu_ws/install/share/lifecycle_msgs/cmake/lifecycle_msgs__rosidl_typesupport_cExport-debug.cmake
[3.623s] -- Up-to-date: /home/ice/microros_ws/firmware/mcu_ws/install/share/lifecycle_msgs/cmake/rosidl_cmake-extras.cmake
[3.623s] -- Up-to-date: /home/ice/microros_ws/firmware/mcu_ws/install/share/lifecycle_msgs/cmake/ament_cmake_export_include_directories-extras.cmake
[3.624s] -- Up-to-date: /home/ice/microros_ws/firmware/mcu_ws/install/share/lifecycle_msgs/cmake/ament_cmake_export_libraries-extras.cmake
[3.624s] -- Up-to-date: /home/ice/microros_ws/firmware/mcu_ws/install/share/lifecycle_msgs/cmake/ament_cmake_export_targets-extras.cmake
[3.625s] -- Up-to-date: /home/ice/microros_ws/firmware/mcu_ws/install/share/lifecycle_msgs/cmake/rosidl_cmake_export_typesupport_targets-extras.cmake
[3.625s] -- Up-to-date: /home/ice/microros_ws/firmware/mcu_ws/install/share/lifecycle_msgs/cmake/ament_cmake_export_dependencies-extras.cmake
[3.625s] -- Up-to-date: /home/ice/microros_ws/firmware/mcu_ws/install/share/lifecycle_msgs/cmake/rosidl_cmake_export_typesupport_libraries-extras.cmake
[3.625s] -- Up-to-date: /home/ice/microros_ws/firmware/mcu_ws/install/share/lifecycle_msgs/cmake/lifecycle_msgsConfig.cmake
[3.625s] -- Up-to-date: /home/ice/microros_ws/firmware/mcu_ws/install/share/lifecycle_msgs/cmake/lifecycle_msgsConfig-version.cmake
[3.626s] -- Up-to-date: /home/ice/microros_ws/firmware/mcu_ws/install/share/lifecycle_msgs/package.xml
[3.626s] Invoked command in '/home/ice/microros_ws/firmware/mcu_ws/build/lifecycle_msgs' returned '0': AMENT_PREFIX_PATH=/home/ice/microros_ws/firmware/mcu_ws/install:${AMENT_PREFIX_PATH} CMAKE_PREFIX_PATH=/home/ice/microros_ws/firmware/mcu_ws/install:/home/ice/microros_ws/firmware/dev_ws/install/ament_lint_common:/home/ice/microros_ws/firmware/dev_ws/install/ament_cmake_uncrustify:/home/ice/microros_ws/firmware/dev_ws/install/uncrustify_vendor:/home/ice/microros_ws/firmware/dev_ws/install/ament_cmake_ros:/home/ice/microros_ws/firmware/dev_ws/install/ament_cmake_auto:/home/ice/microros_ws/firmware/dev_ws/install/ament_cmake_gmock:/home/ice/microros_ws/firmware/dev_ws/install/gmock_vendor:/home/ice/microros_ws/firmware/dev_ws/install/ament_cmake_gtest:/home/ice/microros_ws/firmware/dev_ws/install/gtest_vendor:/home/ice/microros_ws/firmware/dev_ws/install/ament_cmake_xmllint:/home/ice/microros_ws/firmware/dev_ws/install/ament_cmake_pyflakes:/home/ice/microros_ws/firmware/dev_ws/install/ament_cmake_pycodestyle:/home/ice/microros_ws/firmware/dev_ws/install/ament_cmake_pep257:/home/ice/microros_ws/firmware/dev_ws/install/ament_cmake_pclint:/home/ice/microros_ws/firmware/dev_ws/install/ament_lint_auto:/home/ice/microros_ws/firmware/dev_ws/install/ament_cmake:/home/ice/microros_ws/firmware/dev_ws/install/ament_cmake_version:/home/ice/microros_ws/firmware/dev_ws/install/ament_cmake_vendor_package:/home/ice/microros_ws/firmware/dev_ws/install/ament_cmake_pytest:/home/ice/microros_ws/firmware/dev_ws/install/ament_cmake_nose:/home/ice/microros_ws/firmware/dev_ws/install/ament_cmake_mypy:/home/ice/microros_ws/firmware/dev_ws/install/ament_cmake_lint_cmake:/home/ice/microros_ws/firmware/dev_ws/install/ament_cmake_google_benchmark:/home/ice/microros_ws/firmware/dev_ws/install/ament_cmake_flake8:/home/ice/microros_ws/firmware/dev_ws/install/ament_cmake_cpplint:/home/ice/microros_ws/firmware/dev_ws/install/ament_cmake_cppcheck:/home/ice/microros_ws/firmware/dev_ws/install/ament_cmake_copyright:/home/ice/microros_ws/firmware/dev_ws/install/ament_cmake_clang_tidy:/home/ice/microros_ws/firmware/dev_ws/install/ament_cmake_clang_format:/home/ice/microros_ws/firmware/dev_ws/install/ament_cmake_test:/home/ice/microros_ws/firmware/dev_ws/install/ament_cmake_target_dependencies:/home/ice/microros_ws/firmware/dev_ws/install/ament_cmake_python:/home/ice/microros_ws/firmware/dev_ws/install/ament_cmake_export_dependencies:/home/ice/microros_ws/firmware/dev_ws/install/ament_cmake_libraries:/home/ice/microros_ws/firmware/dev_ws/install/ament_cmake_include_directories:/home/ice/microros_ws/firmware/dev_ws/install/ament_cmake_gen_version_h:/home/ice/microros_ws/firmware/dev_ws/install/ament_cmake_export_targets:/home/ice/microros_ws/firmware/dev_ws/install/ament_cmake_export_link_flags:/home/ice/microros_ws/firmware/dev_ws/install/ament_cmake_export_interfaces:/home/ice/microros_ws/firmware/dev_ws/install/ament_cmake_export_libraries:/home/ice/microros_ws/firmware/dev_ws/install/ament_cmake_export_include_directories:/home/ice/microros_ws/firmware/dev_ws/install/ament_cmake_export_definitions:/home/ice/microros_ws/firmware/dev_ws/install/ament_cmake_core:/home/ice/microros_ws/firmware/dev_ws/install/ament_index_cpp:/home/ice/microros_ws/firmware/dev_ws/install/ament_uncrustify:/home/ice/microros_ws/firmware/dev_ws/install/domain_coordinator:/home/ice/microros_ws/firmware/dev_ws/install/ament_xmllint:/home/ice/microros_ws/firmware/dev_ws/install/ament_pyflakes:/home/ice/microros_ws/firmware/dev_ws/install/ament_pycodestyle:/home/ice/microros_ws/firmware/dev_ws/install/ament_pep257:/home/ice/microros_ws/firmware/dev_ws/install/ament_pclint:/home/ice/microros_ws/firmware/dev_ws/install/ament_package:/home/ice/microros_ws/firmware/dev_ws/install/ament_mypy:/home/ice/microros_ws/firmware/dev_ws/install/ament_lint_cmake:/home/ice/microros_ws/firmware/dev_ws/install/ament_flake8:/home/ice/microros_ws/firmware/dev_ws/install/ament_copyright:/home/ice/microros_ws/firmware/dev_ws/install/ament_lint:/home/ice/microros_ws/firmware/dev_ws/install/ament_index_python:/home/ice/microros_ws/firmware/dev_ws/install/ament_cpplint:/home/ice/microros_ws/firmware/dev_ws/install/ament_cppcheck:/home/ice/microros_ws/firmware/dev_ws/install/ament_clang_tidy:/home/ice/microros_ws/firmware/dev_ws/install/ament_clang_format LD_LIBRARY_PATH=/home/ice/microros_ws/firmware/mcu_ws/install/lib:${LD_LIBRARY_PATH} PATH=/home/ice/microros_ws/firmware/mcu_ws/install/bin:${PATH} PYTHONPATH=/home/ice/microros_ws/firmware/mcu_ws/install/lib/python3.10/site-packages:${PYTHONPATH} /usr/bin/cmake --install /home/ice/microros_ws/firmware/mcu_ws/build/lifecycle_msgs
