[0.101s] Invoking command in '/home/ice/microros_ws/firmware/mcu_ws/build/libyaml_vendor': CMAKE_PREFIX_PATH=${CMAKE_PREFIX_PATH}:/home/ice/microros_ws/firmware/dev_ws/install/ament_uncrustify:/home/ice/microros_ws/firmware/dev_ws/install/domain_coordinator:/home/ice/microros_ws/firmware/dev_ws/install/ament_xmllint:/home/ice/microros_ws/firmware/dev_ws/install/ament_pyflakes:/home/ice/microros_ws/firmware/dev_ws/install/ament_pycodestyle:/home/ice/microros_ws/firmware/dev_ws/install/ament_pep257:/home/ice/microros_ws/firmware/dev_ws/install/ament_pclint:/home/ice/microros_ws/firmware/dev_ws/install/ament_package:/home/ice/microros_ws/firmware/dev_ws/install/ament_mypy:/home/ice/microros_ws/firmware/dev_ws/install/ament_lint_cmake:/home/ice/microros_ws/firmware/dev_ws/install/ament_flake8:/home/ice/microros_ws/firmware/dev_ws/install/ament_copyright:/home/ice/microros_ws/firmware/dev_ws/install/ament_lint:/home/ice/microros_ws/firmware/dev_ws/install/ament_index_python:/home/ice/microros_ws/firmware/dev_ws/install/ament_cpplint:/home/ice/microros_ws/firmware/dev_ws/install/ament_cppcheck:/home/ice/microros_ws/firmware/dev_ws/install/ament_clang_tidy:/home/ice/microros_ws/firmware/dev_ws/install/ament_clang_format /usr/bin/cmake --build /home/ice/microros_ws/firmware/mcu_ws/build/libyaml_vendor -- -j2 -l2
[0.161s] gmake[4]: Entering directory '/home/ice/microros_ws/firmware/mcu_ws/build/libyaml_vendor'
[0.161s] /usr/bin/cmake -S/home/ice/microros_ws/firmware/mcu_ws/ros2/libyaml_vendor -B/home/ice/microros_ws/firmware/mcu_ws/build/libyaml_vendor --check-build-system CMakeFiles/Makefile.cmake 0
[0.182s] Re-run cmake file: Makefile older than: /home/ice/microros_ws/firmware/freertos_apps/microros_esp32_extensions/esp32_toolchain.cmake
[0.196s] -- Found ament_cmake: 1.3.7 (/home/ice/microros_ws/firmware/dev_ws/install/ament_cmake/share/ament_cmake/cmake)
[0.895s] -- Configuring done
[0.928s] -- Generating done
[0.931s] -- Build files have been written to: /home/ice/microros_ws/firmware/mcu_ws/build/libyaml_vendor
[0.939s] /usr/bin/cmake -E cmake_progress_start /home/ice/microros_ws/firmware/mcu_ws/build/libyaml_vendor/CMakeFiles /home/ice/microros_ws/firmware/mcu_ws/build/libyaml_vendor//CMakeFiles/progress.marks
[0.959s] /usr/bin/gmake  -f CMakeFiles/Makefile2 all
[0.966s] gmake[5]: Entering directory '/home/ice/microros_ws/firmware/mcu_ws/build/libyaml_vendor'
[0.969s] /usr/bin/gmake  -f CMakeFiles/libyaml-0.2.5.dir/build.make CMakeFiles/libyaml-0.2.5.dir/depend
[0.973s] gmake[6]: Entering directory '/home/ice/microros_ws/firmware/mcu_ws/build/libyaml_vendor'
[0.973s] cd /home/ice/microros_ws/firmware/mcu_ws/build/libyaml_vendor && /usr/bin/cmake -E cmake_depends "Unix Makefiles" /home/ice/microros_ws/firmware/mcu_ws/ros2/libyaml_vendor /home/ice/microros_ws/firmware/mcu_ws/ros2/libyaml_vendor /home/ice/microros_ws/firmware/mcu_ws/build/libyaml_vendor /home/ice/microros_ws/firmware/mcu_ws/build/libyaml_vendor /home/ice/microros_ws/firmware/mcu_ws/build/libyaml_vendor/CMakeFiles/libyaml-0.2.5.dir/DependInfo.cmake --color=
[1.097s] gmake[6]: Leaving directory '/home/ice/microros_ws/firmware/mcu_ws/build/libyaml_vendor'
[1.115s] /usr/bin/gmake  -f CMakeFiles/libyaml-0.2.5.dir/build.make CMakeFiles/libyaml-0.2.5.dir/build
[1.116s] gmake[6]: Entering directory '/home/ice/microros_ws/firmware/mcu_ws/build/libyaml_vendor'
[1.117s] gmake[6]: Nothing to be done for 'CMakeFiles/libyaml-0.2.5.dir/build'.
[1.117s] gmake[6]: Leaving directory '/home/ice/microros_ws/firmware/mcu_ws/build/libyaml_vendor'
[1.135s] [100%] Built target libyaml-0.2.5
[1.135s] gmake[5]: Leaving directory '/home/ice/microros_ws/firmware/mcu_ws/build/libyaml_vendor'
[1.135s] /usr/bin/cmake -E cmake_progress_start /home/ice/microros_ws/firmware/mcu_ws/build/libyaml_vendor/CMakeFiles 0
[1.167s] gmake[4]: Leaving directory '/home/ice/microros_ws/firmware/mcu_ws/build/libyaml_vendor'
[1.233s] Invoked command in '/home/ice/microros_ws/firmware/mcu_ws/build/libyaml_vendor' returned '0': CMAKE_PREFIX_PATH=${CMAKE_PREFIX_PATH}:/home/ice/microros_ws/firmware/dev_ws/install/ament_uncrustify:/home/ice/microros_ws/firmware/dev_ws/install/domain_coordinator:/home/ice/microros_ws/firmware/dev_ws/install/ament_xmllint:/home/ice/microros_ws/firmware/dev_ws/install/ament_pyflakes:/home/ice/microros_ws/firmware/dev_ws/install/ament_pycodestyle:/home/ice/microros_ws/firmware/dev_ws/install/ament_pep257:/home/ice/microros_ws/firmware/dev_ws/install/ament_pclint:/home/ice/microros_ws/firmware/dev_ws/install/ament_package:/home/ice/microros_ws/firmware/dev_ws/install/ament_mypy:/home/ice/microros_ws/firmware/dev_ws/install/ament_lint_cmake:/home/ice/microros_ws/firmware/dev_ws/install/ament_flake8:/home/ice/microros_ws/firmware/dev_ws/install/ament_copyright:/home/ice/microros_ws/firmware/dev_ws/install/ament_lint:/home/ice/microros_ws/firmware/dev_ws/install/ament_index_python:/home/ice/microros_ws/firmware/dev_ws/install/ament_cpplint:/home/ice/microros_ws/firmware/dev_ws/install/ament_cppcheck:/home/ice/microros_ws/firmware/dev_ws/install/ament_clang_tidy:/home/ice/microros_ws/firmware/dev_ws/install/ament_clang_format /usr/bin/cmake --build /home/ice/microros_ws/firmware/mcu_ws/build/libyaml_vendor -- -j2 -l2
[1.344s] Invoking command in '/home/ice/microros_ws/firmware/mcu_ws/build/libyaml_vendor': CMAKE_PREFIX_PATH=${CMAKE_PREFIX_PATH}:/home/ice/microros_ws/firmware/dev_ws/install/ament_uncrustify:/home/ice/microros_ws/firmware/dev_ws/install/domain_coordinator:/home/ice/microros_ws/firmware/dev_ws/install/ament_xmllint:/home/ice/microros_ws/firmware/dev_ws/install/ament_pyflakes:/home/ice/microros_ws/firmware/dev_ws/install/ament_pycodestyle:/home/ice/microros_ws/firmware/dev_ws/install/ament_pep257:/home/ice/microros_ws/firmware/dev_ws/install/ament_pclint:/home/ice/microros_ws/firmware/dev_ws/install/ament_package:/home/ice/microros_ws/firmware/dev_ws/install/ament_mypy:/home/ice/microros_ws/firmware/dev_ws/install/ament_lint_cmake:/home/ice/microros_ws/firmware/dev_ws/install/ament_flake8:/home/ice/microros_ws/firmware/dev_ws/install/ament_copyright:/home/ice/microros_ws/firmware/dev_ws/install/ament_lint:/home/ice/microros_ws/firmware/dev_ws/install/ament_index_python:/home/ice/microros_ws/firmware/dev_ws/install/ament_cpplint:/home/ice/microros_ws/firmware/dev_ws/install/ament_cppcheck:/home/ice/microros_ws/firmware/dev_ws/install/ament_clang_tidy:/home/ice/microros_ws/firmware/dev_ws/install/ament_clang_format /usr/bin/cmake --install /home/ice/microros_ws/firmware/mcu_ws/build/libyaml_vendor
[1.367s] -- Install configuration: "Debug"
[1.368s] -- Up-to-date: /home/ice/microros_ws/firmware/mcu_ws/install
[1.368s] -- Up-to-date: /home/ice/microros_ws/firmware/mcu_ws/install/lib
[1.368s] -- Up-to-date: /home/ice/microros_ws/firmware/mcu_ws/install/lib/libyaml.a
[1.368s] -- Up-to-date: /home/ice/microros_ws/firmware/mcu_ws/install/include
[1.369s] -- Up-to-date: /home/ice/microros_ws/firmware/mcu_ws/install/include/libyaml_vendor
[1.371s] -- Up-to-date: /home/ice/microros_ws/firmware/mcu_ws/install/include/libyaml_vendor/yaml.h
[1.371s] -- Up-to-date: /home/ice/microros_ws/firmware/mcu_ws/install/cmake
[1.371s] -- Up-to-date: /home/ice/microros_ws/firmware/mcu_ws/install/cmake/yamlConfigVersion.cmake
[1.372s] -- Up-to-date: /home/ice/microros_ws/firmware/mcu_ws/install/cmake/yamlTargets-debug.cmake
[1.372s] -- Up-to-date: /home/ice/microros_ws/firmware/mcu_ws/install/cmake/yamlConfig.cmake
[1.372s] -- Up-to-date: /home/ice/microros_ws/firmware/mcu_ws/install/cmake/yamlTargets.cmake
[1.372s] -- Up-to-date: /home/ice/microros_ws/firmware/mcu_ws/install/share/libyaml_vendor/environment/library_path.sh
[1.372s] -- Installing: /home/ice/microros_ws/firmware/mcu_ws/install/share/libyaml_vendor/environment/library_path.dsv
[1.374s] -- Up-to-date: /home/ice/microros_ws/firmware/mcu_ws/install/share/ament_index/resource_index/package_run_dependencies/libyaml_vendor
[1.375s] -- Up-to-date: /home/ice/microros_ws/firmware/mcu_ws/install/share/ament_index/resource_index/parent_prefix_path/libyaml_vendor
[1.375s] -- Up-to-date: /home/ice/microros_ws/firmware/mcu_ws/install/share/libyaml_vendor/environment/ament_prefix_path.sh
[1.375s] -- Installing: /home/ice/microros_ws/firmware/mcu_ws/install/share/libyaml_vendor/environment/ament_prefix_path.dsv
[1.378s] -- Up-to-date: /home/ice/microros_ws/firmware/mcu_ws/install/share/libyaml_vendor/environment/path.sh
[1.378s] -- Installing: /home/ice/microros_ws/firmware/mcu_ws/install/share/libyaml_vendor/environment/path.dsv
[1.378s] -- Up-to-date: /home/ice/microros_ws/firmware/mcu_ws/install/share/libyaml_vendor/local_setup.bash
[1.379s] -- Up-to-date: /home/ice/microros_ws/firmware/mcu_ws/install/share/libyaml_vendor/local_setup.sh
[1.379s] -- Up-to-date: /home/ice/microros_ws/firmware/mcu_ws/install/share/libyaml_vendor/local_setup.zsh
[1.379s] -- Installing: /home/ice/microros_ws/firmware/mcu_ws/install/share/libyaml_vendor/local_setup.dsv
[1.380s] -- Installing: /home/ice/microros_ws/firmware/mcu_ws/install/share/libyaml_vendor/package.dsv
[1.380s] -- Up-to-date: /home/ice/microros_ws/firmware/mcu_ws/install/share/ament_index/resource_index/packages/libyaml_vendor
[1.381s] -- Up-to-date: /home/ice/microros_ws/firmware/mcu_ws/install/share/libyaml_vendor/cmake/libyaml_vendor-extras.cmake
[1.381s] -- Up-to-date: /home/ice/microros_ws/firmware/mcu_ws/install/share/libyaml_vendor/cmake/ament_cmake_export_libraries-extras.cmake
[1.382s] -- Up-to-date: /home/ice/microros_ws/firmware/mcu_ws/install/share/libyaml_vendor/cmake/ament_cmake_export_dependencies-extras.cmake
[1.382s] -- Up-to-date: /home/ice/microros_ws/firmware/mcu_ws/install/share/libyaml_vendor/cmake/libyaml_vendorConfig.cmake
[1.382s] -- Up-to-date: /home/ice/microros_ws/firmware/mcu_ws/install/share/libyaml_vendor/cmake/libyaml_vendorConfig-version.cmake
[1.382s] -- Up-to-date: /home/ice/microros_ws/firmware/mcu_ws/install/share/libyaml_vendor/package.xml
[1.390s] Invoked command in '/home/ice/microros_ws/firmware/mcu_ws/build/libyaml_vendor' returned '0': CMAKE_PREFIX_PATH=${CMAKE_PREFIX_PATH}:/home/ice/microros_ws/firmware/dev_ws/install/ament_uncrustify:/home/ice/microros_ws/firmware/dev_ws/install/domain_coordinator:/home/ice/microros_ws/firmware/dev_ws/install/ament_xmllint:/home/ice/microros_ws/firmware/dev_ws/install/ament_pyflakes:/home/ice/microros_ws/firmware/dev_ws/install/ament_pycodestyle:/home/ice/microros_ws/firmware/dev_ws/install/ament_pep257:/home/ice/microros_ws/firmware/dev_ws/install/ament_pclint:/home/ice/microros_ws/firmware/dev_ws/install/ament_package:/home/ice/microros_ws/firmware/dev_ws/install/ament_mypy:/home/ice/microros_ws/firmware/dev_ws/install/ament_lint_cmake:/home/ice/microros_ws/firmware/dev_ws/install/ament_flake8:/home/ice/microros_ws/firmware/dev_ws/install/ament_copyright:/home/ice/microros_ws/firmware/dev_ws/install/ament_lint:/home/ice/microros_ws/firmware/dev_ws/install/ament_index_python:/home/ice/microros_ws/firmware/dev_ws/install/ament_cpplint:/home/ice/microros_ws/firmware/dev_ws/install/ament_cppcheck:/home/ice/microros_ws/firmware/dev_ws/install/ament_clang_tidy:/home/ice/microros_ws/firmware/dev_ws/install/ament_clang_format /usr/bin/cmake --install /home/ice/microros_ws/firmware/mcu_ws/build/libyaml_vendor
