[0.173s] Invoking command in '/home/ice/polaris-bot/ros2_ws/build/my_message': CMAKE_PREFIX_PATH=${CMAKE_PREFIX_PATH}:/opt/ros/humble /usr/bin/cmake /home/ice/polaris-bot/ros2_ws/src/my_message -DCMAKE_INSTALL_PREFIX=/home/ice/polaris-bot/ros2_ws/install/my_message
[3.238s] -- The C compiler identification is GNU 11.4.0
[3.729s] -- The CXX compiler identification is GNU 11.4.0
[3.773s] -- Detecting C compiler ABI info
[4.010s] -- Detecting C compiler ABI info - done
[4.023s] -- Check for working C compiler: /usr/bin/cc - skipped
[4.026s] -- Detecting C compile features
[4.030s] -- Detecting C compile features - done
[4.041s] -- Detecting CXX compiler ABI info
[4.242s] -- Detecting CXX compiler ABI info - done
[4.279s] -- Check for working CXX compiler: /usr/bin/c++ - skipped
[4.280s] -- Detecting CXX compile features
[4.280s] -- Detecting CXX compile features - done
[4.352s] -- Found ament_cmake: 1.3.7 (/opt/ros/humble/share/ament_cmake/cmake)
[5.020s] -- Found Python3: /usr/bin/python3.10 (found version "3.10.12") found components: Interpreter 
[5.682s] -- Found rosidl_default_generators: 1.2.0 (/opt/ros/humble/share/rosidl_default_generators/cmake)
[5.727s] -- Using all available rosidl_typesupport_c: rosidl_typesupport_fastrtps_c;rosidl_typesupport_introspection_c
[5.809s] -- Found rosidl_adapter: 3.1.5 (/opt/ros/humble/share/rosidl_adapter/cmake)
[6.154s] -- Using all available rosidl_typesupport_cpp: rosidl_typesupport_fastrtps_cpp;rosidl_typesupport_introspection_cpp
[7.356s] -- Found ament_cmake_ros: 0.10.0 (/opt/ros/humble/share/ament_cmake_ros/cmake)
[7.872s] -- Using all available rosidl_typesupport_c: rosidl_typesupport_fastrtps_c;rosidl_typesupport_introspection_c
[8.424s] -- Using all available rosidl_typesupport_cpp: rosidl_typesupport_fastrtps_cpp;rosidl_typesupport_introspection_cpp
[8.481s] -- Found PythonInterp: /usr/bin/python3 (found suitable version "3.10.12", minimum required is "3.6") 
[8.484s] -- Found python_cmake_module: 0.10.0 (/opt/ros/humble/share/python_cmake_module/cmake)
[8.533s] -- Found PythonLibs: /usr/lib/x86_64-linux-gnu/libpython3.10.so (found suitable version "3.10.12", minimum required is "3.5") 
[8.534s] -- Using PYTHON_EXECUTABLE: /usr/bin/python3
[8.534s] -- Using PYTHON_INCLUDE_DIRS: /usr/include/python3.10
[8.534s] -- Using PYTHON_LIBRARIES: /usr/lib/x86_64-linux-gnu/libpython3.10.so
[8.578s] -- Found PythonExtra: .so  
[8.678s] -- Found ament_lint_auto: 0.12.10 (/opt/ros/humble/share/ament_lint_auto/cmake)
[8.811s] -- Added test 'lint_cmake' to check CMake code style
[8.818s] -- Added test 'xmllint' to check XML markup files
[8.836s] -- Configuring done
[9.112s] -- Generating done
[9.153s] -- Build files have been written to: /home/ice/polaris-bot/ros2_ws/build/my_message
[9.179s] Invoked command in '/home/ice/polaris-bot/ros2_ws/build/my_message' returned '0': CMAKE_PREFIX_PATH=${CMAKE_PREFIX_PATH}:/opt/ros/humble /usr/bin/cmake /home/ice/polaris-bot/ros2_ws/src/my_message -DCMAKE_INSTALL_PREFIX=/home/ice/polaris-bot/ros2_ws/install/my_message
[9.180s] Invoking command in '/home/ice/polaris-bot/ros2_ws/build/my_message': CMAKE_PREFIX_PATH=${CMAKE_PREFIX_PATH}:/opt/ros/humble /usr/bin/cmake --build /home/ice/polaris-bot/ros2_ws/build/my_message -- -j2 -l2
[9.308s] [35m[1mConsolidate compiler generated dependencies of target my_message__rosidl_generator_c[0m
[9.345s] [  3%] Built target my_message__cpp
[9.407s] [ 12%] Built target my_message__rosidl_generator_c
[9.470s] [35m[1mConsolidate compiler generated dependencies of target my_message__rosidl_typesupport_introspection_cpp[0m
[9.511s] [ 12%] Built target ament_cmake_python_copy_my_message
[9.563s] [35m[1mConsolidate compiler generated dependencies of target my_message__rosidl_typesupport_cpp[0m
[9.569s] [ 22%] Built target my_message__rosidl_typesupport_introspection_cpp
[9.602s] [35m[1mConsolidate compiler generated dependencies of target my_message__rosidl_typesupport_fastrtps_c[0m
[9.639s] [ 32%] Built target my_message__rosidl_typesupport_cpp
[9.659s] [ 41%] Built target my_message__rosidl_typesupport_fastrtps_c
[9.702s] [35m[1mConsolidate compiler generated dependencies of target my_message__rosidl_typesupport_c[0m
[9.750s] [35m[1mConsolidate compiler generated dependencies of target my_message__rosidl_typesupport_introspection_c[0m
[9.776s] [ 51%] Built target my_message__rosidl_typesupport_c
[9.800s] [ 61%] Built target my_message__rosidl_typesupport_introspection_c
[9.842s] [35m[1mConsolidate compiler generated dependencies of target my_message__rosidl_typesupport_fastrtps_cpp[0m
[9.892s] [ 70%] Built target my_message__rosidl_typesupport_fastrtps_cpp
[10.027s] [ 70%] Built target my_message
[10.225s] [ 74%] Built target my_message__py
[10.291s] [35m[1mConsolidate compiler generated dependencies of target my_message__rosidl_generator_py[0m
[10.346s] [ 80%] Built target my_message__rosidl_generator_py
[10.450s] [35m[1mConsolidate compiler generated dependencies of target my_message__rosidl_typesupport_fastrtps_c__pyext[0m
[10.576s] [ 87%] Built target my_message__rosidl_typesupport_fastrtps_c__pyext
[10.589s] running egg_info
[10.590s] writing my_message.egg-info/PKG-INFO
[10.591s] writing dependency_links to my_message.egg-info/dependency_links.txt
[10.593s] writing top-level names to my_message.egg-info/top_level.txt
[10.603s] reading manifest file 'my_message.egg-info/SOURCES.txt'
[10.606s] writing manifest file 'my_message.egg-info/SOURCES.txt'
[10.624s] [35m[1mConsolidate compiler generated dependencies of target my_message__rosidl_typesupport_introspection_c__pyext[0m
[10.723s] [ 93%] Built target my_message__rosidl_typesupport_introspection_c__pyext
[10.760s] [ 93%] Built target ament_cmake_python_build_my_message_egg
[10.787s] [35m[1mConsolidate compiler generated dependencies of target my_message__rosidl_typesupport_c__pyext[0m
[10.819s] [100%] Built target my_message__rosidl_typesupport_c__pyext
[10.846s] Invoked command in '/home/ice/polaris-bot/ros2_ws/build/my_message' returned '0': CMAKE_PREFIX_PATH=${CMAKE_PREFIX_PATH}:/opt/ros/humble /usr/bin/cmake --build /home/ice/polaris-bot/ros2_ws/build/my_message -- -j2 -l2
[11.112s] Invoking command in '/home/ice/polaris-bot/ros2_ws/build/my_message': CMAKE_PREFIX_PATH=${CMAKE_PREFIX_PATH}:/opt/ros/humble /usr/bin/cmake --install /home/ice/polaris-bot/ros2_ws/build/my_message
[11.131s] -- Install configuration: ""
[11.133s] -- Up-to-date: /home/ice/polaris-bot/ros2_ws/install/my_message/share/ament_index/resource_index/rosidl_interfaces/my_message
[11.134s] -- Up-to-date: /home/ice/polaris-bot/ros2_ws/install/my_message/include/my_message/my_message
[11.136s] -- Up-to-date: /home/ice/polaris-bot/ros2_ws/install/my_message/include/my_message/my_message/msg
[11.137s] -- Up-to-date: /home/ice/polaris-bot/ros2_ws/install/my_message/include/my_message/my_message/msg/detail
[11.139s] -- Up-to-date: /home/ice/polaris-bot/ros2_ws/install/my_message/include/my_message/my_message/msg/detail/my_message__struct.h
[11.140s] -- Up-to-date: /home/ice/polaris-bot/ros2_ws/install/my_message/include/my_message/my_message/msg/detail/my_message__type_support.h
[11.140s] -- Up-to-date: /home/ice/polaris-bot/ros2_ws/install/my_message/include/my_message/my_message/msg/detail/my_message__functions.c
[11.140s] -- Up-to-date: /home/ice/polaris-bot/ros2_ws/install/my_message/include/my_message/my_message/msg/detail/my_message__functions.h
[11.140s] -- Up-to-date: /home/ice/polaris-bot/ros2_ws/install/my_message/include/my_message/my_message/msg/my_message.h
[11.141s] -- Up-to-date: /home/ice/polaris-bot/ros2_ws/install/my_message/include/my_message/my_message/msg/rosidl_generator_c__visibility_control.h
[11.141s] -- Up-to-date: /home/ice/polaris-bot/ros2_ws/install/my_message/share/my_message/environment/library_path.sh
[11.142s] -- Installing: /home/ice/polaris-bot/ros2_ws/install/my_message/share/my_message/environment/library_path.dsv
[11.147s] -- Up-to-date: /home/ice/polaris-bot/ros2_ws/install/my_message/lib/libmy_message__rosidl_generator_c.so
[11.148s] -- Up-to-date: /home/ice/polaris-bot/ros2_ws/install/my_message/include/my_message/my_message
[11.149s] -- Up-to-date: /home/ice/polaris-bot/ros2_ws/install/my_message/include/my_message/my_message/msg
[11.149s] -- Up-to-date: /home/ice/polaris-bot/ros2_ws/install/my_message/include/my_message/my_message/msg/detail
[11.149s] -- Up-to-date: /home/ice/polaris-bot/ros2_ws/install/my_message/include/my_message/my_message/msg/detail/my_message__rosidl_typesupport_fastrtps_c.h
[11.150s] -- Up-to-date: /home/ice/polaris-bot/ros2_ws/install/my_message/include/my_message/my_message/msg/rosidl_typesupport_fastrtps_c__visibility_control.h
[11.154s] -- Up-to-date: /home/ice/polaris-bot/ros2_ws/install/my_message/lib/libmy_message__rosidl_typesupport_fastrtps_c.so
[11.154s] -- Up-to-date: /home/ice/polaris-bot/ros2_ws/install/my_message/include/my_message/my_message
[11.155s] -- Up-to-date: /home/ice/polaris-bot/ros2_ws/install/my_message/include/my_message/my_message/msg
[11.155s] -- Up-to-date: /home/ice/polaris-bot/ros2_ws/install/my_message/include/my_message/my_message/msg/detail
[11.155s] -- Up-to-date: /home/ice/polaris-bot/ros2_ws/install/my_message/include/my_message/my_message/msg/detail/my_message__type_support.c
[11.155s] -- Up-to-date: /home/ice/polaris-bot/ros2_ws/install/my_message/include/my_message/my_message/msg/detail/my_message__rosidl_typesupport_introspection_c.h
[11.155s] -- Up-to-date: /home/ice/polaris-bot/ros2_ws/install/my_message/include/my_message/my_message/msg/rosidl_typesupport_introspection_c__visibility_control.h
[11.159s] -- Up-to-date: /home/ice/polaris-bot/ros2_ws/install/my_message/lib/libmy_message__rosidl_typesupport_introspection_c.so
[11.161s] -- Up-to-date: /home/ice/polaris-bot/ros2_ws/install/my_message/lib/libmy_message__rosidl_typesupport_c.so
[11.161s] -- Up-to-date: /home/ice/polaris-bot/ros2_ws/install/my_message/include/my_message/my_message
[11.162s] -- Up-to-date: /home/ice/polaris-bot/ros2_ws/install/my_message/include/my_message/my_message/msg
[11.163s] -- Up-to-date: /home/ice/polaris-bot/ros2_ws/install/my_message/include/my_message/my_message/msg/detail
[11.163s] -- Up-to-date: /home/ice/polaris-bot/ros2_ws/install/my_message/include/my_message/my_message/msg/detail/my_message__traits.hpp
[11.163s] -- Up-to-date: /home/ice/polaris-bot/ros2_ws/install/my_message/include/my_message/my_message/msg/detail/my_message__builder.hpp
[11.163s] -- Up-to-date: /home/ice/polaris-bot/ros2_ws/install/my_message/include/my_message/my_message/msg/detail/my_message__struct.hpp
[11.164s] -- Up-to-date: /home/ice/polaris-bot/ros2_ws/install/my_message/include/my_message/my_message/msg/my_message.hpp
[11.164s] -- Up-to-date: /home/ice/polaris-bot/ros2_ws/install/my_message/include/my_message/my_message
[11.164s] -- Up-to-date: /home/ice/polaris-bot/ros2_ws/install/my_message/include/my_message/my_message/msg
[11.164s] -- Up-to-date: /home/ice/polaris-bot/ros2_ws/install/my_message/include/my_message/my_message/msg/detail
[11.165s] -- Up-to-date: /home/ice/polaris-bot/ros2_ws/install/my_message/include/my_message/my_message/msg/detail/dds_fastrtps
[11.165s] -- Up-to-date: /home/ice/polaris-bot/ros2_ws/install/my_message/include/my_message/my_message/msg/detail/my_message__rosidl_typesupport_fastrtps_cpp.hpp
[11.166s] -- Up-to-date: /home/ice/polaris-bot/ros2_ws/install/my_message/include/my_message/my_message/msg/rosidl_typesupport_fastrtps_cpp__visibility_control.h
[11.169s] -- Up-to-date: /home/ice/polaris-bot/ros2_ws/install/my_message/lib/libmy_message__rosidl_typesupport_fastrtps_cpp.so
[11.169s] -- Up-to-date: /home/ice/polaris-bot/ros2_ws/install/my_message/include/my_message/my_message
[11.169s] -- Up-to-date: /home/ice/polaris-bot/ros2_ws/install/my_message/include/my_message/my_message/msg
[11.170s] -- Up-to-date: /home/ice/polaris-bot/ros2_ws/install/my_message/include/my_message/my_message/msg/detail
[11.170s] -- Up-to-date: /home/ice/polaris-bot/ros2_ws/install/my_message/include/my_message/my_message/msg/detail/my_message__rosidl_typesupport_introspection_cpp.hpp
[11.170s] -- Up-to-date: /home/ice/polaris-bot/ros2_ws/install/my_message/include/my_message/my_message/msg/detail/my_message__type_support.cpp
[11.174s] -- Up-to-date: /home/ice/polaris-bot/ros2_ws/install/my_message/lib/libmy_message__rosidl_typesupport_introspection_cpp.so
[11.178s] -- Up-to-date: /home/ice/polaris-bot/ros2_ws/install/my_message/lib/libmy_message__rosidl_typesupport_cpp.so
[11.180s] -- Up-to-date: /home/ice/polaris-bot/ros2_ws/install/my_message/share/my_message/environment/pythonpath.sh
[11.180s] -- Installing: /home/ice/polaris-bot/ros2_ws/install/my_message/share/my_message/environment/pythonpath.dsv
[11.181s] -- Up-to-date: /home/ice/polaris-bot/ros2_ws/install/my_message/local/lib/python3.10/dist-packages/my_message-0.0.0-py3.10.egg-info
[11.182s] -- Installing: /home/ice/polaris-bot/ros2_ws/install/my_message/local/lib/python3.10/dist-packages/my_message-0.0.0-py3.10.egg-info/top_level.txt
[11.183s] -- Installing: /home/ice/polaris-bot/ros2_ws/install/my_message/local/lib/python3.10/dist-packages/my_message-0.0.0-py3.10.egg-info/PKG-INFO
[11.184s] -- Installing: /home/ice/polaris-bot/ros2_ws/install/my_message/local/lib/python3.10/dist-packages/my_message-0.0.0-py3.10.egg-info/SOURCES.txt
[11.185s] -- Installing: /home/ice/polaris-bot/ros2_ws/install/my_message/local/lib/python3.10/dist-packages/my_message-0.0.0-py3.10.egg-info/dependency_links.txt
[11.186s] -- Up-to-date: /home/ice/polaris-bot/ros2_ws/install/my_message/local/lib/python3.10/dist-packages/my_message
[11.188s] -- Up-to-date: /home/ice/polaris-bot/ros2_ws/install/my_message/local/lib/python3.10/dist-packages/my_message/_my_message_s.ep.rosidl_typesupport_fastrtps_c.c
[11.188s] -- Up-to-date: /home/ice/polaris-bot/ros2_ws/install/my_message/local/lib/python3.10/dist-packages/my_message/my_message_s__rosidl_typesupport_c.cpython-310-x86_64-linux-gnu.so
[11.189s] -- Up-to-date: /home/ice/polaris-bot/ros2_ws/install/my_message/local/lib/python3.10/dist-packages/my_message/my_message_s__rosidl_typesupport_introspection_c.cpython-310-x86_64-linux-gnu.so
[11.189s] -- Up-to-date: /home/ice/polaris-bot/ros2_ws/install/my_message/local/lib/python3.10/dist-packages/my_message/_my_message_s.ep.rosidl_typesupport_c.c
[11.190s] -- Up-to-date: /home/ice/polaris-bot/ros2_ws/install/my_message/local/lib/python3.10/dist-packages/my_message/libmy_message__rosidl_generator_py.so
[11.190s] -- Up-to-date: /home/ice/polaris-bot/ros2_ws/install/my_message/local/lib/python3.10/dist-packages/my_message/my_message_s__rosidl_typesupport_fastrtps_c.cpython-310-x86_64-linux-gnu.so
[11.191s] -- Up-to-date: /home/ice/polaris-bot/ros2_ws/install/my_message/local/lib/python3.10/dist-packages/my_message/_my_message_s.ep.rosidl_typesupport_introspection_c.c
[11.192s] -- Up-to-date: /home/ice/polaris-bot/ros2_ws/install/my_message/local/lib/python3.10/dist-packages/my_message/msg
[11.194s] -- Up-to-date: /home/ice/polaris-bot/ros2_ws/install/my_message/local/lib/python3.10/dist-packages/my_message/msg/_my_message.py
[11.194s] -- Up-to-date: /home/ice/polaris-bot/ros2_ws/install/my_message/local/lib/python3.10/dist-packages/my_message/msg/__init__.py
[11.196s] -- Up-to-date: /home/ice/polaris-bot/ros2_ws/install/my_message/local/lib/python3.10/dist-packages/my_message/msg/_my_message_s.c
[11.196s] -- Installing: /home/ice/polaris-bot/ros2_ws/install/my_message/local/lib/python3.10/dist-packages/my_message/__init__.py
[11.338s] Listing '/home/ice/polaris-bot/ros2_ws/install/my_message/local/lib/python3.10/dist-packages/my_message'...
[11.338s] Compiling '/home/ice/polaris-bot/ros2_ws/install/my_message/local/lib/python3.10/dist-packages/my_message/__init__.py'...
[11.339s] Listing '/home/ice/polaris-bot/ros2_ws/install/my_message/local/lib/python3.10/dist-packages/my_message/msg'...
[11.351s] -- Up-to-date: /home/ice/polaris-bot/ros2_ws/install/my_message/local/lib/python3.10/dist-packages/my_message/my_message_s__rosidl_typesupport_fastrtps_c.cpython-310-x86_64-linux-gnu.so
[11.354s] -- Up-to-date: /home/ice/polaris-bot/ros2_ws/install/my_message/local/lib/python3.10/dist-packages/my_message/my_message_s__rosidl_typesupport_introspection_c.cpython-310-x86_64-linux-gnu.so
[11.368s] -- Up-to-date: /home/ice/polaris-bot/ros2_ws/install/my_message/local/lib/python3.10/dist-packages/my_message/my_message_s__rosidl_typesupport_c.cpython-310-x86_64-linux-gnu.so
[11.375s] -- Up-to-date: /home/ice/polaris-bot/ros2_ws/install/my_message/lib/libmy_message__rosidl_generator_py.so
[11.376s] -- Up-to-date: /home/ice/polaris-bot/ros2_ws/install/my_message/share/my_message/msg/MyMessage.idl
[11.377s] -- Installing: /home/ice/polaris-bot/ros2_ws/install/my_message/share/my_message/msg/MyMessage.msg
[11.377s] -- Up-to-date: /home/ice/polaris-bot/ros2_ws/install/my_message/share/ament_index/resource_index/package_run_dependencies/my_message
[11.378s] -- Installing: /home/ice/polaris-bot/ros2_ws/install/my_message/share/ament_index/resource_index/parent_prefix_path/my_message
[11.378s] -- Up-to-date: /home/ice/polaris-bot/ros2_ws/install/my_message/share/my_message/environment/ament_prefix_path.sh
[11.378s] -- Installing: /home/ice/polaris-bot/ros2_ws/install/my_message/share/my_message/environment/ament_prefix_path.dsv
[11.379s] -- Up-to-date: /home/ice/polaris-bot/ros2_ws/install/my_message/share/my_message/environment/path.sh
[11.379s] -- Installing: /home/ice/polaris-bot/ros2_ws/install/my_message/share/my_message/environment/path.dsv
[11.391s] -- Up-to-date: /home/ice/polaris-bot/ros2_ws/install/my_message/share/my_message/local_setup.bash
[11.391s] -- Up-to-date: /home/ice/polaris-bot/ros2_ws/install/my_message/share/my_message/local_setup.sh
[11.392s] -- Up-to-date: /home/ice/polaris-bot/ros2_ws/install/my_message/share/my_message/local_setup.zsh
[11.392s] -- Installing: /home/ice/polaris-bot/ros2_ws/install/my_message/share/my_message/local_setup.dsv
[11.397s] -- Installing: /home/ice/polaris-bot/ros2_ws/install/my_message/share/my_message/package.dsv
[11.406s] -- Up-to-date: /home/ice/polaris-bot/ros2_ws/install/my_message/share/ament_index/resource_index/packages/my_message
[11.407s] -- Up-to-date: /home/ice/polaris-bot/ros2_ws/install/my_message/share/my_message/cmake/export_my_message__rosidl_generator_cExport.cmake
[11.407s] -- Up-to-date: /home/ice/polaris-bot/ros2_ws/install/my_message/share/my_message/cmake/export_my_message__rosidl_generator_cExport-noconfig.cmake
[11.407s] -- Up-to-date: /home/ice/polaris-bot/ros2_ws/install/my_message/share/my_message/cmake/export_my_message__rosidl_typesupport_fastrtps_cExport.cmake
[11.407s] -- Up-to-date: /home/ice/polaris-bot/ros2_ws/install/my_message/share/my_message/cmake/export_my_message__rosidl_typesupport_fastrtps_cExport-noconfig.cmake
[11.407s] -- Up-to-date: /home/ice/polaris-bot/ros2_ws/install/my_message/share/my_message/cmake/my_message__rosidl_typesupport_introspection_cExport.cmake
[11.408s] -- Up-to-date: /home/ice/polaris-bot/ros2_ws/install/my_message/share/my_message/cmake/my_message__rosidl_typesupport_introspection_cExport-noconfig.cmake
[11.416s] -- Up-to-date: /home/ice/polaris-bot/ros2_ws/install/my_message/share/my_message/cmake/my_message__rosidl_typesupport_cExport.cmake
[11.417s] -- Up-to-date: /home/ice/polaris-bot/ros2_ws/install/my_message/share/my_message/cmake/my_message__rosidl_typesupport_cExport-noconfig.cmake
[11.418s] -- Up-to-date: /home/ice/polaris-bot/ros2_ws/install/my_message/share/my_message/cmake/export_my_message__rosidl_generator_cppExport.cmake
[11.437s] -- Up-to-date: /home/ice/polaris-bot/ros2_ws/install/my_message/share/my_message/cmake/export_my_message__rosidl_typesupport_fastrtps_cppExport.cmake
[11.438s] -- Up-to-date: /home/ice/polaris-bot/ros2_ws/install/my_message/share/my_message/cmake/export_my_message__rosidl_typesupport_fastrtps_cppExport-noconfig.cmake
[11.438s] -- Up-to-date: /home/ice/polaris-bot/ros2_ws/install/my_message/share/my_message/cmake/my_message__rosidl_typesupport_introspection_cppExport.cmake
[11.438s] -- Up-to-date: /home/ice/polaris-bot/ros2_ws/install/my_message/share/my_message/cmake/my_message__rosidl_typesupport_introspection_cppExport-noconfig.cmake
[11.438s] -- Up-to-date: /home/ice/polaris-bot/ros2_ws/install/my_message/share/my_message/cmake/my_message__rosidl_typesupport_cppExport.cmake
[11.439s] -- Up-to-date: /home/ice/polaris-bot/ros2_ws/install/my_message/share/my_message/cmake/my_message__rosidl_typesupport_cppExport-noconfig.cmake
[11.439s] -- Up-to-date: /home/ice/polaris-bot/ros2_ws/install/my_message/share/my_message/cmake/export_my_message__rosidl_generator_pyExport.cmake
[11.439s] -- Up-to-date: /home/ice/polaris-bot/ros2_ws/install/my_message/share/my_message/cmake/export_my_message__rosidl_generator_pyExport-noconfig.cmake
[11.440s] -- Up-to-date: /home/ice/polaris-bot/ros2_ws/install/my_message/share/my_message/cmake/rosidl_cmake-extras.cmake
[11.440s] -- Up-to-date: /home/ice/polaris-bot/ros2_ws/install/my_message/share/my_message/cmake/ament_cmake_export_include_directories-extras.cmake
[11.440s] -- Up-to-date: /home/ice/polaris-bot/ros2_ws/install/my_message/share/my_message/cmake/ament_cmake_export_libraries-extras.cmake
[11.440s] -- Up-to-date: /home/ice/polaris-bot/ros2_ws/install/my_message/share/my_message/cmake/ament_cmake_export_targets-extras.cmake
[11.441s] -- Up-to-date: /home/ice/polaris-bot/ros2_ws/install/my_message/share/my_message/cmake/rosidl_cmake_export_typesupport_targets-extras.cmake
[11.441s] -- Up-to-date: /home/ice/polaris-bot/ros2_ws/install/my_message/share/my_message/cmake/ament_cmake_export_dependencies-extras.cmake
[11.441s] -- Up-to-date: /home/ice/polaris-bot/ros2_ws/install/my_message/share/my_message/cmake/rosidl_cmake_export_typesupport_libraries-extras.cmake
[11.442s] -- Up-to-date: /home/ice/polaris-bot/ros2_ws/install/my_message/share/my_message/cmake/my_messageConfig.cmake
[11.442s] -- Up-to-date: /home/ice/polaris-bot/ros2_ws/install/my_message/share/my_message/cmake/my_messageConfig-version.cmake
[11.448s] -- Installing: /home/ice/polaris-bot/ros2_ws/install/my_message/share/my_message/package.xml
[11.462s] Invoked command in '/home/ice/polaris-bot/ros2_ws/build/my_message' returned '0': CMAKE_PREFIX_PATH=${CMAKE_PREFIX_PATH}:/opt/ros/humble /usr/bin/cmake --install /home/ice/polaris-bot/ros2_ws/build/my_message
