gmake[4]: Entering directory '/home/ice/microros_ws/firmware/mcu_ws/build/messages'
/usr/bin/cmake -S/home/ice/microros_ws/firmware/mcu_ws/messages -B/home/ice/microros_ws/firmware/mcu_ws/build/messages --check-build-system CMakeFiles/Makefile.cmake 0
Re-run cmake file: Makefile older than: /home/ice/microros_ws/firmware/freertos_apps/microros_esp32_extensions/esp32_toolchain.cmake
-- Found ament_cmake: 1.3.7 (/home/ice/microros_ws/firmware/dev_ws/install/ament_cmake/share/ament_cmake/cmake)
-- Found rosidl_default_generators: 1.2.0 (/home/ice/microros_ws/firmware/mcu_ws/install/share/rosidl_default_generators/cmake)
-- Using all available rosidl_typesupport_c: rosidl_typesupport_introspection_c;rosidl_typesupport_microxrcedds_c
-- Found rosidl_adapter: 3.1.5 (/home/ice/microros_ws/firmware/mcu_ws/install/share/rosidl_adapter/cmake)
-- Found ament_cmake_ros: 0.10.0 (/home/ice/microros_ws/firmware/dev_ws/install/ament_cmake_ros/share/ament_cmake_ros/cmake)
-- Using all available rosidl_typesupport_c: rosidl_typesupport_introspection_c;rosidl_typesupport_microxrcedds_c
-- Configuring done
-- Generating done
-- Build files have been written to: /home/ice/microros_ws/firmware/mcu_ws/build/messages
/usr/bin/cmake -E cmake_progress_start /home/ice/microros_ws/firmware/mcu_ws/build/messages/CMakeFiles /home/ice/microros_ws/firmware/mcu_ws/build/messages//CMakeFiles/progress.marks
/usr/bin/gmake  -f CMakeFiles/Makefile2 all
gmake[5]: Entering directory '/home/ice/microros_ws/firmware/mcu_ws/build/messages'
/usr/bin/gmake  -f CMakeFiles/messages__rosidl_generator_c.dir/build.make CMakeFiles/messages__rosidl_generator_c.dir/depend
gmake[6]: Entering directory '/home/ice/microros_ws/firmware/mcu_ws/build/messages'
cd /home/ice/microros_ws/firmware/mcu_ws/build/messages && /usr/bin/cmake -E cmake_depends "Unix Makefiles" /home/ice/microros_ws/firmware/mcu_ws/messages /home/ice/microros_ws/firmware/mcu_ws/messages /home/ice/microros_ws/firmware/mcu_ws/build/messages /home/ice/microros_ws/firmware/mcu_ws/build/messages /home/ice/microros_ws/firmware/mcu_ws/build/messages/CMakeFiles/messages__rosidl_generator_c.dir/DependInfo.cmake --color=
Dependencies file "CMakeFiles/messages__rosidl_generator_c.dir/rosidl_generator_c/messages/msg/detail/robot_motor_speed__functions.c.obj.d" is newer than depends file "/home/ice/microros_ws/firmware/mcu_ws/build/messages/CMakeFiles/messages__rosidl_generator_c.dir/compiler_depend.internal".
[35m[1mConsolidate compiler generated dependencies of target messages__rosidl_generator_c[0m
gmake[6]: Leaving directory '/home/ice/microros_ws/firmware/mcu_ws/build/messages'
/usr/bin/gmake  -f CMakeFiles/messages__rosidl_generator_c.dir/build.make CMakeFiles/messages__rosidl_generator_c.dir/build
gmake[6]: Entering directory '/home/ice/microros_ws/firmware/mcu_ws/build/messages'
[  8%] [32mBuilding C object CMakeFiles/messages__rosidl_generator_c.dir/rosidl_generator_c/messages/msg/detail/robot_motor_speed__functions.c.obj[0m
/home/ice/microros_ws/firmware/toolchain/espressif/tools/xtensa-esp32-elf/esp-2020r2-8.2.0/xtensa-esp32-elf/bin/xtensa-esp32-elf-gcc -DLWIP_IPV4 -DLWIP_IPV6 -DROS_PACKAGE_NAME=\"messages\" -I/home/ice/microros_ws/firmware/freertos_apps/microros_esp32_extensions/build/config -I/home/ice/microros_ws/firmware/toolchain/esp-idf/components/newlib/platform_include -I/home/ice/microros_ws/firmware/toolchain/esp-idf/components/protocomm/include -I/home/ice/microros_ws/firmware/toolchain/esp-idf/components/esp_rom/include -I/home/ice/microros_ws/firmware/toolchain/esp-idf/components/driver/include -I/home/ice/microros_ws/firmware/toolchain/esp-idf/components/wear_levelling/include -I/home/ice/microros_ws/firmware/toolchain/esp-idf/components/vfs/include -I/home/ice/microros_ws/firmware/toolchain/esp-idf/components/log/include -I/home/ice/microros_ws/firmware/toolchain/esp-idf/components/freertos/include -I/home/ice/microros_ws/firmware/toolchain/esp-idf/components/wifi_provisioning/include -I/home/ice/microros_ws/firmware/toolchain/esp-idf/components/pthread/include -I/home/ice/microros_ws/firmware/toolchain/esp-idf/components/libsodium/libsodium/src/libsodium/include -I/home/ice/microros_ws/firmware/toolchain/esp-idf/components/coap/port/include -I/home/ice/microros_ws/firmware/toolchain/esp-idf/components/coap/libcoap/include -I/home/ice/microros_ws/firmware/toolchain/esp-idf/components/tcp_transport/include -I/home/ice/microros_ws/firmware/toolchain/esp-idf/components/unity/include -I/home/ice/microros_ws/firmware/toolchain/esp-idf/components/esp32/include -I/home/ice/microros_ws/firmware/toolchain/esp-idf/components/asio/port/include -I/home/ice/microros_ws/firmware/toolchain/esp-idf/components/asio/asio/asio/include -I/home/ice/microros_ws/firmware/toolchain/esp-idf/components/app_update/include -I/home/ice/microros_ws/firmware/toolchain/esp-idf/components/esp_ringbuf/include -I/home/ice/microros_ws/firmware/toolchain/esp-idf/components/soc/esp32/include -I/home/ice/microros_ws/firmware/toolchain/esp-idf/components/soc/include -I/home/ice/microros_ws/firmware/toolchain/esp-idf/components/efuse/test/include -I/home/ice/microros_ws/firmware/toolchain/esp-idf/components/efuse/esp32/include -I/home/ice/microros_ws/firmware/toolchain/esp-idf/components/efuse/include -I/home/ice/microros_ws/firmware/toolchain/esp-idf/components/mbedtls/port/include -I/home/ice/microros_ws/firmware/toolchain/esp-idf/components/mbedtls/mbedtls/include -I/home/ice/microros_ws/firmware/toolchain/esp-idf/components/xtensa/esp32/include -I/home/ice/microros_ws/firmware/toolchain/esp-idf/components/xtensa/include -I/home/ice/microros_ws/firmware/toolchain/esp-idf/components/app_trace/include -I/home/ice/microros_ws/firmware/toolchain/esp-idf/components/nvs_flash/include -I/home/ice/microros_ws/firmware/toolchain/esp-idf/components/jsmn/include -I/home/ice/microros_ws/firmware/toolchain/esp-idf/components/esp_eth/include -I/home/ice/microros_ws/firmware/toolchain/esp-idf/components/spiffs/include -I/home/ice/microros_ws/firmware/toolchain/esp-idf/components/ulp/include -I/home/ice/microros_ws/firmware/toolchain/esp-idf/components/mdns/include -I/home/ice/microros_ws/firmware/toolchain/esp-idf/components/freemodbus/modbus/include -I/home/ice/microros_ws/firmware/toolchain/esp-idf/components/freemodbus/common/include -I/home/ice/microros_ws/firmware/toolchain/esp-idf/components/esp_event/include -I/home/ice/microros_ws/firmware/toolchain/esp-idf/components/expat/port/include -I/home/ice/microros_ws/firmware/toolchain/esp-idf/components/bootloader_support/include -I/home/ice/microros_ws/firmware/toolchain/esp-idf/components/heap/include -I/home/ice/microros_ws/firmware/toolchain/esp-idf/components/wpa_supplicant/port/include -I/home/ice/microros_ws/firmware/toolchain/esp-idf/components/wpa_supplicant/include -I/home/ice/microros_ws/firmware/toolchain/esp-idf/components/tcpip_adapter/include -I/home/ice/microros_ws/firmware/toolchain/esp-idf/components/openssl/include -I/home/ice/microros_ws/firmware/toolchain/esp-idf/components/sdmmc/include -I/home/ice/microros_ws/firmware/toolchain/esp-idf/components/esp_local_ctrl/include -I/home/ice/microros_ws/firmware/toolchain/esp-idf/components/esp_common/include -I/home/ice/microros_ws/firmware/toolchain/esp-idf/components/lwip/lwip/src/include/lwip/apps -I/home/ice/microros_ws/firmware/toolchain/esp-idf/components/lwip/lwip/src/include/compat/posix -I/home/ice/microros_ws/firmware/toolchain/esp-idf/components/lwip/lwip/src/include -I/home/ice/microros_ws/firmware/toolchain/esp-idf/components/lwip/port/esp32/include -I/home/ice/microros_ws/firmware/mcu_ws/build/messages/rosidl_generator_c -isystem /home/ice/microros_ws/firmware/mcu_ws/install/include/rosidl_runtime_c -isystem /home/ice/microros_ws/firmware/mcu_ws/install/include/rcutils -isystem /home/ice/microros_ws/firmware/mcu_ws/install/include/rosidl_typesupport_interface -mlongcalls -Wno-frame-address -mlongcalls -Wno-frame-address -g -Wall -std=gnu11 -MD -MT CMakeFiles/messages__rosidl_generator_c.dir/rosidl_generator_c/messages/msg/detail/robot_motor_speed__functions.c.obj -MF CMakeFiles/messages__rosidl_generator_c.dir/rosidl_generator_c/messages/msg/detail/robot_motor_speed__functions.c.obj.d -o CMakeFiles/messages__rosidl_generator_c.dir/rosidl_generator_c/messages/msg/detail/robot_motor_speed__functions.c.obj -c /home/ice/microros_ws/firmware/mcu_ws/build/messages/rosidl_generator_c/messages/msg/detail/robot_motor_speed__functions.c
[ 16%] [32m[1mLinking C static library libmessages__rosidl_generator_c.a[0m
/usr/bin/cmake -P CMakeFiles/messages__rosidl_generator_c.dir/cmake_clean_target.cmake
/usr/bin/cmake -E cmake_link_script CMakeFiles/messages__rosidl_generator_c.dir/link.txt --verbose=1
/home/ice/microros_ws/firmware/toolchain/espressif/tools/xtensa-esp32-elf/esp-2020r2-8.2.0/xtensa-esp32-elf/bin/xtensa-esp32-elf-ar qc libmessages__rosidl_generator_c.a CMakeFiles/messages__rosidl_generator_c.dir/rosidl_generator_c/messages/msg/detail/robot_motor_speed__functions.c.obj
/home/ice/microros_ws/firmware/toolchain/espressif/tools/xtensa-esp32-elf/esp-2020r2-8.2.0/xtensa-esp32-elf/bin/xtensa-esp32-elf-ranlib libmessages__rosidl_generator_c.a
gmake[6]: Leaving directory '/home/ice/microros_ws/firmware/mcu_ws/build/messages'
[ 25%] Built target messages__rosidl_generator_c
/usr/bin/gmake  -f CMakeFiles/messages__rosidl_typesupport_introspection_c.dir/build.make CMakeFiles/messages__rosidl_typesupport_introspection_c.dir/depend
gmake[6]: Entering directory '/home/ice/microros_ws/firmware/mcu_ws/build/messages'
cd /home/ice/microros_ws/firmware/mcu_ws/build/messages && /usr/bin/cmake -E cmake_depends "Unix Makefiles" /home/ice/microros_ws/firmware/mcu_ws/messages /home/ice/microros_ws/firmware/mcu_ws/messages /home/ice/microros_ws/firmware/mcu_ws/build/messages /home/ice/microros_ws/firmware/mcu_ws/build/messages /home/ice/microros_ws/firmware/mcu_ws/build/messages/CMakeFiles/messages__rosidl_typesupport_introspection_c.dir/DependInfo.cmake --color=
Dependencies file "CMakeFiles/messages__rosidl_typesupport_introspection_c.dir/rosidl_typesupport_introspection_c/messages/msg/detail/robot_motor_speed__type_support.c.obj.d" is newer than depends file "/home/ice/microros_ws/firmware/mcu_ws/build/messages/CMakeFiles/messages__rosidl_typesupport_introspection_c.dir/compiler_depend.internal".
[35m[1mConsolidate compiler generated dependencies of target messages__rosidl_typesupport_introspection_c[0m
gmake[6]: Leaving directory '/home/ice/microros_ws/firmware/mcu_ws/build/messages'
/usr/bin/gmake  -f CMakeFiles/messages__rosidl_typesupport_introspection_c.dir/build.make CMakeFiles/messages__rosidl_typesupport_introspection_c.dir/build
gmake[6]: Entering directory '/home/ice/microros_ws/firmware/mcu_ws/build/messages'
gmake[6]: Nothing to be done for 'CMakeFiles/messages__rosidl_typesupport_introspection_c.dir/build'.
gmake[6]: Leaving directory '/home/ice/microros_ws/firmware/mcu_ws/build/messages'
[ 50%] Built target messages__rosidl_typesupport_introspection_c
/usr/bin/gmake  -f CMakeFiles/messages__rosidl_typesupport_c.dir/build.make CMakeFiles/messages__rosidl_typesupport_c.dir/depend
gmake[6]: Entering directory '/home/ice/microros_ws/firmware/mcu_ws/build/messages'
cd /home/ice/microros_ws/firmware/mcu_ws/build/messages && /usr/bin/cmake -E cmake_depends "Unix Makefiles" /home/ice/microros_ws/firmware/mcu_ws/messages /home/ice/microros_ws/firmware/mcu_ws/messages /home/ice/microros_ws/firmware/mcu_ws/build/messages /home/ice/microros_ws/firmware/mcu_ws/build/messages /home/ice/microros_ws/firmware/mcu_ws/build/messages/CMakeFiles/messages__rosidl_typesupport_c.dir/DependInfo.cmake --color=
Dependencies file "CMakeFiles/messages__rosidl_typesupport_c.dir/rosidl_typesupport_c/messages/msg/robot_motor_speed__type_support.cpp.obj.d" is newer than depends file "/home/ice/microros_ws/firmware/mcu_ws/build/messages/CMakeFiles/messages__rosidl_typesupport_c.dir/compiler_depend.internal".
[35m[1mConsolidate compiler generated dependencies of target messages__rosidl_typesupport_c[0m
gmake[6]: Leaving directory '/home/ice/microros_ws/firmware/mcu_ws/build/messages'
/usr/bin/gmake  -f CMakeFiles/messages__rosidl_typesupport_c.dir/build.make CMakeFiles/messages__rosidl_typesupport_c.dir/build
gmake[6]: Entering directory '/home/ice/microros_ws/firmware/mcu_ws/build/messages'
gmake[6]: Nothing to be done for 'CMakeFiles/messages__rosidl_typesupport_c.dir/build'.
gmake[6]: Leaving directory '/home/ice/microros_ws/firmware/mcu_ws/build/messages'
[ 75%] Built target messages__rosidl_typesupport_c
/usr/bin/gmake  -f CMakeFiles/messages__rosidl_typesupport_microxrcedds_c.dir/build.make CMakeFiles/messages__rosidl_typesupport_microxrcedds_c.dir/depend
gmake[6]: Entering directory '/home/ice/microros_ws/firmware/mcu_ws/build/messages'
cd /home/ice/microros_ws/firmware/mcu_ws/build/messages && /usr/bin/cmake -E cmake_depends "Unix Makefiles" /home/ice/microros_ws/firmware/mcu_ws/messages /home/ice/microros_ws/firmware/mcu_ws/messages /home/ice/microros_ws/firmware/mcu_ws/build/messages /home/ice/microros_ws/firmware/mcu_ws/build/messages /home/ice/microros_ws/firmware/mcu_ws/build/messages/CMakeFiles/messages__rosidl_typesupport_microxrcedds_c.dir/DependInfo.cmake --color=
Dependencies file "CMakeFiles/messages__rosidl_typesupport_microxrcedds_c.dir/rosidl_typesupport_microxrcedds_c/messages/msg/detail/microxrcedds/robot_motor_speed__type_support_c.c.obj.d" is newer than depends file "/home/ice/microros_ws/firmware/mcu_ws/build/messages/CMakeFiles/messages__rosidl_typesupport_microxrcedds_c.dir/compiler_depend.internal".
[35m[1mConsolidate compiler generated dependencies of target messages__rosidl_typesupport_microxrcedds_c[0m
gmake[6]: Leaving directory '/home/ice/microros_ws/firmware/mcu_ws/build/messages'
/usr/bin/gmake  -f CMakeFiles/messages__rosidl_typesupport_microxrcedds_c.dir/build.make CMakeFiles/messages__rosidl_typesupport_microxrcedds_c.dir/build
gmake[6]: Entering directory '/home/ice/microros_ws/firmware/mcu_ws/build/messages'
gmake[6]: Nothing to be done for 'CMakeFiles/messages__rosidl_typesupport_microxrcedds_c.dir/build'.
gmake[6]: Leaving directory '/home/ice/microros_ws/firmware/mcu_ws/build/messages'
[100%] Built target messages__rosidl_typesupport_microxrcedds_c
/usr/bin/gmake  -f CMakeFiles/messages.dir/build.make CMakeFiles/messages.dir/depend
gmake[6]: Entering directory '/home/ice/microros_ws/firmware/mcu_ws/build/messages'
cd /home/ice/microros_ws/firmware/mcu_ws/build/messages && /usr/bin/cmake -E cmake_depends "Unix Makefiles" /home/ice/microros_ws/firmware/mcu_ws/messages /home/ice/microros_ws/firmware/mcu_ws/messages /home/ice/microros_ws/firmware/mcu_ws/build/messages /home/ice/microros_ws/firmware/mcu_ws/build/messages /home/ice/microros_ws/firmware/mcu_ws/build/messages/CMakeFiles/messages.dir/DependInfo.cmake --color=
gmake[6]: Leaving directory '/home/ice/microros_ws/firmware/mcu_ws/build/messages'
/usr/bin/gmake  -f CMakeFiles/messages.dir/build.make CMakeFiles/messages.dir/build
gmake[6]: Entering directory '/home/ice/microros_ws/firmware/mcu_ws/build/messages'
gmake[6]: Nothing to be done for 'CMakeFiles/messages.dir/build'.
gmake[6]: Leaving directory '/home/ice/microros_ws/firmware/mcu_ws/build/messages'
[100%] Built target messages
gmake[5]: Leaving directory '/home/ice/microros_ws/firmware/mcu_ws/build/messages'
/usr/bin/cmake -E cmake_progress_start /home/ice/microros_ws/firmware/mcu_ws/build/messages/CMakeFiles 0
gmake[4]: Leaving directory '/home/ice/microros_ws/firmware/mcu_ws/build/messages'
-- Install configuration: "Debug"
-- Up-to-date: /home/ice/microros_ws/firmware/mcu_ws/install/share/ament_index/resource_index/rosidl_interfaces/messages
-- Up-to-date: /home/ice/microros_ws/firmware/mcu_ws/install/include/messages/messages
-- Up-to-date: /home/ice/microros_ws/firmware/mcu_ws/install/include/messages/messages/msg
-- Up-to-date: /home/ice/microros_ws/firmware/mcu_ws/install/include/messages/messages/msg/detail
-- Up-to-date: /home/ice/microros_ws/firmware/mcu_ws/install/include/messages/messages/msg/detail/robot_motor_speed__functions.c
-- Up-to-date: /home/ice/microros_ws/firmware/mcu_ws/install/include/messages/messages/msg/detail/robot_motor_speed__functions.h
-- Up-to-date: /home/ice/microros_ws/firmware/mcu_ws/install/include/messages/messages/msg/detail/robot_motor_speed__struct.h
-- Up-to-date: /home/ice/microros_ws/firmware/mcu_ws/install/include/messages/messages/msg/detail/robot_motor_speed__type_support.h
-- Up-to-date: /home/ice/microros_ws/firmware/mcu_ws/install/include/messages/messages/msg/robot_motor_speed.h
-- Up-to-date: /home/ice/microros_ws/firmware/mcu_ws/install/include/messages/messages/msg/rosidl_generator_c__visibility_control.h
-- Up-to-date: /home/ice/microros_ws/firmware/mcu_ws/install/share/messages/environment/library_path.sh
-- Installing: /home/ice/microros_ws/firmware/mcu_ws/install/share/messages/environment/library_path.dsv
-- Installing: /home/ice/microros_ws/firmware/mcu_ws/install/lib/libmessages__rosidl_generator_c.a
-- Up-to-date: /home/ice/microros_ws/firmware/mcu_ws/install/include/messages/messages
-- Up-to-date: /home/ice/microros_ws/firmware/mcu_ws/install/include/messages/messages/msg
-- Up-to-date: /home/ice/microros_ws/firmware/mcu_ws/install/include/messages/messages/msg/detail
-- Up-to-date: /home/ice/microros_ws/firmware/mcu_ws/install/include/messages/messages/msg/detail/robot_motor_speed__rosidl_typesupport_introspection_c.h
-- Up-to-date: /home/ice/microros_ws/firmware/mcu_ws/install/include/messages/messages/msg/detail/robot_motor_speed__type_support.c
-- Up-to-date: /home/ice/microros_ws/firmware/mcu_ws/install/include/messages/messages/msg/rosidl_typesupport_introspection_c__visibility_control.h
-- Up-to-date: /home/ice/microros_ws/firmware/mcu_ws/install/lib/libmessages__rosidl_typesupport_introspection_c.a
-- Up-to-date: /home/ice/microros_ws/firmware/mcu_ws/install/include/messages
-- Up-to-date: /home/ice/microros_ws/firmware/mcu_ws/install/include/messages/msg
-- Up-to-date: /home/ice/microros_ws/firmware/mcu_ws/install/include/messages/msg/detail
-- Up-to-date: /home/ice/microros_ws/firmware/mcu_ws/install/include/messages/msg/detail/microxrcedds
-- Up-to-date: /home/ice/microros_ws/firmware/mcu_ws/install/include/messages/msg/detail/robot_motor_speed__rosidl_typesupport_microxrcedds_c.h
-- Up-to-date: /home/ice/microros_ws/firmware/mcu_ws/install/include/messages/msg/rosidl_typesupport_microxrcedds_c__visibility_control.h
-- Up-to-date: /home/ice/microros_ws/firmware/mcu_ws/install/lib/libmessages__rosidl_typesupport_microxrcedds_c.a
-- Up-to-date: /home/ice/microros_ws/firmware/mcu_ws/install/lib/libmessages__rosidl_typesupport_c.a
-- Up-to-date: /home/ice/microros_ws/firmware/mcu_ws/install/share/messages/msg/RobotMotorSpeed.idl
-- Up-to-date: /home/ice/microros_ws/firmware/mcu_ws/install/share/messages/msg/RobotMotorSpeed.msg
-- Up-to-date: /home/ice/microros_ws/firmware/mcu_ws/install/share/ament_index/resource_index/package_run_dependencies/messages
-- Up-to-date: /home/ice/microros_ws/firmware/mcu_ws/install/share/ament_index/resource_index/parent_prefix_path/messages
-- Up-to-date: /home/ice/microros_ws/firmware/mcu_ws/install/share/messages/environment/ament_prefix_path.sh
-- Installing: /home/ice/microros_ws/firmware/mcu_ws/install/share/messages/environment/ament_prefix_path.dsv
-- Up-to-date: /home/ice/microros_ws/firmware/mcu_ws/install/share/messages/environment/path.sh
-- Installing: /home/ice/microros_ws/firmware/mcu_ws/install/share/messages/environment/path.dsv
-- Up-to-date: /home/ice/microros_ws/firmware/mcu_ws/install/share/messages/local_setup.bash
-- Up-to-date: /home/ice/microros_ws/firmware/mcu_ws/install/share/messages/local_setup.sh
-- Up-to-date: /home/ice/microros_ws/firmware/mcu_ws/install/share/messages/local_setup.zsh
-- Installing: /home/ice/microros_ws/firmware/mcu_ws/install/share/messages/local_setup.dsv
-- Installing: /home/ice/microros_ws/firmware/mcu_ws/install/share/messages/package.dsv
-- Up-to-date: /home/ice/microros_ws/firmware/mcu_ws/install/share/ament_index/resource_index/packages/messages
-- Up-to-date: /home/ice/microros_ws/firmware/mcu_ws/install/share/messages/cmake/export_messages__rosidl_generator_cExport.cmake
-- Up-to-date: /home/ice/microros_ws/firmware/mcu_ws/install/share/messages/cmake/export_messages__rosidl_generator_cExport-debug.cmake
-- Up-to-date: /home/ice/microros_ws/firmware/mcu_ws/install/share/messages/cmake/messages__rosidl_typesupport_introspection_cExport.cmake
-- Up-to-date: /home/ice/microros_ws/firmware/mcu_ws/install/share/messages/cmake/messages__rosidl_typesupport_introspection_cExport-debug.cmake
-- Up-to-date: /home/ice/microros_ws/firmware/mcu_ws/install/share/messages/cmake/messages__rosidl_typesupport_cExport.cmake
-- Up-to-date: /home/ice/microros_ws/firmware/mcu_ws/install/share/messages/cmake/messages__rosidl_typesupport_cExport-debug.cmake
-- Up-to-date: /home/ice/microros_ws/firmware/mcu_ws/install/share/messages/cmake/rosidl_cmake-extras.cmake
-- Up-to-date: /home/ice/microros_ws/firmware/mcu_ws/install/share/messages/cmake/ament_cmake_export_include_directories-extras.cmake
-- Up-to-date: /home/ice/microros_ws/firmware/mcu_ws/install/share/messages/cmake/ament_cmake_export_libraries-extras.cmake
-- Up-to-date: /home/ice/microros_ws/firmware/mcu_ws/install/share/messages/cmake/ament_cmake_export_targets-extras.cmake
-- Up-to-date: /home/ice/microros_ws/firmware/mcu_ws/install/share/messages/cmake/rosidl_cmake_export_typesupport_targets-extras.cmake
-- Up-to-date: /home/ice/microros_ws/firmware/mcu_ws/install/share/messages/cmake/ament_cmake_export_dependencies-extras.cmake
-- Up-to-date: /home/ice/microros_ws/firmware/mcu_ws/install/share/messages/cmake/rosidl_cmake_export_typesupport_libraries-extras.cmake
-- Up-to-date: /home/ice/microros_ws/firmware/mcu_ws/install/share/messages/cmake/messagesConfig.cmake
-- Up-to-date: /home/ice/microros_ws/firmware/mcu_ws/install/share/messages/cmake/messagesConfig-version.cmake
-- Up-to-date: /home/ice/microros_ws/firmware/mcu_ws/install/share/messages/package.xml
