[0.324s] Invoking command in '/home/ice/polaris-bot/ros2_ws/build/services': CMAKE_PREFIX_PATH=${CMAKE_PREFIX_PATH}:/opt/ros/humble /usr/bin/cmake --build /home/ice/polaris-bot/ros2_ws/build/services -- -j2 -l2
[0.490s] [  3%] Built target services__cpp
[0.563s] [ 12%] Built target services__rosidl_generator_c
[0.670s] [ 12%] Built target ament_cmake_python_copy_services
[0.757s] [ 22%] Built target services__rosidl_typesupport_cpp
[0.844s] [ 32%] Built target services__rosidl_typesupport_fastrtps_c
[0.908s] [ 41%] Built target services__rosidl_typesupport_introspection_c
[0.974s] [ 51%] Built target services__rosidl_typesupport_c
[1.038s] [ 61%] Built target services__rosidl_typesupport_fastrtps_cpp
[1.125s] [ 70%] Built target services__rosidl_typesupport_introspection_cpp
[1.763s] running egg_info
[1.763s] writing services.egg-info/PKG-INFO
[1.764s] writing dependency_links to services.egg-info/dependency_links.txt
[1.764s] writing top-level names to services.egg-info/top_level.txt
[1.764s] reading manifest file 'services.egg-info/SOURCES.txt'
[1.764s] writing manifest file 'services.egg-info/SOURCES.txt'
[1.810s] [ 70%] Built target ament_cmake_python_build_services_egg
[1.911s] [ 70%] Built target services
[1.989s] [ 74%] Built target services__py
[2.056s] [ 80%] Built target services__rosidl_generator_py
[2.101s] [ 87%] Built target services__rosidl_typesupport_fastrtps_c__pyext
[2.163s] [ 93%] Built target services__rosidl_typesupport_introspection_c__pyext
[2.208s] [100%] Built target services__rosidl_typesupport_c__pyext
[2.236s] Invoked command in '/home/ice/polaris-bot/ros2_ws/build/services' returned '0': CMAKE_PREFIX_PATH=${CMAKE_PREFIX_PATH}:/opt/ros/humble /usr/bin/cmake --build /home/ice/polaris-bot/ros2_ws/build/services -- -j2 -l2
[2.682s] Invoking command in '/home/ice/polaris-bot/ros2_ws/build/services': CMAKE_PREFIX_PATH=${CMAKE_PREFIX_PATH}:/opt/ros/humble /usr/bin/cmake --install /home/ice/polaris-bot/ros2_ws/build/services
[2.733s] -- Install configuration: ""
[2.735s] -- Up-to-date: /home/ice/polaris-bot/ros2_ws/install/services/share/ament_index/resource_index/rosidl_interfaces/services
[2.735s] -- Up-to-date: /home/ice/polaris-bot/ros2_ws/install/services/include/services/services
[2.735s] -- Up-to-date: /home/ice/polaris-bot/ros2_ws/install/services/include/services/services/srv
[2.735s] -- Up-to-date: /home/ice/polaris-bot/ros2_ws/install/services/include/services/services/srv/detail
[2.736s] -- Up-to-date: /home/ice/polaris-bot/ros2_ws/install/services/include/services/services/srv/detail/test_service__functions.c
[2.736s] -- Up-to-date: /home/ice/polaris-bot/ros2_ws/install/services/include/services/services/srv/detail/test_service__functions.h
[2.736s] -- Up-to-date: /home/ice/polaris-bot/ros2_ws/install/services/include/services/services/srv/detail/test_service__type_support.h
[2.736s] -- Up-to-date: /home/ice/polaris-bot/ros2_ws/install/services/include/services/services/srv/detail/test_service__struct.h
[2.736s] -- Up-to-date: /home/ice/polaris-bot/ros2_ws/install/services/include/services/services/srv/test_service.h
[2.736s] -- Up-to-date: /home/ice/polaris-bot/ros2_ws/install/services/include/services/services/msg
[2.739s] -- Up-to-date: /home/ice/polaris-bot/ros2_ws/install/services/include/services/services/msg/rosidl_generator_c__visibility_control.h
[2.739s] -- Up-to-date: /home/ice/polaris-bot/ros2_ws/install/services/share/services/environment/library_path.sh
[2.740s] -- Up-to-date: /home/ice/polaris-bot/ros2_ws/install/services/share/services/environment/library_path.dsv
[2.740s] -- Up-to-date: /home/ice/polaris-bot/ros2_ws/install/services/lib/libservices__rosidl_generator_c.so
[2.751s] -- Up-to-date: /home/ice/polaris-bot/ros2_ws/install/services/include/services/services
[2.751s] -- Up-to-date: /home/ice/polaris-bot/ros2_ws/install/services/include/services/services/srv
[2.751s] -- Up-to-date: /home/ice/polaris-bot/ros2_ws/install/services/include/services/services/srv/detail
[2.751s] -- Up-to-date: /home/ice/polaris-bot/ros2_ws/install/services/include/services/services/srv/detail/test_service__rosidl_typesupport_fastrtps_c.h
[2.751s] -- Up-to-date: /home/ice/polaris-bot/ros2_ws/install/services/include/services/services/msg
[2.751s] -- Up-to-date: /home/ice/polaris-bot/ros2_ws/install/services/include/services/services/msg/rosidl_typesupport_fastrtps_c__visibility_control.h
[2.751s] -- Up-to-date: /home/ice/polaris-bot/ros2_ws/install/services/lib/libservices__rosidl_typesupport_fastrtps_c.so
[2.765s] -- Up-to-date: /home/ice/polaris-bot/ros2_ws/install/services/include/services/services
[2.766s] -- Up-to-date: /home/ice/polaris-bot/ros2_ws/install/services/include/services/services/srv
[2.766s] -- Up-to-date: /home/ice/polaris-bot/ros2_ws/install/services/include/services/services/srv/detail
[2.766s] -- Up-to-date: /home/ice/polaris-bot/ros2_ws/install/services/include/services/services/srv/detail/test_service__rosidl_typesupport_introspection_c.h
[2.766s] -- Up-to-date: /home/ice/polaris-bot/ros2_ws/install/services/include/services/services/srv/detail/test_service__type_support.c
[2.767s] -- Up-to-date: /home/ice/polaris-bot/ros2_ws/install/services/include/services/services/msg
[2.767s] -- Up-to-date: /home/ice/polaris-bot/ros2_ws/install/services/include/services/services/msg/rosidl_typesupport_introspection_c__visibility_control.h
[2.767s] -- Up-to-date: /home/ice/polaris-bot/ros2_ws/install/services/lib/libservices__rosidl_typesupport_introspection_c.so
[2.767s] -- Up-to-date: /home/ice/polaris-bot/ros2_ws/install/services/lib/libservices__rosidl_typesupport_c.so
[2.767s] -- Up-to-date: /home/ice/polaris-bot/ros2_ws/install/services/include/services/services
[2.767s] -- Up-to-date: /home/ice/polaris-bot/ros2_ws/install/services/include/services/services/srv
[2.767s] -- Up-to-date: /home/ice/polaris-bot/ros2_ws/install/services/include/services/services/srv/detail
[2.768s] -- Up-to-date: /home/ice/polaris-bot/ros2_ws/install/services/include/services/services/srv/detail/test_service__struct.hpp
[2.768s] -- Up-to-date: /home/ice/polaris-bot/ros2_ws/install/services/include/services/services/srv/detail/test_service__builder.hpp
[2.768s] -- Up-to-date: /home/ice/polaris-bot/ros2_ws/install/services/include/services/services/srv/detail/test_service__traits.hpp
[2.768s] -- Up-to-date: /home/ice/polaris-bot/ros2_ws/install/services/include/services/services/srv/test_service.hpp
[2.768s] -- Up-to-date: /home/ice/polaris-bot/ros2_ws/install/services/include/services/services
[2.768s] -- Up-to-date: /home/ice/polaris-bot/ros2_ws/install/services/include/services/services/srv
[2.768s] -- Up-to-date: /home/ice/polaris-bot/ros2_ws/install/services/include/services/services/srv/detail
[2.769s] -- Up-to-date: /home/ice/polaris-bot/ros2_ws/install/services/include/services/services/srv/detail/dds_fastrtps
[2.769s] -- Up-to-date: /home/ice/polaris-bot/ros2_ws/install/services/include/services/services/srv/detail/test_service__rosidl_typesupport_fastrtps_cpp.hpp
[2.769s] -- Up-to-date: /home/ice/polaris-bot/ros2_ws/install/services/include/services/services/msg
[2.769s] -- Up-to-date: /home/ice/polaris-bot/ros2_ws/install/services/include/services/services/msg/rosidl_typesupport_fastrtps_cpp__visibility_control.h
[2.769s] -- Up-to-date: /home/ice/polaris-bot/ros2_ws/install/services/lib/libservices__rosidl_typesupport_fastrtps_cpp.so
[2.769s] -- Up-to-date: /home/ice/polaris-bot/ros2_ws/install/services/include/services/services
[2.769s] -- Up-to-date: /home/ice/polaris-bot/ros2_ws/install/services/include/services/services/srv
[2.770s] -- Up-to-date: /home/ice/polaris-bot/ros2_ws/install/services/include/services/services/srv/detail
[2.770s] -- Up-to-date: /home/ice/polaris-bot/ros2_ws/install/services/include/services/services/srv/detail/test_service__type_support.cpp
[2.770s] -- Up-to-date: /home/ice/polaris-bot/ros2_ws/install/services/include/services/services/srv/detail/test_service__rosidl_typesupport_introspection_cpp.hpp
[2.770s] -- Up-to-date: /home/ice/polaris-bot/ros2_ws/install/services/lib/libservices__rosidl_typesupport_introspection_cpp.so
[2.770s] -- Up-to-date: /home/ice/polaris-bot/ros2_ws/install/services/lib/libservices__rosidl_typesupport_cpp.so
[2.770s] -- Up-to-date: /home/ice/polaris-bot/ros2_ws/install/services/share/services/environment/pythonpath.sh
[2.770s] -- Up-to-date: /home/ice/polaris-bot/ros2_ws/install/services/share/services/environment/pythonpath.dsv
[2.771s] -- Up-to-date: /home/ice/polaris-bot/ros2_ws/install/services/local/lib/python3.10/dist-packages/services-0.0.0-py3.10.egg-info
[2.771s] -- Installing: /home/ice/polaris-bot/ros2_ws/install/services/local/lib/python3.10/dist-packages/services-0.0.0-py3.10.egg-info/top_level.txt
[2.771s] -- Installing: /home/ice/polaris-bot/ros2_ws/install/services/local/lib/python3.10/dist-packages/services-0.0.0-py3.10.egg-info/PKG-INFO
[2.771s] -- Installing: /home/ice/polaris-bot/ros2_ws/install/services/local/lib/python3.10/dist-packages/services-0.0.0-py3.10.egg-info/SOURCES.txt
[2.771s] -- Installing: /home/ice/polaris-bot/ros2_ws/install/services/local/lib/python3.10/dist-packages/services-0.0.0-py3.10.egg-info/dependency_links.txt
[2.771s] -- Up-to-date: /home/ice/polaris-bot/ros2_ws/install/services/local/lib/python3.10/dist-packages/services
[2.771s] -- Up-to-date: /home/ice/polaris-bot/ros2_ws/install/services/local/lib/python3.10/dist-packages/services/_services_s.ep.rosidl_typesupport_introspection_c.c
[2.772s] -- Up-to-date: /home/ice/polaris-bot/ros2_ws/install/services/local/lib/python3.10/dist-packages/services/services_s__rosidl_typesupport_c.cpython-310-x86_64-linux-gnu.so
[2.772s] -- Up-to-date: /home/ice/polaris-bot/ros2_ws/install/services/local/lib/python3.10/dist-packages/services/services_s__rosidl_typesupport_fastrtps_c.cpython-310-x86_64-linux-gnu.so
[2.772s] -- Up-to-date: /home/ice/polaris-bot/ros2_ws/install/services/local/lib/python3.10/dist-packages/services/srv
[2.772s] -- Up-to-date: /home/ice/polaris-bot/ros2_ws/install/services/local/lib/python3.10/dist-packages/services/srv/_test_service_s.c
[2.772s] -- Up-to-date: /home/ice/polaris-bot/ros2_ws/install/services/local/lib/python3.10/dist-packages/services/srv/_test_service.py
[2.772s] -- Up-to-date: /home/ice/polaris-bot/ros2_ws/install/services/local/lib/python3.10/dist-packages/services/srv/__init__.py
[2.772s] -- Up-to-date: /home/ice/polaris-bot/ros2_ws/install/services/local/lib/python3.10/dist-packages/services/_services_s.ep.rosidl_typesupport_c.c
[2.773s] -- Up-to-date: /home/ice/polaris-bot/ros2_ws/install/services/local/lib/python3.10/dist-packages/services/services_s__rosidl_typesupport_introspection_c.cpython-310-x86_64-linux-gnu.so
[2.773s] -- Up-to-date: /home/ice/polaris-bot/ros2_ws/install/services/local/lib/python3.10/dist-packages/services/_services_s.ep.rosidl_typesupport_fastrtps_c.c
[2.773s] -- Up-to-date: /home/ice/polaris-bot/ros2_ws/install/services/local/lib/python3.10/dist-packages/services/__init__.py
[2.773s] -- Up-to-date: /home/ice/polaris-bot/ros2_ws/install/services/local/lib/python3.10/dist-packages/services/libservices__rosidl_generator_py.so
[2.839s] Listing '/home/ice/polaris-bot/ros2_ws/install/services/local/lib/python3.10/dist-packages/services'...
[2.839s] Listing '/home/ice/polaris-bot/ros2_ws/install/services/local/lib/python3.10/dist-packages/services/srv'...
[2.860s] -- Up-to-date: /home/ice/polaris-bot/ros2_ws/install/services/local/lib/python3.10/dist-packages/services/services_s__rosidl_typesupport_fastrtps_c.cpython-310-x86_64-linux-gnu.so
[2.861s] -- Up-to-date: /home/ice/polaris-bot/ros2_ws/install/services/local/lib/python3.10/dist-packages/services/services_s__rosidl_typesupport_introspection_c.cpython-310-x86_64-linux-gnu.so
[2.861s] -- Up-to-date: /home/ice/polaris-bot/ros2_ws/install/services/local/lib/python3.10/dist-packages/services/services_s__rosidl_typesupport_c.cpython-310-x86_64-linux-gnu.so
[2.861s] -- Up-to-date: /home/ice/polaris-bot/ros2_ws/install/services/lib/libservices__rosidl_generator_py.so
[2.861s] -- Up-to-date: /home/ice/polaris-bot/ros2_ws/install/services/share/services/srv/TestService.idl
[2.861s] -- Up-to-date: /home/ice/polaris-bot/ros2_ws/install/services/share/services/srv/TestService.srv
[2.862s] -- Up-to-date: /home/ice/polaris-bot/ros2_ws/install/services/share/services/srv/TestService_Request.msg
[2.862s] -- Up-to-date: /home/ice/polaris-bot/ros2_ws/install/services/share/services/srv/TestService_Response.msg
[2.866s] -- Up-to-date: /home/ice/polaris-bot/ros2_ws/install/services/share/ament_index/resource_index/package_run_dependencies/services
[2.867s] -- Up-to-date: /home/ice/polaris-bot/ros2_ws/install/services/share/ament_index/resource_index/parent_prefix_path/services
[2.868s] -- Up-to-date: /home/ice/polaris-bot/ros2_ws/install/services/share/services/environment/ament_prefix_path.sh
[2.869s] -- Up-to-date: /home/ice/polaris-bot/ros2_ws/install/services/share/services/environment/ament_prefix_path.dsv
[2.869s] -- Up-to-date: /home/ice/polaris-bot/ros2_ws/install/services/share/services/environment/path.sh
[2.870s] -- Up-to-date: /home/ice/polaris-bot/ros2_ws/install/services/share/services/environment/path.dsv
[2.870s] -- Up-to-date: /home/ice/polaris-bot/ros2_ws/install/services/share/services/local_setup.bash
[2.871s] -- Up-to-date: /home/ice/polaris-bot/ros2_ws/install/services/share/services/local_setup.sh
[2.872s] -- Up-to-date: /home/ice/polaris-bot/ros2_ws/install/services/share/services/local_setup.zsh
[2.873s] -- Up-to-date: /home/ice/polaris-bot/ros2_ws/install/services/share/services/local_setup.dsv
[2.873s] -- Installing: /home/ice/polaris-bot/ros2_ws/install/services/share/services/package.dsv
[2.874s] -- Up-to-date: /home/ice/polaris-bot/ros2_ws/install/services/share/ament_index/resource_index/packages/services
[2.876s] -- Up-to-date: /home/ice/polaris-bot/ros2_ws/install/services/share/services/cmake/export_services__rosidl_generator_cExport.cmake
[2.876s] -- Up-to-date: /home/ice/polaris-bot/ros2_ws/install/services/share/services/cmake/export_services__rosidl_generator_cExport-noconfig.cmake
[2.877s] -- Up-to-date: /home/ice/polaris-bot/ros2_ws/install/services/share/services/cmake/export_services__rosidl_typesupport_fastrtps_cExport.cmake
[2.877s] -- Up-to-date: /home/ice/polaris-bot/ros2_ws/install/services/share/services/cmake/export_services__rosidl_typesupport_fastrtps_cExport-noconfig.cmake
[2.878s] -- Up-to-date: /home/ice/polaris-bot/ros2_ws/install/services/share/services/cmake/services__rosidl_typesupport_introspection_cExport.cmake
[2.879s] -- Up-to-date: /home/ice/polaris-bot/ros2_ws/install/services/share/services/cmake/services__rosidl_typesupport_introspection_cExport-noconfig.cmake
[2.880s] -- Up-to-date: /home/ice/polaris-bot/ros2_ws/install/services/share/services/cmake/services__rosidl_typesupport_cExport.cmake
[2.881s] -- Up-to-date: /home/ice/polaris-bot/ros2_ws/install/services/share/services/cmake/services__rosidl_typesupport_cExport-noconfig.cmake
[2.882s] -- Up-to-date: /home/ice/polaris-bot/ros2_ws/install/services/share/services/cmake/export_services__rosidl_generator_cppExport.cmake
[2.884s] -- Up-to-date: /home/ice/polaris-bot/ros2_ws/install/services/share/services/cmake/export_services__rosidl_typesupport_fastrtps_cppExport.cmake
[2.884s] -- Up-to-date: /home/ice/polaris-bot/ros2_ws/install/services/share/services/cmake/export_services__rosidl_typesupport_fastrtps_cppExport-noconfig.cmake
[2.885s] -- Up-to-date: /home/ice/polaris-bot/ros2_ws/install/services/share/services/cmake/services__rosidl_typesupport_introspection_cppExport.cmake
[2.885s] -- Up-to-date: /home/ice/polaris-bot/ros2_ws/install/services/share/services/cmake/services__rosidl_typesupport_introspection_cppExport-noconfig.cmake
[2.887s] -- Up-to-date: /home/ice/polaris-bot/ros2_ws/install/services/share/services/cmake/services__rosidl_typesupport_cppExport.cmake
[2.888s] -- Up-to-date: /home/ice/polaris-bot/ros2_ws/install/services/share/services/cmake/services__rosidl_typesupport_cppExport-noconfig.cmake
[2.889s] -- Up-to-date: /home/ice/polaris-bot/ros2_ws/install/services/share/services/cmake/export_services__rosidl_generator_pyExport.cmake
[2.890s] -- Up-to-date: /home/ice/polaris-bot/ros2_ws/install/services/share/services/cmake/export_services__rosidl_generator_pyExport-noconfig.cmake
[2.891s] -- Up-to-date: /home/ice/polaris-bot/ros2_ws/install/services/share/services/cmake/rosidl_cmake-extras.cmake
[2.891s] -- Up-to-date: /home/ice/polaris-bot/ros2_ws/install/services/share/services/cmake/ament_cmake_export_include_directories-extras.cmake
[2.892s] -- Up-to-date: /home/ice/polaris-bot/ros2_ws/install/services/share/services/cmake/ament_cmake_export_libraries-extras.cmake
[2.892s] -- Up-to-date: /home/ice/polaris-bot/ros2_ws/install/services/share/services/cmake/ament_cmake_export_targets-extras.cmake
[2.893s] -- Up-to-date: /home/ice/polaris-bot/ros2_ws/install/services/share/services/cmake/rosidl_cmake_export_typesupport_targets-extras.cmake
[2.894s] -- Up-to-date: /home/ice/polaris-bot/ros2_ws/install/services/share/services/cmake/ament_cmake_export_dependencies-extras.cmake
[2.894s] -- Up-to-date: /home/ice/polaris-bot/ros2_ws/install/services/share/services/cmake/rosidl_cmake_export_typesupport_libraries-extras.cmake
[2.895s] -- Up-to-date: /home/ice/polaris-bot/ros2_ws/install/services/share/services/cmake/servicesConfig.cmake
[2.895s] -- Up-to-date: /home/ice/polaris-bot/ros2_ws/install/services/share/services/cmake/servicesConfig-version.cmake
[2.896s] -- Up-to-date: /home/ice/polaris-bot/ros2_ws/install/services/share/services/package.xml
[3.007s] Invoked command in '/home/ice/polaris-bot/ros2_ws/build/services' returned '0': CMAKE_PREFIX_PATH=${CMAKE_PREFIX_PATH}:/opt/ros/humble /usr/bin/cmake --install /home/ice/polaris-bot/ros2_ws/build/services
