[0.236s] Invoking command in '/home/ice/polaris-bot/ros2_ws/build/polaris_controller': CMAKE_PREFIX_PATH=/home/ice/polaris-bot/ros2_ws/install/ros2_control_demo_description:/home/ice/polaris-bot/ros2_ws/install/messages:/home/ice/polaris-bot/ros2_ws/install/services:/home/ice/polaris-bot/ros2_ws/install/polaris_controller:/home/ice/polaris-bot/ros2_ws/install/my_diff_drive_bot:/opt/ros/humble LD_LIBRARY_PATH=/home/ice/polaris-bot/ros2_ws/install/messages/lib:/home/ice/polaris-bot/ros2_ws/install/services/lib:/home/ice/polaris-bot/ros2_ws/install/polaris_controller/lib:/usr/lib/x86_64-linux-gnu/gazebo-11/plugins:/opt/ros/humble/opt/rviz_ogre_vendor/lib:/opt/ros/humble/lib/x86_64-linux-gnu:/opt/ros/humble/lib /usr/bin/cmake --build /home/ice/polaris-bot/ros2_ws/build/polaris_controller -- -j2 -l2
[0.368s] [ 50%] [32mBuilding CXX object CMakeFiles/polaris_controller.dir/hardware/polaris_system.cpp.o[0m
[10.531s] [100%] [32m[1mLinking CXX shared library libpolaris_controller.so[0m
[11.166s] [100%] Built target polaris_controller
[11.188s] Invoked command in '/home/ice/polaris-bot/ros2_ws/build/polaris_controller' returned '0': CMAKE_PREFIX_PATH=/home/ice/polaris-bot/ros2_ws/install/ros2_control_demo_description:/home/ice/polaris-bot/ros2_ws/install/messages:/home/ice/polaris-bot/ros2_ws/install/services:/home/ice/polaris-bot/ros2_ws/install/polaris_controller:/home/ice/polaris-bot/ros2_ws/install/my_diff_drive_bot:/opt/ros/humble LD_LIBRARY_PATH=/home/ice/polaris-bot/ros2_ws/install/messages/lib:/home/ice/polaris-bot/ros2_ws/install/services/lib:/home/ice/polaris-bot/ros2_ws/install/polaris_controller/lib:/usr/lib/x86_64-linux-gnu/gazebo-11/plugins:/opt/ros/humble/opt/rviz_ogre_vendor/lib:/opt/ros/humble/lib/x86_64-linux-gnu:/opt/ros/humble/lib /usr/bin/cmake --build /home/ice/polaris-bot/ros2_ws/build/polaris_controller -- -j2 -l2
[11.336s] Invoking command in '/home/ice/polaris-bot/ros2_ws/build/polaris_controller': CMAKE_PREFIX_PATH=/home/ice/polaris-bot/ros2_ws/install/ros2_control_demo_description:/home/ice/polaris-bot/ros2_ws/install/messages:/home/ice/polaris-bot/ros2_ws/install/services:/home/ice/polaris-bot/ros2_ws/install/polaris_controller:/home/ice/polaris-bot/ros2_ws/install/my_diff_drive_bot:/opt/ros/humble LD_LIBRARY_PATH=/home/ice/polaris-bot/ros2_ws/install/messages/lib:/home/ice/polaris-bot/ros2_ws/install/services/lib:/home/ice/polaris-bot/ros2_ws/install/polaris_controller/lib:/usr/lib/x86_64-linux-gnu/gazebo-11/plugins:/opt/ros/humble/opt/rviz_ogre_vendor/lib:/opt/ros/humble/lib/x86_64-linux-gnu:/opt/ros/humble/lib /usr/bin/cmake --install /home/ice/polaris-bot/ros2_ws/build/polaris_controller
[11.357s] -- Install configuration: ""
[11.358s] -- Up-to-date: /home/ice/polaris-bot/ros2_ws/install/polaris_controller/share/polaris_controller/polaris_controller.xml
[11.358s] -- Up-to-date: /home/ice/polaris-bot/ros2_ws/install/polaris_controller/include/polaris_controller
[11.359s] -- Up-to-date: /home/ice/polaris-bot/ros2_ws/install/polaris_controller/include/polaris_controller/polaris_controller
[11.359s] -- Up-to-date: /home/ice/polaris-bot/ros2_ws/install/polaris_controller/include/polaris_controller/polaris_controller/visibility_control.h
[11.359s] -- Installing: /home/ice/polaris-bot/ros2_ws/install/polaris_controller/include/polaris_controller/polaris_controller/polaris_system.hpp
[11.360s] -- Up-to-date: /home/ice/polaris-bot/ros2_ws/install/polaris_controller/include/polaris_controller/polaris_controller/wheel.hpp
[11.360s] -- Up-to-date: /home/ice/polaris-bot/ros2_ws/install/polaris_controller/share/polaris_controller/launch
[11.361s] -- Up-to-date: /home/ice/polaris-bot/ros2_ws/install/polaris_controller/share/polaris_controller/launch/view_robot.launch.py
[11.361s] -- Up-to-date: /home/ice/polaris-bot/ros2_ws/install/polaris_controller/share/polaris_controller/ros2_control
[11.362s] -- Up-to-date: /home/ice/polaris-bot/ros2_ws/install/polaris_controller/share/polaris_controller/ros2_control/diffbot.ros2_control.xacro
[11.363s] -- Up-to-date: /home/ice/polaris-bot/ros2_ws/install/polaris_controller/share/polaris_controller/urdf
[11.363s] -- Up-to-date: /home/ice/polaris-bot/ros2_ws/install/polaris_controller/share/polaris_controller/urdf/diffbot.urdf.xacro
[11.363s] -- Up-to-date: /home/ice/polaris-bot/ros2_ws/install/polaris_controller/share/polaris_controller/launch
[11.364s] -- Up-to-date: /home/ice/polaris-bot/ros2_ws/install/polaris_controller/share/polaris_controller/launch/diffbot.launch.py
[11.364s] -- Up-to-date: /home/ice/polaris-bot/ros2_ws/install/polaris_controller/share/polaris_controller/config
[11.365s] -- Up-to-date: /home/ice/polaris-bot/ros2_ws/install/polaris_controller/share/polaris_controller/config/polaris_controller.yaml
[11.365s] -- Installing: /home/ice/polaris-bot/ros2_ws/install/polaris_controller/lib/libpolaris_controller.so
[11.371s] -- Set runtime path of "/home/ice/polaris-bot/ros2_ws/install/polaris_controller/lib/libpolaris_controller.so" to ""
[11.372s] -- Up-to-date: /home/ice/polaris-bot/ros2_ws/install/polaris_controller/share/polaris_controller/environment/library_path.sh
[11.372s] -- Up-to-date: /home/ice/polaris-bot/ros2_ws/install/polaris_controller/share/polaris_controller/environment/library_path.dsv
[11.372s] -- Up-to-date: /home/ice/polaris-bot/ros2_ws/install/polaris_controller/share/ament_index/resource_index/package_run_dependencies/polaris_controller
[11.373s] -- Up-to-date: /home/ice/polaris-bot/ros2_ws/install/polaris_controller/share/ament_index/resource_index/parent_prefix_path/polaris_controller
[11.373s] -- Up-to-date: /home/ice/polaris-bot/ros2_ws/install/polaris_controller/share/polaris_controller/environment/ament_prefix_path.sh
[11.374s] -- Up-to-date: /home/ice/polaris-bot/ros2_ws/install/polaris_controller/share/polaris_controller/environment/ament_prefix_path.dsv
[11.374s] -- Up-to-date: /home/ice/polaris-bot/ros2_ws/install/polaris_controller/share/polaris_controller/environment/path.sh
[11.374s] -- Up-to-date: /home/ice/polaris-bot/ros2_ws/install/polaris_controller/share/polaris_controller/environment/path.dsv
[11.375s] -- Up-to-date: /home/ice/polaris-bot/ros2_ws/install/polaris_controller/share/polaris_controller/local_setup.bash
[11.375s] -- Up-to-date: /home/ice/polaris-bot/ros2_ws/install/polaris_controller/share/polaris_controller/local_setup.sh
[11.376s] -- Up-to-date: /home/ice/polaris-bot/ros2_ws/install/polaris_controller/share/polaris_controller/local_setup.zsh
[11.376s] -- Up-to-date: /home/ice/polaris-bot/ros2_ws/install/polaris_controller/share/polaris_controller/local_setup.dsv
[11.377s] -- Installing: /home/ice/polaris-bot/ros2_ws/install/polaris_controller/share/polaris_controller/package.dsv
[11.377s] -- Up-to-date: /home/ice/polaris-bot/ros2_ws/install/polaris_controller/share/ament_index/resource_index/packages/polaris_controller
[11.378s] -- Up-to-date: /home/ice/polaris-bot/ros2_ws/install/polaris_controller/share/ament_index/resource_index/hardware_interface__pluginlib__plugin/polaris_controller
[11.378s] -- Up-to-date: /home/ice/polaris-bot/ros2_ws/install/polaris_controller/share/ament_index/resource_index/rclcpp_components/polaris_controller
[11.378s] -- Up-to-date: /home/ice/polaris-bot/ros2_ws/install/polaris_controller/share/polaris_controller/cmake/export_polaris_controllerExport.cmake
[11.379s] -- Up-to-date: /home/ice/polaris-bot/ros2_ws/install/polaris_controller/share/polaris_controller/cmake/export_polaris_controllerExport-noconfig.cmake
[11.379s] -- Up-to-date: /home/ice/polaris-bot/ros2_ws/install/polaris_controller/share/polaris_controller/cmake/ament_cmake_export_targets-extras.cmake
[11.379s] -- Up-to-date: /home/ice/polaris-bot/ros2_ws/install/polaris_controller/share/polaris_controller/cmake/ament_cmake_export_dependencies-extras.cmake
[11.379s] -- Up-to-date: /home/ice/polaris-bot/ros2_ws/install/polaris_controller/share/polaris_controller/cmake/polaris_controllerConfig.cmake
[11.379s] -- Up-to-date: /home/ice/polaris-bot/ros2_ws/install/polaris_controller/share/polaris_controller/cmake/polaris_controllerConfig-version.cmake
[11.380s] -- Up-to-date: /home/ice/polaris-bot/ros2_ws/install/polaris_controller/share/polaris_controller/package.xml
[11.393s] Invoked command in '/home/ice/polaris-bot/ros2_ws/build/polaris_controller' returned '0': CMAKE_PREFIX_PATH=/home/ice/polaris-bot/ros2_ws/install/ros2_control_demo_description:/home/ice/polaris-bot/ros2_ws/install/messages:/home/ice/polaris-bot/ros2_ws/install/services:/home/ice/polaris-bot/ros2_ws/install/polaris_controller:/home/ice/polaris-bot/ros2_ws/install/my_diff_drive_bot:/opt/ros/humble LD_LIBRARY_PATH=/home/ice/polaris-bot/ros2_ws/install/messages/lib:/home/ice/polaris-bot/ros2_ws/install/services/lib:/home/ice/polaris-bot/ros2_ws/install/polaris_controller/lib:/usr/lib/x86_64-linux-gnu/gazebo-11/plugins:/opt/ros/humble/opt/rviz_ogre_vendor/lib:/opt/ros/humble/lib/x86_64-linux-gnu:/opt/ros/humble/lib /usr/bin/cmake --install /home/ice/polaris-bot/ros2_ws/build/polaris_controller
