[1.960s] Invoking command in '/home/ice/microros_ws/firmware/mcu_ws/uros/tracetools/tracetools_launch': AMENT_PREFIX_PATH=/home/ice/microros_ws/firmware/mcu_ws/install:${AMENT_PREFIX_PATH} CMAKE_PREFIX_PATH=/home/ice/microros_ws/firmware/mcu_ws/install:${CMAKE_PREFIX_PATH} PATH=/home/ice/microros_ws/firmware/mcu_ws/install/bin:${PATH} PYTHONPATH=/home/ice/microros_ws/firmware/mcu_ws/build/tracetools_launch/prefix_override:/home/ice/microros_ws/firmware/mcu_ws/install/lib/python3.10/site-packages:/home/ice/microros_ws/firmware/mcu_ws/install/lib/python3.10/site-packages:${PYTHONPATH} /home/ice/microros_ws/firmware/toolchain/espressif/python_env/idf4.1_py3.10_env/bin/python setup.py egg_info --egg-base ../../../build/tracetools_launch build --build-base /home/ice/microros_ws/firmware/mcu_ws/build/tracetools_launch/build install --record /home/ice/microros_ws/firmware/mcu_ws/build/tracetools_launch/install.log --single-version-externally-managed
[2.518s] running egg_info
[2.520s] creating ../../../build/tracetools_launch/tracetools_launch.egg-info
[2.559s] writing ../../../build/tracetools_launch/tracetools_launch.egg-info/PKG-INFO
[2.559s] writing dependency_links to ../../../build/tracetools_launch/tracetools_launch.egg-info/dependency_links.txt
[2.559s] writing entry points to ../../../build/tracetools_launch/tracetools_launch.egg-info/entry_points.txt
[2.560s] writing requirements to ../../../build/tracetools_launch/tracetools_launch.egg-info/requires.txt
[2.560s] writing top-level names to ../../../build/tracetools_launch/tracetools_launch.egg-info/top_level.txt
[2.560s] writing manifest file '../../../build/tracetools_launch/tracetools_launch.egg-info/SOURCES.txt'
[2.620s] reading manifest file '../../../build/tracetools_launch/tracetools_launch.egg-info/SOURCES.txt'
[2.624s] writing manifest file '../../../build/tracetools_launch/tracetools_launch.egg-info/SOURCES.txt'
[2.624s] running build
[2.628s] running build_py
[2.628s] creating /home/ice/microros_ws/firmware/mcu_ws/build/tracetools_launch/build
[2.629s] creating /home/ice/microros_ws/firmware/mcu_ws/build/tracetools_launch/build/lib
[2.629s] creating /home/ice/microros_ws/firmware/mcu_ws/build/tracetools_launch/build/lib/tracetools_launch
[2.629s] copying tracetools_launch/action.py -> /home/ice/microros_ws/firmware/mcu_ws/build/tracetools_launch/build/lib/tracetools_launch
[2.630s] copying tracetools_launch/__init__.py -> /home/ice/microros_ws/firmware/mcu_ws/build/tracetools_launch/build/lib/tracetools_launch
[2.630s] creating /home/ice/microros_ws/firmware/mcu_ws/build/tracetools_launch/build/lib/tracetools_launch/actions
[2.631s] copying tracetools_launch/actions/__init__.py -> /home/ice/microros_ws/firmware/mcu_ws/build/tracetools_launch/build/lib/tracetools_launch/actions
[2.631s] copying tracetools_launch/actions/ld_preload.py -> /home/ice/microros_ws/firmware/mcu_ws/build/tracetools_launch/build/lib/tracetools_launch/actions
[2.634s] running install
[2.635s] /home/ice/microros_ws/firmware/toolchain/espressif/python_env/idf4.1_py3.10_env/lib/python3.10/site-packages/setuptools/_distutils/cmd.py:66: SetuptoolsDeprecationWarning: setup.py install is deprecated.
[2.635s] !!
[2.635s] 
[2.635s]         ********************************************************************************
[2.635s]         Please avoid running ``setup.py`` directly.
[2.636s]         Instead, use pypa/build, pypa/installer or other
[2.636s]         standards-based tools.
[2.636s] 
[2.636s]         See https://blog.ganssle.io/articles/2021/10/setup-py-deprecated.html for details.
[2.636s]         ********************************************************************************
[2.636s] 
[2.636s] !!
[2.637s]   self.initialize_options()
[2.658s] running install_lib
[2.679s] creating /home/ice/microros_ws/firmware/mcu_ws/install/lib/python3.10/site-packages/tracetools_launch
[2.680s] creating /home/ice/microros_ws/firmware/mcu_ws/install/lib/python3.10/site-packages/tracetools_launch/actions
[2.686s] copying /home/ice/microros_ws/firmware/mcu_ws/build/tracetools_launch/build/lib/tracetools_launch/actions/__init__.py -> /home/ice/microros_ws/firmware/mcu_ws/install/lib/python3.10/site-packages/tracetools_launch/actions
[2.698s] copying /home/ice/microros_ws/firmware/mcu_ws/build/tracetools_launch/build/lib/tracetools_launch/actions/ld_preload.py -> /home/ice/microros_ws/firmware/mcu_ws/install/lib/python3.10/site-packages/tracetools_launch/actions
[2.699s] copying /home/ice/microros_ws/firmware/mcu_ws/build/tracetools_launch/build/lib/tracetools_launch/action.py -> /home/ice/microros_ws/firmware/mcu_ws/install/lib/python3.10/site-packages/tracetools_launch
[2.699s] copying /home/ice/microros_ws/firmware/mcu_ws/build/tracetools_launch/build/lib/tracetools_launch/__init__.py -> /home/ice/microros_ws/firmware/mcu_ws/install/lib/python3.10/site-packages/tracetools_launch
[2.701s] byte-compiling /home/ice/microros_ws/firmware/mcu_ws/install/lib/python3.10/site-packages/tracetools_launch/actions/__init__.py to __init__.cpython-310.pyc
[2.703s] byte-compiling /home/ice/microros_ws/firmware/mcu_ws/install/lib/python3.10/site-packages/tracetools_launch/actions/ld_preload.py to ld_preload.cpython-310.pyc
[2.705s] byte-compiling /home/ice/microros_ws/firmware/mcu_ws/install/lib/python3.10/site-packages/tracetools_launch/action.py to action.cpython-310.pyc
[2.712s] byte-compiling /home/ice/microros_ws/firmware/mcu_ws/install/lib/python3.10/site-packages/tracetools_launch/__init__.py to __init__.cpython-310.pyc
[2.712s] running install_data
[2.730s] copying package.xml -> /home/ice/microros_ws/firmware/mcu_ws/install/share/tracetools_launch
[2.731s] creating /home/ice/microros_ws/firmware/mcu_ws/install/share/tracetools_launch/launch
[2.731s] copying launch/example.launch.py -> /home/ice/microros_ws/firmware/mcu_ws/install/share/tracetools_launch/launch
[2.734s] copying launch/example.launch.xml -> /home/ice/microros_ws/firmware/mcu_ws/install/share/tracetools_launch/launch
[2.736s] copying launch/example.launch.yaml -> /home/ice/microros_ws/firmware/mcu_ws/install/share/tracetools_launch/launch
[2.738s] copying resource/tracetools_launch -> /home/ice/microros_ws/firmware/mcu_ws/install/share/ament_index/resource_index/packages
[2.739s] running install_egg_info
[2.776s] Copying ../../../build/tracetools_launch/tracetools_launch.egg-info to /home/ice/microros_ws/firmware/mcu_ws/install/lib/python3.10/site-packages/tracetools_launch-4.1.1-py3.10.egg-info
[2.778s] running install_scripts
[2.928s] writing list of installed files to '/home/ice/microros_ws/firmware/mcu_ws/build/tracetools_launch/install.log'
[3.008s] Invoked command in '/home/ice/microros_ws/firmware/mcu_ws/uros/tracetools/tracetools_launch' returned '0': AMENT_PREFIX_PATH=/home/ice/microros_ws/firmware/mcu_ws/install:${AMENT_PREFIX_PATH} CMAKE_PREFIX_PATH=/home/ice/microros_ws/firmware/mcu_ws/install:${CMAKE_PREFIX_PATH} PATH=/home/ice/microros_ws/firmware/mcu_ws/install/bin:${PATH} PYTHONPATH=/home/ice/microros_ws/firmware/mcu_ws/build/tracetools_launch/prefix_override:/home/ice/microros_ws/firmware/mcu_ws/install/lib/python3.10/site-packages:/home/ice/microros_ws/firmware/mcu_ws/install/lib/python3.10/site-packages:${PYTHONPATH} /home/ice/microros_ws/firmware/toolchain/espressif/python_env/idf4.1_py3.10_env/bin/python setup.py egg_info --egg-base ../../../build/tracetools_launch build --build-base /home/ice/microros_ws/firmware/mcu_ws/build/tracetools_launch/build install --record /home/ice/microros_ws/firmware/mcu_ws/build/tracetools_launch/install.log --single-version-externally-managed
