[0.199s] Invoking command in '/home/ice/polaris-bot/ros2_ws/build/my_message': CMAKE_PREFIX_PATH=${CMAKE_PREFIX_PATH}:/home/ice/polaris_ws/install/test_pkg:/opt/ros/humble /usr/bin/cmake --build /home/ice/polaris-bot/ros2_ws/build/my_message -- -j2 -l2
[0.333s] [35m[1mConsolidate compiler generated dependencies of target my_message__rosidl_generator_c[0m
[0.403s] [  3%] Built target my_message__cpp
[0.416s] [ 12%] Built target my_message__rosidl_generator_c
[0.482s] [35m[1mConsolidate compiler generated dependencies of target my_message__rosidl_typesupport_cpp[0m
[0.565s] [ 22%] Built target my_message__rosidl_typesupport_cpp
[0.577s] [ 22%] Built target ament_cmake_python_copy_my_message
[0.620s] [35m[1mConsolidate compiler generated dependencies of target my_message__rosidl_typesupport_fastrtps_c[0m
[0.649s] [35m[1mConsolidate compiler generated dependencies of target my_message__rosidl_typesupport_introspection_c[0m
[0.696s] [ 32%] Built target my_message__rosidl_typesupport_fastrtps_c
[0.696s] [35m[1mConsolidate compiler generated dependencies of target my_message__rosidl_typesupport_c[0m
[0.749s] [ 41%] Built target my_message__rosidl_typesupport_introspection_c
[0.761s] [ 51%] Built target my_message__rosidl_typesupport_c
[0.800s] [35m[1mConsolidate compiler generated dependencies of target my_message__rosidl_typesupport_introspection_cpp[0m
[0.825s] [35m[1mConsolidate compiler generated dependencies of target my_message__rosidl_typesupport_fastrtps_cpp[0m
[0.840s] [ 61%] Built target my_message__rosidl_typesupport_introspection_cpp
[0.879s] [ 70%] Built target my_message__rosidl_typesupport_fastrtps_cpp
[0.947s] [ 70%] Built target my_message
[1.107s] [ 74%] Built target my_message__py
[1.271s] [35m[1mConsolidate compiler generated dependencies of target my_message__rosidl_generator_py[0m
[1.338s] [ 80%] Built target my_message__rosidl_generator_py
[1.389s] [35m[1mConsolidate compiler generated dependencies of target my_message__rosidl_typesupport_fastrtps_c__pyext[0m
[1.479s] [ 87%] Built target my_message__rosidl_typesupport_fastrtps_c__pyext
[1.655s] running egg_info
[1.655s] writing my_message.egg-info/PKG-INFO
[1.655s] writing dependency_links to my_message.egg-info/dependency_links.txt
[1.655s] writing top-level names to my_message.egg-info/top_level.txt
[1.655s] reading manifest file 'my_message.egg-info/SOURCES.txt'
[1.655s] writing manifest file 'my_message.egg-info/SOURCES.txt'
[1.716s] [35m[1mConsolidate compiler generated dependencies of target my_message__rosidl_typesupport_introspection_c__pyext[0m
[1.720s] [ 87%] Built target ament_cmake_python_build_my_message_egg
[1.778s] [ 93%] Built target my_message__rosidl_typesupport_introspection_c__pyext
[1.781s] [35m[1mConsolidate compiler generated dependencies of target my_message__rosidl_typesupport_c__pyext[0m
[1.812s] [100%] Built target my_message__rosidl_typesupport_c__pyext
