[4.608s] DEBUG:colcon:Command line arguments: ['/usr/bin/colcon', 'build']
[4.608s] DEBUG:colcon:Parsed command line arguments: Namespace(log_base=None, log_level=None, verb_name='build', build_base='build', install_base='install', merge_install=False, symlink_install=False, test_result_base=None, continue_on_error=False, executor='parallel', parallel_workers=2, event_handlers=None, ignore_user_meta=False, metas=['./colcon.meta'], base_paths=['.'], packages_ignore=None, packages_ignore_regex=None, paths=None, packages_up_to=None, packages_up_to_regex=None, packages_above=None, packages_above_and_dependencies=None, packages_above_depth=None, packages_select_by_dep=None, packages_skip_by_dep=None, packages_skip_up_to=None, packages_select_build_failed=False, packages_skip_build_finished=False, packages_select_test_failures=False, packages_skip_test_passed=False, packages_select=None, packages_skip=None, packages_select_regex=None, packages_skip_regex=None, packages_start=None, packages_end=None, allow_overriding=[], cmake_args=None, cmake_target=None, cmake_target_skip_unavailable=False, cmake_clean_cache=False, cmake_clean_first=False, cmake_force_configure=False, ament_cmake_args=None, catkin_cmake_args=None, catkin_skip_building_tests=False, verb_parser=<colcon_defaults.argument_parser.defaults.DefaultArgumentsDecorator object at 0x7f652344beb0>, verb_extension=<colcon_core.verb.build.BuildVerb object at 0x7f6523449cf0>, main=<bound method BuildVerb.main of <colcon_core.verb.build.BuildVerb object at 0x7f6523449cf0>>)
[4.941s] Level 1:colcon.colcon_core.package_discovery:discover_packages(colcon_meta) check parameters
[4.941s] Level 1:colcon.colcon_core.package_discovery:discover_packages(recursive) check parameters
[4.941s] Level 1:colcon.colcon_core.package_discovery:discover_packages(ignore) check parameters
[4.941s] Level 1:colcon.colcon_core.package_discovery:discover_packages(path) check parameters
[4.941s] Level 1:colcon.colcon_core.package_discovery:discover_packages(colcon_meta) discover
[4.942s] Level 1:colcon.colcon_core.package_discovery:discover_packages(recursive) discover
[4.942s] INFO:colcon.colcon_core.package_discovery:Crawling recursively for packages in '/home/ice/polaris-bot/ros2_ws'
[4.942s] Level 1:colcon.colcon_core.package_identification:_identify(.) by extensions ['ignore', 'ignore_ament_install']
[4.942s] Level 1:colcon.colcon_core.package_identification:_identify(.) by extension 'ignore'
[4.942s] Level 1:colcon.colcon_core.package_identification:_identify(.) by extension 'ignore_ament_install'
[4.942s] Level 1:colcon.colcon_core.package_identification:_identify(.) by extensions ['colcon_pkg']
[4.942s] Level 1:colcon.colcon_core.package_identification:_identify(.) by extension 'colcon_pkg'
[4.942s] Level 1:colcon.colcon_core.package_identification:_identify(.) by extensions ['colcon_meta']
[4.942s] Level 1:colcon.colcon_core.package_identification:_identify(.) by extension 'colcon_meta'
[4.942s] Level 1:colcon.colcon_core.package_identification:_identify(.) by extensions ['ros']
[4.942s] Level 1:colcon.colcon_core.package_identification:_identify(.) by extension 'ros'
[5.005s] Level 1:colcon.colcon_core.package_identification:_identify(.) by extensions ['cmake', 'python']
[5.005s] Level 1:colcon.colcon_core.package_identification:_identify(.) by extension 'cmake'
[5.005s] Level 1:colcon.colcon_core.package_identification:_identify(.) by extension 'python'
[5.005s] Level 1:colcon.colcon_core.package_identification:_identify(.) by extensions ['python_setup_py']
[5.005s] Level 1:colcon.colcon_core.package_identification:_identify(.) by extension 'python_setup_py'
[5.006s] Level 1:colcon.colcon_core.package_identification:_identify(apps) by extensions ['ignore', 'ignore_ament_install']
[5.006s] Level 1:colcon.colcon_core.package_identification:_identify(apps) by extension 'ignore'
[5.006s] Level 1:colcon.colcon_core.package_identification:_identify(apps) by extension 'ignore_ament_install'
[5.006s] Level 1:colcon.colcon_core.package_identification:_identify(apps) by extensions ['colcon_pkg']
[5.006s] Level 1:colcon.colcon_core.package_identification:_identify(apps) by extension 'colcon_pkg'
[5.007s] Level 1:colcon.colcon_core.package_identification:_identify(apps) by extensions ['colcon_meta']
[5.007s] Level 1:colcon.colcon_core.package_identification:_identify(apps) by extension 'colcon_meta'
[5.007s] Level 1:colcon.colcon_core.package_identification:_identify(apps) by extensions ['ros']
[5.007s] Level 1:colcon.colcon_core.package_identification:_identify(apps) by extension 'ros'
[5.007s] Level 1:colcon.colcon_core.package_identification:_identify(apps) by extensions ['cmake', 'python']
[5.007s] Level 1:colcon.colcon_core.package_identification:_identify(apps) by extension 'cmake'
[5.007s] Level 1:colcon.colcon_core.package_identification:_identify(apps) by extension 'python'
[5.007s] Level 1:colcon.colcon_core.package_identification:_identify(apps) by extensions ['python_setup_py']
[5.007s] Level 1:colcon.colcon_core.package_identification:_identify(apps) by extension 'python_setup_py'
[5.008s] Level 1:colcon.colcon_core.package_identification:_identify(apps/polaris_controller_interface) by extensions ['ignore', 'ignore_ament_install']
[5.008s] Level 1:colcon.colcon_core.package_identification:_identify(apps/polaris_controller_interface) by extension 'ignore'
[5.008s] Level 1:colcon.colcon_core.package_identification:_identify(apps/polaris_controller_interface) by extension 'ignore_ament_install'
[5.008s] Level 1:colcon.colcon_core.package_identification:_identify(apps/polaris_controller_interface) by extensions ['colcon_pkg']
[5.008s] Level 1:colcon.colcon_core.package_identification:_identify(apps/polaris_controller_interface) by extension 'colcon_pkg'
[5.008s] Level 1:colcon.colcon_core.package_identification:_identify(apps/polaris_controller_interface) by extensions ['colcon_meta']
[5.009s] Level 1:colcon.colcon_core.package_identification:_identify(apps/polaris_controller_interface) by extension 'colcon_meta'
[5.009s] Level 1:colcon.colcon_core.package_identification:_identify(apps/polaris_controller_interface) by extensions ['ros']
[5.009s] Level 1:colcon.colcon_core.package_identification:_identify(apps/polaris_controller_interface) by extension 'ros'
[5.009s] Level 1:colcon.colcon_core.package_identification:_identify(apps/polaris_controller_interface) by extensions ['cmake', 'python']
[5.009s] Level 1:colcon.colcon_core.package_identification:_identify(apps/polaris_controller_interface) by extension 'cmake'
[5.009s] Level 1:colcon.colcon_core.package_identification:_identify(apps/polaris_controller_interface) by extension 'python'
[5.010s] Level 1:colcon.colcon_core.package_identification:_identify(apps/polaris_controller_interface) by extensions ['python_setup_py']
[5.010s] Level 1:colcon.colcon_core.package_identification:_identify(apps/polaris_controller_interface) by extension 'python_setup_py'
[5.010s] Level 1:colcon.colcon_core.package_identification:_identify(apps/polaris_controller_interface/libs) by extensions ['ignore', 'ignore_ament_install']
[5.010s] Level 1:colcon.colcon_core.package_identification:_identify(apps/polaris_controller_interface/libs) by extension 'ignore'
[5.010s] Level 1:colcon.colcon_core.package_identification:_identify(apps/polaris_controller_interface/libs) by extension 'ignore_ament_install'
[5.011s] Level 1:colcon.colcon_core.package_identification:_identify(apps/polaris_controller_interface/libs) by extensions ['colcon_pkg']
[5.011s] Level 1:colcon.colcon_core.package_identification:_identify(apps/polaris_controller_interface/libs) by extension 'colcon_pkg'
[5.011s] Level 1:colcon.colcon_core.package_identification:_identify(apps/polaris_controller_interface/libs) by extensions ['colcon_meta']
[5.011s] Level 1:colcon.colcon_core.package_identification:_identify(apps/polaris_controller_interface/libs) by extension 'colcon_meta'
[5.011s] Level 1:colcon.colcon_core.package_identification:_identify(apps/polaris_controller_interface/libs) by extensions ['ros']
[5.011s] Level 1:colcon.colcon_core.package_identification:_identify(apps/polaris_controller_interface/libs) by extension 'ros'
[5.012s] Level 1:colcon.colcon_core.package_identification:_identify(apps/polaris_controller_interface/libs) by extensions ['cmake', 'python']
[5.013s] Level 1:colcon.colcon_core.package_identification:_identify(apps/polaris_controller_interface/libs) by extension 'cmake'
[5.013s] Level 1:colcon.colcon_core.package_identification:_identify(apps/polaris_controller_interface/libs) by extension 'python'
[5.013s] Level 1:colcon.colcon_core.package_identification:_identify(apps/polaris_controller_interface/libs) by extensions ['python_setup_py']
[5.013s] Level 1:colcon.colcon_core.package_identification:_identify(apps/polaris_controller_interface/libs) by extension 'python_setup_py'
[5.013s] Level 1:colcon.colcon_core.package_identification:_identify(build) by extensions ['ignore', 'ignore_ament_install']
[5.014s] Level 1:colcon.colcon_core.package_identification:_identify(build) by extension 'ignore'
[5.014s] Level 1:colcon.colcon_core.package_identification:_identify(build) ignored
[5.014s] Level 1:colcon.colcon_core.package_identification:_identify(install) by extensions ['ignore', 'ignore_ament_install']
[5.014s] Level 1:colcon.colcon_core.package_identification:_identify(install) by extension 'ignore'
[5.014s] Level 1:colcon.colcon_core.package_identification:_identify(install) ignored
[5.015s] Level 1:colcon.colcon_core.package_identification:_identify(log) by extensions ['ignore', 'ignore_ament_install']
[5.015s] Level 1:colcon.colcon_core.package_identification:_identify(log) by extension 'ignore'
[5.015s] Level 1:colcon.colcon_core.package_identification:_identify(log) ignored
[5.015s] Level 1:colcon.colcon_core.package_identification:_identify(src) by extensions ['ignore', 'ignore_ament_install']
[5.015s] Level 1:colcon.colcon_core.package_identification:_identify(src) by extension 'ignore'
[5.015s] Level 1:colcon.colcon_core.package_identification:_identify(src) by extension 'ignore_ament_install'
[5.016s] Level 1:colcon.colcon_core.package_identification:_identify(src) by extensions ['colcon_pkg']
[5.016s] Level 1:colcon.colcon_core.package_identification:_identify(src) by extension 'colcon_pkg'
[5.016s] Level 1:colcon.colcon_core.package_identification:_identify(src) by extensions ['colcon_meta']
[5.016s] Level 1:colcon.colcon_core.package_identification:_identify(src) by extension 'colcon_meta'
[5.017s] Level 1:colcon.colcon_core.package_identification:_identify(src) by extensions ['ros']
[5.017s] Level 1:colcon.colcon_core.package_identification:_identify(src) by extension 'ros'
[5.018s] Level 1:colcon.colcon_core.package_identification:_identify(src) by extensions ['cmake', 'python']
[5.018s] Level 1:colcon.colcon_core.package_identification:_identify(src) by extension 'cmake'
[5.019s] Level 1:colcon.colcon_core.package_identification:_identify(src) by extension 'python'
[5.019s] Level 1:colcon.colcon_core.package_identification:_identify(src) by extensions ['python_setup_py']
[5.020s] Level 1:colcon.colcon_core.package_identification:_identify(src) by extension 'python_setup_py'
[5.020s] Level 1:colcon.colcon_core.package_identification:_identify(src/firmware) by extensions ['ignore', 'ignore_ament_install']
[5.020s] Level 1:colcon.colcon_core.package_identification:_identify(src/firmware) by extension 'ignore'
[5.020s] Level 1:colcon.colcon_core.package_identification:_identify(src/firmware) ignored
[5.021s] Level 1:colcon.colcon_core.package_identification:_identify(src/messages) by extensions ['ignore', 'ignore_ament_install']
[5.021s] Level 1:colcon.colcon_core.package_identification:_identify(src/messages) by extension 'ignore'
[5.021s] Level 1:colcon.colcon_core.package_identification:_identify(src/messages) by extension 'ignore_ament_install'
[5.021s] Level 1:colcon.colcon_core.package_identification:_identify(src/messages) by extensions ['colcon_pkg']
[5.022s] Level 1:colcon.colcon_core.package_identification:_identify(src/messages) by extension 'colcon_pkg'
[5.022s] Level 1:colcon.colcon_core.package_identification:_identify(src/messages) by extensions ['colcon_meta']
[5.022s] Level 1:colcon.colcon_core.package_identification:_identify(src/messages) by extension 'colcon_meta'
[5.022s] Level 1:colcon.colcon_core.package_identification:_identify(src/messages) by extensions ['ros']
[5.022s] Level 1:colcon.colcon_core.package_identification:_identify(src/messages) by extension 'ros'
[5.038s] DEBUG:colcon.colcon_core.package_identification:Package 'src/messages' with type 'ros.ament_cmake' and name 'messages'
[5.038s] Level 1:colcon.colcon_core.package_identification:_identify(src/my_diff_drive_bot) by extensions ['ignore', 'ignore_ament_install']
[5.038s] Level 1:colcon.colcon_core.package_identification:_identify(src/my_diff_drive_bot) by extension 'ignore'
[5.038s] Level 1:colcon.colcon_core.package_identification:_identify(src/my_diff_drive_bot) by extension 'ignore_ament_install'
[5.038s] Level 1:colcon.colcon_core.package_identification:_identify(src/my_diff_drive_bot) by extensions ['colcon_pkg']
[5.038s] Level 1:colcon.colcon_core.package_identification:_identify(src/my_diff_drive_bot) by extension 'colcon_pkg'
[5.039s] Level 1:colcon.colcon_core.package_identification:_identify(src/my_diff_drive_bot) by extensions ['colcon_meta']
[5.039s] Level 1:colcon.colcon_core.package_identification:_identify(src/my_diff_drive_bot) by extension 'colcon_meta'
[5.039s] Level 1:colcon.colcon_core.package_identification:_identify(src/my_diff_drive_bot) by extensions ['ros']
[5.039s] Level 1:colcon.colcon_core.package_identification:_identify(src/my_diff_drive_bot) by extension 'ros'
[5.041s] DEBUG:colcon.colcon_core.package_identification:Package 'src/my_diff_drive_bot' with type 'ros.ament_cmake' and name 'my_diff_drive_bot'
[5.042s] Level 1:colcon.colcon_core.package_identification:_identify(src/polaris_controller) by extensions ['ignore', 'ignore_ament_install']
[5.042s] Level 1:colcon.colcon_core.package_identification:_identify(src/polaris_controller) by extension 'ignore'
[5.042s] Level 1:colcon.colcon_core.package_identification:_identify(src/polaris_controller) by extension 'ignore_ament_install'
[5.042s] Level 1:colcon.colcon_core.package_identification:_identify(src/polaris_controller) by extensions ['colcon_pkg']
[5.042s] Level 1:colcon.colcon_core.package_identification:_identify(src/polaris_controller) by extension 'colcon_pkg'
[5.043s] Level 1:colcon.colcon_core.package_identification:_identify(src/polaris_controller) by extensions ['colcon_meta']
[5.043s] Level 1:colcon.colcon_core.package_identification:_identify(src/polaris_controller) by extension 'colcon_meta'
[5.043s] Level 1:colcon.colcon_core.package_identification:_identify(src/polaris_controller) by extensions ['ros']
[5.043s] Level 1:colcon.colcon_core.package_identification:_identify(src/polaris_controller) by extension 'ros'
[5.048s] DEBUG:colcon.colcon_core.package_identification:Package 'src/polaris_controller' with type 'ros.ament_cmake' and name 'polaris_controller'
[5.049s] Level 1:colcon.colcon_core.package_identification:_identify(src/ros2_control_demo_description) by extensions ['ignore', 'ignore_ament_install']
[5.049s] Level 1:colcon.colcon_core.package_identification:_identify(src/ros2_control_demo_description) by extension 'ignore'
[5.050s] Level 1:colcon.colcon_core.package_identification:_identify(src/ros2_control_demo_description) by extension 'ignore_ament_install'
[5.050s] Level 1:colcon.colcon_core.package_identification:_identify(src/ros2_control_demo_description) by extensions ['colcon_pkg']
[5.050s] Level 1:colcon.colcon_core.package_identification:_identify(src/ros2_control_demo_description) by extension 'colcon_pkg'
[5.050s] Level 1:colcon.colcon_core.package_identification:_identify(src/ros2_control_demo_description) by extensions ['colcon_meta']
[5.050s] Level 1:colcon.colcon_core.package_identification:_identify(src/ros2_control_demo_description) by extension 'colcon_meta'
[5.050s] Level 1:colcon.colcon_core.package_identification:_identify(src/ros2_control_demo_description) by extensions ['ros']
[5.050s] Level 1:colcon.colcon_core.package_identification:_identify(src/ros2_control_demo_description) by extension 'ros'
[5.054s] DEBUG:colcon.colcon_core.package_identification:Package 'src/ros2_control_demo_description' with type 'ros.ament_cmake' and name 'ros2_control_demo_description'
[5.054s] Level 1:colcon.colcon_core.package_identification:_identify(src/services) by extensions ['ignore', 'ignore_ament_install']
[5.055s] Level 1:colcon.colcon_core.package_identification:_identify(src/services) by extension 'ignore'
[5.055s] Level 1:colcon.colcon_core.package_identification:_identify(src/services) by extension 'ignore_ament_install'
[5.055s] Level 1:colcon.colcon_core.package_identification:_identify(src/services) by extensions ['colcon_pkg']
[5.055s] Level 1:colcon.colcon_core.package_identification:_identify(src/services) by extension 'colcon_pkg'
[5.055s] Level 1:colcon.colcon_core.package_identification:_identify(src/services) by extensions ['colcon_meta']
[5.055s] Level 1:colcon.colcon_core.package_identification:_identify(src/services) by extension 'colcon_meta'
[5.055s] Level 1:colcon.colcon_core.package_identification:_identify(src/services) by extensions ['ros']
[5.055s] Level 1:colcon.colcon_core.package_identification:_identify(src/services) by extension 'ros'
[5.057s] DEBUG:colcon.colcon_core.package_identification:Package 'src/services' with type 'ros.ament_cmake' and name 'services'
[5.057s] Level 1:colcon.colcon_core.package_discovery:discover_packages(recursive) using defaults
[5.057s] Level 1:colcon.colcon_core.package_discovery:discover_packages(ignore) discover
[5.057s] Level 1:colcon.colcon_core.package_discovery:discover_packages(ignore) using defaults
[5.057s] Level 1:colcon.colcon_core.package_discovery:discover_packages(path) discover
[5.057s] Level 1:colcon.colcon_core.package_discovery:discover_packages(path) using defaults
[5.400s] Level 1:colcon.colcon_core.package_discovery:discover_packages(prefix_path) check parameters
[5.400s] Level 1:colcon.colcon_core.package_discovery:discover_packages(prefix_path) discover
[5.520s] DEBUG:colcon.colcon_installed_package_information.package_discovery:Found 5 installed packages in /home/ice/polaris-bot/ros2_ws/install
[5.578s] DEBUG:colcon.colcon_installed_package_information.package_discovery:Found 394 installed packages in /opt/ros/humble
[5.584s] Level 1:colcon.colcon_core.package_discovery:discover_packages(prefix_path) using defaults
[5.901s] Level 5:colcon.colcon_core.verb:set package 'messages' build argument 'cmake_args' from command line to 'None'
[5.901s] Level 5:colcon.colcon_core.verb:set package 'messages' build argument 'cmake_target' from command line to 'None'
[5.902s] Level 5:colcon.colcon_core.verb:set package 'messages' build argument 'cmake_target_skip_unavailable' from command line to 'False'
[5.902s] Level 5:colcon.colcon_core.verb:set package 'messages' build argument 'cmake_clean_cache' from command line to 'False'
[5.902s] Level 5:colcon.colcon_core.verb:set package 'messages' build argument 'cmake_clean_first' from command line to 'False'
[5.902s] Level 5:colcon.colcon_core.verb:set package 'messages' build argument 'cmake_force_configure' from command line to 'False'
[5.902s] Level 5:colcon.colcon_core.verb:set package 'messages' build argument 'ament_cmake_args' from command line to 'None'
[5.902s] Level 5:colcon.colcon_core.verb:set package 'messages' build argument 'catkin_cmake_args' from command line to 'None'
[5.902s] Level 5:colcon.colcon_core.verb:set package 'messages' build argument 'catkin_skip_building_tests' from command line to 'False'
[5.902s] DEBUG:colcon.colcon_core.verb:Building package 'messages' with the following arguments: {'ament_cmake_args': None, 'build_base': '/home/ice/polaris-bot/ros2_ws/build/messages', 'catkin_cmake_args': None, 'catkin_skip_building_tests': False, 'cmake_args': None, 'cmake_clean_cache': False, 'cmake_clean_first': False, 'cmake_force_configure': False, 'cmake_target': None, 'cmake_target_skip_unavailable': False, 'install_base': '/home/ice/polaris-bot/ros2_ws/install/messages', 'merge_install': False, 'path': '/home/ice/polaris-bot/ros2_ws/src/messages', 'symlink_install': False, 'test_result_base': None}
[5.934s] Level 5:colcon.colcon_core.verb:set package 'my_diff_drive_bot' build argument 'cmake_args' from command line to 'None'
[5.934s] Level 5:colcon.colcon_core.verb:set package 'my_diff_drive_bot' build argument 'cmake_target' from command line to 'None'
[5.934s] Level 5:colcon.colcon_core.verb:set package 'my_diff_drive_bot' build argument 'cmake_target_skip_unavailable' from command line to 'False'
[5.934s] Level 5:colcon.colcon_core.verb:set package 'my_diff_drive_bot' build argument 'cmake_clean_cache' from command line to 'False'
[5.934s] Level 5:colcon.colcon_core.verb:set package 'my_diff_drive_bot' build argument 'cmake_clean_first' from command line to 'False'
[5.934s] Level 5:colcon.colcon_core.verb:set package 'my_diff_drive_bot' build argument 'cmake_force_configure' from command line to 'False'
[5.934s] Level 5:colcon.colcon_core.verb:set package 'my_diff_drive_bot' build argument 'ament_cmake_args' from command line to 'None'
[5.934s] Level 5:colcon.colcon_core.verb:set package 'my_diff_drive_bot' build argument 'catkin_cmake_args' from command line to 'None'
[5.934s] Level 5:colcon.colcon_core.verb:set package 'my_diff_drive_bot' build argument 'catkin_skip_building_tests' from command line to 'False'
[5.934s] DEBUG:colcon.colcon_core.verb:Building package 'my_diff_drive_bot' with the following arguments: {'ament_cmake_args': None, 'build_base': '/home/ice/polaris-bot/ros2_ws/build/my_diff_drive_bot', 'catkin_cmake_args': None, 'catkin_skip_building_tests': False, 'cmake_args': None, 'cmake_clean_cache': False, 'cmake_clean_first': False, 'cmake_force_configure': False, 'cmake_target': None, 'cmake_target_skip_unavailable': False, 'install_base': '/home/ice/polaris-bot/ros2_ws/install/my_diff_drive_bot', 'merge_install': False, 'path': '/home/ice/polaris-bot/ros2_ws/src/my_diff_drive_bot', 'symlink_install': False, 'test_result_base': None}
[5.974s] Level 5:colcon.colcon_core.verb:set package 'ros2_control_demo_description' build argument 'cmake_args' from command line to 'None'
[5.974s] Level 5:colcon.colcon_core.verb:set package 'ros2_control_demo_description' build argument 'cmake_target' from command line to 'None'
[5.975s] Level 5:colcon.colcon_core.verb:set package 'ros2_control_demo_description' build argument 'cmake_target_skip_unavailable' from command line to 'False'
[5.975s] Level 5:colcon.colcon_core.verb:set package 'ros2_control_demo_description' build argument 'cmake_clean_cache' from command line to 'False'
[5.975s] Level 5:colcon.colcon_core.verb:set package 'ros2_control_demo_description' build argument 'cmake_clean_first' from command line to 'False'
[5.975s] Level 5:colcon.colcon_core.verb:set package 'ros2_control_demo_description' build argument 'cmake_force_configure' from command line to 'False'
[5.975s] Level 5:colcon.colcon_core.verb:set package 'ros2_control_demo_description' build argument 'ament_cmake_args' from command line to 'None'
[5.975s] Level 5:colcon.colcon_core.verb:set package 'ros2_control_demo_description' build argument 'catkin_cmake_args' from command line to 'None'
[5.975s] Level 5:colcon.colcon_core.verb:set package 'ros2_control_demo_description' build argument 'catkin_skip_building_tests' from command line to 'False'
[5.975s] DEBUG:colcon.colcon_core.verb:Building package 'ros2_control_demo_description' with the following arguments: {'ament_cmake_args': None, 'build_base': '/home/ice/polaris-bot/ros2_ws/build/ros2_control_demo_description', 'catkin_cmake_args': None, 'catkin_skip_building_tests': False, 'cmake_args': None, 'cmake_clean_cache': False, 'cmake_clean_first': False, 'cmake_force_configure': False, 'cmake_target': None, 'cmake_target_skip_unavailable': False, 'install_base': '/home/ice/polaris-bot/ros2_ws/install/ros2_control_demo_description', 'merge_install': False, 'path': '/home/ice/polaris-bot/ros2_ws/src/ros2_control_demo_description', 'symlink_install': False, 'test_result_base': None}
[6.038s] Level 5:colcon.colcon_core.verb:set package 'services' build argument 'cmake_args' from command line to 'None'
[6.038s] Level 5:colcon.colcon_core.verb:set package 'services' build argument 'cmake_target' from command line to 'None'
[6.038s] Level 5:colcon.colcon_core.verb:set package 'services' build argument 'cmake_target_skip_unavailable' from command line to 'False'
[6.038s] Level 5:colcon.colcon_core.verb:set package 'services' build argument 'cmake_clean_cache' from command line to 'False'
[6.038s] Level 5:colcon.colcon_core.verb:set package 'services' build argument 'cmake_clean_first' from command line to 'False'
[6.038s] Level 5:colcon.colcon_core.verb:set package 'services' build argument 'cmake_force_configure' from command line to 'False'
[6.038s] Level 5:colcon.colcon_core.verb:set package 'services' build argument 'ament_cmake_args' from command line to 'None'
[6.038s] Level 5:colcon.colcon_core.verb:set package 'services' build argument 'catkin_cmake_args' from command line to 'None'
[6.038s] Level 5:colcon.colcon_core.verb:set package 'services' build argument 'catkin_skip_building_tests' from command line to 'False'
[6.038s] DEBUG:colcon.colcon_core.verb:Building package 'services' with the following arguments: {'ament_cmake_args': None, 'build_base': '/home/ice/polaris-bot/ros2_ws/build/services', 'catkin_cmake_args': None, 'catkin_skip_building_tests': False, 'cmake_args': None, 'cmake_clean_cache': False, 'cmake_clean_first': False, 'cmake_force_configure': False, 'cmake_target': None, 'cmake_target_skip_unavailable': False, 'install_base': '/home/ice/polaris-bot/ros2_ws/install/services', 'merge_install': False, 'path': '/home/ice/polaris-bot/ros2_ws/src/services', 'symlink_install': False, 'test_result_base': None}
[6.088s] Level 5:colcon.colcon_core.verb:set package 'polaris_controller' build argument 'cmake_args' from command line to 'None'
[6.088s] Level 5:colcon.colcon_core.verb:set package 'polaris_controller' build argument 'cmake_target' from command line to 'None'
[6.088s] Level 5:colcon.colcon_core.verb:set package 'polaris_controller' build argument 'cmake_target_skip_unavailable' from command line to 'False'
[6.088s] Level 5:colcon.colcon_core.verb:set package 'polaris_controller' build argument 'cmake_clean_cache' from command line to 'False'
[6.088s] Level 5:colcon.colcon_core.verb:set package 'polaris_controller' build argument 'cmake_clean_first' from command line to 'False'
[6.088s] Level 5:colcon.colcon_core.verb:set package 'polaris_controller' build argument 'cmake_force_configure' from command line to 'False'
[6.088s] Level 5:colcon.colcon_core.verb:set package 'polaris_controller' build argument 'ament_cmake_args' from command line to 'None'
[6.088s] Level 5:colcon.colcon_core.verb:set package 'polaris_controller' build argument 'catkin_cmake_args' from command line to 'None'
[6.089s] Level 5:colcon.colcon_core.verb:set package 'polaris_controller' build argument 'catkin_skip_building_tests' from command line to 'False'
[6.089s] DEBUG:colcon.colcon_core.verb:Building package 'polaris_controller' with the following arguments: {'ament_cmake_args': None, 'build_base': '/home/ice/polaris-bot/ros2_ws/build/polaris_controller', 'catkin_cmake_args': None, 'catkin_skip_building_tests': False, 'cmake_args': None, 'cmake_clean_cache': False, 'cmake_clean_first': False, 'cmake_force_configure': False, 'cmake_target': None, 'cmake_target_skip_unavailable': False, 'install_base': '/home/ice/polaris-bot/ros2_ws/install/polaris_controller', 'merge_install': False, 'path': '/home/ice/polaris-bot/ros2_ws/src/polaris_controller', 'symlink_install': False, 'test_result_base': None}
[6.130s] INFO:colcon.colcon_core.executor:Executing jobs using 'parallel' executor
[6.167s] DEBUG:colcon.colcon_parallel_executor.executor.parallel:run_until_complete
[6.169s] INFO:colcon.colcon_ros.task.ament_cmake.build:Building ROS package in '/home/ice/polaris-bot/ros2_ws/src/messages' with build type 'ament_cmake'
[6.169s] INFO:colcon.colcon_cmake.task.cmake.build:Building CMake package in '/home/ice/polaris-bot/ros2_ws/src/messages'
[6.267s] INFO:colcon.colcon_core.plugin_system:Skipping extension 'colcon_core.shell.bat': Not used on non-Windows systems
[6.268s] INFO:colcon.colcon_core.shell:Skip shell extension 'powershell' for command environment: Not usable outside of PowerShell
[6.268s] DEBUG:colcon.colcon_core.shell:Skip shell extension 'dsv' for command environment
[6.468s] INFO:colcon.colcon_ros.task.ament_cmake.build:Building ROS package in '/home/ice/polaris-bot/ros2_ws/src/ros2_control_demo_description' with build type 'ament_cmake'
[6.469s] INFO:colcon.colcon_cmake.task.cmake.build:Building CMake package in '/home/ice/polaris-bot/ros2_ws/src/ros2_control_demo_description'
[6.527s] INFO:colcon.colcon_core.shell:Skip shell extension 'powershell' for command environment: Not usable outside of PowerShell
[6.527s] DEBUG:colcon.colcon_core.shell:Skip shell extension 'dsv' for command environment
[6.705s] DEBUG:colcon.colcon_core.event_handler.log_command:Invoking command in '/home/ice/polaris-bot/ros2_ws/build/messages': CMAKE_PREFIX_PATH=${CMAKE_PREFIX_PATH}:/opt/ros/humble /usr/bin/cmake --build /home/ice/polaris-bot/ros2_ws/build/messages -- -j2 -l2
[6.721s] DEBUG:colcon.colcon_core.event_handler.log_command:Invoking command in '/home/ice/polaris-bot/ros2_ws/build/ros2_control_demo_description': CMAKE_PREFIX_PATH=${CMAKE_PREFIX_PATH}:/opt/ros/humble /usr/bin/cmake --build /home/ice/polaris-bot/ros2_ws/build/ros2_control_demo_description -- -j2 -l2
[7.265s] DEBUG:colcon.colcon_core.event_handler.log_command:Invoked command in '/home/ice/polaris-bot/ros2_ws/build/ros2_control_demo_description' returned '0': CMAKE_PREFIX_PATH=${CMAKE_PREFIX_PATH}:/opt/ros/humble /usr/bin/cmake --build /home/ice/polaris-bot/ros2_ws/build/ros2_control_demo_description -- -j2 -l2
[7.498s] DEBUG:colcon.colcon_core.event_handler.log_command:Invoking command in '/home/ice/polaris-bot/ros2_ws/build/ros2_control_demo_description': CMAKE_PREFIX_PATH=${CMAKE_PREFIX_PATH}:/opt/ros/humble /usr/bin/cmake --install /home/ice/polaris-bot/ros2_ws/build/ros2_control_demo_description
[7.614s] Level 1:colcon.colcon_core.environment:create_environment_scripts_only(ros2_control_demo_description)
[7.619s] DEBUG:colcon.colcon_core.event_handler.log_command:Invoked command in '/home/ice/polaris-bot/ros2_ws/build/ros2_control_demo_description' returned '0': CMAKE_PREFIX_PATH=${CMAKE_PREFIX_PATH}:/opt/ros/humble /usr/bin/cmake --install /home/ice/polaris-bot/ros2_ws/build/ros2_control_demo_description
[7.819s] Level 1:colcon.colcon_core.environment:checking '/home/ice/polaris-bot/ros2_ws/install/ros2_control_demo_description' for CMake module files
[7.820s] Level 1:colcon.colcon_core.environment:checking '/home/ice/polaris-bot/ros2_ws/install/ros2_control_demo_description' for CMake config files
[7.821s] Level 1:colcon.colcon_core.shell:create_environment_hook('ros2_control_demo_description', 'cmake_prefix_path')
[7.892s] INFO:colcon.colcon_core.shell:Creating environment hook '/home/ice/polaris-bot/ros2_ws/install/ros2_control_demo_description/share/ros2_control_demo_description/hook/cmake_prefix_path.ps1'
[7.898s] INFO:colcon.colcon_core.shell:Creating environment descriptor '/home/ice/polaris-bot/ros2_ws/install/ros2_control_demo_description/share/ros2_control_demo_description/hook/cmake_prefix_path.dsv'
[7.901s] INFO:colcon.colcon_core.shell:Creating environment hook '/home/ice/polaris-bot/ros2_ws/install/ros2_control_demo_description/share/ros2_control_demo_description/hook/cmake_prefix_path.sh'
[7.916s] Level 1:colcon.colcon_core.environment:checking '/home/ice/polaris-bot/ros2_ws/install/ros2_control_demo_description/bin'
[7.916s] Level 1:colcon.colcon_core.environment:checking '/home/ice/polaris-bot/ros2_ws/install/ros2_control_demo_description/lib/pkgconfig/ros2_control_demo_description.pc'
[7.917s] Level 1:colcon.colcon_core.environment:checking '/home/ice/polaris-bot/ros2_ws/install/ros2_control_demo_description/lib/python3.10/site-packages'
[7.917s] Level 1:colcon.colcon_core.environment:checking '/home/ice/polaris-bot/ros2_ws/install/ros2_control_demo_description/bin'
[8.001s] INFO:colcon.colcon_core.shell:Creating package script '/home/ice/polaris-bot/ros2_ws/install/ros2_control_demo_description/share/ros2_control_demo_description/package.ps1'
[8.014s] INFO:colcon.colcon_core.shell:Creating package descriptor '/home/ice/polaris-bot/ros2_ws/install/ros2_control_demo_description/share/ros2_control_demo_description/package.dsv'
[8.019s] INFO:colcon.colcon_core.shell:Creating package script '/home/ice/polaris-bot/ros2_ws/install/ros2_control_demo_description/share/ros2_control_demo_description/package.sh'
[8.022s] INFO:colcon.colcon_core.shell:Creating package script '/home/ice/polaris-bot/ros2_ws/install/ros2_control_demo_description/share/ros2_control_demo_description/package.bash'
[8.030s] INFO:colcon.colcon_core.shell:Creating package script '/home/ice/polaris-bot/ros2_ws/install/ros2_control_demo_description/share/ros2_control_demo_description/package.zsh'
[8.034s] Level 1:colcon.colcon_core.environment:create_file_with_runtime_dependencies(/home/ice/polaris-bot/ros2_ws/install/ros2_control_demo_description/share/colcon-core/packages/ros2_control_demo_description)
[8.469s] Level 1:colcon.colcon_core.environment:create_environment_scripts_only(ros2_control_demo_description)
[8.501s] Level 1:colcon.colcon_core.environment:checking '/home/ice/polaris-bot/ros2_ws/install/ros2_control_demo_description' for CMake module files
[8.502s] Level 1:colcon.colcon_core.environment:checking '/home/ice/polaris-bot/ros2_ws/install/ros2_control_demo_description' for CMake config files
[8.502s] Level 1:colcon.colcon_core.shell:create_environment_hook('ros2_control_demo_description', 'cmake_prefix_path')
[8.537s] INFO:colcon.colcon_core.shell:Creating environment hook '/home/ice/polaris-bot/ros2_ws/install/ros2_control_demo_description/share/ros2_control_demo_description/hook/cmake_prefix_path.ps1'
[8.538s] INFO:colcon.colcon_core.shell:Creating environment descriptor '/home/ice/polaris-bot/ros2_ws/install/ros2_control_demo_description/share/ros2_control_demo_description/hook/cmake_prefix_path.dsv'
[8.556s] INFO:colcon.colcon_core.shell:Creating environment hook '/home/ice/polaris-bot/ros2_ws/install/ros2_control_demo_description/share/ros2_control_demo_description/hook/cmake_prefix_path.sh'
[8.560s] Level 1:colcon.colcon_core.environment:checking '/home/ice/polaris-bot/ros2_ws/install/ros2_control_demo_description/bin'
[8.561s] Level 1:colcon.colcon_core.environment:checking '/home/ice/polaris-bot/ros2_ws/install/ros2_control_demo_description/lib/pkgconfig/ros2_control_demo_description.pc'
[8.563s] Level 1:colcon.colcon_core.environment:checking '/home/ice/polaris-bot/ros2_ws/install/ros2_control_demo_description/lib/python3.10/site-packages'
[8.563s] Level 1:colcon.colcon_core.environment:checking '/home/ice/polaris-bot/ros2_ws/install/ros2_control_demo_description/bin'
[8.644s] INFO:colcon.colcon_core.shell:Creating package script '/home/ice/polaris-bot/ros2_ws/install/ros2_control_demo_description/share/ros2_control_demo_description/package.ps1'
[8.647s] INFO:colcon.colcon_core.shell:Creating package descriptor '/home/ice/polaris-bot/ros2_ws/install/ros2_control_demo_description/share/ros2_control_demo_description/package.dsv'
[8.648s] INFO:colcon.colcon_core.shell:Creating package script '/home/ice/polaris-bot/ros2_ws/install/ros2_control_demo_description/share/ros2_control_demo_description/package.sh'
[8.650s] INFO:colcon.colcon_core.shell:Creating package script '/home/ice/polaris-bot/ros2_ws/install/ros2_control_demo_description/share/ros2_control_demo_description/package.bash'
[8.651s] INFO:colcon.colcon_core.shell:Creating package script '/home/ice/polaris-bot/ros2_ws/install/ros2_control_demo_description/share/ros2_control_demo_description/package.zsh'
[8.654s] Level 1:colcon.colcon_core.environment:create_file_with_runtime_dependencies(/home/ice/polaris-bot/ros2_ws/install/ros2_control_demo_description/share/colcon-core/packages/ros2_control_demo_description)
[8.659s] INFO:colcon.colcon_ros.task.ament_cmake.build:Building ROS package in '/home/ice/polaris-bot/ros2_ws/src/my_diff_drive_bot' with build type 'ament_cmake'
[8.660s] INFO:colcon.colcon_cmake.task.cmake.build:Building CMake package in '/home/ice/polaris-bot/ros2_ws/src/my_diff_drive_bot'
[8.758s] INFO:colcon.colcon_core.shell:Skip shell extension 'powershell' for command environment: Not usable outside of PowerShell
[8.759s] DEBUG:colcon.colcon_core.shell:Skip shell extension 'dsv' for command environment
[8.971s] DEBUG:colcon.colcon_core.event_handler.log_command:Invoking command in '/home/ice/polaris-bot/ros2_ws/build/my_diff_drive_bot': CMAKE_PREFIX_PATH=${CMAKE_PREFIX_PATH}:/opt/ros/humble /usr/bin/cmake --build /home/ice/polaris-bot/ros2_ws/build/my_diff_drive_bot -- -j2 -l2
[9.562s] DEBUG:colcon.colcon_core.event_handler.log_command:Invoked command in '/home/ice/polaris-bot/ros2_ws/build/my_diff_drive_bot' returned '0': CMAKE_PREFIX_PATH=${CMAKE_PREFIX_PATH}:/opt/ros/humble /usr/bin/cmake --build /home/ice/polaris-bot/ros2_ws/build/my_diff_drive_bot -- -j2 -l2
[9.785s] DEBUG:colcon.colcon_core.event_handler.log_command:Invoking command in '/home/ice/polaris-bot/ros2_ws/build/my_diff_drive_bot': CMAKE_PREFIX_PATH=${CMAKE_PREFIX_PATH}:/opt/ros/humble /usr/bin/cmake --install /home/ice/polaris-bot/ros2_ws/build/my_diff_drive_bot
[9.893s] Level 1:colcon.colcon_core.environment:create_environment_scripts_only(my_diff_drive_bot)
[9.898s] DEBUG:colcon.colcon_core.event_handler.log_command:Invoked command in '/home/ice/polaris-bot/ros2_ws/build/my_diff_drive_bot' returned '0': CMAKE_PREFIX_PATH=${CMAKE_PREFIX_PATH}:/opt/ros/humble /usr/bin/cmake --install /home/ice/polaris-bot/ros2_ws/build/my_diff_drive_bot
[9.966s] Level 1:colcon.colcon_core.environment:checking '/home/ice/polaris-bot/ros2_ws/install/my_diff_drive_bot' for CMake module files
[9.967s] Level 1:colcon.colcon_core.environment:checking '/home/ice/polaris-bot/ros2_ws/install/my_diff_drive_bot' for CMake config files
[9.968s] Level 1:colcon.colcon_core.shell:create_environment_hook('my_diff_drive_bot', 'cmake_prefix_path')
[10.019s] INFO:colcon.colcon_core.shell:Creating environment hook '/home/ice/polaris-bot/ros2_ws/install/my_diff_drive_bot/share/my_diff_drive_bot/hook/cmake_prefix_path.ps1'
[10.024s] INFO:colcon.colcon_core.shell:Creating environment descriptor '/home/ice/polaris-bot/ros2_ws/install/my_diff_drive_bot/share/my_diff_drive_bot/hook/cmake_prefix_path.dsv'
[10.027s] INFO:colcon.colcon_core.shell:Creating environment hook '/home/ice/polaris-bot/ros2_ws/install/my_diff_drive_bot/share/my_diff_drive_bot/hook/cmake_prefix_path.sh'
[10.030s] Level 1:colcon.colcon_core.environment:checking '/home/ice/polaris-bot/ros2_ws/install/my_diff_drive_bot/bin'
[10.030s] Level 1:colcon.colcon_core.environment:checking '/home/ice/polaris-bot/ros2_ws/install/my_diff_drive_bot/lib/pkgconfig/my_diff_drive_bot.pc'
[10.030s] Level 1:colcon.colcon_core.environment:checking '/home/ice/polaris-bot/ros2_ws/install/my_diff_drive_bot/lib/python3.10/site-packages'
[10.031s] Level 1:colcon.colcon_core.environment:checking '/home/ice/polaris-bot/ros2_ws/install/my_diff_drive_bot/bin'
[10.082s] INFO:colcon.colcon_core.shell:Creating package script '/home/ice/polaris-bot/ros2_ws/install/my_diff_drive_bot/share/my_diff_drive_bot/package.ps1'
[10.084s] INFO:colcon.colcon_core.shell:Creating package descriptor '/home/ice/polaris-bot/ros2_ws/install/my_diff_drive_bot/share/my_diff_drive_bot/package.dsv'
[10.086s] INFO:colcon.colcon_core.shell:Creating package script '/home/ice/polaris-bot/ros2_ws/install/my_diff_drive_bot/share/my_diff_drive_bot/package.sh'
[10.090s] INFO:colcon.colcon_core.shell:Creating package script '/home/ice/polaris-bot/ros2_ws/install/my_diff_drive_bot/share/my_diff_drive_bot/package.bash'
[10.095s] INFO:colcon.colcon_core.shell:Creating package script '/home/ice/polaris-bot/ros2_ws/install/my_diff_drive_bot/share/my_diff_drive_bot/package.zsh'
[10.097s] Level 1:colcon.colcon_core.environment:create_file_with_runtime_dependencies(/home/ice/polaris-bot/ros2_ws/install/my_diff_drive_bot/share/colcon-core/packages/my_diff_drive_bot)
[10.112s] DEBUG:colcon.colcon_core.event_handler.log_command:Invoked command in '/home/ice/polaris-bot/ros2_ws/build/messages' returned '0': CMAKE_PREFIX_PATH=${CMAKE_PREFIX_PATH}:/opt/ros/humble /usr/bin/cmake --build /home/ice/polaris-bot/ros2_ws/build/messages -- -j2 -l2
[10.285s] Level 1:colcon.colcon_core.environment:create_environment_scripts_only(my_diff_drive_bot)
[10.329s] Level 1:colcon.colcon_core.environment:checking '/home/ice/polaris-bot/ros2_ws/install/my_diff_drive_bot' for CMake module files
[10.331s] Level 1:colcon.colcon_core.environment:checking '/home/ice/polaris-bot/ros2_ws/install/my_diff_drive_bot' for CMake config files
[10.331s] Level 1:colcon.colcon_core.shell:create_environment_hook('my_diff_drive_bot', 'cmake_prefix_path')
[10.383s] INFO:colcon.colcon_core.shell:Creating environment hook '/home/ice/polaris-bot/ros2_ws/install/my_diff_drive_bot/share/my_diff_drive_bot/hook/cmake_prefix_path.ps1'
[10.386s] INFO:colcon.colcon_core.shell:Creating environment descriptor '/home/ice/polaris-bot/ros2_ws/install/my_diff_drive_bot/share/my_diff_drive_bot/hook/cmake_prefix_path.dsv'
[10.391s] INFO:colcon.colcon_core.shell:Creating environment hook '/home/ice/polaris-bot/ros2_ws/install/my_diff_drive_bot/share/my_diff_drive_bot/hook/cmake_prefix_path.sh'
[10.394s] Level 1:colcon.colcon_core.environment:checking '/home/ice/polaris-bot/ros2_ws/install/my_diff_drive_bot/bin'
[10.394s] Level 1:colcon.colcon_core.environment:checking '/home/ice/polaris-bot/ros2_ws/install/my_diff_drive_bot/lib/pkgconfig/my_diff_drive_bot.pc'
[10.395s] Level 1:colcon.colcon_core.environment:checking '/home/ice/polaris-bot/ros2_ws/install/my_diff_drive_bot/lib/python3.10/site-packages'
[10.395s] Level 1:colcon.colcon_core.environment:checking '/home/ice/polaris-bot/ros2_ws/install/my_diff_drive_bot/bin'
[10.443s] INFO:colcon.colcon_core.shell:Creating package script '/home/ice/polaris-bot/ros2_ws/install/my_diff_drive_bot/share/my_diff_drive_bot/package.ps1'
[10.446s] INFO:colcon.colcon_core.shell:Creating package descriptor '/home/ice/polaris-bot/ros2_ws/install/my_diff_drive_bot/share/my_diff_drive_bot/package.dsv'
[10.448s] INFO:colcon.colcon_core.shell:Creating package script '/home/ice/polaris-bot/ros2_ws/install/my_diff_drive_bot/share/my_diff_drive_bot/package.sh'
[10.451s] INFO:colcon.colcon_core.shell:Creating package script '/home/ice/polaris-bot/ros2_ws/install/my_diff_drive_bot/share/my_diff_drive_bot/package.bash'
[10.458s] INFO:colcon.colcon_core.shell:Creating package script '/home/ice/polaris-bot/ros2_ws/install/my_diff_drive_bot/share/my_diff_drive_bot/package.zsh'
[10.462s] Level 1:colcon.colcon_core.environment:create_file_with_runtime_dependencies(/home/ice/polaris-bot/ros2_ws/install/my_diff_drive_bot/share/colcon-core/packages/my_diff_drive_bot)
[10.462s] INFO:colcon.colcon_ros.task.ament_cmake.build:Building ROS package in '/home/ice/polaris-bot/ros2_ws/src/services' with build type 'ament_cmake'
[10.463s] INFO:colcon.colcon_cmake.task.cmake.build:Building CMake package in '/home/ice/polaris-bot/ros2_ws/src/services'
[10.549s] INFO:colcon.colcon_core.shell:Skip shell extension 'powershell' for command environment: Not usable outside of PowerShell
[10.549s] DEBUG:colcon.colcon_core.shell:Skip shell extension 'dsv' for command environment
[10.731s] DEBUG:colcon.colcon_core.event_handler.log_command:Invoking command in '/home/ice/polaris-bot/ros2_ws/build/messages': CMAKE_PREFIX_PATH=${CMAKE_PREFIX_PATH}:/opt/ros/humble /usr/bin/cmake --install /home/ice/polaris-bot/ros2_ws/build/messages
[10.751s] DEBUG:colcon.colcon_core.event_handler.log_command:Invoking command in '/home/ice/polaris-bot/ros2_ws/build/services': CMAKE_PREFIX_PATH=${CMAKE_PREFIX_PATH}:/opt/ros/humble /usr/bin/cmake --build /home/ice/polaris-bot/ros2_ws/build/services -- -j2 -l2
[11.123s] Level 1:colcon.colcon_core.environment:create_environment_scripts_only(messages)
[11.127s] DEBUG:colcon.colcon_core.event_handler.log_command:Invoked command in '/home/ice/polaris-bot/ros2_ws/build/messages' returned '0': CMAKE_PREFIX_PATH=${CMAKE_PREFIX_PATH}:/opt/ros/humble /usr/bin/cmake --install /home/ice/polaris-bot/ros2_ws/build/messages
[11.229s] Level 1:colcon.colcon_core.environment:checking '/home/ice/polaris-bot/ros2_ws/install/messages' for CMake module files
[11.231s] Level 1:colcon.colcon_core.environment:checking '/home/ice/polaris-bot/ros2_ws/install/messages' for CMake config files
[11.231s] Level 1:colcon.colcon_core.shell:create_environment_hook('messages', 'cmake_prefix_path')
[11.333s] INFO:colcon.colcon_core.shell:Creating environment hook '/home/ice/polaris-bot/ros2_ws/install/messages/share/messages/hook/cmake_prefix_path.ps1'
[11.334s] INFO:colcon.colcon_core.shell:Creating environment descriptor '/home/ice/polaris-bot/ros2_ws/install/messages/share/messages/hook/cmake_prefix_path.dsv'
[11.345s] INFO:colcon.colcon_core.shell:Creating environment hook '/home/ice/polaris-bot/ros2_ws/install/messages/share/messages/hook/cmake_prefix_path.sh'
[11.346s] Level 1:colcon.colcon_core.environment:checking '/home/ice/polaris-bot/ros2_ws/install/messages/lib'
[11.347s] Level 1:colcon.colcon_core.shell:create_environment_hook('messages', 'ld_library_path_lib')
[11.432s] INFO:colcon.colcon_core.shell:Creating environment hook '/home/ice/polaris-bot/ros2_ws/install/messages/share/messages/hook/ld_library_path_lib.ps1'
[11.434s] INFO:colcon.colcon_core.shell:Creating environment descriptor '/home/ice/polaris-bot/ros2_ws/install/messages/share/messages/hook/ld_library_path_lib.dsv'
[11.435s] INFO:colcon.colcon_core.shell:Creating environment hook '/home/ice/polaris-bot/ros2_ws/install/messages/share/messages/hook/ld_library_path_lib.sh'
[11.438s] Level 1:colcon.colcon_core.environment:checking '/home/ice/polaris-bot/ros2_ws/install/messages/bin'
[11.439s] Level 1:colcon.colcon_core.environment:checking '/home/ice/polaris-bot/ros2_ws/install/messages/lib/pkgconfig/messages.pc'
[11.440s] Level 1:colcon.colcon_core.environment:checking '/home/ice/polaris-bot/ros2_ws/install/messages/lib/python3.10/site-packages'
[11.443s] Level 1:colcon.colcon_core.environment:checking '/home/ice/polaris-bot/ros2_ws/install/messages/bin'
[11.543s] INFO:colcon.colcon_core.shell:Creating package script '/home/ice/polaris-bot/ros2_ws/install/messages/share/messages/package.ps1'
[11.549s] INFO:colcon.colcon_core.shell:Creating package descriptor '/home/ice/polaris-bot/ros2_ws/install/messages/share/messages/package.dsv'
[11.552s] INFO:colcon.colcon_core.shell:Creating package script '/home/ice/polaris-bot/ros2_ws/install/messages/share/messages/package.sh'
[11.556s] INFO:colcon.colcon_core.shell:Creating package script '/home/ice/polaris-bot/ros2_ws/install/messages/share/messages/package.bash'
[11.558s] INFO:colcon.colcon_core.shell:Creating package script '/home/ice/polaris-bot/ros2_ws/install/messages/share/messages/package.zsh'
[11.563s] Level 1:colcon.colcon_core.environment:create_file_with_runtime_dependencies(/home/ice/polaris-bot/ros2_ws/install/messages/share/colcon-core/packages/messages)
[12.000s] Level 1:colcon.colcon_core.environment:create_environment_scripts_only(messages)
[12.043s] Level 1:colcon.colcon_core.environment:checking '/home/ice/polaris-bot/ros2_ws/install/messages' for CMake module files
[12.044s] Level 1:colcon.colcon_core.environment:checking '/home/ice/polaris-bot/ros2_ws/install/messages' for CMake config files
[12.045s] Level 1:colcon.colcon_core.shell:create_environment_hook('messages', 'cmake_prefix_path')
[12.083s] INFO:colcon.colcon_core.shell:Creating environment hook '/home/ice/polaris-bot/ros2_ws/install/messages/share/messages/hook/cmake_prefix_path.ps1'
[12.091s] INFO:colcon.colcon_core.shell:Creating environment descriptor '/home/ice/polaris-bot/ros2_ws/install/messages/share/messages/hook/cmake_prefix_path.dsv'
[12.093s] INFO:colcon.colcon_core.shell:Creating environment hook '/home/ice/polaris-bot/ros2_ws/install/messages/share/messages/hook/cmake_prefix_path.sh'
[12.095s] Level 1:colcon.colcon_core.environment:checking '/home/ice/polaris-bot/ros2_ws/install/messages/lib'
[12.095s] Level 1:colcon.colcon_core.shell:create_environment_hook('messages', 'ld_library_path_lib')
[12.161s] INFO:colcon.colcon_core.shell:Creating environment hook '/home/ice/polaris-bot/ros2_ws/install/messages/share/messages/hook/ld_library_path_lib.ps1'
[12.162s] INFO:colcon.colcon_core.shell:Creating environment descriptor '/home/ice/polaris-bot/ros2_ws/install/messages/share/messages/hook/ld_library_path_lib.dsv'
[12.163s] INFO:colcon.colcon_core.shell:Creating environment hook '/home/ice/polaris-bot/ros2_ws/install/messages/share/messages/hook/ld_library_path_lib.sh'
[12.181s] Level 1:colcon.colcon_core.environment:checking '/home/ice/polaris-bot/ros2_ws/install/messages/bin'
[12.181s] Level 1:colcon.colcon_core.environment:checking '/home/ice/polaris-bot/ros2_ws/install/messages/lib/pkgconfig/messages.pc'
[12.182s] Level 1:colcon.colcon_core.environment:checking '/home/ice/polaris-bot/ros2_ws/install/messages/lib/python3.10/site-packages'
[12.182s] Level 1:colcon.colcon_core.environment:checking '/home/ice/polaris-bot/ros2_ws/install/messages/bin'
[12.243s] INFO:colcon.colcon_core.shell:Creating package script '/home/ice/polaris-bot/ros2_ws/install/messages/share/messages/package.ps1'
[12.244s] INFO:colcon.colcon_core.shell:Creating package descriptor '/home/ice/polaris-bot/ros2_ws/install/messages/share/messages/package.dsv'
[12.248s] INFO:colcon.colcon_core.shell:Creating package script '/home/ice/polaris-bot/ros2_ws/install/messages/share/messages/package.sh'
[12.251s] INFO:colcon.colcon_core.shell:Creating package script '/home/ice/polaris-bot/ros2_ws/install/messages/share/messages/package.bash'
[12.253s] INFO:colcon.colcon_core.shell:Creating package script '/home/ice/polaris-bot/ros2_ws/install/messages/share/messages/package.zsh'
[12.255s] Level 1:colcon.colcon_core.environment:create_file_with_runtime_dependencies(/home/ice/polaris-bot/ros2_ws/install/messages/share/colcon-core/packages/messages)
[12.259s] INFO:colcon.colcon_ros.task.ament_cmake.build:Building ROS package in '/home/ice/polaris-bot/ros2_ws/src/polaris_controller' with build type 'ament_cmake'
[12.261s] INFO:colcon.colcon_cmake.task.cmake.build:Building CMake package in '/home/ice/polaris-bot/ros2_ws/src/polaris_controller'
[12.401s] INFO:colcon.colcon_core.shell:Skip shell extension 'powershell' for command environment: Not usable outside of PowerShell
[12.401s] DEBUG:colcon.colcon_core.shell:Skip shell extension 'dsv' for command environment
[12.742s] DEBUG:colcon.colcon_core.event_handler.log_command:Invoking command in '/home/ice/polaris-bot/ros2_ws/build/polaris_controller': CMAKE_PREFIX_PATH=/home/ice/polaris-bot/ros2_ws/install/ros2_control_demo_description:/home/ice/polaris-bot/ros2_ws/install/messages:/home/ice/polaris-bot/ros2_ws/install/services:/home/ice/polaris-bot/ros2_ws/install/polaris_controller:/home/ice/polaris-bot/ros2_ws/install/my_diff_drive_bot:/opt/ros/humble LD_LIBRARY_PATH=/home/ice/polaris-bot/ros2_ws/install/messages/lib:/home/ice/polaris-bot/ros2_ws/install/services/lib:/home/ice/polaris-bot/ros2_ws/install/polaris_controller/lib:/usr/lib/x86_64-linux-gnu/gazebo-11/plugins:/opt/ros/humble/opt/rviz_ogre_vendor/lib:/opt/ros/humble/lib/x86_64-linux-gnu:/opt/ros/humble/lib /usr/bin/cmake --build /home/ice/polaris-bot/ros2_ws/build/polaris_controller -- -j2 -l2
[12.912s] DEBUG:colcon.colcon_core.event_handler.log_command:Invoked command in '/home/ice/polaris-bot/ros2_ws/build/services' returned '0': CMAKE_PREFIX_PATH=${CMAKE_PREFIX_PATH}:/opt/ros/humble /usr/bin/cmake --build /home/ice/polaris-bot/ros2_ws/build/services -- -j2 -l2
[13.392s] DEBUG:colcon.colcon_core.event_handler.log_command:Invoked command in '/home/ice/polaris-bot/ros2_ws/build/polaris_controller' returned '0': CMAKE_PREFIX_PATH=/home/ice/polaris-bot/ros2_ws/install/ros2_control_demo_description:/home/ice/polaris-bot/ros2_ws/install/messages:/home/ice/polaris-bot/ros2_ws/install/services:/home/ice/polaris-bot/ros2_ws/install/polaris_controller:/home/ice/polaris-bot/ros2_ws/install/my_diff_drive_bot:/opt/ros/humble LD_LIBRARY_PATH=/home/ice/polaris-bot/ros2_ws/install/messages/lib:/home/ice/polaris-bot/ros2_ws/install/services/lib:/home/ice/polaris-bot/ros2_ws/install/polaris_controller/lib:/usr/lib/x86_64-linux-gnu/gazebo-11/plugins:/opt/ros/humble/opt/rviz_ogre_vendor/lib:/opt/ros/humble/lib/x86_64-linux-gnu:/opt/ros/humble/lib /usr/bin/cmake --build /home/ice/polaris-bot/ros2_ws/build/polaris_controller -- -j2 -l2
[13.438s] DEBUG:colcon.colcon_core.event_handler.log_command:Invoking command in '/home/ice/polaris-bot/ros2_ws/build/services': CMAKE_PREFIX_PATH=${CMAKE_PREFIX_PATH}:/opt/ros/humble /usr/bin/cmake --install /home/ice/polaris-bot/ros2_ws/build/services
[13.623s] DEBUG:colcon.colcon_core.event_handler.log_command:Invoking command in '/home/ice/polaris-bot/ros2_ws/build/polaris_controller': CMAKE_PREFIX_PATH=/home/ice/polaris-bot/ros2_ws/install/ros2_control_demo_description:/home/ice/polaris-bot/ros2_ws/install/messages:/home/ice/polaris-bot/ros2_ws/install/services:/home/ice/polaris-bot/ros2_ws/install/polaris_controller:/home/ice/polaris-bot/ros2_ws/install/my_diff_drive_bot:/opt/ros/humble LD_LIBRARY_PATH=/home/ice/polaris-bot/ros2_ws/install/messages/lib:/home/ice/polaris-bot/ros2_ws/install/services/lib:/home/ice/polaris-bot/ros2_ws/install/polaris_controller/lib:/usr/lib/x86_64-linux-gnu/gazebo-11/plugins:/opt/ros/humble/opt/rviz_ogre_vendor/lib:/opt/ros/humble/lib/x86_64-linux-gnu:/opt/ros/humble/lib /usr/bin/cmake --install /home/ice/polaris-bot/ros2_ws/build/polaris_controller
[13.668s] Level 1:colcon.colcon_core.environment:create_environment_scripts_only(polaris_controller)
[13.672s] DEBUG:colcon.colcon_core.event_handler.log_command:Invoked command in '/home/ice/polaris-bot/ros2_ws/build/polaris_controller' returned '0': CMAKE_PREFIX_PATH=/home/ice/polaris-bot/ros2_ws/install/ros2_control_demo_description:/home/ice/polaris-bot/ros2_ws/install/messages:/home/ice/polaris-bot/ros2_ws/install/services:/home/ice/polaris-bot/ros2_ws/install/polaris_controller:/home/ice/polaris-bot/ros2_ws/install/my_diff_drive_bot:/opt/ros/humble LD_LIBRARY_PATH=/home/ice/polaris-bot/ros2_ws/install/messages/lib:/home/ice/polaris-bot/ros2_ws/install/services/lib:/home/ice/polaris-bot/ros2_ws/install/polaris_controller/lib:/usr/lib/x86_64-linux-gnu/gazebo-11/plugins:/opt/ros/humble/opt/rviz_ogre_vendor/lib:/opt/ros/humble/lib/x86_64-linux-gnu:/opt/ros/humble/lib /usr/bin/cmake --install /home/ice/polaris-bot/ros2_ws/build/polaris_controller
[13.809s] Level 1:colcon.colcon_core.environment:checking '/home/ice/polaris-bot/ros2_ws/install/polaris_controller' for CMake module files
[13.810s] Level 1:colcon.colcon_core.environment:checking '/home/ice/polaris-bot/ros2_ws/install/polaris_controller' for CMake config files
[13.811s] Level 1:colcon.colcon_core.shell:create_environment_hook('polaris_controller', 'cmake_prefix_path')
[13.855s] INFO:colcon.colcon_core.shell:Creating environment hook '/home/ice/polaris-bot/ros2_ws/install/polaris_controller/share/polaris_controller/hook/cmake_prefix_path.ps1'
[13.858s] INFO:colcon.colcon_core.shell:Creating environment descriptor '/home/ice/polaris-bot/ros2_ws/install/polaris_controller/share/polaris_controller/hook/cmake_prefix_path.dsv'
[13.868s] INFO:colcon.colcon_core.shell:Creating environment hook '/home/ice/polaris-bot/ros2_ws/install/polaris_controller/share/polaris_controller/hook/cmake_prefix_path.sh'
[13.875s] Level 1:colcon.colcon_core.environment:checking '/home/ice/polaris-bot/ros2_ws/install/polaris_controller/lib'
[13.876s] Level 1:colcon.colcon_core.shell:create_environment_hook('polaris_controller', 'ld_library_path_lib')
[13.936s] INFO:colcon.colcon_core.shell:Creating environment hook '/home/ice/polaris-bot/ros2_ws/install/polaris_controller/share/polaris_controller/hook/ld_library_path_lib.ps1'
[13.939s] INFO:colcon.colcon_core.shell:Creating environment descriptor '/home/ice/polaris-bot/ros2_ws/install/polaris_controller/share/polaris_controller/hook/ld_library_path_lib.dsv'
[13.942s] INFO:colcon.colcon_core.shell:Creating environment hook '/home/ice/polaris-bot/ros2_ws/install/polaris_controller/share/polaris_controller/hook/ld_library_path_lib.sh'
[13.943s] Level 1:colcon.colcon_core.environment:checking '/home/ice/polaris-bot/ros2_ws/install/polaris_controller/bin'
[13.943s] Level 1:colcon.colcon_core.environment:checking '/home/ice/polaris-bot/ros2_ws/install/polaris_controller/lib/pkgconfig/polaris_controller.pc'
[13.944s] Level 1:colcon.colcon_core.environment:checking '/home/ice/polaris-bot/ros2_ws/install/polaris_controller/lib/python3.10/site-packages'
[13.944s] Level 1:colcon.colcon_core.environment:checking '/home/ice/polaris-bot/ros2_ws/install/polaris_controller/bin'
[13.981s] INFO:colcon.colcon_core.shell:Creating package script '/home/ice/polaris-bot/ros2_ws/install/polaris_controller/share/polaris_controller/package.ps1'
[13.986s] INFO:colcon.colcon_core.shell:Creating package descriptor '/home/ice/polaris-bot/ros2_ws/install/polaris_controller/share/polaris_controller/package.dsv'
[13.988s] INFO:colcon.colcon_core.shell:Creating package script '/home/ice/polaris-bot/ros2_ws/install/polaris_controller/share/polaris_controller/package.sh'
[13.991s] INFO:colcon.colcon_core.shell:Creating package script '/home/ice/polaris-bot/ros2_ws/install/polaris_controller/share/polaris_controller/package.bash'
[13.994s] INFO:colcon.colcon_core.shell:Creating package script '/home/ice/polaris-bot/ros2_ws/install/polaris_controller/share/polaris_controller/package.zsh'
[13.995s] Level 1:colcon.colcon_core.environment:create_file_with_runtime_dependencies(/home/ice/polaris-bot/ros2_ws/install/polaris_controller/share/colcon-core/packages/polaris_controller)
[14.013s] Level 1:colcon.colcon_core.environment:create_environment_scripts_only(services)
[14.030s] DEBUG:colcon.colcon_core.event_handler.log_command:Invoked command in '/home/ice/polaris-bot/ros2_ws/build/services' returned '0': CMAKE_PREFIX_PATH=${CMAKE_PREFIX_PATH}:/opt/ros/humble /usr/bin/cmake --install /home/ice/polaris-bot/ros2_ws/build/services
[14.069s] Level 1:colcon.colcon_core.environment:checking '/home/ice/polaris-bot/ros2_ws/install/services' for CMake module files
[14.072s] Level 1:colcon.colcon_core.environment:checking '/home/ice/polaris-bot/ros2_ws/install/services' for CMake config files
[14.073s] Level 1:colcon.colcon_core.shell:create_environment_hook('services', 'cmake_prefix_path')
[14.121s] INFO:colcon.colcon_core.shell:Creating environment hook '/home/ice/polaris-bot/ros2_ws/install/services/share/services/hook/cmake_prefix_path.ps1'
[14.124s] INFO:colcon.colcon_core.shell:Creating environment descriptor '/home/ice/polaris-bot/ros2_ws/install/services/share/services/hook/cmake_prefix_path.dsv'
[14.127s] INFO:colcon.colcon_core.shell:Creating environment hook '/home/ice/polaris-bot/ros2_ws/install/services/share/services/hook/cmake_prefix_path.sh'
[14.130s] Level 1:colcon.colcon_core.environment:checking '/home/ice/polaris-bot/ros2_ws/install/services/lib'
[14.130s] Level 1:colcon.colcon_core.shell:create_environment_hook('services', 'ld_library_path_lib')
[14.173s] INFO:colcon.colcon_core.shell:Creating environment hook '/home/ice/polaris-bot/ros2_ws/install/services/share/services/hook/ld_library_path_lib.ps1'
[14.176s] INFO:colcon.colcon_core.shell:Creating environment descriptor '/home/ice/polaris-bot/ros2_ws/install/services/share/services/hook/ld_library_path_lib.dsv'
[14.177s] INFO:colcon.colcon_core.shell:Creating environment hook '/home/ice/polaris-bot/ros2_ws/install/services/share/services/hook/ld_library_path_lib.sh'
[14.179s] Level 1:colcon.colcon_core.environment:checking '/home/ice/polaris-bot/ros2_ws/install/services/bin'
[14.179s] Level 1:colcon.colcon_core.environment:checking '/home/ice/polaris-bot/ros2_ws/install/services/lib/pkgconfig/services.pc'
[14.179s] Level 1:colcon.colcon_core.environment:checking '/home/ice/polaris-bot/ros2_ws/install/services/lib/python3.10/site-packages'
[14.179s] Level 1:colcon.colcon_core.environment:checking '/home/ice/polaris-bot/ros2_ws/install/services/bin'
[14.242s] INFO:colcon.colcon_core.shell:Creating package script '/home/ice/polaris-bot/ros2_ws/install/services/share/services/package.ps1'
[14.244s] INFO:colcon.colcon_core.shell:Creating package descriptor '/home/ice/polaris-bot/ros2_ws/install/services/share/services/package.dsv'
[14.245s] INFO:colcon.colcon_core.shell:Creating package script '/home/ice/polaris-bot/ros2_ws/install/services/share/services/package.sh'
[14.247s] INFO:colcon.colcon_core.shell:Creating package script '/home/ice/polaris-bot/ros2_ws/install/services/share/services/package.bash'
[14.249s] INFO:colcon.colcon_core.shell:Creating package script '/home/ice/polaris-bot/ros2_ws/install/services/share/services/package.zsh'
[14.253s] Level 1:colcon.colcon_core.environment:create_file_with_runtime_dependencies(/home/ice/polaris-bot/ros2_ws/install/services/share/colcon-core/packages/services)
[14.306s] Level 1:colcon.colcon_core.environment:create_environment_scripts_only(polaris_controller)
[14.338s] Level 1:colcon.colcon_core.environment:checking '/home/ice/polaris-bot/ros2_ws/install/polaris_controller' for CMake module files
[14.339s] Level 1:colcon.colcon_core.environment:checking '/home/ice/polaris-bot/ros2_ws/install/polaris_controller' for CMake config files
[14.339s] Level 1:colcon.colcon_core.shell:create_environment_hook('polaris_controller', 'cmake_prefix_path')
[14.364s] INFO:colcon.colcon_core.shell:Creating environment hook '/home/ice/polaris-bot/ros2_ws/install/polaris_controller/share/polaris_controller/hook/cmake_prefix_path.ps1'
[14.369s] INFO:colcon.colcon_core.shell:Creating environment descriptor '/home/ice/polaris-bot/ros2_ws/install/polaris_controller/share/polaris_controller/hook/cmake_prefix_path.dsv'
[14.371s] INFO:colcon.colcon_core.shell:Creating environment hook '/home/ice/polaris-bot/ros2_ws/install/polaris_controller/share/polaris_controller/hook/cmake_prefix_path.sh'
[14.373s] Level 1:colcon.colcon_core.environment:checking '/home/ice/polaris-bot/ros2_ws/install/polaris_controller/lib'
[14.373s] Level 1:colcon.colcon_core.shell:create_environment_hook('polaris_controller', 'ld_library_path_lib')
[14.412s] INFO:colcon.colcon_core.shell:Creating environment hook '/home/ice/polaris-bot/ros2_ws/install/polaris_controller/share/polaris_controller/hook/ld_library_path_lib.ps1'
[14.416s] INFO:colcon.colcon_core.shell:Creating environment descriptor '/home/ice/polaris-bot/ros2_ws/install/polaris_controller/share/polaris_controller/hook/ld_library_path_lib.dsv'
[14.419s] INFO:colcon.colcon_core.shell:Creating environment hook '/home/ice/polaris-bot/ros2_ws/install/polaris_controller/share/polaris_controller/hook/ld_library_path_lib.sh'
[14.421s] Level 1:colcon.colcon_core.environment:checking '/home/ice/polaris-bot/ros2_ws/install/polaris_controller/bin'
[14.422s] Level 1:colcon.colcon_core.environment:checking '/home/ice/polaris-bot/ros2_ws/install/polaris_controller/lib/pkgconfig/polaris_controller.pc'
[14.422s] Level 1:colcon.colcon_core.environment:checking '/home/ice/polaris-bot/ros2_ws/install/polaris_controller/lib/python3.10/site-packages'
[14.423s] Level 1:colcon.colcon_core.environment:checking '/home/ice/polaris-bot/ros2_ws/install/polaris_controller/bin'
[14.483s] INFO:colcon.colcon_core.shell:Creating package script '/home/ice/polaris-bot/ros2_ws/install/polaris_controller/share/polaris_controller/package.ps1'
[14.488s] INFO:colcon.colcon_core.shell:Creating package descriptor '/home/ice/polaris-bot/ros2_ws/install/polaris_controller/share/polaris_controller/package.dsv'
[14.491s] INFO:colcon.colcon_core.shell:Creating package script '/home/ice/polaris-bot/ros2_ws/install/polaris_controller/share/polaris_controller/package.sh'
[14.494s] INFO:colcon.colcon_core.shell:Creating package script '/home/ice/polaris-bot/ros2_ws/install/polaris_controller/share/polaris_controller/package.bash'
[14.496s] INFO:colcon.colcon_core.shell:Creating package script '/home/ice/polaris-bot/ros2_ws/install/polaris_controller/share/polaris_controller/package.zsh'
[14.498s] Level 1:colcon.colcon_core.environment:create_file_with_runtime_dependencies(/home/ice/polaris-bot/ros2_ws/install/polaris_controller/share/colcon-core/packages/polaris_controller)
[14.808s] Level 1:colcon.colcon_core.environment:create_environment_scripts_only(services)
[14.857s] Level 1:colcon.colcon_core.environment:checking '/home/ice/polaris-bot/ros2_ws/install/services' for CMake module files
[14.859s] Level 1:colcon.colcon_core.environment:checking '/home/ice/polaris-bot/ros2_ws/install/services' for CMake config files
[14.859s] Level 1:colcon.colcon_core.shell:create_environment_hook('services', 'cmake_prefix_path')
[14.895s] INFO:colcon.colcon_core.shell:Creating environment hook '/home/ice/polaris-bot/ros2_ws/install/services/share/services/hook/cmake_prefix_path.ps1'
[14.899s] INFO:colcon.colcon_core.shell:Creating environment descriptor '/home/ice/polaris-bot/ros2_ws/install/services/share/services/hook/cmake_prefix_path.dsv'
[14.912s] INFO:colcon.colcon_core.shell:Creating environment hook '/home/ice/polaris-bot/ros2_ws/install/services/share/services/hook/cmake_prefix_path.sh'
[14.926s] Level 1:colcon.colcon_core.environment:checking '/home/ice/polaris-bot/ros2_ws/install/services/lib'
[14.927s] Level 1:colcon.colcon_core.shell:create_environment_hook('services', 'ld_library_path_lib')
[14.960s] INFO:colcon.colcon_core.shell:Creating environment hook '/home/ice/polaris-bot/ros2_ws/install/services/share/services/hook/ld_library_path_lib.ps1'
[14.961s] INFO:colcon.colcon_core.shell:Creating environment descriptor '/home/ice/polaris-bot/ros2_ws/install/services/share/services/hook/ld_library_path_lib.dsv'
[14.963s] INFO:colcon.colcon_core.shell:Creating environment hook '/home/ice/polaris-bot/ros2_ws/install/services/share/services/hook/ld_library_path_lib.sh'
[14.968s] Level 1:colcon.colcon_core.environment:checking '/home/ice/polaris-bot/ros2_ws/install/services/bin'
[14.969s] Level 1:colcon.colcon_core.environment:checking '/home/ice/polaris-bot/ros2_ws/install/services/lib/pkgconfig/services.pc'
[14.970s] Level 1:colcon.colcon_core.environment:checking '/home/ice/polaris-bot/ros2_ws/install/services/lib/python3.10/site-packages'
[14.971s] Level 1:colcon.colcon_core.environment:checking '/home/ice/polaris-bot/ros2_ws/install/services/bin'
[15.023s] INFO:colcon.colcon_core.shell:Creating package script '/home/ice/polaris-bot/ros2_ws/install/services/share/services/package.ps1'
[15.026s] INFO:colcon.colcon_core.shell:Creating package descriptor '/home/ice/polaris-bot/ros2_ws/install/services/share/services/package.dsv'
[15.028s] INFO:colcon.colcon_core.shell:Creating package script '/home/ice/polaris-bot/ros2_ws/install/services/share/services/package.sh'
[15.031s] INFO:colcon.colcon_core.shell:Creating package script '/home/ice/polaris-bot/ros2_ws/install/services/share/services/package.bash'
[15.035s] INFO:colcon.colcon_core.shell:Creating package script '/home/ice/polaris-bot/ros2_ws/install/services/share/services/package.zsh'
[15.037s] Level 1:colcon.colcon_core.environment:create_file_with_runtime_dependencies(/home/ice/polaris-bot/ros2_ws/install/services/share/colcon-core/packages/services)
[15.039s] DEBUG:colcon.colcon_parallel_executor.executor.parallel:closing loop
[15.039s] DEBUG:colcon.colcon_parallel_executor.executor.parallel:loop closed
[15.039s] DEBUG:colcon.colcon_parallel_executor.executor.parallel:run_until_complete finished with '0'
[15.039s] DEBUG:colcon.colcon_core.event_reactor:joining thread
[15.141s] INFO:colcon.colcon_core.plugin_system:Skipping extension 'colcon_notification.desktop_notification.terminal_notifier': Not used on non-Darwin systems
[15.142s] INFO:colcon.colcon_core.plugin_system:Skipping extension 'colcon_notification.desktop_notification.win32': Not used on non-Windows systems
[15.142s] INFO:colcon.colcon_notification.desktop_notification:Sending desktop notification using 'notify2'
[15.193s] DEBUG:colcon.colcon_core.event_reactor:joined thread
[15.236s] INFO:colcon.colcon_core.shell:Creating prefix script '/home/ice/polaris-bot/ros2_ws/install/local_setup.ps1'
[15.239s] INFO:colcon.colcon_core.shell:Creating prefix util module '/home/ice/polaris-bot/ros2_ws/install/_local_setup_util_ps1.py'
[15.258s] INFO:colcon.colcon_core.shell:Creating prefix chain script '/home/ice/polaris-bot/ros2_ws/install/setup.ps1'
[15.303s] INFO:colcon.colcon_core.shell:Creating prefix script '/home/ice/polaris-bot/ros2_ws/install/local_setup.sh'
[15.306s] INFO:colcon.colcon_core.shell:Creating prefix util module '/home/ice/polaris-bot/ros2_ws/install/_local_setup_util_sh.py'
[15.308s] INFO:colcon.colcon_core.shell:Creating prefix chain script '/home/ice/polaris-bot/ros2_ws/install/setup.sh'
[15.350s] INFO:colcon.colcon_core.shell:Creating prefix script '/home/ice/polaris-bot/ros2_ws/install/local_setup.bash'
[15.354s] INFO:colcon.colcon_core.shell:Creating prefix chain script '/home/ice/polaris-bot/ros2_ws/install/setup.bash'
[15.407s] INFO:colcon.colcon_core.shell:Creating prefix script '/home/ice/polaris-bot/ros2_ws/install/local_setup.zsh'
[15.410s] INFO:colcon.colcon_core.shell:Creating prefix chain script '/home/ice/polaris-bot/ros2_ws/install/setup.zsh'
