-- Install configuration: ""
-- Up-to-date: /home/ice/polaris-bot/ros2_ws/install/sam_bot_description/share/sam_bot_description/src
-- Up-to-date: /home/ice/polaris-bot/ros2_ws/install/sam_bot_description/share/sam_bot_description/src/description
-- Up-to-date: /home/ice/polaris-bot/ros2_ws/install/sam_bot_description/share/sam_bot_description/src/description/sam_bot_description.urdf
-- Up-to-date: /home/ice/polaris-bot/ros2_ws/install/sam_bot_description/share/sam_bot_description/launch
-- Up-to-date: /home/ice/polaris-bot/ros2_ws/install/sam_bot_description/share/sam_bot_description/launch/display.launch.py
-- Up-to-date: /home/ice/polaris-bot/ros2_ws/install/sam_bot_description/share/sam_bot_description/rviz
-- Up-to-date: /home/ice/polaris-bot/ros2_ws/install/sam_bot_description/share/sam_bot_description/rviz/urdf_config.rviz
-- Up-to-date: /home/ice/polaris-bot/ros2_ws/install/sam_bot_description/share/sam_bot_description/config
-- Up-to-date: /home/ice/polaris-bot/ros2_ws/install/sam_bot_description/share/sam_bot_description/config/ekf.yaml
-- Up-to-date: /home/ice/polaris-bot/ros2_ws/install/sam_bot_description/share/sam_bot_description/config/nav2_params.yaml
-- Up-to-date: /home/ice/polaris-bot/ros2_ws/install/sam_bot_description/share/sam_bot_description/world
-- Up-to-date: /home/ice/polaris-bot/ros2_ws/install/sam_bot_description/share/sam_bot_description/world/my_world.sdf
-- Up-to-date: /home/ice/polaris-bot/ros2_ws/install/sam_bot_description/share/ament_index/resource_index/package_run_dependencies/sam_bot_description
-- Up-to-date: /home/ice/polaris-bot/ros2_ws/install/sam_bot_description/share/ament_index/resource_index/parent_prefix_path/sam_bot_description
-- Up-to-date: /home/ice/polaris-bot/ros2_ws/install/sam_bot_description/share/sam_bot_description/environment/ament_prefix_path.sh
-- Up-to-date: /home/ice/polaris-bot/ros2_ws/install/sam_bot_description/share/sam_bot_description/environment/ament_prefix_path.dsv
-- Up-to-date: /home/ice/polaris-bot/ros2_ws/install/sam_bot_description/share/sam_bot_description/environment/path.sh
-- Up-to-date: /home/ice/polaris-bot/ros2_ws/install/sam_bot_description/share/sam_bot_description/environment/path.dsv
-- Up-to-date: /home/ice/polaris-bot/ros2_ws/install/sam_bot_description/share/sam_bot_description/local_setup.bash
-- Up-to-date: /home/ice/polaris-bot/ros2_ws/install/sam_bot_description/share/sam_bot_description/local_setup.sh
-- Up-to-date: /home/ice/polaris-bot/ros2_ws/install/sam_bot_description/share/sam_bot_description/local_setup.zsh
-- Up-to-date: /home/ice/polaris-bot/ros2_ws/install/sam_bot_description/share/sam_bot_description/local_setup.dsv
-- Installing: /home/ice/polaris-bot/ros2_ws/install/sam_bot_description/share/sam_bot_description/package.dsv
-- Up-to-date: /home/ice/polaris-bot/ros2_ws/install/sam_bot_description/share/ament_index/resource_index/packages/sam_bot_description
-- Up-to-date: /home/ice/polaris-bot/ros2_ws/install/sam_bot_description/share/sam_bot_description/cmake/sam_bot_descriptionConfig.cmake
-- Up-to-date: /home/ice/polaris-bot/ros2_ws/install/sam_bot_description/share/sam_bot_description/cmake/sam_bot_descriptionConfig-version.cmake
-- Up-to-date: /home/ice/polaris-bot/ros2_ws/install/sam_bot_description/share/sam_bot_description/package.xml
