[0.380s] Invoking command in '/home/ice/microros_ws/firmware/mcu_ws/build/builtin_interfaces': AMENT_PREFIX_PATH=/home/ice/microros_ws/firmware/mcu_ws/install:${AMENT_PREFIX_PATH} CMAKE_PREFIX_PATH=/home/ice/microros_ws/firmware/mcu_ws/install:/home/ice/microros_ws/firmware/dev_ws/install/ament_lint_common:/home/ice/microros_ws/firmware/dev_ws/install/ament_cmake_uncrustify:/home/ice/microros_ws/firmware/dev_ws/install/uncrustify_vendor:/home/ice/microros_ws/firmware/dev_ws/install/ament_cmake_ros:/home/ice/microros_ws/firmware/dev_ws/install/ament_cmake_auto:/home/ice/microros_ws/firmware/dev_ws/install/ament_cmake_gmock:/home/ice/microros_ws/firmware/dev_ws/install/gmock_vendor:/home/ice/microros_ws/firmware/dev_ws/install/ament_cmake_gtest:/home/ice/microros_ws/firmware/dev_ws/install/gtest_vendor:/home/ice/microros_ws/firmware/dev_ws/install/ament_cmake_xmllint:/home/ice/microros_ws/firmware/dev_ws/install/ament_cmake_pyflakes:/home/ice/microros_ws/firmware/dev_ws/install/ament_cmake_pycodestyle:/home/ice/microros_ws/firmware/dev_ws/install/ament_cmake_pep257:/home/ice/microros_ws/firmware/dev_ws/install/ament_cmake_pclint:/home/ice/microros_ws/firmware/dev_ws/install/ament_lint_auto:/home/ice/microros_ws/firmware/dev_ws/install/ament_cmake:/home/ice/microros_ws/firmware/dev_ws/install/ament_cmake_version:/home/ice/microros_ws/firmware/dev_ws/install/ament_cmake_vendor_package:/home/ice/microros_ws/firmware/dev_ws/install/ament_cmake_pytest:/home/ice/microros_ws/firmware/dev_ws/install/ament_cmake_nose:/home/ice/microros_ws/firmware/dev_ws/install/ament_cmake_mypy:/home/ice/microros_ws/firmware/dev_ws/install/ament_cmake_lint_cmake:/home/ice/microros_ws/firmware/dev_ws/install/ament_cmake_google_benchmark:/home/ice/microros_ws/firmware/dev_ws/install/ament_cmake_flake8:/home/ice/microros_ws/firmware/dev_ws/install/ament_cmake_cpplint:/home/ice/microros_ws/firmware/dev_ws/install/ament_cmake_cppcheck:/home/ice/microros_ws/firmware/dev_ws/install/ament_cmake_copyright:/home/ice/microros_ws/firmware/dev_ws/install/ament_cmake_clang_tidy:/home/ice/microros_ws/firmware/dev_ws/install/ament_cmake_clang_format:/home/ice/microros_ws/firmware/dev_ws/install/ament_cmake_test:/home/ice/microros_ws/firmware/dev_ws/install/ament_cmake_target_dependencies:/home/ice/microros_ws/firmware/dev_ws/install/ament_cmake_python:/home/ice/microros_ws/firmware/dev_ws/install/ament_cmake_export_dependencies:/home/ice/microros_ws/firmware/dev_ws/install/ament_cmake_libraries:/home/ice/microros_ws/firmware/dev_ws/install/ament_cmake_include_directories:/home/ice/microros_ws/firmware/dev_ws/install/ament_cmake_gen_version_h:/home/ice/microros_ws/firmware/dev_ws/install/ament_cmake_export_targets:/home/ice/microros_ws/firmware/dev_ws/install/ament_cmake_export_link_flags:/home/ice/microros_ws/firmware/dev_ws/install/ament_cmake_export_interfaces:/home/ice/microros_ws/firmware/dev_ws/install/ament_cmake_export_libraries:/home/ice/microros_ws/firmware/dev_ws/install/ament_cmake_export_include_directories:/home/ice/microros_ws/firmware/dev_ws/install/ament_cmake_export_definitions:/home/ice/microros_ws/firmware/dev_ws/install/ament_cmake_core:/home/ice/microros_ws/firmware/dev_ws/install/ament_index_cpp:/home/ice/microros_ws/firmware/dev_ws/install/ament_uncrustify:/home/ice/microros_ws/firmware/dev_ws/install/domain_coordinator:/home/ice/microros_ws/firmware/dev_ws/install/ament_xmllint:/home/ice/microros_ws/firmware/dev_ws/install/ament_pyflakes:/home/ice/microros_ws/firmware/dev_ws/install/ament_pycodestyle:/home/ice/microros_ws/firmware/dev_ws/install/ament_pep257:/home/ice/microros_ws/firmware/dev_ws/install/ament_pclint:/home/ice/microros_ws/firmware/dev_ws/install/ament_package:/home/ice/microros_ws/firmware/dev_ws/install/ament_mypy:/home/ice/microros_ws/firmware/dev_ws/install/ament_lint_cmake:/home/ice/microros_ws/firmware/dev_ws/install/ament_flake8:/home/ice/microros_ws/firmware/dev_ws/install/ament_copyright:/home/ice/microros_ws/firmware/dev_ws/install/ament_lint:/home/ice/microros_ws/firmware/dev_ws/install/ament_index_python:/home/ice/microros_ws/firmware/dev_ws/install/ament_cpplint:/home/ice/microros_ws/firmware/dev_ws/install/ament_cppcheck:/home/ice/microros_ws/firmware/dev_ws/install/ament_clang_tidy:/home/ice/microros_ws/firmware/dev_ws/install/ament_clang_format LD_LIBRARY_PATH=/home/ice/microros_ws/firmware/mcu_ws/install/lib:${LD_LIBRARY_PATH} PATH=/home/ice/microros_ws/firmware/mcu_ws/install/bin:${PATH} PYTHONPATH=/home/ice/microros_ws/firmware/mcu_ws/install/lib/python3.10/site-packages:${PYTHONPATH} /usr/bin/cmake --build /home/ice/microros_ws/firmware/mcu_ws/build/builtin_interfaces -- -j2 -l2
[0.463s] gmake[4]: Entering directory '/home/ice/microros_ws/firmware/mcu_ws/build/builtin_interfaces'
[0.463s] /usr/bin/cmake -S/home/ice/microros_ws/firmware/mcu_ws/ros2/rcl_interfaces/builtin_interfaces -B/home/ice/microros_ws/firmware/mcu_ws/build/builtin_interfaces --check-build-system CMakeFiles/Makefile.cmake 0
[0.487s] Re-run cmake file: Makefile older than: /home/ice/microros_ws/firmware/freertos_apps/microros_esp32_extensions/esp32_toolchain.cmake
[0.497s] -- Found ament_cmake: 1.3.7 (/home/ice/microros_ws/firmware/dev_ws/install/ament_cmake/share/ament_cmake/cmake)
[0.863s] -- Found rosidl_default_generators: 1.2.0 (/home/ice/microros_ws/firmware/mcu_ws/install/share/rosidl_default_generators/cmake)
[0.895s] -- Using all available rosidl_typesupport_c: rosidl_typesupport_introspection_c;rosidl_typesupport_microxrcedds_c
[0.903s] -- Found rosidl_adapter: 3.1.5 (/home/ice/microros_ws/firmware/mcu_ws/install/share/rosidl_adapter/cmake)
[0.935s] [33mCMake Warning at /home/ice/microros_ws/firmware/mcu_ws/install/share/rcutils/cmake/ament_cmake_export_libraries-extras.cmake:116 (message):
[0.935s]   Package 'rcutils' exports library 'dl' which couldn't be found
[0.935s] Call Stack (most recent call first):
[0.936s]   /home/ice/microros_ws/firmware/mcu_ws/install/share/rcutils/cmake/rcutilsConfig.cmake:41 (include)
[0.936s]   /home/ice/microros_ws/firmware/mcu_ws/install/share/rosidl_runtime_c/cmake/ament_cmake_export_dependencies-extras.cmake:21 (find_package)
[0.936s]   /home/ice/microros_ws/firmware/mcu_ws/install/share/rosidl_runtime_c/cmake/rosidl_runtime_cConfig.cmake:41 (include)
[0.936s]   /home/ice/microros_ws/firmware/mcu_ws/install/share/rosidl_typesupport_introspection_c/cmake/ament_cmake_export_dependencies-extras.cmake:21 (find_package)
[0.936s]   /home/ice/microros_ws/firmware/mcu_ws/install/share/rosidl_typesupport_introspection_c/cmake/rosidl_typesupport_introspection_cConfig.cmake:41 (include)
[0.936s]   /home/ice/microros_ws/firmware/mcu_ws/install/share/rosidl_typesupport_c/cmake/rosidl_typesupport_c-extras.cmake:13 (find_package)
[0.936s]   /home/ice/microros_ws/firmware/mcu_ws/install/share/rosidl_typesupport_c/cmake/rosidl_typesupport_cConfig.cmake:41 (include)
[0.936s]   /home/ice/microros_ws/firmware/mcu_ws/install/share/rosidl_default_generators/cmake/rosidl_default_generators-extras.cmake:21 (find_package)
[0.937s]   /home/ice/microros_ws/firmware/mcu_ws/install/share/rosidl_default_generators/cmake/rosidl_default_generatorsConfig.cmake:41 (include)
[0.937s]   CMakeLists.txt:14 (find_package)
[0.937s] 
[0.937s] [0m
[2.134s] -- Found ament_cmake_ros: 0.10.0 (/home/ice/microros_ws/firmware/dev_ws/install/ament_cmake_ros/share/ament_cmake_ros/cmake)
[2.468s] -- Using all available rosidl_typesupport_c: rosidl_typesupport_introspection_c;rosidl_typesupport_microxrcedds_c
[2.481s] -- Configuring done
[2.547s] -- Generating done
[2.563s] -- Build files have been written to: /home/ice/microros_ws/firmware/mcu_ws/build/builtin_interfaces
[2.575s] /usr/bin/cmake -E cmake_progress_start /home/ice/microros_ws/firmware/mcu_ws/build/builtin_interfaces/CMakeFiles /home/ice/microros_ws/firmware/mcu_ws/build/builtin_interfaces//CMakeFiles/progress.marks
[2.599s] /usr/bin/gmake  -f CMakeFiles/Makefile2 all
[2.616s] gmake[5]: Entering directory '/home/ice/microros_ws/firmware/mcu_ws/build/builtin_interfaces'
[2.616s] /usr/bin/gmake  -f CMakeFiles/builtin_interfaces__rosidl_generator_c.dir/build.make CMakeFiles/builtin_interfaces__rosidl_generator_c.dir/depend
[2.625s] gmake[6]: Entering directory '/home/ice/microros_ws/firmware/mcu_ws/build/builtin_interfaces'
[2.625s] cd /home/ice/microros_ws/firmware/mcu_ws/build/builtin_interfaces && /usr/bin/cmake -E cmake_depends "Unix Makefiles" /home/ice/microros_ws/firmware/mcu_ws/ros2/rcl_interfaces/builtin_interfaces /home/ice/microros_ws/firmware/mcu_ws/ros2/rcl_interfaces/builtin_interfaces /home/ice/microros_ws/firmware/mcu_ws/build/builtin_interfaces /home/ice/microros_ws/firmware/mcu_ws/build/builtin_interfaces /home/ice/microros_ws/firmware/mcu_ws/build/builtin_interfaces/CMakeFiles/builtin_interfaces__rosidl_generator_c.dir/DependInfo.cmake --color=
[2.661s] Dependencies file "CMakeFiles/builtin_interfaces__rosidl_generator_c.dir/rosidl_generator_c/builtin_interfaces/msg/detail/duration__functions.c.obj.d" is newer than depends file "/home/ice/microros_ws/firmware/mcu_ws/build/builtin_interfaces/CMakeFiles/builtin_interfaces__rosidl_generator_c.dir/compiler_depend.internal".
[2.662s] Dependencies file "CMakeFiles/builtin_interfaces__rosidl_generator_c.dir/rosidl_generator_c/builtin_interfaces/msg/detail/time__functions.c.obj.d" is newer than depends file "/home/ice/microros_ws/firmware/mcu_ws/build/builtin_interfaces/CMakeFiles/builtin_interfaces__rosidl_generator_c.dir/compiler_depend.internal".
[2.664s] [35m[1mConsolidate compiler generated dependencies of target builtin_interfaces__rosidl_generator_c[0m
[2.671s] gmake[6]: Leaving directory '/home/ice/microros_ws/firmware/mcu_ws/build/builtin_interfaces'
[2.672s] /usr/bin/gmake  -f CMakeFiles/builtin_interfaces__rosidl_generator_c.dir/build.make CMakeFiles/builtin_interfaces__rosidl_generator_c.dir/build
[2.676s] gmake[6]: Entering directory '/home/ice/microros_ws/firmware/mcu_ws/build/builtin_interfaces'
[2.677s] gmake[6]: Nothing to be done for 'CMakeFiles/builtin_interfaces__rosidl_generator_c.dir/build'.
[2.677s] gmake[6]: Leaving directory '/home/ice/microros_ws/firmware/mcu_ws/build/builtin_interfaces'
[2.699s] [ 25%] Built target builtin_interfaces__rosidl_generator_c
[2.708s] /usr/bin/gmake  -f CMakeFiles/builtin_interfaces__rosidl_typesupport_c.dir/build.make CMakeFiles/builtin_interfaces__rosidl_typesupport_c.dir/depend
[2.708s] /usr/bin/gmake  -f CMakeFiles/builtin_interfaces__rosidl_typesupport_introspection_c.dir/build.make CMakeFiles/builtin_interfaces__rosidl_typesupport_introspection_c.dir/depend
[2.732s] gmake[6]: Entering directory '/home/ice/microros_ws/firmware/mcu_ws/build/builtin_interfaces'
[2.732s] cd /home/ice/microros_ws/firmware/mcu_ws/build/builtin_interfaces && /usr/bin/cmake -E cmake_depends "Unix Makefiles" /home/ice/microros_ws/firmware/mcu_ws/ros2/rcl_interfaces/builtin_interfaces /home/ice/microros_ws/firmware/mcu_ws/ros2/rcl_interfaces/builtin_interfaces /home/ice/microros_ws/firmware/mcu_ws/build/builtin_interfaces /home/ice/microros_ws/firmware/mcu_ws/build/builtin_interfaces /home/ice/microros_ws/firmware/mcu_ws/build/builtin_interfaces/CMakeFiles/builtin_interfaces__rosidl_typesupport_c.dir/DependInfo.cmake --color=
[2.740s] gmake[6]: Entering directory '/home/ice/microros_ws/firmware/mcu_ws/build/builtin_interfaces'
[2.740s] cd /home/ice/microros_ws/firmware/mcu_ws/build/builtin_interfaces && /usr/bin/cmake -E cmake_depends "Unix Makefiles" /home/ice/microros_ws/firmware/mcu_ws/ros2/rcl_interfaces/builtin_interfaces /home/ice/microros_ws/firmware/mcu_ws/ros2/rcl_interfaces/builtin_interfaces /home/ice/microros_ws/firmware/mcu_ws/build/builtin_interfaces /home/ice/microros_ws/firmware/mcu_ws/build/builtin_interfaces /home/ice/microros_ws/firmware/mcu_ws/build/builtin_interfaces/CMakeFiles/builtin_interfaces__rosidl_typesupport_introspection_c.dir/DependInfo.cmake --color=
[2.759s] Dependencies file "CMakeFiles/builtin_interfaces__rosidl_typesupport_introspection_c.dir/rosidl_typesupport_introspection_c/builtin_interfaces/msg/detail/duration__type_support.c.obj.d" is newer than depends file "/home/ice/microros_ws/firmware/mcu_ws/build/builtin_interfaces/CMakeFiles/builtin_interfaces__rosidl_typesupport_introspection_c.dir/compiler_depend.internal".
[2.759s] Dependencies file "CMakeFiles/builtin_interfaces__rosidl_typesupport_introspection_c.dir/rosidl_typesupport_introspection_c/builtin_interfaces/msg/detail/time__type_support.c.obj.d" is newer than depends file "/home/ice/microros_ws/firmware/mcu_ws/build/builtin_interfaces/CMakeFiles/builtin_interfaces__rosidl_typesupport_introspection_c.dir/compiler_depend.internal".
[2.760s] [35m[1mConsolidate compiler generated dependencies of target builtin_interfaces__rosidl_typesupport_introspection_c[0m
[2.764s] Dependencies file "CMakeFiles/builtin_interfaces__rosidl_typesupport_c.dir/rosidl_typesupport_c/builtin_interfaces/msg/duration__type_support.cpp.obj.d" is newer than depends file "/home/ice/microros_ws/firmware/mcu_ws/build/builtin_interfaces/CMakeFiles/builtin_interfaces__rosidl_typesupport_c.dir/compiler_depend.internal".
[2.765s] Dependencies file "CMakeFiles/builtin_interfaces__rosidl_typesupport_c.dir/rosidl_typesupport_c/builtin_interfaces/msg/time__type_support.cpp.obj.d" is newer than depends file "/home/ice/microros_ws/firmware/mcu_ws/build/builtin_interfaces/CMakeFiles/builtin_interfaces__rosidl_typesupport_c.dir/compiler_depend.internal".
[2.765s] [35m[1mConsolidate compiler generated dependencies of target builtin_interfaces__rosidl_typesupport_c[0m
[2.768s] gmake[6]: Leaving directory '/home/ice/microros_ws/firmware/mcu_ws/build/builtin_interfaces'
[2.768s] /usr/bin/gmake  -f CMakeFiles/builtin_interfaces__rosidl_typesupport_introspection_c.dir/build.make CMakeFiles/builtin_interfaces__rosidl_typesupport_introspection_c.dir/build
[2.772s] gmake[6]: Leaving directory '/home/ice/microros_ws/firmware/mcu_ws/build/builtin_interfaces'
[2.772s] /usr/bin/gmake  -f CMakeFiles/builtin_interfaces__rosidl_typesupport_c.dir/build.make CMakeFiles/builtin_interfaces__rosidl_typesupport_c.dir/build
[2.775s] gmake[6]: Entering directory '/home/ice/microros_ws/firmware/mcu_ws/build/builtin_interfaces'
[2.776s] gmake[6]: Nothing to be done for 'CMakeFiles/builtin_interfaces__rosidl_typesupport_introspection_c.dir/build'.
[2.776s] gmake[6]: Leaving directory '/home/ice/microros_ws/firmware/mcu_ws/build/builtin_interfaces'
[2.780s] gmake[6]: Entering directory '/home/ice/microros_ws/firmware/mcu_ws/build/builtin_interfaces'
[2.780s] gmake[6]: Nothing to be done for 'CMakeFiles/builtin_interfaces__rosidl_typesupport_c.dir/build'.
[2.780s] gmake[6]: Leaving directory '/home/ice/microros_ws/firmware/mcu_ws/build/builtin_interfaces'
[2.821s] [ 50%] Built target builtin_interfaces__rosidl_typesupport_introspection_c
[2.825s] /usr/bin/gmake  -f CMakeFiles/builtin_interfaces__rosidl_typesupport_microxrcedds_c.dir/build.make CMakeFiles/builtin_interfaces__rosidl_typesupport_microxrcedds_c.dir/depend
[2.831s] [ 75%] Built target builtin_interfaces__rosidl_typesupport_c
[2.841s] gmake[6]: Entering directory '/home/ice/microros_ws/firmware/mcu_ws/build/builtin_interfaces'
[2.841s] cd /home/ice/microros_ws/firmware/mcu_ws/build/builtin_interfaces && /usr/bin/cmake -E cmake_depends "Unix Makefiles" /home/ice/microros_ws/firmware/mcu_ws/ros2/rcl_interfaces/builtin_interfaces /home/ice/microros_ws/firmware/mcu_ws/ros2/rcl_interfaces/builtin_interfaces /home/ice/microros_ws/firmware/mcu_ws/build/builtin_interfaces /home/ice/microros_ws/firmware/mcu_ws/build/builtin_interfaces /home/ice/microros_ws/firmware/mcu_ws/build/builtin_interfaces/CMakeFiles/builtin_interfaces__rosidl_typesupport_microxrcedds_c.dir/DependInfo.cmake --color=
[2.863s] Dependencies file "CMakeFiles/builtin_interfaces__rosidl_typesupport_microxrcedds_c.dir/rosidl_typesupport_microxrcedds_c/builtin_interfaces/msg/detail/microxrcedds/duration__type_support_c.c.obj.d" is newer than depends file "/home/ice/microros_ws/firmware/mcu_ws/build/builtin_interfaces/CMakeFiles/builtin_interfaces__rosidl_typesupport_microxrcedds_c.dir/compiler_depend.internal".
[2.866s] Dependencies file "CMakeFiles/builtin_interfaces__rosidl_typesupport_microxrcedds_c.dir/rosidl_typesupport_microxrcedds_c/builtin_interfaces/msg/detail/microxrcedds/time__type_support_c.c.obj.d" is newer than depends file "/home/ice/microros_ws/firmware/mcu_ws/build/builtin_interfaces/CMakeFiles/builtin_interfaces__rosidl_typesupport_microxrcedds_c.dir/compiler_depend.internal".
[2.866s] [35m[1mConsolidate compiler generated dependencies of target builtin_interfaces__rosidl_typesupport_microxrcedds_c[0m
[2.873s] gmake[6]: Leaving directory '/home/ice/microros_ws/firmware/mcu_ws/build/builtin_interfaces'
[2.874s] /usr/bin/gmake  -f CMakeFiles/builtin_interfaces__rosidl_typesupport_microxrcedds_c.dir/build.make CMakeFiles/builtin_interfaces__rosidl_typesupport_microxrcedds_c.dir/build
[2.881s] gmake[6]: Entering directory '/home/ice/microros_ws/firmware/mcu_ws/build/builtin_interfaces'
[2.881s] gmake[6]: Nothing to be done for 'CMakeFiles/builtin_interfaces__rosidl_typesupport_microxrcedds_c.dir/build'.
[2.881s] gmake[6]: Leaving directory '/home/ice/microros_ws/firmware/mcu_ws/build/builtin_interfaces'
[2.939s] [100%] Built target builtin_interfaces__rosidl_typesupport_microxrcedds_c
[2.942s] /usr/bin/gmake  -f CMakeFiles/builtin_interfaces.dir/build.make CMakeFiles/builtin_interfaces.dir/depend
[2.958s] gmake[6]: Entering directory '/home/ice/microros_ws/firmware/mcu_ws/build/builtin_interfaces'
[2.959s] cd /home/ice/microros_ws/firmware/mcu_ws/build/builtin_interfaces && /usr/bin/cmake -E cmake_depends "Unix Makefiles" /home/ice/microros_ws/firmware/mcu_ws/ros2/rcl_interfaces/builtin_interfaces /home/ice/microros_ws/firmware/mcu_ws/ros2/rcl_interfaces/builtin_interfaces /home/ice/microros_ws/firmware/mcu_ws/build/builtin_interfaces /home/ice/microros_ws/firmware/mcu_ws/build/builtin_interfaces /home/ice/microros_ws/firmware/mcu_ws/build/builtin_interfaces/CMakeFiles/builtin_interfaces.dir/DependInfo.cmake --color=
[2.997s] gmake[6]: Leaving directory '/home/ice/microros_ws/firmware/mcu_ws/build/builtin_interfaces'
[2.998s] /usr/bin/gmake  -f CMakeFiles/builtin_interfaces.dir/build.make CMakeFiles/builtin_interfaces.dir/build
[3.020s] gmake[6]: Entering directory '/home/ice/microros_ws/firmware/mcu_ws/build/builtin_interfaces'
[3.020s] gmake[6]: Nothing to be done for 'CMakeFiles/builtin_interfaces.dir/build'.
[3.021s] gmake[6]: Leaving directory '/home/ice/microros_ws/firmware/mcu_ws/build/builtin_interfaces'
[3.039s] [100%] Built target builtin_interfaces
[3.041s] gmake[5]: Leaving directory '/home/ice/microros_ws/firmware/mcu_ws/build/builtin_interfaces'
[3.041s] /usr/bin/cmake -E cmake_progress_start /home/ice/microros_ws/firmware/mcu_ws/build/builtin_interfaces/CMakeFiles 0
[3.059s] gmake[4]: Leaving directory '/home/ice/microros_ws/firmware/mcu_ws/build/builtin_interfaces'
[3.068s] Invoked command in '/home/ice/microros_ws/firmware/mcu_ws/build/builtin_interfaces' returned '0': AMENT_PREFIX_PATH=/home/ice/microros_ws/firmware/mcu_ws/install:${AMENT_PREFIX_PATH} CMAKE_PREFIX_PATH=/home/ice/microros_ws/firmware/mcu_ws/install:/home/ice/microros_ws/firmware/dev_ws/install/ament_lint_common:/home/ice/microros_ws/firmware/dev_ws/install/ament_cmake_uncrustify:/home/ice/microros_ws/firmware/dev_ws/install/uncrustify_vendor:/home/ice/microros_ws/firmware/dev_ws/install/ament_cmake_ros:/home/ice/microros_ws/firmware/dev_ws/install/ament_cmake_auto:/home/ice/microros_ws/firmware/dev_ws/install/ament_cmake_gmock:/home/ice/microros_ws/firmware/dev_ws/install/gmock_vendor:/home/ice/microros_ws/firmware/dev_ws/install/ament_cmake_gtest:/home/ice/microros_ws/firmware/dev_ws/install/gtest_vendor:/home/ice/microros_ws/firmware/dev_ws/install/ament_cmake_xmllint:/home/ice/microros_ws/firmware/dev_ws/install/ament_cmake_pyflakes:/home/ice/microros_ws/firmware/dev_ws/install/ament_cmake_pycodestyle:/home/ice/microros_ws/firmware/dev_ws/install/ament_cmake_pep257:/home/ice/microros_ws/firmware/dev_ws/install/ament_cmake_pclint:/home/ice/microros_ws/firmware/dev_ws/install/ament_lint_auto:/home/ice/microros_ws/firmware/dev_ws/install/ament_cmake:/home/ice/microros_ws/firmware/dev_ws/install/ament_cmake_version:/home/ice/microros_ws/firmware/dev_ws/install/ament_cmake_vendor_package:/home/ice/microros_ws/firmware/dev_ws/install/ament_cmake_pytest:/home/ice/microros_ws/firmware/dev_ws/install/ament_cmake_nose:/home/ice/microros_ws/firmware/dev_ws/install/ament_cmake_mypy:/home/ice/microros_ws/firmware/dev_ws/install/ament_cmake_lint_cmake:/home/ice/microros_ws/firmware/dev_ws/install/ament_cmake_google_benchmark:/home/ice/microros_ws/firmware/dev_ws/install/ament_cmake_flake8:/home/ice/microros_ws/firmware/dev_ws/install/ament_cmake_cpplint:/home/ice/microros_ws/firmware/dev_ws/install/ament_cmake_cppcheck:/home/ice/microros_ws/firmware/dev_ws/install/ament_cmake_copyright:/home/ice/microros_ws/firmware/dev_ws/install/ament_cmake_clang_tidy:/home/ice/microros_ws/firmware/dev_ws/install/ament_cmake_clang_format:/home/ice/microros_ws/firmware/dev_ws/install/ament_cmake_test:/home/ice/microros_ws/firmware/dev_ws/install/ament_cmake_target_dependencies:/home/ice/microros_ws/firmware/dev_ws/install/ament_cmake_python:/home/ice/microros_ws/firmware/dev_ws/install/ament_cmake_export_dependencies:/home/ice/microros_ws/firmware/dev_ws/install/ament_cmake_libraries:/home/ice/microros_ws/firmware/dev_ws/install/ament_cmake_include_directories:/home/ice/microros_ws/firmware/dev_ws/install/ament_cmake_gen_version_h:/home/ice/microros_ws/firmware/dev_ws/install/ament_cmake_export_targets:/home/ice/microros_ws/firmware/dev_ws/install/ament_cmake_export_link_flags:/home/ice/microros_ws/firmware/dev_ws/install/ament_cmake_export_interfaces:/home/ice/microros_ws/firmware/dev_ws/install/ament_cmake_export_libraries:/home/ice/microros_ws/firmware/dev_ws/install/ament_cmake_export_include_directories:/home/ice/microros_ws/firmware/dev_ws/install/ament_cmake_export_definitions:/home/ice/microros_ws/firmware/dev_ws/install/ament_cmake_core:/home/ice/microros_ws/firmware/dev_ws/install/ament_index_cpp:/home/ice/microros_ws/firmware/dev_ws/install/ament_uncrustify:/home/ice/microros_ws/firmware/dev_ws/install/domain_coordinator:/home/ice/microros_ws/firmware/dev_ws/install/ament_xmllint:/home/ice/microros_ws/firmware/dev_ws/install/ament_pyflakes:/home/ice/microros_ws/firmware/dev_ws/install/ament_pycodestyle:/home/ice/microros_ws/firmware/dev_ws/install/ament_pep257:/home/ice/microros_ws/firmware/dev_ws/install/ament_pclint:/home/ice/microros_ws/firmware/dev_ws/install/ament_package:/home/ice/microros_ws/firmware/dev_ws/install/ament_mypy:/home/ice/microros_ws/firmware/dev_ws/install/ament_lint_cmake:/home/ice/microros_ws/firmware/dev_ws/install/ament_flake8:/home/ice/microros_ws/firmware/dev_ws/install/ament_copyright:/home/ice/microros_ws/firmware/dev_ws/install/ament_lint:/home/ice/microros_ws/firmware/dev_ws/install/ament_index_python:/home/ice/microros_ws/firmware/dev_ws/install/ament_cpplint:/home/ice/microros_ws/firmware/dev_ws/install/ament_cppcheck:/home/ice/microros_ws/firmware/dev_ws/install/ament_clang_tidy:/home/ice/microros_ws/firmware/dev_ws/install/ament_clang_format LD_LIBRARY_PATH=/home/ice/microros_ws/firmware/mcu_ws/install/lib:${LD_LIBRARY_PATH} PATH=/home/ice/microros_ws/firmware/mcu_ws/install/bin:${PATH} PYTHONPATH=/home/ice/microros_ws/firmware/mcu_ws/install/lib/python3.10/site-packages:${PYTHONPATH} /usr/bin/cmake --build /home/ice/microros_ws/firmware/mcu_ws/build/builtin_interfaces -- -j2 -l2
[3.347s] Invoking command in '/home/ice/microros_ws/firmware/mcu_ws/build/builtin_interfaces': AMENT_PREFIX_PATH=/home/ice/microros_ws/firmware/mcu_ws/install:${AMENT_PREFIX_PATH} CMAKE_PREFIX_PATH=/home/ice/microros_ws/firmware/mcu_ws/install:/home/ice/microros_ws/firmware/dev_ws/install/ament_lint_common:/home/ice/microros_ws/firmware/dev_ws/install/ament_cmake_uncrustify:/home/ice/microros_ws/firmware/dev_ws/install/uncrustify_vendor:/home/ice/microros_ws/firmware/dev_ws/install/ament_cmake_ros:/home/ice/microros_ws/firmware/dev_ws/install/ament_cmake_auto:/home/ice/microros_ws/firmware/dev_ws/install/ament_cmake_gmock:/home/ice/microros_ws/firmware/dev_ws/install/gmock_vendor:/home/ice/microros_ws/firmware/dev_ws/install/ament_cmake_gtest:/home/ice/microros_ws/firmware/dev_ws/install/gtest_vendor:/home/ice/microros_ws/firmware/dev_ws/install/ament_cmake_xmllint:/home/ice/microros_ws/firmware/dev_ws/install/ament_cmake_pyflakes:/home/ice/microros_ws/firmware/dev_ws/install/ament_cmake_pycodestyle:/home/ice/microros_ws/firmware/dev_ws/install/ament_cmake_pep257:/home/ice/microros_ws/firmware/dev_ws/install/ament_cmake_pclint:/home/ice/microros_ws/firmware/dev_ws/install/ament_lint_auto:/home/ice/microros_ws/firmware/dev_ws/install/ament_cmake:/home/ice/microros_ws/firmware/dev_ws/install/ament_cmake_version:/home/ice/microros_ws/firmware/dev_ws/install/ament_cmake_vendor_package:/home/ice/microros_ws/firmware/dev_ws/install/ament_cmake_pytest:/home/ice/microros_ws/firmware/dev_ws/install/ament_cmake_nose:/home/ice/microros_ws/firmware/dev_ws/install/ament_cmake_mypy:/home/ice/microros_ws/firmware/dev_ws/install/ament_cmake_lint_cmake:/home/ice/microros_ws/firmware/dev_ws/install/ament_cmake_google_benchmark:/home/ice/microros_ws/firmware/dev_ws/install/ament_cmake_flake8:/home/ice/microros_ws/firmware/dev_ws/install/ament_cmake_cpplint:/home/ice/microros_ws/firmware/dev_ws/install/ament_cmake_cppcheck:/home/ice/microros_ws/firmware/dev_ws/install/ament_cmake_copyright:/home/ice/microros_ws/firmware/dev_ws/install/ament_cmake_clang_tidy:/home/ice/microros_ws/firmware/dev_ws/install/ament_cmake_clang_format:/home/ice/microros_ws/firmware/dev_ws/install/ament_cmake_test:/home/ice/microros_ws/firmware/dev_ws/install/ament_cmake_target_dependencies:/home/ice/microros_ws/firmware/dev_ws/install/ament_cmake_python:/home/ice/microros_ws/firmware/dev_ws/install/ament_cmake_export_dependencies:/home/ice/microros_ws/firmware/dev_ws/install/ament_cmake_libraries:/home/ice/microros_ws/firmware/dev_ws/install/ament_cmake_include_directories:/home/ice/microros_ws/firmware/dev_ws/install/ament_cmake_gen_version_h:/home/ice/microros_ws/firmware/dev_ws/install/ament_cmake_export_targets:/home/ice/microros_ws/firmware/dev_ws/install/ament_cmake_export_link_flags:/home/ice/microros_ws/firmware/dev_ws/install/ament_cmake_export_interfaces:/home/ice/microros_ws/firmware/dev_ws/install/ament_cmake_export_libraries:/home/ice/microros_ws/firmware/dev_ws/install/ament_cmake_export_include_directories:/home/ice/microros_ws/firmware/dev_ws/install/ament_cmake_export_definitions:/home/ice/microros_ws/firmware/dev_ws/install/ament_cmake_core:/home/ice/microros_ws/firmware/dev_ws/install/ament_index_cpp:/home/ice/microros_ws/firmware/dev_ws/install/ament_uncrustify:/home/ice/microros_ws/firmware/dev_ws/install/domain_coordinator:/home/ice/microros_ws/firmware/dev_ws/install/ament_xmllint:/home/ice/microros_ws/firmware/dev_ws/install/ament_pyflakes:/home/ice/microros_ws/firmware/dev_ws/install/ament_pycodestyle:/home/ice/microros_ws/firmware/dev_ws/install/ament_pep257:/home/ice/microros_ws/firmware/dev_ws/install/ament_pclint:/home/ice/microros_ws/firmware/dev_ws/install/ament_package:/home/ice/microros_ws/firmware/dev_ws/install/ament_mypy:/home/ice/microros_ws/firmware/dev_ws/install/ament_lint_cmake:/home/ice/microros_ws/firmware/dev_ws/install/ament_flake8:/home/ice/microros_ws/firmware/dev_ws/install/ament_copyright:/home/ice/microros_ws/firmware/dev_ws/install/ament_lint:/home/ice/microros_ws/firmware/dev_ws/install/ament_index_python:/home/ice/microros_ws/firmware/dev_ws/install/ament_cpplint:/home/ice/microros_ws/firmware/dev_ws/install/ament_cppcheck:/home/ice/microros_ws/firmware/dev_ws/install/ament_clang_tidy:/home/ice/microros_ws/firmware/dev_ws/install/ament_clang_format LD_LIBRARY_PATH=/home/ice/microros_ws/firmware/mcu_ws/install/lib:${LD_LIBRARY_PATH} PATH=/home/ice/microros_ws/firmware/mcu_ws/install/bin:${PATH} PYTHONPATH=/home/ice/microros_ws/firmware/mcu_ws/install/lib/python3.10/site-packages:${PYTHONPATH} /usr/bin/cmake --install /home/ice/microros_ws/firmware/mcu_ws/build/builtin_interfaces
[3.371s] -- Install configuration: "Debug"
[3.373s] -- Up-to-date: /home/ice/microros_ws/firmware/mcu_ws/install/share/ament_index/resource_index/rosidl_interfaces/builtin_interfaces
[3.375s] -- Up-to-date: /home/ice/microros_ws/firmware/mcu_ws/install/include/builtin_interfaces/builtin_interfaces
[3.375s] -- Up-to-date: /home/ice/microros_ws/firmware/mcu_ws/install/include/builtin_interfaces/builtin_interfaces/msg
[3.376s] -- Up-to-date: /home/ice/microros_ws/firmware/mcu_ws/install/include/builtin_interfaces/builtin_interfaces/msg/time.h
[3.376s] -- Up-to-date: /home/ice/microros_ws/firmware/mcu_ws/install/include/builtin_interfaces/builtin_interfaces/msg/detail
[3.376s] -- Up-to-date: /home/ice/microros_ws/firmware/mcu_ws/install/include/builtin_interfaces/builtin_interfaces/msg/detail/duration__type_support.h
[3.378s] -- Up-to-date: /home/ice/microros_ws/firmware/mcu_ws/install/include/builtin_interfaces/builtin_interfaces/msg/detail/duration__functions.h
[3.379s] -- Up-to-date: /home/ice/microros_ws/firmware/mcu_ws/install/include/builtin_interfaces/builtin_interfaces/msg/detail/duration__struct.h
[3.379s] -- Up-to-date: /home/ice/microros_ws/firmware/mcu_ws/install/include/builtin_interfaces/builtin_interfaces/msg/detail/time__type_support.h
[3.379s] -- Up-to-date: /home/ice/microros_ws/firmware/mcu_ws/install/include/builtin_interfaces/builtin_interfaces/msg/detail/time__functions.h
[3.380s] -- Up-to-date: /home/ice/microros_ws/firmware/mcu_ws/install/include/builtin_interfaces/builtin_interfaces/msg/detail/time__functions.c
[3.380s] -- Up-to-date: /home/ice/microros_ws/firmware/mcu_ws/install/include/builtin_interfaces/builtin_interfaces/msg/detail/duration__functions.c
[3.380s] -- Up-to-date: /home/ice/microros_ws/firmware/mcu_ws/install/include/builtin_interfaces/builtin_interfaces/msg/detail/time__struct.h
[3.380s] -- Up-to-date: /home/ice/microros_ws/firmware/mcu_ws/install/include/builtin_interfaces/builtin_interfaces/msg/rosidl_generator_c__visibility_control.h
[3.380s] -- Up-to-date: /home/ice/microros_ws/firmware/mcu_ws/install/include/builtin_interfaces/builtin_interfaces/msg/duration.h
[3.380s] -- Up-to-date: /home/ice/microros_ws/firmware/mcu_ws/install/share/builtin_interfaces/environment/library_path.sh
[3.380s] -- Installing: /home/ice/microros_ws/firmware/mcu_ws/install/share/builtin_interfaces/environment/library_path.dsv
[3.381s] -- Up-to-date: /home/ice/microros_ws/firmware/mcu_ws/install/lib/libbuiltin_interfaces__rosidl_generator_c.a
[3.382s] -- Up-to-date: /home/ice/microros_ws/firmware/mcu_ws/install/include/builtin_interfaces/builtin_interfaces
[3.383s] -- Up-to-date: /home/ice/microros_ws/firmware/mcu_ws/install/include/builtin_interfaces/builtin_interfaces/msg
[3.383s] -- Up-to-date: /home/ice/microros_ws/firmware/mcu_ws/install/include/builtin_interfaces/builtin_interfaces/msg/detail
[3.384s] -- Up-to-date: /home/ice/microros_ws/firmware/mcu_ws/install/include/builtin_interfaces/builtin_interfaces/msg/detail/time__rosidl_typesupport_introspection_c.h
[3.384s] -- Up-to-date: /home/ice/microros_ws/firmware/mcu_ws/install/include/builtin_interfaces/builtin_interfaces/msg/detail/duration__rosidl_typesupport_introspection_c.h
[3.385s] -- Up-to-date: /home/ice/microros_ws/firmware/mcu_ws/install/include/builtin_interfaces/builtin_interfaces/msg/detail/duration__type_support.c
[3.385s] -- Up-to-date: /home/ice/microros_ws/firmware/mcu_ws/install/include/builtin_interfaces/builtin_interfaces/msg/detail/time__type_support.c
[3.386s] -- Up-to-date: /home/ice/microros_ws/firmware/mcu_ws/install/include/builtin_interfaces/builtin_interfaces/msg/rosidl_typesupport_introspection_c__visibility_control.h
[3.386s] -- Up-to-date: /home/ice/microros_ws/firmware/mcu_ws/install/lib/libbuiltin_interfaces__rosidl_typesupport_introspection_c.a
[3.387s] -- Up-to-date: /home/ice/microros_ws/firmware/mcu_ws/install/include/builtin_interfaces
[3.387s] -- Up-to-date: /home/ice/microros_ws/firmware/mcu_ws/install/include/builtin_interfaces/msg
[3.387s] -- Up-to-date: /home/ice/microros_ws/firmware/mcu_ws/install/include/builtin_interfaces/msg/detail
[3.387s] -- Up-to-date: /home/ice/microros_ws/firmware/mcu_ws/install/include/builtin_interfaces/msg/detail/time__rosidl_typesupport_microxrcedds_c.h
[3.388s] -- Up-to-date: /home/ice/microros_ws/firmware/mcu_ws/install/include/builtin_interfaces/msg/detail/duration__rosidl_typesupport_microxrcedds_c.h
[3.388s] -- Up-to-date: /home/ice/microros_ws/firmware/mcu_ws/install/include/builtin_interfaces/msg/detail/microxrcedds
[3.388s] -- Up-to-date: /home/ice/microros_ws/firmware/mcu_ws/install/include/builtin_interfaces/msg/rosidl_typesupport_microxrcedds_c__visibility_control.h
[3.388s] -- Up-to-date: /home/ice/microros_ws/firmware/mcu_ws/install/lib/libbuiltin_interfaces__rosidl_typesupport_microxrcedds_c.a
[3.389s] -- Up-to-date: /home/ice/microros_ws/firmware/mcu_ws/install/lib/libbuiltin_interfaces__rosidl_typesupport_c.a
[3.389s] -- Up-to-date: /home/ice/microros_ws/firmware/mcu_ws/install/share/builtin_interfaces/msg/Duration.idl
[3.390s] -- Up-to-date: /home/ice/microros_ws/firmware/mcu_ws/install/share/builtin_interfaces/msg/Time.idl
[3.400s] -- Up-to-date: /home/ice/microros_ws/firmware/mcu_ws/install/share/builtin_interfaces/msg/Duration.msg
[3.400s] -- Up-to-date: /home/ice/microros_ws/firmware/mcu_ws/install/share/builtin_interfaces/msg/Time.msg
[3.400s] -- Up-to-date: /home/ice/microros_ws/firmware/mcu_ws/install/share/ament_index/resource_index/package_run_dependencies/builtin_interfaces
[3.401s] -- Up-to-date: /home/ice/microros_ws/firmware/mcu_ws/install/share/ament_index/resource_index/parent_prefix_path/builtin_interfaces
[3.401s] -- Up-to-date: /home/ice/microros_ws/firmware/mcu_ws/install/share/builtin_interfaces/environment/ament_prefix_path.sh
[3.401s] -- Installing: /home/ice/microros_ws/firmware/mcu_ws/install/share/builtin_interfaces/environment/ament_prefix_path.dsv
[3.401s] -- Up-to-date: /home/ice/microros_ws/firmware/mcu_ws/install/share/builtin_interfaces/environment/path.sh
[3.401s] -- Installing: /home/ice/microros_ws/firmware/mcu_ws/install/share/builtin_interfaces/environment/path.dsv
[3.401s] -- Up-to-date: /home/ice/microros_ws/firmware/mcu_ws/install/share/builtin_interfaces/local_setup.bash
[3.402s] -- Up-to-date: /home/ice/microros_ws/firmware/mcu_ws/install/share/builtin_interfaces/local_setup.sh
[3.402s] -- Up-to-date: /home/ice/microros_ws/firmware/mcu_ws/install/share/builtin_interfaces/local_setup.zsh
[3.402s] -- Installing: /home/ice/microros_ws/firmware/mcu_ws/install/share/builtin_interfaces/local_setup.dsv
[3.402s] -- Installing: /home/ice/microros_ws/firmware/mcu_ws/install/share/builtin_interfaces/package.dsv
[3.402s] -- Up-to-date: /home/ice/microros_ws/firmware/mcu_ws/install/share/ament_index/resource_index/packages/builtin_interfaces
[3.402s] -- Up-to-date: /home/ice/microros_ws/firmware/mcu_ws/install/share/builtin_interfaces/cmake/export_builtin_interfaces__rosidl_generator_cExport.cmake
[3.403s] -- Up-to-date: /home/ice/microros_ws/firmware/mcu_ws/install/share/builtin_interfaces/cmake/export_builtin_interfaces__rosidl_generator_cExport-debug.cmake
[3.403s] -- Up-to-date: /home/ice/microros_ws/firmware/mcu_ws/install/share/builtin_interfaces/cmake/builtin_interfaces__rosidl_typesupport_introspection_cExport.cmake
[3.403s] -- Up-to-date: /home/ice/microros_ws/firmware/mcu_ws/install/share/builtin_interfaces/cmake/builtin_interfaces__rosidl_typesupport_introspection_cExport-debug.cmake
[3.403s] -- Up-to-date: /home/ice/microros_ws/firmware/mcu_ws/install/share/builtin_interfaces/cmake/builtin_interfaces__rosidl_typesupport_cExport.cmake
[3.403s] -- Up-to-date: /home/ice/microros_ws/firmware/mcu_ws/install/share/builtin_interfaces/cmake/builtin_interfaces__rosidl_typesupport_cExport-debug.cmake
[3.403s] -- Up-to-date: /home/ice/microros_ws/firmware/mcu_ws/install/share/builtin_interfaces/cmake/rosidl_cmake-extras.cmake
[3.403s] -- Up-to-date: /home/ice/microros_ws/firmware/mcu_ws/install/share/builtin_interfaces/cmake/ament_cmake_export_include_directories-extras.cmake
[3.403s] -- Up-to-date: /home/ice/microros_ws/firmware/mcu_ws/install/share/builtin_interfaces/cmake/ament_cmake_export_libraries-extras.cmake
[3.403s] -- Up-to-date: /home/ice/microros_ws/firmware/mcu_ws/install/share/builtin_interfaces/cmake/ament_cmake_export_targets-extras.cmake
[3.403s] -- Up-to-date: /home/ice/microros_ws/firmware/mcu_ws/install/share/builtin_interfaces/cmake/rosidl_cmake_export_typesupport_targets-extras.cmake
[3.403s] -- Up-to-date: /home/ice/microros_ws/firmware/mcu_ws/install/share/builtin_interfaces/cmake/ament_cmake_export_dependencies-extras.cmake
[3.403s] -- Up-to-date: /home/ice/microros_ws/firmware/mcu_ws/install/share/builtin_interfaces/cmake/rosidl_cmake_export_typesupport_libraries-extras.cmake
[3.403s] -- Up-to-date: /home/ice/microros_ws/firmware/mcu_ws/install/share/builtin_interfaces/cmake/builtin_interfacesConfig.cmake
[3.404s] -- Up-to-date: /home/ice/microros_ws/firmware/mcu_ws/install/share/builtin_interfaces/cmake/builtin_interfacesConfig-version.cmake
[3.404s] -- Up-to-date: /home/ice/microros_ws/firmware/mcu_ws/install/share/builtin_interfaces/package.xml
[3.404s] Invoked command in '/home/ice/microros_ws/firmware/mcu_ws/build/builtin_interfaces' returned '0': AMENT_PREFIX_PATH=/home/ice/microros_ws/firmware/mcu_ws/install:${AMENT_PREFIX_PATH} CMAKE_PREFIX_PATH=/home/ice/microros_ws/firmware/mcu_ws/install:/home/ice/microros_ws/firmware/dev_ws/install/ament_lint_common:/home/ice/microros_ws/firmware/dev_ws/install/ament_cmake_uncrustify:/home/ice/microros_ws/firmware/dev_ws/install/uncrustify_vendor:/home/ice/microros_ws/firmware/dev_ws/install/ament_cmake_ros:/home/ice/microros_ws/firmware/dev_ws/install/ament_cmake_auto:/home/ice/microros_ws/firmware/dev_ws/install/ament_cmake_gmock:/home/ice/microros_ws/firmware/dev_ws/install/gmock_vendor:/home/ice/microros_ws/firmware/dev_ws/install/ament_cmake_gtest:/home/ice/microros_ws/firmware/dev_ws/install/gtest_vendor:/home/ice/microros_ws/firmware/dev_ws/install/ament_cmake_xmllint:/home/ice/microros_ws/firmware/dev_ws/install/ament_cmake_pyflakes:/home/ice/microros_ws/firmware/dev_ws/install/ament_cmake_pycodestyle:/home/ice/microros_ws/firmware/dev_ws/install/ament_cmake_pep257:/home/ice/microros_ws/firmware/dev_ws/install/ament_cmake_pclint:/home/ice/microros_ws/firmware/dev_ws/install/ament_lint_auto:/home/ice/microros_ws/firmware/dev_ws/install/ament_cmake:/home/ice/microros_ws/firmware/dev_ws/install/ament_cmake_version:/home/ice/microros_ws/firmware/dev_ws/install/ament_cmake_vendor_package:/home/ice/microros_ws/firmware/dev_ws/install/ament_cmake_pytest:/home/ice/microros_ws/firmware/dev_ws/install/ament_cmake_nose:/home/ice/microros_ws/firmware/dev_ws/install/ament_cmake_mypy:/home/ice/microros_ws/firmware/dev_ws/install/ament_cmake_lint_cmake:/home/ice/microros_ws/firmware/dev_ws/install/ament_cmake_google_benchmark:/home/ice/microros_ws/firmware/dev_ws/install/ament_cmake_flake8:/home/ice/microros_ws/firmware/dev_ws/install/ament_cmake_cpplint:/home/ice/microros_ws/firmware/dev_ws/install/ament_cmake_cppcheck:/home/ice/microros_ws/firmware/dev_ws/install/ament_cmake_copyright:/home/ice/microros_ws/firmware/dev_ws/install/ament_cmake_clang_tidy:/home/ice/microros_ws/firmware/dev_ws/install/ament_cmake_clang_format:/home/ice/microros_ws/firmware/dev_ws/install/ament_cmake_test:/home/ice/microros_ws/firmware/dev_ws/install/ament_cmake_target_dependencies:/home/ice/microros_ws/firmware/dev_ws/install/ament_cmake_python:/home/ice/microros_ws/firmware/dev_ws/install/ament_cmake_export_dependencies:/home/ice/microros_ws/firmware/dev_ws/install/ament_cmake_libraries:/home/ice/microros_ws/firmware/dev_ws/install/ament_cmake_include_directories:/home/ice/microros_ws/firmware/dev_ws/install/ament_cmake_gen_version_h:/home/ice/microros_ws/firmware/dev_ws/install/ament_cmake_export_targets:/home/ice/microros_ws/firmware/dev_ws/install/ament_cmake_export_link_flags:/home/ice/microros_ws/firmware/dev_ws/install/ament_cmake_export_interfaces:/home/ice/microros_ws/firmware/dev_ws/install/ament_cmake_export_libraries:/home/ice/microros_ws/firmware/dev_ws/install/ament_cmake_export_include_directories:/home/ice/microros_ws/firmware/dev_ws/install/ament_cmake_export_definitions:/home/ice/microros_ws/firmware/dev_ws/install/ament_cmake_core:/home/ice/microros_ws/firmware/dev_ws/install/ament_index_cpp:/home/ice/microros_ws/firmware/dev_ws/install/ament_uncrustify:/home/ice/microros_ws/firmware/dev_ws/install/domain_coordinator:/home/ice/microros_ws/firmware/dev_ws/install/ament_xmllint:/home/ice/microros_ws/firmware/dev_ws/install/ament_pyflakes:/home/ice/microros_ws/firmware/dev_ws/install/ament_pycodestyle:/home/ice/microros_ws/firmware/dev_ws/install/ament_pep257:/home/ice/microros_ws/firmware/dev_ws/install/ament_pclint:/home/ice/microros_ws/firmware/dev_ws/install/ament_package:/home/ice/microros_ws/firmware/dev_ws/install/ament_mypy:/home/ice/microros_ws/firmware/dev_ws/install/ament_lint_cmake:/home/ice/microros_ws/firmware/dev_ws/install/ament_flake8:/home/ice/microros_ws/firmware/dev_ws/install/ament_copyright:/home/ice/microros_ws/firmware/dev_ws/install/ament_lint:/home/ice/microros_ws/firmware/dev_ws/install/ament_index_python:/home/ice/microros_ws/firmware/dev_ws/install/ament_cpplint:/home/ice/microros_ws/firmware/dev_ws/install/ament_cppcheck:/home/ice/microros_ws/firmware/dev_ws/install/ament_clang_tidy:/home/ice/microros_ws/firmware/dev_ws/install/ament_clang_format LD_LIBRARY_PATH=/home/ice/microros_ws/firmware/mcu_ws/install/lib:${LD_LIBRARY_PATH} PATH=/home/ice/microros_ws/firmware/mcu_ws/install/bin:${PATH} PYTHONPATH=/home/ice/microros_ws/firmware/mcu_ws/install/lib/python3.10/site-packages:${PYTHONPATH} /usr/bin/cmake --install /home/ice/microros_ws/firmware/mcu_ws/build/builtin_interfaces
