[1.820s] DEBUG:colcon:Command line arguments: ['/usr/bin/colcon', 'build']
[1.820s] DEBUG:colcon:Parsed command line arguments: Namespace(log_base=None, log_level=None, verb_name='build', build_base='build', install_base='install', merge_install=False, symlink_install=False, test_result_base=None, continue_on_error=False, executor='parallel', parallel_workers=2, event_handlers=None, ignore_user_meta=False, metas=['./colcon.meta'], base_paths=['.'], packages_ignore=None, packages_ignore_regex=None, paths=None, packages_up_to=None, packages_up_to_regex=None, packages_above=None, packages_above_and_dependencies=None, packages_above_depth=None, packages_select_by_dep=None, packages_skip_by_dep=None, packages_skip_up_to=None, packages_select_build_failed=False, packages_skip_build_finished=False, packages_select_test_failures=False, packages_skip_test_passed=False, packages_select=None, packages_skip=None, packages_select_regex=None, packages_skip_regex=None, packages_start=None, packages_end=None, allow_overriding=[], cmake_args=None, cmake_target=None, cmake_target_skip_unavailable=False, cmake_clean_cache=False, cmake_clean_first=False, cmake_force_configure=False, ament_cmake_args=None, catkin_cmake_args=None, catkin_skip_building_tests=False, verb_parser=<colcon_defaults.argument_parser.defaults.DefaultArgumentsDecorator object at 0x7f150fcf8760>, verb_extension=<colcon_core.verb.build.BuildVerb object at 0x7f150ff3a860>, main=<bound method BuildVerb.main of <colcon_core.verb.build.BuildVerb object at 0x7f150ff3a860>>)
[1.890s] Level 1:colcon.colcon_core.package_discovery:discover_packages(colcon_meta) check parameters
[1.890s] Level 1:colcon.colcon_core.package_discovery:discover_packages(recursive) check parameters
[1.890s] Level 1:colcon.colcon_core.package_discovery:discover_packages(ignore) check parameters
[1.890s] Level 1:colcon.colcon_core.package_discovery:discover_packages(path) check parameters
[1.890s] Level 1:colcon.colcon_core.package_discovery:discover_packages(colcon_meta) discover
[1.890s] Level 1:colcon.colcon_core.package_discovery:discover_packages(recursive) discover
[1.890s] INFO:colcon.colcon_core.package_discovery:Crawling recursively for packages in '/home/ice/polaris-bot/ros2_ws'
[1.890s] Level 1:colcon.colcon_core.package_identification:_identify(.) by extensions ['ignore', 'ignore_ament_install']
[1.890s] Level 1:colcon.colcon_core.package_identification:_identify(.) by extension 'ignore'
[1.890s] Level 1:colcon.colcon_core.package_identification:_identify(.) by extension 'ignore_ament_install'
[1.890s] Level 1:colcon.colcon_core.package_identification:_identify(.) by extensions ['colcon_pkg']
[1.890s] Level 1:colcon.colcon_core.package_identification:_identify(.) by extension 'colcon_pkg'
[1.890s] Level 1:colcon.colcon_core.package_identification:_identify(.) by extensions ['colcon_meta']
[1.890s] Level 1:colcon.colcon_core.package_identification:_identify(.) by extension 'colcon_meta'
[1.891s] Level 1:colcon.colcon_core.package_identification:_identify(.) by extensions ['ros']
[1.891s] Level 1:colcon.colcon_core.package_identification:_identify(.) by extension 'ros'
[1.905s] Level 1:colcon.colcon_core.package_identification:_identify(.) by extensions ['cmake', 'python']
[1.905s] Level 1:colcon.colcon_core.package_identification:_identify(.) by extension 'cmake'
[1.905s] Level 1:colcon.colcon_core.package_identification:_identify(.) by extension 'python'
[1.905s] Level 1:colcon.colcon_core.package_identification:_identify(.) by extensions ['python_setup_py']
[1.905s] Level 1:colcon.colcon_core.package_identification:_identify(.) by extension 'python_setup_py'
[1.905s] Level 1:colcon.colcon_core.package_identification:_identify(build) by extensions ['ignore', 'ignore_ament_install']
[1.906s] Level 1:colcon.colcon_core.package_identification:_identify(build) by extension 'ignore'
[1.906s] Level 1:colcon.colcon_core.package_identification:_identify(build) ignored
[1.906s] Level 1:colcon.colcon_core.package_identification:_identify(install) by extensions ['ignore', 'ignore_ament_install']
[1.906s] Level 1:colcon.colcon_core.package_identification:_identify(install) by extension 'ignore'
[1.906s] Level 1:colcon.colcon_core.package_identification:_identify(install) ignored
[1.906s] Level 1:colcon.colcon_core.package_identification:_identify(log) by extensions ['ignore', 'ignore_ament_install']
[1.906s] Level 1:colcon.colcon_core.package_identification:_identify(log) by extension 'ignore'
[1.906s] Level 1:colcon.colcon_core.package_identification:_identify(log) ignored
[1.906s] Level 1:colcon.colcon_core.package_identification:_identify(src) by extensions ['ignore', 'ignore_ament_install']
[1.907s] Level 1:colcon.colcon_core.package_identification:_identify(src) by extension 'ignore'
[1.907s] Level 1:colcon.colcon_core.package_identification:_identify(src) by extension 'ignore_ament_install'
[1.907s] Level 1:colcon.colcon_core.package_identification:_identify(src) by extensions ['colcon_pkg']
[1.907s] Level 1:colcon.colcon_core.package_identification:_identify(src) by extension 'colcon_pkg'
[1.907s] Level 1:colcon.colcon_core.package_identification:_identify(src) by extensions ['colcon_meta']
[1.907s] Level 1:colcon.colcon_core.package_identification:_identify(src) by extension 'colcon_meta'
[1.907s] Level 1:colcon.colcon_core.package_identification:_identify(src) by extensions ['ros']
[1.907s] Level 1:colcon.colcon_core.package_identification:_identify(src) by extension 'ros'
[1.907s] Level 1:colcon.colcon_core.package_identification:_identify(src) by extensions ['cmake', 'python']
[1.907s] Level 1:colcon.colcon_core.package_identification:_identify(src) by extension 'cmake'
[1.907s] Level 1:colcon.colcon_core.package_identification:_identify(src) by extension 'python'
[1.907s] Level 1:colcon.colcon_core.package_identification:_identify(src) by extensions ['python_setup_py']
[1.907s] Level 1:colcon.colcon_core.package_identification:_identify(src) by extension 'python_setup_py'
[1.907s] Level 1:colcon.colcon_core.package_identification:_identify(src/firmware) by extensions ['ignore', 'ignore_ament_install']
[1.907s] Level 1:colcon.colcon_core.package_identification:_identify(src/firmware) by extension 'ignore'
[1.907s] Level 1:colcon.colcon_core.package_identification:_identify(src/firmware) ignored
[1.908s] Level 1:colcon.colcon_core.package_identification:_identify(src/messages) by extensions ['ignore', 'ignore_ament_install']
[1.908s] Level 1:colcon.colcon_core.package_identification:_identify(src/messages) by extension 'ignore'
[1.908s] Level 1:colcon.colcon_core.package_identification:_identify(src/messages) by extension 'ignore_ament_install'
[1.908s] Level 1:colcon.colcon_core.package_identification:_identify(src/messages) by extensions ['colcon_pkg']
[1.908s] Level 1:colcon.colcon_core.package_identification:_identify(src/messages) by extension 'colcon_pkg'
[1.908s] Level 1:colcon.colcon_core.package_identification:_identify(src/messages) by extensions ['colcon_meta']
[1.908s] Level 1:colcon.colcon_core.package_identification:_identify(src/messages) by extension 'colcon_meta'
[1.908s] Level 1:colcon.colcon_core.package_identification:_identify(src/messages) by extensions ['ros']
[1.908s] Level 1:colcon.colcon_core.package_identification:_identify(src/messages) by extension 'ros'
[1.912s] DEBUG:colcon.colcon_core.package_identification:Package 'src/messages' with type 'ros.ament_cmake' and name 'messages'
[1.912s] Level 1:colcon.colcon_core.package_identification:_identify(src/my_message) by extensions ['ignore', 'ignore_ament_install']
[1.913s] Level 1:colcon.colcon_core.package_identification:_identify(src/my_message) by extension 'ignore'
[1.913s] Level 1:colcon.colcon_core.package_identification:_identify(src/my_message) by extension 'ignore_ament_install'
[1.913s] Level 1:colcon.colcon_core.package_identification:_identify(src/my_message) by extensions ['colcon_pkg']
[1.913s] Level 1:colcon.colcon_core.package_identification:_identify(src/my_message) by extension 'colcon_pkg'
[1.913s] Level 1:colcon.colcon_core.package_identification:_identify(src/my_message) by extensions ['colcon_meta']
[1.913s] Level 1:colcon.colcon_core.package_identification:_identify(src/my_message) by extension 'colcon_meta'
[1.913s] Level 1:colcon.colcon_core.package_identification:_identify(src/my_message) by extensions ['ros']
[1.913s] Level 1:colcon.colcon_core.package_identification:_identify(src/my_message) by extension 'ros'
[1.914s] DEBUG:colcon.colcon_core.package_identification:Package 'src/my_message' with type 'ros.ament_cmake' and name 'my_message'
[1.914s] Level 1:colcon.colcon_core.package_identification:_identify(src/services) by extensions ['ignore', 'ignore_ament_install']
[1.914s] Level 1:colcon.colcon_core.package_identification:_identify(src/services) by extension 'ignore'
[1.914s] Level 1:colcon.colcon_core.package_identification:_identify(src/services) by extension 'ignore_ament_install'
[1.914s] Level 1:colcon.colcon_core.package_identification:_identify(src/services) by extensions ['colcon_pkg']
[1.914s] Level 1:colcon.colcon_core.package_identification:_identify(src/services) by extension 'colcon_pkg'
[1.914s] Level 1:colcon.colcon_core.package_identification:_identify(src/services) by extensions ['colcon_meta']
[1.914s] Level 1:colcon.colcon_core.package_identification:_identify(src/services) by extension 'colcon_meta'
[1.914s] Level 1:colcon.colcon_core.package_identification:_identify(src/services) by extensions ['ros']
[1.914s] Level 1:colcon.colcon_core.package_identification:_identify(src/services) by extension 'ros'
[1.915s] DEBUG:colcon.colcon_core.package_identification:Package 'src/services' with type 'ros.ament_cmake' and name 'services'
[1.915s] Level 1:colcon.colcon_core.package_discovery:discover_packages(recursive) using defaults
[1.915s] Level 1:colcon.colcon_core.package_discovery:discover_packages(ignore) discover
[1.915s] Level 1:colcon.colcon_core.package_discovery:discover_packages(ignore) using defaults
[1.915s] Level 1:colcon.colcon_core.package_discovery:discover_packages(path) discover
[1.915s] Level 1:colcon.colcon_core.package_discovery:discover_packages(path) using defaults
[2.081s] Level 1:colcon.colcon_core.package_discovery:discover_packages(prefix_path) check parameters
[2.081s] Level 1:colcon.colcon_core.package_discovery:discover_packages(prefix_path) discover
[2.140s] DEBUG:colcon.colcon_installed_package_information.package_discovery:Found 4 installed packages in /home/ice/microros_ws/install
[2.165s] DEBUG:colcon.colcon_installed_package_information.package_discovery:Found 4 installed packages in /home/ice/polaris_ws/install
[2.202s] DEBUG:colcon.colcon_installed_package_information.package_discovery:Found 384 installed packages in /opt/ros/humble
[2.204s] Level 1:colcon.colcon_core.package_discovery:discover_packages(prefix_path) using defaults
[2.348s] Level 5:colcon.colcon_core.verb:set package 'messages' build argument 'cmake_args' from command line to 'None'
[2.348s] Level 5:colcon.colcon_core.verb:set package 'messages' build argument 'cmake_target' from command line to 'None'
[2.348s] Level 5:colcon.colcon_core.verb:set package 'messages' build argument 'cmake_target_skip_unavailable' from command line to 'False'
[2.348s] Level 5:colcon.colcon_core.verb:set package 'messages' build argument 'cmake_clean_cache' from command line to 'False'
[2.348s] Level 5:colcon.colcon_core.verb:set package 'messages' build argument 'cmake_clean_first' from command line to 'False'
[2.348s] Level 5:colcon.colcon_core.verb:set package 'messages' build argument 'cmake_force_configure' from command line to 'False'
[2.348s] Level 5:colcon.colcon_core.verb:set package 'messages' build argument 'ament_cmake_args' from command line to 'None'
[2.348s] Level 5:colcon.colcon_core.verb:set package 'messages' build argument 'catkin_cmake_args' from command line to 'None'
[2.348s] Level 5:colcon.colcon_core.verb:set package 'messages' build argument 'catkin_skip_building_tests' from command line to 'False'
[2.348s] DEBUG:colcon.colcon_core.verb:Building package 'messages' with the following arguments: {'ament_cmake_args': None, 'build_base': '/home/ice/polaris-bot/ros2_ws/build/messages', 'catkin_cmake_args': None, 'catkin_skip_building_tests': False, 'cmake_args': None, 'cmake_clean_cache': False, 'cmake_clean_first': False, 'cmake_force_configure': False, 'cmake_target': None, 'cmake_target_skip_unavailable': False, 'install_base': '/home/ice/polaris-bot/ros2_ws/install/messages', 'merge_install': False, 'path': '/home/ice/polaris-bot/ros2_ws/src/messages', 'symlink_install': False, 'test_result_base': None}
[2.382s] Level 5:colcon.colcon_core.verb:set package 'my_message' build argument 'cmake_args' from command line to 'None'
[2.382s] Level 5:colcon.colcon_core.verb:set package 'my_message' build argument 'cmake_target' from command line to 'None'
[2.382s] Level 5:colcon.colcon_core.verb:set package 'my_message' build argument 'cmake_target_skip_unavailable' from command line to 'False'
[2.382s] Level 5:colcon.colcon_core.verb:set package 'my_message' build argument 'cmake_clean_cache' from command line to 'False'
[2.382s] Level 5:colcon.colcon_core.verb:set package 'my_message' build argument 'cmake_clean_first' from command line to 'False'
[2.382s] Level 5:colcon.colcon_core.verb:set package 'my_message' build argument 'cmake_force_configure' from command line to 'False'
[2.382s] Level 5:colcon.colcon_core.verb:set package 'my_message' build argument 'ament_cmake_args' from command line to 'None'
[2.382s] Level 5:colcon.colcon_core.verb:set package 'my_message' build argument 'catkin_cmake_args' from command line to 'None'
[2.382s] Level 5:colcon.colcon_core.verb:set package 'my_message' build argument 'catkin_skip_building_tests' from command line to 'False'
[2.382s] DEBUG:colcon.colcon_core.verb:Building package 'my_message' with the following arguments: {'ament_cmake_args': None, 'build_base': '/home/ice/polaris-bot/ros2_ws/build/my_message', 'catkin_cmake_args': None, 'catkin_skip_building_tests': False, 'cmake_args': None, 'cmake_clean_cache': False, 'cmake_clean_first': False, 'cmake_force_configure': False, 'cmake_target': None, 'cmake_target_skip_unavailable': False, 'install_base': '/home/ice/polaris-bot/ros2_ws/install/my_message', 'merge_install': False, 'path': '/home/ice/polaris-bot/ros2_ws/src/my_message', 'symlink_install': False, 'test_result_base': None}
[2.406s] Level 5:colcon.colcon_core.verb:set package 'services' build argument 'cmake_args' from command line to 'None'
[2.406s] Level 5:colcon.colcon_core.verb:set package 'services' build argument 'cmake_target' from command line to 'None'
[2.406s] Level 5:colcon.colcon_core.verb:set package 'services' build argument 'cmake_target_skip_unavailable' from command line to 'False'
[2.406s] Level 5:colcon.colcon_core.verb:set package 'services' build argument 'cmake_clean_cache' from command line to 'False'
[2.407s] Level 5:colcon.colcon_core.verb:set package 'services' build argument 'cmake_clean_first' from command line to 'False'
[2.407s] Level 5:colcon.colcon_core.verb:set package 'services' build argument 'cmake_force_configure' from command line to 'False'
[2.407s] Level 5:colcon.colcon_core.verb:set package 'services' build argument 'ament_cmake_args' from command line to 'None'
[2.407s] Level 5:colcon.colcon_core.verb:set package 'services' build argument 'catkin_cmake_args' from command line to 'None'
[2.407s] Level 5:colcon.colcon_core.verb:set package 'services' build argument 'catkin_skip_building_tests' from command line to 'False'
[2.407s] DEBUG:colcon.colcon_core.verb:Building package 'services' with the following arguments: {'ament_cmake_args': None, 'build_base': '/home/ice/polaris-bot/ros2_ws/build/services', 'catkin_cmake_args': None, 'catkin_skip_building_tests': False, 'cmake_args': None, 'cmake_clean_cache': False, 'cmake_clean_first': False, 'cmake_force_configure': False, 'cmake_target': None, 'cmake_target_skip_unavailable': False, 'install_base': '/home/ice/polaris-bot/ros2_ws/install/services', 'merge_install': False, 'path': '/home/ice/polaris-bot/ros2_ws/src/services', 'symlink_install': False, 'test_result_base': None}
[2.430s] INFO:colcon.colcon_core.executor:Executing jobs using 'parallel' executor
[2.456s] DEBUG:colcon.colcon_parallel_executor.executor.parallel:run_until_complete
[2.457s] INFO:colcon.colcon_ros.task.ament_cmake.build:Building ROS package in '/home/ice/polaris-bot/ros2_ws/src/messages' with build type 'ament_cmake'
[2.457s] INFO:colcon.colcon_cmake.task.cmake.build:Building CMake package in '/home/ice/polaris-bot/ros2_ws/src/messages'
[2.489s] INFO:colcon.colcon_core.plugin_system:Skipping extension 'colcon_core.shell.bat': Not used on non-Windows systems
[2.490s] INFO:colcon.colcon_core.shell:Skip shell extension 'powershell' for command environment: Not usable outside of PowerShell
[2.490s] DEBUG:colcon.colcon_core.shell:Skip shell extension 'dsv' for command environment
[2.646s] INFO:colcon.colcon_ros.task.ament_cmake.build:Building ROS package in '/home/ice/polaris-bot/ros2_ws/src/my_message' with build type 'ament_cmake'
[2.647s] INFO:colcon.colcon_cmake.task.cmake.build:Building CMake package in '/home/ice/polaris-bot/ros2_ws/src/my_message'
[2.699s] INFO:colcon.colcon_core.shell:Skip shell extension 'powershell' for command environment: Not usable outside of PowerShell
[2.699s] DEBUG:colcon.colcon_core.shell:Skip shell extension 'dsv' for command environment
[2.831s] DEBUG:colcon.colcon_core.event_handler.log_command:Invoking command in '/home/ice/polaris-bot/ros2_ws/build/messages': CMAKE_PREFIX_PATH=${CMAKE_PREFIX_PATH}:/home/ice/polaris_ws/install/test_pkg:/opt/ros/humble /usr/bin/cmake --build /home/ice/polaris-bot/ros2_ws/build/messages -- -j2 -l2
[2.881s] DEBUG:colcon.colcon_core.event_handler.log_command:Invoking command in '/home/ice/polaris-bot/ros2_ws/build/my_message': CMAKE_PREFIX_PATH=${CMAKE_PREFIX_PATH}:/home/ice/polaris_ws/install/test_pkg:/opt/ros/humble /usr/bin/cmake --build /home/ice/polaris-bot/ros2_ws/build/my_message -- -j2 -l2
[5.527s] DEBUG:colcon.colcon_core.event_handler.log_command:Invoked command in '/home/ice/polaris-bot/ros2_ws/build/my_message' returned '0': CMAKE_PREFIX_PATH=${CMAKE_PREFIX_PATH}:/home/ice/polaris_ws/install/test_pkg:/opt/ros/humble /usr/bin/cmake --build /home/ice/polaris-bot/ros2_ws/build/my_message -- -j2 -l2
[6.886s] DEBUG:colcon.colcon_core.event_handler.log_command:Invoking command in '/home/ice/polaris-bot/ros2_ws/build/my_message': CMAKE_PREFIX_PATH=${CMAKE_PREFIX_PATH}:/home/ice/polaris_ws/install/test_pkg:/opt/ros/humble /usr/bin/cmake --install /home/ice/polaris-bot/ros2_ws/build/my_message
[7.193s] Level 1:colcon.colcon_core.environment:create_environment_scripts_only(my_message)
[7.195s] DEBUG:colcon.colcon_core.event_handler.log_command:Invoked command in '/home/ice/polaris-bot/ros2_ws/build/my_message' returned '0': CMAKE_PREFIX_PATH=${CMAKE_PREFIX_PATH}:/home/ice/polaris_ws/install/test_pkg:/opt/ros/humble /usr/bin/cmake --install /home/ice/polaris-bot/ros2_ws/build/my_message
[7.301s] Level 1:colcon.colcon_core.environment:checking '/home/ice/polaris-bot/ros2_ws/install/my_message' for CMake module files
[7.302s] Level 1:colcon.colcon_core.environment:checking '/home/ice/polaris-bot/ros2_ws/install/my_message' for CMake config files
[7.302s] Level 1:colcon.colcon_core.shell:create_environment_hook('my_message', 'cmake_prefix_path')
[7.361s] INFO:colcon.colcon_core.shell:Creating environment hook '/home/ice/polaris-bot/ros2_ws/install/my_message/share/my_message/hook/cmake_prefix_path.ps1'
[7.363s] INFO:colcon.colcon_core.shell:Creating environment descriptor '/home/ice/polaris-bot/ros2_ws/install/my_message/share/my_message/hook/cmake_prefix_path.dsv'
[7.365s] INFO:colcon.colcon_core.shell:Creating environment hook '/home/ice/polaris-bot/ros2_ws/install/my_message/share/my_message/hook/cmake_prefix_path.sh'
[7.421s] Level 1:colcon.colcon_core.environment:checking '/home/ice/polaris-bot/ros2_ws/install/my_message/lib'
[7.421s] Level 1:colcon.colcon_core.shell:create_environment_hook('my_message', 'ld_library_path_lib')
[7.443s] INFO:colcon.colcon_core.shell:Creating environment hook '/home/ice/polaris-bot/ros2_ws/install/my_message/share/my_message/hook/ld_library_path_lib.ps1'
[7.445s] INFO:colcon.colcon_core.shell:Creating environment descriptor '/home/ice/polaris-bot/ros2_ws/install/my_message/share/my_message/hook/ld_library_path_lib.dsv'
[7.461s] INFO:colcon.colcon_core.shell:Creating environment hook '/home/ice/polaris-bot/ros2_ws/install/my_message/share/my_message/hook/ld_library_path_lib.sh'
[7.463s] Level 1:colcon.colcon_core.environment:checking '/home/ice/polaris-bot/ros2_ws/install/my_message/bin'
[7.464s] Level 1:colcon.colcon_core.environment:checking '/home/ice/polaris-bot/ros2_ws/install/my_message/lib/pkgconfig/my_message.pc'
[7.469s] Level 1:colcon.colcon_core.environment:checking '/home/ice/polaris-bot/ros2_ws/install/my_message/lib/python3.10/site-packages'
[7.469s] Level 1:colcon.colcon_core.environment:checking '/home/ice/polaris-bot/ros2_ws/install/my_message/bin'
[7.506s] INFO:colcon.colcon_core.shell:Creating package script '/home/ice/polaris-bot/ros2_ws/install/my_message/share/my_message/package.ps1'
[7.508s] INFO:colcon.colcon_core.shell:Creating package descriptor '/home/ice/polaris-bot/ros2_ws/install/my_message/share/my_message/package.dsv'
[7.509s] INFO:colcon.colcon_core.shell:Creating package script '/home/ice/polaris-bot/ros2_ws/install/my_message/share/my_message/package.sh'
[7.510s] INFO:colcon.colcon_core.shell:Creating package script '/home/ice/polaris-bot/ros2_ws/install/my_message/share/my_message/package.bash'
[7.512s] INFO:colcon.colcon_core.shell:Creating package script '/home/ice/polaris-bot/ros2_ws/install/my_message/share/my_message/package.zsh'
[7.514s] Level 1:colcon.colcon_core.environment:create_file_with_runtime_dependencies(/home/ice/polaris-bot/ros2_ws/install/my_message/share/colcon-core/packages/my_message)
[8.497s] Level 1:colcon.colcon_core.environment:create_environment_scripts_only(my_message)
[8.523s] Level 1:colcon.colcon_core.environment:checking '/home/ice/polaris-bot/ros2_ws/install/my_message' for CMake module files
[8.524s] Level 1:colcon.colcon_core.environment:checking '/home/ice/polaris-bot/ros2_ws/install/my_message' for CMake config files
[8.525s] Level 1:colcon.colcon_core.shell:create_environment_hook('my_message', 'cmake_prefix_path')
[8.563s] INFO:colcon.colcon_core.shell:Creating environment hook '/home/ice/polaris-bot/ros2_ws/install/my_message/share/my_message/hook/cmake_prefix_path.ps1'
[8.566s] INFO:colcon.colcon_core.shell:Creating environment descriptor '/home/ice/polaris-bot/ros2_ws/install/my_message/share/my_message/hook/cmake_prefix_path.dsv'
[8.585s] INFO:colcon.colcon_core.shell:Creating environment hook '/home/ice/polaris-bot/ros2_ws/install/my_message/share/my_message/hook/cmake_prefix_path.sh'
[8.588s] Level 1:colcon.colcon_core.environment:checking '/home/ice/polaris-bot/ros2_ws/install/my_message/lib'
[8.588s] Level 1:colcon.colcon_core.shell:create_environment_hook('my_message', 'ld_library_path_lib')
[8.687s] INFO:colcon.colcon_core.shell:Creating environment hook '/home/ice/polaris-bot/ros2_ws/install/my_message/share/my_message/hook/ld_library_path_lib.ps1'
[8.689s] INFO:colcon.colcon_core.shell:Creating environment descriptor '/home/ice/polaris-bot/ros2_ws/install/my_message/share/my_message/hook/ld_library_path_lib.dsv'
[8.689s] INFO:colcon.colcon_core.shell:Creating environment hook '/home/ice/polaris-bot/ros2_ws/install/my_message/share/my_message/hook/ld_library_path_lib.sh'
[8.690s] Level 1:colcon.colcon_core.environment:checking '/home/ice/polaris-bot/ros2_ws/install/my_message/bin'
[8.690s] Level 1:colcon.colcon_core.environment:checking '/home/ice/polaris-bot/ros2_ws/install/my_message/lib/pkgconfig/my_message.pc'
[8.691s] Level 1:colcon.colcon_core.environment:checking '/home/ice/polaris-bot/ros2_ws/install/my_message/lib/python3.10/site-packages'
[8.691s] Level 1:colcon.colcon_core.environment:checking '/home/ice/polaris-bot/ros2_ws/install/my_message/bin'
[8.720s] INFO:colcon.colcon_core.shell:Creating package script '/home/ice/polaris-bot/ros2_ws/install/my_message/share/my_message/package.ps1'
[8.722s] INFO:colcon.colcon_core.shell:Creating package descriptor '/home/ice/polaris-bot/ros2_ws/install/my_message/share/my_message/package.dsv'
[8.724s] INFO:colcon.colcon_core.shell:Creating package script '/home/ice/polaris-bot/ros2_ws/install/my_message/share/my_message/package.sh'
[8.726s] INFO:colcon.colcon_core.shell:Creating package script '/home/ice/polaris-bot/ros2_ws/install/my_message/share/my_message/package.bash'
[8.727s] INFO:colcon.colcon_core.shell:Creating package script '/home/ice/polaris-bot/ros2_ws/install/my_message/share/my_message/package.zsh'
[8.729s] Level 1:colcon.colcon_core.environment:create_file_with_runtime_dependencies(/home/ice/polaris-bot/ros2_ws/install/my_message/share/colcon-core/packages/my_message)
[8.733s] INFO:colcon.colcon_ros.task.ament_cmake.build:Building ROS package in '/home/ice/polaris-bot/ros2_ws/src/services' with build type 'ament_cmake'
[8.733s] INFO:colcon.colcon_cmake.task.cmake.build:Building CMake package in '/home/ice/polaris-bot/ros2_ws/src/services'
[8.914s] INFO:colcon.colcon_core.shell:Skip shell extension 'powershell' for command environment: Not usable outside of PowerShell
[8.915s] DEBUG:colcon.colcon_core.shell:Skip shell extension 'dsv' for command environment
[9.242s] DEBUG:colcon.colcon_core.event_handler.log_command:Invoking command in '/home/ice/polaris-bot/ros2_ws/build/services': CMAKE_PREFIX_PATH=${CMAKE_PREFIX_PATH}:/home/ice/polaris_ws/install/test_pkg:/opt/ros/humble /usr/bin/cmake /home/ice/polaris-bot/ros2_ws/src/services -DCMAKE_INSTALL_PREFIX=/home/ice/polaris-bot/ros2_ws/install/services
[14.288s] DEBUG:colcon.colcon_core.event_handler.log_command:Invoked command in '/home/ice/polaris-bot/ros2_ws/build/messages' returned '0': CMAKE_PREFIX_PATH=${CMAKE_PREFIX_PATH}:/home/ice/polaris_ws/install/test_pkg:/opt/ros/humble /usr/bin/cmake --build /home/ice/polaris-bot/ros2_ws/build/messages -- -j2 -l2
[14.873s] DEBUG:colcon.colcon_core.event_handler.log_command:Invoking command in '/home/ice/polaris-bot/ros2_ws/build/messages': CMAKE_PREFIX_PATH=${CMAKE_PREFIX_PATH}:/home/ice/polaris_ws/install/test_pkg:/opt/ros/humble /usr/bin/cmake --install /home/ice/polaris-bot/ros2_ws/build/messages
[15.206s] DEBUG:colcon.colcon_core.event_handler.log_command:Invoked command in '/home/ice/polaris-bot/ros2_ws/build/services' returned '0': CMAKE_PREFIX_PATH=${CMAKE_PREFIX_PATH}:/home/ice/polaris_ws/install/test_pkg:/opt/ros/humble /usr/bin/cmake /home/ice/polaris-bot/ros2_ws/src/services -DCMAKE_INSTALL_PREFIX=/home/ice/polaris-bot/ros2_ws/install/services
[15.206s] DEBUG:colcon.colcon_core.event_handler.log_command:Invoking command in '/home/ice/polaris-bot/ros2_ws/build/services': CMAKE_PREFIX_PATH=${CMAKE_PREFIX_PATH}:/home/ice/polaris_ws/install/test_pkg:/opt/ros/humble /usr/bin/cmake --build /home/ice/polaris-bot/ros2_ws/build/services -- -j2 -l2
[15.349s] Level 1:colcon.colcon_core.environment:create_environment_scripts_only(messages)
[15.351s] DEBUG:colcon.colcon_core.event_handler.log_command:Invoked command in '/home/ice/polaris-bot/ros2_ws/build/messages' returned '0': CMAKE_PREFIX_PATH=${CMAKE_PREFIX_PATH}:/home/ice/polaris_ws/install/test_pkg:/opt/ros/humble /usr/bin/cmake --install /home/ice/polaris-bot/ros2_ws/build/messages
[15.418s] Level 1:colcon.colcon_core.environment:checking '/home/ice/polaris-bot/ros2_ws/install/messages' for CMake module files
[15.422s] Level 1:colcon.colcon_core.environment:checking '/home/ice/polaris-bot/ros2_ws/install/messages' for CMake config files
[15.422s] Level 1:colcon.colcon_core.shell:create_environment_hook('messages', 'cmake_prefix_path')
[15.511s] INFO:colcon.colcon_core.shell:Creating environment hook '/home/ice/polaris-bot/ros2_ws/install/messages/share/messages/hook/cmake_prefix_path.ps1'
[15.514s] INFO:colcon.colcon_core.shell:Creating environment descriptor '/home/ice/polaris-bot/ros2_ws/install/messages/share/messages/hook/cmake_prefix_path.dsv'
[15.516s] INFO:colcon.colcon_core.shell:Creating environment hook '/home/ice/polaris-bot/ros2_ws/install/messages/share/messages/hook/cmake_prefix_path.sh'
[15.519s] Level 1:colcon.colcon_core.environment:checking '/home/ice/polaris-bot/ros2_ws/install/messages/lib'
[15.519s] Level 1:colcon.colcon_core.shell:create_environment_hook('messages', 'ld_library_path_lib')
[15.561s] INFO:colcon.colcon_core.shell:Creating environment hook '/home/ice/polaris-bot/ros2_ws/install/messages/share/messages/hook/ld_library_path_lib.ps1'
[15.567s] INFO:colcon.colcon_core.shell:Creating environment descriptor '/home/ice/polaris-bot/ros2_ws/install/messages/share/messages/hook/ld_library_path_lib.dsv'
[15.569s] INFO:colcon.colcon_core.shell:Creating environment hook '/home/ice/polaris-bot/ros2_ws/install/messages/share/messages/hook/ld_library_path_lib.sh'
[15.584s] Level 1:colcon.colcon_core.environment:checking '/home/ice/polaris-bot/ros2_ws/install/messages/bin'
[15.585s] Level 1:colcon.colcon_core.environment:checking '/home/ice/polaris-bot/ros2_ws/install/messages/lib/pkgconfig/messages.pc'
[15.585s] Level 1:colcon.colcon_core.environment:checking '/home/ice/polaris-bot/ros2_ws/install/messages/lib/python3.10/site-packages'
[15.586s] Level 1:colcon.colcon_core.environment:checking '/home/ice/polaris-bot/ros2_ws/install/messages/bin'
[15.622s] INFO:colcon.colcon_core.shell:Creating package script '/home/ice/polaris-bot/ros2_ws/install/messages/share/messages/package.ps1'
[15.624s] INFO:colcon.colcon_core.shell:Creating package descriptor '/home/ice/polaris-bot/ros2_ws/install/messages/share/messages/package.dsv'
[15.625s] INFO:colcon.colcon_core.shell:Creating package script '/home/ice/polaris-bot/ros2_ws/install/messages/share/messages/package.sh'
[15.629s] INFO:colcon.colcon_core.shell:Creating package script '/home/ice/polaris-bot/ros2_ws/install/messages/share/messages/package.bash'
[15.630s] INFO:colcon.colcon_core.shell:Creating package script '/home/ice/polaris-bot/ros2_ws/install/messages/share/messages/package.zsh'
[15.631s] Level 1:colcon.colcon_core.environment:create_file_with_runtime_dependencies(/home/ice/polaris-bot/ros2_ws/install/messages/share/colcon-core/packages/messages)
[16.155s] Level 1:colcon.colcon_core.environment:create_environment_scripts_only(messages)
[16.199s] Level 1:colcon.colcon_core.environment:checking '/home/ice/polaris-bot/ros2_ws/install/messages' for CMake module files
[16.199s] Level 1:colcon.colcon_core.environment:checking '/home/ice/polaris-bot/ros2_ws/install/messages' for CMake config files
[16.200s] Level 1:colcon.colcon_core.shell:create_environment_hook('messages', 'cmake_prefix_path')
[16.270s] INFO:colcon.colcon_core.shell:Creating environment hook '/home/ice/polaris-bot/ros2_ws/install/messages/share/messages/hook/cmake_prefix_path.ps1'
[16.272s] INFO:colcon.colcon_core.shell:Creating environment descriptor '/home/ice/polaris-bot/ros2_ws/install/messages/share/messages/hook/cmake_prefix_path.dsv'
[16.273s] INFO:colcon.colcon_core.shell:Creating environment hook '/home/ice/polaris-bot/ros2_ws/install/messages/share/messages/hook/cmake_prefix_path.sh'
[16.288s] Level 1:colcon.colcon_core.environment:checking '/home/ice/polaris-bot/ros2_ws/install/messages/lib'
[16.288s] Level 1:colcon.colcon_core.shell:create_environment_hook('messages', 'ld_library_path_lib')
[16.347s] INFO:colcon.colcon_core.shell:Creating environment hook '/home/ice/polaris-bot/ros2_ws/install/messages/share/messages/hook/ld_library_path_lib.ps1'
[16.362s] INFO:colcon.colcon_core.shell:Creating environment descriptor '/home/ice/polaris-bot/ros2_ws/install/messages/share/messages/hook/ld_library_path_lib.dsv'
[16.368s] INFO:colcon.colcon_core.shell:Creating environment hook '/home/ice/polaris-bot/ros2_ws/install/messages/share/messages/hook/ld_library_path_lib.sh'
[16.370s] Level 1:colcon.colcon_core.environment:checking '/home/ice/polaris-bot/ros2_ws/install/messages/bin'
[16.370s] Level 1:colcon.colcon_core.environment:checking '/home/ice/polaris-bot/ros2_ws/install/messages/lib/pkgconfig/messages.pc'
[16.370s] Level 1:colcon.colcon_core.environment:checking '/home/ice/polaris-bot/ros2_ws/install/messages/lib/python3.10/site-packages'
[16.371s] Level 1:colcon.colcon_core.environment:checking '/home/ice/polaris-bot/ros2_ws/install/messages/bin'
[16.443s] INFO:colcon.colcon_core.shell:Creating package script '/home/ice/polaris-bot/ros2_ws/install/messages/share/messages/package.ps1'
[16.450s] INFO:colcon.colcon_core.shell:Creating package descriptor '/home/ice/polaris-bot/ros2_ws/install/messages/share/messages/package.dsv'
[16.453s] INFO:colcon.colcon_core.shell:Creating package script '/home/ice/polaris-bot/ros2_ws/install/messages/share/messages/package.sh'
[16.455s] INFO:colcon.colcon_core.shell:Creating package script '/home/ice/polaris-bot/ros2_ws/install/messages/share/messages/package.bash'
[16.457s] INFO:colcon.colcon_core.shell:Creating package script '/home/ice/polaris-bot/ros2_ws/install/messages/share/messages/package.zsh'
[16.459s] Level 1:colcon.colcon_core.environment:create_file_with_runtime_dependencies(/home/ice/polaris-bot/ros2_ws/install/messages/share/colcon-core/packages/messages)
[24.237s] DEBUG:colcon.colcon_core.event_handler.log_command:Invoked command in '/home/ice/polaris-bot/ros2_ws/build/services' returned '0': CMAKE_PREFIX_PATH=${CMAKE_PREFIX_PATH}:/home/ice/polaris_ws/install/test_pkg:/opt/ros/humble /usr/bin/cmake --build /home/ice/polaris-bot/ros2_ws/build/services -- -j2 -l2
[24.558s] DEBUG:colcon.colcon_core.event_handler.log_command:Invoking command in '/home/ice/polaris-bot/ros2_ws/build/services': CMAKE_PREFIX_PATH=${CMAKE_PREFIX_PATH}:/home/ice/polaris_ws/install/test_pkg:/opt/ros/humble /usr/bin/cmake --install /home/ice/polaris-bot/ros2_ws/build/services
[24.814s] Level 1:colcon.colcon_core.environment:create_environment_scripts_only(services)
[24.834s] DEBUG:colcon.colcon_core.event_handler.log_command:Invoked command in '/home/ice/polaris-bot/ros2_ws/build/services' returned '0': CMAKE_PREFIX_PATH=${CMAKE_PREFIX_PATH}:/home/ice/polaris_ws/install/test_pkg:/opt/ros/humble /usr/bin/cmake --install /home/ice/polaris-bot/ros2_ws/build/services
[24.862s] Level 1:colcon.colcon_core.environment:checking '/home/ice/polaris-bot/ros2_ws/install/services' for CMake module files
[24.863s] Level 1:colcon.colcon_core.environment:checking '/home/ice/polaris-bot/ros2_ws/install/services' for CMake config files
[24.864s] Level 1:colcon.colcon_core.shell:create_environment_hook('services', 'cmake_prefix_path')
[24.897s] INFO:colcon.colcon_core.shell:Creating environment hook '/home/ice/polaris-bot/ros2_ws/install/services/share/services/hook/cmake_prefix_path.ps1'
[24.899s] INFO:colcon.colcon_core.shell:Creating environment descriptor '/home/ice/polaris-bot/ros2_ws/install/services/share/services/hook/cmake_prefix_path.dsv'
[24.900s] INFO:colcon.colcon_core.shell:Creating environment hook '/home/ice/polaris-bot/ros2_ws/install/services/share/services/hook/cmake_prefix_path.sh'
[24.902s] Level 1:colcon.colcon_core.environment:checking '/home/ice/polaris-bot/ros2_ws/install/services/lib'
[24.903s] Level 1:colcon.colcon_core.shell:create_environment_hook('services', 'ld_library_path_lib')
[24.959s] INFO:colcon.colcon_core.shell:Creating environment hook '/home/ice/polaris-bot/ros2_ws/install/services/share/services/hook/ld_library_path_lib.ps1'
[24.961s] INFO:colcon.colcon_core.shell:Creating environment descriptor '/home/ice/polaris-bot/ros2_ws/install/services/share/services/hook/ld_library_path_lib.dsv'
[24.962s] INFO:colcon.colcon_core.shell:Creating environment hook '/home/ice/polaris-bot/ros2_ws/install/services/share/services/hook/ld_library_path_lib.sh'
[24.963s] Level 1:colcon.colcon_core.environment:checking '/home/ice/polaris-bot/ros2_ws/install/services/bin'
[24.963s] Level 1:colcon.colcon_core.environment:checking '/home/ice/polaris-bot/ros2_ws/install/services/lib/pkgconfig/services.pc'
[24.964s] Level 1:colcon.colcon_core.environment:checking '/home/ice/polaris-bot/ros2_ws/install/services/lib/python3.10/site-packages'
[24.964s] Level 1:colcon.colcon_core.environment:checking '/home/ice/polaris-bot/ros2_ws/install/services/bin'
[24.988s] INFO:colcon.colcon_core.shell:Creating package script '/home/ice/polaris-bot/ros2_ws/install/services/share/services/package.ps1'
[24.990s] INFO:colcon.colcon_core.shell:Creating package descriptor '/home/ice/polaris-bot/ros2_ws/install/services/share/services/package.dsv'
[24.991s] INFO:colcon.colcon_core.shell:Creating package script '/home/ice/polaris-bot/ros2_ws/install/services/share/services/package.sh'
[24.992s] INFO:colcon.colcon_core.shell:Creating package script '/home/ice/polaris-bot/ros2_ws/install/services/share/services/package.bash'
[24.994s] INFO:colcon.colcon_core.shell:Creating package script '/home/ice/polaris-bot/ros2_ws/install/services/share/services/package.zsh'
[24.995s] Level 1:colcon.colcon_core.environment:create_file_with_runtime_dependencies(/home/ice/polaris-bot/ros2_ws/install/services/share/colcon-core/packages/services)
[25.326s] Level 1:colcon.colcon_core.environment:create_environment_scripts_only(services)
[25.374s] Level 1:colcon.colcon_core.environment:checking '/home/ice/polaris-bot/ros2_ws/install/services' for CMake module files
[25.375s] Level 1:colcon.colcon_core.environment:checking '/home/ice/polaris-bot/ros2_ws/install/services' for CMake config files
[25.376s] Level 1:colcon.colcon_core.shell:create_environment_hook('services', 'cmake_prefix_path')
[25.401s] INFO:colcon.colcon_core.shell:Creating environment hook '/home/ice/polaris-bot/ros2_ws/install/services/share/services/hook/cmake_prefix_path.ps1'
[25.402s] INFO:colcon.colcon_core.shell:Creating environment descriptor '/home/ice/polaris-bot/ros2_ws/install/services/share/services/hook/cmake_prefix_path.dsv'
[25.404s] INFO:colcon.colcon_core.shell:Creating environment hook '/home/ice/polaris-bot/ros2_ws/install/services/share/services/hook/cmake_prefix_path.sh'
[25.409s] Level 1:colcon.colcon_core.environment:checking '/home/ice/polaris-bot/ros2_ws/install/services/lib'
[25.409s] Level 1:colcon.colcon_core.shell:create_environment_hook('services', 'ld_library_path_lib')
[25.434s] INFO:colcon.colcon_core.shell:Creating environment hook '/home/ice/polaris-bot/ros2_ws/install/services/share/services/hook/ld_library_path_lib.ps1'
[25.436s] INFO:colcon.colcon_core.shell:Creating environment descriptor '/home/ice/polaris-bot/ros2_ws/install/services/share/services/hook/ld_library_path_lib.dsv'
[25.437s] INFO:colcon.colcon_core.shell:Creating environment hook '/home/ice/polaris-bot/ros2_ws/install/services/share/services/hook/ld_library_path_lib.sh'
[25.439s] Level 1:colcon.colcon_core.environment:checking '/home/ice/polaris-bot/ros2_ws/install/services/bin'
[25.439s] Level 1:colcon.colcon_core.environment:checking '/home/ice/polaris-bot/ros2_ws/install/services/lib/pkgconfig/services.pc'
[25.440s] Level 1:colcon.colcon_core.environment:checking '/home/ice/polaris-bot/ros2_ws/install/services/lib/python3.10/site-packages'
[25.441s] Level 1:colcon.colcon_core.environment:checking '/home/ice/polaris-bot/ros2_ws/install/services/bin'
[25.467s] INFO:colcon.colcon_core.shell:Creating package script '/home/ice/polaris-bot/ros2_ws/install/services/share/services/package.ps1'
[25.469s] INFO:colcon.colcon_core.shell:Creating package descriptor '/home/ice/polaris-bot/ros2_ws/install/services/share/services/package.dsv'
[25.470s] INFO:colcon.colcon_core.shell:Creating package script '/home/ice/polaris-bot/ros2_ws/install/services/share/services/package.sh'
[25.487s] INFO:colcon.colcon_core.shell:Creating package script '/home/ice/polaris-bot/ros2_ws/install/services/share/services/package.bash'
[25.493s] INFO:colcon.colcon_core.shell:Creating package script '/home/ice/polaris-bot/ros2_ws/install/services/share/services/package.zsh'
[25.495s] Level 1:colcon.colcon_core.environment:create_file_with_runtime_dependencies(/home/ice/polaris-bot/ros2_ws/install/services/share/colcon-core/packages/services)
[25.496s] DEBUG:colcon.colcon_parallel_executor.executor.parallel:closing loop
[25.496s] DEBUG:colcon.colcon_parallel_executor.executor.parallel:loop closed
[25.496s] DEBUG:colcon.colcon_parallel_executor.executor.parallel:run_until_complete finished with '0'
[25.497s] DEBUG:colcon.colcon_core.event_reactor:joining thread
[25.575s] INFO:colcon.colcon_core.plugin_system:Skipping extension 'colcon_notification.desktop_notification.terminal_notifier': Not used on non-Darwin systems
[25.576s] INFO:colcon.colcon_core.plugin_system:Skipping extension 'colcon_notification.desktop_notification.win32': Not used on non-Windows systems
[25.576s] INFO:colcon.colcon_notification.desktop_notification:Sending desktop notification using 'notify2'
[25.602s] DEBUG:colcon.colcon_core.event_reactor:joined thread
[25.628s] INFO:colcon.colcon_core.shell:Creating prefix script '/home/ice/polaris-bot/ros2_ws/install/local_setup.ps1'
[25.631s] INFO:colcon.colcon_core.shell:Creating prefix util module '/home/ice/polaris-bot/ros2_ws/install/_local_setup_util_ps1.py'
[25.634s] INFO:colcon.colcon_core.shell:Creating prefix chain script '/home/ice/polaris-bot/ros2_ws/install/setup.ps1'
[25.660s] INFO:colcon.colcon_core.shell:Creating prefix script '/home/ice/polaris-bot/ros2_ws/install/local_setup.sh'
[25.661s] INFO:colcon.colcon_core.shell:Creating prefix util module '/home/ice/polaris-bot/ros2_ws/install/_local_setup_util_sh.py'
[25.662s] INFO:colcon.colcon_core.shell:Creating prefix chain script '/home/ice/polaris-bot/ros2_ws/install/setup.sh'
[25.697s] INFO:colcon.colcon_core.shell:Creating prefix script '/home/ice/polaris-bot/ros2_ws/install/local_setup.bash'
[25.698s] INFO:colcon.colcon_core.shell:Creating prefix chain script '/home/ice/polaris-bot/ros2_ws/install/setup.bash'
[25.729s] INFO:colcon.colcon_core.shell:Creating prefix script '/home/ice/polaris-bot/ros2_ws/install/local_setup.zsh'
[25.730s] INFO:colcon.colcon_core.shell:Creating prefix chain script '/home/ice/polaris-bot/ros2_ws/install/setup.zsh'
