[0.258s] Invoking command in '/home/ice/microros_ws/firmware/mcu_ws/build/messages': AMENT_PREFIX_PATH=/home/ice/microros_ws/firmware/mcu_ws/install:${AMENT_PREFIX_PATH} CMAKE_PREFIX_PATH=/home/ice/microros_ws/firmware/mcu_ws/install:/home/ice/microros_ws/firmware/dev_ws/install/ament_lint_common:/home/ice/microros_ws/firmware/dev_ws/install/ament_cmake_uncrustify:/home/ice/microros_ws/firmware/dev_ws/install/uncrustify_vendor:/home/ice/microros_ws/firmware/dev_ws/install/ament_cmake_ros:/home/ice/microros_ws/firmware/dev_ws/install/ament_cmake_auto:/home/ice/microros_ws/firmware/dev_ws/install/ament_cmake_gmock:/home/ice/microros_ws/firmware/dev_ws/install/gmock_vendor:/home/ice/microros_ws/firmware/dev_ws/install/ament_cmake_gtest:/home/ice/microros_ws/firmware/dev_ws/install/gtest_vendor:/home/ice/microros_ws/firmware/dev_ws/install/ament_cmake_xmllint:/home/ice/microros_ws/firmware/dev_ws/install/ament_cmake_pyflakes:/home/ice/microros_ws/firmware/dev_ws/install/ament_cmake_pycodestyle:/home/ice/microros_ws/firmware/dev_ws/install/ament_cmake_pep257:/home/ice/microros_ws/firmware/dev_ws/install/ament_cmake_pclint:/home/ice/microros_ws/firmware/dev_ws/install/ament_lint_auto:/home/ice/microros_ws/firmware/dev_ws/install/ament_cmake:/home/ice/microros_ws/firmware/dev_ws/install/ament_cmake_version:/home/ice/microros_ws/firmware/dev_ws/install/ament_cmake_vendor_package:/home/ice/microros_ws/firmware/dev_ws/install/ament_cmake_pytest:/home/ice/microros_ws/firmware/dev_ws/install/ament_cmake_nose:/home/ice/microros_ws/firmware/dev_ws/install/ament_cmake_mypy:/home/ice/microros_ws/firmware/dev_ws/install/ament_cmake_lint_cmake:/home/ice/microros_ws/firmware/dev_ws/install/ament_cmake_google_benchmark:/home/ice/microros_ws/firmware/dev_ws/install/ament_cmake_flake8:/home/ice/microros_ws/firmware/dev_ws/install/ament_cmake_cpplint:/home/ice/microros_ws/firmware/dev_ws/install/ament_cmake_cppcheck:/home/ice/microros_ws/firmware/dev_ws/install/ament_cmake_copyright:/home/ice/microros_ws/firmware/dev_ws/install/ament_cmake_clang_tidy:/home/ice/microros_ws/firmware/dev_ws/install/ament_cmake_clang_format:/home/ice/microros_ws/firmware/dev_ws/install/ament_cmake_test:/home/ice/microros_ws/firmware/dev_ws/install/ament_cmake_target_dependencies:/home/ice/microros_ws/firmware/dev_ws/install/ament_cmake_python:/home/ice/microros_ws/firmware/dev_ws/install/ament_cmake_export_dependencies:/home/ice/microros_ws/firmware/dev_ws/install/ament_cmake_libraries:/home/ice/microros_ws/firmware/dev_ws/install/ament_cmake_include_directories:/home/ice/microros_ws/firmware/dev_ws/install/ament_cmake_gen_version_h:/home/ice/microros_ws/firmware/dev_ws/install/ament_cmake_export_targets:/home/ice/microros_ws/firmware/dev_ws/install/ament_cmake_export_link_flags:/home/ice/microros_ws/firmware/dev_ws/install/ament_cmake_export_interfaces:/home/ice/microros_ws/firmware/dev_ws/install/ament_cmake_export_libraries:/home/ice/microros_ws/firmware/dev_ws/install/ament_cmake_export_include_directories:/home/ice/microros_ws/firmware/dev_ws/install/ament_cmake_export_definitions:/home/ice/microros_ws/firmware/dev_ws/install/ament_cmake_core:/home/ice/microros_ws/firmware/dev_ws/install/ament_index_cpp:/home/ice/microros_ws/firmware/dev_ws/install/ament_uncrustify:/home/ice/microros_ws/firmware/dev_ws/install/domain_coordinator:/home/ice/microros_ws/firmware/dev_ws/install/ament_xmllint:/home/ice/microros_ws/firmware/dev_ws/install/ament_pyflakes:/home/ice/microros_ws/firmware/dev_ws/install/ament_pycodestyle:/home/ice/microros_ws/firmware/dev_ws/install/ament_pep257:/home/ice/microros_ws/firmware/dev_ws/install/ament_pclint:/home/ice/microros_ws/firmware/dev_ws/install/ament_package:/home/ice/microros_ws/firmware/dev_ws/install/ament_mypy:/home/ice/microros_ws/firmware/dev_ws/install/ament_lint_cmake:/home/ice/microros_ws/firmware/dev_ws/install/ament_flake8:/home/ice/microros_ws/firmware/dev_ws/install/ament_copyright:/home/ice/microros_ws/firmware/dev_ws/install/ament_lint:/home/ice/microros_ws/firmware/dev_ws/install/ament_index_python:/home/ice/microros_ws/firmware/dev_ws/install/ament_cpplint:/home/ice/microros_ws/firmware/dev_ws/install/ament_cppcheck:/home/ice/microros_ws/firmware/dev_ws/install/ament_clang_tidy:/home/ice/microros_ws/firmware/dev_ws/install/ament_clang_format LD_LIBRARY_PATH=/home/ice/microros_ws/firmware/mcu_ws/install/lib:${LD_LIBRARY_PATH} PATH=/home/ice/microros_ws/firmware/mcu_ws/install/bin:${PATH} PYTHONPATH=/home/ice/microros_ws/firmware/mcu_ws/install/lib/python3.10/site-packages:${PYTHONPATH} /usr/bin/cmake --build /home/ice/microros_ws/firmware/mcu_ws/build/messages -- -j2 -l2
[0.339s] gmake[4]: Entering directory '/home/ice/microros_ws/firmware/mcu_ws/build/messages'
[0.340s] /usr/bin/cmake -S/home/ice/microros_ws/firmware/mcu_ws/messages -B/home/ice/microros_ws/firmware/mcu_ws/build/messages --check-build-system CMakeFiles/Makefile.cmake 0
[0.401s] Re-run cmake file: Makefile older than: /home/ice/microros_ws/firmware/freertos_apps/microros_esp32_extensions/esp32_toolchain.cmake
[0.424s] -- Found ament_cmake: 1.3.7 (/home/ice/microros_ws/firmware/dev_ws/install/ament_cmake/share/ament_cmake/cmake)
[0.925s] -- Found rosidl_default_generators: 1.2.0 (/home/ice/microros_ws/firmware/mcu_ws/install/share/rosidl_default_generators/cmake)
[0.961s] -- Using all available rosidl_typesupport_c: rosidl_typesupport_introspection_c;rosidl_typesupport_microxrcedds_c
[0.967s] -- Found rosidl_adapter: 3.1.5 (/home/ice/microros_ws/firmware/mcu_ws/install/share/rosidl_adapter/cmake)
[0.987s] [33mCMake Warning at /home/ice/microros_ws/firmware/mcu_ws/install/share/rcutils/cmake/ament_cmake_export_libraries-extras.cmake:116 (message):
[0.988s]   Package 'rcutils' exports library 'dl' which couldn't be found
[0.988s] Call Stack (most recent call first):
[0.988s]   /home/ice/microros_ws/firmware/mcu_ws/install/share/rcutils/cmake/rcutilsConfig.cmake:41 (include)
[0.988s]   /home/ice/microros_ws/firmware/mcu_ws/install/share/rosidl_runtime_c/cmake/ament_cmake_export_dependencies-extras.cmake:21 (find_package)
[0.988s]   /home/ice/microros_ws/firmware/mcu_ws/install/share/rosidl_runtime_c/cmake/rosidl_runtime_cConfig.cmake:41 (include)
[0.988s]   /home/ice/microros_ws/firmware/mcu_ws/install/share/rosidl_typesupport_introspection_c/cmake/ament_cmake_export_dependencies-extras.cmake:21 (find_package)
[0.988s]   /home/ice/microros_ws/firmware/mcu_ws/install/share/rosidl_typesupport_introspection_c/cmake/rosidl_typesupport_introspection_cConfig.cmake:41 (include)
[0.988s]   /home/ice/microros_ws/firmware/mcu_ws/install/share/rosidl_typesupport_c/cmake/rosidl_typesupport_c-extras.cmake:13 (find_package)
[0.988s]   /home/ice/microros_ws/firmware/mcu_ws/install/share/rosidl_typesupport_c/cmake/rosidl_typesupport_cConfig.cmake:41 (include)
[0.988s]   /home/ice/microros_ws/firmware/mcu_ws/install/share/rosidl_default_generators/cmake/rosidl_default_generators-extras.cmake:21 (find_package)
[0.989s]   /home/ice/microros_ws/firmware/mcu_ws/install/share/rosidl_default_generators/cmake/rosidl_default_generatorsConfig.cmake:41 (include)
[0.989s]   CMakeLists.txt:10 (find_package)
[0.989s] 
[0.989s] [0m
[1.856s] -- Found ament_cmake_ros: 0.10.0 (/home/ice/microros_ws/firmware/dev_ws/install/ament_cmake_ros/share/ament_cmake_ros/cmake)
[2.123s] -- Using all available rosidl_typesupport_c: rosidl_typesupport_introspection_c;rosidl_typesupport_microxrcedds_c
[2.222s] -- Configuring done
[2.360s] -- Generating done
[2.387s] -- Build files have been written to: /home/ice/microros_ws/firmware/mcu_ws/build/messages
[2.393s] /usr/bin/cmake -E cmake_progress_start /home/ice/microros_ws/firmware/mcu_ws/build/messages/CMakeFiles /home/ice/microros_ws/firmware/mcu_ws/build/messages//CMakeFiles/progress.marks
[2.408s] /usr/bin/gmake  -f CMakeFiles/Makefile2 all
[2.412s] gmake[5]: Entering directory '/home/ice/microros_ws/firmware/mcu_ws/build/messages'
[2.413s] /usr/bin/gmake  -f CMakeFiles/messages__rosidl_generator_c.dir/build.make CMakeFiles/messages__rosidl_generator_c.dir/depend
[2.419s] gmake[6]: Entering directory '/home/ice/microros_ws/firmware/mcu_ws/build/messages'
[2.419s] cd /home/ice/microros_ws/firmware/mcu_ws/build/messages && /usr/bin/cmake -E cmake_depends "Unix Makefiles" /home/ice/microros_ws/firmware/mcu_ws/messages /home/ice/microros_ws/firmware/mcu_ws/messages /home/ice/microros_ws/firmware/mcu_ws/build/messages /home/ice/microros_ws/firmware/mcu_ws/build/messages /home/ice/microros_ws/firmware/mcu_ws/build/messages/CMakeFiles/messages__rosidl_generator_c.dir/DependInfo.cmake --color=
[2.436s] Dependencies file "CMakeFiles/messages__rosidl_generator_c.dir/rosidl_generator_c/messages/msg/detail/robot_motor_speed__functions.c.obj.d" is newer than depends file "/home/ice/microros_ws/firmware/mcu_ws/build/messages/CMakeFiles/messages__rosidl_generator_c.dir/compiler_depend.internal".
[2.437s] [35m[1mConsolidate compiler generated dependencies of target messages__rosidl_generator_c[0m
[2.441s] gmake[6]: Leaving directory '/home/ice/microros_ws/firmware/mcu_ws/build/messages'
[2.441s] /usr/bin/gmake  -f CMakeFiles/messages__rosidl_generator_c.dir/build.make CMakeFiles/messages__rosidl_generator_c.dir/build
[2.445s] gmake[6]: Entering directory '/home/ice/microros_ws/firmware/mcu_ws/build/messages'
[2.462s] [  8%] [32mBuilding C object CMakeFiles/messages__rosidl_generator_c.dir/rosidl_generator_c/messages/msg/detail/robot_motor_speed__functions.c.obj[0m
[2.465s] /home/ice/microros_ws/firmware/toolchain/espressif/tools/xtensa-esp32-elf/esp-2020r2-8.2.0/xtensa-esp32-elf/bin/xtensa-esp32-elf-gcc -DLWIP_IPV4 -DLWIP_IPV6 -DROS_PACKAGE_NAME=\"messages\" -I/home/ice/microros_ws/firmware/freertos_apps/microros_esp32_extensions/build/config -I/home/ice/microros_ws/firmware/toolchain/esp-idf/components/newlib/platform_include -I/home/ice/microros_ws/firmware/toolchain/esp-idf/components/protocomm/include -I/home/ice/microros_ws/firmware/toolchain/esp-idf/components/esp_rom/include -I/home/ice/microros_ws/firmware/toolchain/esp-idf/components/driver/include -I/home/ice/microros_ws/firmware/toolchain/esp-idf/components/wear_levelling/include -I/home/ice/microros_ws/firmware/toolchain/esp-idf/components/vfs/include -I/home/ice/microros_ws/firmware/toolchain/esp-idf/components/log/include -I/home/ice/microros_ws/firmware/toolchain/esp-idf/components/freertos/include -I/home/ice/microros_ws/firmware/toolchain/esp-idf/components/wifi_provisioning/include -I/home/ice/microros_ws/firmware/toolchain/esp-idf/components/pthread/include -I/home/ice/microros_ws/firmware/toolchain/esp-idf/components/libsodium/libsodium/src/libsodium/include -I/home/ice/microros_ws/firmware/toolchain/esp-idf/components/coap/port/include -I/home/ice/microros_ws/firmware/toolchain/esp-idf/components/coap/libcoap/include -I/home/ice/microros_ws/firmware/toolchain/esp-idf/components/tcp_transport/include -I/home/ice/microros_ws/firmware/toolchain/esp-idf/components/unity/include -I/home/ice/microros_ws/firmware/toolchain/esp-idf/components/esp32/include -I/home/ice/microros_ws/firmware/toolchain/esp-idf/components/asio/port/include -I/home/ice/microros_ws/firmware/toolchain/esp-idf/components/asio/asio/asio/include -I/home/ice/microros_ws/firmware/toolchain/esp-idf/components/app_update/include -I/home/ice/microros_ws/firmware/toolchain/esp-idf/components/esp_ringbuf/include -I/home/ice/microros_ws/firmware/toolchain/esp-idf/components/soc/esp32/include -I/home/ice/microros_ws/firmware/toolchain/esp-idf/components/soc/include -I/home/ice/microros_ws/firmware/toolchain/esp-idf/components/efuse/test/include -I/home/ice/microros_ws/firmware/toolchain/esp-idf/components/efuse/esp32/include -I/home/ice/microros_ws/firmware/toolchain/esp-idf/components/efuse/include -I/home/ice/microros_ws/firmware/toolchain/esp-idf/components/mbedtls/port/include -I/home/ice/microros_ws/firmware/toolchain/esp-idf/components/mbedtls/mbedtls/include -I/home/ice/microros_ws/firmware/toolchain/esp-idf/components/xtensa/esp32/include -I/home/ice/microros_ws/firmware/toolchain/esp-idf/components/xtensa/include -I/home/ice/microros_ws/firmware/toolchain/esp-idf/components/app_trace/include -I/home/ice/microros_ws/firmware/toolchain/esp-idf/components/nvs_flash/include -I/home/ice/microros_ws/firmware/toolchain/esp-idf/components/jsmn/include -I/home/ice/microros_ws/firmware/toolchain/esp-idf/components/esp_eth/include -I/home/ice/microros_ws/firmware/toolchain/esp-idf/components/spiffs/include -I/home/ice/microros_ws/firmware/toolchain/esp-idf/components/ulp/include -I/home/ice/microros_ws/firmware/toolchain/esp-idf/components/mdns/include -I/home/ice/microros_ws/firmware/toolchain/esp-idf/components/freemodbus/modbus/include -I/home/ice/microros_ws/firmware/toolchain/esp-idf/components/freemodbus/common/include -I/home/ice/microros_ws/firmware/toolchain/esp-idf/components/esp_event/include -I/home/ice/microros_ws/firmware/toolchain/esp-idf/components/expat/port/include -I/home/ice/microros_ws/firmware/toolchain/esp-idf/components/bootloader_support/include -I/home/ice/microros_ws/firmware/toolchain/esp-idf/components/heap/include -I/home/ice/microros_ws/firmware/toolchain/esp-idf/components/wpa_supplicant/port/include -I/home/ice/microros_ws/firmware/toolchain/esp-idf/components/wpa_supplicant/include -I/home/ice/microros_ws/firmware/toolchain/esp-idf/components/tcpip_adapter/include -I/home/ice/microros_ws/firmware/toolchain/esp-idf/components/openssl/include -I/home/ice/microros_ws/firmware/toolchain/esp-idf/components/sdmmc/include -I/home/ice/microros_ws/firmware/toolchain/esp-idf/components/esp_local_ctrl/include -I/home/ice/microros_ws/firmware/toolchain/esp-idf/components/esp_common/include -I/home/ice/microros_ws/firmware/toolchain/esp-idf/components/lwip/lwip/src/include/lwip/apps -I/home/ice/microros_ws/firmware/toolchain/esp-idf/components/lwip/lwip/src/include/compat/posix -I/home/ice/microros_ws/firmware/toolchain/esp-idf/components/lwip/lwip/src/include -I/home/ice/microros_ws/firmware/toolchain/esp-idf/components/lwip/port/esp32/include -I/home/ice/microros_ws/firmware/mcu_ws/build/messages/rosidl_generator_c -isystem /home/ice/microros_ws/firmware/mcu_ws/install/include/rosidl_runtime_c -isystem /home/ice/microros_ws/firmware/mcu_ws/install/include/rcutils -isystem /home/ice/microros_ws/firmware/mcu_ws/install/include/rosidl_typesupport_interface -mlongcalls -Wno-frame-address -mlongcalls -Wno-frame-address -g -Wall -std=gnu11 -MD -MT CMakeFiles/messages__rosidl_generator_c.dir/rosidl_generator_c/messages/msg/detail/robot_motor_speed__functions.c.obj -MF CMakeFiles/messages__rosidl_generator_c.dir/rosidl_generator_c/messages/msg/detail/robot_motor_speed__functions.c.obj.d -o CMakeFiles/messages__rosidl_generator_c.dir/rosidl_generator_c/messages/msg/detail/robot_motor_speed__functions.c.obj -c /home/ice/microros_ws/firmware/mcu_ws/build/messages/rosidl_generator_c/messages/msg/detail/robot_motor_speed__functions.c
[2.583s] [ 16%] [32m[1mLinking C static library libmessages__rosidl_generator_c.a[0m
[2.583s] /usr/bin/cmake -P CMakeFiles/messages__rosidl_generator_c.dir/cmake_clean_target.cmake
[2.599s] /usr/bin/cmake -E cmake_link_script CMakeFiles/messages__rosidl_generator_c.dir/link.txt --verbose=1
[2.616s] /home/ice/microros_ws/firmware/toolchain/espressif/tools/xtensa-esp32-elf/esp-2020r2-8.2.0/xtensa-esp32-elf/bin/xtensa-esp32-elf-ar qc libmessages__rosidl_generator_c.a CMakeFiles/messages__rosidl_generator_c.dir/rosidl_generator_c/messages/msg/detail/robot_motor_speed__functions.c.obj
[2.624s] /home/ice/microros_ws/firmware/toolchain/espressif/tools/xtensa-esp32-elf/esp-2020r2-8.2.0/xtensa-esp32-elf/bin/xtensa-esp32-elf-ranlib libmessages__rosidl_generator_c.a
[2.631s] gmake[6]: Leaving directory '/home/ice/microros_ws/firmware/mcu_ws/build/messages'
[2.650s] [ 25%] Built target messages__rosidl_generator_c
[2.651s] /usr/bin/gmake  -f CMakeFiles/messages__rosidl_typesupport_microxrcedds_c.dir/build.make CMakeFiles/messages__rosidl_typesupport_microxrcedds_c.dir/depend
[2.655s] gmake[6]: Entering directory '/home/ice/microros_ws/firmware/mcu_ws/build/messages'
[2.656s] cd /home/ice/microros_ws/firmware/mcu_ws/build/messages && /usr/bin/cmake -E cmake_depends "Unix Makefiles" /home/ice/microros_ws/firmware/mcu_ws/messages /home/ice/microros_ws/firmware/mcu_ws/messages /home/ice/microros_ws/firmware/mcu_ws/build/messages /home/ice/microros_ws/firmware/mcu_ws/build/messages /home/ice/microros_ws/firmware/mcu_ws/build/messages/CMakeFiles/messages__rosidl_typesupport_microxrcedds_c.dir/DependInfo.cmake --color=
[2.685s] Dependencies file "CMakeFiles/messages__rosidl_typesupport_microxrcedds_c.dir/rosidl_typesupport_microxrcedds_c/messages/msg/detail/microxrcedds/robot_motor_speed__type_support_c.c.obj.d" is newer than depends file "/home/ice/microros_ws/firmware/mcu_ws/build/messages/CMakeFiles/messages__rosidl_typesupport_microxrcedds_c.dir/compiler_depend.internal".
[2.685s] [35m[1mConsolidate compiler generated dependencies of target messages__rosidl_typesupport_microxrcedds_c[0m
[2.693s] gmake[6]: Leaving directory '/home/ice/microros_ws/firmware/mcu_ws/build/messages'
[2.693s] /usr/bin/gmake  -f CMakeFiles/messages__rosidl_typesupport_microxrcedds_c.dir/build.make CMakeFiles/messages__rosidl_typesupport_microxrcedds_c.dir/build
[2.705s] gmake[6]: Entering directory '/home/ice/microros_ws/firmware/mcu_ws/build/messages'
[2.705s] gmake[6]: Nothing to be done for 'CMakeFiles/messages__rosidl_typesupport_microxrcedds_c.dir/build'.
[2.705s] gmake[6]: Leaving directory '/home/ice/microros_ws/firmware/mcu_ws/build/messages'
[2.725s] [ 50%] Built target messages__rosidl_typesupport_microxrcedds_c
[2.727s] /usr/bin/gmake  -f CMakeFiles/messages__rosidl_typesupport_c.dir/build.make CMakeFiles/messages__rosidl_typesupport_c.dir/depend
[2.732s] gmake[6]: Entering directory '/home/ice/microros_ws/firmware/mcu_ws/build/messages'
[2.732s] cd /home/ice/microros_ws/firmware/mcu_ws/build/messages && /usr/bin/cmake -E cmake_depends "Unix Makefiles" /home/ice/microros_ws/firmware/mcu_ws/messages /home/ice/microros_ws/firmware/mcu_ws/messages /home/ice/microros_ws/firmware/mcu_ws/build/messages /home/ice/microros_ws/firmware/mcu_ws/build/messages /home/ice/microros_ws/firmware/mcu_ws/build/messages/CMakeFiles/messages__rosidl_typesupport_c.dir/DependInfo.cmake --color=
[2.758s] Dependencies file "CMakeFiles/messages__rosidl_typesupport_c.dir/rosidl_typesupport_c/messages/msg/robot_motor_speed__type_support.cpp.obj.d" is newer than depends file "/home/ice/microros_ws/firmware/mcu_ws/build/messages/CMakeFiles/messages__rosidl_typesupport_c.dir/compiler_depend.internal".
[2.760s] [35m[1mConsolidate compiler generated dependencies of target messages__rosidl_typesupport_c[0m
[2.765s] gmake[6]: Leaving directory '/home/ice/microros_ws/firmware/mcu_ws/build/messages'
[2.765s] /usr/bin/gmake  -f CMakeFiles/messages__rosidl_typesupport_c.dir/build.make CMakeFiles/messages__rosidl_typesupport_c.dir/build
[2.770s] gmake[6]: Entering directory '/home/ice/microros_ws/firmware/mcu_ws/build/messages'
[2.771s] gmake[6]: Nothing to be done for 'CMakeFiles/messages__rosidl_typesupport_c.dir/build'.
[2.771s] gmake[6]: Leaving directory '/home/ice/microros_ws/firmware/mcu_ws/build/messages'
[2.797s] [ 75%] Built target messages__rosidl_typesupport_c
[2.797s] /usr/bin/gmake  -f CMakeFiles/messages__rosidl_typesupport_introspection_c.dir/build.make CMakeFiles/messages__rosidl_typesupport_introspection_c.dir/depend
[2.805s] gmake[6]: Entering directory '/home/ice/microros_ws/firmware/mcu_ws/build/messages'
[2.805s] cd /home/ice/microros_ws/firmware/mcu_ws/build/messages && /usr/bin/cmake -E cmake_depends "Unix Makefiles" /home/ice/microros_ws/firmware/mcu_ws/messages /home/ice/microros_ws/firmware/mcu_ws/messages /home/ice/microros_ws/firmware/mcu_ws/build/messages /home/ice/microros_ws/firmware/mcu_ws/build/messages /home/ice/microros_ws/firmware/mcu_ws/build/messages/CMakeFiles/messages__rosidl_typesupport_introspection_c.dir/DependInfo.cmake --color=
[2.842s] Dependencies file "CMakeFiles/messages__rosidl_typesupport_introspection_c.dir/rosidl_typesupport_introspection_c/messages/msg/detail/robot_motor_speed__type_support.c.obj.d" is newer than depends file "/home/ice/microros_ws/firmware/mcu_ws/build/messages/CMakeFiles/messages__rosidl_typesupport_introspection_c.dir/compiler_depend.internal".
[2.845s] [35m[1mConsolidate compiler generated dependencies of target messages__rosidl_typesupport_introspection_c[0m
[2.849s] gmake[6]: Leaving directory '/home/ice/microros_ws/firmware/mcu_ws/build/messages'
[2.850s] /usr/bin/gmake  -f CMakeFiles/messages__rosidl_typesupport_introspection_c.dir/build.make CMakeFiles/messages__rosidl_typesupport_introspection_c.dir/build
[2.857s] gmake[6]: Entering directory '/home/ice/microros_ws/firmware/mcu_ws/build/messages'
[2.858s] gmake[6]: Nothing to be done for 'CMakeFiles/messages__rosidl_typesupport_introspection_c.dir/build'.
[2.858s] gmake[6]: Leaving directory '/home/ice/microros_ws/firmware/mcu_ws/build/messages'
[2.879s] [100%] Built target messages__rosidl_typesupport_introspection_c
[2.882s] /usr/bin/gmake  -f CMakeFiles/messages.dir/build.make CMakeFiles/messages.dir/depend
[2.887s] gmake[6]: Entering directory '/home/ice/microros_ws/firmware/mcu_ws/build/messages'
[2.887s] cd /home/ice/microros_ws/firmware/mcu_ws/build/messages && /usr/bin/cmake -E cmake_depends "Unix Makefiles" /home/ice/microros_ws/firmware/mcu_ws/messages /home/ice/microros_ws/firmware/mcu_ws/messages /home/ice/microros_ws/firmware/mcu_ws/build/messages /home/ice/microros_ws/firmware/mcu_ws/build/messages /home/ice/microros_ws/firmware/mcu_ws/build/messages/CMakeFiles/messages.dir/DependInfo.cmake --color=
[2.919s] gmake[6]: Leaving directory '/home/ice/microros_ws/firmware/mcu_ws/build/messages'
[2.920s] /usr/bin/gmake  -f CMakeFiles/messages.dir/build.make CMakeFiles/messages.dir/build
[2.924s] gmake[6]: Entering directory '/home/ice/microros_ws/firmware/mcu_ws/build/messages'
[2.925s] gmake[6]: Nothing to be done for 'CMakeFiles/messages.dir/build'.
[2.925s] gmake[6]: Leaving directory '/home/ice/microros_ws/firmware/mcu_ws/build/messages'
[2.945s] [100%] Built target messages
[2.947s] gmake[5]: Leaving directory '/home/ice/microros_ws/firmware/mcu_ws/build/messages'
[2.948s] /usr/bin/cmake -E cmake_progress_start /home/ice/microros_ws/firmware/mcu_ws/build/messages/CMakeFiles 0
[2.965s] gmake[4]: Leaving directory '/home/ice/microros_ws/firmware/mcu_ws/build/messages'
[2.971s] Invoked command in '/home/ice/microros_ws/firmware/mcu_ws/build/messages' returned '0': AMENT_PREFIX_PATH=/home/ice/microros_ws/firmware/mcu_ws/install:${AMENT_PREFIX_PATH} CMAKE_PREFIX_PATH=/home/ice/microros_ws/firmware/mcu_ws/install:/home/ice/microros_ws/firmware/dev_ws/install/ament_lint_common:/home/ice/microros_ws/firmware/dev_ws/install/ament_cmake_uncrustify:/home/ice/microros_ws/firmware/dev_ws/install/uncrustify_vendor:/home/ice/microros_ws/firmware/dev_ws/install/ament_cmake_ros:/home/ice/microros_ws/firmware/dev_ws/install/ament_cmake_auto:/home/ice/microros_ws/firmware/dev_ws/install/ament_cmake_gmock:/home/ice/microros_ws/firmware/dev_ws/install/gmock_vendor:/home/ice/microros_ws/firmware/dev_ws/install/ament_cmake_gtest:/home/ice/microros_ws/firmware/dev_ws/install/gtest_vendor:/home/ice/microros_ws/firmware/dev_ws/install/ament_cmake_xmllint:/home/ice/microros_ws/firmware/dev_ws/install/ament_cmake_pyflakes:/home/ice/microros_ws/firmware/dev_ws/install/ament_cmake_pycodestyle:/home/ice/microros_ws/firmware/dev_ws/install/ament_cmake_pep257:/home/ice/microros_ws/firmware/dev_ws/install/ament_cmake_pclint:/home/ice/microros_ws/firmware/dev_ws/install/ament_lint_auto:/home/ice/microros_ws/firmware/dev_ws/install/ament_cmake:/home/ice/microros_ws/firmware/dev_ws/install/ament_cmake_version:/home/ice/microros_ws/firmware/dev_ws/install/ament_cmake_vendor_package:/home/ice/microros_ws/firmware/dev_ws/install/ament_cmake_pytest:/home/ice/microros_ws/firmware/dev_ws/install/ament_cmake_nose:/home/ice/microros_ws/firmware/dev_ws/install/ament_cmake_mypy:/home/ice/microros_ws/firmware/dev_ws/install/ament_cmake_lint_cmake:/home/ice/microros_ws/firmware/dev_ws/install/ament_cmake_google_benchmark:/home/ice/microros_ws/firmware/dev_ws/install/ament_cmake_flake8:/home/ice/microros_ws/firmware/dev_ws/install/ament_cmake_cpplint:/home/ice/microros_ws/firmware/dev_ws/install/ament_cmake_cppcheck:/home/ice/microros_ws/firmware/dev_ws/install/ament_cmake_copyright:/home/ice/microros_ws/firmware/dev_ws/install/ament_cmake_clang_tidy:/home/ice/microros_ws/firmware/dev_ws/install/ament_cmake_clang_format:/home/ice/microros_ws/firmware/dev_ws/install/ament_cmake_test:/home/ice/microros_ws/firmware/dev_ws/install/ament_cmake_target_dependencies:/home/ice/microros_ws/firmware/dev_ws/install/ament_cmake_python:/home/ice/microros_ws/firmware/dev_ws/install/ament_cmake_export_dependencies:/home/ice/microros_ws/firmware/dev_ws/install/ament_cmake_libraries:/home/ice/microros_ws/firmware/dev_ws/install/ament_cmake_include_directories:/home/ice/microros_ws/firmware/dev_ws/install/ament_cmake_gen_version_h:/home/ice/microros_ws/firmware/dev_ws/install/ament_cmake_export_targets:/home/ice/microros_ws/firmware/dev_ws/install/ament_cmake_export_link_flags:/home/ice/microros_ws/firmware/dev_ws/install/ament_cmake_export_interfaces:/home/ice/microros_ws/firmware/dev_ws/install/ament_cmake_export_libraries:/home/ice/microros_ws/firmware/dev_ws/install/ament_cmake_export_include_directories:/home/ice/microros_ws/firmware/dev_ws/install/ament_cmake_export_definitions:/home/ice/microros_ws/firmware/dev_ws/install/ament_cmake_core:/home/ice/microros_ws/firmware/dev_ws/install/ament_index_cpp:/home/ice/microros_ws/firmware/dev_ws/install/ament_uncrustify:/home/ice/microros_ws/firmware/dev_ws/install/domain_coordinator:/home/ice/microros_ws/firmware/dev_ws/install/ament_xmllint:/home/ice/microros_ws/firmware/dev_ws/install/ament_pyflakes:/home/ice/microros_ws/firmware/dev_ws/install/ament_pycodestyle:/home/ice/microros_ws/firmware/dev_ws/install/ament_pep257:/home/ice/microros_ws/firmware/dev_ws/install/ament_pclint:/home/ice/microros_ws/firmware/dev_ws/install/ament_package:/home/ice/microros_ws/firmware/dev_ws/install/ament_mypy:/home/ice/microros_ws/firmware/dev_ws/install/ament_lint_cmake:/home/ice/microros_ws/firmware/dev_ws/install/ament_flake8:/home/ice/microros_ws/firmware/dev_ws/install/ament_copyright:/home/ice/microros_ws/firmware/dev_ws/install/ament_lint:/home/ice/microros_ws/firmware/dev_ws/install/ament_index_python:/home/ice/microros_ws/firmware/dev_ws/install/ament_cpplint:/home/ice/microros_ws/firmware/dev_ws/install/ament_cppcheck:/home/ice/microros_ws/firmware/dev_ws/install/ament_clang_tidy:/home/ice/microros_ws/firmware/dev_ws/install/ament_clang_format LD_LIBRARY_PATH=/home/ice/microros_ws/firmware/mcu_ws/install/lib:${LD_LIBRARY_PATH} PATH=/home/ice/microros_ws/firmware/mcu_ws/install/bin:${PATH} PYTHONPATH=/home/ice/microros_ws/firmware/mcu_ws/install/lib/python3.10/site-packages:${PYTHONPATH} /usr/bin/cmake --build /home/ice/microros_ws/firmware/mcu_ws/build/messages -- -j2 -l2
[3.156s] Invoking command in '/home/ice/microros_ws/firmware/mcu_ws/build/messages': AMENT_PREFIX_PATH=/home/ice/microros_ws/firmware/mcu_ws/install:${AMENT_PREFIX_PATH} CMAKE_PREFIX_PATH=/home/ice/microros_ws/firmware/mcu_ws/install:/home/ice/microros_ws/firmware/dev_ws/install/ament_lint_common:/home/ice/microros_ws/firmware/dev_ws/install/ament_cmake_uncrustify:/home/ice/microros_ws/firmware/dev_ws/install/uncrustify_vendor:/home/ice/microros_ws/firmware/dev_ws/install/ament_cmake_ros:/home/ice/microros_ws/firmware/dev_ws/install/ament_cmake_auto:/home/ice/microros_ws/firmware/dev_ws/install/ament_cmake_gmock:/home/ice/microros_ws/firmware/dev_ws/install/gmock_vendor:/home/ice/microros_ws/firmware/dev_ws/install/ament_cmake_gtest:/home/ice/microros_ws/firmware/dev_ws/install/gtest_vendor:/home/ice/microros_ws/firmware/dev_ws/install/ament_cmake_xmllint:/home/ice/microros_ws/firmware/dev_ws/install/ament_cmake_pyflakes:/home/ice/microros_ws/firmware/dev_ws/install/ament_cmake_pycodestyle:/home/ice/microros_ws/firmware/dev_ws/install/ament_cmake_pep257:/home/ice/microros_ws/firmware/dev_ws/install/ament_cmake_pclint:/home/ice/microros_ws/firmware/dev_ws/install/ament_lint_auto:/home/ice/microros_ws/firmware/dev_ws/install/ament_cmake:/home/ice/microros_ws/firmware/dev_ws/install/ament_cmake_version:/home/ice/microros_ws/firmware/dev_ws/install/ament_cmake_vendor_package:/home/ice/microros_ws/firmware/dev_ws/install/ament_cmake_pytest:/home/ice/microros_ws/firmware/dev_ws/install/ament_cmake_nose:/home/ice/microros_ws/firmware/dev_ws/install/ament_cmake_mypy:/home/ice/microros_ws/firmware/dev_ws/install/ament_cmake_lint_cmake:/home/ice/microros_ws/firmware/dev_ws/install/ament_cmake_google_benchmark:/home/ice/microros_ws/firmware/dev_ws/install/ament_cmake_flake8:/home/ice/microros_ws/firmware/dev_ws/install/ament_cmake_cpplint:/home/ice/microros_ws/firmware/dev_ws/install/ament_cmake_cppcheck:/home/ice/microros_ws/firmware/dev_ws/install/ament_cmake_copyright:/home/ice/microros_ws/firmware/dev_ws/install/ament_cmake_clang_tidy:/home/ice/microros_ws/firmware/dev_ws/install/ament_cmake_clang_format:/home/ice/microros_ws/firmware/dev_ws/install/ament_cmake_test:/home/ice/microros_ws/firmware/dev_ws/install/ament_cmake_target_dependencies:/home/ice/microros_ws/firmware/dev_ws/install/ament_cmake_python:/home/ice/microros_ws/firmware/dev_ws/install/ament_cmake_export_dependencies:/home/ice/microros_ws/firmware/dev_ws/install/ament_cmake_libraries:/home/ice/microros_ws/firmware/dev_ws/install/ament_cmake_include_directories:/home/ice/microros_ws/firmware/dev_ws/install/ament_cmake_gen_version_h:/home/ice/microros_ws/firmware/dev_ws/install/ament_cmake_export_targets:/home/ice/microros_ws/firmware/dev_ws/install/ament_cmake_export_link_flags:/home/ice/microros_ws/firmware/dev_ws/install/ament_cmake_export_interfaces:/home/ice/microros_ws/firmware/dev_ws/install/ament_cmake_export_libraries:/home/ice/microros_ws/firmware/dev_ws/install/ament_cmake_export_include_directories:/home/ice/microros_ws/firmware/dev_ws/install/ament_cmake_export_definitions:/home/ice/microros_ws/firmware/dev_ws/install/ament_cmake_core:/home/ice/microros_ws/firmware/dev_ws/install/ament_index_cpp:/home/ice/microros_ws/firmware/dev_ws/install/ament_uncrustify:/home/ice/microros_ws/firmware/dev_ws/install/domain_coordinator:/home/ice/microros_ws/firmware/dev_ws/install/ament_xmllint:/home/ice/microros_ws/firmware/dev_ws/install/ament_pyflakes:/home/ice/microros_ws/firmware/dev_ws/install/ament_pycodestyle:/home/ice/microros_ws/firmware/dev_ws/install/ament_pep257:/home/ice/microros_ws/firmware/dev_ws/install/ament_pclint:/home/ice/microros_ws/firmware/dev_ws/install/ament_package:/home/ice/microros_ws/firmware/dev_ws/install/ament_mypy:/home/ice/microros_ws/firmware/dev_ws/install/ament_lint_cmake:/home/ice/microros_ws/firmware/dev_ws/install/ament_flake8:/home/ice/microros_ws/firmware/dev_ws/install/ament_copyright:/home/ice/microros_ws/firmware/dev_ws/install/ament_lint:/home/ice/microros_ws/firmware/dev_ws/install/ament_index_python:/home/ice/microros_ws/firmware/dev_ws/install/ament_cpplint:/home/ice/microros_ws/firmware/dev_ws/install/ament_cppcheck:/home/ice/microros_ws/firmware/dev_ws/install/ament_clang_tidy:/home/ice/microros_ws/firmware/dev_ws/install/ament_clang_format LD_LIBRARY_PATH=/home/ice/microros_ws/firmware/mcu_ws/install/lib:${LD_LIBRARY_PATH} PATH=/home/ice/microros_ws/firmware/mcu_ws/install/bin:${PATH} PYTHONPATH=/home/ice/microros_ws/firmware/mcu_ws/install/lib/python3.10/site-packages:${PYTHONPATH} /usr/bin/cmake --install /home/ice/microros_ws/firmware/mcu_ws/build/messages
[3.173s] -- Install configuration: "Debug"
[3.174s] -- Up-to-date: /home/ice/microros_ws/firmware/mcu_ws/install/share/ament_index/resource_index/rosidl_interfaces/messages
[3.174s] -- Up-to-date: /home/ice/microros_ws/firmware/mcu_ws/install/include/messages/messages
[3.174s] -- Up-to-date: /home/ice/microros_ws/firmware/mcu_ws/install/include/messages/messages/msg
[3.175s] -- Up-to-date: /home/ice/microros_ws/firmware/mcu_ws/install/include/messages/messages/msg/detail
[3.176s] -- Up-to-date: /home/ice/microros_ws/firmware/mcu_ws/install/include/messages/messages/msg/detail/robot_motor_speed__functions.c
[3.178s] -- Up-to-date: /home/ice/microros_ws/firmware/mcu_ws/install/include/messages/messages/msg/detail/robot_motor_speed__functions.h
[3.179s] -- Up-to-date: /home/ice/microros_ws/firmware/mcu_ws/install/include/messages/messages/msg/detail/robot_motor_speed__struct.h
[3.180s] -- Up-to-date: /home/ice/microros_ws/firmware/mcu_ws/install/include/messages/messages/msg/detail/robot_motor_speed__type_support.h
[3.180s] -- Up-to-date: /home/ice/microros_ws/firmware/mcu_ws/install/include/messages/messages/msg/robot_motor_speed.h
[3.181s] -- Up-to-date: /home/ice/microros_ws/firmware/mcu_ws/install/include/messages/messages/msg/rosidl_generator_c__visibility_control.h
[3.181s] -- Up-to-date: /home/ice/microros_ws/firmware/mcu_ws/install/share/messages/environment/library_path.sh
[3.182s] -- Installing: /home/ice/microros_ws/firmware/mcu_ws/install/share/messages/environment/library_path.dsv
[3.187s] -- Installing: /home/ice/microros_ws/firmware/mcu_ws/install/lib/libmessages__rosidl_generator_c.a
[3.187s] -- Up-to-date: /home/ice/microros_ws/firmware/mcu_ws/install/include/messages/messages
[3.188s] -- Up-to-date: /home/ice/microros_ws/firmware/mcu_ws/install/include/messages/messages/msg
[3.189s] -- Up-to-date: /home/ice/microros_ws/firmware/mcu_ws/install/include/messages/messages/msg/detail
[3.189s] -- Up-to-date: /home/ice/microros_ws/firmware/mcu_ws/install/include/messages/messages/msg/detail/robot_motor_speed__rosidl_typesupport_introspection_c.h
[3.190s] -- Up-to-date: /home/ice/microros_ws/firmware/mcu_ws/install/include/messages/messages/msg/detail/robot_motor_speed__type_support.c
[3.190s] -- Up-to-date: /home/ice/microros_ws/firmware/mcu_ws/install/include/messages/messages/msg/rosidl_typesupport_introspection_c__visibility_control.h
[3.190s] -- Up-to-date: /home/ice/microros_ws/firmware/mcu_ws/install/lib/libmessages__rosidl_typesupport_introspection_c.a
[3.194s] -- Up-to-date: /home/ice/microros_ws/firmware/mcu_ws/install/include/messages
[3.195s] -- Up-to-date: /home/ice/microros_ws/firmware/mcu_ws/install/include/messages/msg
[3.209s] -- Up-to-date: /home/ice/microros_ws/firmware/mcu_ws/install/include/messages/msg/detail
[3.209s] -- Up-to-date: /home/ice/microros_ws/firmware/mcu_ws/install/include/messages/msg/detail/microxrcedds
[3.209s] -- Up-to-date: /home/ice/microros_ws/firmware/mcu_ws/install/include/messages/msg/detail/robot_motor_speed__rosidl_typesupport_microxrcedds_c.h
[3.210s] -- Up-to-date: /home/ice/microros_ws/firmware/mcu_ws/install/include/messages/msg/rosidl_typesupport_microxrcedds_c__visibility_control.h
[3.211s] -- Up-to-date: /home/ice/microros_ws/firmware/mcu_ws/install/lib/libmessages__rosidl_typesupport_microxrcedds_c.a
[3.211s] -- Up-to-date: /home/ice/microros_ws/firmware/mcu_ws/install/lib/libmessages__rosidl_typesupport_c.a
[3.211s] -- Up-to-date: /home/ice/microros_ws/firmware/mcu_ws/install/share/messages/msg/RobotMotorSpeed.idl
[3.211s] -- Up-to-date: /home/ice/microros_ws/firmware/mcu_ws/install/share/messages/msg/RobotMotorSpeed.msg
[3.212s] -- Up-to-date: /home/ice/microros_ws/firmware/mcu_ws/install/share/ament_index/resource_index/package_run_dependencies/messages
[3.212s] -- Up-to-date: /home/ice/microros_ws/firmware/mcu_ws/install/share/ament_index/resource_index/parent_prefix_path/messages
[3.212s] -- Up-to-date: /home/ice/microros_ws/firmware/mcu_ws/install/share/messages/environment/ament_prefix_path.sh
[3.213s] -- Installing: /home/ice/microros_ws/firmware/mcu_ws/install/share/messages/environment/ament_prefix_path.dsv
[3.214s] -- Up-to-date: /home/ice/microros_ws/firmware/mcu_ws/install/share/messages/environment/path.sh
[3.215s] -- Installing: /home/ice/microros_ws/firmware/mcu_ws/install/share/messages/environment/path.dsv
[3.215s] -- Up-to-date: /home/ice/microros_ws/firmware/mcu_ws/install/share/messages/local_setup.bash
[3.216s] -- Up-to-date: /home/ice/microros_ws/firmware/mcu_ws/install/share/messages/local_setup.sh
[3.217s] -- Up-to-date: /home/ice/microros_ws/firmware/mcu_ws/install/share/messages/local_setup.zsh
[3.217s] -- Installing: /home/ice/microros_ws/firmware/mcu_ws/install/share/messages/local_setup.dsv
[3.218s] -- Installing: /home/ice/microros_ws/firmware/mcu_ws/install/share/messages/package.dsv
[3.218s] -- Up-to-date: /home/ice/microros_ws/firmware/mcu_ws/install/share/ament_index/resource_index/packages/messages
[3.218s] -- Up-to-date: /home/ice/microros_ws/firmware/mcu_ws/install/share/messages/cmake/export_messages__rosidl_generator_cExport.cmake
[3.218s] -- Up-to-date: /home/ice/microros_ws/firmware/mcu_ws/install/share/messages/cmake/export_messages__rosidl_generator_cExport-debug.cmake
[3.218s] -- Up-to-date: /home/ice/microros_ws/firmware/mcu_ws/install/share/messages/cmake/messages__rosidl_typesupport_introspection_cExport.cmake
[3.218s] -- Up-to-date: /home/ice/microros_ws/firmware/mcu_ws/install/share/messages/cmake/messages__rosidl_typesupport_introspection_cExport-debug.cmake
[3.218s] -- Up-to-date: /home/ice/microros_ws/firmware/mcu_ws/install/share/messages/cmake/messages__rosidl_typesupport_cExport.cmake
[3.219s] -- Up-to-date: /home/ice/microros_ws/firmware/mcu_ws/install/share/messages/cmake/messages__rosidl_typesupport_cExport-debug.cmake
[3.219s] -- Up-to-date: /home/ice/microros_ws/firmware/mcu_ws/install/share/messages/cmake/rosidl_cmake-extras.cmake
[3.219s] -- Up-to-date: /home/ice/microros_ws/firmware/mcu_ws/install/share/messages/cmake/ament_cmake_export_include_directories-extras.cmake
[3.219s] -- Up-to-date: /home/ice/microros_ws/firmware/mcu_ws/install/share/messages/cmake/ament_cmake_export_libraries-extras.cmake
[3.219s] -- Up-to-date: /home/ice/microros_ws/firmware/mcu_ws/install/share/messages/cmake/ament_cmake_export_targets-extras.cmake
[3.219s] -- Up-to-date: /home/ice/microros_ws/firmware/mcu_ws/install/share/messages/cmake/rosidl_cmake_export_typesupport_targets-extras.cmake
[3.219s] -- Up-to-date: /home/ice/microros_ws/firmware/mcu_ws/install/share/messages/cmake/ament_cmake_export_dependencies-extras.cmake
[3.219s] -- Up-to-date: /home/ice/microros_ws/firmware/mcu_ws/install/share/messages/cmake/rosidl_cmake_export_typesupport_libraries-extras.cmake
[3.220s] -- Up-to-date: /home/ice/microros_ws/firmware/mcu_ws/install/share/messages/cmake/messagesConfig.cmake
[3.220s] -- Up-to-date: /home/ice/microros_ws/firmware/mcu_ws/install/share/messages/cmake/messagesConfig-version.cmake
[3.220s] -- Up-to-date: /home/ice/microros_ws/firmware/mcu_ws/install/share/messages/package.xml
[3.226s] Invoked command in '/home/ice/microros_ws/firmware/mcu_ws/build/messages' returned '0': AMENT_PREFIX_PATH=/home/ice/microros_ws/firmware/mcu_ws/install:${AMENT_PREFIX_PATH} CMAKE_PREFIX_PATH=/home/ice/microros_ws/firmware/mcu_ws/install:/home/ice/microros_ws/firmware/dev_ws/install/ament_lint_common:/home/ice/microros_ws/firmware/dev_ws/install/ament_cmake_uncrustify:/home/ice/microros_ws/firmware/dev_ws/install/uncrustify_vendor:/home/ice/microros_ws/firmware/dev_ws/install/ament_cmake_ros:/home/ice/microros_ws/firmware/dev_ws/install/ament_cmake_auto:/home/ice/microros_ws/firmware/dev_ws/install/ament_cmake_gmock:/home/ice/microros_ws/firmware/dev_ws/install/gmock_vendor:/home/ice/microros_ws/firmware/dev_ws/install/ament_cmake_gtest:/home/ice/microros_ws/firmware/dev_ws/install/gtest_vendor:/home/ice/microros_ws/firmware/dev_ws/install/ament_cmake_xmllint:/home/ice/microros_ws/firmware/dev_ws/install/ament_cmake_pyflakes:/home/ice/microros_ws/firmware/dev_ws/install/ament_cmake_pycodestyle:/home/ice/microros_ws/firmware/dev_ws/install/ament_cmake_pep257:/home/ice/microros_ws/firmware/dev_ws/install/ament_cmake_pclint:/home/ice/microros_ws/firmware/dev_ws/install/ament_lint_auto:/home/ice/microros_ws/firmware/dev_ws/install/ament_cmake:/home/ice/microros_ws/firmware/dev_ws/install/ament_cmake_version:/home/ice/microros_ws/firmware/dev_ws/install/ament_cmake_vendor_package:/home/ice/microros_ws/firmware/dev_ws/install/ament_cmake_pytest:/home/ice/microros_ws/firmware/dev_ws/install/ament_cmake_nose:/home/ice/microros_ws/firmware/dev_ws/install/ament_cmake_mypy:/home/ice/microros_ws/firmware/dev_ws/install/ament_cmake_lint_cmake:/home/ice/microros_ws/firmware/dev_ws/install/ament_cmake_google_benchmark:/home/ice/microros_ws/firmware/dev_ws/install/ament_cmake_flake8:/home/ice/microros_ws/firmware/dev_ws/install/ament_cmake_cpplint:/home/ice/microros_ws/firmware/dev_ws/install/ament_cmake_cppcheck:/home/ice/microros_ws/firmware/dev_ws/install/ament_cmake_copyright:/home/ice/microros_ws/firmware/dev_ws/install/ament_cmake_clang_tidy:/home/ice/microros_ws/firmware/dev_ws/install/ament_cmake_clang_format:/home/ice/microros_ws/firmware/dev_ws/install/ament_cmake_test:/home/ice/microros_ws/firmware/dev_ws/install/ament_cmake_target_dependencies:/home/ice/microros_ws/firmware/dev_ws/install/ament_cmake_python:/home/ice/microros_ws/firmware/dev_ws/install/ament_cmake_export_dependencies:/home/ice/microros_ws/firmware/dev_ws/install/ament_cmake_libraries:/home/ice/microros_ws/firmware/dev_ws/install/ament_cmake_include_directories:/home/ice/microros_ws/firmware/dev_ws/install/ament_cmake_gen_version_h:/home/ice/microros_ws/firmware/dev_ws/install/ament_cmake_export_targets:/home/ice/microros_ws/firmware/dev_ws/install/ament_cmake_export_link_flags:/home/ice/microros_ws/firmware/dev_ws/install/ament_cmake_export_interfaces:/home/ice/microros_ws/firmware/dev_ws/install/ament_cmake_export_libraries:/home/ice/microros_ws/firmware/dev_ws/install/ament_cmake_export_include_directories:/home/ice/microros_ws/firmware/dev_ws/install/ament_cmake_export_definitions:/home/ice/microros_ws/firmware/dev_ws/install/ament_cmake_core:/home/ice/microros_ws/firmware/dev_ws/install/ament_index_cpp:/home/ice/microros_ws/firmware/dev_ws/install/ament_uncrustify:/home/ice/microros_ws/firmware/dev_ws/install/domain_coordinator:/home/ice/microros_ws/firmware/dev_ws/install/ament_xmllint:/home/ice/microros_ws/firmware/dev_ws/install/ament_pyflakes:/home/ice/microros_ws/firmware/dev_ws/install/ament_pycodestyle:/home/ice/microros_ws/firmware/dev_ws/install/ament_pep257:/home/ice/microros_ws/firmware/dev_ws/install/ament_pclint:/home/ice/microros_ws/firmware/dev_ws/install/ament_package:/home/ice/microros_ws/firmware/dev_ws/install/ament_mypy:/home/ice/microros_ws/firmware/dev_ws/install/ament_lint_cmake:/home/ice/microros_ws/firmware/dev_ws/install/ament_flake8:/home/ice/microros_ws/firmware/dev_ws/install/ament_copyright:/home/ice/microros_ws/firmware/dev_ws/install/ament_lint:/home/ice/microros_ws/firmware/dev_ws/install/ament_index_python:/home/ice/microros_ws/firmware/dev_ws/install/ament_cpplint:/home/ice/microros_ws/firmware/dev_ws/install/ament_cppcheck:/home/ice/microros_ws/firmware/dev_ws/install/ament_clang_tidy:/home/ice/microros_ws/firmware/dev_ws/install/ament_clang_format LD_LIBRARY_PATH=/home/ice/microros_ws/firmware/mcu_ws/install/lib:${LD_LIBRARY_PATH} PATH=/home/ice/microros_ws/firmware/mcu_ws/install/bin:${PATH} PYTHONPATH=/home/ice/microros_ws/firmware/mcu_ws/install/lib/python3.10/site-packages:${PYTHONPATH} /usr/bin/cmake --install /home/ice/microros_ws/firmware/mcu_ws/build/messages
