[0.343s] Invoking command in '/home/ice/polaris-bot/ros2_ws/build/ros2_control_demo_description': CMAKE_PREFIX_PATH=${CMAKE_PREFIX_PATH}:/opt/ros/humble /usr/bin/cmake --build /home/ice/polaris-bot/ros2_ws/build/ros2_control_demo_description -- -j2 -l2
[0.607s] Invoked command in '/home/ice/polaris-bot/ros2_ws/build/ros2_control_demo_description' returned '0': CMAKE_PREFIX_PATH=${CMAKE_PREFIX_PATH}:/opt/ros/humble /usr/bin/cmake --build /home/ice/polaris-bot/ros2_ws/build/ros2_control_demo_description -- -j2 -l2
[1.156s] Invoking command in '/home/ice/polaris-bot/ros2_ws/build/ros2_control_demo_description': CMAKE_PREFIX_PATH=${CMAKE_PREFIX_PATH}:/opt/ros/humble /usr/bin/cmake --install /home/ice/polaris-bot/ros2_ws/build/ros2_control_demo_description
[1.233s] -- Install configuration: ""
[1.234s] -- Up-to-date: /home/ice/polaris-bot/ros2_ws/install/ros2_control_demo_description/share/ros2_control_demo_description/rrbot/urdf
[1.247s] -- Up-to-date: /home/ice/polaris-bot/ros2_ws/install/ros2_control_demo_description/share/ros2_control_demo_description/rrbot/urdf/rrbot.materials.xacro
[1.248s] -- Up-to-date: /home/ice/polaris-bot/ros2_ws/install/ros2_control_demo_description/share/ros2_control_demo_description/rrbot/urdf/rrbot_description.urdf.xacro
[1.248s] -- Up-to-date: /home/ice/polaris-bot/ros2_ws/install/ros2_control_demo_description/share/ros2_control_demo_description/rrbot/rviz
[1.248s] -- Up-to-date: /home/ice/polaris-bot/ros2_ws/install/ros2_control_demo_description/share/ros2_control_demo_description/rrbot/rviz/rrbot.rviz
[1.249s] -- Up-to-date: /home/ice/polaris-bot/ros2_ws/install/ros2_control_demo_description/share/ros2_control_demo_description/diffbot/urdf
[1.252s] -- Up-to-date: /home/ice/polaris-bot/ros2_ws/install/ros2_control_demo_description/share/ros2_control_demo_description/diffbot/urdf/diffbot_description.urdf.xacro
[1.252s] -- Up-to-date: /home/ice/polaris-bot/ros2_ws/install/ros2_control_demo_description/share/ros2_control_demo_description/diffbot/urdf/diffbot.materials.xacro
[1.255s] -- Up-to-date: /home/ice/polaris-bot/ros2_ws/install/ros2_control_demo_description/share/ros2_control_demo_description/diffbot/rviz
[1.256s] -- Up-to-date: /home/ice/polaris-bot/ros2_ws/install/ros2_control_demo_description/share/ros2_control_demo_description/diffbot/rviz/diffbot.rviz
[1.256s] -- Up-to-date: /home/ice/polaris-bot/ros2_ws/install/ros2_control_demo_description/share/ros2_control_demo_description/diffbot/rviz/diffbot_view.rviz
[1.299s] -- Up-to-date: /home/ice/polaris-bot/ros2_ws/install/ros2_control_demo_description/share/ros2_control_demo_description/carlikebot/urdf
[1.299s] -- Up-to-date: /home/ice/polaris-bot/ros2_ws/install/ros2_control_demo_description/share/ros2_control_demo_description/carlikebot/urdf/carlikebot_description.urdf.xacro
[1.300s] -- Up-to-date: /home/ice/polaris-bot/ros2_ws/install/ros2_control_demo_description/share/ros2_control_demo_description/carlikebot/urdf/carlikebot.materials.xacro
[1.300s] -- Up-to-date: /home/ice/polaris-bot/ros2_ws/install/ros2_control_demo_description/share/ros2_control_demo_description/carlikebot/rviz
[1.300s] -- Up-to-date: /home/ice/polaris-bot/ros2_ws/install/ros2_control_demo_description/share/ros2_control_demo_description/carlikebot/rviz/carlikebot.rviz
[1.300s] -- Up-to-date: /home/ice/polaris-bot/ros2_ws/install/ros2_control_demo_description/share/ros2_control_demo_description/carlikebot/rviz/carlikebot_view.rviz
[1.300s] -- Up-to-date: /home/ice/polaris-bot/ros2_ws/install/ros2_control_demo_description/share/ros2_control_demo_description/r6bot/meshes
[1.309s] -- Up-to-date: /home/ice/polaris-bot/ros2_ws/install/ros2_control_demo_description/share/ros2_control_demo_description/r6bot/meshes/visual
[1.309s] -- Up-to-date: /home/ice/polaris-bot/ros2_ws/install/ros2_control_demo_description/share/ros2_control_demo_description/r6bot/meshes/visual/link_6.dae
[1.309s] -- Up-to-date: /home/ice/polaris-bot/ros2_ws/install/ros2_control_demo_description/share/ros2_control_demo_description/r6bot/meshes/visual/link_0.dae
[1.309s] -- Up-to-date: /home/ice/polaris-bot/ros2_ws/install/ros2_control_demo_description/share/ros2_control_demo_description/r6bot/meshes/visual/link_3.dae
[1.309s] -- Up-to-date: /home/ice/polaris-bot/ros2_ws/install/ros2_control_demo_description/share/ros2_control_demo_description/r6bot/meshes/visual/link_1.dae
[1.309s] -- Up-to-date: /home/ice/polaris-bot/ros2_ws/install/ros2_control_demo_description/share/ros2_control_demo_description/r6bot/meshes/visual/link_5.dae
[1.309s] -- Up-to-date: /home/ice/polaris-bot/ros2_ws/install/ros2_control_demo_description/share/ros2_control_demo_description/r6bot/meshes/visual/link_2.dae
[1.310s] -- Up-to-date: /home/ice/polaris-bot/ros2_ws/install/ros2_control_demo_description/share/ros2_control_demo_description/r6bot/meshes/visual/link_4.dae
[1.310s] -- Up-to-date: /home/ice/polaris-bot/ros2_ws/install/ros2_control_demo_description/share/ros2_control_demo_description/r6bot/meshes/collision
[1.310s] -- Up-to-date: /home/ice/polaris-bot/ros2_ws/install/ros2_control_demo_description/share/ros2_control_demo_description/r6bot/meshes/collision/link_1.stl
[1.310s] -- Up-to-date: /home/ice/polaris-bot/ros2_ws/install/ros2_control_demo_description/share/ros2_control_demo_description/r6bot/meshes/collision/link_0.stl
[1.310s] -- Up-to-date: /home/ice/polaris-bot/ros2_ws/install/ros2_control_demo_description/share/ros2_control_demo_description/r6bot/meshes/collision/link_3.stl
[1.310s] -- Up-to-date: /home/ice/polaris-bot/ros2_ws/install/ros2_control_demo_description/share/ros2_control_demo_description/r6bot/meshes/collision/link_5.stl
[1.310s] -- Up-to-date: /home/ice/polaris-bot/ros2_ws/install/ros2_control_demo_description/share/ros2_control_demo_description/r6bot/meshes/collision/link_4.stl
[1.310s] -- Up-to-date: /home/ice/polaris-bot/ros2_ws/install/ros2_control_demo_description/share/ros2_control_demo_description/r6bot/meshes/collision/link_6.stl
[1.310s] -- Up-to-date: /home/ice/polaris-bot/ros2_ws/install/ros2_control_demo_description/share/ros2_control_demo_description/r6bot/meshes/collision/link_2.stl
[1.311s] -- Up-to-date: /home/ice/polaris-bot/ros2_ws/install/ros2_control_demo_description/share/ros2_control_demo_description/r6bot/srdf
[1.311s] -- Up-to-date: /home/ice/polaris-bot/ros2_ws/install/ros2_control_demo_description/share/ros2_control_demo_description/r6bot/srdf/r6bot.srdf
[1.311s] -- Up-to-date: /home/ice/polaris-bot/ros2_ws/install/ros2_control_demo_description/share/ros2_control_demo_description/r6bot/urdf
[1.311s] -- Up-to-date: /home/ice/polaris-bot/ros2_ws/install/ros2_control_demo_description/share/ros2_control_demo_description/r6bot/urdf/inc
[1.311s] -- Up-to-date: /home/ice/polaris-bot/ros2_ws/install/ros2_control_demo_description/share/ros2_control_demo_description/r6bot/urdf/inc/create_link.xacro
[1.311s] -- Up-to-date: /home/ice/polaris-bot/ros2_ws/install/ros2_control_demo_description/share/ros2_control_demo_description/r6bot/urdf/r6bot_description.urdf.xacro
[1.311s] -- Up-to-date: /home/ice/polaris-bot/ros2_ws/install/ros2_control_demo_description/share/ros2_control_demo_description/r6bot/rviz
[1.312s] -- Up-to-date: /home/ice/polaris-bot/ros2_ws/install/ros2_control_demo_description/share/ros2_control_demo_description/r6bot/rviz/view_robot.rviz
[1.315s] -- Up-to-date: /home/ice/polaris-bot/ros2_ws/install/ros2_control_demo_description/share/ament_index/resource_index/package_run_dependencies/ros2_control_demo_description
[1.334s] -- Up-to-date: /home/ice/polaris-bot/ros2_ws/install/ros2_control_demo_description/share/ament_index/resource_index/parent_prefix_path/ros2_control_demo_description
[1.335s] -- Up-to-date: /home/ice/polaris-bot/ros2_ws/install/ros2_control_demo_description/share/ros2_control_demo_description/environment/ament_prefix_path.sh
[1.335s] -- Up-to-date: /home/ice/polaris-bot/ros2_ws/install/ros2_control_demo_description/share/ros2_control_demo_description/environment/ament_prefix_path.dsv
[1.336s] -- Up-to-date: /home/ice/polaris-bot/ros2_ws/install/ros2_control_demo_description/share/ros2_control_demo_description/environment/path.sh
[1.336s] -- Up-to-date: /home/ice/polaris-bot/ros2_ws/install/ros2_control_demo_description/share/ros2_control_demo_description/environment/path.dsv
[1.338s] -- Up-to-date: /home/ice/polaris-bot/ros2_ws/install/ros2_control_demo_description/share/ros2_control_demo_description/local_setup.bash
[1.338s] -- Up-to-date: /home/ice/polaris-bot/ros2_ws/install/ros2_control_demo_description/share/ros2_control_demo_description/local_setup.sh
[1.339s] -- Up-to-date: /home/ice/polaris-bot/ros2_ws/install/ros2_control_demo_description/share/ros2_control_demo_description/local_setup.zsh
[1.339s] -- Up-to-date: /home/ice/polaris-bot/ros2_ws/install/ros2_control_demo_description/share/ros2_control_demo_description/local_setup.dsv
[1.339s] -- Installing: /home/ice/polaris-bot/ros2_ws/install/ros2_control_demo_description/share/ros2_control_demo_description/package.dsv
[1.391s] -- Up-to-date: /home/ice/polaris-bot/ros2_ws/install/ros2_control_demo_description/share/ament_index/resource_index/packages/ros2_control_demo_description
[1.392s] -- Up-to-date: /home/ice/polaris-bot/ros2_ws/install/ros2_control_demo_description/share/ros2_control_demo_description/cmake/ros2_control_demo_descriptionConfig.cmake
[1.392s] -- Up-to-date: /home/ice/polaris-bot/ros2_ws/install/ros2_control_demo_description/share/ros2_control_demo_description/cmake/ros2_control_demo_descriptionConfig-version.cmake
[1.392s] -- Up-to-date: /home/ice/polaris-bot/ros2_ws/install/ros2_control_demo_description/share/ros2_control_demo_description/package.xml
[1.392s] Invoked command in '/home/ice/polaris-bot/ros2_ws/build/ros2_control_demo_description' returned '0': CMAKE_PREFIX_PATH=${CMAKE_PREFIX_PATH}:/opt/ros/humble /usr/bin/cmake --install /home/ice/polaris-bot/ros2_ws/build/ros2_control_demo_description
