gmake[4]: Entering directory '/home/ice/microros_ws/firmware/mcu_ws/build/shape_msgs'
/usr/bin/cmake -S/home/ice/microros_ws/firmware/mcu_ws/ros2/common_interfaces/shape_msgs -B/home/ice/microros_ws/firmware/mcu_ws/build/shape_msgs --check-build-system CMakeFiles/Makefile.cmake 0
Re-run cmake file: Makefile older than: /home/ice/microros_ws/firmware/freertos_apps/microros_esp32_extensions/esp32_toolchain.cmake
-- Found ament_cmake: 1.3.7 (/home/ice/microros_ws/firmware/dev_ws/install/ament_cmake/share/ament_cmake/cmake)
-- Found geometry_msgs: 4.2.3 (/home/ice/microros_ws/firmware/mcu_ws/install/share/geometry_msgs/cmake)
-- Using all available rosidl_typesupport_c: rosidl_typesupport_introspection_c;rosidl_typesupport_microxrcedds_c
-- Found rosidl_adapter: 3.1.5 (/home/ice/microros_ws/firmware/mcu_ws/install/share/rosidl_adapter/cmake)
-- Found rosidl_default_generators: 1.2.0 (/home/ice/microros_ws/firmware/mcu_ws/install/share/rosidl_default_generators/cmake)
-- Found ament_cmake_ros: 0.10.0 (/home/ice/microros_ws/firmware/dev_ws/install/ament_cmake_ros/share/ament_cmake_ros/cmake)
-- Using all available rosidl_typesupport_c: rosidl_typesupport_introspection_c;rosidl_typesupport_microxrcedds_c
-- Configuring done
-- Generating done
-- Build files have been written to: /home/ice/microros_ws/firmware/mcu_ws/build/shape_msgs
/usr/bin/cmake -E cmake_progress_start /home/ice/microros_ws/firmware/mcu_ws/build/shape_msgs/CMakeFiles /home/ice/microros_ws/firmware/mcu_ws/build/shape_msgs//CMakeFiles/progress.marks
/usr/bin/gmake  -f CMakeFiles/Makefile2 all
gmake[5]: Entering directory '/home/ice/microros_ws/firmware/mcu_ws/build/shape_msgs'
/usr/bin/gmake  -f CMakeFiles/shape_msgs__rosidl_generator_c.dir/build.make CMakeFiles/shape_msgs__rosidl_generator_c.dir/depend
gmake[6]: Entering directory '/home/ice/microros_ws/firmware/mcu_ws/build/shape_msgs'
cd /home/ice/microros_ws/firmware/mcu_ws/build/shape_msgs && /usr/bin/cmake -E cmake_depends "Unix Makefiles" /home/ice/microros_ws/firmware/mcu_ws/ros2/common_interfaces/shape_msgs /home/ice/microros_ws/firmware/mcu_ws/ros2/common_interfaces/shape_msgs /home/ice/microros_ws/firmware/mcu_ws/build/shape_msgs /home/ice/microros_ws/firmware/mcu_ws/build/shape_msgs /home/ice/microros_ws/firmware/mcu_ws/build/shape_msgs/CMakeFiles/shape_msgs__rosidl_generator_c.dir/DependInfo.cmake --color=
Dependencies file "CMakeFiles/shape_msgs__rosidl_generator_c.dir/rosidl_generator_c/shape_msgs/msg/detail/mesh__functions.c.obj.d" is newer than depends file "/home/ice/microros_ws/firmware/mcu_ws/build/shape_msgs/CMakeFiles/shape_msgs__rosidl_generator_c.dir/compiler_depend.internal".
Dependencies file "CMakeFiles/shape_msgs__rosidl_generator_c.dir/rosidl_generator_c/shape_msgs/msg/detail/mesh_triangle__functions.c.obj.d" is newer than depends file "/home/ice/microros_ws/firmware/mcu_ws/build/shape_msgs/CMakeFiles/shape_msgs__rosidl_generator_c.dir/compiler_depend.internal".
Dependencies file "CMakeFiles/shape_msgs__rosidl_generator_c.dir/rosidl_generator_c/shape_msgs/msg/detail/plane__functions.c.obj.d" is newer than depends file "/home/ice/microros_ws/firmware/mcu_ws/build/shape_msgs/CMakeFiles/shape_msgs__rosidl_generator_c.dir/compiler_depend.internal".
Dependencies file "CMakeFiles/shape_msgs__rosidl_generator_c.dir/rosidl_generator_c/shape_msgs/msg/detail/solid_primitive__functions.c.obj.d" is newer than depends file "/home/ice/microros_ws/firmware/mcu_ws/build/shape_msgs/CMakeFiles/shape_msgs__rosidl_generator_c.dir/compiler_depend.internal".
[35m[1mConsolidate compiler generated dependencies of target shape_msgs__rosidl_generator_c[0m
gmake[6]: Leaving directory '/home/ice/microros_ws/firmware/mcu_ws/build/shape_msgs'
/usr/bin/gmake  -f CMakeFiles/shape_msgs__rosidl_generator_c.dir/build.make CMakeFiles/shape_msgs__rosidl_generator_c.dir/build
gmake[6]: Entering directory '/home/ice/microros_ws/firmware/mcu_ws/build/shape_msgs'
gmake[6]: Nothing to be done for 'CMakeFiles/shape_msgs__rosidl_generator_c.dir/build'.
gmake[6]: Leaving directory '/home/ice/microros_ws/firmware/mcu_ws/build/shape_msgs'
[ 25%] Built target shape_msgs__rosidl_generator_c
/usr/bin/gmake  -f CMakeFiles/shape_msgs__rosidl_typesupport_introspection_c.dir/build.make CMakeFiles/shape_msgs__rosidl_typesupport_introspection_c.dir/depend
gmake[6]: Entering directory '/home/ice/microros_ws/firmware/mcu_ws/build/shape_msgs'
cd /home/ice/microros_ws/firmware/mcu_ws/build/shape_msgs && /usr/bin/cmake -E cmake_depends "Unix Makefiles" /home/ice/microros_ws/firmware/mcu_ws/ros2/common_interfaces/shape_msgs /home/ice/microros_ws/firmware/mcu_ws/ros2/common_interfaces/shape_msgs /home/ice/microros_ws/firmware/mcu_ws/build/shape_msgs /home/ice/microros_ws/firmware/mcu_ws/build/shape_msgs /home/ice/microros_ws/firmware/mcu_ws/build/shape_msgs/CMakeFiles/shape_msgs__rosidl_typesupport_introspection_c.dir/DependInfo.cmake --color=
Dependencies file "CMakeFiles/shape_msgs__rosidl_typesupport_introspection_c.dir/rosidl_typesupport_introspection_c/shape_msgs/msg/detail/mesh__type_support.c.obj.d" is newer than depends file "/home/ice/microros_ws/firmware/mcu_ws/build/shape_msgs/CMakeFiles/shape_msgs__rosidl_typesupport_introspection_c.dir/compiler_depend.internal".
Dependencies file "CMakeFiles/shape_msgs__rosidl_typesupport_introspection_c.dir/rosidl_typesupport_introspection_c/shape_msgs/msg/detail/mesh_triangle__type_support.c.obj.d" is newer than depends file "/home/ice/microros_ws/firmware/mcu_ws/build/shape_msgs/CMakeFiles/shape_msgs__rosidl_typesupport_introspection_c.dir/compiler_depend.internal".
Dependencies file "CMakeFiles/shape_msgs__rosidl_typesupport_introspection_c.dir/rosidl_typesupport_introspection_c/shape_msgs/msg/detail/plane__type_support.c.obj.d" is newer than depends file "/home/ice/microros_ws/firmware/mcu_ws/build/shape_msgs/CMakeFiles/shape_msgs__rosidl_typesupport_introspection_c.dir/compiler_depend.internal".
Dependencies file "CMakeFiles/shape_msgs__rosidl_typesupport_introspection_c.dir/rosidl_typesupport_introspection_c/shape_msgs/msg/detail/solid_primitive__type_support.c.obj.d" is newer than depends file "/home/ice/microros_ws/firmware/mcu_ws/build/shape_msgs/CMakeFiles/shape_msgs__rosidl_typesupport_introspection_c.dir/compiler_depend.internal".
[35m[1mConsolidate compiler generated dependencies of target shape_msgs__rosidl_typesupport_introspection_c[0m
gmake[6]: Leaving directory '/home/ice/microros_ws/firmware/mcu_ws/build/shape_msgs'
/usr/bin/gmake  -f CMakeFiles/shape_msgs__rosidl_typesupport_introspection_c.dir/build.make CMakeFiles/shape_msgs__rosidl_typesupport_introspection_c.dir/build
gmake[6]: Entering directory '/home/ice/microros_ws/firmware/mcu_ws/build/shape_msgs'
gmake[6]: Nothing to be done for 'CMakeFiles/shape_msgs__rosidl_typesupport_introspection_c.dir/build'.
gmake[6]: Leaving directory '/home/ice/microros_ws/firmware/mcu_ws/build/shape_msgs'
[ 50%] Built target shape_msgs__rosidl_typesupport_introspection_c
/usr/bin/gmake  -f CMakeFiles/shape_msgs__rosidl_typesupport_microxrcedds_c.dir/build.make CMakeFiles/shape_msgs__rosidl_typesupport_microxrcedds_c.dir/depend
gmake[6]: Entering directory '/home/ice/microros_ws/firmware/mcu_ws/build/shape_msgs'
cd /home/ice/microros_ws/firmware/mcu_ws/build/shape_msgs && /usr/bin/cmake -E cmake_depends "Unix Makefiles" /home/ice/microros_ws/firmware/mcu_ws/ros2/common_interfaces/shape_msgs /home/ice/microros_ws/firmware/mcu_ws/ros2/common_interfaces/shape_msgs /home/ice/microros_ws/firmware/mcu_ws/build/shape_msgs /home/ice/microros_ws/firmware/mcu_ws/build/shape_msgs /home/ice/microros_ws/firmware/mcu_ws/build/shape_msgs/CMakeFiles/shape_msgs__rosidl_typesupport_microxrcedds_c.dir/DependInfo.cmake --color=
Dependencies file "CMakeFiles/shape_msgs__rosidl_typesupport_microxrcedds_c.dir/rosidl_typesupport_microxrcedds_c/shape_msgs/msg/detail/microxrcedds/mesh__type_support_c.c.obj.d" is newer than depends file "/home/ice/microros_ws/firmware/mcu_ws/build/shape_msgs/CMakeFiles/shape_msgs__rosidl_typesupport_microxrcedds_c.dir/compiler_depend.internal".
Dependencies file "CMakeFiles/shape_msgs__rosidl_typesupport_microxrcedds_c.dir/rosidl_typesupport_microxrcedds_c/shape_msgs/msg/detail/microxrcedds/mesh_triangle__type_support_c.c.obj.d" is newer than depends file "/home/ice/microros_ws/firmware/mcu_ws/build/shape_msgs/CMakeFiles/shape_msgs__rosidl_typesupport_microxrcedds_c.dir/compiler_depend.internal".
Dependencies file "CMakeFiles/shape_msgs__rosidl_typesupport_microxrcedds_c.dir/rosidl_typesupport_microxrcedds_c/shape_msgs/msg/detail/microxrcedds/plane__type_support_c.c.obj.d" is newer than depends file "/home/ice/microros_ws/firmware/mcu_ws/build/shape_msgs/CMakeFiles/shape_msgs__rosidl_typesupport_microxrcedds_c.dir/compiler_depend.internal".
Dependencies file "CMakeFiles/shape_msgs__rosidl_typesupport_microxrcedds_c.dir/rosidl_typesupport_microxrcedds_c/shape_msgs/msg/detail/microxrcedds/solid_primitive__type_support_c.c.obj.d" is newer than depends file "/home/ice/microros_ws/firmware/mcu_ws/build/shape_msgs/CMakeFiles/shape_msgs__rosidl_typesupport_microxrcedds_c.dir/compiler_depend.internal".
[35m[1mConsolidate compiler generated dependencies of target shape_msgs__rosidl_typesupport_microxrcedds_c[0m
gmake[6]: Leaving directory '/home/ice/microros_ws/firmware/mcu_ws/build/shape_msgs'
/usr/bin/gmake  -f CMakeFiles/shape_msgs__rosidl_typesupport_microxrcedds_c.dir/build.make CMakeFiles/shape_msgs__rosidl_typesupport_microxrcedds_c.dir/build
gmake[6]: Entering directory '/home/ice/microros_ws/firmware/mcu_ws/build/shape_msgs'
gmake[6]: Nothing to be done for 'CMakeFiles/shape_msgs__rosidl_typesupport_microxrcedds_c.dir/build'.
gmake[6]: Leaving directory '/home/ice/microros_ws/firmware/mcu_ws/build/shape_msgs'
[ 75%] Built target shape_msgs__rosidl_typesupport_microxrcedds_c
/usr/bin/gmake  -f CMakeFiles/shape_msgs__rosidl_typesupport_c.dir/build.make CMakeFiles/shape_msgs__rosidl_typesupport_c.dir/depend
gmake[6]: Entering directory '/home/ice/microros_ws/firmware/mcu_ws/build/shape_msgs'
cd /home/ice/microros_ws/firmware/mcu_ws/build/shape_msgs && /usr/bin/cmake -E cmake_depends "Unix Makefiles" /home/ice/microros_ws/firmware/mcu_ws/ros2/common_interfaces/shape_msgs /home/ice/microros_ws/firmware/mcu_ws/ros2/common_interfaces/shape_msgs /home/ice/microros_ws/firmware/mcu_ws/build/shape_msgs /home/ice/microros_ws/firmware/mcu_ws/build/shape_msgs /home/ice/microros_ws/firmware/mcu_ws/build/shape_msgs/CMakeFiles/shape_msgs__rosidl_typesupport_c.dir/DependInfo.cmake --color=
Dependencies file "CMakeFiles/shape_msgs__rosidl_typesupport_c.dir/rosidl_typesupport_c/shape_msgs/msg/mesh__type_support.cpp.obj.d" is newer than depends file "/home/ice/microros_ws/firmware/mcu_ws/build/shape_msgs/CMakeFiles/shape_msgs__rosidl_typesupport_c.dir/compiler_depend.internal".
Dependencies file "CMakeFiles/shape_msgs__rosidl_typesupport_c.dir/rosidl_typesupport_c/shape_msgs/msg/mesh_triangle__type_support.cpp.obj.d" is newer than depends file "/home/ice/microros_ws/firmware/mcu_ws/build/shape_msgs/CMakeFiles/shape_msgs__rosidl_typesupport_c.dir/compiler_depend.internal".
Dependencies file "CMakeFiles/shape_msgs__rosidl_typesupport_c.dir/rosidl_typesupport_c/shape_msgs/msg/plane__type_support.cpp.obj.d" is newer than depends file "/home/ice/microros_ws/firmware/mcu_ws/build/shape_msgs/CMakeFiles/shape_msgs__rosidl_typesupport_c.dir/compiler_depend.internal".
Dependencies file "CMakeFiles/shape_msgs__rosidl_typesupport_c.dir/rosidl_typesupport_c/shape_msgs/msg/solid_primitive__type_support.cpp.obj.d" is newer than depends file "/home/ice/microros_ws/firmware/mcu_ws/build/shape_msgs/CMakeFiles/shape_msgs__rosidl_typesupport_c.dir/compiler_depend.internal".
[35m[1mConsolidate compiler generated dependencies of target shape_msgs__rosidl_typesupport_c[0m
gmake[6]: Leaving directory '/home/ice/microros_ws/firmware/mcu_ws/build/shape_msgs'
/usr/bin/gmake  -f CMakeFiles/shape_msgs__rosidl_typesupport_c.dir/build.make CMakeFiles/shape_msgs__rosidl_typesupport_c.dir/build
gmake[6]: Entering directory '/home/ice/microros_ws/firmware/mcu_ws/build/shape_msgs'
gmake[6]: Nothing to be done for 'CMakeFiles/shape_msgs__rosidl_typesupport_c.dir/build'.
gmake[6]: Leaving directory '/home/ice/microros_ws/firmware/mcu_ws/build/shape_msgs'
[100%] Built target shape_msgs__rosidl_typesupport_c
/usr/bin/gmake  -f CMakeFiles/shape_msgs.dir/build.make CMakeFiles/shape_msgs.dir/depend
gmake[6]: Entering directory '/home/ice/microros_ws/firmware/mcu_ws/build/shape_msgs'
cd /home/ice/microros_ws/firmware/mcu_ws/build/shape_msgs && /usr/bin/cmake -E cmake_depends "Unix Makefiles" /home/ice/microros_ws/firmware/mcu_ws/ros2/common_interfaces/shape_msgs /home/ice/microros_ws/firmware/mcu_ws/ros2/common_interfaces/shape_msgs /home/ice/microros_ws/firmware/mcu_ws/build/shape_msgs /home/ice/microros_ws/firmware/mcu_ws/build/shape_msgs /home/ice/microros_ws/firmware/mcu_ws/build/shape_msgs/CMakeFiles/shape_msgs.dir/DependInfo.cmake --color=
gmake[6]: Leaving directory '/home/ice/microros_ws/firmware/mcu_ws/build/shape_msgs'
/usr/bin/gmake  -f CMakeFiles/shape_msgs.dir/build.make CMakeFiles/shape_msgs.dir/build
gmake[6]: Entering directory '/home/ice/microros_ws/firmware/mcu_ws/build/shape_msgs'
gmake[6]: Nothing to be done for 'CMakeFiles/shape_msgs.dir/build'.
gmake[6]: Leaving directory '/home/ice/microros_ws/firmware/mcu_ws/build/shape_msgs'
[100%] Built target shape_msgs
gmake[5]: Leaving directory '/home/ice/microros_ws/firmware/mcu_ws/build/shape_msgs'
/usr/bin/cmake -E cmake_progress_start /home/ice/microros_ws/firmware/mcu_ws/build/shape_msgs/CMakeFiles 0
gmake[4]: Leaving directory '/home/ice/microros_ws/firmware/mcu_ws/build/shape_msgs'
-- Install configuration: "Debug"
-- Up-to-date: /home/ice/microros_ws/firmware/mcu_ws/install/share/ament_index/resource_index/rosidl_interfaces/shape_msgs
-- Up-to-date: /home/ice/microros_ws/firmware/mcu_ws/install/include/shape_msgs/shape_msgs
-- Up-to-date: /home/ice/microros_ws/firmware/mcu_ws/install/include/shape_msgs/shape_msgs/msg
-- Up-to-date: /home/ice/microros_ws/firmware/mcu_ws/install/include/shape_msgs/shape_msgs/msg/detail
-- Up-to-date: /home/ice/microros_ws/firmware/mcu_ws/install/include/shape_msgs/shape_msgs/msg/detail/mesh_triangle__functions.h
-- Up-to-date: /home/ice/microros_ws/firmware/mcu_ws/install/include/shape_msgs/shape_msgs/msg/detail/mesh_triangle__type_support.h
-- Up-to-date: /home/ice/microros_ws/firmware/mcu_ws/install/include/shape_msgs/shape_msgs/msg/detail/mesh__functions.c
-- Up-to-date: /home/ice/microros_ws/firmware/mcu_ws/install/include/shape_msgs/shape_msgs/msg/detail/solid_primitive__functions.h
-- Up-to-date: /home/ice/microros_ws/firmware/mcu_ws/install/include/shape_msgs/shape_msgs/msg/detail/solid_primitive__type_support.h
-- Up-to-date: /home/ice/microros_ws/firmware/mcu_ws/install/include/shape_msgs/shape_msgs/msg/detail/mesh__functions.h
-- Up-to-date: /home/ice/microros_ws/firmware/mcu_ws/install/include/shape_msgs/shape_msgs/msg/detail/plane__functions.c
-- Up-to-date: /home/ice/microros_ws/firmware/mcu_ws/install/include/shape_msgs/shape_msgs/msg/detail/mesh__type_support.h
-- Up-to-date: /home/ice/microros_ws/firmware/mcu_ws/install/include/shape_msgs/shape_msgs/msg/detail/mesh_triangle__struct.h
-- Up-to-date: /home/ice/microros_ws/firmware/mcu_ws/install/include/shape_msgs/shape_msgs/msg/detail/mesh__struct.h
-- Up-to-date: /home/ice/microros_ws/firmware/mcu_ws/install/include/shape_msgs/shape_msgs/msg/detail/mesh_triangle__functions.c
-- Up-to-date: /home/ice/microros_ws/firmware/mcu_ws/install/include/shape_msgs/shape_msgs/msg/detail/plane__type_support.h
-- Up-to-date: /home/ice/microros_ws/firmware/mcu_ws/install/include/shape_msgs/shape_msgs/msg/detail/solid_primitive__struct.h
-- Up-to-date: /home/ice/microros_ws/firmware/mcu_ws/install/include/shape_msgs/shape_msgs/msg/detail/plane__functions.h
-- Up-to-date: /home/ice/microros_ws/firmware/mcu_ws/install/include/shape_msgs/shape_msgs/msg/detail/solid_primitive__functions.c
-- Up-to-date: /home/ice/microros_ws/firmware/mcu_ws/install/include/shape_msgs/shape_msgs/msg/detail/plane__struct.h
-- Up-to-date: /home/ice/microros_ws/firmware/mcu_ws/install/include/shape_msgs/shape_msgs/msg/plane.h
-- Up-to-date: /home/ice/microros_ws/firmware/mcu_ws/install/include/shape_msgs/shape_msgs/msg/mesh_triangle.h
-- Up-to-date: /home/ice/microros_ws/firmware/mcu_ws/install/include/shape_msgs/shape_msgs/msg/solid_primitive.h
-- Up-to-date: /home/ice/microros_ws/firmware/mcu_ws/install/include/shape_msgs/shape_msgs/msg/mesh.h
-- Up-to-date: /home/ice/microros_ws/firmware/mcu_ws/install/include/shape_msgs/shape_msgs/msg/rosidl_generator_c__visibility_control.h
-- Up-to-date: /home/ice/microros_ws/firmware/mcu_ws/install/share/shape_msgs/environment/library_path.sh
-- Installing: /home/ice/microros_ws/firmware/mcu_ws/install/share/shape_msgs/environment/library_path.dsv
-- Up-to-date: /home/ice/microros_ws/firmware/mcu_ws/install/lib/libshape_msgs__rosidl_generator_c.a
-- Up-to-date: /home/ice/microros_ws/firmware/mcu_ws/install/include/shape_msgs/shape_msgs
-- Up-to-date: /home/ice/microros_ws/firmware/mcu_ws/install/include/shape_msgs/shape_msgs/msg
-- Up-to-date: /home/ice/microros_ws/firmware/mcu_ws/install/include/shape_msgs/shape_msgs/msg/detail
-- Up-to-date: /home/ice/microros_ws/firmware/mcu_ws/install/include/shape_msgs/shape_msgs/msg/detail/solid_primitive__rosidl_typesupport_introspection_c.h
-- Up-to-date: /home/ice/microros_ws/firmware/mcu_ws/install/include/shape_msgs/shape_msgs/msg/detail/solid_primitive__type_support.c
-- Up-to-date: /home/ice/microros_ws/firmware/mcu_ws/install/include/shape_msgs/shape_msgs/msg/detail/mesh_triangle__type_support.c
-- Up-to-date: /home/ice/microros_ws/firmware/mcu_ws/install/include/shape_msgs/shape_msgs/msg/detail/mesh__rosidl_typesupport_introspection_c.h
-- Up-to-date: /home/ice/microros_ws/firmware/mcu_ws/install/include/shape_msgs/shape_msgs/msg/detail/plane__rosidl_typesupport_introspection_c.h
-- Up-to-date: /home/ice/microros_ws/firmware/mcu_ws/install/include/shape_msgs/shape_msgs/msg/detail/plane__type_support.c
-- Up-to-date: /home/ice/microros_ws/firmware/mcu_ws/install/include/shape_msgs/shape_msgs/msg/detail/mesh__type_support.c
-- Up-to-date: /home/ice/microros_ws/firmware/mcu_ws/install/include/shape_msgs/shape_msgs/msg/detail/mesh_triangle__rosidl_typesupport_introspection_c.h
-- Up-to-date: /home/ice/microros_ws/firmware/mcu_ws/install/include/shape_msgs/shape_msgs/msg/rosidl_typesupport_introspection_c__visibility_control.h
-- Up-to-date: /home/ice/microros_ws/firmware/mcu_ws/install/lib/libshape_msgs__rosidl_typesupport_introspection_c.a
-- Up-to-date: /home/ice/microros_ws/firmware/mcu_ws/install/include/shape_msgs
-- Up-to-date: /home/ice/microros_ws/firmware/mcu_ws/install/include/shape_msgs/msg
-- Up-to-date: /home/ice/microros_ws/firmware/mcu_ws/install/include/shape_msgs/msg/detail
-- Up-to-date: /home/ice/microros_ws/firmware/mcu_ws/install/include/shape_msgs/msg/detail/solid_primitive__rosidl_typesupport_microxrcedds_c.h
-- Up-to-date: /home/ice/microros_ws/firmware/mcu_ws/install/include/shape_msgs/msg/detail/mesh_triangle__rosidl_typesupport_microxrcedds_c.h
-- Up-to-date: /home/ice/microros_ws/firmware/mcu_ws/install/include/shape_msgs/msg/detail/mesh__rosidl_typesupport_microxrcedds_c.h
-- Up-to-date: /home/ice/microros_ws/firmware/mcu_ws/install/include/shape_msgs/msg/detail/microxrcedds
-- Up-to-date: /home/ice/microros_ws/firmware/mcu_ws/install/include/shape_msgs/msg/detail/plane__rosidl_typesupport_microxrcedds_c.h
-- Up-to-date: /home/ice/microros_ws/firmware/mcu_ws/install/include/shape_msgs/msg/rosidl_typesupport_microxrcedds_c__visibility_control.h
-- Up-to-date: /home/ice/microros_ws/firmware/mcu_ws/install/lib/libshape_msgs__rosidl_typesupport_microxrcedds_c.a
-- Up-to-date: /home/ice/microros_ws/firmware/mcu_ws/install/lib/libshape_msgs__rosidl_typesupport_c.a
-- Up-to-date: /home/ice/microros_ws/firmware/mcu_ws/install/share/shape_msgs/msg/Mesh.idl
-- Up-to-date: /home/ice/microros_ws/firmware/mcu_ws/install/share/shape_msgs/msg/MeshTriangle.idl
-- Up-to-date: /home/ice/microros_ws/firmware/mcu_ws/install/share/shape_msgs/msg/Plane.idl
-- Up-to-date: /home/ice/microros_ws/firmware/mcu_ws/install/share/shape_msgs/msg/SolidPrimitive.idl
-- Up-to-date: /home/ice/microros_ws/firmware/mcu_ws/install/share/shape_msgs/msg/Mesh.msg
-- Up-to-date: /home/ice/microros_ws/firmware/mcu_ws/install/share/shape_msgs/msg/MeshTriangle.msg
-- Up-to-date: /home/ice/microros_ws/firmware/mcu_ws/install/share/shape_msgs/msg/Plane.msg
-- Up-to-date: /home/ice/microros_ws/firmware/mcu_ws/install/share/shape_msgs/msg/SolidPrimitive.msg
-- Up-to-date: /home/ice/microros_ws/firmware/mcu_ws/install/share/ament_index/resource_index/package_run_dependencies/shape_msgs
-- Up-to-date: /home/ice/microros_ws/firmware/mcu_ws/install/share/ament_index/resource_index/parent_prefix_path/shape_msgs
-- Up-to-date: /home/ice/microros_ws/firmware/mcu_ws/install/share/shape_msgs/environment/ament_prefix_path.sh
-- Installing: /home/ice/microros_ws/firmware/mcu_ws/install/share/shape_msgs/environment/ament_prefix_path.dsv
-- Up-to-date: /home/ice/microros_ws/firmware/mcu_ws/install/share/shape_msgs/environment/path.sh
-- Installing: /home/ice/microros_ws/firmware/mcu_ws/install/share/shape_msgs/environment/path.dsv
-- Up-to-date: /home/ice/microros_ws/firmware/mcu_ws/install/share/shape_msgs/local_setup.bash
-- Up-to-date: /home/ice/microros_ws/firmware/mcu_ws/install/share/shape_msgs/local_setup.sh
-- Up-to-date: /home/ice/microros_ws/firmware/mcu_ws/install/share/shape_msgs/local_setup.zsh
-- Installing: /home/ice/microros_ws/firmware/mcu_ws/install/share/shape_msgs/local_setup.dsv
-- Installing: /home/ice/microros_ws/firmware/mcu_ws/install/share/shape_msgs/package.dsv
-- Up-to-date: /home/ice/microros_ws/firmware/mcu_ws/install/share/ament_index/resource_index/packages/shape_msgs
-- Up-to-date: /home/ice/microros_ws/firmware/mcu_ws/install/share/shape_msgs/cmake/export_shape_msgs__rosidl_generator_cExport.cmake
-- Up-to-date: /home/ice/microros_ws/firmware/mcu_ws/install/share/shape_msgs/cmake/export_shape_msgs__rosidl_generator_cExport-debug.cmake
-- Up-to-date: /home/ice/microros_ws/firmware/mcu_ws/install/share/shape_msgs/cmake/shape_msgs__rosidl_typesupport_introspection_cExport.cmake
-- Up-to-date: /home/ice/microros_ws/firmware/mcu_ws/install/share/shape_msgs/cmake/shape_msgs__rosidl_typesupport_introspection_cExport-debug.cmake
-- Up-to-date: /home/ice/microros_ws/firmware/mcu_ws/install/share/shape_msgs/cmake/shape_msgs__rosidl_typesupport_cExport.cmake
-- Up-to-date: /home/ice/microros_ws/firmware/mcu_ws/install/share/shape_msgs/cmake/shape_msgs__rosidl_typesupport_cExport-debug.cmake
-- Up-to-date: /home/ice/microros_ws/firmware/mcu_ws/install/share/shape_msgs/cmake/rosidl_cmake-extras.cmake
-- Up-to-date: /home/ice/microros_ws/firmware/mcu_ws/install/share/shape_msgs/cmake/ament_cmake_export_dependencies-extras.cmake
-- Up-to-date: /home/ice/microros_ws/firmware/mcu_ws/install/share/shape_msgs/cmake/ament_cmake_export_include_directories-extras.cmake
-- Up-to-date: /home/ice/microros_ws/firmware/mcu_ws/install/share/shape_msgs/cmake/ament_cmake_export_libraries-extras.cmake
-- Up-to-date: /home/ice/microros_ws/firmware/mcu_ws/install/share/shape_msgs/cmake/ament_cmake_export_targets-extras.cmake
-- Up-to-date: /home/ice/microros_ws/firmware/mcu_ws/install/share/shape_msgs/cmake/rosidl_cmake_export_typesupport_targets-extras.cmake
-- Up-to-date: /home/ice/microros_ws/firmware/mcu_ws/install/share/shape_msgs/cmake/rosidl_cmake_export_typesupport_libraries-extras.cmake
-- Up-to-date: /home/ice/microros_ws/firmware/mcu_ws/install/share/shape_msgs/cmake/shape_msgsConfig.cmake
-- Up-to-date: /home/ice/microros_ws/firmware/mcu_ws/install/share/shape_msgs/cmake/shape_msgsConfig-version.cmake
-- Up-to-date: /home/ice/microros_ws/firmware/mcu_ws/install/share/shape_msgs/package.xml
