[0.257s] Invoking command in '/home/ice/polaris-bot/ros2_ws/build/polaris_controller': CMAKE_PREFIX_PATH=/home/ice/polaris-bot/ros2_ws/install/ros2_control_demo_description:/home/ice/polaris-bot/ros2_ws/install/messages:/home/ice/microros_ws/install/micro_ros_setup:/home/ice/microros_ws/install/micro_ros_agent:/home/ice/microros_ws/install/micro_ros_msgs:/home/ice/microros_ws/install/messages:/home/ice/polaris-bot/ros2_ws/install/services:/home/ice/polaris-bot/ros2_ws/install/polaris_controller:/home/ice/polaris-bot/ros2_ws/install/my_diff_drive_bot:/opt/ros/humble LD_LIBRARY_PATH=/home/ice/polaris-bot/ros2_ws/install/messages/lib:/home/ice/microros_ws/install/micro_ros_agent/lib:/home/ice/microros_ws/install/micro_ros_msgs/lib:/home/ice/microros_ws/install/messages/lib:/home/ice/polaris-bot/ros2_ws/install/services/lib:/home/ice/polaris-bot/ros2_ws/install/polaris_controller/lib:/usr/lib/x86_64-linux-gnu/gazebo-11/plugins:/opt/ros/humble/opt/rviz_ogre_vendor/lib:/opt/ros/humble/lib/x86_64-linux-gnu:/opt/ros/humble/lib /usr/bin/cmake --build /home/ice/polaris-bot/ros2_ws/build/polaris_controller -- -j2 -l2
[0.451s] -- Found ament_cmake: 1.3.7 (/opt/ros/humble/share/ament_cmake/cmake)
[0.805s] -- Found hardware_interface: 2.37.0 (/opt/ros/humble/share/hardware_interface/cmake)
[0.939s] -- Found rosidl_generator_c: 3.1.5 (/opt/ros/humble/share/rosidl_generator_c/cmake)
[0.944s] -- Found rosidl_adapter: 3.1.5 (/opt/ros/humble/share/rosidl_adapter/cmake)
[0.957s] -- Found rosidl_generator_cpp: 3.1.5 (/opt/ros/humble/share/rosidl_generator_cpp/cmake)
[0.981s] -- Using all available rosidl_typesupport_c: rosidl_typesupport_fastrtps_c;rosidl_typesupport_introspection_c
[1.009s] -- Using all available rosidl_typesupport_cpp: rosidl_typesupport_fastrtps_cpp;rosidl_typesupport_introspection_cpp
[3.013s] -- Found rmw_implementation_cmake: 6.1.1 (/opt/ros/humble/share/rmw_implementation_cmake/cmake)
[3.025s] -- Found rmw_fastrtps_cpp: 6.2.6 (/opt/ros/humble/share/rmw_fastrtps_cpp/cmake)
[3.221s] -- Found TinyXML2 via Config file: TinyXML2_DIR-NOTFOUND
[3.256s] -- Found TinyXML2 via Config file: TinyXML2_DIR-NOTFOUND
[3.325s] -- Found TinyXML2 via Config file: TinyXML2_DIR-NOTFOUND
[3.344s] -- Found TinyXML2 via Config file: TinyXML2_DIR-NOTFOUND
[3.369s] -- Using RMW implementation 'rmw_fastrtps_cpp' as default
[3.911s] -- Found rclcpp_components: 16.0.8 (/opt/ros/humble/share/rclcpp_components/cmake)
[4.082s] -- Found rosidl_default_generators: 1.2.0 (/opt/ros/humble/share/rosidl_default_generators/cmake)
[4.110s] -- Found messages: 0.0.0 (/home/ice/polaris-bot/ros2_ws/install/messages/share/messages/cmake)
[4.354s] -- Found ament_cmake_pytest: 1.3.7 (/opt/ros/humble/share/ament_cmake_pytest/cmake)
[6.853s] -- Configuring done
[7.231s] -- Generating done
[7.236s] -- Build files have been written to: /home/ice/polaris-bot/ros2_ws/build/polaris_controller
[7.304s] [35m[1mConsolidate compiler generated dependencies of target polaris_controller[0m
[7.453s] [ 50%] [32mBuilding CXX object CMakeFiles/polaris_controller.dir/hardware/polaris_system.cpp.o[0m
[17.760s] [100%] [32m[1mLinking CXX shared library libpolaris_controller.so[0m
[18.853s] [100%] Built target polaris_controller
[18.878s] Invoked command in '/home/ice/polaris-bot/ros2_ws/build/polaris_controller' returned '0': CMAKE_PREFIX_PATH=/home/ice/polaris-bot/ros2_ws/install/ros2_control_demo_description:/home/ice/polaris-bot/ros2_ws/install/messages:/home/ice/microros_ws/install/micro_ros_setup:/home/ice/microros_ws/install/micro_ros_agent:/home/ice/microros_ws/install/micro_ros_msgs:/home/ice/microros_ws/install/messages:/home/ice/polaris-bot/ros2_ws/install/services:/home/ice/polaris-bot/ros2_ws/install/polaris_controller:/home/ice/polaris-bot/ros2_ws/install/my_diff_drive_bot:/opt/ros/humble LD_LIBRARY_PATH=/home/ice/polaris-bot/ros2_ws/install/messages/lib:/home/ice/microros_ws/install/micro_ros_agent/lib:/home/ice/microros_ws/install/micro_ros_msgs/lib:/home/ice/microros_ws/install/messages/lib:/home/ice/polaris-bot/ros2_ws/install/services/lib:/home/ice/polaris-bot/ros2_ws/install/polaris_controller/lib:/usr/lib/x86_64-linux-gnu/gazebo-11/plugins:/opt/ros/humble/opt/rviz_ogre_vendor/lib:/opt/ros/humble/lib/x86_64-linux-gnu:/opt/ros/humble/lib /usr/bin/cmake --build /home/ice/polaris-bot/ros2_ws/build/polaris_controller -- -j2 -l2
[18.997s] Invoking command in '/home/ice/polaris-bot/ros2_ws/build/polaris_controller': CMAKE_PREFIX_PATH=/home/ice/polaris-bot/ros2_ws/install/ros2_control_demo_description:/home/ice/polaris-bot/ros2_ws/install/messages:/home/ice/microros_ws/install/micro_ros_setup:/home/ice/microros_ws/install/micro_ros_agent:/home/ice/microros_ws/install/micro_ros_msgs:/home/ice/microros_ws/install/messages:/home/ice/polaris-bot/ros2_ws/install/services:/home/ice/polaris-bot/ros2_ws/install/polaris_controller:/home/ice/polaris-bot/ros2_ws/install/my_diff_drive_bot:/opt/ros/humble LD_LIBRARY_PATH=/home/ice/polaris-bot/ros2_ws/install/messages/lib:/home/ice/microros_ws/install/micro_ros_agent/lib:/home/ice/microros_ws/install/micro_ros_msgs/lib:/home/ice/microros_ws/install/messages/lib:/home/ice/polaris-bot/ros2_ws/install/services/lib:/home/ice/polaris-bot/ros2_ws/install/polaris_controller/lib:/usr/lib/x86_64-linux-gnu/gazebo-11/plugins:/opt/ros/humble/opt/rviz_ogre_vendor/lib:/opt/ros/humble/lib/x86_64-linux-gnu:/opt/ros/humble/lib /usr/bin/cmake --install /home/ice/polaris-bot/ros2_ws/build/polaris_controller
[19.020s] -- Install configuration: ""
[19.020s] -- Up-to-date: /home/ice/polaris-bot/ros2_ws/install/polaris_controller/share/polaris_controller/polaris_controller.xml
[19.023s] -- Up-to-date: /home/ice/polaris-bot/ros2_ws/install/polaris_controller/include/polaris_controller
[19.032s] -- Up-to-date: /home/ice/polaris-bot/ros2_ws/install/polaris_controller/include/polaris_controller/polaris_controller
[19.040s] -- Up-to-date: /home/ice/polaris-bot/ros2_ws/install/polaris_controller/include/polaris_controller/polaris_controller/visibility_control.h
[19.041s] -- Up-to-date: /home/ice/polaris-bot/ros2_ws/install/polaris_controller/include/polaris_controller/polaris_controller/polaris_system.hpp
[19.041s] -- Up-to-date: /home/ice/polaris-bot/ros2_ws/install/polaris_controller/include/polaris_controller/polaris_controller/wheel.hpp
[19.046s] -- Up-to-date: /home/ice/polaris-bot/ros2_ws/install/polaris_controller/share/polaris_controller/launch
[19.047s] -- Up-to-date: /home/ice/polaris-bot/ros2_ws/install/polaris_controller/share/polaris_controller/launch/view_robot.launch.py
[19.047s] -- Up-to-date: /home/ice/polaris-bot/ros2_ws/install/polaris_controller/share/polaris_controller/ros2_control
[19.047s] -- Up-to-date: /home/ice/polaris-bot/ros2_ws/install/polaris_controller/share/polaris_controller/ros2_control/diffbot.ros2_control.xacro
[19.047s] -- Up-to-date: /home/ice/polaris-bot/ros2_ws/install/polaris_controller/share/polaris_controller/urdf
[19.047s] -- Up-to-date: /home/ice/polaris-bot/ros2_ws/install/polaris_controller/share/polaris_controller/urdf/diffbot.urdf.xacro
[19.051s] -- Up-to-date: /home/ice/polaris-bot/ros2_ws/install/polaris_controller/share/polaris_controller/launch
[19.051s] -- Up-to-date: /home/ice/polaris-bot/ros2_ws/install/polaris_controller/share/polaris_controller/launch/diffbot.launch.py
[19.052s] -- Up-to-date: /home/ice/polaris-bot/ros2_ws/install/polaris_controller/share/polaris_controller/config
[19.057s] -- Up-to-date: /home/ice/polaris-bot/ros2_ws/install/polaris_controller/share/polaris_controller/config/polaris_controller.yaml
[19.060s] -- Installing: /home/ice/polaris-bot/ros2_ws/install/polaris_controller/lib/libpolaris_controller.so
[19.067s] -- Set runtime path of "/home/ice/polaris-bot/ros2_ws/install/polaris_controller/lib/libpolaris_controller.so" to ""
[19.070s] -- Up-to-date: /home/ice/polaris-bot/ros2_ws/install/polaris_controller/share/polaris_controller/environment/library_path.sh
[19.071s] -- Installing: /home/ice/polaris-bot/ros2_ws/install/polaris_controller/share/polaris_controller/environment/library_path.dsv
[19.071s] -- Up-to-date: /home/ice/polaris-bot/ros2_ws/install/polaris_controller/share/ament_index/resource_index/package_run_dependencies/polaris_controller
[19.073s] -- Installing: /home/ice/polaris-bot/ros2_ws/install/polaris_controller/share/ament_index/resource_index/parent_prefix_path/polaris_controller
[19.076s] -- Up-to-date: /home/ice/polaris-bot/ros2_ws/install/polaris_controller/share/polaris_controller/environment/ament_prefix_path.sh
[19.077s] -- Installing: /home/ice/polaris-bot/ros2_ws/install/polaris_controller/share/polaris_controller/environment/ament_prefix_path.dsv
[19.079s] -- Up-to-date: /home/ice/polaris-bot/ros2_ws/install/polaris_controller/share/polaris_controller/environment/path.sh
[19.080s] -- Installing: /home/ice/polaris-bot/ros2_ws/install/polaris_controller/share/polaris_controller/environment/path.dsv
[19.083s] -- Up-to-date: /home/ice/polaris-bot/ros2_ws/install/polaris_controller/share/polaris_controller/local_setup.bash
[19.083s] -- Up-to-date: /home/ice/polaris-bot/ros2_ws/install/polaris_controller/share/polaris_controller/local_setup.sh
[19.086s] -- Up-to-date: /home/ice/polaris-bot/ros2_ws/install/polaris_controller/share/polaris_controller/local_setup.zsh
[19.086s] -- Installing: /home/ice/polaris-bot/ros2_ws/install/polaris_controller/share/polaris_controller/local_setup.dsv
[19.087s] -- Installing: /home/ice/polaris-bot/ros2_ws/install/polaris_controller/share/polaris_controller/package.dsv
[19.089s] -- Up-to-date: /home/ice/polaris-bot/ros2_ws/install/polaris_controller/share/ament_index/resource_index/packages/polaris_controller
[19.092s] -- Up-to-date: /home/ice/polaris-bot/ros2_ws/install/polaris_controller/share/ament_index/resource_index/hardware_interface__pluginlib__plugin/polaris_controller
[19.095s] -- Up-to-date: /home/ice/polaris-bot/ros2_ws/install/polaris_controller/share/ament_index/resource_index/rclcpp_components/polaris_controller
[19.100s] -- Up-to-date: /home/ice/polaris-bot/ros2_ws/install/polaris_controller/share/polaris_controller/cmake/export_polaris_controllerExport.cmake
[19.101s] -- Up-to-date: /home/ice/polaris-bot/ros2_ws/install/polaris_controller/share/polaris_controller/cmake/export_polaris_controllerExport-noconfig.cmake
[19.103s] -- Up-to-date: /home/ice/polaris-bot/ros2_ws/install/polaris_controller/share/polaris_controller/cmake/ament_cmake_export_targets-extras.cmake
[19.104s] -- Up-to-date: /home/ice/polaris-bot/ros2_ws/install/polaris_controller/share/polaris_controller/cmake/ament_cmake_export_dependencies-extras.cmake
[19.105s] -- Up-to-date: /home/ice/polaris-bot/ros2_ws/install/polaris_controller/share/polaris_controller/cmake/polaris_controllerConfig.cmake
[19.105s] -- Up-to-date: /home/ice/polaris-bot/ros2_ws/install/polaris_controller/share/polaris_controller/cmake/polaris_controllerConfig-version.cmake
[19.105s] -- Up-to-date: /home/ice/polaris-bot/ros2_ws/install/polaris_controller/share/polaris_controller/package.xml
[19.140s] Invoked command in '/home/ice/polaris-bot/ros2_ws/build/polaris_controller' returned '0': CMAKE_PREFIX_PATH=/home/ice/polaris-bot/ros2_ws/install/ros2_control_demo_description:/home/ice/polaris-bot/ros2_ws/install/messages:/home/ice/microros_ws/install/micro_ros_setup:/home/ice/microros_ws/install/micro_ros_agent:/home/ice/microros_ws/install/micro_ros_msgs:/home/ice/microros_ws/install/messages:/home/ice/polaris-bot/ros2_ws/install/services:/home/ice/polaris-bot/ros2_ws/install/polaris_controller:/home/ice/polaris-bot/ros2_ws/install/my_diff_drive_bot:/opt/ros/humble LD_LIBRARY_PATH=/home/ice/polaris-bot/ros2_ws/install/messages/lib:/home/ice/microros_ws/install/micro_ros_agent/lib:/home/ice/microros_ws/install/micro_ros_msgs/lib:/home/ice/microros_ws/install/messages/lib:/home/ice/polaris-bot/ros2_ws/install/services/lib:/home/ice/polaris-bot/ros2_ws/install/polaris_controller/lib:/usr/lib/x86_64-linux-gnu/gazebo-11/plugins:/opt/ros/humble/opt/rviz_ogre_vendor/lib:/opt/ros/humble/lib/x86_64-linux-gnu:/opt/ros/humble/lib /usr/bin/cmake --install /home/ice/polaris-bot/ros2_ws/build/polaris_controller
