[0.432s] Invoking command in '/home/ice/polaris-bot/ros2_ws/build/messages': CMAKE_PREFIX_PATH=${CMAKE_PREFIX_PATH}:/opt/ros/humble /usr/bin/cmake --build /home/ice/polaris-bot/ros2_ws/build/messages -- -j2 -l2
[1.048s] [  3%] Built target messages__cpp
[1.118s] [35m[1mConsolidate compiler generated dependencies of target messages__rosidl_generator_c[0m
[1.191s] [ 12%] Built target messages__rosidl_generator_c
[1.374s] [ 12%] Built target ament_cmake_python_copy_messages
[1.444s] [35m[1mConsolidate compiler generated dependencies of target messages__rosidl_typesupport_introspection_cpp[0m
[1.559s] [ 22%] Built target messages__rosidl_typesupport_introspection_cpp
[1.642s] [35m[1mConsolidate compiler generated dependencies of target messages__rosidl_typesupport_cpp[0m
[1.688s] [ 32%] Built target messages__rosidl_typesupport_cpp
[1.775s] [35m[1mConsolidate compiler generated dependencies of target messages__rosidl_typesupport_fastrtps_c[0m
[1.861s] [ 41%] Built target messages__rosidl_typesupport_fastrtps_c
[1.962s] [35m[1mConsolidate compiler generated dependencies of target messages__rosidl_typesupport_introspection_c[0m
[2.016s] [ 51%] Built target messages__rosidl_typesupport_introspection_c
[2.091s] [35m[1mConsolidate compiler generated dependencies of target messages__rosidl_typesupport_c[0m
[2.167s] [ 61%] Built target messages__rosidl_typesupport_c
[2.259s] [35m[1mConsolidate compiler generated dependencies of target messages__rosidl_typesupport_fastrtps_cpp[0m
[2.307s] [ 70%] Built target messages__rosidl_typesupport_fastrtps_cpp
[3.385s] running egg_info
[3.402s] writing messages.egg-info/PKG-INFO
[3.403s] writing dependency_links to messages.egg-info/dependency_links.txt
[3.403s] writing top-level names to messages.egg-info/top_level.txt
[3.418s] reading manifest file 'messages.egg-info/SOURCES.txt'
[3.418s] writing manifest file 'messages.egg-info/SOURCES.txt'
[3.482s] [ 70%] Built target ament_cmake_python_build_messages_egg
[3.570s] [ 70%] Built target messages
[3.669s] [ 74%] Built target messages__py
[3.764s] [35m[1mConsolidate compiler generated dependencies of target messages__rosidl_generator_py[0m
[3.854s] [ 80%] Built target messages__rosidl_generator_py
[3.921s] [35m[1mConsolidate compiler generated dependencies of target messages__rosidl_typesupport_fastrtps_c__pyext[0m
[3.963s] [ 87%] Built target messages__rosidl_typesupport_fastrtps_c__pyext
[4.030s] [35m[1mConsolidate compiler generated dependencies of target messages__rosidl_typesupport_introspection_c__pyext[0m
[4.069s] [ 93%] Built target messages__rosidl_typesupport_introspection_c__pyext
[4.148s] [35m[1mConsolidate compiler generated dependencies of target messages__rosidl_typesupport_c__pyext[0m
[4.194s] [100%] Built target messages__rosidl_typesupport_c__pyext
[4.254s] Invoked command in '/home/ice/polaris-bot/ros2_ws/build/messages' returned '0': CMAKE_PREFIX_PATH=${CMAKE_PREFIX_PATH}:/opt/ros/humble /usr/bin/cmake --build /home/ice/polaris-bot/ros2_ws/build/messages -- -j2 -l2
[4.754s] Invoking command in '/home/ice/polaris-bot/ros2_ws/build/messages': CMAKE_PREFIX_PATH=${CMAKE_PREFIX_PATH}:/opt/ros/humble /usr/bin/cmake --install /home/ice/polaris-bot/ros2_ws/build/messages
[4.804s] -- Install configuration: ""
[4.807s] -- Up-to-date: /home/ice/polaris-bot/ros2_ws/install/messages/share/ament_index/resource_index/rosidl_interfaces/messages
[4.811s] -- Up-to-date: /home/ice/polaris-bot/ros2_ws/install/messages/include/messages/messages
[4.813s] -- Up-to-date: /home/ice/polaris-bot/ros2_ws/install/messages/include/messages/messages/msg
[4.815s] -- Up-to-date: /home/ice/polaris-bot/ros2_ws/install/messages/include/messages/messages/msg/detail
[4.817s] -- Up-to-date: /home/ice/polaris-bot/ros2_ws/install/messages/include/messages/messages/msg/detail/robot_motor_speed__functions.c
[4.817s] -- Up-to-date: /home/ice/polaris-bot/ros2_ws/install/messages/include/messages/messages/msg/detail/robot_motor_speed__functions.h
[4.817s] -- Up-to-date: /home/ice/polaris-bot/ros2_ws/install/messages/include/messages/messages/msg/detail/robot_motor_speed__struct.h
[4.818s] -- Up-to-date: /home/ice/polaris-bot/ros2_ws/install/messages/include/messages/messages/msg/detail/robot_motor_speed__type_support.h
[4.818s] -- Up-to-date: /home/ice/polaris-bot/ros2_ws/install/messages/include/messages/messages/msg/robot_motor_speed.h
[4.821s] -- Up-to-date: /home/ice/polaris-bot/ros2_ws/install/messages/include/messages/messages/msg/rosidl_generator_c__visibility_control.h
[4.825s] -- Up-to-date: /home/ice/polaris-bot/ros2_ws/install/messages/share/messages/environment/library_path.sh
[4.826s] -- Up-to-date: /home/ice/polaris-bot/ros2_ws/install/messages/share/messages/environment/library_path.dsv
[4.830s] -- Up-to-date: /home/ice/polaris-bot/ros2_ws/install/messages/lib/libmessages__rosidl_generator_c.so
[4.831s] -- Up-to-date: /home/ice/polaris-bot/ros2_ws/install/messages/include/messages/messages
[4.831s] -- Up-to-date: /home/ice/polaris-bot/ros2_ws/install/messages/include/messages/messages/msg
[4.831s] -- Up-to-date: /home/ice/polaris-bot/ros2_ws/install/messages/include/messages/messages/msg/detail
[4.831s] -- Up-to-date: /home/ice/polaris-bot/ros2_ws/install/messages/include/messages/messages/msg/detail/robot_motor_speed__rosidl_typesupport_fastrtps_c.h
[4.832s] -- Up-to-date: /home/ice/polaris-bot/ros2_ws/install/messages/include/messages/messages/msg/rosidl_typesupport_fastrtps_c__visibility_control.h
[4.835s] -- Up-to-date: /home/ice/polaris-bot/ros2_ws/install/messages/lib/libmessages__rosidl_typesupport_fastrtps_c.so
[4.836s] -- Up-to-date: /home/ice/polaris-bot/ros2_ws/install/messages/include/messages/messages
[4.837s] -- Up-to-date: /home/ice/polaris-bot/ros2_ws/install/messages/include/messages/messages/msg
[4.837s] -- Up-to-date: /home/ice/polaris-bot/ros2_ws/install/messages/include/messages/messages/msg/detail
[4.838s] -- Up-to-date: /home/ice/polaris-bot/ros2_ws/install/messages/include/messages/messages/msg/detail/robot_motor_speed__rosidl_typesupport_introspection_c.h
[4.838s] -- Up-to-date: /home/ice/polaris-bot/ros2_ws/install/messages/include/messages/messages/msg/detail/robot_motor_speed__type_support.c
[4.838s] -- Up-to-date: /home/ice/polaris-bot/ros2_ws/install/messages/include/messages/messages/msg/rosidl_typesupport_introspection_c__visibility_control.h
[4.843s] -- Up-to-date: /home/ice/polaris-bot/ros2_ws/install/messages/lib/libmessages__rosidl_typesupport_introspection_c.so
[4.846s] -- Up-to-date: /home/ice/polaris-bot/ros2_ws/install/messages/lib/libmessages__rosidl_typesupport_c.so
[4.847s] -- Up-to-date: /home/ice/polaris-bot/ros2_ws/install/messages/include/messages/messages
[4.847s] -- Up-to-date: /home/ice/polaris-bot/ros2_ws/install/messages/include/messages/messages/msg
[4.847s] -- Up-to-date: /home/ice/polaris-bot/ros2_ws/install/messages/include/messages/messages/msg/detail
[4.848s] -- Up-to-date: /home/ice/polaris-bot/ros2_ws/install/messages/include/messages/messages/msg/detail/robot_motor_speed__builder.hpp
[4.848s] -- Up-to-date: /home/ice/polaris-bot/ros2_ws/install/messages/include/messages/messages/msg/detail/robot_motor_speed__struct.hpp
[4.848s] -- Up-to-date: /home/ice/polaris-bot/ros2_ws/install/messages/include/messages/messages/msg/detail/robot_motor_speed__traits.hpp
[4.848s] -- Up-to-date: /home/ice/polaris-bot/ros2_ws/install/messages/include/messages/messages/msg/robot_motor_speed.hpp
[4.848s] -- Up-to-date: /home/ice/polaris-bot/ros2_ws/install/messages/include/messages/messages
[4.849s] -- Up-to-date: /home/ice/polaris-bot/ros2_ws/install/messages/include/messages/messages/msg
[4.849s] -- Up-to-date: /home/ice/polaris-bot/ros2_ws/install/messages/include/messages/messages/msg/detail
[4.849s] -- Up-to-date: /home/ice/polaris-bot/ros2_ws/install/messages/include/messages/messages/msg/detail/dds_fastrtps
[4.850s] -- Up-to-date: /home/ice/polaris-bot/ros2_ws/install/messages/include/messages/messages/msg/detail/robot_motor_speed__rosidl_typesupport_fastrtps_cpp.hpp
[4.850s] -- Up-to-date: /home/ice/polaris-bot/ros2_ws/install/messages/include/messages/messages/msg/rosidl_typesupport_fastrtps_cpp__visibility_control.h
[4.853s] -- Up-to-date: /home/ice/polaris-bot/ros2_ws/install/messages/lib/libmessages__rosidl_typesupport_fastrtps_cpp.so
[4.854s] -- Up-to-date: /home/ice/polaris-bot/ros2_ws/install/messages/include/messages/messages
[4.855s] -- Up-to-date: /home/ice/polaris-bot/ros2_ws/install/messages/include/messages/messages/msg
[4.855s] -- Up-to-date: /home/ice/polaris-bot/ros2_ws/install/messages/include/messages/messages/msg/detail
[4.855s] -- Up-to-date: /home/ice/polaris-bot/ros2_ws/install/messages/include/messages/messages/msg/detail/robot_motor_speed__rosidl_typesupport_introspection_cpp.hpp
[4.856s] -- Up-to-date: /home/ice/polaris-bot/ros2_ws/install/messages/include/messages/messages/msg/detail/robot_motor_speed__type_support.cpp
[4.860s] -- Up-to-date: /home/ice/polaris-bot/ros2_ws/install/messages/lib/libmessages__rosidl_typesupport_introspection_cpp.so
[4.865s] -- Up-to-date: /home/ice/polaris-bot/ros2_ws/install/messages/lib/libmessages__rosidl_typesupport_cpp.so
[4.866s] -- Up-to-date: /home/ice/polaris-bot/ros2_ws/install/messages/share/messages/environment/pythonpath.sh
[4.866s] -- Up-to-date: /home/ice/polaris-bot/ros2_ws/install/messages/share/messages/environment/pythonpath.dsv
[4.866s] -- Up-to-date: /home/ice/polaris-bot/ros2_ws/install/messages/local/lib/python3.10/dist-packages/messages-0.0.0-py3.10.egg-info
[4.867s] -- Installing: /home/ice/polaris-bot/ros2_ws/install/messages/local/lib/python3.10/dist-packages/messages-0.0.0-py3.10.egg-info/top_level.txt
[4.867s] -- Installing: /home/ice/polaris-bot/ros2_ws/install/messages/local/lib/python3.10/dist-packages/messages-0.0.0-py3.10.egg-info/PKG-INFO
[4.883s] -- Installing: /home/ice/polaris-bot/ros2_ws/install/messages/local/lib/python3.10/dist-packages/messages-0.0.0-py3.10.egg-info/SOURCES.txt
[4.884s] -- Installing: /home/ice/polaris-bot/ros2_ws/install/messages/local/lib/python3.10/dist-packages/messages-0.0.0-py3.10.egg-info/dependency_links.txt
[4.886s] -- Up-to-date: /home/ice/polaris-bot/ros2_ws/install/messages/local/lib/python3.10/dist-packages/messages
[4.888s] -- Up-to-date: /home/ice/polaris-bot/ros2_ws/install/messages/local/lib/python3.10/dist-packages/messages/_messages_s.ep.rosidl_typesupport_fastrtps_c.c
[4.888s] -- Up-to-date: /home/ice/polaris-bot/ros2_ws/install/messages/local/lib/python3.10/dist-packages/messages/messages_s__rosidl_typesupport_introspection_c.cpython-310-x86_64-linux-gnu.so
[4.888s] -- Up-to-date: /home/ice/polaris-bot/ros2_ws/install/messages/local/lib/python3.10/dist-packages/messages/messages_s__rosidl_typesupport_c.cpython-310-x86_64-linux-gnu.so
[4.889s] -- Up-to-date: /home/ice/polaris-bot/ros2_ws/install/messages/local/lib/python3.10/dist-packages/messages/messages_s__rosidl_typesupport_fastrtps_c.cpython-310-x86_64-linux-gnu.so
[4.889s] -- Up-to-date: /home/ice/polaris-bot/ros2_ws/install/messages/local/lib/python3.10/dist-packages/messages/_messages_s.ep.rosidl_typesupport_introspection_c.c
[4.890s] -- Up-to-date: /home/ice/polaris-bot/ros2_ws/install/messages/local/lib/python3.10/dist-packages/messages/msg
[4.894s] -- Up-to-date: /home/ice/polaris-bot/ros2_ws/install/messages/local/lib/python3.10/dist-packages/messages/msg/_robot_motor_speed.py
[4.894s] -- Up-to-date: /home/ice/polaris-bot/ros2_ws/install/messages/local/lib/python3.10/dist-packages/messages/msg/_robot_motor_speed_s.c
[4.895s] -- Up-to-date: /home/ice/polaris-bot/ros2_ws/install/messages/local/lib/python3.10/dist-packages/messages/msg/__init__.py
[4.895s] -- Up-to-date: /home/ice/polaris-bot/ros2_ws/install/messages/local/lib/python3.10/dist-packages/messages/libmessages__rosidl_generator_py.so
[4.896s] -- Up-to-date: /home/ice/polaris-bot/ros2_ws/install/messages/local/lib/python3.10/dist-packages/messages/__init__.py
[4.897s] -- Up-to-date: /home/ice/polaris-bot/ros2_ws/install/messages/local/lib/python3.10/dist-packages/messages/_messages_s.ep.rosidl_typesupport_c.c
[5.077s] Listing '/home/ice/polaris-bot/ros2_ws/install/messages/local/lib/python3.10/dist-packages/messages'...
[5.079s] Listing '/home/ice/polaris-bot/ros2_ws/install/messages/local/lib/python3.10/dist-packages/messages/msg'...
[5.092s] -- Up-to-date: /home/ice/polaris-bot/ros2_ws/install/messages/local/lib/python3.10/dist-packages/messages/messages_s__rosidl_typesupport_fastrtps_c.cpython-310-x86_64-linux-gnu.so
[5.108s] -- Up-to-date: /home/ice/polaris-bot/ros2_ws/install/messages/local/lib/python3.10/dist-packages/messages/messages_s__rosidl_typesupport_introspection_c.cpython-310-x86_64-linux-gnu.so
[5.115s] -- Up-to-date: /home/ice/polaris-bot/ros2_ws/install/messages/local/lib/python3.10/dist-packages/messages/messages_s__rosidl_typesupport_c.cpython-310-x86_64-linux-gnu.so
[5.121s] -- Up-to-date: /home/ice/polaris-bot/ros2_ws/install/messages/lib/libmessages__rosidl_generator_py.so
[5.127s] -- Up-to-date: /home/ice/polaris-bot/ros2_ws/install/messages/share/messages/msg/RobotMotorSpeed.idl
[5.127s] -- Up-to-date: /home/ice/polaris-bot/ros2_ws/install/messages/share/messages/msg/RobotMotorSpeed.msg
[5.127s] -- Up-to-date: /home/ice/polaris-bot/ros2_ws/install/messages/share/ament_index/resource_index/package_run_dependencies/messages
[5.128s] -- Up-to-date: /home/ice/polaris-bot/ros2_ws/install/messages/share/ament_index/resource_index/parent_prefix_path/messages
[5.129s] -- Up-to-date: /home/ice/polaris-bot/ros2_ws/install/messages/share/messages/environment/ament_prefix_path.sh
[5.130s] -- Up-to-date: /home/ice/polaris-bot/ros2_ws/install/messages/share/messages/environment/ament_prefix_path.dsv
[5.131s] -- Up-to-date: /home/ice/polaris-bot/ros2_ws/install/messages/share/messages/environment/path.sh
[5.131s] -- Up-to-date: /home/ice/polaris-bot/ros2_ws/install/messages/share/messages/environment/path.dsv
[5.132s] -- Up-to-date: /home/ice/polaris-bot/ros2_ws/install/messages/share/messages/local_setup.bash
[5.132s] -- Up-to-date: /home/ice/polaris-bot/ros2_ws/install/messages/share/messages/local_setup.sh
[5.133s] -- Up-to-date: /home/ice/polaris-bot/ros2_ws/install/messages/share/messages/local_setup.zsh
[5.134s] -- Up-to-date: /home/ice/polaris-bot/ros2_ws/install/messages/share/messages/local_setup.dsv
[5.135s] -- Installing: /home/ice/polaris-bot/ros2_ws/install/messages/share/messages/package.dsv
[5.137s] -- Up-to-date: /home/ice/polaris-bot/ros2_ws/install/messages/share/ament_index/resource_index/packages/messages
[5.147s] -- Up-to-date: /home/ice/polaris-bot/ros2_ws/install/messages/share/messages/cmake/export_messages__rosidl_generator_cExport.cmake
[5.148s] -- Up-to-date: /home/ice/polaris-bot/ros2_ws/install/messages/share/messages/cmake/export_messages__rosidl_generator_cExport-noconfig.cmake
[5.151s] -- Up-to-date: /home/ice/polaris-bot/ros2_ws/install/messages/share/messages/cmake/export_messages__rosidl_typesupport_fastrtps_cExport.cmake
[5.151s] -- Up-to-date: /home/ice/polaris-bot/ros2_ws/install/messages/share/messages/cmake/export_messages__rosidl_typesupport_fastrtps_cExport-noconfig.cmake
[5.155s] -- Up-to-date: /home/ice/polaris-bot/ros2_ws/install/messages/share/messages/cmake/messages__rosidl_typesupport_introspection_cExport.cmake
[5.155s] -- Up-to-date: /home/ice/polaris-bot/ros2_ws/install/messages/share/messages/cmake/messages__rosidl_typesupport_introspection_cExport-noconfig.cmake
[5.160s] -- Up-to-date: /home/ice/polaris-bot/ros2_ws/install/messages/share/messages/cmake/messages__rosidl_typesupport_cExport.cmake
[5.160s] -- Up-to-date: /home/ice/polaris-bot/ros2_ws/install/messages/share/messages/cmake/messages__rosidl_typesupport_cExport-noconfig.cmake
[5.166s] -- Up-to-date: /home/ice/polaris-bot/ros2_ws/install/messages/share/messages/cmake/export_messages__rosidl_generator_cppExport.cmake
[5.186s] -- Up-to-date: /home/ice/polaris-bot/ros2_ws/install/messages/share/messages/cmake/export_messages__rosidl_typesupport_fastrtps_cppExport.cmake
[5.187s] -- Up-to-date: /home/ice/polaris-bot/ros2_ws/install/messages/share/messages/cmake/export_messages__rosidl_typesupport_fastrtps_cppExport-noconfig.cmake
[5.191s] -- Up-to-date: /home/ice/polaris-bot/ros2_ws/install/messages/share/messages/cmake/messages__rosidl_typesupport_introspection_cppExport.cmake
[5.192s] -- Up-to-date: /home/ice/polaris-bot/ros2_ws/install/messages/share/messages/cmake/messages__rosidl_typesupport_introspection_cppExport-noconfig.cmake
[5.220s] -- Up-to-date: /home/ice/polaris-bot/ros2_ws/install/messages/share/messages/cmake/messages__rosidl_typesupport_cppExport.cmake
[5.227s] -- Up-to-date: /home/ice/polaris-bot/ros2_ws/install/messages/share/messages/cmake/messages__rosidl_typesupport_cppExport-noconfig.cmake
[5.233s] -- Up-to-date: /home/ice/polaris-bot/ros2_ws/install/messages/share/messages/cmake/export_messages__rosidl_generator_pyExport.cmake
[5.234s] -- Up-to-date: /home/ice/polaris-bot/ros2_ws/install/messages/share/messages/cmake/export_messages__rosidl_generator_pyExport-noconfig.cmake
[5.235s] -- Up-to-date: /home/ice/polaris-bot/ros2_ws/install/messages/share/messages/cmake/rosidl_cmake-extras.cmake
[5.235s] -- Up-to-date: /home/ice/polaris-bot/ros2_ws/install/messages/share/messages/cmake/ament_cmake_export_include_directories-extras.cmake
[5.236s] -- Up-to-date: /home/ice/polaris-bot/ros2_ws/install/messages/share/messages/cmake/ament_cmake_export_libraries-extras.cmake
[5.236s] -- Up-to-date: /home/ice/polaris-bot/ros2_ws/install/messages/share/messages/cmake/ament_cmake_export_targets-extras.cmake
[5.237s] -- Up-to-date: /home/ice/polaris-bot/ros2_ws/install/messages/share/messages/cmake/rosidl_cmake_export_typesupport_targets-extras.cmake
[5.237s] -- Up-to-date: /home/ice/polaris-bot/ros2_ws/install/messages/share/messages/cmake/ament_cmake_export_dependencies-extras.cmake
[5.238s] -- Up-to-date: /home/ice/polaris-bot/ros2_ws/install/messages/share/messages/cmake/rosidl_cmake_export_typesupport_libraries-extras.cmake
[5.238s] -- Up-to-date: /home/ice/polaris-bot/ros2_ws/install/messages/share/messages/cmake/messagesConfig.cmake
[5.239s] -- Up-to-date: /home/ice/polaris-bot/ros2_ws/install/messages/share/messages/cmake/messagesConfig-version.cmake
[5.239s] -- Up-to-date: /home/ice/polaris-bot/ros2_ws/install/messages/share/messages/package.xml
[5.251s] Invoked command in '/home/ice/polaris-bot/ros2_ws/build/messages' returned '0': CMAKE_PREFIX_PATH=${CMAKE_PREFIX_PATH}:/opt/ros/humble /usr/bin/cmake --install /home/ice/polaris-bot/ros2_ws/build/messages
