[0.327s] Invoking command in '/home/ice/microros_ws/firmware/mcu_ws/build/diagnostic_msgs': AMENT_PREFIX_PATH=/home/ice/microros_ws/firmware/mcu_ws/install:${AMENT_PREFIX_PATH} CMAKE_PREFIX_PATH=/home/ice/microros_ws/firmware/mcu_ws/install:/home/ice/microros_ws/firmware/dev_ws/install/ament_lint_common:/home/ice/microros_ws/firmware/dev_ws/install/ament_cmake_uncrustify:/home/ice/microros_ws/firmware/dev_ws/install/uncrustify_vendor:/home/ice/microros_ws/firmware/dev_ws/install/ament_cmake_ros:/home/ice/microros_ws/firmware/dev_ws/install/ament_cmake_auto:/home/ice/microros_ws/firmware/dev_ws/install/ament_cmake_gmock:/home/ice/microros_ws/firmware/dev_ws/install/gmock_vendor:/home/ice/microros_ws/firmware/dev_ws/install/ament_cmake_gtest:/home/ice/microros_ws/firmware/dev_ws/install/gtest_vendor:/home/ice/microros_ws/firmware/dev_ws/install/ament_cmake_xmllint:/home/ice/microros_ws/firmware/dev_ws/install/ament_cmake_pyflakes:/home/ice/microros_ws/firmware/dev_ws/install/ament_cmake_pycodestyle:/home/ice/microros_ws/firmware/dev_ws/install/ament_cmake_pep257:/home/ice/microros_ws/firmware/dev_ws/install/ament_cmake_pclint:/home/ice/microros_ws/firmware/dev_ws/install/ament_lint_auto:/home/ice/microros_ws/firmware/dev_ws/install/ament_cmake:/home/ice/microros_ws/firmware/dev_ws/install/ament_cmake_version:/home/ice/microros_ws/firmware/dev_ws/install/ament_cmake_vendor_package:/home/ice/microros_ws/firmware/dev_ws/install/ament_cmake_pytest:/home/ice/microros_ws/firmware/dev_ws/install/ament_cmake_nose:/home/ice/microros_ws/firmware/dev_ws/install/ament_cmake_mypy:/home/ice/microros_ws/firmware/dev_ws/install/ament_cmake_lint_cmake:/home/ice/microros_ws/firmware/dev_ws/install/ament_cmake_google_benchmark:/home/ice/microros_ws/firmware/dev_ws/install/ament_cmake_flake8:/home/ice/microros_ws/firmware/dev_ws/install/ament_cmake_cpplint:/home/ice/microros_ws/firmware/dev_ws/install/ament_cmake_cppcheck:/home/ice/microros_ws/firmware/dev_ws/install/ament_cmake_copyright:/home/ice/microros_ws/firmware/dev_ws/install/ament_cmake_clang_tidy:/home/ice/microros_ws/firmware/dev_ws/install/ament_cmake_clang_format:/home/ice/microros_ws/firmware/dev_ws/install/ament_cmake_test:/home/ice/microros_ws/firmware/dev_ws/install/ament_cmake_target_dependencies:/home/ice/microros_ws/firmware/dev_ws/install/ament_cmake_python:/home/ice/microros_ws/firmware/dev_ws/install/ament_cmake_export_dependencies:/home/ice/microros_ws/firmware/dev_ws/install/ament_cmake_libraries:/home/ice/microros_ws/firmware/dev_ws/install/ament_cmake_include_directories:/home/ice/microros_ws/firmware/dev_ws/install/ament_cmake_gen_version_h:/home/ice/microros_ws/firmware/dev_ws/install/ament_cmake_export_targets:/home/ice/microros_ws/firmware/dev_ws/install/ament_cmake_export_link_flags:/home/ice/microros_ws/firmware/dev_ws/install/ament_cmake_export_interfaces:/home/ice/microros_ws/firmware/dev_ws/install/ament_cmake_export_libraries:/home/ice/microros_ws/firmware/dev_ws/install/ament_cmake_export_include_directories:/home/ice/microros_ws/firmware/dev_ws/install/ament_cmake_export_definitions:/home/ice/microros_ws/firmware/dev_ws/install/ament_cmake_core:/home/ice/microros_ws/firmware/dev_ws/install/ament_index_cpp:/home/ice/microros_ws/firmware/dev_ws/install/ament_uncrustify:/home/ice/microros_ws/firmware/dev_ws/install/domain_coordinator:/home/ice/microros_ws/firmware/dev_ws/install/ament_xmllint:/home/ice/microros_ws/firmware/dev_ws/install/ament_pyflakes:/home/ice/microros_ws/firmware/dev_ws/install/ament_pycodestyle:/home/ice/microros_ws/firmware/dev_ws/install/ament_pep257:/home/ice/microros_ws/firmware/dev_ws/install/ament_pclint:/home/ice/microros_ws/firmware/dev_ws/install/ament_package:/home/ice/microros_ws/firmware/dev_ws/install/ament_mypy:/home/ice/microros_ws/firmware/dev_ws/install/ament_lint_cmake:/home/ice/microros_ws/firmware/dev_ws/install/ament_flake8:/home/ice/microros_ws/firmware/dev_ws/install/ament_copyright:/home/ice/microros_ws/firmware/dev_ws/install/ament_lint:/home/ice/microros_ws/firmware/dev_ws/install/ament_index_python:/home/ice/microros_ws/firmware/dev_ws/install/ament_cpplint:/home/ice/microros_ws/firmware/dev_ws/install/ament_cppcheck:/home/ice/microros_ws/firmware/dev_ws/install/ament_clang_tidy:/home/ice/microros_ws/firmware/dev_ws/install/ament_clang_format LD_LIBRARY_PATH=/home/ice/microros_ws/firmware/mcu_ws/install/lib:${LD_LIBRARY_PATH} PATH=/home/ice/microros_ws/firmware/mcu_ws/install/bin:${PATH} PYTHONPATH=/home/ice/microros_ws/firmware/mcu_ws/install/lib/python3.10/site-packages:${PYTHONPATH} /usr/bin/cmake --build /home/ice/microros_ws/firmware/mcu_ws/build/diagnostic_msgs -- -j2 -l2
[0.370s] gmake[4]: Entering directory '/home/ice/microros_ws/firmware/mcu_ws/build/diagnostic_msgs'
[0.370s] /usr/bin/cmake -S/home/ice/microros_ws/firmware/mcu_ws/ros2/common_interfaces/diagnostic_msgs -B/home/ice/microros_ws/firmware/mcu_ws/build/diagnostic_msgs --check-build-system CMakeFiles/Makefile.cmake 0
[0.389s] Re-run cmake file: Makefile older than: /home/ice/microros_ws/firmware/freertos_apps/microros_esp32_extensions/esp32_toolchain.cmake
[0.397s] -- Found ament_cmake: 1.3.7 (/home/ice/microros_ws/firmware/dev_ws/install/ament_cmake/share/ament_cmake/cmake)
[0.779s] -- Found rosidl_default_generators: 1.2.0 (/home/ice/microros_ws/firmware/mcu_ws/install/share/rosidl_default_generators/cmake)
[0.800s] -- Using all available rosidl_typesupport_c: rosidl_typesupport_introspection_c;rosidl_typesupport_microxrcedds_c
[0.806s] -- Found rosidl_adapter: 3.1.5 (/home/ice/microros_ws/firmware/mcu_ws/install/share/rosidl_adapter/cmake)
[0.839s] [33mCMake Warning at /home/ice/microros_ws/firmware/mcu_ws/install/share/rcutils/cmake/ament_cmake_export_libraries-extras.cmake:116 (message):
[0.840s]   Package 'rcutils' exports library 'dl' which couldn't be found
[0.840s] Call Stack (most recent call first):
[0.840s]   /home/ice/microros_ws/firmware/mcu_ws/install/share/rcutils/cmake/rcutilsConfig.cmake:41 (include)
[0.841s]   /home/ice/microros_ws/firmware/mcu_ws/install/share/rosidl_runtime_c/cmake/ament_cmake_export_dependencies-extras.cmake:21 (find_package)
[0.841s]   /home/ice/microros_ws/firmware/mcu_ws/install/share/rosidl_runtime_c/cmake/rosidl_runtime_cConfig.cmake:41 (include)
[0.841s]   /home/ice/microros_ws/firmware/mcu_ws/install/share/rosidl_typesupport_introspection_c/cmake/ament_cmake_export_dependencies-extras.cmake:21 (find_package)
[0.841s]   /home/ice/microros_ws/firmware/mcu_ws/install/share/rosidl_typesupport_introspection_c/cmake/rosidl_typesupport_introspection_cConfig.cmake:41 (include)
[0.841s]   /home/ice/microros_ws/firmware/mcu_ws/install/share/rosidl_typesupport_c/cmake/rosidl_typesupport_c-extras.cmake:13 (find_package)
[0.841s]   /home/ice/microros_ws/firmware/mcu_ws/install/share/rosidl_typesupport_c/cmake/rosidl_typesupport_cConfig.cmake:41 (include)
[0.841s]   /home/ice/microros_ws/firmware/mcu_ws/install/share/rosidl_default_generators/cmake/rosidl_default_generators-extras.cmake:21 (find_package)
[0.841s]   /home/ice/microros_ws/firmware/mcu_ws/install/share/rosidl_default_generators/cmake/rosidl_default_generatorsConfig.cmake:41 (include)
[0.842s]   CMakeLists.txt:14 (find_package)
[0.842s] 
[0.842s] [0m
[0.925s] -- Found std_msgs: 4.2.3 (/home/ice/microros_ws/firmware/mcu_ws/install/share/std_msgs/cmake)
[1.927s] -- Found ament_cmake_ros: 0.10.0 (/home/ice/microros_ws/firmware/dev_ws/install/ament_cmake_ros/share/ament_cmake_ros/cmake)
[2.359s] -- Using all available rosidl_typesupport_c: rosidl_typesupport_introspection_c;rosidl_typesupport_microxrcedds_c
[2.387s] -- Configuring done
[2.477s] -- Generating done
[2.490s] -- Build files have been written to: /home/ice/microros_ws/firmware/mcu_ws/build/diagnostic_msgs
[2.498s] /usr/bin/cmake -E cmake_progress_start /home/ice/microros_ws/firmware/mcu_ws/build/diagnostic_msgs/CMakeFiles /home/ice/microros_ws/firmware/mcu_ws/build/diagnostic_msgs//CMakeFiles/progress.marks
[2.516s] /usr/bin/gmake  -f CMakeFiles/Makefile2 all
[2.534s] gmake[5]: Entering directory '/home/ice/microros_ws/firmware/mcu_ws/build/diagnostic_msgs'
[2.536s] /usr/bin/gmake  -f CMakeFiles/diagnostic_msgs__rosidl_generator_c.dir/build.make CMakeFiles/diagnostic_msgs__rosidl_generator_c.dir/depend
[2.542s] gmake[6]: Entering directory '/home/ice/microros_ws/firmware/mcu_ws/build/diagnostic_msgs'
[2.542s] cd /home/ice/microros_ws/firmware/mcu_ws/build/diagnostic_msgs && /usr/bin/cmake -E cmake_depends "Unix Makefiles" /home/ice/microros_ws/firmware/mcu_ws/ros2/common_interfaces/diagnostic_msgs /home/ice/microros_ws/firmware/mcu_ws/ros2/common_interfaces/diagnostic_msgs /home/ice/microros_ws/firmware/mcu_ws/build/diagnostic_msgs /home/ice/microros_ws/firmware/mcu_ws/build/diagnostic_msgs /home/ice/microros_ws/firmware/mcu_ws/build/diagnostic_msgs/CMakeFiles/diagnostic_msgs__rosidl_generator_c.dir/DependInfo.cmake --color=
[2.573s] Dependencies file "CMakeFiles/diagnostic_msgs__rosidl_generator_c.dir/rosidl_generator_c/diagnostic_msgs/msg/detail/diagnostic_array__functions.c.obj.d" is newer than depends file "/home/ice/microros_ws/firmware/mcu_ws/build/diagnostic_msgs/CMakeFiles/diagnostic_msgs__rosidl_generator_c.dir/compiler_depend.internal".
[2.574s] Dependencies file "CMakeFiles/diagnostic_msgs__rosidl_generator_c.dir/rosidl_generator_c/diagnostic_msgs/msg/detail/diagnostic_status__functions.c.obj.d" is newer than depends file "/home/ice/microros_ws/firmware/mcu_ws/build/diagnostic_msgs/CMakeFiles/diagnostic_msgs__rosidl_generator_c.dir/compiler_depend.internal".
[2.574s] Dependencies file "CMakeFiles/diagnostic_msgs__rosidl_generator_c.dir/rosidl_generator_c/diagnostic_msgs/msg/detail/key_value__functions.c.obj.d" is newer than depends file "/home/ice/microros_ws/firmware/mcu_ws/build/diagnostic_msgs/CMakeFiles/diagnostic_msgs__rosidl_generator_c.dir/compiler_depend.internal".
[2.574s] Dependencies file "CMakeFiles/diagnostic_msgs__rosidl_generator_c.dir/rosidl_generator_c/diagnostic_msgs/srv/detail/add_diagnostics__functions.c.obj.d" is newer than depends file "/home/ice/microros_ws/firmware/mcu_ws/build/diagnostic_msgs/CMakeFiles/diagnostic_msgs__rosidl_generator_c.dir/compiler_depend.internal".
[2.575s] Dependencies file "CMakeFiles/diagnostic_msgs__rosidl_generator_c.dir/rosidl_generator_c/diagnostic_msgs/srv/detail/self_test__functions.c.obj.d" is newer than depends file "/home/ice/microros_ws/firmware/mcu_ws/build/diagnostic_msgs/CMakeFiles/diagnostic_msgs__rosidl_generator_c.dir/compiler_depend.internal".
[2.575s] [35m[1mConsolidate compiler generated dependencies of target diagnostic_msgs__rosidl_generator_c[0m
[2.581s] gmake[6]: Leaving directory '/home/ice/microros_ws/firmware/mcu_ws/build/diagnostic_msgs'
[2.582s] /usr/bin/gmake  -f CMakeFiles/diagnostic_msgs__rosidl_generator_c.dir/build.make CMakeFiles/diagnostic_msgs__rosidl_generator_c.dir/build
[2.587s] gmake[6]: Entering directory '/home/ice/microros_ws/firmware/mcu_ws/build/diagnostic_msgs'
[2.587s] gmake[6]: Nothing to be done for 'CMakeFiles/diagnostic_msgs__rosidl_generator_c.dir/build'.
[2.587s] gmake[6]: Leaving directory '/home/ice/microros_ws/firmware/mcu_ws/build/diagnostic_msgs'
[2.621s] [ 25%] Built target diagnostic_msgs__rosidl_generator_c
[2.624s] /usr/bin/gmake  -f CMakeFiles/diagnostic_msgs__rosidl_typesupport_c.dir/build.make CMakeFiles/diagnostic_msgs__rosidl_typesupport_c.dir/depend
[2.628s] gmake[6]: Entering directory '/home/ice/microros_ws/firmware/mcu_ws/build/diagnostic_msgs'
[2.628s] cd /home/ice/microros_ws/firmware/mcu_ws/build/diagnostic_msgs && /usr/bin/cmake -E cmake_depends "Unix Makefiles" /home/ice/microros_ws/firmware/mcu_ws/ros2/common_interfaces/diagnostic_msgs /home/ice/microros_ws/firmware/mcu_ws/ros2/common_interfaces/diagnostic_msgs /home/ice/microros_ws/firmware/mcu_ws/build/diagnostic_msgs /home/ice/microros_ws/firmware/mcu_ws/build/diagnostic_msgs /home/ice/microros_ws/firmware/mcu_ws/build/diagnostic_msgs/CMakeFiles/diagnostic_msgs__rosidl_typesupport_c.dir/DependInfo.cmake --color=
[2.659s] Dependencies file "CMakeFiles/diagnostic_msgs__rosidl_typesupport_c.dir/rosidl_typesupport_c/diagnostic_msgs/msg/diagnostic_array__type_support.cpp.obj.d" is newer than depends file "/home/ice/microros_ws/firmware/mcu_ws/build/diagnostic_msgs/CMakeFiles/diagnostic_msgs__rosidl_typesupport_c.dir/compiler_depend.internal".
[2.660s] Dependencies file "CMakeFiles/diagnostic_msgs__rosidl_typesupport_c.dir/rosidl_typesupport_c/diagnostic_msgs/msg/diagnostic_status__type_support.cpp.obj.d" is newer than depends file "/home/ice/microros_ws/firmware/mcu_ws/build/diagnostic_msgs/CMakeFiles/diagnostic_msgs__rosidl_typesupport_c.dir/compiler_depend.internal".
[2.661s] Dependencies file "CMakeFiles/diagnostic_msgs__rosidl_typesupport_c.dir/rosidl_typesupport_c/diagnostic_msgs/msg/key_value__type_support.cpp.obj.d" is newer than depends file "/home/ice/microros_ws/firmware/mcu_ws/build/diagnostic_msgs/CMakeFiles/diagnostic_msgs__rosidl_typesupport_c.dir/compiler_depend.internal".
[2.661s] Dependencies file "CMakeFiles/diagnostic_msgs__rosidl_typesupport_c.dir/rosidl_typesupport_c/diagnostic_msgs/srv/add_diagnostics__type_support.cpp.obj.d" is newer than depends file "/home/ice/microros_ws/firmware/mcu_ws/build/diagnostic_msgs/CMakeFiles/diagnostic_msgs__rosidl_typesupport_c.dir/compiler_depend.internal".
[2.661s] Dependencies file "CMakeFiles/diagnostic_msgs__rosidl_typesupport_c.dir/rosidl_typesupport_c/diagnostic_msgs/srv/self_test__type_support.cpp.obj.d" is newer than depends file "/home/ice/microros_ws/firmware/mcu_ws/build/diagnostic_msgs/CMakeFiles/diagnostic_msgs__rosidl_typesupport_c.dir/compiler_depend.internal".
[2.662s] [35m[1mConsolidate compiler generated dependencies of target diagnostic_msgs__rosidl_typesupport_c[0m
[2.668s] gmake[6]: Leaving directory '/home/ice/microros_ws/firmware/mcu_ws/build/diagnostic_msgs'
[2.669s] /usr/bin/gmake  -f CMakeFiles/diagnostic_msgs__rosidl_typesupport_c.dir/build.make CMakeFiles/diagnostic_msgs__rosidl_typesupport_c.dir/build
[2.676s] gmake[6]: Entering directory '/home/ice/microros_ws/firmware/mcu_ws/build/diagnostic_msgs'
[2.676s] gmake[6]: Nothing to be done for 'CMakeFiles/diagnostic_msgs__rosidl_typesupport_c.dir/build'.
[2.676s] gmake[6]: Leaving directory '/home/ice/microros_ws/firmware/mcu_ws/build/diagnostic_msgs'
[2.717s] [ 50%] Built target diagnostic_msgs__rosidl_typesupport_c
[2.721s] /usr/bin/gmake  -f CMakeFiles/diagnostic_msgs__rosidl_typesupport_microxrcedds_c.dir/build.make CMakeFiles/diagnostic_msgs__rosidl_typesupport_microxrcedds_c.dir/depend
[2.727s] gmake[6]: Entering directory '/home/ice/microros_ws/firmware/mcu_ws/build/diagnostic_msgs'
[2.727s] cd /home/ice/microros_ws/firmware/mcu_ws/build/diagnostic_msgs && /usr/bin/cmake -E cmake_depends "Unix Makefiles" /home/ice/microros_ws/firmware/mcu_ws/ros2/common_interfaces/diagnostic_msgs /home/ice/microros_ws/firmware/mcu_ws/ros2/common_interfaces/diagnostic_msgs /home/ice/microros_ws/firmware/mcu_ws/build/diagnostic_msgs /home/ice/microros_ws/firmware/mcu_ws/build/diagnostic_msgs /home/ice/microros_ws/firmware/mcu_ws/build/diagnostic_msgs/CMakeFiles/diagnostic_msgs__rosidl_typesupport_microxrcedds_c.dir/DependInfo.cmake --color=
[2.773s] Dependencies file "CMakeFiles/diagnostic_msgs__rosidl_typesupport_microxrcedds_c.dir/rosidl_typesupport_microxrcedds_c/diagnostic_msgs/msg/detail/microxrcedds/diagnostic_array__type_support_c.c.obj.d" is newer than depends file "/home/ice/microros_ws/firmware/mcu_ws/build/diagnostic_msgs/CMakeFiles/diagnostic_msgs__rosidl_typesupport_microxrcedds_c.dir/compiler_depend.internal".
[2.774s] Dependencies file "CMakeFiles/diagnostic_msgs__rosidl_typesupport_microxrcedds_c.dir/rosidl_typesupport_microxrcedds_c/diagnostic_msgs/msg/detail/microxrcedds/diagnostic_status__type_support_c.c.obj.d" is newer than depends file "/home/ice/microros_ws/firmware/mcu_ws/build/diagnostic_msgs/CMakeFiles/diagnostic_msgs__rosidl_typesupport_microxrcedds_c.dir/compiler_depend.internal".
[2.775s] Dependencies file "CMakeFiles/diagnostic_msgs__rosidl_typesupport_microxrcedds_c.dir/rosidl_typesupport_microxrcedds_c/diagnostic_msgs/msg/detail/microxrcedds/key_value__type_support_c.c.obj.d" is newer than depends file "/home/ice/microros_ws/firmware/mcu_ws/build/diagnostic_msgs/CMakeFiles/diagnostic_msgs__rosidl_typesupport_microxrcedds_c.dir/compiler_depend.internal".
[2.775s] Dependencies file "CMakeFiles/diagnostic_msgs__rosidl_typesupport_microxrcedds_c.dir/rosidl_typesupport_microxrcedds_c/diagnostic_msgs/srv/detail/microxrcedds/add_diagnostics__type_support_c.c.obj.d" is newer than depends file "/home/ice/microros_ws/firmware/mcu_ws/build/diagnostic_msgs/CMakeFiles/diagnostic_msgs__rosidl_typesupport_microxrcedds_c.dir/compiler_depend.internal".
[2.776s] Dependencies file "CMakeFiles/diagnostic_msgs__rosidl_typesupport_microxrcedds_c.dir/rosidl_typesupport_microxrcedds_c/diagnostic_msgs/srv/detail/microxrcedds/self_test__type_support_c.c.obj.d" is newer than depends file "/home/ice/microros_ws/firmware/mcu_ws/build/diagnostic_msgs/CMakeFiles/diagnostic_msgs__rosidl_typesupport_microxrcedds_c.dir/compiler_depend.internal".
[2.777s] [35m[1mConsolidate compiler generated dependencies of target diagnostic_msgs__rosidl_typesupport_microxrcedds_c[0m
[2.784s] gmake[6]: Leaving directory '/home/ice/microros_ws/firmware/mcu_ws/build/diagnostic_msgs'
[2.786s] /usr/bin/gmake  -f CMakeFiles/diagnostic_msgs__rosidl_typesupport_microxrcedds_c.dir/build.make CMakeFiles/diagnostic_msgs__rosidl_typesupport_microxrcedds_c.dir/build
[2.793s] gmake[6]: Entering directory '/home/ice/microros_ws/firmware/mcu_ws/build/diagnostic_msgs'
[2.793s] gmake[6]: Nothing to be done for 'CMakeFiles/diagnostic_msgs__rosidl_typesupport_microxrcedds_c.dir/build'.
[2.793s] gmake[6]: Leaving directory '/home/ice/microros_ws/firmware/mcu_ws/build/diagnostic_msgs'
[2.825s] [ 75%] Built target diagnostic_msgs__rosidl_typesupport_microxrcedds_c
[2.826s] /usr/bin/gmake  -f CMakeFiles/diagnostic_msgs__rosidl_typesupport_introspection_c.dir/build.make CMakeFiles/diagnostic_msgs__rosidl_typesupport_introspection_c.dir/depend
[2.831s] gmake[6]: Entering directory '/home/ice/microros_ws/firmware/mcu_ws/build/diagnostic_msgs'
[2.831s] cd /home/ice/microros_ws/firmware/mcu_ws/build/diagnostic_msgs && /usr/bin/cmake -E cmake_depends "Unix Makefiles" /home/ice/microros_ws/firmware/mcu_ws/ros2/common_interfaces/diagnostic_msgs /home/ice/microros_ws/firmware/mcu_ws/ros2/common_interfaces/diagnostic_msgs /home/ice/microros_ws/firmware/mcu_ws/build/diagnostic_msgs /home/ice/microros_ws/firmware/mcu_ws/build/diagnostic_msgs /home/ice/microros_ws/firmware/mcu_ws/build/diagnostic_msgs/CMakeFiles/diagnostic_msgs__rosidl_typesupport_introspection_c.dir/DependInfo.cmake --color=
[2.853s] Dependencies file "CMakeFiles/diagnostic_msgs__rosidl_typesupport_introspection_c.dir/rosidl_typesupport_introspection_c/diagnostic_msgs/msg/detail/diagnostic_array__type_support.c.obj.d" is newer than depends file "/home/ice/microros_ws/firmware/mcu_ws/build/diagnostic_msgs/CMakeFiles/diagnostic_msgs__rosidl_typesupport_introspection_c.dir/compiler_depend.internal".
[2.854s] Dependencies file "CMakeFiles/diagnostic_msgs__rosidl_typesupport_introspection_c.dir/rosidl_typesupport_introspection_c/diagnostic_msgs/msg/detail/diagnostic_status__type_support.c.obj.d" is newer than depends file "/home/ice/microros_ws/firmware/mcu_ws/build/diagnostic_msgs/CMakeFiles/diagnostic_msgs__rosidl_typesupport_introspection_c.dir/compiler_depend.internal".
[2.854s] Dependencies file "CMakeFiles/diagnostic_msgs__rosidl_typesupport_introspection_c.dir/rosidl_typesupport_introspection_c/diagnostic_msgs/msg/detail/key_value__type_support.c.obj.d" is newer than depends file "/home/ice/microros_ws/firmware/mcu_ws/build/diagnostic_msgs/CMakeFiles/diagnostic_msgs__rosidl_typesupport_introspection_c.dir/compiler_depend.internal".
[2.854s] Dependencies file "CMakeFiles/diagnostic_msgs__rosidl_typesupport_introspection_c.dir/rosidl_typesupport_introspection_c/diagnostic_msgs/srv/detail/add_diagnostics__type_support.c.obj.d" is newer than depends file "/home/ice/microros_ws/firmware/mcu_ws/build/diagnostic_msgs/CMakeFiles/diagnostic_msgs__rosidl_typesupport_introspection_c.dir/compiler_depend.internal".
[2.855s] Dependencies file "CMakeFiles/diagnostic_msgs__rosidl_typesupport_introspection_c.dir/rosidl_typesupport_introspection_c/diagnostic_msgs/srv/detail/self_test__type_support.c.obj.d" is newer than depends file "/home/ice/microros_ws/firmware/mcu_ws/build/diagnostic_msgs/CMakeFiles/diagnostic_msgs__rosidl_typesupport_introspection_c.dir/compiler_depend.internal".
[2.855s] [35m[1mConsolidate compiler generated dependencies of target diagnostic_msgs__rosidl_typesupport_introspection_c[0m
[2.860s] gmake[6]: Leaving directory '/home/ice/microros_ws/firmware/mcu_ws/build/diagnostic_msgs'
[2.861s] /usr/bin/gmake  -f CMakeFiles/diagnostic_msgs__rosidl_typesupport_introspection_c.dir/build.make CMakeFiles/diagnostic_msgs__rosidl_typesupport_introspection_c.dir/build
[2.868s] gmake[6]: Entering directory '/home/ice/microros_ws/firmware/mcu_ws/build/diagnostic_msgs'
[2.869s] gmake[6]: Nothing to be done for 'CMakeFiles/diagnostic_msgs__rosidl_typesupport_introspection_c.dir/build'.
[2.869s] gmake[6]: Leaving directory '/home/ice/microros_ws/firmware/mcu_ws/build/diagnostic_msgs'
[2.890s] [100%] Built target diagnostic_msgs__rosidl_typesupport_introspection_c
[2.893s] /usr/bin/gmake  -f CMakeFiles/diagnostic_msgs.dir/build.make CMakeFiles/diagnostic_msgs.dir/depend
[2.907s] gmake[6]: Entering directory '/home/ice/microros_ws/firmware/mcu_ws/build/diagnostic_msgs'
[2.907s] cd /home/ice/microros_ws/firmware/mcu_ws/build/diagnostic_msgs && /usr/bin/cmake -E cmake_depends "Unix Makefiles" /home/ice/microros_ws/firmware/mcu_ws/ros2/common_interfaces/diagnostic_msgs /home/ice/microros_ws/firmware/mcu_ws/ros2/common_interfaces/diagnostic_msgs /home/ice/microros_ws/firmware/mcu_ws/build/diagnostic_msgs /home/ice/microros_ws/firmware/mcu_ws/build/diagnostic_msgs /home/ice/microros_ws/firmware/mcu_ws/build/diagnostic_msgs/CMakeFiles/diagnostic_msgs.dir/DependInfo.cmake --color=
[2.942s] gmake[6]: Leaving directory '/home/ice/microros_ws/firmware/mcu_ws/build/diagnostic_msgs'
[2.942s] /usr/bin/gmake  -f CMakeFiles/diagnostic_msgs.dir/build.make CMakeFiles/diagnostic_msgs.dir/build
[2.947s] gmake[6]: Entering directory '/home/ice/microros_ws/firmware/mcu_ws/build/diagnostic_msgs'
[2.947s] gmake[6]: Nothing to be done for 'CMakeFiles/diagnostic_msgs.dir/build'.
[2.947s] gmake[6]: Leaving directory '/home/ice/microros_ws/firmware/mcu_ws/build/diagnostic_msgs'
[2.966s] [100%] Built target diagnostic_msgs
[2.968s] gmake[5]: Leaving directory '/home/ice/microros_ws/firmware/mcu_ws/build/diagnostic_msgs'
[2.968s] /usr/bin/cmake -E cmake_progress_start /home/ice/microros_ws/firmware/mcu_ws/build/diagnostic_msgs/CMakeFiles 0
[2.986s] gmake[4]: Leaving directory '/home/ice/microros_ws/firmware/mcu_ws/build/diagnostic_msgs'
[2.993s] Invoked command in '/home/ice/microros_ws/firmware/mcu_ws/build/diagnostic_msgs' returned '0': AMENT_PREFIX_PATH=/home/ice/microros_ws/firmware/mcu_ws/install:${AMENT_PREFIX_PATH} CMAKE_PREFIX_PATH=/home/ice/microros_ws/firmware/mcu_ws/install:/home/ice/microros_ws/firmware/dev_ws/install/ament_lint_common:/home/ice/microros_ws/firmware/dev_ws/install/ament_cmake_uncrustify:/home/ice/microros_ws/firmware/dev_ws/install/uncrustify_vendor:/home/ice/microros_ws/firmware/dev_ws/install/ament_cmake_ros:/home/ice/microros_ws/firmware/dev_ws/install/ament_cmake_auto:/home/ice/microros_ws/firmware/dev_ws/install/ament_cmake_gmock:/home/ice/microros_ws/firmware/dev_ws/install/gmock_vendor:/home/ice/microros_ws/firmware/dev_ws/install/ament_cmake_gtest:/home/ice/microros_ws/firmware/dev_ws/install/gtest_vendor:/home/ice/microros_ws/firmware/dev_ws/install/ament_cmake_xmllint:/home/ice/microros_ws/firmware/dev_ws/install/ament_cmake_pyflakes:/home/ice/microros_ws/firmware/dev_ws/install/ament_cmake_pycodestyle:/home/ice/microros_ws/firmware/dev_ws/install/ament_cmake_pep257:/home/ice/microros_ws/firmware/dev_ws/install/ament_cmake_pclint:/home/ice/microros_ws/firmware/dev_ws/install/ament_lint_auto:/home/ice/microros_ws/firmware/dev_ws/install/ament_cmake:/home/ice/microros_ws/firmware/dev_ws/install/ament_cmake_version:/home/ice/microros_ws/firmware/dev_ws/install/ament_cmake_vendor_package:/home/ice/microros_ws/firmware/dev_ws/install/ament_cmake_pytest:/home/ice/microros_ws/firmware/dev_ws/install/ament_cmake_nose:/home/ice/microros_ws/firmware/dev_ws/install/ament_cmake_mypy:/home/ice/microros_ws/firmware/dev_ws/install/ament_cmake_lint_cmake:/home/ice/microros_ws/firmware/dev_ws/install/ament_cmake_google_benchmark:/home/ice/microros_ws/firmware/dev_ws/install/ament_cmake_flake8:/home/ice/microros_ws/firmware/dev_ws/install/ament_cmake_cpplint:/home/ice/microros_ws/firmware/dev_ws/install/ament_cmake_cppcheck:/home/ice/microros_ws/firmware/dev_ws/install/ament_cmake_copyright:/home/ice/microros_ws/firmware/dev_ws/install/ament_cmake_clang_tidy:/home/ice/microros_ws/firmware/dev_ws/install/ament_cmake_clang_format:/home/ice/microros_ws/firmware/dev_ws/install/ament_cmake_test:/home/ice/microros_ws/firmware/dev_ws/install/ament_cmake_target_dependencies:/home/ice/microros_ws/firmware/dev_ws/install/ament_cmake_python:/home/ice/microros_ws/firmware/dev_ws/install/ament_cmake_export_dependencies:/home/ice/microros_ws/firmware/dev_ws/install/ament_cmake_libraries:/home/ice/microros_ws/firmware/dev_ws/install/ament_cmake_include_directories:/home/ice/microros_ws/firmware/dev_ws/install/ament_cmake_gen_version_h:/home/ice/microros_ws/firmware/dev_ws/install/ament_cmake_export_targets:/home/ice/microros_ws/firmware/dev_ws/install/ament_cmake_export_link_flags:/home/ice/microros_ws/firmware/dev_ws/install/ament_cmake_export_interfaces:/home/ice/microros_ws/firmware/dev_ws/install/ament_cmake_export_libraries:/home/ice/microros_ws/firmware/dev_ws/install/ament_cmake_export_include_directories:/home/ice/microros_ws/firmware/dev_ws/install/ament_cmake_export_definitions:/home/ice/microros_ws/firmware/dev_ws/install/ament_cmake_core:/home/ice/microros_ws/firmware/dev_ws/install/ament_index_cpp:/home/ice/microros_ws/firmware/dev_ws/install/ament_uncrustify:/home/ice/microros_ws/firmware/dev_ws/install/domain_coordinator:/home/ice/microros_ws/firmware/dev_ws/install/ament_xmllint:/home/ice/microros_ws/firmware/dev_ws/install/ament_pyflakes:/home/ice/microros_ws/firmware/dev_ws/install/ament_pycodestyle:/home/ice/microros_ws/firmware/dev_ws/install/ament_pep257:/home/ice/microros_ws/firmware/dev_ws/install/ament_pclint:/home/ice/microros_ws/firmware/dev_ws/install/ament_package:/home/ice/microros_ws/firmware/dev_ws/install/ament_mypy:/home/ice/microros_ws/firmware/dev_ws/install/ament_lint_cmake:/home/ice/microros_ws/firmware/dev_ws/install/ament_flake8:/home/ice/microros_ws/firmware/dev_ws/install/ament_copyright:/home/ice/microros_ws/firmware/dev_ws/install/ament_lint:/home/ice/microros_ws/firmware/dev_ws/install/ament_index_python:/home/ice/microros_ws/firmware/dev_ws/install/ament_cpplint:/home/ice/microros_ws/firmware/dev_ws/install/ament_cppcheck:/home/ice/microros_ws/firmware/dev_ws/install/ament_clang_tidy:/home/ice/microros_ws/firmware/dev_ws/install/ament_clang_format LD_LIBRARY_PATH=/home/ice/microros_ws/firmware/mcu_ws/install/lib:${LD_LIBRARY_PATH} PATH=/home/ice/microros_ws/firmware/mcu_ws/install/bin:${PATH} PYTHONPATH=/home/ice/microros_ws/firmware/mcu_ws/install/lib/python3.10/site-packages:${PYTHONPATH} /usr/bin/cmake --build /home/ice/microros_ws/firmware/mcu_ws/build/diagnostic_msgs -- -j2 -l2
[3.388s] Invoking command in '/home/ice/microros_ws/firmware/mcu_ws/build/diagnostic_msgs': AMENT_PREFIX_PATH=/home/ice/microros_ws/firmware/mcu_ws/install:${AMENT_PREFIX_PATH} CMAKE_PREFIX_PATH=/home/ice/microros_ws/firmware/mcu_ws/install:/home/ice/microros_ws/firmware/dev_ws/install/ament_lint_common:/home/ice/microros_ws/firmware/dev_ws/install/ament_cmake_uncrustify:/home/ice/microros_ws/firmware/dev_ws/install/uncrustify_vendor:/home/ice/microros_ws/firmware/dev_ws/install/ament_cmake_ros:/home/ice/microros_ws/firmware/dev_ws/install/ament_cmake_auto:/home/ice/microros_ws/firmware/dev_ws/install/ament_cmake_gmock:/home/ice/microros_ws/firmware/dev_ws/install/gmock_vendor:/home/ice/microros_ws/firmware/dev_ws/install/ament_cmake_gtest:/home/ice/microros_ws/firmware/dev_ws/install/gtest_vendor:/home/ice/microros_ws/firmware/dev_ws/install/ament_cmake_xmllint:/home/ice/microros_ws/firmware/dev_ws/install/ament_cmake_pyflakes:/home/ice/microros_ws/firmware/dev_ws/install/ament_cmake_pycodestyle:/home/ice/microros_ws/firmware/dev_ws/install/ament_cmake_pep257:/home/ice/microros_ws/firmware/dev_ws/install/ament_cmake_pclint:/home/ice/microros_ws/firmware/dev_ws/install/ament_lint_auto:/home/ice/microros_ws/firmware/dev_ws/install/ament_cmake:/home/ice/microros_ws/firmware/dev_ws/install/ament_cmake_version:/home/ice/microros_ws/firmware/dev_ws/install/ament_cmake_vendor_package:/home/ice/microros_ws/firmware/dev_ws/install/ament_cmake_pytest:/home/ice/microros_ws/firmware/dev_ws/install/ament_cmake_nose:/home/ice/microros_ws/firmware/dev_ws/install/ament_cmake_mypy:/home/ice/microros_ws/firmware/dev_ws/install/ament_cmake_lint_cmake:/home/ice/microros_ws/firmware/dev_ws/install/ament_cmake_google_benchmark:/home/ice/microros_ws/firmware/dev_ws/install/ament_cmake_flake8:/home/ice/microros_ws/firmware/dev_ws/install/ament_cmake_cpplint:/home/ice/microros_ws/firmware/dev_ws/install/ament_cmake_cppcheck:/home/ice/microros_ws/firmware/dev_ws/install/ament_cmake_copyright:/home/ice/microros_ws/firmware/dev_ws/install/ament_cmake_clang_tidy:/home/ice/microros_ws/firmware/dev_ws/install/ament_cmake_clang_format:/home/ice/microros_ws/firmware/dev_ws/install/ament_cmake_test:/home/ice/microros_ws/firmware/dev_ws/install/ament_cmake_target_dependencies:/home/ice/microros_ws/firmware/dev_ws/install/ament_cmake_python:/home/ice/microros_ws/firmware/dev_ws/install/ament_cmake_export_dependencies:/home/ice/microros_ws/firmware/dev_ws/install/ament_cmake_libraries:/home/ice/microros_ws/firmware/dev_ws/install/ament_cmake_include_directories:/home/ice/microros_ws/firmware/dev_ws/install/ament_cmake_gen_version_h:/home/ice/microros_ws/firmware/dev_ws/install/ament_cmake_export_targets:/home/ice/microros_ws/firmware/dev_ws/install/ament_cmake_export_link_flags:/home/ice/microros_ws/firmware/dev_ws/install/ament_cmake_export_interfaces:/home/ice/microros_ws/firmware/dev_ws/install/ament_cmake_export_libraries:/home/ice/microros_ws/firmware/dev_ws/install/ament_cmake_export_include_directories:/home/ice/microros_ws/firmware/dev_ws/install/ament_cmake_export_definitions:/home/ice/microros_ws/firmware/dev_ws/install/ament_cmake_core:/home/ice/microros_ws/firmware/dev_ws/install/ament_index_cpp:/home/ice/microros_ws/firmware/dev_ws/install/ament_uncrustify:/home/ice/microros_ws/firmware/dev_ws/install/domain_coordinator:/home/ice/microros_ws/firmware/dev_ws/install/ament_xmllint:/home/ice/microros_ws/firmware/dev_ws/install/ament_pyflakes:/home/ice/microros_ws/firmware/dev_ws/install/ament_pycodestyle:/home/ice/microros_ws/firmware/dev_ws/install/ament_pep257:/home/ice/microros_ws/firmware/dev_ws/install/ament_pclint:/home/ice/microros_ws/firmware/dev_ws/install/ament_package:/home/ice/microros_ws/firmware/dev_ws/install/ament_mypy:/home/ice/microros_ws/firmware/dev_ws/install/ament_lint_cmake:/home/ice/microros_ws/firmware/dev_ws/install/ament_flake8:/home/ice/microros_ws/firmware/dev_ws/install/ament_copyright:/home/ice/microros_ws/firmware/dev_ws/install/ament_lint:/home/ice/microros_ws/firmware/dev_ws/install/ament_index_python:/home/ice/microros_ws/firmware/dev_ws/install/ament_cpplint:/home/ice/microros_ws/firmware/dev_ws/install/ament_cppcheck:/home/ice/microros_ws/firmware/dev_ws/install/ament_clang_tidy:/home/ice/microros_ws/firmware/dev_ws/install/ament_clang_format LD_LIBRARY_PATH=/home/ice/microros_ws/firmware/mcu_ws/install/lib:${LD_LIBRARY_PATH} PATH=/home/ice/microros_ws/firmware/mcu_ws/install/bin:${PATH} PYTHONPATH=/home/ice/microros_ws/firmware/mcu_ws/install/lib/python3.10/site-packages:${PYTHONPATH} /usr/bin/cmake --install /home/ice/microros_ws/firmware/mcu_ws/build/diagnostic_msgs
[3.414s] -- Install configuration: "Debug"
[3.415s] -- Up-to-date: /home/ice/microros_ws/firmware/mcu_ws/install/share/ament_index/resource_index/rosidl_interfaces/diagnostic_msgs
[3.418s] -- Up-to-date: /home/ice/microros_ws/firmware/mcu_ws/install/include/diagnostic_msgs/diagnostic_msgs
[3.419s] -- Up-to-date: /home/ice/microros_ws/firmware/mcu_ws/install/include/diagnostic_msgs/diagnostic_msgs/srv
[3.420s] -- Up-to-date: /home/ice/microros_ws/firmware/mcu_ws/install/include/diagnostic_msgs/diagnostic_msgs/srv/detail
[3.420s] -- Up-to-date: /home/ice/microros_ws/firmware/mcu_ws/install/include/diagnostic_msgs/diagnostic_msgs/srv/detail/self_test__functions.h
[3.420s] -- Up-to-date: /home/ice/microros_ws/firmware/mcu_ws/install/include/diagnostic_msgs/diagnostic_msgs/srv/detail/add_diagnostics__struct.h
[3.420s] -- Up-to-date: /home/ice/microros_ws/firmware/mcu_ws/install/include/diagnostic_msgs/diagnostic_msgs/srv/detail/self_test__struct.h
[3.420s] -- Up-to-date: /home/ice/microros_ws/firmware/mcu_ws/install/include/diagnostic_msgs/diagnostic_msgs/srv/detail/add_diagnostics__type_support.h
[3.420s] -- Up-to-date: /home/ice/microros_ws/firmware/mcu_ws/install/include/diagnostic_msgs/diagnostic_msgs/srv/detail/add_diagnostics__functions.h
[3.421s] -- Up-to-date: /home/ice/microros_ws/firmware/mcu_ws/install/include/diagnostic_msgs/diagnostic_msgs/srv/detail/add_diagnostics__functions.c
[3.421s] -- Up-to-date: /home/ice/microros_ws/firmware/mcu_ws/install/include/diagnostic_msgs/diagnostic_msgs/srv/detail/self_test__type_support.h
[3.421s] -- Up-to-date: /home/ice/microros_ws/firmware/mcu_ws/install/include/diagnostic_msgs/diagnostic_msgs/srv/detail/self_test__functions.c
[3.422s] -- Up-to-date: /home/ice/microros_ws/firmware/mcu_ws/install/include/diagnostic_msgs/diagnostic_msgs/srv/add_diagnostics.h
[3.422s] -- Up-to-date: /home/ice/microros_ws/firmware/mcu_ws/install/include/diagnostic_msgs/diagnostic_msgs/srv/self_test.h
[3.423s] -- Up-to-date: /home/ice/microros_ws/firmware/mcu_ws/install/include/diagnostic_msgs/diagnostic_msgs/msg
[3.429s] -- Up-to-date: /home/ice/microros_ws/firmware/mcu_ws/install/include/diagnostic_msgs/diagnostic_msgs/msg/detail
[3.430s] -- Up-to-date: /home/ice/microros_ws/firmware/mcu_ws/install/include/diagnostic_msgs/diagnostic_msgs/msg/detail/key_value__functions.c
[3.431s] -- Up-to-date: /home/ice/microros_ws/firmware/mcu_ws/install/include/diagnostic_msgs/diagnostic_msgs/msg/detail/diagnostic_array__struct.h
[3.432s] -- Up-to-date: /home/ice/microros_ws/firmware/mcu_ws/install/include/diagnostic_msgs/diagnostic_msgs/msg/detail/diagnostic_status__functions.c
[3.432s] -- Up-to-date: /home/ice/microros_ws/firmware/mcu_ws/install/include/diagnostic_msgs/diagnostic_msgs/msg/detail/diagnostic_array__type_support.h
[3.432s] -- Up-to-date: /home/ice/microros_ws/firmware/mcu_ws/install/include/diagnostic_msgs/diagnostic_msgs/msg/detail/key_value__type_support.h
[3.433s] -- Up-to-date: /home/ice/microros_ws/firmware/mcu_ws/install/include/diagnostic_msgs/diagnostic_msgs/msg/detail/diagnostic_array__functions.h
[3.433s] -- Up-to-date: /home/ice/microros_ws/firmware/mcu_ws/install/include/diagnostic_msgs/diagnostic_msgs/msg/detail/diagnostic_status__struct.h
[3.434s] -- Up-to-date: /home/ice/microros_ws/firmware/mcu_ws/install/include/diagnostic_msgs/diagnostic_msgs/msg/detail/diagnostic_array__functions.c
[3.439s] -- Up-to-date: /home/ice/microros_ws/firmware/mcu_ws/install/include/diagnostic_msgs/diagnostic_msgs/msg/detail/key_value__struct.h
[3.440s] -- Up-to-date: /home/ice/microros_ws/firmware/mcu_ws/install/include/diagnostic_msgs/diagnostic_msgs/msg/detail/diagnostic_status__type_support.h
[3.440s] -- Up-to-date: /home/ice/microros_ws/firmware/mcu_ws/install/include/diagnostic_msgs/diagnostic_msgs/msg/detail/key_value__functions.h
[3.440s] -- Up-to-date: /home/ice/microros_ws/firmware/mcu_ws/install/include/diagnostic_msgs/diagnostic_msgs/msg/detail/diagnostic_status__functions.h
[3.440s] -- Up-to-date: /home/ice/microros_ws/firmware/mcu_ws/install/include/diagnostic_msgs/diagnostic_msgs/msg/diagnostic_array.h
[3.440s] -- Up-to-date: /home/ice/microros_ws/firmware/mcu_ws/install/include/diagnostic_msgs/diagnostic_msgs/msg/key_value.h
[3.441s] -- Up-to-date: /home/ice/microros_ws/firmware/mcu_ws/install/include/diagnostic_msgs/diagnostic_msgs/msg/rosidl_generator_c__visibility_control.h
[3.441s] -- Up-to-date: /home/ice/microros_ws/firmware/mcu_ws/install/include/diagnostic_msgs/diagnostic_msgs/msg/diagnostic_status.h
[3.441s] -- Up-to-date: /home/ice/microros_ws/firmware/mcu_ws/install/share/diagnostic_msgs/environment/library_path.sh
[3.441s] -- Installing: /home/ice/microros_ws/firmware/mcu_ws/install/share/diagnostic_msgs/environment/library_path.dsv
[3.441s] -- Up-to-date: /home/ice/microros_ws/firmware/mcu_ws/install/lib/libdiagnostic_msgs__rosidl_generator_c.a
[3.441s] -- Up-to-date: /home/ice/microros_ws/firmware/mcu_ws/install/include/diagnostic_msgs/diagnostic_msgs
[3.442s] -- Up-to-date: /home/ice/microros_ws/firmware/mcu_ws/install/include/diagnostic_msgs/diagnostic_msgs/srv
[3.442s] -- Up-to-date: /home/ice/microros_ws/firmware/mcu_ws/install/include/diagnostic_msgs/diagnostic_msgs/srv/detail
[3.442s] -- Up-to-date: /home/ice/microros_ws/firmware/mcu_ws/install/include/diagnostic_msgs/diagnostic_msgs/srv/detail/add_diagnostics__rosidl_typesupport_introspection_c.h
[3.442s] -- Up-to-date: /home/ice/microros_ws/firmware/mcu_ws/install/include/diagnostic_msgs/diagnostic_msgs/srv/detail/self_test__type_support.c
[3.442s] -- Up-to-date: /home/ice/microros_ws/firmware/mcu_ws/install/include/diagnostic_msgs/diagnostic_msgs/srv/detail/self_test__rosidl_typesupport_introspection_c.h
[3.442s] -- Up-to-date: /home/ice/microros_ws/firmware/mcu_ws/install/include/diagnostic_msgs/diagnostic_msgs/srv/detail/add_diagnostics__type_support.c
[3.442s] -- Up-to-date: /home/ice/microros_ws/firmware/mcu_ws/install/include/diagnostic_msgs/diagnostic_msgs/msg
[3.442s] -- Up-to-date: /home/ice/microros_ws/firmware/mcu_ws/install/include/diagnostic_msgs/diagnostic_msgs/msg/detail
[3.442s] -- Up-to-date: /home/ice/microros_ws/firmware/mcu_ws/install/include/diagnostic_msgs/diagnostic_msgs/msg/detail/key_value__rosidl_typesupport_introspection_c.h
[3.442s] -- Up-to-date: /home/ice/microros_ws/firmware/mcu_ws/install/include/diagnostic_msgs/diagnostic_msgs/msg/detail/diagnostic_status__type_support.c
[3.442s] -- Up-to-date: /home/ice/microros_ws/firmware/mcu_ws/install/include/diagnostic_msgs/diagnostic_msgs/msg/detail/diagnostic_array__rosidl_typesupport_introspection_c.h
[3.442s] -- Up-to-date: /home/ice/microros_ws/firmware/mcu_ws/install/include/diagnostic_msgs/diagnostic_msgs/msg/detail/key_value__type_support.c
[3.442s] -- Up-to-date: /home/ice/microros_ws/firmware/mcu_ws/install/include/diagnostic_msgs/diagnostic_msgs/msg/detail/diagnostic_array__type_support.c
[3.443s] -- Up-to-date: /home/ice/microros_ws/firmware/mcu_ws/install/include/diagnostic_msgs/diagnostic_msgs/msg/detail/diagnostic_status__rosidl_typesupport_introspection_c.h
[3.443s] -- Up-to-date: /home/ice/microros_ws/firmware/mcu_ws/install/include/diagnostic_msgs/diagnostic_msgs/msg/rosidl_typesupport_introspection_c__visibility_control.h
[3.443s] -- Up-to-date: /home/ice/microros_ws/firmware/mcu_ws/install/lib/libdiagnostic_msgs__rosidl_typesupport_introspection_c.a
[3.443s] -- Up-to-date: /home/ice/microros_ws/firmware/mcu_ws/install/include/diagnostic_msgs
[3.443s] -- Up-to-date: /home/ice/microros_ws/firmware/mcu_ws/install/include/diagnostic_msgs/srv
[3.443s] -- Up-to-date: /home/ice/microros_ws/firmware/mcu_ws/install/include/diagnostic_msgs/srv/detail
[3.443s] -- Up-to-date: /home/ice/microros_ws/firmware/mcu_ws/install/include/diagnostic_msgs/srv/detail/add_diagnostics__rosidl_typesupport_microxrcedds_c.h
[3.443s] -- Up-to-date: /home/ice/microros_ws/firmware/mcu_ws/install/include/diagnostic_msgs/srv/detail/self_test__rosidl_typesupport_microxrcedds_c.h
[3.443s] -- Up-to-date: /home/ice/microros_ws/firmware/mcu_ws/install/include/diagnostic_msgs/srv/detail/microxrcedds
[3.443s] -- Up-to-date: /home/ice/microros_ws/firmware/mcu_ws/install/include/diagnostic_msgs/msg
[3.443s] -- Up-to-date: /home/ice/microros_ws/firmware/mcu_ws/install/include/diagnostic_msgs/msg/detail
[3.444s] -- Up-to-date: /home/ice/microros_ws/firmware/mcu_ws/install/include/diagnostic_msgs/msg/detail/microxrcedds
[3.444s] -- Up-to-date: /home/ice/microros_ws/firmware/mcu_ws/install/include/diagnostic_msgs/msg/detail/diagnostic_status__rosidl_typesupport_microxrcedds_c.h
[3.444s] -- Up-to-date: /home/ice/microros_ws/firmware/mcu_ws/install/include/diagnostic_msgs/msg/detail/key_value__rosidl_typesupport_microxrcedds_c.h
[3.444s] -- Up-to-date: /home/ice/microros_ws/firmware/mcu_ws/install/include/diagnostic_msgs/msg/detail/diagnostic_array__rosidl_typesupport_microxrcedds_c.h
[3.444s] -- Up-to-date: /home/ice/microros_ws/firmware/mcu_ws/install/include/diagnostic_msgs/msg/rosidl_typesupport_microxrcedds_c__visibility_control.h
[3.444s] -- Up-to-date: /home/ice/microros_ws/firmware/mcu_ws/install/lib/libdiagnostic_msgs__rosidl_typesupport_microxrcedds_c.a
[3.444s] -- Up-to-date: /home/ice/microros_ws/firmware/mcu_ws/install/lib/libdiagnostic_msgs__rosidl_typesupport_c.a
[3.444s] -- Up-to-date: /home/ice/microros_ws/firmware/mcu_ws/install/share/diagnostic_msgs/msg/DiagnosticArray.idl
[3.444s] -- Up-to-date: /home/ice/microros_ws/firmware/mcu_ws/install/share/diagnostic_msgs/msg/DiagnosticStatus.idl
[3.444s] -- Up-to-date: /home/ice/microros_ws/firmware/mcu_ws/install/share/diagnostic_msgs/msg/KeyValue.idl
[3.445s] -- Up-to-date: /home/ice/microros_ws/firmware/mcu_ws/install/share/diagnostic_msgs/srv/AddDiagnostics.idl
[3.445s] -- Up-to-date: /home/ice/microros_ws/firmware/mcu_ws/install/share/diagnostic_msgs/srv/SelfTest.idl
[3.445s] -- Up-to-date: /home/ice/microros_ws/firmware/mcu_ws/install/share/diagnostic_msgs/msg/DiagnosticArray.msg
[3.445s] -- Up-to-date: /home/ice/microros_ws/firmware/mcu_ws/install/share/diagnostic_msgs/msg/DiagnosticStatus.msg
[3.445s] -- Up-to-date: /home/ice/microros_ws/firmware/mcu_ws/install/share/diagnostic_msgs/msg/KeyValue.msg
[3.445s] -- Up-to-date: /home/ice/microros_ws/firmware/mcu_ws/install/share/diagnostic_msgs/srv/AddDiagnostics.srv
[3.445s] -- Up-to-date: /home/ice/microros_ws/firmware/mcu_ws/install/share/diagnostic_msgs/srv/AddDiagnostics_Request.msg
[3.445s] -- Up-to-date: /home/ice/microros_ws/firmware/mcu_ws/install/share/diagnostic_msgs/srv/AddDiagnostics_Response.msg
[3.445s] -- Up-to-date: /home/ice/microros_ws/firmware/mcu_ws/install/share/diagnostic_msgs/srv/SelfTest.srv
[3.445s] -- Up-to-date: /home/ice/microros_ws/firmware/mcu_ws/install/share/diagnostic_msgs/srv/SelfTest_Request.msg
[3.445s] -- Up-to-date: /home/ice/microros_ws/firmware/mcu_ws/install/share/diagnostic_msgs/srv/SelfTest_Response.msg
[3.446s] -- Up-to-date: /home/ice/microros_ws/firmware/mcu_ws/install/share/ament_index/resource_index/package_run_dependencies/diagnostic_msgs
[3.446s] -- Up-to-date: /home/ice/microros_ws/firmware/mcu_ws/install/share/ament_index/resource_index/parent_prefix_path/diagnostic_msgs
[3.446s] -- Up-to-date: /home/ice/microros_ws/firmware/mcu_ws/install/share/diagnostic_msgs/environment/ament_prefix_path.sh
[3.446s] -- Installing: /home/ice/microros_ws/firmware/mcu_ws/install/share/diagnostic_msgs/environment/ament_prefix_path.dsv
[3.446s] -- Up-to-date: /home/ice/microros_ws/firmware/mcu_ws/install/share/diagnostic_msgs/environment/path.sh
[3.446s] -- Installing: /home/ice/microros_ws/firmware/mcu_ws/install/share/diagnostic_msgs/environment/path.dsv
[3.446s] -- Up-to-date: /home/ice/microros_ws/firmware/mcu_ws/install/share/diagnostic_msgs/local_setup.bash
[3.446s] -- Up-to-date: /home/ice/microros_ws/firmware/mcu_ws/install/share/diagnostic_msgs/local_setup.sh
[3.446s] -- Up-to-date: /home/ice/microros_ws/firmware/mcu_ws/install/share/diagnostic_msgs/local_setup.zsh
[3.446s] -- Installing: /home/ice/microros_ws/firmware/mcu_ws/install/share/diagnostic_msgs/local_setup.dsv
[3.446s] -- Installing: /home/ice/microros_ws/firmware/mcu_ws/install/share/diagnostic_msgs/package.dsv
[3.446s] -- Up-to-date: /home/ice/microros_ws/firmware/mcu_ws/install/share/ament_index/resource_index/packages/diagnostic_msgs
[3.447s] -- Up-to-date: /home/ice/microros_ws/firmware/mcu_ws/install/share/diagnostic_msgs/cmake/export_diagnostic_msgs__rosidl_generator_cExport.cmake
[3.447s] -- Up-to-date: /home/ice/microros_ws/firmware/mcu_ws/install/share/diagnostic_msgs/cmake/export_diagnostic_msgs__rosidl_generator_cExport-debug.cmake
[3.447s] -- Up-to-date: /home/ice/microros_ws/firmware/mcu_ws/install/share/diagnostic_msgs/cmake/diagnostic_msgs__rosidl_typesupport_introspection_cExport.cmake
[3.447s] -- Up-to-date: /home/ice/microros_ws/firmware/mcu_ws/install/share/diagnostic_msgs/cmake/diagnostic_msgs__rosidl_typesupport_introspection_cExport-debug.cmake
[3.447s] -- Up-to-date: /home/ice/microros_ws/firmware/mcu_ws/install/share/diagnostic_msgs/cmake/diagnostic_msgs__rosidl_typesupport_cExport.cmake
[3.447s] -- Up-to-date: /home/ice/microros_ws/firmware/mcu_ws/install/share/diagnostic_msgs/cmake/diagnostic_msgs__rosidl_typesupport_cExport-debug.cmake
[3.447s] -- Up-to-date: /home/ice/microros_ws/firmware/mcu_ws/install/share/diagnostic_msgs/cmake/rosidl_cmake-extras.cmake
[3.447s] -- Up-to-date: /home/ice/microros_ws/firmware/mcu_ws/install/share/diagnostic_msgs/cmake/ament_cmake_export_dependencies-extras.cmake
[3.447s] -- Up-to-date: /home/ice/microros_ws/firmware/mcu_ws/install/share/diagnostic_msgs/cmake/ament_cmake_export_include_directories-extras.cmake
[3.447s] -- Up-to-date: /home/ice/microros_ws/firmware/mcu_ws/install/share/diagnostic_msgs/cmake/ament_cmake_export_libraries-extras.cmake
[3.486s] -- Up-to-date: /home/ice/microros_ws/firmware/mcu_ws/install/share/diagnostic_msgs/cmake/ament_cmake_export_targets-extras.cmake
[3.486s] -- Up-to-date: /home/ice/microros_ws/firmware/mcu_ws/install/share/diagnostic_msgs/cmake/rosidl_cmake_export_typesupport_targets-extras.cmake
[3.486s] -- Up-to-date: /home/ice/microros_ws/firmware/mcu_ws/install/share/diagnostic_msgs/cmake/rosidl_cmake_export_typesupport_libraries-extras.cmake
[3.487s] -- Up-to-date: /home/ice/microros_ws/firmware/mcu_ws/install/share/diagnostic_msgs/cmake/diagnostic_msgsConfig.cmake
[3.487s] -- Up-to-date: /home/ice/microros_ws/firmware/mcu_ws/install/share/diagnostic_msgs/cmake/diagnostic_msgsConfig-version.cmake
[3.487s] -- Up-to-date: /home/ice/microros_ws/firmware/mcu_ws/install/share/diagnostic_msgs/package.xml
[3.487s] Invoked command in '/home/ice/microros_ws/firmware/mcu_ws/build/diagnostic_msgs' returned '0': AMENT_PREFIX_PATH=/home/ice/microros_ws/firmware/mcu_ws/install:${AMENT_PREFIX_PATH} CMAKE_PREFIX_PATH=/home/ice/microros_ws/firmware/mcu_ws/install:/home/ice/microros_ws/firmware/dev_ws/install/ament_lint_common:/home/ice/microros_ws/firmware/dev_ws/install/ament_cmake_uncrustify:/home/ice/microros_ws/firmware/dev_ws/install/uncrustify_vendor:/home/ice/microros_ws/firmware/dev_ws/install/ament_cmake_ros:/home/ice/microros_ws/firmware/dev_ws/install/ament_cmake_auto:/home/ice/microros_ws/firmware/dev_ws/install/ament_cmake_gmock:/home/ice/microros_ws/firmware/dev_ws/install/gmock_vendor:/home/ice/microros_ws/firmware/dev_ws/install/ament_cmake_gtest:/home/ice/microros_ws/firmware/dev_ws/install/gtest_vendor:/home/ice/microros_ws/firmware/dev_ws/install/ament_cmake_xmllint:/home/ice/microros_ws/firmware/dev_ws/install/ament_cmake_pyflakes:/home/ice/microros_ws/firmware/dev_ws/install/ament_cmake_pycodestyle:/home/ice/microros_ws/firmware/dev_ws/install/ament_cmake_pep257:/home/ice/microros_ws/firmware/dev_ws/install/ament_cmake_pclint:/home/ice/microros_ws/firmware/dev_ws/install/ament_lint_auto:/home/ice/microros_ws/firmware/dev_ws/install/ament_cmake:/home/ice/microros_ws/firmware/dev_ws/install/ament_cmake_version:/home/ice/microros_ws/firmware/dev_ws/install/ament_cmake_vendor_package:/home/ice/microros_ws/firmware/dev_ws/install/ament_cmake_pytest:/home/ice/microros_ws/firmware/dev_ws/install/ament_cmake_nose:/home/ice/microros_ws/firmware/dev_ws/install/ament_cmake_mypy:/home/ice/microros_ws/firmware/dev_ws/install/ament_cmake_lint_cmake:/home/ice/microros_ws/firmware/dev_ws/install/ament_cmake_google_benchmark:/home/ice/microros_ws/firmware/dev_ws/install/ament_cmake_flake8:/home/ice/microros_ws/firmware/dev_ws/install/ament_cmake_cpplint:/home/ice/microros_ws/firmware/dev_ws/install/ament_cmake_cppcheck:/home/ice/microros_ws/firmware/dev_ws/install/ament_cmake_copyright:/home/ice/microros_ws/firmware/dev_ws/install/ament_cmake_clang_tidy:/home/ice/microros_ws/firmware/dev_ws/install/ament_cmake_clang_format:/home/ice/microros_ws/firmware/dev_ws/install/ament_cmake_test:/home/ice/microros_ws/firmware/dev_ws/install/ament_cmake_target_dependencies:/home/ice/microros_ws/firmware/dev_ws/install/ament_cmake_python:/home/ice/microros_ws/firmware/dev_ws/install/ament_cmake_export_dependencies:/home/ice/microros_ws/firmware/dev_ws/install/ament_cmake_libraries:/home/ice/microros_ws/firmware/dev_ws/install/ament_cmake_include_directories:/home/ice/microros_ws/firmware/dev_ws/install/ament_cmake_gen_version_h:/home/ice/microros_ws/firmware/dev_ws/install/ament_cmake_export_targets:/home/ice/microros_ws/firmware/dev_ws/install/ament_cmake_export_link_flags:/home/ice/microros_ws/firmware/dev_ws/install/ament_cmake_export_interfaces:/home/ice/microros_ws/firmware/dev_ws/install/ament_cmake_export_libraries:/home/ice/microros_ws/firmware/dev_ws/install/ament_cmake_export_include_directories:/home/ice/microros_ws/firmware/dev_ws/install/ament_cmake_export_definitions:/home/ice/microros_ws/firmware/dev_ws/install/ament_cmake_core:/home/ice/microros_ws/firmware/dev_ws/install/ament_index_cpp:/home/ice/microros_ws/firmware/dev_ws/install/ament_uncrustify:/home/ice/microros_ws/firmware/dev_ws/install/domain_coordinator:/home/ice/microros_ws/firmware/dev_ws/install/ament_xmllint:/home/ice/microros_ws/firmware/dev_ws/install/ament_pyflakes:/home/ice/microros_ws/firmware/dev_ws/install/ament_pycodestyle:/home/ice/microros_ws/firmware/dev_ws/install/ament_pep257:/home/ice/microros_ws/firmware/dev_ws/install/ament_pclint:/home/ice/microros_ws/firmware/dev_ws/install/ament_package:/home/ice/microros_ws/firmware/dev_ws/install/ament_mypy:/home/ice/microros_ws/firmware/dev_ws/install/ament_lint_cmake:/home/ice/microros_ws/firmware/dev_ws/install/ament_flake8:/home/ice/microros_ws/firmware/dev_ws/install/ament_copyright:/home/ice/microros_ws/firmware/dev_ws/install/ament_lint:/home/ice/microros_ws/firmware/dev_ws/install/ament_index_python:/home/ice/microros_ws/firmware/dev_ws/install/ament_cpplint:/home/ice/microros_ws/firmware/dev_ws/install/ament_cppcheck:/home/ice/microros_ws/firmware/dev_ws/install/ament_clang_tidy:/home/ice/microros_ws/firmware/dev_ws/install/ament_clang_format LD_LIBRARY_PATH=/home/ice/microros_ws/firmware/mcu_ws/install/lib:${LD_LIBRARY_PATH} PATH=/home/ice/microros_ws/firmware/mcu_ws/install/bin:${PATH} PYTHONPATH=/home/ice/microros_ws/firmware/mcu_ws/install/lib/python3.10/site-packages:${PYTHONPATH} /usr/bin/cmake --install /home/ice/microros_ws/firmware/mcu_ws/build/diagnostic_msgs
