[1.725s] Invoking command in '/home/ice/microros_ws/firmware/mcu_ws/uros/tracetools/tracetools_launch': AMENT_PREFIX_PATH=/home/ice/microros_ws/firmware/mcu_ws/install:${AMENT_PREFIX_PATH} CMAKE_PREFIX_PATH=/home/ice/microros_ws/firmware/mcu_ws/install:${CMAKE_PREFIX_PATH} PATH=/home/ice/microros_ws/firmware/mcu_ws/install/bin:${PATH} PYTHONPATH=/home/ice/microros_ws/firmware/mcu_ws/build/tracetools_launch/prefix_override:/home/ice/microros_ws/firmware/mcu_ws/install/lib/python3.10/site-packages:/home/ice/microros_ws/firmware/mcu_ws/install/lib/python3.10/site-packages:${PYTHONPATH} /home/ice/microros_ws/firmware/toolchain/espressif/python_env/idf4.1_py3.10_env/bin/python setup.py egg_info --egg-base ../../../build/tracetools_launch build --build-base /home/ice/microros_ws/firmware/mcu_ws/build/tracetools_launch/build install --record /home/ice/microros_ws/firmware/mcu_ws/build/tracetools_launch/install.log --single-version-externally-managed
[2.240s] running egg_info
[2.269s] writing ../../../build/tracetools_launch/tracetools_launch.egg-info/PKG-INFO
[2.269s] writing dependency_links to ../../../build/tracetools_launch/tracetools_launch.egg-info/dependency_links.txt
[2.270s] writing entry points to ../../../build/tracetools_launch/tracetools_launch.egg-info/entry_points.txt
[2.270s] writing requirements to ../../../build/tracetools_launch/tracetools_launch.egg-info/requires.txt
[2.270s] writing top-level names to ../../../build/tracetools_launch/tracetools_launch.egg-info/top_level.txt
[2.327s] reading manifest file '../../../build/tracetools_launch/tracetools_launch.egg-info/SOURCES.txt'
[2.327s] writing manifest file '../../../build/tracetools_launch/tracetools_launch.egg-info/SOURCES.txt'
[2.327s] running build
[2.327s] running build_py
[2.327s] copying tracetools_launch/action.py -> /home/ice/microros_ws/firmware/mcu_ws/build/tracetools_launch/build/lib/tracetools_launch
[2.328s] copying tracetools_launch/__init__.py -> /home/ice/microros_ws/firmware/mcu_ws/build/tracetools_launch/build/lib/tracetools_launch
[2.328s] copying tracetools_launch/actions/__init__.py -> /home/ice/microros_ws/firmware/mcu_ws/build/tracetools_launch/build/lib/tracetools_launch/actions
[2.328s] copying tracetools_launch/actions/ld_preload.py -> /home/ice/microros_ws/firmware/mcu_ws/build/tracetools_launch/build/lib/tracetools_launch/actions
[2.328s] running install
[2.328s] /home/ice/microros_ws/firmware/toolchain/espressif/python_env/idf4.1_py3.10_env/lib/python3.10/site-packages/setuptools/_distutils/cmd.py:66: SetuptoolsDeprecationWarning: setup.py install is deprecated.
[2.328s] !!
[2.328s] 
[2.328s]         ********************************************************************************
[2.328s]         Please avoid running ``setup.py`` directly.
[2.328s]         Instead, use pypa/build, pypa/installer or other
[2.328s]         standards-based tools.
[2.329s] 
[2.329s]         See https://blog.ganssle.io/articles/2021/10/setup-py-deprecated.html for details.
[2.329s]         ********************************************************************************
[2.329s] 
[2.329s] !!
[2.329s]   self.initialize_options()
[2.365s] running install_lib
[2.383s] running install_data
[2.407s] copying package.xml -> /home/ice/microros_ws/firmware/mcu_ws/install/share/tracetools_launch
[2.408s] copying launch/example.launch.py -> /home/ice/microros_ws/firmware/mcu_ws/install/share/tracetools_launch/launch
[2.411s] copying launch/example.launch.xml -> /home/ice/microros_ws/firmware/mcu_ws/install/share/tracetools_launch/launch
[2.411s] copying launch/example.launch.yaml -> /home/ice/microros_ws/firmware/mcu_ws/install/share/tracetools_launch/launch
[2.412s] copying resource/tracetools_launch -> /home/ice/microros_ws/firmware/mcu_ws/install/share/ament_index/resource_index/packages
[2.413s] running install_egg_info
[2.432s] removing '/home/ice/microros_ws/firmware/mcu_ws/install/lib/python3.10/site-packages/tracetools_launch-4.1.1-py3.10.egg-info' (and everything under it)
[2.433s] Copying ../../../build/tracetools_launch/tracetools_launch.egg-info to /home/ice/microros_ws/firmware/mcu_ws/install/lib/python3.10/site-packages/tracetools_launch-4.1.1-py3.10.egg-info
[2.436s] running install_scripts
[2.581s] writing list of installed files to '/home/ice/microros_ws/firmware/mcu_ws/build/tracetools_launch/install.log'
[2.779s] Invoked command in '/home/ice/microros_ws/firmware/mcu_ws/uros/tracetools/tracetools_launch' returned '0': AMENT_PREFIX_PATH=/home/ice/microros_ws/firmware/mcu_ws/install:${AMENT_PREFIX_PATH} CMAKE_PREFIX_PATH=/home/ice/microros_ws/firmware/mcu_ws/install:${CMAKE_PREFIX_PATH} PATH=/home/ice/microros_ws/firmware/mcu_ws/install/bin:${PATH} PYTHONPATH=/home/ice/microros_ws/firmware/mcu_ws/build/tracetools_launch/prefix_override:/home/ice/microros_ws/firmware/mcu_ws/install/lib/python3.10/site-packages:/home/ice/microros_ws/firmware/mcu_ws/install/lib/python3.10/site-packages:${PYTHONPATH} /home/ice/microros_ws/firmware/toolchain/espressif/python_env/idf4.1_py3.10_env/bin/python setup.py egg_info --egg-base ../../../build/tracetools_launch build --build-base /home/ice/microros_ws/firmware/mcu_ws/build/tracetools_launch/build install --record /home/ice/microros_ws/firmware/mcu_ws/build/tracetools_launch/install.log --single-version-externally-managed
