[1.419s] Invoking command in '/home/ice/microros_ws/firmware/mcu_ws/uros/tracetools/tracetools_read': PYTHONPATH=/home/ice/microros_ws/firmware/mcu_ws/build/tracetools_read/prefix_override:/home/ice/microros_ws/firmware/mcu_ws/install/lib/python3.10/site-packages:${PYTHONPATH} /home/ice/microros_ws/firmware/toolchain/espressif/python_env/idf4.1_py3.10_env/bin/python setup.py egg_info --egg-base ../../../build/tracetools_read build --build-base /home/ice/microros_ws/firmware/mcu_ws/build/tracetools_read/build install --record /home/ice/microros_ws/firmware/mcu_ws/build/tracetools_read/install.log --single-version-externally-managed
[1.805s] running egg_info
[1.823s] writing ../../../build/tracetools_read/tracetools_read.egg-info/PKG-INFO
[1.850s] writing dependency_links to ../../../build/tracetools_read/tracetools_read.egg-info/dependency_links.txt
[1.852s] writing requirements to ../../../build/tracetools_read/tracetools_read.egg-info/requires.txt
[1.861s] writing top-level names to ../../../build/tracetools_read/tracetools_read.egg-info/top_level.txt
[1.893s] reading manifest file '../../../build/tracetools_read/tracetools_read.egg-info/SOURCES.txt'
[1.900s] writing manifest file '../../../build/tracetools_read/tracetools_read.egg-info/SOURCES.txt'
[1.903s] running build
[1.903s] running build_py
[1.910s] copying tracetools_read/trace.py -> /home/ice/microros_ws/firmware/mcu_ws/build/tracetools_read/build/lib/tracetools_read
[1.913s] copying tracetools_read/__init__.py -> /home/ice/microros_ws/firmware/mcu_ws/build/tracetools_read/build/lib/tracetools_read
[1.916s] running install
[1.916s] /home/ice/microros_ws/firmware/toolchain/espressif/python_env/idf4.1_py3.10_env/lib/python3.10/site-packages/setuptools/_distutils/cmd.py:66: SetuptoolsDeprecationWarning: setup.py install is deprecated.
[1.917s] !!
[1.917s] 
[1.917s]         ********************************************************************************
[1.917s]         Please avoid running ``setup.py`` directly.
[1.917s]         Instead, use pypa/build, pypa/installer or other
[1.917s]         standards-based tools.
[1.917s] 
[1.918s]         See https://blog.ganssle.io/articles/2021/10/setup-py-deprecated.html for details.
[1.918s]         ********************************************************************************
[1.918s] 
[1.918s] !!
[1.918s]   self.initialize_options()
[1.931s] running install_lib
[1.942s] running install_data
[1.951s] copying package.xml -> /home/ice/microros_ws/firmware/mcu_ws/install/share/tracetools_read
[1.951s] copying resource/tracetools_read -> /home/ice/microros_ws/firmware/mcu_ws/install/share/ament_index/resource_index/packages
[1.952s] running install_egg_info
[1.968s] removing '/home/ice/microros_ws/firmware/mcu_ws/install/lib/python3.10/site-packages/tracetools_read-4.1.1-py3.10.egg-info' (and everything under it)
[1.968s] Copying ../../../build/tracetools_read/tracetools_read.egg-info to /home/ice/microros_ws/firmware/mcu_ws/install/lib/python3.10/site-packages/tracetools_read-4.1.1-py3.10.egg-info
[1.970s] running install_scripts
[2.112s] writing list of installed files to '/home/ice/microros_ws/firmware/mcu_ws/build/tracetools_read/install.log'
[2.196s] Invoked command in '/home/ice/microros_ws/firmware/mcu_ws/uros/tracetools/tracetools_read' returned '0': PYTHONPATH=/home/ice/microros_ws/firmware/mcu_ws/build/tracetools_read/prefix_override:/home/ice/microros_ws/firmware/mcu_ws/install/lib/python3.10/site-packages:${PYTHONPATH} /home/ice/microros_ws/firmware/toolchain/espressif/python_env/idf4.1_py3.10_env/bin/python setup.py egg_info --egg-base ../../../build/tracetools_read build --build-base /home/ice/microros_ws/firmware/mcu_ws/build/tracetools_read/build install --record /home/ice/microros_ws/firmware/mcu_ws/build/tracetools_read/install.log --single-version-externally-managed
