[0.250s] Invoking command in '/home/ice/polaris-bot/ros2_ws/build/my_diff_drive_bot': CMAKE_PREFIX_PATH=/opt/ros/humble /usr/bin/cmake /home/ice/polaris-bot/ros2_ws/src/my_diff_drive_bot -DCMAKE_INSTALL_PREFIX=/home/ice/polaris-bot/ros2_ws/install/my_diff_drive_bot
[0.531s] -- The C compiler identification is GNU 11.4.0
[0.742s] -- The CXX compiler identification is GNU 11.4.0
[0.761s] -- Detecting C compiler ABI info
[1.070s] -- Detecting C compiler ABI info - done
[1.091s] -- Check for working C compiler: /usr/bin/cc - skipped
[1.092s] -- Detecting C compile features
[1.092s] -- Detecting C compile features - done
[1.102s] -- Detecting CXX compiler ABI info
[1.434s] -- Detecting CXX compiler ABI info - done
[1.453s] -- Check for working CXX compiler: /usr/bin/c++ - skipped
[1.454s] -- Detecting CXX compile features
[1.455s] -- Detecting CXX compile features - done
[1.459s] -- Found ament_cmake: 1.3.7 (/opt/ros/humble/share/ament_cmake/cmake)
[1.959s] -- Found Python3: /usr/bin/python3.10 (found version "3.10.12") found components: Interpreter 
[2.192s] -- Found ament_lint_auto: 0.12.10 (/opt/ros/humble/share/ament_lint_auto/cmake)
[2.602s] -- Added test 'copyright' to check source files copyright and LICENSE
[2.688s] -- Added test 'flake8' to check Python code syntax and style conventions
[2.693s] -- Added test 'lint_cmake' to check CMake code style
[2.707s] -- Added test 'pep257' to check Python code against some of the docstring style conventions in PEP 257
[2.724s] -- Added test 'xmllint' to check XML markup files
[2.735s] -- Configuring done
[2.745s] -- Generating done
[2.752s] -- Build files have been written to: /home/ice/polaris-bot/ros2_ws/build/my_diff_drive_bot
