[1.379s] Invoking command in '/home/ice/microros_ws/firmware/mcu_ws/uros/tracetools/tracetools_trace': PYTHONPATH=/home/ice/microros_ws/firmware/mcu_ws/build/tracetools_trace/prefix_override:/home/ice/microros_ws/firmware/mcu_ws/install/lib/python3.10/site-packages:${PYTHONPATH} /home/ice/microros_ws/firmware/toolchain/espressif/python_env/idf4.1_py3.10_env/bin/python setup.py egg_info --egg-base ../../../build/tracetools_trace build --build-base /home/ice/microros_ws/firmware/mcu_ws/build/tracetools_trace/build install --record /home/ice/microros_ws/firmware/mcu_ws/build/tracetools_trace/install.log --single-version-externally-managed
[1.761s] running egg_info
[1.763s] creating ../../../build/tracetools_trace/tracetools_trace.egg-info
[1.776s] writing ../../../build/tracetools_trace/tracetools_trace.egg-info/PKG-INFO
[1.778s] writing dependency_links to ../../../build/tracetools_trace/tracetools_trace.egg-info/dependency_links.txt
[1.778s] writing entry points to ../../../build/tracetools_trace/tracetools_trace.egg-info/entry_points.txt
[1.779s] writing requirements to ../../../build/tracetools_trace/tracetools_trace.egg-info/requires.txt
[1.779s] writing top-level names to ../../../build/tracetools_trace/tracetools_trace.egg-info/top_level.txt
[1.780s] writing manifest file '../../../build/tracetools_trace/tracetools_trace.egg-info/SOURCES.txt'
[1.800s] reading manifest file '../../../build/tracetools_trace/tracetools_trace.egg-info/SOURCES.txt'
[1.803s] writing manifest file '../../../build/tracetools_trace/tracetools_trace.egg-info/SOURCES.txt'
[1.806s] running build
[1.806s] running build_py
[1.807s] creating /home/ice/microros_ws/firmware/mcu_ws/build/tracetools_trace/build
[1.808s] creating /home/ice/microros_ws/firmware/mcu_ws/build/tracetools_trace/build/lib
[1.808s] creating /home/ice/microros_ws/firmware/mcu_ws/build/tracetools_trace/build/lib/tracetools_trace
[1.809s] copying tracetools_trace/trace.py -> /home/ice/microros_ws/firmware/mcu_ws/build/tracetools_trace/build/lib/tracetools_trace
[1.811s] copying tracetools_trace/__init__.py -> /home/ice/microros_ws/firmware/mcu_ws/build/tracetools_trace/build/lib/tracetools_trace
[1.814s] creating /home/ice/microros_ws/firmware/mcu_ws/build/tracetools_trace/build/lib/tracetools_trace/tools
[1.814s] copying tracetools_trace/tools/lttng_impl.py -> /home/ice/microros_ws/firmware/mcu_ws/build/tracetools_trace/build/lib/tracetools_trace/tools
[1.816s] copying tracetools_trace/tools/args.py -> /home/ice/microros_ws/firmware/mcu_ws/build/tracetools_trace/build/lib/tracetools_trace/tools
[1.818s] copying tracetools_trace/tools/tracepoints.py -> /home/ice/microros_ws/firmware/mcu_ws/build/tracetools_trace/build/lib/tracetools_trace/tools
[1.820s] copying tracetools_trace/tools/names.py -> /home/ice/microros_ws/firmware/mcu_ws/build/tracetools_trace/build/lib/tracetools_trace/tools
[1.824s] copying tracetools_trace/tools/lttng.py -> /home/ice/microros_ws/firmware/mcu_ws/build/tracetools_trace/build/lib/tracetools_trace/tools
[1.831s] copying tracetools_trace/tools/lttng_stub.py -> /home/ice/microros_ws/firmware/mcu_ws/build/tracetools_trace/build/lib/tracetools_trace/tools
[1.836s] copying tracetools_trace/tools/signals.py -> /home/ice/microros_ws/firmware/mcu_ws/build/tracetools_trace/build/lib/tracetools_trace/tools
[1.839s] copying tracetools_trace/tools/__init__.py -> /home/ice/microros_ws/firmware/mcu_ws/build/tracetools_trace/build/lib/tracetools_trace/tools
[1.842s] copying tracetools_trace/tools/path.py -> /home/ice/microros_ws/firmware/mcu_ws/build/tracetools_trace/build/lib/tracetools_trace/tools
[1.845s] running install
[1.846s] /home/ice/microros_ws/firmware/toolchain/espressif/python_env/idf4.1_py3.10_env/lib/python3.10/site-packages/setuptools/_distutils/cmd.py:66: SetuptoolsDeprecationWarning: setup.py install is deprecated.
[1.847s] !!
[1.847s] 
[1.848s]         ********************************************************************************
[1.848s]         Please avoid running ``setup.py`` directly.
[1.848s]         Instead, use pypa/build, pypa/installer or other
[1.849s]         standards-based tools.
[1.849s] 
[1.849s]         See https://blog.ganssle.io/articles/2021/10/setup-py-deprecated.html for details.
[1.849s]         ********************************************************************************
[1.849s] 
[1.849s] !!
[1.850s]   self.initialize_options()
[1.860s] running install_lib
[1.891s] creating /home/ice/microros_ws/firmware/mcu_ws/install/lib/python3.10/site-packages/tracetools_trace
[1.892s] copying /home/ice/microros_ws/firmware/mcu_ws/build/tracetools_trace/build/lib/tracetools_trace/trace.py -> /home/ice/microros_ws/firmware/mcu_ws/install/lib/python3.10/site-packages/tracetools_trace
[1.892s] creating /home/ice/microros_ws/firmware/mcu_ws/install/lib/python3.10/site-packages/tracetools_trace/tools
[1.893s] copying /home/ice/microros_ws/firmware/mcu_ws/build/tracetools_trace/build/lib/tracetools_trace/tools/lttng_impl.py -> /home/ice/microros_ws/firmware/mcu_ws/install/lib/python3.10/site-packages/tracetools_trace/tools
[1.894s] copying /home/ice/microros_ws/firmware/mcu_ws/build/tracetools_trace/build/lib/tracetools_trace/tools/args.py -> /home/ice/microros_ws/firmware/mcu_ws/install/lib/python3.10/site-packages/tracetools_trace/tools
[1.894s] copying /home/ice/microros_ws/firmware/mcu_ws/build/tracetools_trace/build/lib/tracetools_trace/tools/tracepoints.py -> /home/ice/microros_ws/firmware/mcu_ws/install/lib/python3.10/site-packages/tracetools_trace/tools
[1.894s] copying /home/ice/microros_ws/firmware/mcu_ws/build/tracetools_trace/build/lib/tracetools_trace/tools/names.py -> /home/ice/microros_ws/firmware/mcu_ws/install/lib/python3.10/site-packages/tracetools_trace/tools
[1.895s] copying /home/ice/microros_ws/firmware/mcu_ws/build/tracetools_trace/build/lib/tracetools_trace/tools/lttng.py -> /home/ice/microros_ws/firmware/mcu_ws/install/lib/python3.10/site-packages/tracetools_trace/tools
[1.895s] copying /home/ice/microros_ws/firmware/mcu_ws/build/tracetools_trace/build/lib/tracetools_trace/tools/lttng_stub.py -> /home/ice/microros_ws/firmware/mcu_ws/install/lib/python3.10/site-packages/tracetools_trace/tools
[1.896s] copying /home/ice/microros_ws/firmware/mcu_ws/build/tracetools_trace/build/lib/tracetools_trace/tools/signals.py -> /home/ice/microros_ws/firmware/mcu_ws/install/lib/python3.10/site-packages/tracetools_trace/tools
[1.896s] copying /home/ice/microros_ws/firmware/mcu_ws/build/tracetools_trace/build/lib/tracetools_trace/tools/__init__.py -> /home/ice/microros_ws/firmware/mcu_ws/install/lib/python3.10/site-packages/tracetools_trace/tools
[1.898s] copying /home/ice/microros_ws/firmware/mcu_ws/build/tracetools_trace/build/lib/tracetools_trace/tools/path.py -> /home/ice/microros_ws/firmware/mcu_ws/install/lib/python3.10/site-packages/tracetools_trace/tools
[1.899s] copying /home/ice/microros_ws/firmware/mcu_ws/build/tracetools_trace/build/lib/tracetools_trace/__init__.py -> /home/ice/microros_ws/firmware/mcu_ws/install/lib/python3.10/site-packages/tracetools_trace
[1.901s] byte-compiling /home/ice/microros_ws/firmware/mcu_ws/install/lib/python3.10/site-packages/tracetools_trace/trace.py to trace.cpython-310.pyc
[1.903s] byte-compiling /home/ice/microros_ws/firmware/mcu_ws/install/lib/python3.10/site-packages/tracetools_trace/tools/lttng_impl.py to lttng_impl.cpython-310.pyc
[1.907s] byte-compiling /home/ice/microros_ws/firmware/mcu_ws/install/lib/python3.10/site-packages/tracetools_trace/tools/args.py to args.cpython-310.pyc
[1.908s] byte-compiling /home/ice/microros_ws/firmware/mcu_ws/install/lib/python3.10/site-packages/tracetools_trace/tools/tracepoints.py to tracepoints.cpython-310.pyc
[1.909s] byte-compiling /home/ice/microros_ws/firmware/mcu_ws/install/lib/python3.10/site-packages/tracetools_trace/tools/names.py to names.cpython-310.pyc
[1.911s] byte-compiling /home/ice/microros_ws/firmware/mcu_ws/install/lib/python3.10/site-packages/tracetools_trace/tools/lttng.py to lttng.cpython-310.pyc
[1.913s] byte-compiling /home/ice/microros_ws/firmware/mcu_ws/install/lib/python3.10/site-packages/tracetools_trace/tools/lttng_stub.py to lttng_stub.cpython-310.pyc
[1.915s] byte-compiling /home/ice/microros_ws/firmware/mcu_ws/install/lib/python3.10/site-packages/tracetools_trace/tools/signals.py to signals.cpython-310.pyc
[1.916s] byte-compiling /home/ice/microros_ws/firmware/mcu_ws/install/lib/python3.10/site-packages/tracetools_trace/tools/__init__.py to __init__.cpython-310.pyc
[1.919s] byte-compiling /home/ice/microros_ws/firmware/mcu_ws/install/lib/python3.10/site-packages/tracetools_trace/tools/path.py to path.cpython-310.pyc
[1.921s] byte-compiling /home/ice/microros_ws/firmware/mcu_ws/install/lib/python3.10/site-packages/tracetools_trace/__init__.py to __init__.cpython-310.pyc
[1.922s] running install_data
[1.935s] copying package.xml -> /home/ice/microros_ws/firmware/mcu_ws/install/share/tracetools_trace
[1.935s] copying resource/tracetools_trace -> /home/ice/microros_ws/firmware/mcu_ws/install/share/ament_index/resource_index/packages
[1.936s] running install_egg_info
[1.952s] Copying ../../../build/tracetools_trace/tracetools_trace.egg-info to /home/ice/microros_ws/firmware/mcu_ws/install/lib/python3.10/site-packages/tracetools_trace-4.1.1-py3.10.egg-info
[1.954s] running install_scripts
[2.121s] Installing trace script to /home/ice/microros_ws/firmware/mcu_ws/install/bin
[2.123s] writing list of installed files to '/home/ice/microros_ws/firmware/mcu_ws/build/tracetools_trace/install.log'
[2.214s] Invoked command in '/home/ice/microros_ws/firmware/mcu_ws/uros/tracetools/tracetools_trace' returned '0': PYTHONPATH=/home/ice/microros_ws/firmware/mcu_ws/build/tracetools_trace/prefix_override:/home/ice/microros_ws/firmware/mcu_ws/install/lib/python3.10/site-packages:${PYTHONPATH} /home/ice/microros_ws/firmware/toolchain/espressif/python_env/idf4.1_py3.10_env/bin/python setup.py egg_info --egg-base ../../../build/tracetools_trace build --build-base /home/ice/microros_ws/firmware/mcu_ws/build/tracetools_trace/build install --record /home/ice/microros_ws/firmware/mcu_ws/build/tracetools_trace/install.log --single-version-externally-managed
