[2.415s] DEBUG:colcon:Command line arguments: ['/usr/bin/colcon', 'build']
[2.416s] DEBUG:colcon:Parsed command line arguments: Namespace(log_base=None, log_level=None, verb_name='build', build_base='build', install_base='install', merge_install=False, symlink_install=False, test_result_base=None, continue_on_error=False, executor='parallel', parallel_workers=2, event_handlers=None, ignore_user_meta=False, metas=['./colcon.meta'], base_paths=['.'], packages_ignore=None, packages_ignore_regex=None, paths=None, packages_up_to=None, packages_up_to_regex=None, packages_above=None, packages_above_and_dependencies=None, packages_above_depth=None, packages_select_by_dep=None, packages_skip_by_dep=None, packages_skip_up_to=None, packages_select_build_failed=False, packages_skip_build_finished=False, packages_select_test_failures=False, packages_skip_test_passed=False, packages_select=None, packages_skip=None, packages_select_regex=None, packages_skip_regex=None, packages_start=None, packages_end=None, allow_overriding=[], cmake_args=None, cmake_target=None, cmake_target_skip_unavailable=False, cmake_clean_cache=False, cmake_clean_first=False, cmake_force_configure=False, ament_cmake_args=None, catkin_cmake_args=None, catkin_skip_building_tests=False, verb_parser=<colcon_defaults.argument_parser.defaults.DefaultArgumentsDecorator object at 0x7f29e964f2b0>, verb_extension=<colcon_core.verb.build.BuildVerb object at 0x7f29e99b4130>, main=<bound method BuildVerb.main of <colcon_core.verb.build.BuildVerb object at 0x7f29e99b4130>>)
[2.619s] Level 1:colcon.colcon_core.package_discovery:discover_packages(colcon_meta) check parameters
[2.619s] Level 1:colcon.colcon_core.package_discovery:discover_packages(recursive) check parameters
[2.620s] Level 1:colcon.colcon_core.package_discovery:discover_packages(ignore) check parameters
[2.620s] Level 1:colcon.colcon_core.package_discovery:discover_packages(path) check parameters
[2.620s] Level 1:colcon.colcon_core.package_discovery:discover_packages(colcon_meta) discover
[2.620s] Level 1:colcon.colcon_core.package_discovery:discover_packages(recursive) discover
[2.620s] INFO:colcon.colcon_core.package_discovery:Crawling recursively for packages in '/home/ice/microros_ws'
[2.620s] Level 1:colcon.colcon_core.package_identification:_identify(.) by extensions ['ignore', 'ignore_ament_install']
[2.620s] Level 1:colcon.colcon_core.package_identification:_identify(.) by extension 'ignore'
[2.620s] Level 1:colcon.colcon_core.package_identification:_identify(.) by extension 'ignore_ament_install'
[2.620s] Level 1:colcon.colcon_core.package_identification:_identify(.) by extensions ['colcon_pkg']
[2.620s] Level 1:colcon.colcon_core.package_identification:_identify(.) by extension 'colcon_pkg'
[2.620s] Level 1:colcon.colcon_core.package_identification:_identify(.) by extensions ['colcon_meta']
[2.620s] Level 1:colcon.colcon_core.package_identification:_identify(.) by extension 'colcon_meta'
[2.620s] Level 1:colcon.colcon_core.package_identification:_identify(.) by extensions ['ros']
[2.620s] Level 1:colcon.colcon_core.package_identification:_identify(.) by extension 'ros'
[2.635s] Level 1:colcon.colcon_core.package_identification:_identify(.) by extensions ['cmake', 'python']
[2.635s] Level 1:colcon.colcon_core.package_identification:_identify(.) by extension 'cmake'
[2.635s] Level 1:colcon.colcon_core.package_identification:_identify(.) by extension 'python'
[2.635s] Level 1:colcon.colcon_core.package_identification:_identify(.) by extensions ['python_setup_py']
[2.635s] Level 1:colcon.colcon_core.package_identification:_identify(.) by extension 'python_setup_py'
[2.636s] Level 1:colcon.colcon_core.package_identification:_identify(build) by extensions ['ignore', 'ignore_ament_install']
[2.637s] Level 1:colcon.colcon_core.package_identification:_identify(build) by extension 'ignore'
[2.637s] Level 1:colcon.colcon_core.package_identification:_identify(build) ignored
[2.637s] Level 1:colcon.colcon_core.package_identification:_identify(firmware) by extensions ['ignore', 'ignore_ament_install']
[2.637s] Level 1:colcon.colcon_core.package_identification:_identify(firmware) by extension 'ignore'
[2.638s] Level 1:colcon.colcon_core.package_identification:_identify(firmware) ignored
[2.639s] Level 1:colcon.colcon_core.package_identification:_identify(install) by extensions ['ignore', 'ignore_ament_install']
[2.639s] Level 1:colcon.colcon_core.package_identification:_identify(install) by extension 'ignore'
[2.639s] Level 1:colcon.colcon_core.package_identification:_identify(install) ignored
[2.639s] Level 1:colcon.colcon_core.package_identification:_identify(log) by extensions ['ignore', 'ignore_ament_install']
[2.640s] Level 1:colcon.colcon_core.package_identification:_identify(log) by extension 'ignore'
[2.640s] Level 1:colcon.colcon_core.package_identification:_identify(log) ignored
[2.641s] Level 1:colcon.colcon_core.package_identification:_identify(src) by extensions ['ignore', 'ignore_ament_install']
[2.641s] Level 1:colcon.colcon_core.package_identification:_identify(src) by extension 'ignore'
[2.641s] Level 1:colcon.colcon_core.package_identification:_identify(src) by extension 'ignore_ament_install'
[2.641s] Level 1:colcon.colcon_core.package_identification:_identify(src) by extensions ['colcon_pkg']
[2.641s] Level 1:colcon.colcon_core.package_identification:_identify(src) by extension 'colcon_pkg'
[2.641s] Level 1:colcon.colcon_core.package_identification:_identify(src) by extensions ['colcon_meta']
[2.641s] Level 1:colcon.colcon_core.package_identification:_identify(src) by extension 'colcon_meta'
[2.641s] Level 1:colcon.colcon_core.package_identification:_identify(src) by extensions ['ros']
[2.641s] Level 1:colcon.colcon_core.package_identification:_identify(src) by extension 'ros'
[2.642s] Level 1:colcon.colcon_core.package_identification:_identify(src) by extensions ['cmake', 'python']
[2.642s] Level 1:colcon.colcon_core.package_identification:_identify(src) by extension 'cmake'
[2.642s] Level 1:colcon.colcon_core.package_identification:_identify(src) by extension 'python'
[2.642s] Level 1:colcon.colcon_core.package_identification:_identify(src) by extensions ['python_setup_py']
[2.642s] Level 1:colcon.colcon_core.package_identification:_identify(src) by extension 'python_setup_py'
[2.643s] Level 1:colcon.colcon_core.package_identification:_identify(src/micro_ros_setup) by extensions ['ignore', 'ignore_ament_install']
[2.643s] Level 1:colcon.colcon_core.package_identification:_identify(src/micro_ros_setup) by extension 'ignore'
[2.643s] Level 1:colcon.colcon_core.package_identification:_identify(src/micro_ros_setup) by extension 'ignore_ament_install'
[2.644s] Level 1:colcon.colcon_core.package_identification:_identify(src/micro_ros_setup) by extensions ['colcon_pkg']
[2.644s] Level 1:colcon.colcon_core.package_identification:_identify(src/micro_ros_setup) by extension 'colcon_pkg'
[2.644s] Level 1:colcon.colcon_core.package_identification:_identify(src/micro_ros_setup) by extensions ['colcon_meta']
[2.644s] Level 1:colcon.colcon_core.package_identification:_identify(src/micro_ros_setup) by extension 'colcon_meta'
[2.644s] Level 1:colcon.colcon_core.package_identification:_identify(src/micro_ros_setup) by extensions ['ros']
[2.644s] Level 1:colcon.colcon_core.package_identification:_identify(src/micro_ros_setup) by extension 'ros'
[2.654s] DEBUG:colcon.colcon_core.package_identification:Package 'src/micro_ros_setup' with type 'ros.ament_cmake' and name 'micro_ros_setup'
[2.655s] Level 1:colcon.colcon_core.package_identification:_identify(src/uros) by extensions ['ignore', 'ignore_ament_install']
[2.655s] Level 1:colcon.colcon_core.package_identification:_identify(src/uros) by extension 'ignore'
[2.655s] Level 1:colcon.colcon_core.package_identification:_identify(src/uros) by extension 'ignore_ament_install'
[2.656s] Level 1:colcon.colcon_core.package_identification:_identify(src/uros) by extensions ['colcon_pkg']
[2.656s] Level 1:colcon.colcon_core.package_identification:_identify(src/uros) by extension 'colcon_pkg'
[2.656s] Level 1:colcon.colcon_core.package_identification:_identify(src/uros) by extensions ['colcon_meta']
[2.656s] Level 1:colcon.colcon_core.package_identification:_identify(src/uros) by extension 'colcon_meta'
[2.656s] Level 1:colcon.colcon_core.package_identification:_identify(src/uros) by extensions ['ros']
[2.656s] Level 1:colcon.colcon_core.package_identification:_identify(src/uros) by extension 'ros'
[2.656s] Level 1:colcon.colcon_core.package_identification:_identify(src/uros) by extensions ['cmake', 'python']
[2.656s] Level 1:colcon.colcon_core.package_identification:_identify(src/uros) by extension 'cmake'
[2.656s] Level 1:colcon.colcon_core.package_identification:_identify(src/uros) by extension 'python'
[2.656s] Level 1:colcon.colcon_core.package_identification:_identify(src/uros) by extensions ['python_setup_py']
[2.656s] Level 1:colcon.colcon_core.package_identification:_identify(src/uros) by extension 'python_setup_py'
[2.658s] Level 1:colcon.colcon_core.package_identification:_identify(src/uros/micro-ROS-Agent) by extensions ['ignore', 'ignore_ament_install']
[2.658s] Level 1:colcon.colcon_core.package_identification:_identify(src/uros/micro-ROS-Agent) by extension 'ignore'
[2.658s] Level 1:colcon.colcon_core.package_identification:_identify(src/uros/micro-ROS-Agent) by extension 'ignore_ament_install'
[2.658s] Level 1:colcon.colcon_core.package_identification:_identify(src/uros/micro-ROS-Agent) by extensions ['colcon_pkg']
[2.658s] Level 1:colcon.colcon_core.package_identification:_identify(src/uros/micro-ROS-Agent) by extension 'colcon_pkg'
[2.658s] Level 1:colcon.colcon_core.package_identification:_identify(src/uros/micro-ROS-Agent) by extensions ['colcon_meta']
[2.658s] Level 1:colcon.colcon_core.package_identification:_identify(src/uros/micro-ROS-Agent) by extension 'colcon_meta'
[2.659s] Level 1:colcon.colcon_core.package_identification:_identify(src/uros/micro-ROS-Agent) by extensions ['ros']
[2.659s] Level 1:colcon.colcon_core.package_identification:_identify(src/uros/micro-ROS-Agent) by extension 'ros'
[2.659s] Level 1:colcon.colcon_core.package_identification:_identify(src/uros/micro-ROS-Agent) by extensions ['cmake', 'python']
[2.659s] Level 1:colcon.colcon_core.package_identification:_identify(src/uros/micro-ROS-Agent) by extension 'cmake'
[2.659s] Level 1:colcon.colcon_core.package_identification:_identify(src/uros/micro-ROS-Agent) by extension 'python'
[2.659s] Level 1:colcon.colcon_core.package_identification:_identify(src/uros/micro-ROS-Agent) by extensions ['python_setup_py']
[2.659s] Level 1:colcon.colcon_core.package_identification:_identify(src/uros/micro-ROS-Agent) by extension 'python_setup_py'
[2.660s] Level 1:colcon.colcon_core.package_identification:_identify(src/uros/micro-ROS-Agent/micro_ros_agent) by extensions ['ignore', 'ignore_ament_install']
[2.661s] Level 1:colcon.colcon_core.package_identification:_identify(src/uros/micro-ROS-Agent/micro_ros_agent) by extension 'ignore'
[2.661s] Level 1:colcon.colcon_core.package_identification:_identify(src/uros/micro-ROS-Agent/micro_ros_agent) by extension 'ignore_ament_install'
[2.661s] Level 1:colcon.colcon_core.package_identification:_identify(src/uros/micro-ROS-Agent/micro_ros_agent) by extensions ['colcon_pkg']
[2.661s] Level 1:colcon.colcon_core.package_identification:_identify(src/uros/micro-ROS-Agent/micro_ros_agent) by extension 'colcon_pkg'
[2.661s] Level 1:colcon.colcon_core.package_identification:_identify(src/uros/micro-ROS-Agent/micro_ros_agent) by extensions ['colcon_meta']
[2.661s] Level 1:colcon.colcon_core.package_identification:_identify(src/uros/micro-ROS-Agent/micro_ros_agent) by extension 'colcon_meta'
[2.661s] Level 1:colcon.colcon_core.package_identification:_identify(src/uros/micro-ROS-Agent/micro_ros_agent) by extensions ['ros']
[2.661s] Level 1:colcon.colcon_core.package_identification:_identify(src/uros/micro-ROS-Agent/micro_ros_agent) by extension 'ros'
[2.664s] DEBUG:colcon.colcon_core.package_identification:Package 'src/uros/micro-ROS-Agent/micro_ros_agent' with type 'ros.ament_cmake' and name 'micro_ros_agent'
[2.665s] Level 1:colcon.colcon_core.package_identification:_identify(src/uros/micro-ROS-Agent/snap) by extensions ['ignore', 'ignore_ament_install']
[2.665s] Level 1:colcon.colcon_core.package_identification:_identify(src/uros/micro-ROS-Agent/snap) by extension 'ignore'
[2.666s] Level 1:colcon.colcon_core.package_identification:_identify(src/uros/micro-ROS-Agent/snap) by extension 'ignore_ament_install'
[2.666s] Level 1:colcon.colcon_core.package_identification:_identify(src/uros/micro-ROS-Agent/snap) by extensions ['colcon_pkg']
[2.666s] Level 1:colcon.colcon_core.package_identification:_identify(src/uros/micro-ROS-Agent/snap) by extension 'colcon_pkg'
[2.666s] Level 1:colcon.colcon_core.package_identification:_identify(src/uros/micro-ROS-Agent/snap) by extensions ['colcon_meta']
[2.666s] Level 1:colcon.colcon_core.package_identification:_identify(src/uros/micro-ROS-Agent/snap) by extension 'colcon_meta'
[2.666s] Level 1:colcon.colcon_core.package_identification:_identify(src/uros/micro-ROS-Agent/snap) by extensions ['ros']
[2.666s] Level 1:colcon.colcon_core.package_identification:_identify(src/uros/micro-ROS-Agent/snap) by extension 'ros'
[2.666s] Level 1:colcon.colcon_core.package_identification:_identify(src/uros/micro-ROS-Agent/snap) by extensions ['cmake', 'python']
[2.666s] Level 1:colcon.colcon_core.package_identification:_identify(src/uros/micro-ROS-Agent/snap) by extension 'cmake'
[2.666s] Level 1:colcon.colcon_core.package_identification:_identify(src/uros/micro-ROS-Agent/snap) by extension 'python'
[2.666s] Level 1:colcon.colcon_core.package_identification:_identify(src/uros/micro-ROS-Agent/snap) by extensions ['python_setup_py']
[2.666s] Level 1:colcon.colcon_core.package_identification:_identify(src/uros/micro-ROS-Agent/snap) by extension 'python_setup_py'
[2.668s] Level 1:colcon.colcon_core.package_identification:_identify(src/uros/micro-ROS-Agent/snap/hooks) by extensions ['ignore', 'ignore_ament_install']
[2.668s] Level 1:colcon.colcon_core.package_identification:_identify(src/uros/micro-ROS-Agent/snap/hooks) by extension 'ignore'
[2.668s] Level 1:colcon.colcon_core.package_identification:_identify(src/uros/micro-ROS-Agent/snap/hooks) by extension 'ignore_ament_install'
[2.668s] Level 1:colcon.colcon_core.package_identification:_identify(src/uros/micro-ROS-Agent/snap/hooks) by extensions ['colcon_pkg']
[2.668s] Level 1:colcon.colcon_core.package_identification:_identify(src/uros/micro-ROS-Agent/snap/hooks) by extension 'colcon_pkg'
[2.668s] Level 1:colcon.colcon_core.package_identification:_identify(src/uros/micro-ROS-Agent/snap/hooks) by extensions ['colcon_meta']
[2.668s] Level 1:colcon.colcon_core.package_identification:_identify(src/uros/micro-ROS-Agent/snap/hooks) by extension 'colcon_meta'
[2.668s] Level 1:colcon.colcon_core.package_identification:_identify(src/uros/micro-ROS-Agent/snap/hooks) by extensions ['ros']
[2.668s] Level 1:colcon.colcon_core.package_identification:_identify(src/uros/micro-ROS-Agent/snap/hooks) by extension 'ros'
[2.668s] Level 1:colcon.colcon_core.package_identification:_identify(src/uros/micro-ROS-Agent/snap/hooks) by extensions ['cmake', 'python']
[2.669s] Level 1:colcon.colcon_core.package_identification:_identify(src/uros/micro-ROS-Agent/snap/hooks) by extension 'cmake'
[2.669s] Level 1:colcon.colcon_core.package_identification:_identify(src/uros/micro-ROS-Agent/snap/hooks) by extension 'python'
[2.669s] Level 1:colcon.colcon_core.package_identification:_identify(src/uros/micro-ROS-Agent/snap/hooks) by extensions ['python_setup_py']
[2.669s] Level 1:colcon.colcon_core.package_identification:_identify(src/uros/micro-ROS-Agent/snap/hooks) by extension 'python_setup_py'
[2.670s] Level 1:colcon.colcon_core.package_identification:_identify(src/uros/micro-ROS-Agent/snap/local) by extensions ['ignore', 'ignore_ament_install']
[2.670s] Level 1:colcon.colcon_core.package_identification:_identify(src/uros/micro-ROS-Agent/snap/local) by extension 'ignore'
[2.670s] Level 1:colcon.colcon_core.package_identification:_identify(src/uros/micro-ROS-Agent/snap/local) by extension 'ignore_ament_install'
[2.671s] Level 1:colcon.colcon_core.package_identification:_identify(src/uros/micro-ROS-Agent/snap/local) by extensions ['colcon_pkg']
[2.671s] Level 1:colcon.colcon_core.package_identification:_identify(src/uros/micro-ROS-Agent/snap/local) by extension 'colcon_pkg'
[2.671s] Level 1:colcon.colcon_core.package_identification:_identify(src/uros/micro-ROS-Agent/snap/local) by extensions ['colcon_meta']
[2.671s] Level 1:colcon.colcon_core.package_identification:_identify(src/uros/micro-ROS-Agent/snap/local) by extension 'colcon_meta'
[2.671s] Level 1:colcon.colcon_core.package_identification:_identify(src/uros/micro-ROS-Agent/snap/local) by extensions ['ros']
[2.671s] Level 1:colcon.colcon_core.package_identification:_identify(src/uros/micro-ROS-Agent/snap/local) by extension 'ros'
[2.671s] Level 1:colcon.colcon_core.package_identification:_identify(src/uros/micro-ROS-Agent/snap/local) by extensions ['cmake', 'python']
[2.671s] Level 1:colcon.colcon_core.package_identification:_identify(src/uros/micro-ROS-Agent/snap/local) by extension 'cmake'
[2.671s] Level 1:colcon.colcon_core.package_identification:_identify(src/uros/micro-ROS-Agent/snap/local) by extension 'python'
[2.672s] Level 1:colcon.colcon_core.package_identification:_identify(src/uros/micro-ROS-Agent/snap/local) by extensions ['python_setup_py']
[2.672s] Level 1:colcon.colcon_core.package_identification:_identify(src/uros/micro-ROS-Agent/snap/local) by extension 'python_setup_py'
[2.673s] Level 1:colcon.colcon_core.package_identification:_identify(src/uros/micro_ros_msgs) by extensions ['ignore', 'ignore_ament_install']
[2.673s] Level 1:colcon.colcon_core.package_identification:_identify(src/uros/micro_ros_msgs) by extension 'ignore'
[2.673s] Level 1:colcon.colcon_core.package_identification:_identify(src/uros/micro_ros_msgs) by extension 'ignore_ament_install'
[2.673s] Level 1:colcon.colcon_core.package_identification:_identify(src/uros/micro_ros_msgs) by extensions ['colcon_pkg']
[2.673s] Level 1:colcon.colcon_core.package_identification:_identify(src/uros/micro_ros_msgs) by extension 'colcon_pkg'
[2.673s] Level 1:colcon.colcon_core.package_identification:_identify(src/uros/micro_ros_msgs) by extensions ['colcon_meta']
[2.673s] Level 1:colcon.colcon_core.package_identification:_identify(src/uros/micro_ros_msgs) by extension 'colcon_meta'
[2.674s] Level 1:colcon.colcon_core.package_identification:_identify(src/uros/micro_ros_msgs) by extensions ['ros']
[2.674s] Level 1:colcon.colcon_core.package_identification:_identify(src/uros/micro_ros_msgs) by extension 'ros'
[2.676s] DEBUG:colcon.colcon_core.package_identification:Package 'src/uros/micro_ros_msgs' with type 'ros.ament_cmake' and name 'micro_ros_msgs'
[2.676s] Level 1:colcon.colcon_core.package_discovery:discover_packages(recursive) using defaults
[2.676s] Level 1:colcon.colcon_core.package_discovery:discover_packages(ignore) discover
[2.676s] Level 1:colcon.colcon_core.package_discovery:discover_packages(ignore) using defaults
[2.676s] Level 1:colcon.colcon_core.package_discovery:discover_packages(path) discover
[2.676s] Level 1:colcon.colcon_core.package_discovery:discover_packages(path) using defaults
[2.845s] Level 1:colcon.colcon_core.package_discovery:discover_packages(prefix_path) check parameters
[2.845s] Level 1:colcon.colcon_core.package_discovery:discover_packages(prefix_path) discover
[2.907s] DEBUG:colcon.colcon_installed_package_information.package_discovery:Found 2 installed packages in /home/ice/polaris_ws/install
[2.930s] DEBUG:colcon.colcon_installed_package_information.package_discovery:Found 270 installed packages in /opt/ros/humble
[2.931s] Level 1:colcon.colcon_core.package_discovery:discover_packages(prefix_path) using defaults
[3.133s] Level 5:colcon.colcon_core.verb:set package 'micro_ros_msgs' build argument 'cmake_args' from command line to 'None'
[3.134s] Level 5:colcon.colcon_core.verb:set package 'micro_ros_msgs' build argument 'cmake_target' from command line to 'None'
[3.134s] Level 5:colcon.colcon_core.verb:set package 'micro_ros_msgs' build argument 'cmake_target_skip_unavailable' from command line to 'False'
[3.134s] Level 5:colcon.colcon_core.verb:set package 'micro_ros_msgs' build argument 'cmake_clean_cache' from command line to 'False'
[3.134s] Level 5:colcon.colcon_core.verb:set package 'micro_ros_msgs' build argument 'cmake_clean_first' from command line to 'False'
[3.134s] Level 5:colcon.colcon_core.verb:set package 'micro_ros_msgs' build argument 'cmake_force_configure' from command line to 'False'
[3.134s] Level 5:colcon.colcon_core.verb:set package 'micro_ros_msgs' build argument 'ament_cmake_args' from command line to 'None'
[3.134s] Level 5:colcon.colcon_core.verb:set package 'micro_ros_msgs' build argument 'catkin_cmake_args' from command line to 'None'
[3.134s] Level 5:colcon.colcon_core.verb:set package 'micro_ros_msgs' build argument 'catkin_skip_building_tests' from command line to 'False'
[3.134s] DEBUG:colcon.colcon_core.verb:Building package 'micro_ros_msgs' with the following arguments: {'ament_cmake_args': None, 'build_base': '/home/ice/microros_ws/build/micro_ros_msgs', 'catkin_cmake_args': None, 'catkin_skip_building_tests': False, 'cmake_args': None, 'cmake_clean_cache': False, 'cmake_clean_first': False, 'cmake_force_configure': False, 'cmake_target': None, 'cmake_target_skip_unavailable': False, 'install_base': '/home/ice/microros_ws/install/micro_ros_msgs', 'merge_install': False, 'path': '/home/ice/microros_ws/src/uros/micro_ros_msgs', 'symlink_install': False, 'test_result_base': None}
[3.158s] Level 5:colcon.colcon_core.verb:set package 'micro_ros_setup' build argument 'cmake_args' from command line to 'None'
[3.159s] Level 5:colcon.colcon_core.verb:set package 'micro_ros_setup' build argument 'cmake_target' from command line to 'None'
[3.159s] Level 5:colcon.colcon_core.verb:set package 'micro_ros_setup' build argument 'cmake_target_skip_unavailable' from command line to 'False'
[3.159s] Level 5:colcon.colcon_core.verb:set package 'micro_ros_setup' build argument 'cmake_clean_cache' from command line to 'False'
[3.159s] Level 5:colcon.colcon_core.verb:set package 'micro_ros_setup' build argument 'cmake_clean_first' from command line to 'False'
[3.159s] Level 5:colcon.colcon_core.verb:set package 'micro_ros_setup' build argument 'cmake_force_configure' from command line to 'False'
[3.159s] Level 5:colcon.colcon_core.verb:set package 'micro_ros_setup' build argument 'ament_cmake_args' from command line to 'None'
[3.159s] Level 5:colcon.colcon_core.verb:set package 'micro_ros_setup' build argument 'catkin_cmake_args' from command line to 'None'
[3.159s] Level 5:colcon.colcon_core.verb:set package 'micro_ros_setup' build argument 'catkin_skip_building_tests' from command line to 'False'
[3.159s] DEBUG:colcon.colcon_core.verb:Building package 'micro_ros_setup' with the following arguments: {'ament_cmake_args': None, 'build_base': '/home/ice/microros_ws/build/micro_ros_setup', 'catkin_cmake_args': None, 'catkin_skip_building_tests': False, 'cmake_args': None, 'cmake_clean_cache': False, 'cmake_clean_first': False, 'cmake_force_configure': False, 'cmake_target': None, 'cmake_target_skip_unavailable': False, 'install_base': '/home/ice/microros_ws/install/micro_ros_setup', 'merge_install': False, 'path': '/home/ice/microros_ws/src/micro_ros_setup', 'symlink_install': False, 'test_result_base': None}
[3.179s] Level 5:colcon.colcon_core.verb:set package 'micro_ros_agent' build argument 'cmake_args' from command line to 'None'
[3.179s] Level 5:colcon.colcon_core.verb:set package 'micro_ros_agent' build argument 'cmake_target' from command line to 'None'
[3.179s] Level 5:colcon.colcon_core.verb:set package 'micro_ros_agent' build argument 'cmake_target_skip_unavailable' from command line to 'False'
[3.179s] Level 5:colcon.colcon_core.verb:set package 'micro_ros_agent' build argument 'cmake_clean_cache' from command line to 'False'
[3.179s] Level 5:colcon.colcon_core.verb:set package 'micro_ros_agent' build argument 'cmake_clean_first' from command line to 'False'
[3.179s] Level 5:colcon.colcon_core.verb:set package 'micro_ros_agent' build argument 'cmake_force_configure' from command line to 'False'
[3.179s] Level 5:colcon.colcon_core.verb:set package 'micro_ros_agent' build argument 'ament_cmake_args' from command line to 'None'
[3.179s] Level 5:colcon.colcon_core.verb:set package 'micro_ros_agent' build argument 'catkin_cmake_args' from command line to 'None'
[3.179s] Level 5:colcon.colcon_core.verb:set package 'micro_ros_agent' build argument 'catkin_skip_building_tests' from command line to 'False'
[3.180s] DEBUG:colcon.colcon_core.verb:Building package 'micro_ros_agent' with the following arguments: {'ament_cmake_args': None, 'build_base': '/home/ice/microros_ws/build/micro_ros_agent', 'catkin_cmake_args': None, 'catkin_skip_building_tests': False, 'cmake_args': None, 'cmake_clean_cache': False, 'cmake_clean_first': False, 'cmake_force_configure': False, 'cmake_target': None, 'cmake_target_skip_unavailable': False, 'install_base': '/home/ice/microros_ws/install/micro_ros_agent', 'merge_install': False, 'path': '/home/ice/microros_ws/src/uros/micro-ROS-Agent/micro_ros_agent', 'symlink_install': False, 'test_result_base': None}
[3.200s] INFO:colcon.colcon_core.executor:Executing jobs using 'parallel' executor
[3.224s] DEBUG:colcon.colcon_parallel_executor.executor.parallel:run_until_complete
[3.225s] INFO:colcon.colcon_ros.task.ament_cmake.build:Building ROS package in '/home/ice/microros_ws/src/uros/micro_ros_msgs' with build type 'ament_cmake'
[3.225s] INFO:colcon.colcon_cmake.task.cmake.build:Building CMake package in '/home/ice/microros_ws/src/uros/micro_ros_msgs'
[3.328s] INFO:colcon.colcon_core.plugin_system:Skipping extension 'colcon_core.shell.bat': Not used on non-Windows systems
[3.329s] INFO:colcon.colcon_core.shell:Skip shell extension 'powershell' for command environment: Not usable outside of PowerShell
[3.329s] DEBUG:colcon.colcon_core.shell:Skip shell extension 'dsv' for command environment
[3.480s] INFO:colcon.colcon_ros.task.ament_cmake.build:Building ROS package in '/home/ice/microros_ws/src/micro_ros_setup' with build type 'ament_cmake'
[3.480s] INFO:colcon.colcon_cmake.task.cmake.build:Building CMake package in '/home/ice/microros_ws/src/micro_ros_setup'
[3.508s] INFO:colcon.colcon_core.shell:Skip shell extension 'powershell' for command environment: Not usable outside of PowerShell
[3.508s] DEBUG:colcon.colcon_core.shell:Skip shell extension 'dsv' for command environment
[3.656s] DEBUG:colcon.colcon_core.event_handler.log_command:Invoking command in '/home/ice/microros_ws/build/micro_ros_msgs': CMAKE_PREFIX_PATH=${CMAKE_PREFIX_PATH}:/opt/ros/humble /usr/bin/cmake --build /home/ice/microros_ws/build/micro_ros_msgs -- -j2 -l2
[3.690s] DEBUG:colcon.colcon_core.event_handler.log_command:Invoking command in '/home/ice/microros_ws/build/micro_ros_setup': CMAKE_PREFIX_PATH=${CMAKE_PREFIX_PATH}:/opt/ros/humble /usr/bin/cmake --build /home/ice/microros_ws/build/micro_ros_setup -- -j2 -l2
[3.956s] DEBUG:colcon.colcon_core.event_handler.log_command:Invoked command in '/home/ice/microros_ws/build/micro_ros_setup' returned '0': CMAKE_PREFIX_PATH=${CMAKE_PREFIX_PATH}:/opt/ros/humble /usr/bin/cmake --build /home/ice/microros_ws/build/micro_ros_setup -- -j2 -l2
[4.262s] DEBUG:colcon.colcon_core.event_handler.log_command:Invoking command in '/home/ice/microros_ws/build/micro_ros_setup': CMAKE_PREFIX_PATH=${CMAKE_PREFIX_PATH}:/opt/ros/humble /usr/bin/cmake --install /home/ice/microros_ws/build/micro_ros_setup
[4.443s] Level 1:colcon.colcon_core.environment:create_environment_scripts_only(micro_ros_setup)
[4.460s] DEBUG:colcon.colcon_core.event_handler.log_command:Invoked command in '/home/ice/microros_ws/build/micro_ros_setup' returned '0': CMAKE_PREFIX_PATH=${CMAKE_PREFIX_PATH}:/opt/ros/humble /usr/bin/cmake --install /home/ice/microros_ws/build/micro_ros_setup
[4.536s] Level 1:colcon.colcon_core.environment:checking '/home/ice/microros_ws/install/micro_ros_setup' for CMake module files
[4.539s] Level 1:colcon.colcon_core.environment:checking '/home/ice/microros_ws/install/micro_ros_setup' for CMake config files
[4.545s] Level 1:colcon.colcon_core.shell:create_environment_hook('micro_ros_setup', 'cmake_prefix_path')
[4.595s] INFO:colcon.colcon_core.shell:Creating environment hook '/home/ice/microros_ws/install/micro_ros_setup/share/micro_ros_setup/hook/cmake_prefix_path.ps1'
[4.600s] INFO:colcon.colcon_core.shell:Creating environment descriptor '/home/ice/microros_ws/install/micro_ros_setup/share/micro_ros_setup/hook/cmake_prefix_path.dsv'
[4.603s] INFO:colcon.colcon_core.shell:Creating environment hook '/home/ice/microros_ws/install/micro_ros_setup/share/micro_ros_setup/hook/cmake_prefix_path.sh'
[4.606s] Level 1:colcon.colcon_core.environment:checking '/home/ice/microros_ws/install/micro_ros_setup/lib'
[4.607s] Level 1:colcon.colcon_core.environment:checking '/home/ice/microros_ws/install/micro_ros_setup/bin'
[4.607s] Level 1:colcon.colcon_core.environment:checking '/home/ice/microros_ws/install/micro_ros_setup/lib/pkgconfig/micro_ros_setup.pc'
[4.607s] Level 1:colcon.colcon_core.environment:checking '/home/ice/microros_ws/install/micro_ros_setup/lib/python3.10/site-packages'
[4.607s] Level 1:colcon.colcon_core.environment:checking '/home/ice/microros_ws/install/micro_ros_setup/bin'
[4.663s] INFO:colcon.colcon_core.shell:Creating package script '/home/ice/microros_ws/install/micro_ros_setup/share/micro_ros_setup/package.ps1'
[4.669s] INFO:colcon.colcon_core.shell:Creating package descriptor '/home/ice/microros_ws/install/micro_ros_setup/share/micro_ros_setup/package.dsv'
[4.675s] INFO:colcon.colcon_core.shell:Creating package script '/home/ice/microros_ws/install/micro_ros_setup/share/micro_ros_setup/package.sh'
[4.678s] INFO:colcon.colcon_core.shell:Creating package script '/home/ice/microros_ws/install/micro_ros_setup/share/micro_ros_setup/package.bash'
[4.687s] INFO:colcon.colcon_core.shell:Creating package script '/home/ice/microros_ws/install/micro_ros_setup/share/micro_ros_setup/package.zsh'
[4.694s] Level 1:colcon.colcon_core.environment:create_file_with_runtime_dependencies(/home/ice/microros_ws/install/micro_ros_setup/share/colcon-core/packages/micro_ros_setup)
[4.949s] Level 1:colcon.colcon_core.environment:create_environment_scripts_only(micro_ros_setup)
[4.999s] Level 1:colcon.colcon_core.environment:checking '/home/ice/microros_ws/install/micro_ros_setup' for CMake module files
[5.000s] Level 1:colcon.colcon_core.environment:checking '/home/ice/microros_ws/install/micro_ros_setup' for CMake config files
[5.002s] Level 1:colcon.colcon_core.shell:create_environment_hook('micro_ros_setup', 'cmake_prefix_path')
[5.062s] INFO:colcon.colcon_core.shell:Creating environment hook '/home/ice/microros_ws/install/micro_ros_setup/share/micro_ros_setup/hook/cmake_prefix_path.ps1'
[5.066s] INFO:colcon.colcon_core.shell:Creating environment descriptor '/home/ice/microros_ws/install/micro_ros_setup/share/micro_ros_setup/hook/cmake_prefix_path.dsv'
[5.068s] INFO:colcon.colcon_core.shell:Creating environment hook '/home/ice/microros_ws/install/micro_ros_setup/share/micro_ros_setup/hook/cmake_prefix_path.sh'
[5.071s] Level 1:colcon.colcon_core.environment:checking '/home/ice/microros_ws/install/micro_ros_setup/lib'
[5.071s] Level 1:colcon.colcon_core.environment:checking '/home/ice/microros_ws/install/micro_ros_setup/bin'
[5.072s] Level 1:colcon.colcon_core.environment:checking '/home/ice/microros_ws/install/micro_ros_setup/lib/pkgconfig/micro_ros_setup.pc'
[5.072s] Level 1:colcon.colcon_core.environment:checking '/home/ice/microros_ws/install/micro_ros_setup/lib/python3.10/site-packages'
[5.073s] Level 1:colcon.colcon_core.environment:checking '/home/ice/microros_ws/install/micro_ros_setup/bin'
[5.118s] INFO:colcon.colcon_core.shell:Creating package script '/home/ice/microros_ws/install/micro_ros_setup/share/micro_ros_setup/package.ps1'
[5.125s] INFO:colcon.colcon_core.shell:Creating package descriptor '/home/ice/microros_ws/install/micro_ros_setup/share/micro_ros_setup/package.dsv'
[5.129s] INFO:colcon.colcon_core.shell:Creating package script '/home/ice/microros_ws/install/micro_ros_setup/share/micro_ros_setup/package.sh'
[5.130s] INFO:colcon.colcon_core.shell:Creating package script '/home/ice/microros_ws/install/micro_ros_setup/share/micro_ros_setup/package.bash'
[5.133s] INFO:colcon.colcon_core.shell:Creating package script '/home/ice/microros_ws/install/micro_ros_setup/share/micro_ros_setup/package.zsh'
[5.134s] Level 1:colcon.colcon_core.environment:create_file_with_runtime_dependencies(/home/ice/microros_ws/install/micro_ros_setup/share/colcon-core/packages/micro_ros_setup)
[5.776s] DEBUG:colcon.colcon_core.event_handler.log_command:Invoked command in '/home/ice/microros_ws/build/micro_ros_msgs' returned '0': CMAKE_PREFIX_PATH=${CMAKE_PREFIX_PATH}:/opt/ros/humble /usr/bin/cmake --build /home/ice/microros_ws/build/micro_ros_msgs -- -j2 -l2
[6.302s] DEBUG:colcon.colcon_core.event_handler.log_command:Invoking command in '/home/ice/microros_ws/build/micro_ros_msgs': CMAKE_PREFIX_PATH=${CMAKE_PREFIX_PATH}:/opt/ros/humble /usr/bin/cmake --install /home/ice/microros_ws/build/micro_ros_msgs
[6.523s] Level 1:colcon.colcon_core.environment:create_environment_scripts_only(micro_ros_msgs)
[6.534s] DEBUG:colcon.colcon_core.event_handler.log_command:Invoked command in '/home/ice/microros_ws/build/micro_ros_msgs' returned '0': CMAKE_PREFIX_PATH=${CMAKE_PREFIX_PATH}:/opt/ros/humble /usr/bin/cmake --install /home/ice/microros_ws/build/micro_ros_msgs
[6.547s] Level 1:colcon.colcon_core.environment:checking '/home/ice/microros_ws/install/micro_ros_msgs' for CMake module files
[6.548s] Level 1:colcon.colcon_core.environment:checking '/home/ice/microros_ws/install/micro_ros_msgs' for CMake config files
[6.549s] Level 1:colcon.colcon_core.shell:create_environment_hook('micro_ros_msgs', 'cmake_prefix_path')
[6.580s] INFO:colcon.colcon_core.shell:Creating environment hook '/home/ice/microros_ws/install/micro_ros_msgs/share/micro_ros_msgs/hook/cmake_prefix_path.ps1'
[6.582s] INFO:colcon.colcon_core.shell:Creating environment descriptor '/home/ice/microros_ws/install/micro_ros_msgs/share/micro_ros_msgs/hook/cmake_prefix_path.dsv'
[6.583s] INFO:colcon.colcon_core.shell:Creating environment hook '/home/ice/microros_ws/install/micro_ros_msgs/share/micro_ros_msgs/hook/cmake_prefix_path.sh'
[6.585s] Level 1:colcon.colcon_core.environment:checking '/home/ice/microros_ws/install/micro_ros_msgs/lib'
[6.585s] Level 1:colcon.colcon_core.shell:create_environment_hook('micro_ros_msgs', 'ld_library_path_lib')
[6.609s] INFO:colcon.colcon_core.shell:Creating environment hook '/home/ice/microros_ws/install/micro_ros_msgs/share/micro_ros_msgs/hook/ld_library_path_lib.ps1'
[6.611s] INFO:colcon.colcon_core.shell:Creating environment descriptor '/home/ice/microros_ws/install/micro_ros_msgs/share/micro_ros_msgs/hook/ld_library_path_lib.dsv'
[6.612s] INFO:colcon.colcon_core.shell:Creating environment hook '/home/ice/microros_ws/install/micro_ros_msgs/share/micro_ros_msgs/hook/ld_library_path_lib.sh'
[6.615s] Level 1:colcon.colcon_core.environment:checking '/home/ice/microros_ws/install/micro_ros_msgs/bin'
[6.615s] Level 1:colcon.colcon_core.environment:checking '/home/ice/microros_ws/install/micro_ros_msgs/lib/pkgconfig/micro_ros_msgs.pc'
[6.616s] Level 1:colcon.colcon_core.environment:checking '/home/ice/microros_ws/install/micro_ros_msgs/lib/python3.10/site-packages'
[6.616s] Level 1:colcon.colcon_core.environment:checking '/home/ice/microros_ws/install/micro_ros_msgs/bin'
[6.644s] INFO:colcon.colcon_core.shell:Creating package script '/home/ice/microros_ws/install/micro_ros_msgs/share/micro_ros_msgs/package.ps1'
[6.645s] INFO:colcon.colcon_core.shell:Creating package descriptor '/home/ice/microros_ws/install/micro_ros_msgs/share/micro_ros_msgs/package.dsv'
[6.647s] INFO:colcon.colcon_core.shell:Creating package script '/home/ice/microros_ws/install/micro_ros_msgs/share/micro_ros_msgs/package.sh'
[6.648s] INFO:colcon.colcon_core.shell:Creating package script '/home/ice/microros_ws/install/micro_ros_msgs/share/micro_ros_msgs/package.bash'
[6.650s] INFO:colcon.colcon_core.shell:Creating package script '/home/ice/microros_ws/install/micro_ros_msgs/share/micro_ros_msgs/package.zsh'
[6.652s] Level 1:colcon.colcon_core.environment:create_file_with_runtime_dependencies(/home/ice/microros_ws/install/micro_ros_msgs/share/colcon-core/packages/micro_ros_msgs)
[7.199s] Level 1:colcon.colcon_core.environment:create_environment_scripts_only(micro_ros_msgs)
[7.222s] Level 1:colcon.colcon_core.environment:checking '/home/ice/microros_ws/install/micro_ros_msgs' for CMake module files
[7.225s] Level 1:colcon.colcon_core.environment:checking '/home/ice/microros_ws/install/micro_ros_msgs' for CMake config files
[7.225s] Level 1:colcon.colcon_core.shell:create_environment_hook('micro_ros_msgs', 'cmake_prefix_path')
[7.260s] INFO:colcon.colcon_core.shell:Creating environment hook '/home/ice/microros_ws/install/micro_ros_msgs/share/micro_ros_msgs/hook/cmake_prefix_path.ps1'
[7.261s] INFO:colcon.colcon_core.shell:Creating environment descriptor '/home/ice/microros_ws/install/micro_ros_msgs/share/micro_ros_msgs/hook/cmake_prefix_path.dsv'
[7.262s] INFO:colcon.colcon_core.shell:Creating environment hook '/home/ice/microros_ws/install/micro_ros_msgs/share/micro_ros_msgs/hook/cmake_prefix_path.sh'
[7.265s] Level 1:colcon.colcon_core.environment:checking '/home/ice/microros_ws/install/micro_ros_msgs/lib'
[7.265s] Level 1:colcon.colcon_core.shell:create_environment_hook('micro_ros_msgs', 'ld_library_path_lib')
[7.287s] INFO:colcon.colcon_core.shell:Creating environment hook '/home/ice/microros_ws/install/micro_ros_msgs/share/micro_ros_msgs/hook/ld_library_path_lib.ps1'
[7.288s] INFO:colcon.colcon_core.shell:Creating environment descriptor '/home/ice/microros_ws/install/micro_ros_msgs/share/micro_ros_msgs/hook/ld_library_path_lib.dsv'
[7.288s] INFO:colcon.colcon_core.shell:Creating environment hook '/home/ice/microros_ws/install/micro_ros_msgs/share/micro_ros_msgs/hook/ld_library_path_lib.sh'
[7.290s] Level 1:colcon.colcon_core.environment:checking '/home/ice/microros_ws/install/micro_ros_msgs/bin'
[7.291s] Level 1:colcon.colcon_core.environment:checking '/home/ice/microros_ws/install/micro_ros_msgs/lib/pkgconfig/micro_ros_msgs.pc'
[7.291s] Level 1:colcon.colcon_core.environment:checking '/home/ice/microros_ws/install/micro_ros_msgs/lib/python3.10/site-packages'
[7.291s] Level 1:colcon.colcon_core.environment:checking '/home/ice/microros_ws/install/micro_ros_msgs/bin'
[7.317s] INFO:colcon.colcon_core.shell:Creating package script '/home/ice/microros_ws/install/micro_ros_msgs/share/micro_ros_msgs/package.ps1'
[7.319s] INFO:colcon.colcon_core.shell:Creating package descriptor '/home/ice/microros_ws/install/micro_ros_msgs/share/micro_ros_msgs/package.dsv'
[7.320s] INFO:colcon.colcon_core.shell:Creating package script '/home/ice/microros_ws/install/micro_ros_msgs/share/micro_ros_msgs/package.sh'
[7.322s] INFO:colcon.colcon_core.shell:Creating package script '/home/ice/microros_ws/install/micro_ros_msgs/share/micro_ros_msgs/package.bash'
[7.324s] INFO:colcon.colcon_core.shell:Creating package script '/home/ice/microros_ws/install/micro_ros_msgs/share/micro_ros_msgs/package.zsh'
[7.327s] Level 1:colcon.colcon_core.environment:create_file_with_runtime_dependencies(/home/ice/microros_ws/install/micro_ros_msgs/share/colcon-core/packages/micro_ros_msgs)
[7.328s] INFO:colcon.colcon_ros.task.ament_cmake.build:Building ROS package in '/home/ice/microros_ws/src/uros/micro-ROS-Agent/micro_ros_agent' with build type 'ament_cmake'
[7.328s] INFO:colcon.colcon_cmake.task.cmake.build:Building CMake package in '/home/ice/microros_ws/src/uros/micro-ROS-Agent/micro_ros_agent'
[7.379s] INFO:colcon.colcon_core.shell:Skip shell extension 'powershell' for command environment: Not usable outside of PowerShell
[7.380s] DEBUG:colcon.colcon_core.shell:Skip shell extension 'dsv' for command environment
[7.561s] DEBUG:colcon.colcon_core.event_handler.log_command:Invoking command in '/home/ice/microros_ws/build/micro_ros_agent': AMENT_PREFIX_PATH=/home/ice/microros_ws/install/micro_ros_msgs:${AMENT_PREFIX_PATH} CMAKE_PREFIX_PATH=/home/ice/microros_ws/install/micro_ros_msgs:/home/ice/polaris_ws/install/services:/home/ice/polaris_ws/install/messages:/opt/ros/humble LD_LIBRARY_PATH=/home/ice/microros_ws/install/micro_ros_msgs/lib:${LD_LIBRARY_PATH} PYTHONPATH=/home/ice/microros_ws/install/micro_ros_msgs/local/lib/python3.10/dist-packages:${PYTHONPATH} /usr/bin/cmake --build /home/ice/microros_ws/build/micro_ros_agent -- -j2 -l2
[7.993s] DEBUG:colcon.colcon_core.event_handler.log_command:Invoked command in '/home/ice/microros_ws/build/micro_ros_agent' returned '0': AMENT_PREFIX_PATH=/home/ice/microros_ws/install/micro_ros_msgs:${AMENT_PREFIX_PATH} CMAKE_PREFIX_PATH=/home/ice/microros_ws/install/micro_ros_msgs:/home/ice/polaris_ws/install/services:/home/ice/polaris_ws/install/messages:/opt/ros/humble LD_LIBRARY_PATH=/home/ice/microros_ws/install/micro_ros_msgs/lib:${LD_LIBRARY_PATH} PYTHONPATH=/home/ice/microros_ws/install/micro_ros_msgs/local/lib/python3.10/dist-packages:${PYTHONPATH} /usr/bin/cmake --build /home/ice/microros_ws/build/micro_ros_agent -- -j2 -l2
[8.171s] DEBUG:colcon.colcon_core.event_handler.log_command:Invoking command in '/home/ice/microros_ws/build/micro_ros_agent': AMENT_PREFIX_PATH=/home/ice/microros_ws/install/micro_ros_msgs:${AMENT_PREFIX_PATH} CMAKE_PREFIX_PATH=/home/ice/microros_ws/install/micro_ros_msgs:/home/ice/polaris_ws/install/services:/home/ice/polaris_ws/install/messages:/opt/ros/humble LD_LIBRARY_PATH=/home/ice/microros_ws/install/micro_ros_msgs/lib:${LD_LIBRARY_PATH} PYTHONPATH=/home/ice/microros_ws/install/micro_ros_msgs/local/lib/python3.10/dist-packages:${PYTHONPATH} /usr/bin/cmake --install /home/ice/microros_ws/build/micro_ros_agent
[8.215s] Level 1:colcon.colcon_core.environment:create_environment_scripts_only(micro_ros_agent)
[8.237s] Level 1:colcon.colcon_core.environment:checking '/home/ice/microros_ws/install/micro_ros_agent' for CMake module files
[8.238s] Level 1:colcon.colcon_core.environment:checking '/home/ice/microros_ws/install/micro_ros_agent' for CMake config files
[8.238s] Level 1:colcon.colcon_core.shell:create_environment_hook('micro_ros_agent', 'cmake_prefix_path')
[8.259s] INFO:colcon.colcon_core.shell:Creating environment hook '/home/ice/microros_ws/install/micro_ros_agent/share/micro_ros_agent/hook/cmake_prefix_path.ps1'
[8.261s] DEBUG:colcon.colcon_core.event_handler.log_command:Invoked command in '/home/ice/microros_ws/build/micro_ros_agent' returned '0': AMENT_PREFIX_PATH=/home/ice/microros_ws/install/micro_ros_msgs:${AMENT_PREFIX_PATH} CMAKE_PREFIX_PATH=/home/ice/microros_ws/install/micro_ros_msgs:/home/ice/polaris_ws/install/services:/home/ice/polaris_ws/install/messages:/opt/ros/humble LD_LIBRARY_PATH=/home/ice/microros_ws/install/micro_ros_msgs/lib:${LD_LIBRARY_PATH} PYTHONPATH=/home/ice/microros_ws/install/micro_ros_msgs/local/lib/python3.10/dist-packages:${PYTHONPATH} /usr/bin/cmake --install /home/ice/microros_ws/build/micro_ros_agent
[8.262s] INFO:colcon.colcon_core.shell:Creating environment descriptor '/home/ice/microros_ws/install/micro_ros_agent/share/micro_ros_agent/hook/cmake_prefix_path.dsv'
[8.264s] INFO:colcon.colcon_core.shell:Creating environment hook '/home/ice/microros_ws/install/micro_ros_agent/share/micro_ros_agent/hook/cmake_prefix_path.sh'
[8.265s] Level 1:colcon.colcon_core.environment:checking '/home/ice/microros_ws/install/micro_ros_agent/lib'
[8.265s] Level 1:colcon.colcon_core.shell:create_environment_hook('micro_ros_agent', 'ld_library_path_lib')
[8.296s] INFO:colcon.colcon_core.shell:Creating environment hook '/home/ice/microros_ws/install/micro_ros_agent/share/micro_ros_agent/hook/ld_library_path_lib.ps1'
[8.298s] INFO:colcon.colcon_core.shell:Creating environment descriptor '/home/ice/microros_ws/install/micro_ros_agent/share/micro_ros_agent/hook/ld_library_path_lib.dsv'
[8.300s] INFO:colcon.colcon_core.shell:Creating environment hook '/home/ice/microros_ws/install/micro_ros_agent/share/micro_ros_agent/hook/ld_library_path_lib.sh'
[8.302s] Level 1:colcon.colcon_core.environment:checking '/home/ice/microros_ws/install/micro_ros_agent/bin'
[8.302s] Level 1:colcon.colcon_core.environment:checking '/home/ice/microros_ws/install/micro_ros_agent/lib/pkgconfig/micro_ros_agent.pc'
[8.303s] Level 1:colcon.colcon_core.environment:checking '/home/ice/microros_ws/install/micro_ros_agent/lib/python3.10/site-packages'
[8.303s] Level 1:colcon.colcon_core.environment:checking '/home/ice/microros_ws/install/micro_ros_agent/bin'
[8.353s] INFO:colcon.colcon_core.shell:Creating package script '/home/ice/microros_ws/install/micro_ros_agent/share/micro_ros_agent/package.ps1'
[8.354s] INFO:colcon.colcon_core.shell:Creating package descriptor '/home/ice/microros_ws/install/micro_ros_agent/share/micro_ros_agent/package.dsv'
[8.355s] INFO:colcon.colcon_core.shell:Creating package script '/home/ice/microros_ws/install/micro_ros_agent/share/micro_ros_agent/package.sh'
[8.357s] INFO:colcon.colcon_core.shell:Creating package script '/home/ice/microros_ws/install/micro_ros_agent/share/micro_ros_agent/package.bash'
[8.359s] INFO:colcon.colcon_core.shell:Creating package script '/home/ice/microros_ws/install/micro_ros_agent/share/micro_ros_agent/package.zsh'
[8.360s] Level 1:colcon.colcon_core.environment:create_file_with_runtime_dependencies(/home/ice/microros_ws/install/micro_ros_agent/share/colcon-core/packages/micro_ros_agent)
[8.571s] Level 1:colcon.colcon_core.environment:create_environment_scripts_only(micro_ros_agent)
[8.597s] Level 1:colcon.colcon_core.environment:checking '/home/ice/microros_ws/install/micro_ros_agent' for CMake module files
[8.597s] Level 1:colcon.colcon_core.environment:checking '/home/ice/microros_ws/install/micro_ros_agent' for CMake config files
[8.598s] Level 1:colcon.colcon_core.shell:create_environment_hook('micro_ros_agent', 'cmake_prefix_path')
[8.634s] INFO:colcon.colcon_core.shell:Creating environment hook '/home/ice/microros_ws/install/micro_ros_agent/share/micro_ros_agent/hook/cmake_prefix_path.ps1'
[8.635s] INFO:colcon.colcon_core.shell:Creating environment descriptor '/home/ice/microros_ws/install/micro_ros_agent/share/micro_ros_agent/hook/cmake_prefix_path.dsv'
[8.636s] INFO:colcon.colcon_core.shell:Creating environment hook '/home/ice/microros_ws/install/micro_ros_agent/share/micro_ros_agent/hook/cmake_prefix_path.sh'
[8.638s] Level 1:colcon.colcon_core.environment:checking '/home/ice/microros_ws/install/micro_ros_agent/lib'
[8.638s] Level 1:colcon.colcon_core.shell:create_environment_hook('micro_ros_agent', 'ld_library_path_lib')
[8.664s] INFO:colcon.colcon_core.shell:Creating environment hook '/home/ice/microros_ws/install/micro_ros_agent/share/micro_ros_agent/hook/ld_library_path_lib.ps1'
[8.665s] INFO:colcon.colcon_core.shell:Creating environment descriptor '/home/ice/microros_ws/install/micro_ros_agent/share/micro_ros_agent/hook/ld_library_path_lib.dsv'
[8.666s] INFO:colcon.colcon_core.shell:Creating environment hook '/home/ice/microros_ws/install/micro_ros_agent/share/micro_ros_agent/hook/ld_library_path_lib.sh'
[8.667s] Level 1:colcon.colcon_core.environment:checking '/home/ice/microros_ws/install/micro_ros_agent/bin'
[8.668s] Level 1:colcon.colcon_core.environment:checking '/home/ice/microros_ws/install/micro_ros_agent/lib/pkgconfig/micro_ros_agent.pc'
[8.668s] Level 1:colcon.colcon_core.environment:checking '/home/ice/microros_ws/install/micro_ros_agent/lib/python3.10/site-packages'
[8.668s] Level 1:colcon.colcon_core.environment:checking '/home/ice/microros_ws/install/micro_ros_agent/bin'
[8.693s] INFO:colcon.colcon_core.shell:Creating package script '/home/ice/microros_ws/install/micro_ros_agent/share/micro_ros_agent/package.ps1'
[8.696s] INFO:colcon.colcon_core.shell:Creating package descriptor '/home/ice/microros_ws/install/micro_ros_agent/share/micro_ros_agent/package.dsv'
[8.697s] INFO:colcon.colcon_core.shell:Creating package script '/home/ice/microros_ws/install/micro_ros_agent/share/micro_ros_agent/package.sh'
[8.698s] INFO:colcon.colcon_core.shell:Creating package script '/home/ice/microros_ws/install/micro_ros_agent/share/micro_ros_agent/package.bash'
[8.699s] INFO:colcon.colcon_core.shell:Creating package script '/home/ice/microros_ws/install/micro_ros_agent/share/micro_ros_agent/package.zsh'
[8.701s] Level 1:colcon.colcon_core.environment:create_file_with_runtime_dependencies(/home/ice/microros_ws/install/micro_ros_agent/share/colcon-core/packages/micro_ros_agent)
[8.702s] DEBUG:colcon.colcon_parallel_executor.executor.parallel:closing loop
[8.703s] DEBUG:colcon.colcon_parallel_executor.executor.parallel:loop closed
[8.703s] DEBUG:colcon.colcon_parallel_executor.executor.parallel:run_until_complete finished with '0'
[8.703s] DEBUG:colcon.colcon_core.event_reactor:joining thread
[8.760s] INFO:colcon.colcon_core.plugin_system:Skipping extension 'colcon_notification.desktop_notification.terminal_notifier': Not used on non-Darwin systems
[8.760s] INFO:colcon.colcon_core.plugin_system:Skipping extension 'colcon_notification.desktop_notification.win32': Not used on non-Windows systems
[8.760s] INFO:colcon.colcon_notification.desktop_notification:Sending desktop notification using 'notify2'
[8.820s] DEBUG:colcon.colcon_core.event_reactor:joined thread
[8.862s] INFO:colcon.colcon_core.shell:Creating prefix script '/home/ice/microros_ws/install/local_setup.ps1'
[8.865s] INFO:colcon.colcon_core.shell:Creating prefix util module '/home/ice/microros_ws/install/_local_setup_util_ps1.py'
[8.870s] INFO:colcon.colcon_core.shell:Creating prefix chain script '/home/ice/microros_ws/install/setup.ps1'
[8.913s] INFO:colcon.colcon_core.shell:Creating prefix script '/home/ice/microros_ws/install/local_setup.sh'
[8.917s] INFO:colcon.colcon_core.shell:Creating prefix util module '/home/ice/microros_ws/install/_local_setup_util_sh.py'
[8.918s] INFO:colcon.colcon_core.shell:Creating prefix chain script '/home/ice/microros_ws/install/setup.sh'
[8.954s] INFO:colcon.colcon_core.shell:Creating prefix script '/home/ice/microros_ws/install/local_setup.bash'
[8.957s] INFO:colcon.colcon_core.shell:Creating prefix chain script '/home/ice/microros_ws/install/setup.bash'
[9.003s] INFO:colcon.colcon_core.shell:Creating prefix script '/home/ice/microros_ws/install/local_setup.zsh'
[9.005s] INFO:colcon.colcon_core.shell:Creating prefix chain script '/home/ice/microros_ws/install/setup.zsh'
