[0.216s] Invoking command in '/home/ice/microros_ws/firmware/mcu_ws/build/unique_identifier_msgs': AMENT_PREFIX_PATH=/home/ice/microros_ws/firmware/mcu_ws/install:${AMENT_PREFIX_PATH} CMAKE_PREFIX_PATH=/home/ice/microros_ws/firmware/mcu_ws/install:/home/ice/microros_ws/firmware/dev_ws/install/ament_lint_common:/home/ice/microros_ws/firmware/dev_ws/install/ament_cmake_uncrustify:/home/ice/microros_ws/firmware/dev_ws/install/uncrustify_vendor:/home/ice/microros_ws/firmware/dev_ws/install/ament_cmake_ros:/home/ice/microros_ws/firmware/dev_ws/install/ament_cmake_auto:/home/ice/microros_ws/firmware/dev_ws/install/ament_cmake_gmock:/home/ice/microros_ws/firmware/dev_ws/install/gmock_vendor:/home/ice/microros_ws/firmware/dev_ws/install/ament_cmake_gtest:/home/ice/microros_ws/firmware/dev_ws/install/gtest_vendor:/home/ice/microros_ws/firmware/dev_ws/install/ament_cmake_xmllint:/home/ice/microros_ws/firmware/dev_ws/install/ament_cmake_pyflakes:/home/ice/microros_ws/firmware/dev_ws/install/ament_cmake_pycodestyle:/home/ice/microros_ws/firmware/dev_ws/install/ament_cmake_pep257:/home/ice/microros_ws/firmware/dev_ws/install/ament_cmake_pclint:/home/ice/microros_ws/firmware/dev_ws/install/ament_lint_auto:/home/ice/microros_ws/firmware/dev_ws/install/ament_cmake:/home/ice/microros_ws/firmware/dev_ws/install/ament_cmake_version:/home/ice/microros_ws/firmware/dev_ws/install/ament_cmake_vendor_package:/home/ice/microros_ws/firmware/dev_ws/install/ament_cmake_pytest:/home/ice/microros_ws/firmware/dev_ws/install/ament_cmake_nose:/home/ice/microros_ws/firmware/dev_ws/install/ament_cmake_mypy:/home/ice/microros_ws/firmware/dev_ws/install/ament_cmake_lint_cmake:/home/ice/microros_ws/firmware/dev_ws/install/ament_cmake_google_benchmark:/home/ice/microros_ws/firmware/dev_ws/install/ament_cmake_flake8:/home/ice/microros_ws/firmware/dev_ws/install/ament_cmake_cpplint:/home/ice/microros_ws/firmware/dev_ws/install/ament_cmake_cppcheck:/home/ice/microros_ws/firmware/dev_ws/install/ament_cmake_copyright:/home/ice/microros_ws/firmware/dev_ws/install/ament_cmake_clang_tidy:/home/ice/microros_ws/firmware/dev_ws/install/ament_cmake_clang_format:/home/ice/microros_ws/firmware/dev_ws/install/ament_cmake_test:/home/ice/microros_ws/firmware/dev_ws/install/ament_cmake_target_dependencies:/home/ice/microros_ws/firmware/dev_ws/install/ament_cmake_python:/home/ice/microros_ws/firmware/dev_ws/install/ament_cmake_export_dependencies:/home/ice/microros_ws/firmware/dev_ws/install/ament_cmake_libraries:/home/ice/microros_ws/firmware/dev_ws/install/ament_cmake_include_directories:/home/ice/microros_ws/firmware/dev_ws/install/ament_cmake_gen_version_h:/home/ice/microros_ws/firmware/dev_ws/install/ament_cmake_export_targets:/home/ice/microros_ws/firmware/dev_ws/install/ament_cmake_export_link_flags:/home/ice/microros_ws/firmware/dev_ws/install/ament_cmake_export_interfaces:/home/ice/microros_ws/firmware/dev_ws/install/ament_cmake_export_libraries:/home/ice/microros_ws/firmware/dev_ws/install/ament_cmake_export_include_directories:/home/ice/microros_ws/firmware/dev_ws/install/ament_cmake_export_definitions:/home/ice/microros_ws/firmware/dev_ws/install/ament_cmake_core:/home/ice/microros_ws/firmware/dev_ws/install/ament_index_cpp:/home/ice/microros_ws/firmware/dev_ws/install/ament_uncrustify:/home/ice/microros_ws/firmware/dev_ws/install/domain_coordinator:/home/ice/microros_ws/firmware/dev_ws/install/ament_xmllint:/home/ice/microros_ws/firmware/dev_ws/install/ament_pyflakes:/home/ice/microros_ws/firmware/dev_ws/install/ament_pycodestyle:/home/ice/microros_ws/firmware/dev_ws/install/ament_pep257:/home/ice/microros_ws/firmware/dev_ws/install/ament_pclint:/home/ice/microros_ws/firmware/dev_ws/install/ament_package:/home/ice/microros_ws/firmware/dev_ws/install/ament_mypy:/home/ice/microros_ws/firmware/dev_ws/install/ament_lint_cmake:/home/ice/microros_ws/firmware/dev_ws/install/ament_flake8:/home/ice/microros_ws/firmware/dev_ws/install/ament_copyright:/home/ice/microros_ws/firmware/dev_ws/install/ament_lint:/home/ice/microros_ws/firmware/dev_ws/install/ament_index_python:/home/ice/microros_ws/firmware/dev_ws/install/ament_cpplint:/home/ice/microros_ws/firmware/dev_ws/install/ament_cppcheck:/home/ice/microros_ws/firmware/dev_ws/install/ament_clang_tidy:/home/ice/microros_ws/firmware/dev_ws/install/ament_clang_format LD_LIBRARY_PATH=/home/ice/microros_ws/firmware/mcu_ws/install/lib:${LD_LIBRARY_PATH} PATH=/home/ice/microros_ws/firmware/mcu_ws/install/bin:${PATH} PYTHONPATH=/home/ice/microros_ws/firmware/mcu_ws/install/lib/python3.10/site-packages:${PYTHONPATH} /usr/bin/cmake --build /home/ice/microros_ws/firmware/mcu_ws/build/unique_identifier_msgs -- -j2 -l2
[0.506s] gmake[4]: Entering directory '/home/ice/microros_ws/firmware/mcu_ws/build/unique_identifier_msgs'
[0.506s] /usr/bin/cmake -S/home/ice/microros_ws/firmware/mcu_ws/ros2/unique_identifier_msgs -B/home/ice/microros_ws/firmware/mcu_ws/build/unique_identifier_msgs --check-build-system CMakeFiles/Makefile.cmake 0
[0.576s] Re-run cmake file: Makefile older than: /home/ice/microros_ws/firmware/freertos_apps/microros_esp32_extensions/esp32_toolchain.cmake
[0.593s] -- Found ament_cmake: 1.3.7 (/home/ice/microros_ws/firmware/dev_ws/install/ament_cmake/share/ament_cmake/cmake)
[0.993s] -- Found rosidl_default_generators: 1.2.0 (/home/ice/microros_ws/firmware/mcu_ws/install/share/rosidl_default_generators/cmake)
[1.034s] -- Using all available rosidl_typesupport_c: rosidl_typesupport_introspection_c;rosidl_typesupport_microxrcedds_c
[1.042s] -- Found rosidl_adapter: 3.1.5 (/home/ice/microros_ws/firmware/mcu_ws/install/share/rosidl_adapter/cmake)
[1.073s] [33mCMake Warning at /home/ice/microros_ws/firmware/mcu_ws/install/share/rcutils/cmake/ament_cmake_export_libraries-extras.cmake:116 (message):
[1.073s]   Package 'rcutils' exports library 'dl' which couldn't be found
[1.073s] Call Stack (most recent call first):
[1.073s]   /home/ice/microros_ws/firmware/mcu_ws/install/share/rcutils/cmake/rcutilsConfig.cmake:41 (include)
[1.073s]   /home/ice/microros_ws/firmware/mcu_ws/install/share/rosidl_runtime_c/cmake/ament_cmake_export_dependencies-extras.cmake:21 (find_package)
[1.074s]   /home/ice/microros_ws/firmware/mcu_ws/install/share/rosidl_runtime_c/cmake/rosidl_runtime_cConfig.cmake:41 (include)
[1.074s]   /home/ice/microros_ws/firmware/mcu_ws/install/share/rosidl_typesupport_introspection_c/cmake/ament_cmake_export_dependencies-extras.cmake:21 (find_package)
[1.074s]   /home/ice/microros_ws/firmware/mcu_ws/install/share/rosidl_typesupport_introspection_c/cmake/rosidl_typesupport_introspection_cConfig.cmake:41 (include)
[1.074s]   /home/ice/microros_ws/firmware/mcu_ws/install/share/rosidl_typesupport_c/cmake/rosidl_typesupport_c-extras.cmake:13 (find_package)
[1.074s]   /home/ice/microros_ws/firmware/mcu_ws/install/share/rosidl_typesupport_c/cmake/rosidl_typesupport_cConfig.cmake:41 (include)
[1.074s]   /home/ice/microros_ws/firmware/mcu_ws/install/share/rosidl_default_generators/cmake/rosidl_default_generators-extras.cmake:21 (find_package)
[1.074s]   /home/ice/microros_ws/firmware/mcu_ws/install/share/rosidl_default_generators/cmake/rosidl_default_generatorsConfig.cmake:41 (include)
[1.074s]   CMakeLists.txt:15 (find_package)
[1.074s] 
[1.075s] [0m
[2.110s] -- Found ament_cmake_ros: 0.10.0 (/home/ice/microros_ws/firmware/dev_ws/install/ament_cmake_ros/share/ament_cmake_ros/cmake)
[2.482s] -- Using all available rosidl_typesupport_c: rosidl_typesupport_introspection_c;rosidl_typesupport_microxrcedds_c
[2.495s] -- Configuring done
[2.572s] -- Generating done
[2.586s] -- Build files have been written to: /home/ice/microros_ws/firmware/mcu_ws/build/unique_identifier_msgs
[2.594s] /usr/bin/cmake -E cmake_progress_start /home/ice/microros_ws/firmware/mcu_ws/build/unique_identifier_msgs/CMakeFiles /home/ice/microros_ws/firmware/mcu_ws/build/unique_identifier_msgs//CMakeFiles/progress.marks
[2.614s] /usr/bin/gmake  -f CMakeFiles/Makefile2 all
[2.618s] gmake[5]: Entering directory '/home/ice/microros_ws/firmware/mcu_ws/build/unique_identifier_msgs'
[2.618s] /usr/bin/gmake  -f CMakeFiles/unique_identifier_msgs__rosidl_generator_c.dir/build.make CMakeFiles/unique_identifier_msgs__rosidl_generator_c.dir/depend
[2.624s] gmake[6]: Entering directory '/home/ice/microros_ws/firmware/mcu_ws/build/unique_identifier_msgs'
[2.625s] cd /home/ice/microros_ws/firmware/mcu_ws/build/unique_identifier_msgs && /usr/bin/cmake -E cmake_depends "Unix Makefiles" /home/ice/microros_ws/firmware/mcu_ws/ros2/unique_identifier_msgs /home/ice/microros_ws/firmware/mcu_ws/ros2/unique_identifier_msgs /home/ice/microros_ws/firmware/mcu_ws/build/unique_identifier_msgs /home/ice/microros_ws/firmware/mcu_ws/build/unique_identifier_msgs /home/ice/microros_ws/firmware/mcu_ws/build/unique_identifier_msgs/CMakeFiles/unique_identifier_msgs__rosidl_generator_c.dir/DependInfo.cmake --color=
[2.662s] Dependencies file "CMakeFiles/unique_identifier_msgs__rosidl_generator_c.dir/rosidl_generator_c/unique_identifier_msgs/msg/detail/uuid__functions.c.obj.d" is newer than depends file "/home/ice/microros_ws/firmware/mcu_ws/build/unique_identifier_msgs/CMakeFiles/unique_identifier_msgs__rosidl_generator_c.dir/compiler_depend.internal".
[2.662s] [35m[1mConsolidate compiler generated dependencies of target unique_identifier_msgs__rosidl_generator_c[0m
[2.669s] gmake[6]: Leaving directory '/home/ice/microros_ws/firmware/mcu_ws/build/unique_identifier_msgs'
[2.670s] /usr/bin/gmake  -f CMakeFiles/unique_identifier_msgs__rosidl_generator_c.dir/build.make CMakeFiles/unique_identifier_msgs__rosidl_generator_c.dir/build
[2.674s] gmake[6]: Entering directory '/home/ice/microros_ws/firmware/mcu_ws/build/unique_identifier_msgs'
[2.702s] [  8%] [32mBuilding C object CMakeFiles/unique_identifier_msgs__rosidl_generator_c.dir/rosidl_generator_c/unique_identifier_msgs/msg/detail/uuid__functions.c.obj[0m
[2.705s] /home/ice/microros_ws/firmware/toolchain/espressif/tools/xtensa-esp32-elf/esp-2020r2-8.2.0/xtensa-esp32-elf/bin/xtensa-esp32-elf-gcc -DLWIP_IPV4 -DLWIP_IPV6 -DROS_PACKAGE_NAME=\"unique_identifier_msgs\" -I/home/ice/microros_ws/firmware/freertos_apps/microros_esp32_extensions/build/config -I/home/ice/microros_ws/firmware/toolchain/esp-idf/components/newlib/platform_include -I/home/ice/microros_ws/firmware/toolchain/esp-idf/components/protocomm/include -I/home/ice/microros_ws/firmware/toolchain/esp-idf/components/esp_rom/include -I/home/ice/microros_ws/firmware/toolchain/esp-idf/components/driver/include -I/home/ice/microros_ws/firmware/toolchain/esp-idf/components/wear_levelling/include -I/home/ice/microros_ws/firmware/toolchain/esp-idf/components/vfs/include -I/home/ice/microros_ws/firmware/toolchain/esp-idf/components/log/include -I/home/ice/microros_ws/firmware/toolchain/esp-idf/components/freertos/include -I/home/ice/microros_ws/firmware/toolchain/esp-idf/components/wifi_provisioning/include -I/home/ice/microros_ws/firmware/toolchain/esp-idf/components/pthread/include -I/home/ice/microros_ws/firmware/toolchain/esp-idf/components/libsodium/libsodium/src/libsodium/include -I/home/ice/microros_ws/firmware/toolchain/esp-idf/components/coap/port/include -I/home/ice/microros_ws/firmware/toolchain/esp-idf/components/coap/libcoap/include -I/home/ice/microros_ws/firmware/toolchain/esp-idf/components/tcp_transport/include -I/home/ice/microros_ws/firmware/toolchain/esp-idf/components/unity/include -I/home/ice/microros_ws/firmware/toolchain/esp-idf/components/esp32/include -I/home/ice/microros_ws/firmware/toolchain/esp-idf/components/asio/port/include -I/home/ice/microros_ws/firmware/toolchain/esp-idf/components/asio/asio/asio/include -I/home/ice/microros_ws/firmware/toolchain/esp-idf/components/app_update/include -I/home/ice/microros_ws/firmware/toolchain/esp-idf/components/esp_ringbuf/include -I/home/ice/microros_ws/firmware/toolchain/esp-idf/components/soc/esp32/include -I/home/ice/microros_ws/firmware/toolchain/esp-idf/components/soc/include -I/home/ice/microros_ws/firmware/toolchain/esp-idf/components/efuse/test/include -I/home/ice/microros_ws/firmware/toolchain/esp-idf/components/efuse/esp32/include -I/home/ice/microros_ws/firmware/toolchain/esp-idf/components/efuse/include -I/home/ice/microros_ws/firmware/toolchain/esp-idf/components/mbedtls/port/include -I/home/ice/microros_ws/firmware/toolchain/esp-idf/components/mbedtls/mbedtls/include -I/home/ice/microros_ws/firmware/toolchain/esp-idf/components/xtensa/esp32/include -I/home/ice/microros_ws/firmware/toolchain/esp-idf/components/xtensa/include -I/home/ice/microros_ws/firmware/toolchain/esp-idf/components/app_trace/include -I/home/ice/microros_ws/firmware/toolchain/esp-idf/components/nvs_flash/include -I/home/ice/microros_ws/firmware/toolchain/esp-idf/components/jsmn/include -I/home/ice/microros_ws/firmware/toolchain/esp-idf/components/esp_eth/include -I/home/ice/microros_ws/firmware/toolchain/esp-idf/components/spiffs/include -I/home/ice/microros_ws/firmware/toolchain/esp-idf/components/ulp/include -I/home/ice/microros_ws/firmware/toolchain/esp-idf/components/mdns/include -I/home/ice/microros_ws/firmware/toolchain/esp-idf/components/freemodbus/modbus/include -I/home/ice/microros_ws/firmware/toolchain/esp-idf/components/freemodbus/common/include -I/home/ice/microros_ws/firmware/toolchain/esp-idf/components/esp_event/include -I/home/ice/microros_ws/firmware/toolchain/esp-idf/components/expat/port/include -I/home/ice/microros_ws/firmware/toolchain/esp-idf/components/bootloader_support/include -I/home/ice/microros_ws/firmware/toolchain/esp-idf/components/heap/include -I/home/ice/microros_ws/firmware/toolchain/esp-idf/components/wpa_supplicant/port/include -I/home/ice/microros_ws/firmware/toolchain/esp-idf/components/wpa_supplicant/include -I/home/ice/microros_ws/firmware/toolchain/esp-idf/components/tcpip_adapter/include -I/home/ice/microros_ws/firmware/toolchain/esp-idf/components/openssl/include -I/home/ice/microros_ws/firmware/toolchain/esp-idf/components/sdmmc/include -I/home/ice/microros_ws/firmware/toolchain/esp-idf/components/esp_local_ctrl/include -I/home/ice/microros_ws/firmware/toolchain/esp-idf/components/esp_common/include -I/home/ice/microros_ws/firmware/toolchain/esp-idf/components/lwip/lwip/src/include/lwip/apps -I/home/ice/microros_ws/firmware/toolchain/esp-idf/components/lwip/lwip/src/include/compat/posix -I/home/ice/microros_ws/firmware/toolchain/esp-idf/components/lwip/lwip/src/include -I/home/ice/microros_ws/firmware/toolchain/esp-idf/components/lwip/port/esp32/include -I/home/ice/microros_ws/firmware/mcu_ws/build/unique_identifier_msgs/rosidl_generator_c -isystem /home/ice/microros_ws/firmware/mcu_ws/install/include/rosidl_runtime_c -isystem /home/ice/microros_ws/firmware/mcu_ws/install/include/rcutils -isystem /home/ice/microros_ws/firmware/mcu_ws/install/include/rosidl_typesupport_interface -mlongcalls -Wno-frame-address -mlongcalls -Wno-frame-address -g -Wall -std=gnu11 -MD -MT CMakeFiles/unique_identifier_msgs__rosidl_generator_c.dir/rosidl_generator_c/unique_identifier_msgs/msg/detail/uuid__functions.c.obj -MF CMakeFiles/unique_identifier_msgs__rosidl_generator_c.dir/rosidl_generator_c/unique_identifier_msgs/msg/detail/uuid__functions.c.obj.d -o CMakeFiles/unique_identifier_msgs__rosidl_generator_c.dir/rosidl_generator_c/unique_identifier_msgs/msg/detail/uuid__functions.c.obj -c /home/ice/microros_ws/firmware/mcu_ws/build/unique_identifier_msgs/rosidl_generator_c/unique_identifier_msgs/msg/detail/uuid__functions.c
[2.822s] [ 16%] [32m[1mLinking C static library libunique_identifier_msgs__rosidl_generator_c.a[0m
[2.827s] /usr/bin/cmake -P CMakeFiles/unique_identifier_msgs__rosidl_generator_c.dir/cmake_clean_target.cmake
[2.859s] /usr/bin/cmake -E cmake_link_script CMakeFiles/unique_identifier_msgs__rosidl_generator_c.dir/link.txt --verbose=1
[2.874s] /home/ice/microros_ws/firmware/toolchain/espressif/tools/xtensa-esp32-elf/esp-2020r2-8.2.0/xtensa-esp32-elf/bin/xtensa-esp32-elf-ar qc libunique_identifier_msgs__rosidl_generator_c.a CMakeFiles/unique_identifier_msgs__rosidl_generator_c.dir/rosidl_generator_c/unique_identifier_msgs/msg/detail/uuid__functions.c.obj
[2.886s] /home/ice/microros_ws/firmware/toolchain/espressif/tools/xtensa-esp32-elf/esp-2020r2-8.2.0/xtensa-esp32-elf/bin/xtensa-esp32-elf-ranlib libunique_identifier_msgs__rosidl_generator_c.a
[2.896s] gmake[6]: Leaving directory '/home/ice/microros_ws/firmware/mcu_ws/build/unique_identifier_msgs'
[2.941s] [ 25%] Built target unique_identifier_msgs__rosidl_generator_c
[2.961s] /usr/bin/gmake  -f CMakeFiles/unique_identifier_msgs__rosidl_typesupport_c.dir/build.make CMakeFiles/unique_identifier_msgs__rosidl_typesupport_c.dir/depend
[2.967s] gmake[6]: Entering directory '/home/ice/microros_ws/firmware/mcu_ws/build/unique_identifier_msgs'
[2.968s] cd /home/ice/microros_ws/firmware/mcu_ws/build/unique_identifier_msgs && /usr/bin/cmake -E cmake_depends "Unix Makefiles" /home/ice/microros_ws/firmware/mcu_ws/ros2/unique_identifier_msgs /home/ice/microros_ws/firmware/mcu_ws/ros2/unique_identifier_msgs /home/ice/microros_ws/firmware/mcu_ws/build/unique_identifier_msgs /home/ice/microros_ws/firmware/mcu_ws/build/unique_identifier_msgs /home/ice/microros_ws/firmware/mcu_ws/build/unique_identifier_msgs/CMakeFiles/unique_identifier_msgs__rosidl_typesupport_c.dir/DependInfo.cmake --color=
[2.999s] Dependencies file "CMakeFiles/unique_identifier_msgs__rosidl_typesupport_c.dir/rosidl_typesupport_c/unique_identifier_msgs/msg/uuid__type_support.cpp.obj.d" is newer than depends file "/home/ice/microros_ws/firmware/mcu_ws/build/unique_identifier_msgs/CMakeFiles/unique_identifier_msgs__rosidl_typesupport_c.dir/compiler_depend.internal".
[3.001s] [35m[1mConsolidate compiler generated dependencies of target unique_identifier_msgs__rosidl_typesupport_c[0m
[3.005s] gmake[6]: Leaving directory '/home/ice/microros_ws/firmware/mcu_ws/build/unique_identifier_msgs'
[3.006s] /usr/bin/gmake  -f CMakeFiles/unique_identifier_msgs__rosidl_typesupport_c.dir/build.make CMakeFiles/unique_identifier_msgs__rosidl_typesupport_c.dir/build
[3.012s] gmake[6]: Entering directory '/home/ice/microros_ws/firmware/mcu_ws/build/unique_identifier_msgs'
[3.013s] gmake[6]: Nothing to be done for 'CMakeFiles/unique_identifier_msgs__rosidl_typesupport_c.dir/build'.
[3.013s] gmake[6]: Leaving directory '/home/ice/microros_ws/firmware/mcu_ws/build/unique_identifier_msgs'
[3.046s] [ 50%] Built target unique_identifier_msgs__rosidl_typesupport_c
[3.046s] /usr/bin/gmake  -f CMakeFiles/unique_identifier_msgs__rosidl_typesupport_introspection_c.dir/build.make CMakeFiles/unique_identifier_msgs__rosidl_typesupport_introspection_c.dir/depend
[3.046s] gmake[6]: Entering directory '/home/ice/microros_ws/firmware/mcu_ws/build/unique_identifier_msgs'
[3.046s] cd /home/ice/microros_ws/firmware/mcu_ws/build/unique_identifier_msgs && /usr/bin/cmake -E cmake_depends "Unix Makefiles" /home/ice/microros_ws/firmware/mcu_ws/ros2/unique_identifier_msgs /home/ice/microros_ws/firmware/mcu_ws/ros2/unique_identifier_msgs /home/ice/microros_ws/firmware/mcu_ws/build/unique_identifier_msgs /home/ice/microros_ws/firmware/mcu_ws/build/unique_identifier_msgs /home/ice/microros_ws/firmware/mcu_ws/build/unique_identifier_msgs/CMakeFiles/unique_identifier_msgs__rosidl_typesupport_introspection_c.dir/DependInfo.cmake --color=
[3.077s] Dependencies file "CMakeFiles/unique_identifier_msgs__rosidl_typesupport_introspection_c.dir/rosidl_typesupport_introspection_c/unique_identifier_msgs/msg/detail/uuid__type_support.c.obj.d" is newer than depends file "/home/ice/microros_ws/firmware/mcu_ws/build/unique_identifier_msgs/CMakeFiles/unique_identifier_msgs__rosidl_typesupport_introspection_c.dir/compiler_depend.internal".
[3.077s] [35m[1mConsolidate compiler generated dependencies of target unique_identifier_msgs__rosidl_typesupport_introspection_c[0m
[3.083s] gmake[6]: Leaving directory '/home/ice/microros_ws/firmware/mcu_ws/build/unique_identifier_msgs'
[3.085s] /usr/bin/gmake  -f CMakeFiles/unique_identifier_msgs__rosidl_typesupport_introspection_c.dir/build.make CMakeFiles/unique_identifier_msgs__rosidl_typesupport_introspection_c.dir/build
[3.090s] gmake[6]: Entering directory '/home/ice/microros_ws/firmware/mcu_ws/build/unique_identifier_msgs'
[3.090s] gmake[6]: Nothing to be done for 'CMakeFiles/unique_identifier_msgs__rosidl_typesupport_introspection_c.dir/build'.
[3.090s] gmake[6]: Leaving directory '/home/ice/microros_ws/firmware/mcu_ws/build/unique_identifier_msgs'
[3.111s] [ 75%] Built target unique_identifier_msgs__rosidl_typesupport_introspection_c
[3.114s] /usr/bin/gmake  -f CMakeFiles/unique_identifier_msgs__rosidl_typesupport_microxrcedds_c.dir/build.make CMakeFiles/unique_identifier_msgs__rosidl_typesupport_microxrcedds_c.dir/depend
[3.119s] gmake[6]: Entering directory '/home/ice/microros_ws/firmware/mcu_ws/build/unique_identifier_msgs'
[3.119s] cd /home/ice/microros_ws/firmware/mcu_ws/build/unique_identifier_msgs && /usr/bin/cmake -E cmake_depends "Unix Makefiles" /home/ice/microros_ws/firmware/mcu_ws/ros2/unique_identifier_msgs /home/ice/microros_ws/firmware/mcu_ws/ros2/unique_identifier_msgs /home/ice/microros_ws/firmware/mcu_ws/build/unique_identifier_msgs /home/ice/microros_ws/firmware/mcu_ws/build/unique_identifier_msgs /home/ice/microros_ws/firmware/mcu_ws/build/unique_identifier_msgs/CMakeFiles/unique_identifier_msgs__rosidl_typesupport_microxrcedds_c.dir/DependInfo.cmake --color=
[3.158s] Dependencies file "CMakeFiles/unique_identifier_msgs__rosidl_typesupport_microxrcedds_c.dir/rosidl_typesupport_microxrcedds_c/unique_identifier_msgs/msg/detail/microxrcedds/uuid__type_support_c.c.obj.d" is newer than depends file "/home/ice/microros_ws/firmware/mcu_ws/build/unique_identifier_msgs/CMakeFiles/unique_identifier_msgs__rosidl_typesupport_microxrcedds_c.dir/compiler_depend.internal".
[3.159s] [35m[1mConsolidate compiler generated dependencies of target unique_identifier_msgs__rosidl_typesupport_microxrcedds_c[0m
[3.166s] gmake[6]: Leaving directory '/home/ice/microros_ws/firmware/mcu_ws/build/unique_identifier_msgs'
[3.166s] /usr/bin/gmake  -f CMakeFiles/unique_identifier_msgs__rosidl_typesupport_microxrcedds_c.dir/build.make CMakeFiles/unique_identifier_msgs__rosidl_typesupport_microxrcedds_c.dir/build
[3.171s] gmake[6]: Entering directory '/home/ice/microros_ws/firmware/mcu_ws/build/unique_identifier_msgs'
[3.171s] gmake[6]: Nothing to be done for 'CMakeFiles/unique_identifier_msgs__rosidl_typesupport_microxrcedds_c.dir/build'.
[3.171s] gmake[6]: Leaving directory '/home/ice/microros_ws/firmware/mcu_ws/build/unique_identifier_msgs'
[3.188s] [100%] Built target unique_identifier_msgs__rosidl_typesupport_microxrcedds_c
[3.191s] /usr/bin/gmake  -f CMakeFiles/unique_identifier_msgs.dir/build.make CMakeFiles/unique_identifier_msgs.dir/depend
[3.196s] gmake[6]: Entering directory '/home/ice/microros_ws/firmware/mcu_ws/build/unique_identifier_msgs'
[3.196s] cd /home/ice/microros_ws/firmware/mcu_ws/build/unique_identifier_msgs && /usr/bin/cmake -E cmake_depends "Unix Makefiles" /home/ice/microros_ws/firmware/mcu_ws/ros2/unique_identifier_msgs /home/ice/microros_ws/firmware/mcu_ws/ros2/unique_identifier_msgs /home/ice/microros_ws/firmware/mcu_ws/build/unique_identifier_msgs /home/ice/microros_ws/firmware/mcu_ws/build/unique_identifier_msgs /home/ice/microros_ws/firmware/mcu_ws/build/unique_identifier_msgs/CMakeFiles/unique_identifier_msgs.dir/DependInfo.cmake --color=
[3.217s] gmake[6]: Leaving directory '/home/ice/microros_ws/firmware/mcu_ws/build/unique_identifier_msgs'
[3.217s] /usr/bin/gmake  -f CMakeFiles/unique_identifier_msgs.dir/build.make CMakeFiles/unique_identifier_msgs.dir/build
[3.221s] gmake[6]: Entering directory '/home/ice/microros_ws/firmware/mcu_ws/build/unique_identifier_msgs'
[3.221s] gmake[6]: Nothing to be done for 'CMakeFiles/unique_identifier_msgs.dir/build'.
[3.222s] gmake[6]: Leaving directory '/home/ice/microros_ws/firmware/mcu_ws/build/unique_identifier_msgs'
[3.242s] [100%] Built target unique_identifier_msgs
[3.244s] gmake[5]: Leaving directory '/home/ice/microros_ws/firmware/mcu_ws/build/unique_identifier_msgs'
[3.245s] /usr/bin/cmake -E cmake_progress_start /home/ice/microros_ws/firmware/mcu_ws/build/unique_identifier_msgs/CMakeFiles 0
[3.278s] gmake[4]: Leaving directory '/home/ice/microros_ws/firmware/mcu_ws/build/unique_identifier_msgs'
[3.290s] Invoked command in '/home/ice/microros_ws/firmware/mcu_ws/build/unique_identifier_msgs' returned '0': AMENT_PREFIX_PATH=/home/ice/microros_ws/firmware/mcu_ws/install:${AMENT_PREFIX_PATH} CMAKE_PREFIX_PATH=/home/ice/microros_ws/firmware/mcu_ws/install:/home/ice/microros_ws/firmware/dev_ws/install/ament_lint_common:/home/ice/microros_ws/firmware/dev_ws/install/ament_cmake_uncrustify:/home/ice/microros_ws/firmware/dev_ws/install/uncrustify_vendor:/home/ice/microros_ws/firmware/dev_ws/install/ament_cmake_ros:/home/ice/microros_ws/firmware/dev_ws/install/ament_cmake_auto:/home/ice/microros_ws/firmware/dev_ws/install/ament_cmake_gmock:/home/ice/microros_ws/firmware/dev_ws/install/gmock_vendor:/home/ice/microros_ws/firmware/dev_ws/install/ament_cmake_gtest:/home/ice/microros_ws/firmware/dev_ws/install/gtest_vendor:/home/ice/microros_ws/firmware/dev_ws/install/ament_cmake_xmllint:/home/ice/microros_ws/firmware/dev_ws/install/ament_cmake_pyflakes:/home/ice/microros_ws/firmware/dev_ws/install/ament_cmake_pycodestyle:/home/ice/microros_ws/firmware/dev_ws/install/ament_cmake_pep257:/home/ice/microros_ws/firmware/dev_ws/install/ament_cmake_pclint:/home/ice/microros_ws/firmware/dev_ws/install/ament_lint_auto:/home/ice/microros_ws/firmware/dev_ws/install/ament_cmake:/home/ice/microros_ws/firmware/dev_ws/install/ament_cmake_version:/home/ice/microros_ws/firmware/dev_ws/install/ament_cmake_vendor_package:/home/ice/microros_ws/firmware/dev_ws/install/ament_cmake_pytest:/home/ice/microros_ws/firmware/dev_ws/install/ament_cmake_nose:/home/ice/microros_ws/firmware/dev_ws/install/ament_cmake_mypy:/home/ice/microros_ws/firmware/dev_ws/install/ament_cmake_lint_cmake:/home/ice/microros_ws/firmware/dev_ws/install/ament_cmake_google_benchmark:/home/ice/microros_ws/firmware/dev_ws/install/ament_cmake_flake8:/home/ice/microros_ws/firmware/dev_ws/install/ament_cmake_cpplint:/home/ice/microros_ws/firmware/dev_ws/install/ament_cmake_cppcheck:/home/ice/microros_ws/firmware/dev_ws/install/ament_cmake_copyright:/home/ice/microros_ws/firmware/dev_ws/install/ament_cmake_clang_tidy:/home/ice/microros_ws/firmware/dev_ws/install/ament_cmake_clang_format:/home/ice/microros_ws/firmware/dev_ws/install/ament_cmake_test:/home/ice/microros_ws/firmware/dev_ws/install/ament_cmake_target_dependencies:/home/ice/microros_ws/firmware/dev_ws/install/ament_cmake_python:/home/ice/microros_ws/firmware/dev_ws/install/ament_cmake_export_dependencies:/home/ice/microros_ws/firmware/dev_ws/install/ament_cmake_libraries:/home/ice/microros_ws/firmware/dev_ws/install/ament_cmake_include_directories:/home/ice/microros_ws/firmware/dev_ws/install/ament_cmake_gen_version_h:/home/ice/microros_ws/firmware/dev_ws/install/ament_cmake_export_targets:/home/ice/microros_ws/firmware/dev_ws/install/ament_cmake_export_link_flags:/home/ice/microros_ws/firmware/dev_ws/install/ament_cmake_export_interfaces:/home/ice/microros_ws/firmware/dev_ws/install/ament_cmake_export_libraries:/home/ice/microros_ws/firmware/dev_ws/install/ament_cmake_export_include_directories:/home/ice/microros_ws/firmware/dev_ws/install/ament_cmake_export_definitions:/home/ice/microros_ws/firmware/dev_ws/install/ament_cmake_core:/home/ice/microros_ws/firmware/dev_ws/install/ament_index_cpp:/home/ice/microros_ws/firmware/dev_ws/install/ament_uncrustify:/home/ice/microros_ws/firmware/dev_ws/install/domain_coordinator:/home/ice/microros_ws/firmware/dev_ws/install/ament_xmllint:/home/ice/microros_ws/firmware/dev_ws/install/ament_pyflakes:/home/ice/microros_ws/firmware/dev_ws/install/ament_pycodestyle:/home/ice/microros_ws/firmware/dev_ws/install/ament_pep257:/home/ice/microros_ws/firmware/dev_ws/install/ament_pclint:/home/ice/microros_ws/firmware/dev_ws/install/ament_package:/home/ice/microros_ws/firmware/dev_ws/install/ament_mypy:/home/ice/microros_ws/firmware/dev_ws/install/ament_lint_cmake:/home/ice/microros_ws/firmware/dev_ws/install/ament_flake8:/home/ice/microros_ws/firmware/dev_ws/install/ament_copyright:/home/ice/microros_ws/firmware/dev_ws/install/ament_lint:/home/ice/microros_ws/firmware/dev_ws/install/ament_index_python:/home/ice/microros_ws/firmware/dev_ws/install/ament_cpplint:/home/ice/microros_ws/firmware/dev_ws/install/ament_cppcheck:/home/ice/microros_ws/firmware/dev_ws/install/ament_clang_tidy:/home/ice/microros_ws/firmware/dev_ws/install/ament_clang_format LD_LIBRARY_PATH=/home/ice/microros_ws/firmware/mcu_ws/install/lib:${LD_LIBRARY_PATH} PATH=/home/ice/microros_ws/firmware/mcu_ws/install/bin:${PATH} PYTHONPATH=/home/ice/microros_ws/firmware/mcu_ws/install/lib/python3.10/site-packages:${PYTHONPATH} /usr/bin/cmake --build /home/ice/microros_ws/firmware/mcu_ws/build/unique_identifier_msgs -- -j2 -l2
[3.475s] Invoking command in '/home/ice/microros_ws/firmware/mcu_ws/build/unique_identifier_msgs': AMENT_PREFIX_PATH=/home/ice/microros_ws/firmware/mcu_ws/install:${AMENT_PREFIX_PATH} CMAKE_PREFIX_PATH=/home/ice/microros_ws/firmware/mcu_ws/install:/home/ice/microros_ws/firmware/dev_ws/install/ament_lint_common:/home/ice/microros_ws/firmware/dev_ws/install/ament_cmake_uncrustify:/home/ice/microros_ws/firmware/dev_ws/install/uncrustify_vendor:/home/ice/microros_ws/firmware/dev_ws/install/ament_cmake_ros:/home/ice/microros_ws/firmware/dev_ws/install/ament_cmake_auto:/home/ice/microros_ws/firmware/dev_ws/install/ament_cmake_gmock:/home/ice/microros_ws/firmware/dev_ws/install/gmock_vendor:/home/ice/microros_ws/firmware/dev_ws/install/ament_cmake_gtest:/home/ice/microros_ws/firmware/dev_ws/install/gtest_vendor:/home/ice/microros_ws/firmware/dev_ws/install/ament_cmake_xmllint:/home/ice/microros_ws/firmware/dev_ws/install/ament_cmake_pyflakes:/home/ice/microros_ws/firmware/dev_ws/install/ament_cmake_pycodestyle:/home/ice/microros_ws/firmware/dev_ws/install/ament_cmake_pep257:/home/ice/microros_ws/firmware/dev_ws/install/ament_cmake_pclint:/home/ice/microros_ws/firmware/dev_ws/install/ament_lint_auto:/home/ice/microros_ws/firmware/dev_ws/install/ament_cmake:/home/ice/microros_ws/firmware/dev_ws/install/ament_cmake_version:/home/ice/microros_ws/firmware/dev_ws/install/ament_cmake_vendor_package:/home/ice/microros_ws/firmware/dev_ws/install/ament_cmake_pytest:/home/ice/microros_ws/firmware/dev_ws/install/ament_cmake_nose:/home/ice/microros_ws/firmware/dev_ws/install/ament_cmake_mypy:/home/ice/microros_ws/firmware/dev_ws/install/ament_cmake_lint_cmake:/home/ice/microros_ws/firmware/dev_ws/install/ament_cmake_google_benchmark:/home/ice/microros_ws/firmware/dev_ws/install/ament_cmake_flake8:/home/ice/microros_ws/firmware/dev_ws/install/ament_cmake_cpplint:/home/ice/microros_ws/firmware/dev_ws/install/ament_cmake_cppcheck:/home/ice/microros_ws/firmware/dev_ws/install/ament_cmake_copyright:/home/ice/microros_ws/firmware/dev_ws/install/ament_cmake_clang_tidy:/home/ice/microros_ws/firmware/dev_ws/install/ament_cmake_clang_format:/home/ice/microros_ws/firmware/dev_ws/install/ament_cmake_test:/home/ice/microros_ws/firmware/dev_ws/install/ament_cmake_target_dependencies:/home/ice/microros_ws/firmware/dev_ws/install/ament_cmake_python:/home/ice/microros_ws/firmware/dev_ws/install/ament_cmake_export_dependencies:/home/ice/microros_ws/firmware/dev_ws/install/ament_cmake_libraries:/home/ice/microros_ws/firmware/dev_ws/install/ament_cmake_include_directories:/home/ice/microros_ws/firmware/dev_ws/install/ament_cmake_gen_version_h:/home/ice/microros_ws/firmware/dev_ws/install/ament_cmake_export_targets:/home/ice/microros_ws/firmware/dev_ws/install/ament_cmake_export_link_flags:/home/ice/microros_ws/firmware/dev_ws/install/ament_cmake_export_interfaces:/home/ice/microros_ws/firmware/dev_ws/install/ament_cmake_export_libraries:/home/ice/microros_ws/firmware/dev_ws/install/ament_cmake_export_include_directories:/home/ice/microros_ws/firmware/dev_ws/install/ament_cmake_export_definitions:/home/ice/microros_ws/firmware/dev_ws/install/ament_cmake_core:/home/ice/microros_ws/firmware/dev_ws/install/ament_index_cpp:/home/ice/microros_ws/firmware/dev_ws/install/ament_uncrustify:/home/ice/microros_ws/firmware/dev_ws/install/domain_coordinator:/home/ice/microros_ws/firmware/dev_ws/install/ament_xmllint:/home/ice/microros_ws/firmware/dev_ws/install/ament_pyflakes:/home/ice/microros_ws/firmware/dev_ws/install/ament_pycodestyle:/home/ice/microros_ws/firmware/dev_ws/install/ament_pep257:/home/ice/microros_ws/firmware/dev_ws/install/ament_pclint:/home/ice/microros_ws/firmware/dev_ws/install/ament_package:/home/ice/microros_ws/firmware/dev_ws/install/ament_mypy:/home/ice/microros_ws/firmware/dev_ws/install/ament_lint_cmake:/home/ice/microros_ws/firmware/dev_ws/install/ament_flake8:/home/ice/microros_ws/firmware/dev_ws/install/ament_copyright:/home/ice/microros_ws/firmware/dev_ws/install/ament_lint:/home/ice/microros_ws/firmware/dev_ws/install/ament_index_python:/home/ice/microros_ws/firmware/dev_ws/install/ament_cpplint:/home/ice/microros_ws/firmware/dev_ws/install/ament_cppcheck:/home/ice/microros_ws/firmware/dev_ws/install/ament_clang_tidy:/home/ice/microros_ws/firmware/dev_ws/install/ament_clang_format LD_LIBRARY_PATH=/home/ice/microros_ws/firmware/mcu_ws/install/lib:${LD_LIBRARY_PATH} PATH=/home/ice/microros_ws/firmware/mcu_ws/install/bin:${PATH} PYTHONPATH=/home/ice/microros_ws/firmware/mcu_ws/install/lib/python3.10/site-packages:${PYTHONPATH} /usr/bin/cmake --install /home/ice/microros_ws/firmware/mcu_ws/build/unique_identifier_msgs
[3.516s] -- Install configuration: "Debug"
[3.517s] -- Up-to-date: /home/ice/microros_ws/firmware/mcu_ws/install/share/ament_index/resource_index/rosidl_interfaces/unique_identifier_msgs
[3.521s] -- Up-to-date: /home/ice/microros_ws/firmware/mcu_ws/install/include/unique_identifier_msgs/unique_identifier_msgs
[3.521s] -- Up-to-date: /home/ice/microros_ws/firmware/mcu_ws/install/include/unique_identifier_msgs/unique_identifier_msgs/msg
[3.521s] -- Up-to-date: /home/ice/microros_ws/firmware/mcu_ws/install/include/unique_identifier_msgs/unique_identifier_msgs/msg/uuid.h
[3.521s] -- Up-to-date: /home/ice/microros_ws/firmware/mcu_ws/install/include/unique_identifier_msgs/unique_identifier_msgs/msg/detail
[3.521s] -- Up-to-date: /home/ice/microros_ws/firmware/mcu_ws/install/include/unique_identifier_msgs/unique_identifier_msgs/msg/detail/uuid__type_support.h
[3.522s] -- Up-to-date: /home/ice/microros_ws/firmware/mcu_ws/install/include/unique_identifier_msgs/unique_identifier_msgs/msg/detail/uuid__functions.c
[3.522s] -- Up-to-date: /home/ice/microros_ws/firmware/mcu_ws/install/include/unique_identifier_msgs/unique_identifier_msgs/msg/detail/uuid__functions.h
[3.522s] -- Up-to-date: /home/ice/microros_ws/firmware/mcu_ws/install/include/unique_identifier_msgs/unique_identifier_msgs/msg/detail/uuid__struct.h
[3.522s] -- Up-to-date: /home/ice/microros_ws/firmware/mcu_ws/install/include/unique_identifier_msgs/unique_identifier_msgs/msg/rosidl_generator_c__visibility_control.h
[3.535s] -- Up-to-date: /home/ice/microros_ws/firmware/mcu_ws/install/share/unique_identifier_msgs/environment/library_path.sh
[3.535s] -- Installing: /home/ice/microros_ws/firmware/mcu_ws/install/share/unique_identifier_msgs/environment/library_path.dsv
[3.538s] -- Installing: /home/ice/microros_ws/firmware/mcu_ws/install/lib/libunique_identifier_msgs__rosidl_generator_c.a
[3.538s] -- Up-to-date: /home/ice/microros_ws/firmware/mcu_ws/install/include/unique_identifier_msgs/unique_identifier_msgs
[3.539s] -- Up-to-date: /home/ice/microros_ws/firmware/mcu_ws/install/include/unique_identifier_msgs/unique_identifier_msgs/msg
[3.539s] -- Up-to-date: /home/ice/microros_ws/firmware/mcu_ws/install/include/unique_identifier_msgs/unique_identifier_msgs/msg/detail
[3.541s] -- Up-to-date: /home/ice/microros_ws/firmware/mcu_ws/install/include/unique_identifier_msgs/unique_identifier_msgs/msg/detail/uuid__rosidl_typesupport_introspection_c.h
[3.541s] -- Up-to-date: /home/ice/microros_ws/firmware/mcu_ws/install/include/unique_identifier_msgs/unique_identifier_msgs/msg/detail/uuid__type_support.c
[3.542s] -- Up-to-date: /home/ice/microros_ws/firmware/mcu_ws/install/include/unique_identifier_msgs/unique_identifier_msgs/msg/rosidl_typesupport_introspection_c__visibility_control.h
[3.542s] -- Up-to-date: /home/ice/microros_ws/firmware/mcu_ws/install/lib/libunique_identifier_msgs__rosidl_typesupport_introspection_c.a
[3.542s] -- Up-to-date: /home/ice/microros_ws/firmware/mcu_ws/install/include/unique_identifier_msgs
[3.542s] -- Up-to-date: /home/ice/microros_ws/firmware/mcu_ws/install/include/unique_identifier_msgs/msg
[3.545s] -- Up-to-date: /home/ice/microros_ws/firmware/mcu_ws/install/include/unique_identifier_msgs/msg/detail
[3.545s] -- Up-to-date: /home/ice/microros_ws/firmware/mcu_ws/install/include/unique_identifier_msgs/msg/detail/uuid__rosidl_typesupport_microxrcedds_c.h
[3.545s] -- Up-to-date: /home/ice/microros_ws/firmware/mcu_ws/install/include/unique_identifier_msgs/msg/detail/microxrcedds
[3.546s] -- Up-to-date: /home/ice/microros_ws/firmware/mcu_ws/install/include/unique_identifier_msgs/msg/rosidl_typesupport_microxrcedds_c__visibility_control.h
[3.546s] -- Up-to-date: /home/ice/microros_ws/firmware/mcu_ws/install/lib/libunique_identifier_msgs__rosidl_typesupport_microxrcedds_c.a
[3.546s] -- Up-to-date: /home/ice/microros_ws/firmware/mcu_ws/install/lib/libunique_identifier_msgs__rosidl_typesupport_c.a
[3.546s] -- Up-to-date: /home/ice/microros_ws/firmware/mcu_ws/install/share/unique_identifier_msgs/msg/UUID.idl
[3.546s] -- Up-to-date: /home/ice/microros_ws/firmware/mcu_ws/install/share/unique_identifier_msgs/msg/UUID.msg
[3.546s] -- Up-to-date: /home/ice/microros_ws/firmware/mcu_ws/install/share/ament_index/resource_index/package_run_dependencies/unique_identifier_msgs
[3.547s] -- Up-to-date: /home/ice/microros_ws/firmware/mcu_ws/install/share/ament_index/resource_index/parent_prefix_path/unique_identifier_msgs
[3.547s] -- Up-to-date: /home/ice/microros_ws/firmware/mcu_ws/install/share/unique_identifier_msgs/environment/ament_prefix_path.sh
[3.547s] -- Installing: /home/ice/microros_ws/firmware/mcu_ws/install/share/unique_identifier_msgs/environment/ament_prefix_path.dsv
[3.559s] -- Up-to-date: /home/ice/microros_ws/firmware/mcu_ws/install/share/unique_identifier_msgs/environment/path.sh
[3.561s] -- Installing: /home/ice/microros_ws/firmware/mcu_ws/install/share/unique_identifier_msgs/environment/path.dsv
[3.562s] -- Up-to-date: /home/ice/microros_ws/firmware/mcu_ws/install/share/unique_identifier_msgs/local_setup.bash
[3.562s] -- Up-to-date: /home/ice/microros_ws/firmware/mcu_ws/install/share/unique_identifier_msgs/local_setup.sh
[3.562s] -- Up-to-date: /home/ice/microros_ws/firmware/mcu_ws/install/share/unique_identifier_msgs/local_setup.zsh
[3.562s] -- Installing: /home/ice/microros_ws/firmware/mcu_ws/install/share/unique_identifier_msgs/local_setup.dsv
[3.563s] -- Installing: /home/ice/microros_ws/firmware/mcu_ws/install/share/unique_identifier_msgs/package.dsv
[3.563s] -- Up-to-date: /home/ice/microros_ws/firmware/mcu_ws/install/share/ament_index/resource_index/packages/unique_identifier_msgs
[3.563s] -- Up-to-date: /home/ice/microros_ws/firmware/mcu_ws/install/share/unique_identifier_msgs/cmake/export_unique_identifier_msgs__rosidl_generator_cExport.cmake
[3.563s] -- Up-to-date: /home/ice/microros_ws/firmware/mcu_ws/install/share/unique_identifier_msgs/cmake/export_unique_identifier_msgs__rosidl_generator_cExport-debug.cmake
[3.563s] -- Up-to-date: /home/ice/microros_ws/firmware/mcu_ws/install/share/unique_identifier_msgs/cmake/unique_identifier_msgs__rosidl_typesupport_introspection_cExport.cmake
[3.563s] -- Up-to-date: /home/ice/microros_ws/firmware/mcu_ws/install/share/unique_identifier_msgs/cmake/unique_identifier_msgs__rosidl_typesupport_introspection_cExport-debug.cmake
[3.563s] -- Up-to-date: /home/ice/microros_ws/firmware/mcu_ws/install/share/unique_identifier_msgs/cmake/unique_identifier_msgs__rosidl_typesupport_cExport.cmake
[3.564s] -- Up-to-date: /home/ice/microros_ws/firmware/mcu_ws/install/share/unique_identifier_msgs/cmake/unique_identifier_msgs__rosidl_typesupport_cExport-debug.cmake
[3.564s] -- Up-to-date: /home/ice/microros_ws/firmware/mcu_ws/install/share/unique_identifier_msgs/cmake/rosidl_cmake-extras.cmake
[3.564s] -- Up-to-date: /home/ice/microros_ws/firmware/mcu_ws/install/share/unique_identifier_msgs/cmake/ament_cmake_export_include_directories-extras.cmake
[3.564s] -- Up-to-date: /home/ice/microros_ws/firmware/mcu_ws/install/share/unique_identifier_msgs/cmake/ament_cmake_export_libraries-extras.cmake
[3.564s] -- Up-to-date: /home/ice/microros_ws/firmware/mcu_ws/install/share/unique_identifier_msgs/cmake/ament_cmake_export_targets-extras.cmake
[3.564s] -- Up-to-date: /home/ice/microros_ws/firmware/mcu_ws/install/share/unique_identifier_msgs/cmake/rosidl_cmake_export_typesupport_targets-extras.cmake
[3.564s] -- Up-to-date: /home/ice/microros_ws/firmware/mcu_ws/install/share/unique_identifier_msgs/cmake/ament_cmake_export_dependencies-extras.cmake
[3.564s] -- Up-to-date: /home/ice/microros_ws/firmware/mcu_ws/install/share/unique_identifier_msgs/cmake/rosidl_cmake_export_typesupport_libraries-extras.cmake
[3.565s] -- Up-to-date: /home/ice/microros_ws/firmware/mcu_ws/install/share/unique_identifier_msgs/cmake/unique_identifier_msgsConfig.cmake
[3.565s] -- Up-to-date: /home/ice/microros_ws/firmware/mcu_ws/install/share/unique_identifier_msgs/cmake/unique_identifier_msgsConfig-version.cmake
[3.565s] -- Up-to-date: /home/ice/microros_ws/firmware/mcu_ws/install/share/unique_identifier_msgs/package.xml
[3.565s] -- Up-to-date: /home/ice/microros_ws/firmware/mcu_ws/install/share/unique_identifier_msgs/mapping_rules.yaml
[3.581s] Invoked command in '/home/ice/microros_ws/firmware/mcu_ws/build/unique_identifier_msgs' returned '0': AMENT_PREFIX_PATH=/home/ice/microros_ws/firmware/mcu_ws/install:${AMENT_PREFIX_PATH} CMAKE_PREFIX_PATH=/home/ice/microros_ws/firmware/mcu_ws/install:/home/ice/microros_ws/firmware/dev_ws/install/ament_lint_common:/home/ice/microros_ws/firmware/dev_ws/install/ament_cmake_uncrustify:/home/ice/microros_ws/firmware/dev_ws/install/uncrustify_vendor:/home/ice/microros_ws/firmware/dev_ws/install/ament_cmake_ros:/home/ice/microros_ws/firmware/dev_ws/install/ament_cmake_auto:/home/ice/microros_ws/firmware/dev_ws/install/ament_cmake_gmock:/home/ice/microros_ws/firmware/dev_ws/install/gmock_vendor:/home/ice/microros_ws/firmware/dev_ws/install/ament_cmake_gtest:/home/ice/microros_ws/firmware/dev_ws/install/gtest_vendor:/home/ice/microros_ws/firmware/dev_ws/install/ament_cmake_xmllint:/home/ice/microros_ws/firmware/dev_ws/install/ament_cmake_pyflakes:/home/ice/microros_ws/firmware/dev_ws/install/ament_cmake_pycodestyle:/home/ice/microros_ws/firmware/dev_ws/install/ament_cmake_pep257:/home/ice/microros_ws/firmware/dev_ws/install/ament_cmake_pclint:/home/ice/microros_ws/firmware/dev_ws/install/ament_lint_auto:/home/ice/microros_ws/firmware/dev_ws/install/ament_cmake:/home/ice/microros_ws/firmware/dev_ws/install/ament_cmake_version:/home/ice/microros_ws/firmware/dev_ws/install/ament_cmake_vendor_package:/home/ice/microros_ws/firmware/dev_ws/install/ament_cmake_pytest:/home/ice/microros_ws/firmware/dev_ws/install/ament_cmake_nose:/home/ice/microros_ws/firmware/dev_ws/install/ament_cmake_mypy:/home/ice/microros_ws/firmware/dev_ws/install/ament_cmake_lint_cmake:/home/ice/microros_ws/firmware/dev_ws/install/ament_cmake_google_benchmark:/home/ice/microros_ws/firmware/dev_ws/install/ament_cmake_flake8:/home/ice/microros_ws/firmware/dev_ws/install/ament_cmake_cpplint:/home/ice/microros_ws/firmware/dev_ws/install/ament_cmake_cppcheck:/home/ice/microros_ws/firmware/dev_ws/install/ament_cmake_copyright:/home/ice/microros_ws/firmware/dev_ws/install/ament_cmake_clang_tidy:/home/ice/microros_ws/firmware/dev_ws/install/ament_cmake_clang_format:/home/ice/microros_ws/firmware/dev_ws/install/ament_cmake_test:/home/ice/microros_ws/firmware/dev_ws/install/ament_cmake_target_dependencies:/home/ice/microros_ws/firmware/dev_ws/install/ament_cmake_python:/home/ice/microros_ws/firmware/dev_ws/install/ament_cmake_export_dependencies:/home/ice/microros_ws/firmware/dev_ws/install/ament_cmake_libraries:/home/ice/microros_ws/firmware/dev_ws/install/ament_cmake_include_directories:/home/ice/microros_ws/firmware/dev_ws/install/ament_cmake_gen_version_h:/home/ice/microros_ws/firmware/dev_ws/install/ament_cmake_export_targets:/home/ice/microros_ws/firmware/dev_ws/install/ament_cmake_export_link_flags:/home/ice/microros_ws/firmware/dev_ws/install/ament_cmake_export_interfaces:/home/ice/microros_ws/firmware/dev_ws/install/ament_cmake_export_libraries:/home/ice/microros_ws/firmware/dev_ws/install/ament_cmake_export_include_directories:/home/ice/microros_ws/firmware/dev_ws/install/ament_cmake_export_definitions:/home/ice/microros_ws/firmware/dev_ws/install/ament_cmake_core:/home/ice/microros_ws/firmware/dev_ws/install/ament_index_cpp:/home/ice/microros_ws/firmware/dev_ws/install/ament_uncrustify:/home/ice/microros_ws/firmware/dev_ws/install/domain_coordinator:/home/ice/microros_ws/firmware/dev_ws/install/ament_xmllint:/home/ice/microros_ws/firmware/dev_ws/install/ament_pyflakes:/home/ice/microros_ws/firmware/dev_ws/install/ament_pycodestyle:/home/ice/microros_ws/firmware/dev_ws/install/ament_pep257:/home/ice/microros_ws/firmware/dev_ws/install/ament_pclint:/home/ice/microros_ws/firmware/dev_ws/install/ament_package:/home/ice/microros_ws/firmware/dev_ws/install/ament_mypy:/home/ice/microros_ws/firmware/dev_ws/install/ament_lint_cmake:/home/ice/microros_ws/firmware/dev_ws/install/ament_flake8:/home/ice/microros_ws/firmware/dev_ws/install/ament_copyright:/home/ice/microros_ws/firmware/dev_ws/install/ament_lint:/home/ice/microros_ws/firmware/dev_ws/install/ament_index_python:/home/ice/microros_ws/firmware/dev_ws/install/ament_cpplint:/home/ice/microros_ws/firmware/dev_ws/install/ament_cppcheck:/home/ice/microros_ws/firmware/dev_ws/install/ament_clang_tidy:/home/ice/microros_ws/firmware/dev_ws/install/ament_clang_format LD_LIBRARY_PATH=/home/ice/microros_ws/firmware/mcu_ws/install/lib:${LD_LIBRARY_PATH} PATH=/home/ice/microros_ws/firmware/mcu_ws/install/bin:${PATH} PYTHONPATH=/home/ice/microros_ws/firmware/mcu_ws/install/lib/python3.10/site-packages:${PYTHONPATH} /usr/bin/cmake --install /home/ice/microros_ws/firmware/mcu_ws/build/unique_identifier_msgs
