[0.485s] Invoking command in '/home/ice/microros_ws/firmware/mcu_ws/build/action_msgs': AMENT_PREFIX_PATH=/home/ice/microros_ws/firmware/mcu_ws/install:${AMENT_PREFIX_PATH} CMAKE_PREFIX_PATH=/home/ice/microros_ws/firmware/mcu_ws/install:/home/ice/microros_ws/firmware/dev_ws/install/ament_lint_common:/home/ice/microros_ws/firmware/dev_ws/install/ament_cmake_uncrustify:/home/ice/microros_ws/firmware/dev_ws/install/uncrustify_vendor:/home/ice/microros_ws/firmware/dev_ws/install/ament_cmake_ros:/home/ice/microros_ws/firmware/dev_ws/install/ament_cmake_auto:/home/ice/microros_ws/firmware/dev_ws/install/ament_cmake_gmock:/home/ice/microros_ws/firmware/dev_ws/install/gmock_vendor:/home/ice/microros_ws/firmware/dev_ws/install/ament_cmake_gtest:/home/ice/microros_ws/firmware/dev_ws/install/gtest_vendor:/home/ice/microros_ws/firmware/dev_ws/install/ament_cmake_xmllint:/home/ice/microros_ws/firmware/dev_ws/install/ament_cmake_pyflakes:/home/ice/microros_ws/firmware/dev_ws/install/ament_cmake_pycodestyle:/home/ice/microros_ws/firmware/dev_ws/install/ament_cmake_pep257:/home/ice/microros_ws/firmware/dev_ws/install/ament_cmake_pclint:/home/ice/microros_ws/firmware/dev_ws/install/ament_lint_auto:/home/ice/microros_ws/firmware/dev_ws/install/ament_cmake:/home/ice/microros_ws/firmware/dev_ws/install/ament_cmake_version:/home/ice/microros_ws/firmware/dev_ws/install/ament_cmake_vendor_package:/home/ice/microros_ws/firmware/dev_ws/install/ament_cmake_pytest:/home/ice/microros_ws/firmware/dev_ws/install/ament_cmake_nose:/home/ice/microros_ws/firmware/dev_ws/install/ament_cmake_mypy:/home/ice/microros_ws/firmware/dev_ws/install/ament_cmake_lint_cmake:/home/ice/microros_ws/firmware/dev_ws/install/ament_cmake_google_benchmark:/home/ice/microros_ws/firmware/dev_ws/install/ament_cmake_flake8:/home/ice/microros_ws/firmware/dev_ws/install/ament_cmake_cpplint:/home/ice/microros_ws/firmware/dev_ws/install/ament_cmake_cppcheck:/home/ice/microros_ws/firmware/dev_ws/install/ament_cmake_copyright:/home/ice/microros_ws/firmware/dev_ws/install/ament_cmake_clang_tidy:/home/ice/microros_ws/firmware/dev_ws/install/ament_cmake_clang_format:/home/ice/microros_ws/firmware/dev_ws/install/ament_cmake_test:/home/ice/microros_ws/firmware/dev_ws/install/ament_cmake_target_dependencies:/home/ice/microros_ws/firmware/dev_ws/install/ament_cmake_python:/home/ice/microros_ws/firmware/dev_ws/install/ament_cmake_export_dependencies:/home/ice/microros_ws/firmware/dev_ws/install/ament_cmake_libraries:/home/ice/microros_ws/firmware/dev_ws/install/ament_cmake_include_directories:/home/ice/microros_ws/firmware/dev_ws/install/ament_cmake_gen_version_h:/home/ice/microros_ws/firmware/dev_ws/install/ament_cmake_export_targets:/home/ice/microros_ws/firmware/dev_ws/install/ament_cmake_export_link_flags:/home/ice/microros_ws/firmware/dev_ws/install/ament_cmake_export_interfaces:/home/ice/microros_ws/firmware/dev_ws/install/ament_cmake_export_libraries:/home/ice/microros_ws/firmware/dev_ws/install/ament_cmake_export_include_directories:/home/ice/microros_ws/firmware/dev_ws/install/ament_cmake_export_definitions:/home/ice/microros_ws/firmware/dev_ws/install/ament_cmake_core:/home/ice/microros_ws/firmware/dev_ws/install/ament_index_cpp:/home/ice/microros_ws/firmware/dev_ws/install/ament_uncrustify:/home/ice/microros_ws/firmware/dev_ws/install/domain_coordinator:/home/ice/microros_ws/firmware/dev_ws/install/ament_xmllint:/home/ice/microros_ws/firmware/dev_ws/install/ament_pyflakes:/home/ice/microros_ws/firmware/dev_ws/install/ament_pycodestyle:/home/ice/microros_ws/firmware/dev_ws/install/ament_pep257:/home/ice/microros_ws/firmware/dev_ws/install/ament_pclint:/home/ice/microros_ws/firmware/dev_ws/install/ament_package:/home/ice/microros_ws/firmware/dev_ws/install/ament_mypy:/home/ice/microros_ws/firmware/dev_ws/install/ament_lint_cmake:/home/ice/microros_ws/firmware/dev_ws/install/ament_flake8:/home/ice/microros_ws/firmware/dev_ws/install/ament_copyright:/home/ice/microros_ws/firmware/dev_ws/install/ament_lint:/home/ice/microros_ws/firmware/dev_ws/install/ament_index_python:/home/ice/microros_ws/firmware/dev_ws/install/ament_cpplint:/home/ice/microros_ws/firmware/dev_ws/install/ament_cppcheck:/home/ice/microros_ws/firmware/dev_ws/install/ament_clang_tidy:/home/ice/microros_ws/firmware/dev_ws/install/ament_clang_format LD_LIBRARY_PATH=/home/ice/microros_ws/firmware/mcu_ws/install/lib:${LD_LIBRARY_PATH} PATH=/home/ice/microros_ws/firmware/mcu_ws/install/bin:${PATH} PYTHONPATH=/home/ice/microros_ws/firmware/mcu_ws/install/lib/python3.10/site-packages:${PYTHONPATH} /usr/bin/cmake --build /home/ice/microros_ws/firmware/mcu_ws/build/action_msgs -- -j2 -l2
[0.528s] gmake[4]: Entering directory '/home/ice/microros_ws/firmware/mcu_ws/build/action_msgs'
[0.529s] /usr/bin/cmake -S/home/ice/microros_ws/firmware/mcu_ws/ros2/rcl_interfaces/action_msgs -B/home/ice/microros_ws/firmware/mcu_ws/build/action_msgs --check-build-system CMakeFiles/Makefile.cmake 0
[0.544s] Re-run cmake file: Makefile older than: /home/ice/microros_ws/firmware/freertos_apps/microros_esp32_extensions/esp32_toolchain.cmake
[0.554s] -- Found ament_cmake: 1.3.7 (/home/ice/microros_ws/firmware/dev_ws/install/ament_cmake/share/ament_cmake/cmake)
[1.001s] -- Found builtin_interfaces: 1.2.1 (/home/ice/microros_ws/firmware/mcu_ws/install/share/builtin_interfaces/cmake)
[1.033s] [33mCMake Warning at /home/ice/microros_ws/firmware/mcu_ws/install/share/rcutils/cmake/ament_cmake_export_libraries-extras.cmake:116 (message):
[1.033s]   Package 'rcutils' exports library 'dl' which couldn't be found
[1.034s] Call Stack (most recent call first):
[1.034s]   /home/ice/microros_ws/firmware/mcu_ws/install/share/rcutils/cmake/rcutilsConfig.cmake:41 (include)
[1.034s]   /home/ice/microros_ws/firmware/mcu_ws/install/share/rosidl_runtime_c/cmake/ament_cmake_export_dependencies-extras.cmake:21 (find_package)
[1.034s]   /home/ice/microros_ws/firmware/mcu_ws/install/share/rosidl_runtime_c/cmake/rosidl_runtime_cConfig.cmake:41 (include)
[1.034s]   /home/ice/microros_ws/firmware/mcu_ws/install/share/builtin_interfaces/cmake/ament_cmake_export_dependencies-extras.cmake:21 (find_package)
[1.034s]   /home/ice/microros_ws/firmware/mcu_ws/install/share/builtin_interfaces/cmake/builtin_interfacesConfig.cmake:41 (include)
[1.034s]   CMakeLists.txt:14 (find_package)
[1.034s] 
[1.034s] [0m
[1.050s] -- Using all available rosidl_typesupport_c: rosidl_typesupport_introspection_c;rosidl_typesupport_microxrcedds_c
[1.056s] -- Found rosidl_adapter: 3.1.5 (/home/ice/microros_ws/firmware/mcu_ws/install/share/rosidl_adapter/cmake)
[1.104s] -- Found rosidl_default_generators: 1.2.0 (/home/ice/microros_ws/firmware/mcu_ws/install/share/rosidl_default_generators/cmake)
[1.153s] -- Found unique_identifier_msgs: 2.2.1 (/home/ice/microros_ws/firmware/mcu_ws/install/share/unique_identifier_msgs/cmake)
[2.025s] -- Found ament_cmake_ros: 0.10.0 (/home/ice/microros_ws/firmware/dev_ws/install/ament_cmake_ros/share/ament_cmake_ros/cmake)
[2.390s] -- Using all available rosidl_typesupport_c: rosidl_typesupport_introspection_c;rosidl_typesupport_microxrcedds_c
[2.420s] -- Configuring done
[2.476s] -- Generating done
[2.503s] -- Build files have been written to: /home/ice/microros_ws/firmware/mcu_ws/build/action_msgs
[2.509s] /usr/bin/cmake -E cmake_progress_start /home/ice/microros_ws/firmware/mcu_ws/build/action_msgs/CMakeFiles /home/ice/microros_ws/firmware/mcu_ws/build/action_msgs//CMakeFiles/progress.marks
[2.530s] /usr/bin/gmake  -f CMakeFiles/Makefile2 all
[2.534s] gmake[5]: Entering directory '/home/ice/microros_ws/firmware/mcu_ws/build/action_msgs'
[2.534s] /usr/bin/gmake  -f CMakeFiles/action_msgs__rosidl_generator_c.dir/build.make CMakeFiles/action_msgs__rosidl_generator_c.dir/depend
[2.539s] gmake[6]: Entering directory '/home/ice/microros_ws/firmware/mcu_ws/build/action_msgs'
[2.539s] cd /home/ice/microros_ws/firmware/mcu_ws/build/action_msgs && /usr/bin/cmake -E cmake_depends "Unix Makefiles" /home/ice/microros_ws/firmware/mcu_ws/ros2/rcl_interfaces/action_msgs /home/ice/microros_ws/firmware/mcu_ws/ros2/rcl_interfaces/action_msgs /home/ice/microros_ws/firmware/mcu_ws/build/action_msgs /home/ice/microros_ws/firmware/mcu_ws/build/action_msgs /home/ice/microros_ws/firmware/mcu_ws/build/action_msgs/CMakeFiles/action_msgs__rosidl_generator_c.dir/DependInfo.cmake --color=
[2.558s] Dependencies file "CMakeFiles/action_msgs__rosidl_generator_c.dir/rosidl_generator_c/action_msgs/msg/detail/goal_info__functions.c.obj.d" is newer than depends file "/home/ice/microros_ws/firmware/mcu_ws/build/action_msgs/CMakeFiles/action_msgs__rosidl_generator_c.dir/compiler_depend.internal".
[2.559s] Dependencies file "CMakeFiles/action_msgs__rosidl_generator_c.dir/rosidl_generator_c/action_msgs/msg/detail/goal_status__functions.c.obj.d" is newer than depends file "/home/ice/microros_ws/firmware/mcu_ws/build/action_msgs/CMakeFiles/action_msgs__rosidl_generator_c.dir/compiler_depend.internal".
[2.559s] Dependencies file "CMakeFiles/action_msgs__rosidl_generator_c.dir/rosidl_generator_c/action_msgs/msg/detail/goal_status_array__functions.c.obj.d" is newer than depends file "/home/ice/microros_ws/firmware/mcu_ws/build/action_msgs/CMakeFiles/action_msgs__rosidl_generator_c.dir/compiler_depend.internal".
[2.560s] Dependencies file "CMakeFiles/action_msgs__rosidl_generator_c.dir/rosidl_generator_c/action_msgs/srv/detail/cancel_goal__functions.c.obj.d" is newer than depends file "/home/ice/microros_ws/firmware/mcu_ws/build/action_msgs/CMakeFiles/action_msgs__rosidl_generator_c.dir/compiler_depend.internal".
[2.561s] [35m[1mConsolidate compiler generated dependencies of target action_msgs__rosidl_generator_c[0m
[2.566s] gmake[6]: Leaving directory '/home/ice/microros_ws/firmware/mcu_ws/build/action_msgs'
[2.566s] /usr/bin/gmake  -f CMakeFiles/action_msgs__rosidl_generator_c.dir/build.make CMakeFiles/action_msgs__rosidl_generator_c.dir/build
[2.573s] gmake[6]: Entering directory '/home/ice/microros_ws/firmware/mcu_ws/build/action_msgs'
[2.574s] gmake[6]: Nothing to be done for 'CMakeFiles/action_msgs__rosidl_generator_c.dir/build'.
[2.574s] gmake[6]: Leaving directory '/home/ice/microros_ws/firmware/mcu_ws/build/action_msgs'
[2.604s] [ 25%] Built target action_msgs__rosidl_generator_c
[2.608s] /usr/bin/gmake  -f CMakeFiles/action_msgs__rosidl_typesupport_microxrcedds_c.dir/build.make CMakeFiles/action_msgs__rosidl_typesupport_microxrcedds_c.dir/depend
[2.611s] gmake[6]: Entering directory '/home/ice/microros_ws/firmware/mcu_ws/build/action_msgs'
[2.612s] cd /home/ice/microros_ws/firmware/mcu_ws/build/action_msgs && /usr/bin/cmake -E cmake_depends "Unix Makefiles" /home/ice/microros_ws/firmware/mcu_ws/ros2/rcl_interfaces/action_msgs /home/ice/microros_ws/firmware/mcu_ws/ros2/rcl_interfaces/action_msgs /home/ice/microros_ws/firmware/mcu_ws/build/action_msgs /home/ice/microros_ws/firmware/mcu_ws/build/action_msgs /home/ice/microros_ws/firmware/mcu_ws/build/action_msgs/CMakeFiles/action_msgs__rosidl_typesupport_microxrcedds_c.dir/DependInfo.cmake --color=
[2.632s] Dependencies file "CMakeFiles/action_msgs__rosidl_typesupport_microxrcedds_c.dir/rosidl_typesupport_microxrcedds_c/action_msgs/msg/detail/microxrcedds/goal_info__type_support_c.c.obj.d" is newer than depends file "/home/ice/microros_ws/firmware/mcu_ws/build/action_msgs/CMakeFiles/action_msgs__rosidl_typesupport_microxrcedds_c.dir/compiler_depend.internal".
[2.632s] Dependencies file "CMakeFiles/action_msgs__rosidl_typesupport_microxrcedds_c.dir/rosidl_typesupport_microxrcedds_c/action_msgs/msg/detail/microxrcedds/goal_status__type_support_c.c.obj.d" is newer than depends file "/home/ice/microros_ws/firmware/mcu_ws/build/action_msgs/CMakeFiles/action_msgs__rosidl_typesupport_microxrcedds_c.dir/compiler_depend.internal".
[2.633s] Dependencies file "CMakeFiles/action_msgs__rosidl_typesupport_microxrcedds_c.dir/rosidl_typesupport_microxrcedds_c/action_msgs/msg/detail/microxrcedds/goal_status_array__type_support_c.c.obj.d" is newer than depends file "/home/ice/microros_ws/firmware/mcu_ws/build/action_msgs/CMakeFiles/action_msgs__rosidl_typesupport_microxrcedds_c.dir/compiler_depend.internal".
[2.634s] Dependencies file "CMakeFiles/action_msgs__rosidl_typesupport_microxrcedds_c.dir/rosidl_typesupport_microxrcedds_c/action_msgs/srv/detail/microxrcedds/cancel_goal__type_support_c.c.obj.d" is newer than depends file "/home/ice/microros_ws/firmware/mcu_ws/build/action_msgs/CMakeFiles/action_msgs__rosidl_typesupport_microxrcedds_c.dir/compiler_depend.internal".
[2.634s] [35m[1mConsolidate compiler generated dependencies of target action_msgs__rosidl_typesupport_microxrcedds_c[0m
[2.639s] gmake[6]: Leaving directory '/home/ice/microros_ws/firmware/mcu_ws/build/action_msgs'
[2.639s] /usr/bin/gmake  -f CMakeFiles/action_msgs__rosidl_typesupport_microxrcedds_c.dir/build.make CMakeFiles/action_msgs__rosidl_typesupport_microxrcedds_c.dir/build
[2.645s] gmake[6]: Entering directory '/home/ice/microros_ws/firmware/mcu_ws/build/action_msgs'
[2.645s] gmake[6]: Nothing to be done for 'CMakeFiles/action_msgs__rosidl_typesupport_microxrcedds_c.dir/build'.
[2.645s] gmake[6]: Leaving directory '/home/ice/microros_ws/firmware/mcu_ws/build/action_msgs'
[2.663s] [ 50%] Built target action_msgs__rosidl_typesupport_microxrcedds_c
[2.665s] /usr/bin/gmake  -f CMakeFiles/action_msgs__rosidl_typesupport_introspection_c.dir/build.make CMakeFiles/action_msgs__rosidl_typesupport_introspection_c.dir/depend
[2.669s] gmake[6]: Entering directory '/home/ice/microros_ws/firmware/mcu_ws/build/action_msgs'
[2.669s] cd /home/ice/microros_ws/firmware/mcu_ws/build/action_msgs && /usr/bin/cmake -E cmake_depends "Unix Makefiles" /home/ice/microros_ws/firmware/mcu_ws/ros2/rcl_interfaces/action_msgs /home/ice/microros_ws/firmware/mcu_ws/ros2/rcl_interfaces/action_msgs /home/ice/microros_ws/firmware/mcu_ws/build/action_msgs /home/ice/microros_ws/firmware/mcu_ws/build/action_msgs /home/ice/microros_ws/firmware/mcu_ws/build/action_msgs/CMakeFiles/action_msgs__rosidl_typesupport_introspection_c.dir/DependInfo.cmake --color=
[2.707s] Dependencies file "CMakeFiles/action_msgs__rosidl_typesupport_introspection_c.dir/rosidl_typesupport_introspection_c/action_msgs/msg/detail/goal_info__type_support.c.obj.d" is newer than depends file "/home/ice/microros_ws/firmware/mcu_ws/build/action_msgs/CMakeFiles/action_msgs__rosidl_typesupport_introspection_c.dir/compiler_depend.internal".
[2.707s] Dependencies file "CMakeFiles/action_msgs__rosidl_typesupport_introspection_c.dir/rosidl_typesupport_introspection_c/action_msgs/msg/detail/goal_status__type_support.c.obj.d" is newer than depends file "/home/ice/microros_ws/firmware/mcu_ws/build/action_msgs/CMakeFiles/action_msgs__rosidl_typesupport_introspection_c.dir/compiler_depend.internal".
[2.707s] Dependencies file "CMakeFiles/action_msgs__rosidl_typesupport_introspection_c.dir/rosidl_typesupport_introspection_c/action_msgs/msg/detail/goal_status_array__type_support.c.obj.d" is newer than depends file "/home/ice/microros_ws/firmware/mcu_ws/build/action_msgs/CMakeFiles/action_msgs__rosidl_typesupport_introspection_c.dir/compiler_depend.internal".
[2.708s] Dependencies file "CMakeFiles/action_msgs__rosidl_typesupport_introspection_c.dir/rosidl_typesupport_introspection_c/action_msgs/srv/detail/cancel_goal__type_support.c.obj.d" is newer than depends file "/home/ice/microros_ws/firmware/mcu_ws/build/action_msgs/CMakeFiles/action_msgs__rosidl_typesupport_introspection_c.dir/compiler_depend.internal".
[2.712s] [35m[1mConsolidate compiler generated dependencies of target action_msgs__rosidl_typesupport_introspection_c[0m
[2.715s] gmake[6]: Leaving directory '/home/ice/microros_ws/firmware/mcu_ws/build/action_msgs'
[2.716s] /usr/bin/gmake  -f CMakeFiles/action_msgs__rosidl_typesupport_introspection_c.dir/build.make CMakeFiles/action_msgs__rosidl_typesupport_introspection_c.dir/build
[2.732s] gmake[6]: Entering directory '/home/ice/microros_ws/firmware/mcu_ws/build/action_msgs'
[2.732s] gmake[6]: Nothing to be done for 'CMakeFiles/action_msgs__rosidl_typesupport_introspection_c.dir/build'.
[2.732s] gmake[6]: Leaving directory '/home/ice/microros_ws/firmware/mcu_ws/build/action_msgs'
[2.760s] [ 75%] Built target action_msgs__rosidl_typesupport_introspection_c
[2.764s] /usr/bin/gmake  -f CMakeFiles/action_msgs__rosidl_typesupport_c.dir/build.make CMakeFiles/action_msgs__rosidl_typesupport_c.dir/depend
[2.769s] gmake[6]: Entering directory '/home/ice/microros_ws/firmware/mcu_ws/build/action_msgs'
[2.770s] cd /home/ice/microros_ws/firmware/mcu_ws/build/action_msgs && /usr/bin/cmake -E cmake_depends "Unix Makefiles" /home/ice/microros_ws/firmware/mcu_ws/ros2/rcl_interfaces/action_msgs /home/ice/microros_ws/firmware/mcu_ws/ros2/rcl_interfaces/action_msgs /home/ice/microros_ws/firmware/mcu_ws/build/action_msgs /home/ice/microros_ws/firmware/mcu_ws/build/action_msgs /home/ice/microros_ws/firmware/mcu_ws/build/action_msgs/CMakeFiles/action_msgs__rosidl_typesupport_c.dir/DependInfo.cmake --color=
[2.814s] Dependencies file "CMakeFiles/action_msgs__rosidl_typesupport_c.dir/rosidl_typesupport_c/action_msgs/msg/goal_info__type_support.cpp.obj.d" is newer than depends file "/home/ice/microros_ws/firmware/mcu_ws/build/action_msgs/CMakeFiles/action_msgs__rosidl_typesupport_c.dir/compiler_depend.internal".
[2.816s] Dependencies file "CMakeFiles/action_msgs__rosidl_typesupport_c.dir/rosidl_typesupport_c/action_msgs/msg/goal_status__type_support.cpp.obj.d" is newer than depends file "/home/ice/microros_ws/firmware/mcu_ws/build/action_msgs/CMakeFiles/action_msgs__rosidl_typesupport_c.dir/compiler_depend.internal".
[2.816s] Dependencies file "CMakeFiles/action_msgs__rosidl_typesupport_c.dir/rosidl_typesupport_c/action_msgs/msg/goal_status_array__type_support.cpp.obj.d" is newer than depends file "/home/ice/microros_ws/firmware/mcu_ws/build/action_msgs/CMakeFiles/action_msgs__rosidl_typesupport_c.dir/compiler_depend.internal".
[2.816s] Dependencies file "CMakeFiles/action_msgs__rosidl_typesupport_c.dir/rosidl_typesupport_c/action_msgs/srv/cancel_goal__type_support.cpp.obj.d" is newer than depends file "/home/ice/microros_ws/firmware/mcu_ws/build/action_msgs/CMakeFiles/action_msgs__rosidl_typesupport_c.dir/compiler_depend.internal".
[2.817s] [35m[1mConsolidate compiler generated dependencies of target action_msgs__rosidl_typesupport_c[0m
[2.822s] gmake[6]: Leaving directory '/home/ice/microros_ws/firmware/mcu_ws/build/action_msgs'
[2.823s] /usr/bin/gmake  -f CMakeFiles/action_msgs__rosidl_typesupport_c.dir/build.make CMakeFiles/action_msgs__rosidl_typesupport_c.dir/build
[2.829s] gmake[6]: Entering directory '/home/ice/microros_ws/firmware/mcu_ws/build/action_msgs'
[2.829s] gmake[6]: Nothing to be done for 'CMakeFiles/action_msgs__rosidl_typesupport_c.dir/build'.
[2.830s] gmake[6]: Leaving directory '/home/ice/microros_ws/firmware/mcu_ws/build/action_msgs'
[2.850s] [100%] Built target action_msgs__rosidl_typesupport_c
[2.852s] /usr/bin/gmake  -f CMakeFiles/action_msgs.dir/build.make CMakeFiles/action_msgs.dir/depend
[2.855s] gmake[6]: Entering directory '/home/ice/microros_ws/firmware/mcu_ws/build/action_msgs'
[2.856s] cd /home/ice/microros_ws/firmware/mcu_ws/build/action_msgs && /usr/bin/cmake -E cmake_depends "Unix Makefiles" /home/ice/microros_ws/firmware/mcu_ws/ros2/rcl_interfaces/action_msgs /home/ice/microros_ws/firmware/mcu_ws/ros2/rcl_interfaces/action_msgs /home/ice/microros_ws/firmware/mcu_ws/build/action_msgs /home/ice/microros_ws/firmware/mcu_ws/build/action_msgs /home/ice/microros_ws/firmware/mcu_ws/build/action_msgs/CMakeFiles/action_msgs.dir/DependInfo.cmake --color=
[2.878s] gmake[6]: Leaving directory '/home/ice/microros_ws/firmware/mcu_ws/build/action_msgs'
[2.878s] /usr/bin/gmake  -f CMakeFiles/action_msgs.dir/build.make CMakeFiles/action_msgs.dir/build
[2.884s] gmake[6]: Entering directory '/home/ice/microros_ws/firmware/mcu_ws/build/action_msgs'
[2.884s] gmake[6]: Nothing to be done for 'CMakeFiles/action_msgs.dir/build'.
[2.884s] gmake[6]: Leaving directory '/home/ice/microros_ws/firmware/mcu_ws/build/action_msgs'
[2.915s] [100%] Built target action_msgs
[2.917s] gmake[5]: Leaving directory '/home/ice/microros_ws/firmware/mcu_ws/build/action_msgs'
[2.917s] /usr/bin/cmake -E cmake_progress_start /home/ice/microros_ws/firmware/mcu_ws/build/action_msgs/CMakeFiles 0
[2.939s] gmake[4]: Leaving directory '/home/ice/microros_ws/firmware/mcu_ws/build/action_msgs'
[2.943s] Invoked command in '/home/ice/microros_ws/firmware/mcu_ws/build/action_msgs' returned '0': AMENT_PREFIX_PATH=/home/ice/microros_ws/firmware/mcu_ws/install:${AMENT_PREFIX_PATH} CMAKE_PREFIX_PATH=/home/ice/microros_ws/firmware/mcu_ws/install:/home/ice/microros_ws/firmware/dev_ws/install/ament_lint_common:/home/ice/microros_ws/firmware/dev_ws/install/ament_cmake_uncrustify:/home/ice/microros_ws/firmware/dev_ws/install/uncrustify_vendor:/home/ice/microros_ws/firmware/dev_ws/install/ament_cmake_ros:/home/ice/microros_ws/firmware/dev_ws/install/ament_cmake_auto:/home/ice/microros_ws/firmware/dev_ws/install/ament_cmake_gmock:/home/ice/microros_ws/firmware/dev_ws/install/gmock_vendor:/home/ice/microros_ws/firmware/dev_ws/install/ament_cmake_gtest:/home/ice/microros_ws/firmware/dev_ws/install/gtest_vendor:/home/ice/microros_ws/firmware/dev_ws/install/ament_cmake_xmllint:/home/ice/microros_ws/firmware/dev_ws/install/ament_cmake_pyflakes:/home/ice/microros_ws/firmware/dev_ws/install/ament_cmake_pycodestyle:/home/ice/microros_ws/firmware/dev_ws/install/ament_cmake_pep257:/home/ice/microros_ws/firmware/dev_ws/install/ament_cmake_pclint:/home/ice/microros_ws/firmware/dev_ws/install/ament_lint_auto:/home/ice/microros_ws/firmware/dev_ws/install/ament_cmake:/home/ice/microros_ws/firmware/dev_ws/install/ament_cmake_version:/home/ice/microros_ws/firmware/dev_ws/install/ament_cmake_vendor_package:/home/ice/microros_ws/firmware/dev_ws/install/ament_cmake_pytest:/home/ice/microros_ws/firmware/dev_ws/install/ament_cmake_nose:/home/ice/microros_ws/firmware/dev_ws/install/ament_cmake_mypy:/home/ice/microros_ws/firmware/dev_ws/install/ament_cmake_lint_cmake:/home/ice/microros_ws/firmware/dev_ws/install/ament_cmake_google_benchmark:/home/ice/microros_ws/firmware/dev_ws/install/ament_cmake_flake8:/home/ice/microros_ws/firmware/dev_ws/install/ament_cmake_cpplint:/home/ice/microros_ws/firmware/dev_ws/install/ament_cmake_cppcheck:/home/ice/microros_ws/firmware/dev_ws/install/ament_cmake_copyright:/home/ice/microros_ws/firmware/dev_ws/install/ament_cmake_clang_tidy:/home/ice/microros_ws/firmware/dev_ws/install/ament_cmake_clang_format:/home/ice/microros_ws/firmware/dev_ws/install/ament_cmake_test:/home/ice/microros_ws/firmware/dev_ws/install/ament_cmake_target_dependencies:/home/ice/microros_ws/firmware/dev_ws/install/ament_cmake_python:/home/ice/microros_ws/firmware/dev_ws/install/ament_cmake_export_dependencies:/home/ice/microros_ws/firmware/dev_ws/install/ament_cmake_libraries:/home/ice/microros_ws/firmware/dev_ws/install/ament_cmake_include_directories:/home/ice/microros_ws/firmware/dev_ws/install/ament_cmake_gen_version_h:/home/ice/microros_ws/firmware/dev_ws/install/ament_cmake_export_targets:/home/ice/microros_ws/firmware/dev_ws/install/ament_cmake_export_link_flags:/home/ice/microros_ws/firmware/dev_ws/install/ament_cmake_export_interfaces:/home/ice/microros_ws/firmware/dev_ws/install/ament_cmake_export_libraries:/home/ice/microros_ws/firmware/dev_ws/install/ament_cmake_export_include_directories:/home/ice/microros_ws/firmware/dev_ws/install/ament_cmake_export_definitions:/home/ice/microros_ws/firmware/dev_ws/install/ament_cmake_core:/home/ice/microros_ws/firmware/dev_ws/install/ament_index_cpp:/home/ice/microros_ws/firmware/dev_ws/install/ament_uncrustify:/home/ice/microros_ws/firmware/dev_ws/install/domain_coordinator:/home/ice/microros_ws/firmware/dev_ws/install/ament_xmllint:/home/ice/microros_ws/firmware/dev_ws/install/ament_pyflakes:/home/ice/microros_ws/firmware/dev_ws/install/ament_pycodestyle:/home/ice/microros_ws/firmware/dev_ws/install/ament_pep257:/home/ice/microros_ws/firmware/dev_ws/install/ament_pclint:/home/ice/microros_ws/firmware/dev_ws/install/ament_package:/home/ice/microros_ws/firmware/dev_ws/install/ament_mypy:/home/ice/microros_ws/firmware/dev_ws/install/ament_lint_cmake:/home/ice/microros_ws/firmware/dev_ws/install/ament_flake8:/home/ice/microros_ws/firmware/dev_ws/install/ament_copyright:/home/ice/microros_ws/firmware/dev_ws/install/ament_lint:/home/ice/microros_ws/firmware/dev_ws/install/ament_index_python:/home/ice/microros_ws/firmware/dev_ws/install/ament_cpplint:/home/ice/microros_ws/firmware/dev_ws/install/ament_cppcheck:/home/ice/microros_ws/firmware/dev_ws/install/ament_clang_tidy:/home/ice/microros_ws/firmware/dev_ws/install/ament_clang_format LD_LIBRARY_PATH=/home/ice/microros_ws/firmware/mcu_ws/install/lib:${LD_LIBRARY_PATH} PATH=/home/ice/microros_ws/firmware/mcu_ws/install/bin:${PATH} PYTHONPATH=/home/ice/microros_ws/firmware/mcu_ws/install/lib/python3.10/site-packages:${PYTHONPATH} /usr/bin/cmake --build /home/ice/microros_ws/firmware/mcu_ws/build/action_msgs -- -j2 -l2
[3.356s] Invoking command in '/home/ice/microros_ws/firmware/mcu_ws/build/action_msgs': AMENT_PREFIX_PATH=/home/ice/microros_ws/firmware/mcu_ws/install:${AMENT_PREFIX_PATH} CMAKE_PREFIX_PATH=/home/ice/microros_ws/firmware/mcu_ws/install:/home/ice/microros_ws/firmware/dev_ws/install/ament_lint_common:/home/ice/microros_ws/firmware/dev_ws/install/ament_cmake_uncrustify:/home/ice/microros_ws/firmware/dev_ws/install/uncrustify_vendor:/home/ice/microros_ws/firmware/dev_ws/install/ament_cmake_ros:/home/ice/microros_ws/firmware/dev_ws/install/ament_cmake_auto:/home/ice/microros_ws/firmware/dev_ws/install/ament_cmake_gmock:/home/ice/microros_ws/firmware/dev_ws/install/gmock_vendor:/home/ice/microros_ws/firmware/dev_ws/install/ament_cmake_gtest:/home/ice/microros_ws/firmware/dev_ws/install/gtest_vendor:/home/ice/microros_ws/firmware/dev_ws/install/ament_cmake_xmllint:/home/ice/microros_ws/firmware/dev_ws/install/ament_cmake_pyflakes:/home/ice/microros_ws/firmware/dev_ws/install/ament_cmake_pycodestyle:/home/ice/microros_ws/firmware/dev_ws/install/ament_cmake_pep257:/home/ice/microros_ws/firmware/dev_ws/install/ament_cmake_pclint:/home/ice/microros_ws/firmware/dev_ws/install/ament_lint_auto:/home/ice/microros_ws/firmware/dev_ws/install/ament_cmake:/home/ice/microros_ws/firmware/dev_ws/install/ament_cmake_version:/home/ice/microros_ws/firmware/dev_ws/install/ament_cmake_vendor_package:/home/ice/microros_ws/firmware/dev_ws/install/ament_cmake_pytest:/home/ice/microros_ws/firmware/dev_ws/install/ament_cmake_nose:/home/ice/microros_ws/firmware/dev_ws/install/ament_cmake_mypy:/home/ice/microros_ws/firmware/dev_ws/install/ament_cmake_lint_cmake:/home/ice/microros_ws/firmware/dev_ws/install/ament_cmake_google_benchmark:/home/ice/microros_ws/firmware/dev_ws/install/ament_cmake_flake8:/home/ice/microros_ws/firmware/dev_ws/install/ament_cmake_cpplint:/home/ice/microros_ws/firmware/dev_ws/install/ament_cmake_cppcheck:/home/ice/microros_ws/firmware/dev_ws/install/ament_cmake_copyright:/home/ice/microros_ws/firmware/dev_ws/install/ament_cmake_clang_tidy:/home/ice/microros_ws/firmware/dev_ws/install/ament_cmake_clang_format:/home/ice/microros_ws/firmware/dev_ws/install/ament_cmake_test:/home/ice/microros_ws/firmware/dev_ws/install/ament_cmake_target_dependencies:/home/ice/microros_ws/firmware/dev_ws/install/ament_cmake_python:/home/ice/microros_ws/firmware/dev_ws/install/ament_cmake_export_dependencies:/home/ice/microros_ws/firmware/dev_ws/install/ament_cmake_libraries:/home/ice/microros_ws/firmware/dev_ws/install/ament_cmake_include_directories:/home/ice/microros_ws/firmware/dev_ws/install/ament_cmake_gen_version_h:/home/ice/microros_ws/firmware/dev_ws/install/ament_cmake_export_targets:/home/ice/microros_ws/firmware/dev_ws/install/ament_cmake_export_link_flags:/home/ice/microros_ws/firmware/dev_ws/install/ament_cmake_export_interfaces:/home/ice/microros_ws/firmware/dev_ws/install/ament_cmake_export_libraries:/home/ice/microros_ws/firmware/dev_ws/install/ament_cmake_export_include_directories:/home/ice/microros_ws/firmware/dev_ws/install/ament_cmake_export_definitions:/home/ice/microros_ws/firmware/dev_ws/install/ament_cmake_core:/home/ice/microros_ws/firmware/dev_ws/install/ament_index_cpp:/home/ice/microros_ws/firmware/dev_ws/install/ament_uncrustify:/home/ice/microros_ws/firmware/dev_ws/install/domain_coordinator:/home/ice/microros_ws/firmware/dev_ws/install/ament_xmllint:/home/ice/microros_ws/firmware/dev_ws/install/ament_pyflakes:/home/ice/microros_ws/firmware/dev_ws/install/ament_pycodestyle:/home/ice/microros_ws/firmware/dev_ws/install/ament_pep257:/home/ice/microros_ws/firmware/dev_ws/install/ament_pclint:/home/ice/microros_ws/firmware/dev_ws/install/ament_package:/home/ice/microros_ws/firmware/dev_ws/install/ament_mypy:/home/ice/microros_ws/firmware/dev_ws/install/ament_lint_cmake:/home/ice/microros_ws/firmware/dev_ws/install/ament_flake8:/home/ice/microros_ws/firmware/dev_ws/install/ament_copyright:/home/ice/microros_ws/firmware/dev_ws/install/ament_lint:/home/ice/microros_ws/firmware/dev_ws/install/ament_index_python:/home/ice/microros_ws/firmware/dev_ws/install/ament_cpplint:/home/ice/microros_ws/firmware/dev_ws/install/ament_cppcheck:/home/ice/microros_ws/firmware/dev_ws/install/ament_clang_tidy:/home/ice/microros_ws/firmware/dev_ws/install/ament_clang_format LD_LIBRARY_PATH=/home/ice/microros_ws/firmware/mcu_ws/install/lib:${LD_LIBRARY_PATH} PATH=/home/ice/microros_ws/firmware/mcu_ws/install/bin:${PATH} PYTHONPATH=/home/ice/microros_ws/firmware/mcu_ws/install/lib/python3.10/site-packages:${PYTHONPATH} /usr/bin/cmake --install /home/ice/microros_ws/firmware/mcu_ws/build/action_msgs
[3.379s] -- Install configuration: "Debug"
[3.379s] -- Up-to-date: /home/ice/microros_ws/firmware/mcu_ws/install/share/ament_index/resource_index/rosidl_interfaces/action_msgs
[3.381s] -- Up-to-date: /home/ice/microros_ws/firmware/mcu_ws/install/include/action_msgs/action_msgs
[3.381s] -- Up-to-date: /home/ice/microros_ws/firmware/mcu_ws/install/include/action_msgs/action_msgs/srv
[3.382s] -- Up-to-date: /home/ice/microros_ws/firmware/mcu_ws/install/include/action_msgs/action_msgs/srv/detail
[3.383s] -- Up-to-date: /home/ice/microros_ws/firmware/mcu_ws/install/include/action_msgs/action_msgs/srv/detail/cancel_goal__type_support.h
[3.383s] -- Up-to-date: /home/ice/microros_ws/firmware/mcu_ws/install/include/action_msgs/action_msgs/srv/detail/cancel_goal__struct.h
[3.384s] -- Up-to-date: /home/ice/microros_ws/firmware/mcu_ws/install/include/action_msgs/action_msgs/srv/detail/cancel_goal__functions.h
[3.384s] -- Up-to-date: /home/ice/microros_ws/firmware/mcu_ws/install/include/action_msgs/action_msgs/srv/detail/cancel_goal__functions.c
[3.384s] -- Up-to-date: /home/ice/microros_ws/firmware/mcu_ws/install/include/action_msgs/action_msgs/srv/cancel_goal.h
[3.384s] -- Up-to-date: /home/ice/microros_ws/firmware/mcu_ws/install/include/action_msgs/action_msgs/msg
[3.384s] -- Up-to-date: /home/ice/microros_ws/firmware/mcu_ws/install/include/action_msgs/action_msgs/msg/detail
[3.384s] -- Up-to-date: /home/ice/microros_ws/firmware/mcu_ws/install/include/action_msgs/action_msgs/msg/detail/goal_status_array__struct.h
[3.385s] -- Up-to-date: /home/ice/microros_ws/firmware/mcu_ws/install/include/action_msgs/action_msgs/msg/detail/goal_info__functions.c
[3.385s] -- Up-to-date: /home/ice/microros_ws/firmware/mcu_ws/install/include/action_msgs/action_msgs/msg/detail/goal_info__type_support.h
[3.385s] -- Up-to-date: /home/ice/microros_ws/firmware/mcu_ws/install/include/action_msgs/action_msgs/msg/detail/goal_status_array__type_support.h
[3.385s] -- Up-to-date: /home/ice/microros_ws/firmware/mcu_ws/install/include/action_msgs/action_msgs/msg/detail/goal_status_array__functions.c
[3.385s] -- Up-to-date: /home/ice/microros_ws/firmware/mcu_ws/install/include/action_msgs/action_msgs/msg/detail/goal_status_array__functions.h
[3.386s] -- Up-to-date: /home/ice/microros_ws/firmware/mcu_ws/install/include/action_msgs/action_msgs/msg/detail/goal_status__struct.h
[3.412s] -- Up-to-date: /home/ice/microros_ws/firmware/mcu_ws/install/include/action_msgs/action_msgs/msg/detail/goal_info__struct.h
[3.413s] -- Up-to-date: /home/ice/microros_ws/firmware/mcu_ws/install/include/action_msgs/action_msgs/msg/detail/goal_status__functions.h
[3.413s] -- Up-to-date: /home/ice/microros_ws/firmware/mcu_ws/install/include/action_msgs/action_msgs/msg/detail/goal_status__type_support.h
[3.413s] -- Up-to-date: /home/ice/microros_ws/firmware/mcu_ws/install/include/action_msgs/action_msgs/msg/detail/goal_status__functions.c
[3.413s] -- Up-to-date: /home/ice/microros_ws/firmware/mcu_ws/install/include/action_msgs/action_msgs/msg/detail/goal_info__functions.h
[3.413s] -- Up-to-date: /home/ice/microros_ws/firmware/mcu_ws/install/include/action_msgs/action_msgs/msg/goal_info.h
[3.414s] -- Up-to-date: /home/ice/microros_ws/firmware/mcu_ws/install/include/action_msgs/action_msgs/msg/rosidl_generator_c__visibility_control.h
[3.414s] -- Up-to-date: /home/ice/microros_ws/firmware/mcu_ws/install/include/action_msgs/action_msgs/msg/goal_status.h
[3.414s] -- Up-to-date: /home/ice/microros_ws/firmware/mcu_ws/install/include/action_msgs/action_msgs/msg/goal_status_array.h
[3.432s] -- Up-to-date: /home/ice/microros_ws/firmware/mcu_ws/install/share/action_msgs/environment/library_path.sh
[3.434s] -- Installing: /home/ice/microros_ws/firmware/mcu_ws/install/share/action_msgs/environment/library_path.dsv
[3.437s] -- Up-to-date: /home/ice/microros_ws/firmware/mcu_ws/install/lib/libaction_msgs__rosidl_generator_c.a
[3.457s] -- Up-to-date: /home/ice/microros_ws/firmware/mcu_ws/install/include/action_msgs/action_msgs
[3.457s] -- Up-to-date: /home/ice/microros_ws/firmware/mcu_ws/install/include/action_msgs/action_msgs/srv
[3.458s] -- Up-to-date: /home/ice/microros_ws/firmware/mcu_ws/install/include/action_msgs/action_msgs/srv/detail
[3.458s] -- Up-to-date: /home/ice/microros_ws/firmware/mcu_ws/install/include/action_msgs/action_msgs/srv/detail/cancel_goal__rosidl_typesupport_introspection_c.h
[3.458s] -- Up-to-date: /home/ice/microros_ws/firmware/mcu_ws/install/include/action_msgs/action_msgs/srv/detail/cancel_goal__type_support.c
[3.459s] -- Up-to-date: /home/ice/microros_ws/firmware/mcu_ws/install/include/action_msgs/action_msgs/msg
[3.499s] -- Up-to-date: /home/ice/microros_ws/firmware/mcu_ws/install/include/action_msgs/action_msgs/msg/detail
[3.499s] -- Up-to-date: /home/ice/microros_ws/firmware/mcu_ws/install/include/action_msgs/action_msgs/msg/detail/goal_info__type_support.c
[3.499s] -- Up-to-date: /home/ice/microros_ws/firmware/mcu_ws/install/include/action_msgs/action_msgs/msg/detail/goal_info__rosidl_typesupport_introspection_c.h
[3.500s] -- Up-to-date: /home/ice/microros_ws/firmware/mcu_ws/install/include/action_msgs/action_msgs/msg/detail/goal_status_array__type_support.c
[3.500s] -- Up-to-date: /home/ice/microros_ws/firmware/mcu_ws/install/include/action_msgs/action_msgs/msg/detail/goal_status__type_support.c
[3.500s] -- Up-to-date: /home/ice/microros_ws/firmware/mcu_ws/install/include/action_msgs/action_msgs/msg/detail/goal_status_array__rosidl_typesupport_introspection_c.h
[3.501s] -- Up-to-date: /home/ice/microros_ws/firmware/mcu_ws/install/include/action_msgs/action_msgs/msg/detail/goal_status__rosidl_typesupport_introspection_c.h
[3.501s] -- Up-to-date: /home/ice/microros_ws/firmware/mcu_ws/install/include/action_msgs/action_msgs/msg/rosidl_typesupport_introspection_c__visibility_control.h
[3.501s] -- Up-to-date: /home/ice/microros_ws/firmware/mcu_ws/install/lib/libaction_msgs__rosidl_typesupport_introspection_c.a
[3.501s] -- Up-to-date: /home/ice/microros_ws/firmware/mcu_ws/install/include/action_msgs
[3.501s] -- Up-to-date: /home/ice/microros_ws/firmware/mcu_ws/install/include/action_msgs/srv
[3.502s] -- Up-to-date: /home/ice/microros_ws/firmware/mcu_ws/install/include/action_msgs/srv/detail
[3.502s] -- Up-to-date: /home/ice/microros_ws/firmware/mcu_ws/install/include/action_msgs/srv/detail/cancel_goal__rosidl_typesupport_microxrcedds_c.h
[3.502s] -- Up-to-date: /home/ice/microros_ws/firmware/mcu_ws/install/include/action_msgs/srv/detail/microxrcedds
[3.502s] -- Up-to-date: /home/ice/microros_ws/firmware/mcu_ws/install/include/action_msgs/msg
[3.502s] -- Up-to-date: /home/ice/microros_ws/firmware/mcu_ws/install/include/action_msgs/msg/detail
[3.502s] -- Up-to-date: /home/ice/microros_ws/firmware/mcu_ws/install/include/action_msgs/msg/detail/microxrcedds
[3.502s] -- Up-to-date: /home/ice/microros_ws/firmware/mcu_ws/install/include/action_msgs/msg/detail/goal_status_array__rosidl_typesupport_microxrcedds_c.h
[3.503s] -- Up-to-date: /home/ice/microros_ws/firmware/mcu_ws/install/include/action_msgs/msg/detail/goal_info__rosidl_typesupport_microxrcedds_c.h
[3.503s] -- Up-to-date: /home/ice/microros_ws/firmware/mcu_ws/install/include/action_msgs/msg/detail/goal_status__rosidl_typesupport_microxrcedds_c.h
[3.503s] -- Up-to-date: /home/ice/microros_ws/firmware/mcu_ws/install/include/action_msgs/msg/rosidl_typesupport_microxrcedds_c__visibility_control.h
[3.503s] -- Up-to-date: /home/ice/microros_ws/firmware/mcu_ws/install/lib/libaction_msgs__rosidl_typesupport_microxrcedds_c.a
[3.504s] -- Up-to-date: /home/ice/microros_ws/firmware/mcu_ws/install/lib/libaction_msgs__rosidl_typesupport_c.a
[3.504s] -- Up-to-date: /home/ice/microros_ws/firmware/mcu_ws/install/share/action_msgs/msg/GoalInfo.idl
[3.504s] -- Up-to-date: /home/ice/microros_ws/firmware/mcu_ws/install/share/action_msgs/msg/GoalStatus.idl
[3.504s] -- Up-to-date: /home/ice/microros_ws/firmware/mcu_ws/install/share/action_msgs/msg/GoalStatusArray.idl
[3.505s] -- Up-to-date: /home/ice/microros_ws/firmware/mcu_ws/install/share/action_msgs/srv/CancelGoal.idl
[3.505s] -- Up-to-date: /home/ice/microros_ws/firmware/mcu_ws/install/share/action_msgs/msg/GoalInfo.msg
[3.505s] -- Up-to-date: /home/ice/microros_ws/firmware/mcu_ws/install/share/action_msgs/msg/GoalStatus.msg
[3.505s] -- Up-to-date: /home/ice/microros_ws/firmware/mcu_ws/install/share/action_msgs/msg/GoalStatusArray.msg
[3.505s] -- Up-to-date: /home/ice/microros_ws/firmware/mcu_ws/install/share/action_msgs/srv/CancelGoal.srv
[3.505s] -- Up-to-date: /home/ice/microros_ws/firmware/mcu_ws/install/share/action_msgs/srv/CancelGoal_Request.msg
[3.506s] -- Up-to-date: /home/ice/microros_ws/firmware/mcu_ws/install/share/action_msgs/srv/CancelGoal_Response.msg
[3.506s] -- Up-to-date: /home/ice/microros_ws/firmware/mcu_ws/install/share/ament_index/resource_index/package_run_dependencies/action_msgs
[3.506s] -- Up-to-date: /home/ice/microros_ws/firmware/mcu_ws/install/share/ament_index/resource_index/parent_prefix_path/action_msgs
[3.506s] -- Up-to-date: /home/ice/microros_ws/firmware/mcu_ws/install/share/action_msgs/environment/ament_prefix_path.sh
[3.506s] -- Installing: /home/ice/microros_ws/firmware/mcu_ws/install/share/action_msgs/environment/ament_prefix_path.dsv
[3.506s] -- Up-to-date: /home/ice/microros_ws/firmware/mcu_ws/install/share/action_msgs/environment/path.sh
[3.506s] -- Installing: /home/ice/microros_ws/firmware/mcu_ws/install/share/action_msgs/environment/path.dsv
[3.507s] -- Up-to-date: /home/ice/microros_ws/firmware/mcu_ws/install/share/action_msgs/local_setup.bash
[3.507s] -- Up-to-date: /home/ice/microros_ws/firmware/mcu_ws/install/share/action_msgs/local_setup.sh
[3.507s] -- Up-to-date: /home/ice/microros_ws/firmware/mcu_ws/install/share/action_msgs/local_setup.zsh
[3.507s] -- Installing: /home/ice/microros_ws/firmware/mcu_ws/install/share/action_msgs/local_setup.dsv
[3.507s] -- Installing: /home/ice/microros_ws/firmware/mcu_ws/install/share/action_msgs/package.dsv
[3.507s] -- Up-to-date: /home/ice/microros_ws/firmware/mcu_ws/install/share/ament_index/resource_index/packages/action_msgs
[3.508s] -- Up-to-date: /home/ice/microros_ws/firmware/mcu_ws/install/share/action_msgs/cmake/export_action_msgs__rosidl_generator_cExport.cmake
[3.508s] -- Up-to-date: /home/ice/microros_ws/firmware/mcu_ws/install/share/action_msgs/cmake/export_action_msgs__rosidl_generator_cExport-debug.cmake
[3.508s] -- Up-to-date: /home/ice/microros_ws/firmware/mcu_ws/install/share/action_msgs/cmake/action_msgs__rosidl_typesupport_introspection_cExport.cmake
[3.508s] -- Up-to-date: /home/ice/microros_ws/firmware/mcu_ws/install/share/action_msgs/cmake/action_msgs__rosidl_typesupport_introspection_cExport-debug.cmake
[3.508s] -- Up-to-date: /home/ice/microros_ws/firmware/mcu_ws/install/share/action_msgs/cmake/action_msgs__rosidl_typesupport_cExport.cmake
[3.508s] -- Up-to-date: /home/ice/microros_ws/firmware/mcu_ws/install/share/action_msgs/cmake/action_msgs__rosidl_typesupport_cExport-debug.cmake
[3.508s] -- Up-to-date: /home/ice/microros_ws/firmware/mcu_ws/install/share/action_msgs/cmake/rosidl_cmake-extras.cmake
[3.509s] -- Up-to-date: /home/ice/microros_ws/firmware/mcu_ws/install/share/action_msgs/cmake/ament_cmake_export_dependencies-extras.cmake
[3.509s] -- Up-to-date: /home/ice/microros_ws/firmware/mcu_ws/install/share/action_msgs/cmake/ament_cmake_export_include_directories-extras.cmake
[3.509s] -- Up-to-date: /home/ice/microros_ws/firmware/mcu_ws/install/share/action_msgs/cmake/ament_cmake_export_libraries-extras.cmake
[3.509s] -- Up-to-date: /home/ice/microros_ws/firmware/mcu_ws/install/share/action_msgs/cmake/ament_cmake_export_targets-extras.cmake
[3.509s] -- Up-to-date: /home/ice/microros_ws/firmware/mcu_ws/install/share/action_msgs/cmake/rosidl_cmake_export_typesupport_targets-extras.cmake
[3.509s] -- Up-to-date: /home/ice/microros_ws/firmware/mcu_ws/install/share/action_msgs/cmake/rosidl_cmake_export_typesupport_libraries-extras.cmake
[3.510s] -- Up-to-date: /home/ice/microros_ws/firmware/mcu_ws/install/share/action_msgs/cmake/action_msgsConfig.cmake
[3.510s] -- Up-to-date: /home/ice/microros_ws/firmware/mcu_ws/install/share/action_msgs/cmake/action_msgsConfig-version.cmake
[3.510s] -- Up-to-date: /home/ice/microros_ws/firmware/mcu_ws/install/share/action_msgs/package.xml
[3.510s] Invoked command in '/home/ice/microros_ws/firmware/mcu_ws/build/action_msgs' returned '0': AMENT_PREFIX_PATH=/home/ice/microros_ws/firmware/mcu_ws/install:${AMENT_PREFIX_PATH} CMAKE_PREFIX_PATH=/home/ice/microros_ws/firmware/mcu_ws/install:/home/ice/microros_ws/firmware/dev_ws/install/ament_lint_common:/home/ice/microros_ws/firmware/dev_ws/install/ament_cmake_uncrustify:/home/ice/microros_ws/firmware/dev_ws/install/uncrustify_vendor:/home/ice/microros_ws/firmware/dev_ws/install/ament_cmake_ros:/home/ice/microros_ws/firmware/dev_ws/install/ament_cmake_auto:/home/ice/microros_ws/firmware/dev_ws/install/ament_cmake_gmock:/home/ice/microros_ws/firmware/dev_ws/install/gmock_vendor:/home/ice/microros_ws/firmware/dev_ws/install/ament_cmake_gtest:/home/ice/microros_ws/firmware/dev_ws/install/gtest_vendor:/home/ice/microros_ws/firmware/dev_ws/install/ament_cmake_xmllint:/home/ice/microros_ws/firmware/dev_ws/install/ament_cmake_pyflakes:/home/ice/microros_ws/firmware/dev_ws/install/ament_cmake_pycodestyle:/home/ice/microros_ws/firmware/dev_ws/install/ament_cmake_pep257:/home/ice/microros_ws/firmware/dev_ws/install/ament_cmake_pclint:/home/ice/microros_ws/firmware/dev_ws/install/ament_lint_auto:/home/ice/microros_ws/firmware/dev_ws/install/ament_cmake:/home/ice/microros_ws/firmware/dev_ws/install/ament_cmake_version:/home/ice/microros_ws/firmware/dev_ws/install/ament_cmake_vendor_package:/home/ice/microros_ws/firmware/dev_ws/install/ament_cmake_pytest:/home/ice/microros_ws/firmware/dev_ws/install/ament_cmake_nose:/home/ice/microros_ws/firmware/dev_ws/install/ament_cmake_mypy:/home/ice/microros_ws/firmware/dev_ws/install/ament_cmake_lint_cmake:/home/ice/microros_ws/firmware/dev_ws/install/ament_cmake_google_benchmark:/home/ice/microros_ws/firmware/dev_ws/install/ament_cmake_flake8:/home/ice/microros_ws/firmware/dev_ws/install/ament_cmake_cpplint:/home/ice/microros_ws/firmware/dev_ws/install/ament_cmake_cppcheck:/home/ice/microros_ws/firmware/dev_ws/install/ament_cmake_copyright:/home/ice/microros_ws/firmware/dev_ws/install/ament_cmake_clang_tidy:/home/ice/microros_ws/firmware/dev_ws/install/ament_cmake_clang_format:/home/ice/microros_ws/firmware/dev_ws/install/ament_cmake_test:/home/ice/microros_ws/firmware/dev_ws/install/ament_cmake_target_dependencies:/home/ice/microros_ws/firmware/dev_ws/install/ament_cmake_python:/home/ice/microros_ws/firmware/dev_ws/install/ament_cmake_export_dependencies:/home/ice/microros_ws/firmware/dev_ws/install/ament_cmake_libraries:/home/ice/microros_ws/firmware/dev_ws/install/ament_cmake_include_directories:/home/ice/microros_ws/firmware/dev_ws/install/ament_cmake_gen_version_h:/home/ice/microros_ws/firmware/dev_ws/install/ament_cmake_export_targets:/home/ice/microros_ws/firmware/dev_ws/install/ament_cmake_export_link_flags:/home/ice/microros_ws/firmware/dev_ws/install/ament_cmake_export_interfaces:/home/ice/microros_ws/firmware/dev_ws/install/ament_cmake_export_libraries:/home/ice/microros_ws/firmware/dev_ws/install/ament_cmake_export_include_directories:/home/ice/microros_ws/firmware/dev_ws/install/ament_cmake_export_definitions:/home/ice/microros_ws/firmware/dev_ws/install/ament_cmake_core:/home/ice/microros_ws/firmware/dev_ws/install/ament_index_cpp:/home/ice/microros_ws/firmware/dev_ws/install/ament_uncrustify:/home/ice/microros_ws/firmware/dev_ws/install/domain_coordinator:/home/ice/microros_ws/firmware/dev_ws/install/ament_xmllint:/home/ice/microros_ws/firmware/dev_ws/install/ament_pyflakes:/home/ice/microros_ws/firmware/dev_ws/install/ament_pycodestyle:/home/ice/microros_ws/firmware/dev_ws/install/ament_pep257:/home/ice/microros_ws/firmware/dev_ws/install/ament_pclint:/home/ice/microros_ws/firmware/dev_ws/install/ament_package:/home/ice/microros_ws/firmware/dev_ws/install/ament_mypy:/home/ice/microros_ws/firmware/dev_ws/install/ament_lint_cmake:/home/ice/microros_ws/firmware/dev_ws/install/ament_flake8:/home/ice/microros_ws/firmware/dev_ws/install/ament_copyright:/home/ice/microros_ws/firmware/dev_ws/install/ament_lint:/home/ice/microros_ws/firmware/dev_ws/install/ament_index_python:/home/ice/microros_ws/firmware/dev_ws/install/ament_cpplint:/home/ice/microros_ws/firmware/dev_ws/install/ament_cppcheck:/home/ice/microros_ws/firmware/dev_ws/install/ament_clang_tidy:/home/ice/microros_ws/firmware/dev_ws/install/ament_clang_format LD_LIBRARY_PATH=/home/ice/microros_ws/firmware/mcu_ws/install/lib:${LD_LIBRARY_PATH} PATH=/home/ice/microros_ws/firmware/mcu_ws/install/bin:${PATH} PYTHONPATH=/home/ice/microros_ws/firmware/mcu_ws/install/lib/python3.10/site-packages:${PYTHONPATH} /usr/bin/cmake --install /home/ice/microros_ws/firmware/mcu_ws/build/action_msgs
