-- Install configuration: ""
-- Installing: /home/ice/polaris-bot/ros2_ws/install/my_diff_drive_bot/share/my_diff_drive_bot/config
-- Installing: /home/ice/polaris-bot/ros2_ws/install/my_diff_drive_bot/share/my_diff_drive_bot/config/view_bot.rivz.rviz
-- Installing: /home/ice/polaris-bot/ros2_ws/install/my_diff_drive_bot/share/my_diff_drive_bot/config/empty.yaml
-- Installing: /home/ice/polaris-bot/ros2_ws/install/my_diff_drive_bot/share/my_diff_drive_bot/config/drive_bot.rviz
-- Installing: /home/ice/polaris-bot/ros2_ws/install/my_diff_drive_bot/share/my_diff_drive_bot/config/my_controllers.yaml
-- Installing: /home/ice/polaris-bot/ros2_ws/install/my_diff_drive_bot/share/my_diff_drive_bot/description
-- Installing: /home/ice/polaris-bot/ros2_ws/install/my_diff_drive_bot/share/my_diff_drive_bot/description/lidar.xacro
-- Installing: /home/ice/polaris-bot/ros2_ws/install/my_diff_drive_bot/share/my_diff_drive_bot/description/inertial_macros.xacro
-- Installing: /home/ice/polaris-bot/ros2_ws/install/my_diff_drive_bot/share/my_diff_drive_bot/description/gazebo_control.xacro
-- Installing: /home/ice/polaris-bot/ros2_ws/install/my_diff_drive_bot/share/my_diff_drive_bot/description/robot.urdf.xacro
-- Installing: /home/ice/polaris-bot/ros2_ws/install/my_diff_drive_bot/share/my_diff_drive_bot/description/ros2_control.xacro
-- Installing: /home/ice/polaris-bot/ros2_ws/install/my_diff_drive_bot/share/my_diff_drive_bot/description/robot_core.xacro
-- Installing: /home/ice/polaris-bot/ros2_ws/install/my_diff_drive_bot/share/my_diff_drive_bot/launch
-- Installing: /home/ice/polaris-bot/ros2_ws/install/my_diff_drive_bot/share/my_diff_drive_bot/launch/launch_robot.launch.py
-- Installing: /home/ice/polaris-bot/ros2_ws/install/my_diff_drive_bot/share/my_diff_drive_bot/launch/rsp.launch.py
-- Installing: /home/ice/polaris-bot/ros2_ws/install/my_diff_drive_bot/share/my_diff_drive_bot/launch/launch_sim.launch.py
-- Installing: /home/ice/polaris-bot/ros2_ws/install/my_diff_drive_bot/share/my_diff_drive_bot/worlds
-- Installing: /home/ice/polaris-bot/ros2_ws/install/my_diff_drive_bot/share/my_diff_drive_bot/worlds/empty.world
-- Installing: /home/ice/polaris-bot/ros2_ws/install/my_diff_drive_bot/share/my_diff_drive_bot/meshes
-- Installing: /home/ice/polaris-bot/ros2_ws/install/my_diff_drive_bot/share/my_diff_drive_bot/meshes/chassis_link.stl
-- Installing: /home/ice/polaris-bot/ros2_ws/install/my_diff_drive_bot/share/my_diff_drive_bot/meshes/caster_link.stl
-- Installing: /home/ice/polaris-bot/ros2_ws/install/my_diff_drive_bot/share/ament_index/resource_index/package_run_dependencies/my_diff_drive_bot
-- Installing: /home/ice/polaris-bot/ros2_ws/install/my_diff_drive_bot/share/ament_index/resource_index/parent_prefix_path/my_diff_drive_bot
-- Installing: /home/ice/polaris-bot/ros2_ws/install/my_diff_drive_bot/share/my_diff_drive_bot/environment/ament_prefix_path.sh
-- Installing: /home/ice/polaris-bot/ros2_ws/install/my_diff_drive_bot/share/my_diff_drive_bot/environment/ament_prefix_path.dsv
-- Installing: /home/ice/polaris-bot/ros2_ws/install/my_diff_drive_bot/share/my_diff_drive_bot/environment/path.sh
-- Installing: /home/ice/polaris-bot/ros2_ws/install/my_diff_drive_bot/share/my_diff_drive_bot/environment/path.dsv
-- Installing: /home/ice/polaris-bot/ros2_ws/install/my_diff_drive_bot/share/my_diff_drive_bot/local_setup.bash
-- Installing: /home/ice/polaris-bot/ros2_ws/install/my_diff_drive_bot/share/my_diff_drive_bot/local_setup.sh
-- Installing: /home/ice/polaris-bot/ros2_ws/install/my_diff_drive_bot/share/my_diff_drive_bot/local_setup.zsh
-- Installing: /home/ice/polaris-bot/ros2_ws/install/my_diff_drive_bot/share/my_diff_drive_bot/local_setup.dsv
-- Installing: /home/ice/polaris-bot/ros2_ws/install/my_diff_drive_bot/share/my_diff_drive_bot/package.dsv
-- Installing: /home/ice/polaris-bot/ros2_ws/install/my_diff_drive_bot/share/ament_index/resource_index/packages/my_diff_drive_bot
-- Installing: /home/ice/polaris-bot/ros2_ws/install/my_diff_drive_bot/share/my_diff_drive_bot/cmake/my_diff_drive_botConfig.cmake
-- Installing: /home/ice/polaris-bot/ros2_ws/install/my_diff_drive_bot/share/my_diff_drive_bot/cmake/my_diff_drive_botConfig-version.cmake
-- Installing: /home/ice/polaris-bot/ros2_ws/install/my_diff_drive_bot/share/my_diff_drive_bot/package.xml
