[0.182s] Invoking command in '/home/ice/microros_ws/build/messages': CMAKE_PREFIX_PATH=${CMAKE_PREFIX_PATH}:/opt/ros/humble /usr/bin/cmake /home/ice/microros_ws/src/messages -DCMAKE_INSTALL_PREFIX=/home/ice/microros_ws/install/messages
[0.332s] -- The C compiler identification is GNU 11.4.0
[0.469s] -- The CXX compiler identification is GNU 11.4.0
[0.482s] -- Detecting C compiler ABI info
[0.708s] -- Detecting C compiler ABI info - done
[0.745s] -- Check for working C compiler: /usr/bin/cc - skipped
[0.746s] -- Detecting C compile features
[0.748s] -- Detecting C compile features - done
[0.756s] -- Detecting CXX compiler ABI info
[0.996s] -- Detecting CXX compiler ABI info - done
[1.017s] -- Check for working CXX compiler: /usr/bin/c++ - skipped
[1.018s] -- Detecting CXX compile features
[1.018s] -- Detecting CXX compile features - done
[1.037s] -- Found ament_cmake: 1.3.7 (/opt/ros/humble/share/ament_cmake/cmake)
[1.415s] -- Found Python3: /usr/bin/python3.10 (found version "3.10.12") found components: Interpreter 
[1.600s] -- Found rosidl_default_generators: 1.2.0 (/opt/ros/humble/share/rosidl_default_generators/cmake)
[1.606s] -- Using all available rosidl_typesupport_c: rosidl_typesupport_fastrtps_c;rosidl_typesupport_introspection_c
[1.620s] -- Found rosidl_adapter: 3.1.5 (/opt/ros/humble/share/rosidl_adapter/cmake)
[1.688s] -- Using all available rosidl_typesupport_cpp: rosidl_typesupport_fastrtps_cpp;rosidl_typesupport_introspection_cpp
[2.343s] -- Found ament_cmake_ros: 0.10.0 (/opt/ros/humble/share/ament_cmake_ros/cmake)
[2.852s] -- Using all available rosidl_typesupport_c: rosidl_typesupport_fastrtps_c;rosidl_typesupport_introspection_c
[3.597s] -- Using all available rosidl_typesupport_cpp: rosidl_typesupport_fastrtps_cpp;rosidl_typesupport_introspection_cpp
[3.660s] -- Found PythonInterp: /usr/bin/python3 (found suitable version "3.10.12", minimum required is "3.6") 
[3.664s] -- Found python_cmake_module: 0.10.0 (/opt/ros/humble/share/python_cmake_module/cmake)
[3.743s] -- Found PythonLibs: /usr/lib/x86_64-linux-gnu/libpython3.10.so (found suitable version "3.10.12", minimum required is "3.5") 
[3.745s] -- Using PYTHON_EXECUTABLE: /usr/bin/python3
[3.745s] -- Using PYTHON_INCLUDE_DIRS: /usr/include/python3.10
[3.745s] -- Using PYTHON_LIBRARIES: /usr/lib/x86_64-linux-gnu/libpython3.10.so
[3.845s] -- Found PythonExtra: .so  
[3.987s] -- Found ament_lint_auto: 0.12.10 (/opt/ros/humble/share/ament_lint_auto/cmake)
[4.075s] -- Added test 'lint_cmake' to check CMake code style
[4.079s] -- Added test 'xmllint' to check XML markup files
[4.092s] -- Configuring done
[4.220s] -- Generating done
[4.251s] -- Build files have been written to: /home/ice/microros_ws/build/messages
[4.271s] Invoked command in '/home/ice/microros_ws/build/messages' returned '0': CMAKE_PREFIX_PATH=${CMAKE_PREFIX_PATH}:/opt/ros/humble /usr/bin/cmake /home/ice/microros_ws/src/messages -DCMAKE_INSTALL_PREFIX=/home/ice/microros_ws/install/messages
[4.282s] Invoking command in '/home/ice/microros_ws/build/messages': CMAKE_PREFIX_PATH=${CMAKE_PREFIX_PATH}:/opt/ros/humble /usr/bin/cmake --build /home/ice/microros_ws/build/messages -- -j2 -l2
[4.456s] [  3%] [34m[1mGenerating C code for ROS interfaces[0m
[4.858s] [  6%] [34m[1mGenerating C++ code for ROS interfaces[0m
[5.072s] [  9%] [32mBuilding C object CMakeFiles/messages__rosidl_generator_c.dir/rosidl_generator_c/messages/msg/detail/robot_motor_speed__functions.c.o[0m
[5.212s] [ 12%] [32m[1mLinking C shared library libmessages__rosidl_generator_c.so[0m
[5.390s] [ 12%] Built target messages__rosidl_generator_c
[5.542s] [ 12%] Built target ament_cmake_python_copy_messages
[5.572s] [ 16%] [34m[1mGenerating C type support for eProsima Fast-RTPS[0m
[5.843s] [ 16%] Built target messages__cpp
[5.904s] [ 19%] [34m[1mGenerating C introspection for ROS interfaces[0m
[6.171s] [ 22%] [32mBuilding CXX object CMakeFiles/messages__rosidl_typesupport_fastrtps_c.dir/rosidl_typesupport_fastrtps_c/messages/msg/detail/robot_motor_speed__type_support_c.cpp.o[0m
[7.005s] [ 25%] [32mBuilding C object CMakeFiles/messages__rosidl_typesupport_introspection_c.dir/rosidl_typesupport_introspection_c/messages/msg/detail/robot_motor_speed__type_support.c.o[0m
[7.127s] [ 29%] [32m[1mLinking C shared library libmessages__rosidl_typesupport_introspection_c.so[0m
[7.204s] [ 29%] Built target messages__rosidl_typesupport_introspection_c
[7.255s] [ 32%] [34m[1mGenerating C type support dispatch for ROS interfaces[0m
[7.432s] [ 35%] [32m[1mLinking CXX shared library libmessages__rosidl_typesupport_fastrtps_c.so[0m
[7.693s] [ 35%] Built target messages__rosidl_typesupport_fastrtps_c
[7.782s] [ 38%] [34m[1mGenerating C++ type support for eProsima Fast-RTPS[0m
[8.037s] [ 41%] [32mBuilding CXX object CMakeFiles/messages__rosidl_typesupport_c.dir/rosidl_typesupport_c/messages/msg/robot_motor_speed__type_support.cpp.o[0m
[8.141s] [ 45%] [32m[1mLinking CXX shared library libmessages__rosidl_typesupport_c.so[0m
[8.539s] [ 45%] Built target messages__rosidl_typesupport_c
[8.605s] [ 48%] [34m[1mGenerating C++ introspection for ROS interfaces[0m
[8.649s] [ 51%] [32mBuilding CXX object CMakeFiles/messages__rosidl_typesupport_fastrtps_cpp.dir/rosidl_typesupport_fastrtps_cpp/messages/msg/detail/dds_fastrtps/robot_motor_speed__type_support.cpp.o[0m
[9.506s] [ 54%] [32mBuilding CXX object CMakeFiles/messages__rosidl_typesupport_introspection_cpp.dir/rosidl_typesupport_introspection_cpp/messages/msg/detail/robot_motor_speed__type_support.cpp.o[0m
[9.871s] [ 58%] [32m[1mLinking CXX shared library libmessages__rosidl_typesupport_fastrtps_cpp.so[0m
[10.331s] [ 58%] Built target messages__rosidl_typesupport_fastrtps_cpp
[10.773s] [ 61%] [32m[1mLinking CXX shared library libmessages__rosidl_typesupport_introspection_cpp.so[0m
[10.935s] [ 61%] Built target messages__rosidl_typesupport_introspection_cpp
[11.037s] [ 64%] [34m[1mGenerating C++ type support dispatch for ROS interfaces[0m
[11.080s] running egg_info
[11.082s] creating messages.egg-info
[11.083s] writing messages.egg-info/PKG-INFO
[11.084s] writing dependency_links to messages.egg-info/dependency_links.txt
[11.084s] writing top-level names to messages.egg-info/top_level.txt
[11.085s] writing manifest file 'messages.egg-info/SOURCES.txt'
[11.089s] reading manifest file 'messages.egg-info/SOURCES.txt'
[11.093s] writing manifest file 'messages.egg-info/SOURCES.txt'
[11.254s] [ 64%] Built target ament_cmake_python_build_messages_egg
[11.761s] [ 67%] [32mBuilding CXX object CMakeFiles/messages__rosidl_typesupport_cpp.dir/rosidl_typesupport_cpp/messages/msg/robot_motor_speed__type_support.cpp.o[0m
[12.373s] [ 70%] [32m[1mLinking CXX shared library libmessages__rosidl_typesupport_cpp.so[0m
[12.489s] [ 70%] Built target messages__rosidl_typesupport_cpp
[12.548s] [ 70%] Built target messages
[12.593s] [ 74%] [34m[1mGenerating Python code for ROS interfaces[0m
[13.122s] [ 74%] Built target messages__py
[13.184s] [ 77%] [32mBuilding C object CMakeFiles/messages__rosidl_generator_py.dir/rosidl_generator_py/messages/msg/_robot_motor_speed_s.c.o[0m
[13.405s] [ 80%] [32m[1mLinking C shared library rosidl_generator_py/messages/libmessages__rosidl_generator_py.so[0m
[13.516s] [ 80%] Built target messages__rosidl_generator_py
[13.563s] [ 87%] [32mBuilding C object CMakeFiles/messages__rosidl_typesupport_introspection_c__pyext.dir/rosidl_generator_py/messages/_messages_s.ep.rosidl_typesupport_introspection_c.c.o[0m
[13.568s] [ 87%] [32mBuilding C object CMakeFiles/messages__rosidl_typesupport_fastrtps_c__pyext.dir/rosidl_generator_py/messages/_messages_s.ep.rosidl_typesupport_fastrtps_c.c.o[0m
[13.745s] [ 90%] [32m[1mLinking C shared library rosidl_generator_py/messages/messages_s__rosidl_typesupport_fastrtps_c.cpython-310-x86_64-linux-gnu.so[0m
[13.757s] [ 93%] [32m[1mLinking C shared library rosidl_generator_py/messages/messages_s__rosidl_typesupport_introspection_c.cpython-310-x86_64-linux-gnu.so[0m
[13.838s] [ 93%] Built target messages__rosidl_typesupport_fastrtps_c__pyext
[13.852s] [ 93%] Built target messages__rosidl_typesupport_introspection_c__pyext
[13.887s] [ 96%] [32mBuilding C object CMakeFiles/messages__rosidl_typesupport_c__pyext.dir/rosidl_generator_py/messages/_messages_s.ep.rosidl_typesupport_c.c.o[0m
[14.120s] [100%] [32m[1mLinking C shared library rosidl_generator_py/messages/messages_s__rosidl_typesupport_c.cpython-310-x86_64-linux-gnu.so[0m
[14.193s] [100%] Built target messages__rosidl_typesupport_c__pyext
[14.220s] Invoked command in '/home/ice/microros_ws/build/messages' returned '0': CMAKE_PREFIX_PATH=${CMAKE_PREFIX_PATH}:/opt/ros/humble /usr/bin/cmake --build /home/ice/microros_ws/build/messages -- -j2 -l2
[14.535s] Invoking command in '/home/ice/microros_ws/build/messages': CMAKE_PREFIX_PATH=${CMAKE_PREFIX_PATH}:/opt/ros/humble /usr/bin/cmake --install /home/ice/microros_ws/build/messages
[14.551s] -- Install configuration: ""
[14.552s] -- Installing: /home/ice/microros_ws/install/messages/share/ament_index/resource_index/rosidl_interfaces/messages
[14.553s] -- Installing: /home/ice/microros_ws/install/messages/include/messages/messages
[14.553s] -- Installing: /home/ice/microros_ws/install/messages/include/messages/messages/msg
[14.554s] -- Installing: /home/ice/microros_ws/install/messages/include/messages/messages/msg/detail
[14.554s] -- Installing: /home/ice/microros_ws/install/messages/include/messages/messages/msg/detail/robot_motor_speed__functions.c
[14.554s] -- Installing: /home/ice/microros_ws/install/messages/include/messages/messages/msg/detail/robot_motor_speed__functions.h
[14.555s] -- Installing: /home/ice/microros_ws/install/messages/include/messages/messages/msg/detail/robot_motor_speed__struct.h
[14.555s] -- Installing: /home/ice/microros_ws/install/messages/include/messages/messages/msg/detail/robot_motor_speed__type_support.h
[14.555s] -- Installing: /home/ice/microros_ws/install/messages/include/messages/messages/msg/robot_motor_speed.h
[14.555s] -- Installing: /home/ice/microros_ws/install/messages/include/messages/messages/msg/rosidl_generator_c__visibility_control.h
[14.556s] -- Installing: /home/ice/microros_ws/install/messages/share/messages/environment/library_path.sh
[14.556s] -- Installing: /home/ice/microros_ws/install/messages/share/messages/environment/library_path.dsv
[14.556s] -- Installing: /home/ice/microros_ws/install/messages/lib/libmessages__rosidl_generator_c.so
[14.556s] -- Set runtime path of "/home/ice/microros_ws/install/messages/lib/libmessages__rosidl_generator_c.so" to ""
[14.557s] -- Up-to-date: /home/ice/microros_ws/install/messages/include/messages/messages
[14.557s] -- Up-to-date: /home/ice/microros_ws/install/messages/include/messages/messages/msg
[14.557s] -- Up-to-date: /home/ice/microros_ws/install/messages/include/messages/messages/msg/detail
[14.557s] -- Installing: /home/ice/microros_ws/install/messages/include/messages/messages/msg/detail/robot_motor_speed__rosidl_typesupport_fastrtps_c.h
[14.557s] -- Installing: /home/ice/microros_ws/install/messages/include/messages/messages/msg/rosidl_typesupport_fastrtps_c__visibility_control.h
[14.558s] -- Installing: /home/ice/microros_ws/install/messages/lib/libmessages__rosidl_typesupport_fastrtps_c.so
[14.558s] -- Set runtime path of "/home/ice/microros_ws/install/messages/lib/libmessages__rosidl_typesupport_fastrtps_c.so" to ""
[14.558s] -- Up-to-date: /home/ice/microros_ws/install/messages/include/messages/messages
[14.558s] -- Up-to-date: /home/ice/microros_ws/install/messages/include/messages/messages/msg
[14.559s] -- Up-to-date: /home/ice/microros_ws/install/messages/include/messages/messages/msg/detail
[14.559s] -- Installing: /home/ice/microros_ws/install/messages/include/messages/messages/msg/detail/robot_motor_speed__rosidl_typesupport_introspection_c.h
[14.559s] -- Installing: /home/ice/microros_ws/install/messages/include/messages/messages/msg/detail/robot_motor_speed__type_support.c
[14.560s] -- Installing: /home/ice/microros_ws/install/messages/include/messages/messages/msg/rosidl_typesupport_introspection_c__visibility_control.h
[14.560s] -- Installing: /home/ice/microros_ws/install/messages/lib/libmessages__rosidl_typesupport_introspection_c.so
[14.560s] -- Set runtime path of "/home/ice/microros_ws/install/messages/lib/libmessages__rosidl_typesupport_introspection_c.so" to ""
[14.560s] -- Installing: /home/ice/microros_ws/install/messages/lib/libmessages__rosidl_typesupport_c.so
[14.562s] -- Set runtime path of "/home/ice/microros_ws/install/messages/lib/libmessages__rosidl_typesupport_c.so" to ""
[14.562s] -- Up-to-date: /home/ice/microros_ws/install/messages/include/messages/messages
[14.562s] -- Up-to-date: /home/ice/microros_ws/install/messages/include/messages/messages/msg
[14.563s] -- Up-to-date: /home/ice/microros_ws/install/messages/include/messages/messages/msg/detail
[14.563s] -- Installing: /home/ice/microros_ws/install/messages/include/messages/messages/msg/detail/robot_motor_speed__builder.hpp
[14.563s] -- Installing: /home/ice/microros_ws/install/messages/include/messages/messages/msg/detail/robot_motor_speed__struct.hpp
[14.564s] -- Installing: /home/ice/microros_ws/install/messages/include/messages/messages/msg/detail/robot_motor_speed__traits.hpp
[14.565s] -- Installing: /home/ice/microros_ws/install/messages/include/messages/messages/msg/robot_motor_speed.hpp
[14.565s] -- Up-to-date: /home/ice/microros_ws/install/messages/include/messages/messages
[14.565s] -- Up-to-date: /home/ice/microros_ws/install/messages/include/messages/messages/msg
[14.565s] -- Up-to-date: /home/ice/microros_ws/install/messages/include/messages/messages/msg/detail
[14.565s] -- Installing: /home/ice/microros_ws/install/messages/include/messages/messages/msg/detail/dds_fastrtps
[14.565s] -- Installing: /home/ice/microros_ws/install/messages/include/messages/messages/msg/detail/robot_motor_speed__rosidl_typesupport_fastrtps_cpp.hpp
[14.566s] -- Installing: /home/ice/microros_ws/install/messages/include/messages/messages/msg/rosidl_typesupport_fastrtps_cpp__visibility_control.h
[14.566s] -- Installing: /home/ice/microros_ws/install/messages/lib/libmessages__rosidl_typesupport_fastrtps_cpp.so
[14.566s] -- Set runtime path of "/home/ice/microros_ws/install/messages/lib/libmessages__rosidl_typesupport_fastrtps_cpp.so" to ""
[14.567s] -- Up-to-date: /home/ice/microros_ws/install/messages/include/messages/messages
[14.567s] -- Up-to-date: /home/ice/microros_ws/install/messages/include/messages/messages/msg
[14.567s] -- Up-to-date: /home/ice/microros_ws/install/messages/include/messages/messages/msg/detail
[14.567s] -- Installing: /home/ice/microros_ws/install/messages/include/messages/messages/msg/detail/robot_motor_speed__rosidl_typesupport_introspection_cpp.hpp
[14.567s] -- Installing: /home/ice/microros_ws/install/messages/include/messages/messages/msg/detail/robot_motor_speed__type_support.cpp
[14.567s] -- Installing: /home/ice/microros_ws/install/messages/lib/libmessages__rosidl_typesupport_introspection_cpp.so
[14.567s] -- Set runtime path of "/home/ice/microros_ws/install/messages/lib/libmessages__rosidl_typesupport_introspection_cpp.so" to ""
[14.567s] -- Installing: /home/ice/microros_ws/install/messages/lib/libmessages__rosidl_typesupport_cpp.so
[14.568s] -- Set runtime path of "/home/ice/microros_ws/install/messages/lib/libmessages__rosidl_typesupport_cpp.so" to ""
[14.568s] -- Installing: /home/ice/microros_ws/install/messages/share/messages/environment/pythonpath.sh
[14.568s] -- Installing: /home/ice/microros_ws/install/messages/share/messages/environment/pythonpath.dsv
[14.568s] -- Installing: /home/ice/microros_ws/install/messages/local/lib/python3.10/dist-packages/messages-0.0.0-py3.10.egg-info
[14.569s] -- Installing: /home/ice/microros_ws/install/messages/local/lib/python3.10/dist-packages/messages-0.0.0-py3.10.egg-info/top_level.txt
[14.569s] -- Installing: /home/ice/microros_ws/install/messages/local/lib/python3.10/dist-packages/messages-0.0.0-py3.10.egg-info/PKG-INFO
[14.570s] -- Installing: /home/ice/microros_ws/install/messages/local/lib/python3.10/dist-packages/messages-0.0.0-py3.10.egg-info/SOURCES.txt
[14.571s] -- Installing: /home/ice/microros_ws/install/messages/local/lib/python3.10/dist-packages/messages-0.0.0-py3.10.egg-info/dependency_links.txt
[14.571s] -- Installing: /home/ice/microros_ws/install/messages/local/lib/python3.10/dist-packages/messages
[14.571s] -- Installing: /home/ice/microros_ws/install/messages/local/lib/python3.10/dist-packages/messages/_messages_s.ep.rosidl_typesupport_fastrtps_c.c
[14.572s] -- Installing: /home/ice/microros_ws/install/messages/local/lib/python3.10/dist-packages/messages/messages_s__rosidl_typesupport_introspection_c.cpython-310-x86_64-linux-gnu.so
[14.572s] -- Installing: /home/ice/microros_ws/install/messages/local/lib/python3.10/dist-packages/messages/messages_s__rosidl_typesupport_c.cpython-310-x86_64-linux-gnu.so
[14.572s] -- Installing: /home/ice/microros_ws/install/messages/local/lib/python3.10/dist-packages/messages/messages_s__rosidl_typesupport_fastrtps_c.cpython-310-x86_64-linux-gnu.so
[14.573s] -- Installing: /home/ice/microros_ws/install/messages/local/lib/python3.10/dist-packages/messages/_messages_s.ep.rosidl_typesupport_introspection_c.c
[14.573s] -- Installing: /home/ice/microros_ws/install/messages/local/lib/python3.10/dist-packages/messages/msg
[14.573s] -- Installing: /home/ice/microros_ws/install/messages/local/lib/python3.10/dist-packages/messages/msg/_robot_motor_speed.py
[14.573s] -- Installing: /home/ice/microros_ws/install/messages/local/lib/python3.10/dist-packages/messages/msg/_robot_motor_speed_s.c
[14.573s] -- Installing: /home/ice/microros_ws/install/messages/local/lib/python3.10/dist-packages/messages/msg/__init__.py
[14.573s] -- Installing: /home/ice/microros_ws/install/messages/local/lib/python3.10/dist-packages/messages/libmessages__rosidl_generator_py.so
[14.574s] -- Installing: /home/ice/microros_ws/install/messages/local/lib/python3.10/dist-packages/messages/__init__.py
[14.574s] -- Installing: /home/ice/microros_ws/install/messages/local/lib/python3.10/dist-packages/messages/_messages_s.ep.rosidl_typesupport_c.c
[14.636s] Listing '/home/ice/microros_ws/install/messages/local/lib/python3.10/dist-packages/messages'...
[14.637s] Compiling '/home/ice/microros_ws/install/messages/local/lib/python3.10/dist-packages/messages/__init__.py'...
[14.637s] Listing '/home/ice/microros_ws/install/messages/local/lib/python3.10/dist-packages/messages/msg'...
[14.637s] Compiling '/home/ice/microros_ws/install/messages/local/lib/python3.10/dist-packages/messages/msg/__init__.py'...
[14.637s] Compiling '/home/ice/microros_ws/install/messages/local/lib/python3.10/dist-packages/messages/msg/_robot_motor_speed.py'...
[14.646s] -- Installing: /home/ice/microros_ws/install/messages/local/lib/python3.10/dist-packages/messages/messages_s__rosidl_typesupport_fastrtps_c.cpython-310-x86_64-linux-gnu.so
[14.647s] -- Set runtime path of "/home/ice/microros_ws/install/messages/local/lib/python3.10/dist-packages/messages/messages_s__rosidl_typesupport_fastrtps_c.cpython-310-x86_64-linux-gnu.so" to ""
[14.648s] -- Installing: /home/ice/microros_ws/install/messages/local/lib/python3.10/dist-packages/messages/messages_s__rosidl_typesupport_introspection_c.cpython-310-x86_64-linux-gnu.so
[14.648s] -- Set runtime path of "/home/ice/microros_ws/install/messages/local/lib/python3.10/dist-packages/messages/messages_s__rosidl_typesupport_introspection_c.cpython-310-x86_64-linux-gnu.so" to ""
[14.648s] -- Installing: /home/ice/microros_ws/install/messages/local/lib/python3.10/dist-packages/messages/messages_s__rosidl_typesupport_c.cpython-310-x86_64-linux-gnu.so
[14.649s] -- Set runtime path of "/home/ice/microros_ws/install/messages/local/lib/python3.10/dist-packages/messages/messages_s__rosidl_typesupport_c.cpython-310-x86_64-linux-gnu.so" to ""
[14.650s] -- Installing: /home/ice/microros_ws/install/messages/lib/libmessages__rosidl_generator_py.so
[14.652s] -- Set runtime path of "/home/ice/microros_ws/install/messages/lib/libmessages__rosidl_generator_py.so" to ""
[14.652s] -- Installing: /home/ice/microros_ws/install/messages/share/messages/msg/RobotMotorSpeed.idl
[14.653s] -- Installing: /home/ice/microros_ws/install/messages/share/messages/msg/RobotMotorSpeed.msg
[14.654s] -- Installing: /home/ice/microros_ws/install/messages/share/ament_index/resource_index/package_run_dependencies/messages
[14.655s] -- Installing: /home/ice/microros_ws/install/messages/share/ament_index/resource_index/parent_prefix_path/messages
[14.655s] -- Installing: /home/ice/microros_ws/install/messages/share/messages/environment/ament_prefix_path.sh
[14.655s] -- Installing: /home/ice/microros_ws/install/messages/share/messages/environment/ament_prefix_path.dsv
[14.655s] -- Installing: /home/ice/microros_ws/install/messages/share/messages/environment/path.sh
[14.655s] -- Installing: /home/ice/microros_ws/install/messages/share/messages/environment/path.dsv
[14.655s] -- Installing: /home/ice/microros_ws/install/messages/share/messages/local_setup.bash
[14.656s] -- Installing: /home/ice/microros_ws/install/messages/share/messages/local_setup.sh
[14.656s] -- Installing: /home/ice/microros_ws/install/messages/share/messages/local_setup.zsh
[14.657s] -- Installing: /home/ice/microros_ws/install/messages/share/messages/local_setup.dsv
[14.657s] -- Installing: /home/ice/microros_ws/install/messages/share/messages/package.dsv
[14.657s] -- Installing: /home/ice/microros_ws/install/messages/share/ament_index/resource_index/packages/messages
[14.658s] -- Installing: /home/ice/microros_ws/install/messages/share/messages/cmake/export_messages__rosidl_generator_cExport.cmake
[14.658s] -- Installing: /home/ice/microros_ws/install/messages/share/messages/cmake/export_messages__rosidl_generator_cExport-noconfig.cmake
[14.658s] -- Installing: /home/ice/microros_ws/install/messages/share/messages/cmake/export_messages__rosidl_typesupport_fastrtps_cExport.cmake
[14.659s] -- Installing: /home/ice/microros_ws/install/messages/share/messages/cmake/export_messages__rosidl_typesupport_fastrtps_cExport-noconfig.cmake
[14.659s] -- Installing: /home/ice/microros_ws/install/messages/share/messages/cmake/messages__rosidl_typesupport_introspection_cExport.cmake
[14.659s] -- Installing: /home/ice/microros_ws/install/messages/share/messages/cmake/messages__rosidl_typesupport_introspection_cExport-noconfig.cmake
[14.659s] -- Installing: /home/ice/microros_ws/install/messages/share/messages/cmake/messages__rosidl_typesupport_cExport.cmake
[14.660s] -- Installing: /home/ice/microros_ws/install/messages/share/messages/cmake/messages__rosidl_typesupport_cExport-noconfig.cmake
[14.660s] -- Installing: /home/ice/microros_ws/install/messages/share/messages/cmake/export_messages__rosidl_generator_cppExport.cmake
[14.661s] -- Installing: /home/ice/microros_ws/install/messages/share/messages/cmake/export_messages__rosidl_typesupport_fastrtps_cppExport.cmake
[14.661s] -- Installing: /home/ice/microros_ws/install/messages/share/messages/cmake/export_messages__rosidl_typesupport_fastrtps_cppExport-noconfig.cmake
[14.662s] -- Installing: /home/ice/microros_ws/install/messages/share/messages/cmake/messages__rosidl_typesupport_introspection_cppExport.cmake
[14.662s] -- Installing: /home/ice/microros_ws/install/messages/share/messages/cmake/messages__rosidl_typesupport_introspection_cppExport-noconfig.cmake
[14.662s] -- Installing: /home/ice/microros_ws/install/messages/share/messages/cmake/messages__rosidl_typesupport_cppExport.cmake
[14.663s] -- Installing: /home/ice/microros_ws/install/messages/share/messages/cmake/messages__rosidl_typesupport_cppExport-noconfig.cmake
[14.663s] -- Installing: /home/ice/microros_ws/install/messages/share/messages/cmake/export_messages__rosidl_generator_pyExport.cmake
[14.663s] -- Installing: /home/ice/microros_ws/install/messages/share/messages/cmake/export_messages__rosidl_generator_pyExport-noconfig.cmake
[14.663s] -- Installing: /home/ice/microros_ws/install/messages/share/messages/cmake/rosidl_cmake-extras.cmake
[14.663s] -- Installing: /home/ice/microros_ws/install/messages/share/messages/cmake/ament_cmake_export_include_directories-extras.cmake
[14.664s] -- Installing: /home/ice/microros_ws/install/messages/share/messages/cmake/ament_cmake_export_libraries-extras.cmake
[14.665s] -- Installing: /home/ice/microros_ws/install/messages/share/messages/cmake/ament_cmake_export_targets-extras.cmake
[14.665s] -- Installing: /home/ice/microros_ws/install/messages/share/messages/cmake/rosidl_cmake_export_typesupport_targets-extras.cmake
[14.668s] -- Installing: /home/ice/microros_ws/install/messages/share/messages/cmake/ament_cmake_export_dependencies-extras.cmake
[14.668s] -- Installing: /home/ice/microros_ws/install/messages/share/messages/cmake/rosidl_cmake_export_typesupport_libraries-extras.cmake
[14.668s] -- Installing: /home/ice/microros_ws/install/messages/share/messages/cmake/messagesConfig.cmake
[14.668s] -- Installing: /home/ice/microros_ws/install/messages/share/messages/cmake/messagesConfig-version.cmake
[14.668s] -- Installing: /home/ice/microros_ws/install/messages/share/messages/package.xml
[14.682s] Invoked command in '/home/ice/microros_ws/build/messages' returned '0': CMAKE_PREFIX_PATH=${CMAKE_PREFIX_PATH}:/opt/ros/humble /usr/bin/cmake --install /home/ice/microros_ws/build/messages
