[0.321s] Invoking command in '/home/ice/microros_ws/firmware/mcu_ws/build/nav_msgs': AMENT_PREFIX_PATH=/home/ice/microros_ws/firmware/mcu_ws/install:${AMENT_PREFIX_PATH} CMAKE_PREFIX_PATH=/home/ice/microros_ws/firmware/mcu_ws/install:/home/ice/microros_ws/firmware/dev_ws/install/ament_lint_common:/home/ice/microros_ws/firmware/dev_ws/install/ament_cmake_uncrustify:/home/ice/microros_ws/firmware/dev_ws/install/uncrustify_vendor:/home/ice/microros_ws/firmware/dev_ws/install/ament_cmake_ros:/home/ice/microros_ws/firmware/dev_ws/install/ament_cmake_auto:/home/ice/microros_ws/firmware/dev_ws/install/ament_cmake_gmock:/home/ice/microros_ws/firmware/dev_ws/install/gmock_vendor:/home/ice/microros_ws/firmware/dev_ws/install/ament_cmake_gtest:/home/ice/microros_ws/firmware/dev_ws/install/gtest_vendor:/home/ice/microros_ws/firmware/dev_ws/install/ament_cmake_xmllint:/home/ice/microros_ws/firmware/dev_ws/install/ament_cmake_pyflakes:/home/ice/microros_ws/firmware/dev_ws/install/ament_cmake_pycodestyle:/home/ice/microros_ws/firmware/dev_ws/install/ament_cmake_pep257:/home/ice/microros_ws/firmware/dev_ws/install/ament_cmake_pclint:/home/ice/microros_ws/firmware/dev_ws/install/ament_lint_auto:/home/ice/microros_ws/firmware/dev_ws/install/ament_cmake:/home/ice/microros_ws/firmware/dev_ws/install/ament_cmake_version:/home/ice/microros_ws/firmware/dev_ws/install/ament_cmake_vendor_package:/home/ice/microros_ws/firmware/dev_ws/install/ament_cmake_pytest:/home/ice/microros_ws/firmware/dev_ws/install/ament_cmake_nose:/home/ice/microros_ws/firmware/dev_ws/install/ament_cmake_mypy:/home/ice/microros_ws/firmware/dev_ws/install/ament_cmake_lint_cmake:/home/ice/microros_ws/firmware/dev_ws/install/ament_cmake_google_benchmark:/home/ice/microros_ws/firmware/dev_ws/install/ament_cmake_flake8:/home/ice/microros_ws/firmware/dev_ws/install/ament_cmake_cpplint:/home/ice/microros_ws/firmware/dev_ws/install/ament_cmake_cppcheck:/home/ice/microros_ws/firmware/dev_ws/install/ament_cmake_copyright:/home/ice/microros_ws/firmware/dev_ws/install/ament_cmake_clang_tidy:/home/ice/microros_ws/firmware/dev_ws/install/ament_cmake_clang_format:/home/ice/microros_ws/firmware/dev_ws/install/ament_cmake_test:/home/ice/microros_ws/firmware/dev_ws/install/ament_cmake_target_dependencies:/home/ice/microros_ws/firmware/dev_ws/install/ament_cmake_python:/home/ice/microros_ws/firmware/dev_ws/install/ament_cmake_export_dependencies:/home/ice/microros_ws/firmware/dev_ws/install/ament_cmake_libraries:/home/ice/microros_ws/firmware/dev_ws/install/ament_cmake_include_directories:/home/ice/microros_ws/firmware/dev_ws/install/ament_cmake_gen_version_h:/home/ice/microros_ws/firmware/dev_ws/install/ament_cmake_export_targets:/home/ice/microros_ws/firmware/dev_ws/install/ament_cmake_export_link_flags:/home/ice/microros_ws/firmware/dev_ws/install/ament_cmake_export_interfaces:/home/ice/microros_ws/firmware/dev_ws/install/ament_cmake_export_libraries:/home/ice/microros_ws/firmware/dev_ws/install/ament_cmake_export_include_directories:/home/ice/microros_ws/firmware/dev_ws/install/ament_cmake_export_definitions:/home/ice/microros_ws/firmware/dev_ws/install/ament_cmake_core:/home/ice/microros_ws/firmware/dev_ws/install/ament_index_cpp:/home/ice/microros_ws/firmware/dev_ws/install/ament_uncrustify:/home/ice/microros_ws/firmware/dev_ws/install/domain_coordinator:/home/ice/microros_ws/firmware/dev_ws/install/ament_xmllint:/home/ice/microros_ws/firmware/dev_ws/install/ament_pyflakes:/home/ice/microros_ws/firmware/dev_ws/install/ament_pycodestyle:/home/ice/microros_ws/firmware/dev_ws/install/ament_pep257:/home/ice/microros_ws/firmware/dev_ws/install/ament_pclint:/home/ice/microros_ws/firmware/dev_ws/install/ament_package:/home/ice/microros_ws/firmware/dev_ws/install/ament_mypy:/home/ice/microros_ws/firmware/dev_ws/install/ament_lint_cmake:/home/ice/microros_ws/firmware/dev_ws/install/ament_flake8:/home/ice/microros_ws/firmware/dev_ws/install/ament_copyright:/home/ice/microros_ws/firmware/dev_ws/install/ament_lint:/home/ice/microros_ws/firmware/dev_ws/install/ament_index_python:/home/ice/microros_ws/firmware/dev_ws/install/ament_cpplint:/home/ice/microros_ws/firmware/dev_ws/install/ament_cppcheck:/home/ice/microros_ws/firmware/dev_ws/install/ament_clang_tidy:/home/ice/microros_ws/firmware/dev_ws/install/ament_clang_format LD_LIBRARY_PATH=/home/ice/microros_ws/firmware/mcu_ws/install/lib:${LD_LIBRARY_PATH} PATH=/home/ice/microros_ws/firmware/mcu_ws/install/bin:${PATH} PYTHONPATH=/home/ice/microros_ws/firmware/mcu_ws/install/lib/python3.10/site-packages:${PYTHONPATH} /usr/bin/cmake --build /home/ice/microros_ws/firmware/mcu_ws/build/nav_msgs -- -j2 -l2
[0.369s] gmake[4]: Entering directory '/home/ice/microros_ws/firmware/mcu_ws/build/nav_msgs'
[0.369s] /usr/bin/cmake -S/home/ice/microros_ws/firmware/mcu_ws/ros2/common_interfaces/nav_msgs -B/home/ice/microros_ws/firmware/mcu_ws/build/nav_msgs --check-build-system CMakeFiles/Makefile.cmake 0
[0.389s] Re-run cmake file: Makefile older than: /home/ice/microros_ws/firmware/freertos_apps/microros_esp32_extensions/esp32_toolchain.cmake
[0.398s] -- Found ament_cmake: 1.3.7 (/home/ice/microros_ws/firmware/dev_ws/install/ament_cmake/share/ament_cmake/cmake)
[0.807s] -- Found builtin_interfaces: 1.2.1 (/home/ice/microros_ws/firmware/mcu_ws/install/share/builtin_interfaces/cmake)
[0.844s] [33mCMake Warning at /home/ice/microros_ws/firmware/mcu_ws/install/share/rcutils/cmake/ament_cmake_export_libraries-extras.cmake:116 (message):
[0.844s]   Package 'rcutils' exports library 'dl' which couldn't be found
[0.845s] Call Stack (most recent call first):
[0.845s]   /home/ice/microros_ws/firmware/mcu_ws/install/share/rcutils/cmake/rcutilsConfig.cmake:41 (include)
[0.845s]   /home/ice/microros_ws/firmware/mcu_ws/install/share/rosidl_runtime_c/cmake/ament_cmake_export_dependencies-extras.cmake:21 (find_package)
[0.845s]   /home/ice/microros_ws/firmware/mcu_ws/install/share/rosidl_runtime_c/cmake/rosidl_runtime_cConfig.cmake:41 (include)
[0.845s]   /home/ice/microros_ws/firmware/mcu_ws/install/share/builtin_interfaces/cmake/ament_cmake_export_dependencies-extras.cmake:21 (find_package)
[0.846s]   /home/ice/microros_ws/firmware/mcu_ws/install/share/builtin_interfaces/cmake/builtin_interfacesConfig.cmake:41 (include)
[0.846s]   CMakeLists.txt:14 (find_package)
[0.846s] 
[0.846s] [0m
[0.883s] -- Using all available rosidl_typesupport_c: rosidl_typesupport_introspection_c;rosidl_typesupport_microxrcedds_c
[0.895s] -- Found rosidl_adapter: 3.1.5 (/home/ice/microros_ws/firmware/mcu_ws/install/share/rosidl_adapter/cmake)
[0.984s] -- Found geometry_msgs: 4.2.3 (/home/ice/microros_ws/firmware/mcu_ws/install/share/geometry_msgs/cmake)
[1.054s] -- Found rosidl_default_generators: 1.2.0 (/home/ice/microros_ws/firmware/mcu_ws/install/share/rosidl_default_generators/cmake)
[2.492s] -- Found ament_cmake_ros: 0.10.0 (/home/ice/microros_ws/firmware/dev_ws/install/ament_cmake_ros/share/ament_cmake_ros/cmake)
[2.980s] -- Using all available rosidl_typesupport_c: rosidl_typesupport_introspection_c;rosidl_typesupport_microxrcedds_c
[2.997s] -- Configuring done
[3.110s] -- Generating done
[3.114s] -- Build files have been written to: /home/ice/microros_ws/firmware/mcu_ws/build/nav_msgs
[3.124s] /usr/bin/cmake -E cmake_progress_start /home/ice/microros_ws/firmware/mcu_ws/build/nav_msgs/CMakeFiles /home/ice/microros_ws/firmware/mcu_ws/build/nav_msgs//CMakeFiles/progress.marks
[3.155s] /usr/bin/gmake  -f CMakeFiles/Makefile2 all
[3.160s] gmake[5]: Entering directory '/home/ice/microros_ws/firmware/mcu_ws/build/nav_msgs'
[3.161s] /usr/bin/gmake  -f CMakeFiles/nav_msgs__rosidl_generator_c.dir/build.make CMakeFiles/nav_msgs__rosidl_generator_c.dir/depend
[3.165s] gmake[6]: Entering directory '/home/ice/microros_ws/firmware/mcu_ws/build/nav_msgs'
[3.166s] cd /home/ice/microros_ws/firmware/mcu_ws/build/nav_msgs && /usr/bin/cmake -E cmake_depends "Unix Makefiles" /home/ice/microros_ws/firmware/mcu_ws/ros2/common_interfaces/nav_msgs /home/ice/microros_ws/firmware/mcu_ws/ros2/common_interfaces/nav_msgs /home/ice/microros_ws/firmware/mcu_ws/build/nav_msgs /home/ice/microros_ws/firmware/mcu_ws/build/nav_msgs /home/ice/microros_ws/firmware/mcu_ws/build/nav_msgs/CMakeFiles/nav_msgs__rosidl_generator_c.dir/DependInfo.cmake --color=
[3.182s] Dependencies file "CMakeFiles/nav_msgs__rosidl_generator_c.dir/rosidl_generator_c/nav_msgs/msg/detail/grid_cells__functions.c.obj.d" is newer than depends file "/home/ice/microros_ws/firmware/mcu_ws/build/nav_msgs/CMakeFiles/nav_msgs__rosidl_generator_c.dir/compiler_depend.internal".
[3.182s] Dependencies file "CMakeFiles/nav_msgs__rosidl_generator_c.dir/rosidl_generator_c/nav_msgs/msg/detail/map_meta_data__functions.c.obj.d" is newer than depends file "/home/ice/microros_ws/firmware/mcu_ws/build/nav_msgs/CMakeFiles/nav_msgs__rosidl_generator_c.dir/compiler_depend.internal".
[3.183s] Dependencies file "CMakeFiles/nav_msgs__rosidl_generator_c.dir/rosidl_generator_c/nav_msgs/msg/detail/occupancy_grid__functions.c.obj.d" is newer than depends file "/home/ice/microros_ws/firmware/mcu_ws/build/nav_msgs/CMakeFiles/nav_msgs__rosidl_generator_c.dir/compiler_depend.internal".
[3.184s] Dependencies file "CMakeFiles/nav_msgs__rosidl_generator_c.dir/rosidl_generator_c/nav_msgs/msg/detail/odometry__functions.c.obj.d" is newer than depends file "/home/ice/microros_ws/firmware/mcu_ws/build/nav_msgs/CMakeFiles/nav_msgs__rosidl_generator_c.dir/compiler_depend.internal".
[3.184s] Dependencies file "CMakeFiles/nav_msgs__rosidl_generator_c.dir/rosidl_generator_c/nav_msgs/msg/detail/path__functions.c.obj.d" is newer than depends file "/home/ice/microros_ws/firmware/mcu_ws/build/nav_msgs/CMakeFiles/nav_msgs__rosidl_generator_c.dir/compiler_depend.internal".
[3.185s] Dependencies file "CMakeFiles/nav_msgs__rosidl_generator_c.dir/rosidl_generator_c/nav_msgs/srv/detail/get_map__functions.c.obj.d" is newer than depends file "/home/ice/microros_ws/firmware/mcu_ws/build/nav_msgs/CMakeFiles/nav_msgs__rosidl_generator_c.dir/compiler_depend.internal".
[3.186s] Dependencies file "CMakeFiles/nav_msgs__rosidl_generator_c.dir/rosidl_generator_c/nav_msgs/srv/detail/get_plan__functions.c.obj.d" is newer than depends file "/home/ice/microros_ws/firmware/mcu_ws/build/nav_msgs/CMakeFiles/nav_msgs__rosidl_generator_c.dir/compiler_depend.internal".
[3.186s] Dependencies file "CMakeFiles/nav_msgs__rosidl_generator_c.dir/rosidl_generator_c/nav_msgs/srv/detail/load_map__functions.c.obj.d" is newer than depends file "/home/ice/microros_ws/firmware/mcu_ws/build/nav_msgs/CMakeFiles/nav_msgs__rosidl_generator_c.dir/compiler_depend.internal".
[3.186s] Dependencies file "CMakeFiles/nav_msgs__rosidl_generator_c.dir/rosidl_generator_c/nav_msgs/srv/detail/set_map__functions.c.obj.d" is newer than depends file "/home/ice/microros_ws/firmware/mcu_ws/build/nav_msgs/CMakeFiles/nav_msgs__rosidl_generator_c.dir/compiler_depend.internal".
[3.187s] [35m[1mConsolidate compiler generated dependencies of target nav_msgs__rosidl_generator_c[0m
[3.193s] gmake[6]: Leaving directory '/home/ice/microros_ws/firmware/mcu_ws/build/nav_msgs'
[3.193s] /usr/bin/gmake  -f CMakeFiles/nav_msgs__rosidl_generator_c.dir/build.make CMakeFiles/nav_msgs__rosidl_generator_c.dir/build
[3.199s] gmake[6]: Entering directory '/home/ice/microros_ws/firmware/mcu_ws/build/nav_msgs'
[3.201s] gmake[6]: Nothing to be done for 'CMakeFiles/nav_msgs__rosidl_generator_c.dir/build'.
[3.201s] gmake[6]: Leaving directory '/home/ice/microros_ws/firmware/mcu_ws/build/nav_msgs'
[3.219s] [ 25%] Built target nav_msgs__rosidl_generator_c
[3.221s] /usr/bin/gmake  -f CMakeFiles/nav_msgs__rosidl_typesupport_microxrcedds_c.dir/build.make CMakeFiles/nav_msgs__rosidl_typesupport_microxrcedds_c.dir/depend
[3.228s] gmake[6]: Entering directory '/home/ice/microros_ws/firmware/mcu_ws/build/nav_msgs'
[3.228s] cd /home/ice/microros_ws/firmware/mcu_ws/build/nav_msgs && /usr/bin/cmake -E cmake_depends "Unix Makefiles" /home/ice/microros_ws/firmware/mcu_ws/ros2/common_interfaces/nav_msgs /home/ice/microros_ws/firmware/mcu_ws/ros2/common_interfaces/nav_msgs /home/ice/microros_ws/firmware/mcu_ws/build/nav_msgs /home/ice/microros_ws/firmware/mcu_ws/build/nav_msgs /home/ice/microros_ws/firmware/mcu_ws/build/nav_msgs/CMakeFiles/nav_msgs__rosidl_typesupport_microxrcedds_c.dir/DependInfo.cmake --color=
[3.248s] Dependencies file "CMakeFiles/nav_msgs__rosidl_typesupport_microxrcedds_c.dir/rosidl_typesupport_microxrcedds_c/nav_msgs/msg/detail/microxrcedds/grid_cells__type_support_c.c.obj.d" is newer than depends file "/home/ice/microros_ws/firmware/mcu_ws/build/nav_msgs/CMakeFiles/nav_msgs__rosidl_typesupport_microxrcedds_c.dir/compiler_depend.internal".
[3.248s] Dependencies file "CMakeFiles/nav_msgs__rosidl_typesupport_microxrcedds_c.dir/rosidl_typesupport_microxrcedds_c/nav_msgs/msg/detail/microxrcedds/map_meta_data__type_support_c.c.obj.d" is newer than depends file "/home/ice/microros_ws/firmware/mcu_ws/build/nav_msgs/CMakeFiles/nav_msgs__rosidl_typesupport_microxrcedds_c.dir/compiler_depend.internal".
[3.249s] Dependencies file "CMakeFiles/nav_msgs__rosidl_typesupport_microxrcedds_c.dir/rosidl_typesupport_microxrcedds_c/nav_msgs/msg/detail/microxrcedds/occupancy_grid__type_support_c.c.obj.d" is newer than depends file "/home/ice/microros_ws/firmware/mcu_ws/build/nav_msgs/CMakeFiles/nav_msgs__rosidl_typesupport_microxrcedds_c.dir/compiler_depend.internal".
[3.250s] Dependencies file "CMakeFiles/nav_msgs__rosidl_typesupport_microxrcedds_c.dir/rosidl_typesupport_microxrcedds_c/nav_msgs/msg/detail/microxrcedds/odometry__type_support_c.c.obj.d" is newer than depends file "/home/ice/microros_ws/firmware/mcu_ws/build/nav_msgs/CMakeFiles/nav_msgs__rosidl_typesupport_microxrcedds_c.dir/compiler_depend.internal".
[3.250s] Dependencies file "CMakeFiles/nav_msgs__rosidl_typesupport_microxrcedds_c.dir/rosidl_typesupport_microxrcedds_c/nav_msgs/msg/detail/microxrcedds/path__type_support_c.c.obj.d" is newer than depends file "/home/ice/microros_ws/firmware/mcu_ws/build/nav_msgs/CMakeFiles/nav_msgs__rosidl_typesupport_microxrcedds_c.dir/compiler_depend.internal".
[3.251s] Dependencies file "CMakeFiles/nav_msgs__rosidl_typesupport_microxrcedds_c.dir/rosidl_typesupport_microxrcedds_c/nav_msgs/srv/detail/microxrcedds/get_map__type_support_c.c.obj.d" is newer than depends file "/home/ice/microros_ws/firmware/mcu_ws/build/nav_msgs/CMakeFiles/nav_msgs__rosidl_typesupport_microxrcedds_c.dir/compiler_depend.internal".
[3.252s] Dependencies file "CMakeFiles/nav_msgs__rosidl_typesupport_microxrcedds_c.dir/rosidl_typesupport_microxrcedds_c/nav_msgs/srv/detail/microxrcedds/get_plan__type_support_c.c.obj.d" is newer than depends file "/home/ice/microros_ws/firmware/mcu_ws/build/nav_msgs/CMakeFiles/nav_msgs__rosidl_typesupport_microxrcedds_c.dir/compiler_depend.internal".
[3.252s] Dependencies file "CMakeFiles/nav_msgs__rosidl_typesupport_microxrcedds_c.dir/rosidl_typesupport_microxrcedds_c/nav_msgs/srv/detail/microxrcedds/load_map__type_support_c.c.obj.d" is newer than depends file "/home/ice/microros_ws/firmware/mcu_ws/build/nav_msgs/CMakeFiles/nav_msgs__rosidl_typesupport_microxrcedds_c.dir/compiler_depend.internal".
[3.253s] Dependencies file "CMakeFiles/nav_msgs__rosidl_typesupport_microxrcedds_c.dir/rosidl_typesupport_microxrcedds_c/nav_msgs/srv/detail/microxrcedds/set_map__type_support_c.c.obj.d" is newer than depends file "/home/ice/microros_ws/firmware/mcu_ws/build/nav_msgs/CMakeFiles/nav_msgs__rosidl_typesupport_microxrcedds_c.dir/compiler_depend.internal".
[3.253s] [35m[1mConsolidate compiler generated dependencies of target nav_msgs__rosidl_typesupport_microxrcedds_c[0m
[3.275s] gmake[6]: Leaving directory '/home/ice/microros_ws/firmware/mcu_ws/build/nav_msgs'
[3.278s] /usr/bin/gmake  -f CMakeFiles/nav_msgs__rosidl_typesupport_microxrcedds_c.dir/build.make CMakeFiles/nav_msgs__rosidl_typesupport_microxrcedds_c.dir/build
[3.289s] gmake[6]: Entering directory '/home/ice/microros_ws/firmware/mcu_ws/build/nav_msgs'
[3.289s] gmake[6]: Nothing to be done for 'CMakeFiles/nav_msgs__rosidl_typesupport_microxrcedds_c.dir/build'.
[3.289s] gmake[6]: Leaving directory '/home/ice/microros_ws/firmware/mcu_ws/build/nav_msgs'
[3.311s] [ 50%] Built target nav_msgs__rosidl_typesupport_microxrcedds_c
[3.314s] /usr/bin/gmake  -f CMakeFiles/nav_msgs__rosidl_typesupport_c.dir/build.make CMakeFiles/nav_msgs__rosidl_typesupport_c.dir/depend
[3.320s] gmake[6]: Entering directory '/home/ice/microros_ws/firmware/mcu_ws/build/nav_msgs'
[3.320s] cd /home/ice/microros_ws/firmware/mcu_ws/build/nav_msgs && /usr/bin/cmake -E cmake_depends "Unix Makefiles" /home/ice/microros_ws/firmware/mcu_ws/ros2/common_interfaces/nav_msgs /home/ice/microros_ws/firmware/mcu_ws/ros2/common_interfaces/nav_msgs /home/ice/microros_ws/firmware/mcu_ws/build/nav_msgs /home/ice/microros_ws/firmware/mcu_ws/build/nav_msgs /home/ice/microros_ws/firmware/mcu_ws/build/nav_msgs/CMakeFiles/nav_msgs__rosidl_typesupport_c.dir/DependInfo.cmake --color=
[3.361s] Dependencies file "CMakeFiles/nav_msgs__rosidl_typesupport_c.dir/rosidl_typesupport_c/nav_msgs/msg/grid_cells__type_support.cpp.obj.d" is newer than depends file "/home/ice/microros_ws/firmware/mcu_ws/build/nav_msgs/CMakeFiles/nav_msgs__rosidl_typesupport_c.dir/compiler_depend.internal".
[3.361s] Dependencies file "CMakeFiles/nav_msgs__rosidl_typesupport_c.dir/rosidl_typesupport_c/nav_msgs/msg/map_meta_data__type_support.cpp.obj.d" is newer than depends file "/home/ice/microros_ws/firmware/mcu_ws/build/nav_msgs/CMakeFiles/nav_msgs__rosidl_typesupport_c.dir/compiler_depend.internal".
[3.362s] Dependencies file "CMakeFiles/nav_msgs__rosidl_typesupport_c.dir/rosidl_typesupport_c/nav_msgs/msg/occupancy_grid__type_support.cpp.obj.d" is newer than depends file "/home/ice/microros_ws/firmware/mcu_ws/build/nav_msgs/CMakeFiles/nav_msgs__rosidl_typesupport_c.dir/compiler_depend.internal".
[3.362s] Dependencies file "CMakeFiles/nav_msgs__rosidl_typesupport_c.dir/rosidl_typesupport_c/nav_msgs/msg/odometry__type_support.cpp.obj.d" is newer than depends file "/home/ice/microros_ws/firmware/mcu_ws/build/nav_msgs/CMakeFiles/nav_msgs__rosidl_typesupport_c.dir/compiler_depend.internal".
[3.362s] Dependencies file "CMakeFiles/nav_msgs__rosidl_typesupport_c.dir/rosidl_typesupport_c/nav_msgs/msg/path__type_support.cpp.obj.d" is newer than depends file "/home/ice/microros_ws/firmware/mcu_ws/build/nav_msgs/CMakeFiles/nav_msgs__rosidl_typesupport_c.dir/compiler_depend.internal".
[3.363s] Dependencies file "CMakeFiles/nav_msgs__rosidl_typesupport_c.dir/rosidl_typesupport_c/nav_msgs/srv/get_map__type_support.cpp.obj.d" is newer than depends file "/home/ice/microros_ws/firmware/mcu_ws/build/nav_msgs/CMakeFiles/nav_msgs__rosidl_typesupport_c.dir/compiler_depend.internal".
[3.363s] Dependencies file "CMakeFiles/nav_msgs__rosidl_typesupport_c.dir/rosidl_typesupport_c/nav_msgs/srv/get_plan__type_support.cpp.obj.d" is newer than depends file "/home/ice/microros_ws/firmware/mcu_ws/build/nav_msgs/CMakeFiles/nav_msgs__rosidl_typesupport_c.dir/compiler_depend.internal".
[3.364s] Dependencies file "CMakeFiles/nav_msgs__rosidl_typesupport_c.dir/rosidl_typesupport_c/nav_msgs/srv/load_map__type_support.cpp.obj.d" is newer than depends file "/home/ice/microros_ws/firmware/mcu_ws/build/nav_msgs/CMakeFiles/nav_msgs__rosidl_typesupport_c.dir/compiler_depend.internal".
[3.364s] Dependencies file "CMakeFiles/nav_msgs__rosidl_typesupport_c.dir/rosidl_typesupport_c/nav_msgs/srv/set_map__type_support.cpp.obj.d" is newer than depends file "/home/ice/microros_ws/firmware/mcu_ws/build/nav_msgs/CMakeFiles/nav_msgs__rosidl_typesupport_c.dir/compiler_depend.internal".
[3.365s] [35m[1mConsolidate compiler generated dependencies of target nav_msgs__rosidl_typesupport_c[0m
[3.372s] gmake[6]: Leaving directory '/home/ice/microros_ws/firmware/mcu_ws/build/nav_msgs'
[3.372s] /usr/bin/gmake  -f CMakeFiles/nav_msgs__rosidl_typesupport_c.dir/build.make CMakeFiles/nav_msgs__rosidl_typesupport_c.dir/build
[3.378s] gmake[6]: Entering directory '/home/ice/microros_ws/firmware/mcu_ws/build/nav_msgs'
[3.378s] gmake[6]: Nothing to be done for 'CMakeFiles/nav_msgs__rosidl_typesupport_c.dir/build'.
[3.378s] gmake[6]: Leaving directory '/home/ice/microros_ws/firmware/mcu_ws/build/nav_msgs'
[3.396s] [ 75%] Built target nav_msgs__rosidl_typesupport_c
[3.398s] /usr/bin/gmake  -f CMakeFiles/nav_msgs__rosidl_typesupport_introspection_c.dir/build.make CMakeFiles/nav_msgs__rosidl_typesupport_introspection_c.dir/depend
[3.403s] gmake[6]: Entering directory '/home/ice/microros_ws/firmware/mcu_ws/build/nav_msgs'
[3.403s] cd /home/ice/microros_ws/firmware/mcu_ws/build/nav_msgs && /usr/bin/cmake -E cmake_depends "Unix Makefiles" /home/ice/microros_ws/firmware/mcu_ws/ros2/common_interfaces/nav_msgs /home/ice/microros_ws/firmware/mcu_ws/ros2/common_interfaces/nav_msgs /home/ice/microros_ws/firmware/mcu_ws/build/nav_msgs /home/ice/microros_ws/firmware/mcu_ws/build/nav_msgs /home/ice/microros_ws/firmware/mcu_ws/build/nav_msgs/CMakeFiles/nav_msgs__rosidl_typesupport_introspection_c.dir/DependInfo.cmake --color=
[3.420s] Dependencies file "CMakeFiles/nav_msgs__rosidl_typesupport_introspection_c.dir/rosidl_typesupport_introspection_c/nav_msgs/msg/detail/grid_cells__type_support.c.obj.d" is newer than depends file "/home/ice/microros_ws/firmware/mcu_ws/build/nav_msgs/CMakeFiles/nav_msgs__rosidl_typesupport_introspection_c.dir/compiler_depend.internal".
[3.422s] Dependencies file "CMakeFiles/nav_msgs__rosidl_typesupport_introspection_c.dir/rosidl_typesupport_introspection_c/nav_msgs/msg/detail/map_meta_data__type_support.c.obj.d" is newer than depends file "/home/ice/microros_ws/firmware/mcu_ws/build/nav_msgs/CMakeFiles/nav_msgs__rosidl_typesupport_introspection_c.dir/compiler_depend.internal".
[3.423s] Dependencies file "CMakeFiles/nav_msgs__rosidl_typesupport_introspection_c.dir/rosidl_typesupport_introspection_c/nav_msgs/msg/detail/occupancy_grid__type_support.c.obj.d" is newer than depends file "/home/ice/microros_ws/firmware/mcu_ws/build/nav_msgs/CMakeFiles/nav_msgs__rosidl_typesupport_introspection_c.dir/compiler_depend.internal".
[3.423s] Dependencies file "CMakeFiles/nav_msgs__rosidl_typesupport_introspection_c.dir/rosidl_typesupport_introspection_c/nav_msgs/msg/detail/odometry__type_support.c.obj.d" is newer than depends file "/home/ice/microros_ws/firmware/mcu_ws/build/nav_msgs/CMakeFiles/nav_msgs__rosidl_typesupport_introspection_c.dir/compiler_depend.internal".
[3.423s] Dependencies file "CMakeFiles/nav_msgs__rosidl_typesupport_introspection_c.dir/rosidl_typesupport_introspection_c/nav_msgs/msg/detail/path__type_support.c.obj.d" is newer than depends file "/home/ice/microros_ws/firmware/mcu_ws/build/nav_msgs/CMakeFiles/nav_msgs__rosidl_typesupport_introspection_c.dir/compiler_depend.internal".
[3.424s] Dependencies file "CMakeFiles/nav_msgs__rosidl_typesupport_introspection_c.dir/rosidl_typesupport_introspection_c/nav_msgs/srv/detail/get_map__type_support.c.obj.d" is newer than depends file "/home/ice/microros_ws/firmware/mcu_ws/build/nav_msgs/CMakeFiles/nav_msgs__rosidl_typesupport_introspection_c.dir/compiler_depend.internal".
[3.424s] Dependencies file "CMakeFiles/nav_msgs__rosidl_typesupport_introspection_c.dir/rosidl_typesupport_introspection_c/nav_msgs/srv/detail/get_plan__type_support.c.obj.d" is newer than depends file "/home/ice/microros_ws/firmware/mcu_ws/build/nav_msgs/CMakeFiles/nav_msgs__rosidl_typesupport_introspection_c.dir/compiler_depend.internal".
[3.424s] Dependencies file "CMakeFiles/nav_msgs__rosidl_typesupport_introspection_c.dir/rosidl_typesupport_introspection_c/nav_msgs/srv/detail/load_map__type_support.c.obj.d" is newer than depends file "/home/ice/microros_ws/firmware/mcu_ws/build/nav_msgs/CMakeFiles/nav_msgs__rosidl_typesupport_introspection_c.dir/compiler_depend.internal".
[3.425s] Dependencies file "CMakeFiles/nav_msgs__rosidl_typesupport_introspection_c.dir/rosidl_typesupport_introspection_c/nav_msgs/srv/detail/set_map__type_support.c.obj.d" is newer than depends file "/home/ice/microros_ws/firmware/mcu_ws/build/nav_msgs/CMakeFiles/nav_msgs__rosidl_typesupport_introspection_c.dir/compiler_depend.internal".
[3.425s] [35m[1mConsolidate compiler generated dependencies of target nav_msgs__rosidl_typesupport_introspection_c[0m
[3.432s] gmake[6]: Leaving directory '/home/ice/microros_ws/firmware/mcu_ws/build/nav_msgs'
[3.432s] /usr/bin/gmake  -f CMakeFiles/nav_msgs__rosidl_typesupport_introspection_c.dir/build.make CMakeFiles/nav_msgs__rosidl_typesupport_introspection_c.dir/build
[3.438s] gmake[6]: Entering directory '/home/ice/microros_ws/firmware/mcu_ws/build/nav_msgs'
[3.439s] gmake[6]: Nothing to be done for 'CMakeFiles/nav_msgs__rosidl_typesupport_introspection_c.dir/build'.
[3.439s] gmake[6]: Leaving directory '/home/ice/microros_ws/firmware/mcu_ws/build/nav_msgs'
[3.455s] [100%] Built target nav_msgs__rosidl_typesupport_introspection_c
[3.457s] /usr/bin/gmake  -f CMakeFiles/nav_msgs.dir/build.make CMakeFiles/nav_msgs.dir/depend
[3.461s] gmake[6]: Entering directory '/home/ice/microros_ws/firmware/mcu_ws/build/nav_msgs'
[3.462s] cd /home/ice/microros_ws/firmware/mcu_ws/build/nav_msgs && /usr/bin/cmake -E cmake_depends "Unix Makefiles" /home/ice/microros_ws/firmware/mcu_ws/ros2/common_interfaces/nav_msgs /home/ice/microros_ws/firmware/mcu_ws/ros2/common_interfaces/nav_msgs /home/ice/microros_ws/firmware/mcu_ws/build/nav_msgs /home/ice/microros_ws/firmware/mcu_ws/build/nav_msgs /home/ice/microros_ws/firmware/mcu_ws/build/nav_msgs/CMakeFiles/nav_msgs.dir/DependInfo.cmake --color=
[3.480s] gmake[6]: Leaving directory '/home/ice/microros_ws/firmware/mcu_ws/build/nav_msgs'
[3.481s] /usr/bin/gmake  -f CMakeFiles/nav_msgs.dir/build.make CMakeFiles/nav_msgs.dir/build
[3.486s] gmake[6]: Entering directory '/home/ice/microros_ws/firmware/mcu_ws/build/nav_msgs'
[3.486s] gmake[6]: Nothing to be done for 'CMakeFiles/nav_msgs.dir/build'.
[3.487s] gmake[6]: Leaving directory '/home/ice/microros_ws/firmware/mcu_ws/build/nav_msgs'
[3.507s] [100%] Built target nav_msgs
[3.510s] gmake[5]: Leaving directory '/home/ice/microros_ws/firmware/mcu_ws/build/nav_msgs'
[3.510s] /usr/bin/cmake -E cmake_progress_start /home/ice/microros_ws/firmware/mcu_ws/build/nav_msgs/CMakeFiles 0
[3.543s] gmake[4]: Leaving directory '/home/ice/microros_ws/firmware/mcu_ws/build/nav_msgs'
[3.545s] Invoked command in '/home/ice/microros_ws/firmware/mcu_ws/build/nav_msgs' returned '0': AMENT_PREFIX_PATH=/home/ice/microros_ws/firmware/mcu_ws/install:${AMENT_PREFIX_PATH} CMAKE_PREFIX_PATH=/home/ice/microros_ws/firmware/mcu_ws/install:/home/ice/microros_ws/firmware/dev_ws/install/ament_lint_common:/home/ice/microros_ws/firmware/dev_ws/install/ament_cmake_uncrustify:/home/ice/microros_ws/firmware/dev_ws/install/uncrustify_vendor:/home/ice/microros_ws/firmware/dev_ws/install/ament_cmake_ros:/home/ice/microros_ws/firmware/dev_ws/install/ament_cmake_auto:/home/ice/microros_ws/firmware/dev_ws/install/ament_cmake_gmock:/home/ice/microros_ws/firmware/dev_ws/install/gmock_vendor:/home/ice/microros_ws/firmware/dev_ws/install/ament_cmake_gtest:/home/ice/microros_ws/firmware/dev_ws/install/gtest_vendor:/home/ice/microros_ws/firmware/dev_ws/install/ament_cmake_xmllint:/home/ice/microros_ws/firmware/dev_ws/install/ament_cmake_pyflakes:/home/ice/microros_ws/firmware/dev_ws/install/ament_cmake_pycodestyle:/home/ice/microros_ws/firmware/dev_ws/install/ament_cmake_pep257:/home/ice/microros_ws/firmware/dev_ws/install/ament_cmake_pclint:/home/ice/microros_ws/firmware/dev_ws/install/ament_lint_auto:/home/ice/microros_ws/firmware/dev_ws/install/ament_cmake:/home/ice/microros_ws/firmware/dev_ws/install/ament_cmake_version:/home/ice/microros_ws/firmware/dev_ws/install/ament_cmake_vendor_package:/home/ice/microros_ws/firmware/dev_ws/install/ament_cmake_pytest:/home/ice/microros_ws/firmware/dev_ws/install/ament_cmake_nose:/home/ice/microros_ws/firmware/dev_ws/install/ament_cmake_mypy:/home/ice/microros_ws/firmware/dev_ws/install/ament_cmake_lint_cmake:/home/ice/microros_ws/firmware/dev_ws/install/ament_cmake_google_benchmark:/home/ice/microros_ws/firmware/dev_ws/install/ament_cmake_flake8:/home/ice/microros_ws/firmware/dev_ws/install/ament_cmake_cpplint:/home/ice/microros_ws/firmware/dev_ws/install/ament_cmake_cppcheck:/home/ice/microros_ws/firmware/dev_ws/install/ament_cmake_copyright:/home/ice/microros_ws/firmware/dev_ws/install/ament_cmake_clang_tidy:/home/ice/microros_ws/firmware/dev_ws/install/ament_cmake_clang_format:/home/ice/microros_ws/firmware/dev_ws/install/ament_cmake_test:/home/ice/microros_ws/firmware/dev_ws/install/ament_cmake_target_dependencies:/home/ice/microros_ws/firmware/dev_ws/install/ament_cmake_python:/home/ice/microros_ws/firmware/dev_ws/install/ament_cmake_export_dependencies:/home/ice/microros_ws/firmware/dev_ws/install/ament_cmake_libraries:/home/ice/microros_ws/firmware/dev_ws/install/ament_cmake_include_directories:/home/ice/microros_ws/firmware/dev_ws/install/ament_cmake_gen_version_h:/home/ice/microros_ws/firmware/dev_ws/install/ament_cmake_export_targets:/home/ice/microros_ws/firmware/dev_ws/install/ament_cmake_export_link_flags:/home/ice/microros_ws/firmware/dev_ws/install/ament_cmake_export_interfaces:/home/ice/microros_ws/firmware/dev_ws/install/ament_cmake_export_libraries:/home/ice/microros_ws/firmware/dev_ws/install/ament_cmake_export_include_directories:/home/ice/microros_ws/firmware/dev_ws/install/ament_cmake_export_definitions:/home/ice/microros_ws/firmware/dev_ws/install/ament_cmake_core:/home/ice/microros_ws/firmware/dev_ws/install/ament_index_cpp:/home/ice/microros_ws/firmware/dev_ws/install/ament_uncrustify:/home/ice/microros_ws/firmware/dev_ws/install/domain_coordinator:/home/ice/microros_ws/firmware/dev_ws/install/ament_xmllint:/home/ice/microros_ws/firmware/dev_ws/install/ament_pyflakes:/home/ice/microros_ws/firmware/dev_ws/install/ament_pycodestyle:/home/ice/microros_ws/firmware/dev_ws/install/ament_pep257:/home/ice/microros_ws/firmware/dev_ws/install/ament_pclint:/home/ice/microros_ws/firmware/dev_ws/install/ament_package:/home/ice/microros_ws/firmware/dev_ws/install/ament_mypy:/home/ice/microros_ws/firmware/dev_ws/install/ament_lint_cmake:/home/ice/microros_ws/firmware/dev_ws/install/ament_flake8:/home/ice/microros_ws/firmware/dev_ws/install/ament_copyright:/home/ice/microros_ws/firmware/dev_ws/install/ament_lint:/home/ice/microros_ws/firmware/dev_ws/install/ament_index_python:/home/ice/microros_ws/firmware/dev_ws/install/ament_cpplint:/home/ice/microros_ws/firmware/dev_ws/install/ament_cppcheck:/home/ice/microros_ws/firmware/dev_ws/install/ament_clang_tidy:/home/ice/microros_ws/firmware/dev_ws/install/ament_clang_format LD_LIBRARY_PATH=/home/ice/microros_ws/firmware/mcu_ws/install/lib:${LD_LIBRARY_PATH} PATH=/home/ice/microros_ws/firmware/mcu_ws/install/bin:${PATH} PYTHONPATH=/home/ice/microros_ws/firmware/mcu_ws/install/lib/python3.10/site-packages:${PYTHONPATH} /usr/bin/cmake --build /home/ice/microros_ws/firmware/mcu_ws/build/nav_msgs -- -j2 -l2
[4.078s] Invoking command in '/home/ice/microros_ws/firmware/mcu_ws/build/nav_msgs': AMENT_PREFIX_PATH=/home/ice/microros_ws/firmware/mcu_ws/install:${AMENT_PREFIX_PATH} CMAKE_PREFIX_PATH=/home/ice/microros_ws/firmware/mcu_ws/install:/home/ice/microros_ws/firmware/dev_ws/install/ament_lint_common:/home/ice/microros_ws/firmware/dev_ws/install/ament_cmake_uncrustify:/home/ice/microros_ws/firmware/dev_ws/install/uncrustify_vendor:/home/ice/microros_ws/firmware/dev_ws/install/ament_cmake_ros:/home/ice/microros_ws/firmware/dev_ws/install/ament_cmake_auto:/home/ice/microros_ws/firmware/dev_ws/install/ament_cmake_gmock:/home/ice/microros_ws/firmware/dev_ws/install/gmock_vendor:/home/ice/microros_ws/firmware/dev_ws/install/ament_cmake_gtest:/home/ice/microros_ws/firmware/dev_ws/install/gtest_vendor:/home/ice/microros_ws/firmware/dev_ws/install/ament_cmake_xmllint:/home/ice/microros_ws/firmware/dev_ws/install/ament_cmake_pyflakes:/home/ice/microros_ws/firmware/dev_ws/install/ament_cmake_pycodestyle:/home/ice/microros_ws/firmware/dev_ws/install/ament_cmake_pep257:/home/ice/microros_ws/firmware/dev_ws/install/ament_cmake_pclint:/home/ice/microros_ws/firmware/dev_ws/install/ament_lint_auto:/home/ice/microros_ws/firmware/dev_ws/install/ament_cmake:/home/ice/microros_ws/firmware/dev_ws/install/ament_cmake_version:/home/ice/microros_ws/firmware/dev_ws/install/ament_cmake_vendor_package:/home/ice/microros_ws/firmware/dev_ws/install/ament_cmake_pytest:/home/ice/microros_ws/firmware/dev_ws/install/ament_cmake_nose:/home/ice/microros_ws/firmware/dev_ws/install/ament_cmake_mypy:/home/ice/microros_ws/firmware/dev_ws/install/ament_cmake_lint_cmake:/home/ice/microros_ws/firmware/dev_ws/install/ament_cmake_google_benchmark:/home/ice/microros_ws/firmware/dev_ws/install/ament_cmake_flake8:/home/ice/microros_ws/firmware/dev_ws/install/ament_cmake_cpplint:/home/ice/microros_ws/firmware/dev_ws/install/ament_cmake_cppcheck:/home/ice/microros_ws/firmware/dev_ws/install/ament_cmake_copyright:/home/ice/microros_ws/firmware/dev_ws/install/ament_cmake_clang_tidy:/home/ice/microros_ws/firmware/dev_ws/install/ament_cmake_clang_format:/home/ice/microros_ws/firmware/dev_ws/install/ament_cmake_test:/home/ice/microros_ws/firmware/dev_ws/install/ament_cmake_target_dependencies:/home/ice/microros_ws/firmware/dev_ws/install/ament_cmake_python:/home/ice/microros_ws/firmware/dev_ws/install/ament_cmake_export_dependencies:/home/ice/microros_ws/firmware/dev_ws/install/ament_cmake_libraries:/home/ice/microros_ws/firmware/dev_ws/install/ament_cmake_include_directories:/home/ice/microros_ws/firmware/dev_ws/install/ament_cmake_gen_version_h:/home/ice/microros_ws/firmware/dev_ws/install/ament_cmake_export_targets:/home/ice/microros_ws/firmware/dev_ws/install/ament_cmake_export_link_flags:/home/ice/microros_ws/firmware/dev_ws/install/ament_cmake_export_interfaces:/home/ice/microros_ws/firmware/dev_ws/install/ament_cmake_export_libraries:/home/ice/microros_ws/firmware/dev_ws/install/ament_cmake_export_include_directories:/home/ice/microros_ws/firmware/dev_ws/install/ament_cmake_export_definitions:/home/ice/microros_ws/firmware/dev_ws/install/ament_cmake_core:/home/ice/microros_ws/firmware/dev_ws/install/ament_index_cpp:/home/ice/microros_ws/firmware/dev_ws/install/ament_uncrustify:/home/ice/microros_ws/firmware/dev_ws/install/domain_coordinator:/home/ice/microros_ws/firmware/dev_ws/install/ament_xmllint:/home/ice/microros_ws/firmware/dev_ws/install/ament_pyflakes:/home/ice/microros_ws/firmware/dev_ws/install/ament_pycodestyle:/home/ice/microros_ws/firmware/dev_ws/install/ament_pep257:/home/ice/microros_ws/firmware/dev_ws/install/ament_pclint:/home/ice/microros_ws/firmware/dev_ws/install/ament_package:/home/ice/microros_ws/firmware/dev_ws/install/ament_mypy:/home/ice/microros_ws/firmware/dev_ws/install/ament_lint_cmake:/home/ice/microros_ws/firmware/dev_ws/install/ament_flake8:/home/ice/microros_ws/firmware/dev_ws/install/ament_copyright:/home/ice/microros_ws/firmware/dev_ws/install/ament_lint:/home/ice/microros_ws/firmware/dev_ws/install/ament_index_python:/home/ice/microros_ws/firmware/dev_ws/install/ament_cpplint:/home/ice/microros_ws/firmware/dev_ws/install/ament_cppcheck:/home/ice/microros_ws/firmware/dev_ws/install/ament_clang_tidy:/home/ice/microros_ws/firmware/dev_ws/install/ament_clang_format LD_LIBRARY_PATH=/home/ice/microros_ws/firmware/mcu_ws/install/lib:${LD_LIBRARY_PATH} PATH=/home/ice/microros_ws/firmware/mcu_ws/install/bin:${PATH} PYTHONPATH=/home/ice/microros_ws/firmware/mcu_ws/install/lib/python3.10/site-packages:${PYTHONPATH} /usr/bin/cmake --install /home/ice/microros_ws/firmware/mcu_ws/build/nav_msgs
[4.100s] -- Install configuration: "Debug"
[4.101s] -- Up-to-date: /home/ice/microros_ws/firmware/mcu_ws/install/share/ament_index/resource_index/rosidl_interfaces/nav_msgs
[4.102s] -- Up-to-date: /home/ice/microros_ws/firmware/mcu_ws/install/include/nav_msgs/nav_msgs
[4.102s] -- Up-to-date: /home/ice/microros_ws/firmware/mcu_ws/install/include/nav_msgs/nav_msgs/srv
[4.103s] -- Up-to-date: /home/ice/microros_ws/firmware/mcu_ws/install/include/nav_msgs/nav_msgs/srv/detail
[4.103s] -- Up-to-date: /home/ice/microros_ws/firmware/mcu_ws/install/include/nav_msgs/nav_msgs/srv/detail/get_map__functions.c
[4.104s] -- Up-to-date: /home/ice/microros_ws/firmware/mcu_ws/install/include/nav_msgs/nav_msgs/srv/detail/load_map__functions.c
[4.104s] -- Up-to-date: /home/ice/microros_ws/firmware/mcu_ws/install/include/nav_msgs/nav_msgs/srv/detail/load_map__type_support.h
[4.104s] -- Up-to-date: /home/ice/microros_ws/firmware/mcu_ws/install/include/nav_msgs/nav_msgs/srv/detail/get_plan__functions.h
[4.104s] -- Up-to-date: /home/ice/microros_ws/firmware/mcu_ws/install/include/nav_msgs/nav_msgs/srv/detail/set_map__functions.h
[4.104s] -- Up-to-date: /home/ice/microros_ws/firmware/mcu_ws/install/include/nav_msgs/nav_msgs/srv/detail/set_map__functions.c
[4.105s] -- Up-to-date: /home/ice/microros_ws/firmware/mcu_ws/install/include/nav_msgs/nav_msgs/srv/detail/set_map__type_support.h
[4.105s] -- Up-to-date: /home/ice/microros_ws/firmware/mcu_ws/install/include/nav_msgs/nav_msgs/srv/detail/get_map__type_support.h
[4.105s] -- Up-to-date: /home/ice/microros_ws/firmware/mcu_ws/install/include/nav_msgs/nav_msgs/srv/detail/get_map__struct.h
[4.105s] -- Up-to-date: /home/ice/microros_ws/firmware/mcu_ws/install/include/nav_msgs/nav_msgs/srv/detail/load_map__struct.h
[4.106s] -- Up-to-date: /home/ice/microros_ws/firmware/mcu_ws/install/include/nav_msgs/nav_msgs/srv/detail/set_map__struct.h
[4.106s] -- Up-to-date: /home/ice/microros_ws/firmware/mcu_ws/install/include/nav_msgs/nav_msgs/srv/detail/load_map__functions.h
[4.106s] -- Up-to-date: /home/ice/microros_ws/firmware/mcu_ws/install/include/nav_msgs/nav_msgs/srv/detail/get_plan__functions.c
[4.107s] -- Up-to-date: /home/ice/microros_ws/firmware/mcu_ws/install/include/nav_msgs/nav_msgs/srv/detail/get_plan__struct.h
[4.107s] -- Up-to-date: /home/ice/microros_ws/firmware/mcu_ws/install/include/nav_msgs/nav_msgs/srv/detail/get_plan__type_support.h
[4.107s] -- Up-to-date: /home/ice/microros_ws/firmware/mcu_ws/install/include/nav_msgs/nav_msgs/srv/detail/get_map__functions.h
[4.108s] -- Up-to-date: /home/ice/microros_ws/firmware/mcu_ws/install/include/nav_msgs/nav_msgs/srv/get_map.h
[4.108s] -- Up-to-date: /home/ice/microros_ws/firmware/mcu_ws/install/include/nav_msgs/nav_msgs/srv/load_map.h
[4.108s] -- Up-to-date: /home/ice/microros_ws/firmware/mcu_ws/install/include/nav_msgs/nav_msgs/srv/set_map.h
[4.109s] -- Up-to-date: /home/ice/microros_ws/firmware/mcu_ws/install/include/nav_msgs/nav_msgs/srv/get_plan.h
[4.109s] -- Up-to-date: /home/ice/microros_ws/firmware/mcu_ws/install/include/nav_msgs/nav_msgs/msg
[4.109s] -- Up-to-date: /home/ice/microros_ws/firmware/mcu_ws/install/include/nav_msgs/nav_msgs/msg/grid_cells.h
[4.110s] -- Up-to-date: /home/ice/microros_ws/firmware/mcu_ws/install/include/nav_msgs/nav_msgs/msg/odometry.h
[4.110s] -- Up-to-date: /home/ice/microros_ws/firmware/mcu_ws/install/include/nav_msgs/nav_msgs/msg/detail
[4.110s] -- Up-to-date: /home/ice/microros_ws/firmware/mcu_ws/install/include/nav_msgs/nav_msgs/msg/detail/odometry__type_support.h
[4.111s] -- Up-to-date: /home/ice/microros_ws/firmware/mcu_ws/install/include/nav_msgs/nav_msgs/msg/detail/path__struct.h
[4.111s] -- Up-to-date: /home/ice/microros_ws/firmware/mcu_ws/install/include/nav_msgs/nav_msgs/msg/detail/map_meta_data__functions.c
[4.111s] -- Up-to-date: /home/ice/microros_ws/firmware/mcu_ws/install/include/nav_msgs/nav_msgs/msg/detail/occupancy_grid__functions.h
[4.112s] -- Up-to-date: /home/ice/microros_ws/firmware/mcu_ws/install/include/nav_msgs/nav_msgs/msg/detail/grid_cells__functions.h
[4.112s] -- Up-to-date: /home/ice/microros_ws/firmware/mcu_ws/install/include/nav_msgs/nav_msgs/msg/detail/map_meta_data__functions.h
[4.112s] -- Up-to-date: /home/ice/microros_ws/firmware/mcu_ws/install/include/nav_msgs/nav_msgs/msg/detail/map_meta_data__type_support.h
[4.112s] -- Up-to-date: /home/ice/microros_ws/firmware/mcu_ws/install/include/nav_msgs/nav_msgs/msg/detail/occupancy_grid__struct.h
[4.112s] -- Up-to-date: /home/ice/microros_ws/firmware/mcu_ws/install/include/nav_msgs/nav_msgs/msg/detail/odometry__functions.h
[4.113s] -- Up-to-date: /home/ice/microros_ws/firmware/mcu_ws/install/include/nav_msgs/nav_msgs/msg/detail/grid_cells__functions.c
[4.113s] -- Up-to-date: /home/ice/microros_ws/firmware/mcu_ws/install/include/nav_msgs/nav_msgs/msg/detail/path__functions.c
[4.113s] -- Up-to-date: /home/ice/microros_ws/firmware/mcu_ws/install/include/nav_msgs/nav_msgs/msg/detail/occupancy_grid__functions.c
[4.113s] -- Up-to-date: /home/ice/microros_ws/firmware/mcu_ws/install/include/nav_msgs/nav_msgs/msg/detail/occupancy_grid__type_support.h
[4.113s] -- Up-to-date: /home/ice/microros_ws/firmware/mcu_ws/install/include/nav_msgs/nav_msgs/msg/detail/grid_cells__struct.h
[4.114s] -- Up-to-date: /home/ice/microros_ws/firmware/mcu_ws/install/include/nav_msgs/nav_msgs/msg/detail/odometry__struct.h
[4.114s] -- Up-to-date: /home/ice/microros_ws/firmware/mcu_ws/install/include/nav_msgs/nav_msgs/msg/detail/grid_cells__type_support.h
[4.114s] -- Up-to-date: /home/ice/microros_ws/firmware/mcu_ws/install/include/nav_msgs/nav_msgs/msg/detail/map_meta_data__struct.h
[4.115s] -- Up-to-date: /home/ice/microros_ws/firmware/mcu_ws/install/include/nav_msgs/nav_msgs/msg/detail/path__functions.h
[4.115s] -- Up-to-date: /home/ice/microros_ws/firmware/mcu_ws/install/include/nav_msgs/nav_msgs/msg/detail/path__type_support.h
[4.116s] -- Up-to-date: /home/ice/microros_ws/firmware/mcu_ws/install/include/nav_msgs/nav_msgs/msg/detail/odometry__functions.c
[4.116s] -- Up-to-date: /home/ice/microros_ws/firmware/mcu_ws/install/include/nav_msgs/nav_msgs/msg/occupancy_grid.h
[4.117s] -- Up-to-date: /home/ice/microros_ws/firmware/mcu_ws/install/include/nav_msgs/nav_msgs/msg/path.h
[4.117s] -- Up-to-date: /home/ice/microros_ws/firmware/mcu_ws/install/include/nav_msgs/nav_msgs/msg/rosidl_generator_c__visibility_control.h
[4.118s] -- Up-to-date: /home/ice/microros_ws/firmware/mcu_ws/install/include/nav_msgs/nav_msgs/msg/map_meta_data.h
[4.118s] -- Up-to-date: /home/ice/microros_ws/firmware/mcu_ws/install/share/nav_msgs/environment/library_path.sh
[4.119s] -- Installing: /home/ice/microros_ws/firmware/mcu_ws/install/share/nav_msgs/environment/library_path.dsv
[4.120s] -- Up-to-date: /home/ice/microros_ws/firmware/mcu_ws/install/lib/libnav_msgs__rosidl_generator_c.a
[4.120s] -- Up-to-date: /home/ice/microros_ws/firmware/mcu_ws/install/include/nav_msgs/nav_msgs
[4.120s] -- Up-to-date: /home/ice/microros_ws/firmware/mcu_ws/install/include/nav_msgs/nav_msgs/srv
[4.120s] -- Up-to-date: /home/ice/microros_ws/firmware/mcu_ws/install/include/nav_msgs/nav_msgs/srv/detail
[4.120s] -- Up-to-date: /home/ice/microros_ws/firmware/mcu_ws/install/include/nav_msgs/nav_msgs/srv/detail/set_map__type_support.c
[4.121s] -- Up-to-date: /home/ice/microros_ws/firmware/mcu_ws/install/include/nav_msgs/nav_msgs/srv/detail/get_map__rosidl_typesupport_introspection_c.h
[4.121s] -- Up-to-date: /home/ice/microros_ws/firmware/mcu_ws/install/include/nav_msgs/nav_msgs/srv/detail/get_plan__type_support.c
[4.122s] -- Up-to-date: /home/ice/microros_ws/firmware/mcu_ws/install/include/nav_msgs/nav_msgs/srv/detail/get_map__type_support.c
[4.122s] -- Up-to-date: /home/ice/microros_ws/firmware/mcu_ws/install/include/nav_msgs/nav_msgs/srv/detail/set_map__rosidl_typesupport_introspection_c.h
[4.122s] -- Up-to-date: /home/ice/microros_ws/firmware/mcu_ws/install/include/nav_msgs/nav_msgs/srv/detail/load_map__rosidl_typesupport_introspection_c.h
[4.122s] -- Up-to-date: /home/ice/microros_ws/firmware/mcu_ws/install/include/nav_msgs/nav_msgs/srv/detail/get_plan__rosidl_typesupport_introspection_c.h
[4.122s] -- Up-to-date: /home/ice/microros_ws/firmware/mcu_ws/install/include/nav_msgs/nav_msgs/srv/detail/load_map__type_support.c
[4.122s] -- Up-to-date: /home/ice/microros_ws/firmware/mcu_ws/install/include/nav_msgs/nav_msgs/msg
[4.122s] -- Up-to-date: /home/ice/microros_ws/firmware/mcu_ws/install/include/nav_msgs/nav_msgs/msg/detail
[4.122s] -- Up-to-date: /home/ice/microros_ws/firmware/mcu_ws/install/include/nav_msgs/nav_msgs/msg/detail/path__type_support.c
[4.122s] -- Up-to-date: /home/ice/microros_ws/firmware/mcu_ws/install/include/nav_msgs/nav_msgs/msg/detail/map_meta_data__rosidl_typesupport_introspection_c.h
[4.122s] -- Up-to-date: /home/ice/microros_ws/firmware/mcu_ws/install/include/nav_msgs/nav_msgs/msg/detail/odometry__rosidl_typesupport_introspection_c.h
[4.122s] -- Up-to-date: /home/ice/microros_ws/firmware/mcu_ws/install/include/nav_msgs/nav_msgs/msg/detail/map_meta_data__type_support.c
[4.122s] -- Up-to-date: /home/ice/microros_ws/firmware/mcu_ws/install/include/nav_msgs/nav_msgs/msg/detail/odometry__type_support.c
[4.124s] -- Up-to-date: /home/ice/microros_ws/firmware/mcu_ws/install/include/nav_msgs/nav_msgs/msg/detail/grid_cells__type_support.c
[4.124s] -- Up-to-date: /home/ice/microros_ws/firmware/mcu_ws/install/include/nav_msgs/nav_msgs/msg/detail/path__rosidl_typesupport_introspection_c.h
[4.124s] -- Up-to-date: /home/ice/microros_ws/firmware/mcu_ws/install/include/nav_msgs/nav_msgs/msg/detail/occupancy_grid__type_support.c
[4.128s] -- Up-to-date: /home/ice/microros_ws/firmware/mcu_ws/install/include/nav_msgs/nav_msgs/msg/detail/grid_cells__rosidl_typesupport_introspection_c.h
[4.128s] -- Up-to-date: /home/ice/microros_ws/firmware/mcu_ws/install/include/nav_msgs/nav_msgs/msg/detail/occupancy_grid__rosidl_typesupport_introspection_c.h
[4.128s] -- Up-to-date: /home/ice/microros_ws/firmware/mcu_ws/install/include/nav_msgs/nav_msgs/msg/rosidl_typesupport_introspection_c__visibility_control.h
[4.128s] -- Up-to-date: /home/ice/microros_ws/firmware/mcu_ws/install/lib/libnav_msgs__rosidl_typesupport_introspection_c.a
[4.128s] -- Up-to-date: /home/ice/microros_ws/firmware/mcu_ws/install/include/nav_msgs
[4.128s] -- Up-to-date: /home/ice/microros_ws/firmware/mcu_ws/install/include/nav_msgs/srv
[4.128s] -- Up-to-date: /home/ice/microros_ws/firmware/mcu_ws/install/include/nav_msgs/srv/detail
[4.129s] -- Up-to-date: /home/ice/microros_ws/firmware/mcu_ws/install/include/nav_msgs/srv/detail/get_plan__rosidl_typesupport_microxrcedds_c.h
[4.129s] -- Up-to-date: /home/ice/microros_ws/firmware/mcu_ws/install/include/nav_msgs/srv/detail/set_map__rosidl_typesupport_microxrcedds_c.h
[4.129s] -- Up-to-date: /home/ice/microros_ws/firmware/mcu_ws/install/include/nav_msgs/srv/detail/load_map__rosidl_typesupport_microxrcedds_c.h
[4.129s] -- Up-to-date: /home/ice/microros_ws/firmware/mcu_ws/install/include/nav_msgs/srv/detail/get_map__rosidl_typesupport_microxrcedds_c.h
[4.129s] -- Up-to-date: /home/ice/microros_ws/firmware/mcu_ws/install/include/nav_msgs/srv/detail/microxrcedds
[4.129s] -- Up-to-date: /home/ice/microros_ws/firmware/mcu_ws/install/include/nav_msgs/msg
[4.129s] -- Up-to-date: /home/ice/microros_ws/firmware/mcu_ws/install/include/nav_msgs/msg/detail
[4.129s] -- Up-to-date: /home/ice/microros_ws/firmware/mcu_ws/install/include/nav_msgs/msg/detail/map_meta_data__rosidl_typesupport_microxrcedds_c.h
[4.129s] -- Up-to-date: /home/ice/microros_ws/firmware/mcu_ws/install/include/nav_msgs/msg/detail/grid_cells__rosidl_typesupport_microxrcedds_c.h
[4.130s] -- Up-to-date: /home/ice/microros_ws/firmware/mcu_ws/install/include/nav_msgs/msg/detail/occupancy_grid__rosidl_typesupport_microxrcedds_c.h
[4.130s] -- Up-to-date: /home/ice/microros_ws/firmware/mcu_ws/install/include/nav_msgs/msg/detail/path__rosidl_typesupport_microxrcedds_c.h
[4.130s] -- Up-to-date: /home/ice/microros_ws/firmware/mcu_ws/install/include/nav_msgs/msg/detail/microxrcedds
[4.130s] -- Up-to-date: /home/ice/microros_ws/firmware/mcu_ws/install/include/nav_msgs/msg/detail/odometry__rosidl_typesupport_microxrcedds_c.h
[4.130s] -- Up-to-date: /home/ice/microros_ws/firmware/mcu_ws/install/include/nav_msgs/msg/rosidl_typesupport_microxrcedds_c__visibility_control.h
[4.130s] -- Up-to-date: /home/ice/microros_ws/firmware/mcu_ws/install/lib/libnav_msgs__rosidl_typesupport_microxrcedds_c.a
[4.130s] -- Up-to-date: /home/ice/microros_ws/firmware/mcu_ws/install/lib/libnav_msgs__rosidl_typesupport_c.a
[4.130s] -- Up-to-date: /home/ice/microros_ws/firmware/mcu_ws/install/share/nav_msgs/msg/GridCells.idl
[4.135s] -- Up-to-date: /home/ice/microros_ws/firmware/mcu_ws/install/share/nav_msgs/msg/MapMetaData.idl
[4.135s] -- Up-to-date: /home/ice/microros_ws/firmware/mcu_ws/install/share/nav_msgs/msg/OccupancyGrid.idl
[4.135s] -- Up-to-date: /home/ice/microros_ws/firmware/mcu_ws/install/share/nav_msgs/msg/Odometry.idl
[4.135s] -- Up-to-date: /home/ice/microros_ws/firmware/mcu_ws/install/share/nav_msgs/msg/Path.idl
[4.135s] -- Up-to-date: /home/ice/microros_ws/firmware/mcu_ws/install/share/nav_msgs/srv/GetMap.idl
[4.135s] -- Up-to-date: /home/ice/microros_ws/firmware/mcu_ws/install/share/nav_msgs/srv/GetPlan.idl
[4.135s] -- Up-to-date: /home/ice/microros_ws/firmware/mcu_ws/install/share/nav_msgs/srv/LoadMap.idl
[4.135s] -- Up-to-date: /home/ice/microros_ws/firmware/mcu_ws/install/share/nav_msgs/srv/SetMap.idl
[4.135s] -- Up-to-date: /home/ice/microros_ws/firmware/mcu_ws/install/share/nav_msgs/msg/GridCells.msg
[4.135s] -- Up-to-date: /home/ice/microros_ws/firmware/mcu_ws/install/share/nav_msgs/msg/MapMetaData.msg
[4.135s] -- Up-to-date: /home/ice/microros_ws/firmware/mcu_ws/install/share/nav_msgs/msg/OccupancyGrid.msg
[4.135s] -- Up-to-date: /home/ice/microros_ws/firmware/mcu_ws/install/share/nav_msgs/msg/Odometry.msg
[4.135s] -- Up-to-date: /home/ice/microros_ws/firmware/mcu_ws/install/share/nav_msgs/msg/Path.msg
[4.136s] -- Up-to-date: /home/ice/microros_ws/firmware/mcu_ws/install/share/nav_msgs/srv/GetMap.srv
[4.136s] -- Up-to-date: /home/ice/microros_ws/firmware/mcu_ws/install/share/nav_msgs/srv/GetMap_Request.msg
[4.136s] -- Up-to-date: /home/ice/microros_ws/firmware/mcu_ws/install/share/nav_msgs/srv/GetMap_Response.msg
[4.136s] -- Up-to-date: /home/ice/microros_ws/firmware/mcu_ws/install/share/nav_msgs/srv/GetPlan.srv
[4.136s] -- Up-to-date: /home/ice/microros_ws/firmware/mcu_ws/install/share/nav_msgs/srv/GetPlan_Request.msg
[4.136s] -- Up-to-date: /home/ice/microros_ws/firmware/mcu_ws/install/share/nav_msgs/srv/GetPlan_Response.msg
[4.136s] -- Up-to-date: /home/ice/microros_ws/firmware/mcu_ws/install/share/nav_msgs/srv/LoadMap.srv
[4.136s] -- Up-to-date: /home/ice/microros_ws/firmware/mcu_ws/install/share/nav_msgs/srv/LoadMap_Request.msg
[4.136s] -- Up-to-date: /home/ice/microros_ws/firmware/mcu_ws/install/share/nav_msgs/srv/LoadMap_Response.msg
[4.137s] -- Up-to-date: /home/ice/microros_ws/firmware/mcu_ws/install/share/nav_msgs/srv/SetMap.srv
[4.137s] -- Up-to-date: /home/ice/microros_ws/firmware/mcu_ws/install/share/nav_msgs/srv/SetMap_Request.msg
[4.137s] -- Up-to-date: /home/ice/microros_ws/firmware/mcu_ws/install/share/nav_msgs/srv/SetMap_Response.msg
[4.137s] -- Up-to-date: /home/ice/microros_ws/firmware/mcu_ws/install/share/ament_index/resource_index/package_run_dependencies/nav_msgs
[4.137s] -- Up-to-date: /home/ice/microros_ws/firmware/mcu_ws/install/share/ament_index/resource_index/parent_prefix_path/nav_msgs
[4.137s] -- Up-to-date: /home/ice/microros_ws/firmware/mcu_ws/install/share/nav_msgs/environment/ament_prefix_path.sh
[4.137s] -- Installing: /home/ice/microros_ws/firmware/mcu_ws/install/share/nav_msgs/environment/ament_prefix_path.dsv
[4.137s] -- Up-to-date: /home/ice/microros_ws/firmware/mcu_ws/install/share/nav_msgs/environment/path.sh
[4.137s] -- Installing: /home/ice/microros_ws/firmware/mcu_ws/install/share/nav_msgs/environment/path.dsv
[4.137s] -- Up-to-date: /home/ice/microros_ws/firmware/mcu_ws/install/share/nav_msgs/local_setup.bash
[4.137s] -- Up-to-date: /home/ice/microros_ws/firmware/mcu_ws/install/share/nav_msgs/local_setup.sh
[4.145s] -- Up-to-date: /home/ice/microros_ws/firmware/mcu_ws/install/share/nav_msgs/local_setup.zsh
[4.160s] -- Installing: /home/ice/microros_ws/firmware/mcu_ws/install/share/nav_msgs/local_setup.dsv
[4.160s] -- Installing: /home/ice/microros_ws/firmware/mcu_ws/install/share/nav_msgs/package.dsv
[4.160s] -- Up-to-date: /home/ice/microros_ws/firmware/mcu_ws/install/share/ament_index/resource_index/packages/nav_msgs
[4.160s] -- Up-to-date: /home/ice/microros_ws/firmware/mcu_ws/install/share/nav_msgs/cmake/export_nav_msgs__rosidl_generator_cExport.cmake
[4.160s] -- Up-to-date: /home/ice/microros_ws/firmware/mcu_ws/install/share/nav_msgs/cmake/export_nav_msgs__rosidl_generator_cExport-debug.cmake
[4.160s] -- Up-to-date: /home/ice/microros_ws/firmware/mcu_ws/install/share/nav_msgs/cmake/nav_msgs__rosidl_typesupport_introspection_cExport.cmake
[4.161s] -- Up-to-date: /home/ice/microros_ws/firmware/mcu_ws/install/share/nav_msgs/cmake/nav_msgs__rosidl_typesupport_introspection_cExport-debug.cmake
[4.161s] -- Up-to-date: /home/ice/microros_ws/firmware/mcu_ws/install/share/nav_msgs/cmake/nav_msgs__rosidl_typesupport_cExport.cmake
[4.161s] -- Up-to-date: /home/ice/microros_ws/firmware/mcu_ws/install/share/nav_msgs/cmake/nav_msgs__rosidl_typesupport_cExport-debug.cmake
[4.161s] -- Up-to-date: /home/ice/microros_ws/firmware/mcu_ws/install/share/nav_msgs/cmake/rosidl_cmake-extras.cmake
[4.161s] -- Up-to-date: /home/ice/microros_ws/firmware/mcu_ws/install/share/nav_msgs/cmake/ament_cmake_export_dependencies-extras.cmake
[4.162s] -- Up-to-date: /home/ice/microros_ws/firmware/mcu_ws/install/share/nav_msgs/cmake/ament_cmake_export_include_directories-extras.cmake
[4.162s] -- Up-to-date: /home/ice/microros_ws/firmware/mcu_ws/install/share/nav_msgs/cmake/ament_cmake_export_libraries-extras.cmake
[4.162s] -- Up-to-date: /home/ice/microros_ws/firmware/mcu_ws/install/share/nav_msgs/cmake/ament_cmake_export_targets-extras.cmake
[4.162s] -- Up-to-date: /home/ice/microros_ws/firmware/mcu_ws/install/share/nav_msgs/cmake/rosidl_cmake_export_typesupport_targets-extras.cmake
[4.162s] -- Up-to-date: /home/ice/microros_ws/firmware/mcu_ws/install/share/nav_msgs/cmake/rosidl_cmake_export_typesupport_libraries-extras.cmake
[4.162s] -- Up-to-date: /home/ice/microros_ws/firmware/mcu_ws/install/share/nav_msgs/cmake/nav_msgsConfig.cmake
[4.162s] -- Up-to-date: /home/ice/microros_ws/firmware/mcu_ws/install/share/nav_msgs/cmake/nav_msgsConfig-version.cmake
[4.162s] -- Up-to-date: /home/ice/microros_ws/firmware/mcu_ws/install/share/nav_msgs/package.xml
[4.162s] Invoked command in '/home/ice/microros_ws/firmware/mcu_ws/build/nav_msgs' returned '0': AMENT_PREFIX_PATH=/home/ice/microros_ws/firmware/mcu_ws/install:${AMENT_PREFIX_PATH} CMAKE_PREFIX_PATH=/home/ice/microros_ws/firmware/mcu_ws/install:/home/ice/microros_ws/firmware/dev_ws/install/ament_lint_common:/home/ice/microros_ws/firmware/dev_ws/install/ament_cmake_uncrustify:/home/ice/microros_ws/firmware/dev_ws/install/uncrustify_vendor:/home/ice/microros_ws/firmware/dev_ws/install/ament_cmake_ros:/home/ice/microros_ws/firmware/dev_ws/install/ament_cmake_auto:/home/ice/microros_ws/firmware/dev_ws/install/ament_cmake_gmock:/home/ice/microros_ws/firmware/dev_ws/install/gmock_vendor:/home/ice/microros_ws/firmware/dev_ws/install/ament_cmake_gtest:/home/ice/microros_ws/firmware/dev_ws/install/gtest_vendor:/home/ice/microros_ws/firmware/dev_ws/install/ament_cmake_xmllint:/home/ice/microros_ws/firmware/dev_ws/install/ament_cmake_pyflakes:/home/ice/microros_ws/firmware/dev_ws/install/ament_cmake_pycodestyle:/home/ice/microros_ws/firmware/dev_ws/install/ament_cmake_pep257:/home/ice/microros_ws/firmware/dev_ws/install/ament_cmake_pclint:/home/ice/microros_ws/firmware/dev_ws/install/ament_lint_auto:/home/ice/microros_ws/firmware/dev_ws/install/ament_cmake:/home/ice/microros_ws/firmware/dev_ws/install/ament_cmake_version:/home/ice/microros_ws/firmware/dev_ws/install/ament_cmake_vendor_package:/home/ice/microros_ws/firmware/dev_ws/install/ament_cmake_pytest:/home/ice/microros_ws/firmware/dev_ws/install/ament_cmake_nose:/home/ice/microros_ws/firmware/dev_ws/install/ament_cmake_mypy:/home/ice/microros_ws/firmware/dev_ws/install/ament_cmake_lint_cmake:/home/ice/microros_ws/firmware/dev_ws/install/ament_cmake_google_benchmark:/home/ice/microros_ws/firmware/dev_ws/install/ament_cmake_flake8:/home/ice/microros_ws/firmware/dev_ws/install/ament_cmake_cpplint:/home/ice/microros_ws/firmware/dev_ws/install/ament_cmake_cppcheck:/home/ice/microros_ws/firmware/dev_ws/install/ament_cmake_copyright:/home/ice/microros_ws/firmware/dev_ws/install/ament_cmake_clang_tidy:/home/ice/microros_ws/firmware/dev_ws/install/ament_cmake_clang_format:/home/ice/microros_ws/firmware/dev_ws/install/ament_cmake_test:/home/ice/microros_ws/firmware/dev_ws/install/ament_cmake_target_dependencies:/home/ice/microros_ws/firmware/dev_ws/install/ament_cmake_python:/home/ice/microros_ws/firmware/dev_ws/install/ament_cmake_export_dependencies:/home/ice/microros_ws/firmware/dev_ws/install/ament_cmake_libraries:/home/ice/microros_ws/firmware/dev_ws/install/ament_cmake_include_directories:/home/ice/microros_ws/firmware/dev_ws/install/ament_cmake_gen_version_h:/home/ice/microros_ws/firmware/dev_ws/install/ament_cmake_export_targets:/home/ice/microros_ws/firmware/dev_ws/install/ament_cmake_export_link_flags:/home/ice/microros_ws/firmware/dev_ws/install/ament_cmake_export_interfaces:/home/ice/microros_ws/firmware/dev_ws/install/ament_cmake_export_libraries:/home/ice/microros_ws/firmware/dev_ws/install/ament_cmake_export_include_directories:/home/ice/microros_ws/firmware/dev_ws/install/ament_cmake_export_definitions:/home/ice/microros_ws/firmware/dev_ws/install/ament_cmake_core:/home/ice/microros_ws/firmware/dev_ws/install/ament_index_cpp:/home/ice/microros_ws/firmware/dev_ws/install/ament_uncrustify:/home/ice/microros_ws/firmware/dev_ws/install/domain_coordinator:/home/ice/microros_ws/firmware/dev_ws/install/ament_xmllint:/home/ice/microros_ws/firmware/dev_ws/install/ament_pyflakes:/home/ice/microros_ws/firmware/dev_ws/install/ament_pycodestyle:/home/ice/microros_ws/firmware/dev_ws/install/ament_pep257:/home/ice/microros_ws/firmware/dev_ws/install/ament_pclint:/home/ice/microros_ws/firmware/dev_ws/install/ament_package:/home/ice/microros_ws/firmware/dev_ws/install/ament_mypy:/home/ice/microros_ws/firmware/dev_ws/install/ament_lint_cmake:/home/ice/microros_ws/firmware/dev_ws/install/ament_flake8:/home/ice/microros_ws/firmware/dev_ws/install/ament_copyright:/home/ice/microros_ws/firmware/dev_ws/install/ament_lint:/home/ice/microros_ws/firmware/dev_ws/install/ament_index_python:/home/ice/microros_ws/firmware/dev_ws/install/ament_cpplint:/home/ice/microros_ws/firmware/dev_ws/install/ament_cppcheck:/home/ice/microros_ws/firmware/dev_ws/install/ament_clang_tidy:/home/ice/microros_ws/firmware/dev_ws/install/ament_clang_format LD_LIBRARY_PATH=/home/ice/microros_ws/firmware/mcu_ws/install/lib:${LD_LIBRARY_PATH} PATH=/home/ice/microros_ws/firmware/mcu_ws/install/bin:${PATH} PYTHONPATH=/home/ice/microros_ws/firmware/mcu_ws/install/lib/python3.10/site-packages:${PYTHONPATH} /usr/bin/cmake --install /home/ice/microros_ws/firmware/mcu_ws/build/nav_msgs
