[0.463s] Invoking command in '/home/ice/microros_ws/firmware/mcu_ws/build/rclc': AMENT_PREFIX_PATH=/home/ice/microros_ws/firmware/mcu_ws/install:${AMENT_PREFIX_PATH} CMAKE_PREFIX_PATH=/home/ice/microros_ws/firmware/mcu_ws/install:/home/ice/microros_ws/firmware/dev_ws/install/ament_lint_common:/home/ice/microros_ws/firmware/dev_ws/install/ament_cmake_uncrustify:/home/ice/microros_ws/firmware/dev_ws/install/uncrustify_vendor:/home/ice/microros_ws/firmware/dev_ws/install/ament_cmake_ros:/home/ice/microros_ws/firmware/dev_ws/install/ament_cmake_auto:/home/ice/microros_ws/firmware/dev_ws/install/ament_cmake_gmock:/home/ice/microros_ws/firmware/dev_ws/install/gmock_vendor:/home/ice/microros_ws/firmware/dev_ws/install/ament_cmake_gtest:/home/ice/microros_ws/firmware/dev_ws/install/gtest_vendor:/home/ice/microros_ws/firmware/dev_ws/install/ament_cmake_xmllint:/home/ice/microros_ws/firmware/dev_ws/install/ament_cmake_pyflakes:/home/ice/microros_ws/firmware/dev_ws/install/ament_cmake_pycodestyle:/home/ice/microros_ws/firmware/dev_ws/install/ament_cmake_pep257:/home/ice/microros_ws/firmware/dev_ws/install/ament_cmake_pclint:/home/ice/microros_ws/firmware/dev_ws/install/ament_lint_auto:/home/ice/microros_ws/firmware/dev_ws/install/ament_cmake:/home/ice/microros_ws/firmware/dev_ws/install/ament_cmake_version:/home/ice/microros_ws/firmware/dev_ws/install/ament_cmake_vendor_package:/home/ice/microros_ws/firmware/dev_ws/install/ament_cmake_pytest:/home/ice/microros_ws/firmware/dev_ws/install/ament_cmake_nose:/home/ice/microros_ws/firmware/dev_ws/install/ament_cmake_mypy:/home/ice/microros_ws/firmware/dev_ws/install/ament_cmake_lint_cmake:/home/ice/microros_ws/firmware/dev_ws/install/ament_cmake_google_benchmark:/home/ice/microros_ws/firmware/dev_ws/install/ament_cmake_flake8:/home/ice/microros_ws/firmware/dev_ws/install/ament_cmake_cpplint:/home/ice/microros_ws/firmware/dev_ws/install/ament_cmake_cppcheck:/home/ice/microros_ws/firmware/dev_ws/install/ament_cmake_copyright:/home/ice/microros_ws/firmware/dev_ws/install/ament_cmake_clang_tidy:/home/ice/microros_ws/firmware/dev_ws/install/ament_cmake_clang_format:/home/ice/microros_ws/firmware/dev_ws/install/ament_cmake_test:/home/ice/microros_ws/firmware/dev_ws/install/ament_cmake_target_dependencies:/home/ice/microros_ws/firmware/dev_ws/install/ament_cmake_python:/home/ice/microros_ws/firmware/dev_ws/install/ament_cmake_export_dependencies:/home/ice/microros_ws/firmware/dev_ws/install/ament_cmake_libraries:/home/ice/microros_ws/firmware/dev_ws/install/ament_cmake_include_directories:/home/ice/microros_ws/firmware/dev_ws/install/ament_cmake_gen_version_h:/home/ice/microros_ws/firmware/dev_ws/install/ament_cmake_export_targets:/home/ice/microros_ws/firmware/dev_ws/install/ament_cmake_export_link_flags:/home/ice/microros_ws/firmware/dev_ws/install/ament_cmake_export_interfaces:/home/ice/microros_ws/firmware/dev_ws/install/ament_cmake_export_libraries:/home/ice/microros_ws/firmware/dev_ws/install/ament_cmake_export_include_directories:/home/ice/microros_ws/firmware/dev_ws/install/ament_cmake_export_definitions:/home/ice/microros_ws/firmware/dev_ws/install/ament_cmake_core:/home/ice/microros_ws/firmware/dev_ws/install/ament_index_cpp:/home/ice/microros_ws/firmware/dev_ws/install/ament_uncrustify:/home/ice/microros_ws/firmware/dev_ws/install/domain_coordinator:/home/ice/microros_ws/firmware/dev_ws/install/ament_xmllint:/home/ice/microros_ws/firmware/dev_ws/install/ament_pyflakes:/home/ice/microros_ws/firmware/dev_ws/install/ament_pycodestyle:/home/ice/microros_ws/firmware/dev_ws/install/ament_pep257:/home/ice/microros_ws/firmware/dev_ws/install/ament_pclint:/home/ice/microros_ws/firmware/dev_ws/install/ament_package:/home/ice/microros_ws/firmware/dev_ws/install/ament_mypy:/home/ice/microros_ws/firmware/dev_ws/install/ament_lint_cmake:/home/ice/microros_ws/firmware/dev_ws/install/ament_flake8:/home/ice/microros_ws/firmware/dev_ws/install/ament_copyright:/home/ice/microros_ws/firmware/dev_ws/install/ament_lint:/home/ice/microros_ws/firmware/dev_ws/install/ament_index_python:/home/ice/microros_ws/firmware/dev_ws/install/ament_cpplint:/home/ice/microros_ws/firmware/dev_ws/install/ament_cppcheck:/home/ice/microros_ws/firmware/dev_ws/install/ament_clang_tidy:/home/ice/microros_ws/firmware/dev_ws/install/ament_clang_format LD_LIBRARY_PATH=/home/ice/microros_ws/firmware/mcu_ws/install/lib:${LD_LIBRARY_PATH} PATH=/home/ice/microros_ws/firmware/mcu_ws/install/bin:${PATH} PYTHONPATH=/home/ice/microros_ws/firmware/mcu_ws/install/lib/python3.10/site-packages:${PYTHONPATH} /usr/bin/cmake --build /home/ice/microros_ws/firmware/mcu_ws/build/rclc -- -j2 -l2
[0.519s] gmake[4]: Entering directory '/home/ice/microros_ws/firmware/mcu_ws/build/rclc'
[0.520s] /usr/bin/cmake -S/home/ice/microros_ws/firmware/mcu_ws/uros/rclc/rclc -B/home/ice/microros_ws/firmware/mcu_ws/build/rclc --check-build-system CMakeFiles/Makefile.cmake 0
[0.550s] Re-run cmake file: Makefile older than: /home/ice/microros_ws/firmware/freertos_apps/microros_esp32_extensions/esp32_toolchain.cmake
[0.566s] -- Found ament_cmake_ros: 0.10.0 (/home/ice/microros_ws/firmware/dev_ws/install/ament_cmake_ros/share/ament_cmake_ros/cmake)
[1.062s] -- Found rcl: 5.3.7 (/home/ice/microros_ws/firmware/mcu_ws/install/share/rcl/cmake)
[1.095s] [33mCMake Warning at /home/ice/microros_ws/firmware/mcu_ws/install/share/rcutils/cmake/ament_cmake_export_libraries-extras.cmake:116 (message):
[1.096s]   Package 'rcutils' exports library 'dl' which couldn't be found
[1.096s] Call Stack (most recent call first):
[1.101s]   /home/ice/microros_ws/firmware/mcu_ws/install/share/rcutils/cmake/rcutilsConfig.cmake:41 (include)
[1.101s]   /home/ice/microros_ws/firmware/mcu_ws/install/share/rosidl_runtime_c/cmake/ament_cmake_export_dependencies-extras.cmake:21 (find_package)
[1.101s]   /home/ice/microros_ws/firmware/mcu_ws/install/share/rosidl_runtime_c/cmake/rosidl_runtime_cConfig.cmake:41 (include)
[1.101s]   /home/ice/microros_ws/firmware/mcu_ws/install/share/builtin_interfaces/cmake/ament_cmake_export_dependencies-extras.cmake:21 (find_package)
[1.101s]   /home/ice/microros_ws/firmware/mcu_ws/install/share/builtin_interfaces/cmake/builtin_interfacesConfig.cmake:41 (include)
[1.102s]   /home/ice/microros_ws/firmware/mcu_ws/install/share/rcl_interfaces/cmake/ament_cmake_export_dependencies-extras.cmake:21 (find_package)
[1.102s]   /home/ice/microros_ws/firmware/mcu_ws/install/share/rcl_interfaces/cmake/rcl_interfacesConfig.cmake:41 (include)
[1.102s]   /home/ice/microros_ws/firmware/mcu_ws/install/share/rcl/cmake/ament_cmake_export_dependencies-extras.cmake:21 (find_package)
[1.102s]   /home/ice/microros_ws/firmware/mcu_ws/install/share/rcl/cmake/rclConfig.cmake:41 (include)
[1.102s]   CMakeLists.txt:31 (find_package)
[1.102s] 
[1.102s] [0m
[1.118s] -- Using all available rosidl_typesupport_c: rosidl_typesupport_introspection_c;rosidl_typesupport_microxrcedds_c
[1.125s] -- Found rosidl_adapter: 3.1.5 (/home/ice/microros_ws/firmware/mcu_ws/install/share/rosidl_adapter/cmake)
[1.204s] -- Found rmw_implementation_cmake: 6.1.1 (/home/ice/microros_ws/firmware/mcu_ws/install/share/rmw_implementation_cmake/cmake)
[1.226s] -- Found rmw_microxrcedds: 3.0.2 (/home/ice/microros_ws/firmware/mcu_ws/install/share/rmw_microxrcedds/cmake)
[1.239s] -- Using RMW implementation 'rmw_microxrcedds'
[1.259s] -- Found rcl_action: 5.3.7 (/home/ice/microros_ws/firmware/mcu_ws/install/share/rcl_action/cmake)
[1.337s] -- Found rcl version 5.3.7, which belongs to Foxy or later
[1.527s] -- Configuring done
[1.578s] -- Generating done
[1.586s] -- Build files have been written to: /home/ice/microros_ws/firmware/mcu_ws/build/rclc
[1.594s] /usr/bin/cmake -E cmake_progress_start /home/ice/microros_ws/firmware/mcu_ws/build/rclc/CMakeFiles /home/ice/microros_ws/firmware/mcu_ws/build/rclc//CMakeFiles/progress.marks
[1.614s] /usr/bin/gmake  -f CMakeFiles/Makefile2 all
[1.617s] gmake[5]: Entering directory '/home/ice/microros_ws/firmware/mcu_ws/build/rclc'
[1.618s] /usr/bin/gmake  -f CMakeFiles/rclc.dir/build.make CMakeFiles/rclc.dir/depend
[1.621s] gmake[6]: Entering directory '/home/ice/microros_ws/firmware/mcu_ws/build/rclc'
[1.622s] cd /home/ice/microros_ws/firmware/mcu_ws/build/rclc && /usr/bin/cmake -E cmake_depends "Unix Makefiles" /home/ice/microros_ws/firmware/mcu_ws/uros/rclc/rclc /home/ice/microros_ws/firmware/mcu_ws/uros/rclc/rclc /home/ice/microros_ws/firmware/mcu_ws/build/rclc /home/ice/microros_ws/firmware/mcu_ws/build/rclc /home/ice/microros_ws/firmware/mcu_ws/build/rclc/CMakeFiles/rclc.dir/DependInfo.cmake --color=
[1.655s] Dependencies file "CMakeFiles/rclc.dir/src/rclc/action_client.c.obj.d" is newer than depends file "/home/ice/microros_ws/firmware/mcu_ws/build/rclc/CMakeFiles/rclc.dir/compiler_depend.internal".
[1.656s] Dependencies file "CMakeFiles/rclc.dir/src/rclc/action_goal_handle.c.obj.d" is newer than depends file "/home/ice/microros_ws/firmware/mcu_ws/build/rclc/CMakeFiles/rclc.dir/compiler_depend.internal".
[1.657s] Dependencies file "CMakeFiles/rclc.dir/src/rclc/action_server.c.obj.d" is newer than depends file "/home/ice/microros_ws/firmware/mcu_ws/build/rclc/CMakeFiles/rclc.dir/compiler_depend.internal".
[1.658s] Dependencies file "CMakeFiles/rclc.dir/src/rclc/client.c.obj.d" is newer than depends file "/home/ice/microros_ws/firmware/mcu_ws/build/rclc/CMakeFiles/rclc.dir/compiler_depend.internal".
[1.658s] Dependencies file "CMakeFiles/rclc.dir/src/rclc/executor.c.obj.d" is newer than depends file "/home/ice/microros_ws/firmware/mcu_ws/build/rclc/CMakeFiles/rclc.dir/compiler_depend.internal".
[1.658s] Dependencies file "CMakeFiles/rclc.dir/src/rclc/executor_handle.c.obj.d" is newer than depends file "/home/ice/microros_ws/firmware/mcu_ws/build/rclc/CMakeFiles/rclc.dir/compiler_depend.internal".
[1.659s] Dependencies file "CMakeFiles/rclc.dir/src/rclc/init.c.obj.d" is newer than depends file "/home/ice/microros_ws/firmware/mcu_ws/build/rclc/CMakeFiles/rclc.dir/compiler_depend.internal".
[1.659s] Dependencies file "CMakeFiles/rclc.dir/src/rclc/node.c.obj.d" is newer than depends file "/home/ice/microros_ws/firmware/mcu_ws/build/rclc/CMakeFiles/rclc.dir/compiler_depend.internal".
[1.659s] Dependencies file "CMakeFiles/rclc.dir/src/rclc/publisher.c.obj.d" is newer than depends file "/home/ice/microros_ws/firmware/mcu_ws/build/rclc/CMakeFiles/rclc.dir/compiler_depend.internal".
[1.660s] Dependencies file "CMakeFiles/rclc.dir/src/rclc/service.c.obj.d" is newer than depends file "/home/ice/microros_ws/firmware/mcu_ws/build/rclc/CMakeFiles/rclc.dir/compiler_depend.internal".
[1.660s] Dependencies file "CMakeFiles/rclc.dir/src/rclc/sleep.c.obj.d" is newer than depends file "/home/ice/microros_ws/firmware/mcu_ws/build/rclc/CMakeFiles/rclc.dir/compiler_depend.internal".
[1.660s] Dependencies file "CMakeFiles/rclc.dir/src/rclc/subscription.c.obj.d" is newer than depends file "/home/ice/microros_ws/firmware/mcu_ws/build/rclc/CMakeFiles/rclc.dir/compiler_depend.internal".
[1.660s] Dependencies file "CMakeFiles/rclc.dir/src/rclc/timer.c.obj.d" is newer than depends file "/home/ice/microros_ws/firmware/mcu_ws/build/rclc/CMakeFiles/rclc.dir/compiler_depend.internal".
[1.660s] [35m[1mConsolidate compiler generated dependencies of target rclc[0m
[1.671s] gmake[6]: Leaving directory '/home/ice/microros_ws/firmware/mcu_ws/build/rclc'
[1.671s] /usr/bin/gmake  -f CMakeFiles/rclc.dir/build.make CMakeFiles/rclc.dir/build
[1.681s] gmake[6]: Entering directory '/home/ice/microros_ws/firmware/mcu_ws/build/rclc'
[1.682s] gmake[6]: Nothing to be done for 'CMakeFiles/rclc.dir/build'.
[1.682s] gmake[6]: Leaving directory '/home/ice/microros_ws/firmware/mcu_ws/build/rclc'
[1.699s] [100%] Built target rclc
[1.701s] gmake[5]: Leaving directory '/home/ice/microros_ws/firmware/mcu_ws/build/rclc'
[1.701s] /usr/bin/cmake -E cmake_progress_start /home/ice/microros_ws/firmware/mcu_ws/build/rclc/CMakeFiles 0
[1.718s] gmake[4]: Leaving directory '/home/ice/microros_ws/firmware/mcu_ws/build/rclc'
[1.724s] Invoked command in '/home/ice/microros_ws/firmware/mcu_ws/build/rclc' returned '0': AMENT_PREFIX_PATH=/home/ice/microros_ws/firmware/mcu_ws/install:${AMENT_PREFIX_PATH} CMAKE_PREFIX_PATH=/home/ice/microros_ws/firmware/mcu_ws/install:/home/ice/microros_ws/firmware/dev_ws/install/ament_lint_common:/home/ice/microros_ws/firmware/dev_ws/install/ament_cmake_uncrustify:/home/ice/microros_ws/firmware/dev_ws/install/uncrustify_vendor:/home/ice/microros_ws/firmware/dev_ws/install/ament_cmake_ros:/home/ice/microros_ws/firmware/dev_ws/install/ament_cmake_auto:/home/ice/microros_ws/firmware/dev_ws/install/ament_cmake_gmock:/home/ice/microros_ws/firmware/dev_ws/install/gmock_vendor:/home/ice/microros_ws/firmware/dev_ws/install/ament_cmake_gtest:/home/ice/microros_ws/firmware/dev_ws/install/gtest_vendor:/home/ice/microros_ws/firmware/dev_ws/install/ament_cmake_xmllint:/home/ice/microros_ws/firmware/dev_ws/install/ament_cmake_pyflakes:/home/ice/microros_ws/firmware/dev_ws/install/ament_cmake_pycodestyle:/home/ice/microros_ws/firmware/dev_ws/install/ament_cmake_pep257:/home/ice/microros_ws/firmware/dev_ws/install/ament_cmake_pclint:/home/ice/microros_ws/firmware/dev_ws/install/ament_lint_auto:/home/ice/microros_ws/firmware/dev_ws/install/ament_cmake:/home/ice/microros_ws/firmware/dev_ws/install/ament_cmake_version:/home/ice/microros_ws/firmware/dev_ws/install/ament_cmake_vendor_package:/home/ice/microros_ws/firmware/dev_ws/install/ament_cmake_pytest:/home/ice/microros_ws/firmware/dev_ws/install/ament_cmake_nose:/home/ice/microros_ws/firmware/dev_ws/install/ament_cmake_mypy:/home/ice/microros_ws/firmware/dev_ws/install/ament_cmake_lint_cmake:/home/ice/microros_ws/firmware/dev_ws/install/ament_cmake_google_benchmark:/home/ice/microros_ws/firmware/dev_ws/install/ament_cmake_flake8:/home/ice/microros_ws/firmware/dev_ws/install/ament_cmake_cpplint:/home/ice/microros_ws/firmware/dev_ws/install/ament_cmake_cppcheck:/home/ice/microros_ws/firmware/dev_ws/install/ament_cmake_copyright:/home/ice/microros_ws/firmware/dev_ws/install/ament_cmake_clang_tidy:/home/ice/microros_ws/firmware/dev_ws/install/ament_cmake_clang_format:/home/ice/microros_ws/firmware/dev_ws/install/ament_cmake_test:/home/ice/microros_ws/firmware/dev_ws/install/ament_cmake_target_dependencies:/home/ice/microros_ws/firmware/dev_ws/install/ament_cmake_python:/home/ice/microros_ws/firmware/dev_ws/install/ament_cmake_export_dependencies:/home/ice/microros_ws/firmware/dev_ws/install/ament_cmake_libraries:/home/ice/microros_ws/firmware/dev_ws/install/ament_cmake_include_directories:/home/ice/microros_ws/firmware/dev_ws/install/ament_cmake_gen_version_h:/home/ice/microros_ws/firmware/dev_ws/install/ament_cmake_export_targets:/home/ice/microros_ws/firmware/dev_ws/install/ament_cmake_export_link_flags:/home/ice/microros_ws/firmware/dev_ws/install/ament_cmake_export_interfaces:/home/ice/microros_ws/firmware/dev_ws/install/ament_cmake_export_libraries:/home/ice/microros_ws/firmware/dev_ws/install/ament_cmake_export_include_directories:/home/ice/microros_ws/firmware/dev_ws/install/ament_cmake_export_definitions:/home/ice/microros_ws/firmware/dev_ws/install/ament_cmake_core:/home/ice/microros_ws/firmware/dev_ws/install/ament_index_cpp:/home/ice/microros_ws/firmware/dev_ws/install/ament_uncrustify:/home/ice/microros_ws/firmware/dev_ws/install/domain_coordinator:/home/ice/microros_ws/firmware/dev_ws/install/ament_xmllint:/home/ice/microros_ws/firmware/dev_ws/install/ament_pyflakes:/home/ice/microros_ws/firmware/dev_ws/install/ament_pycodestyle:/home/ice/microros_ws/firmware/dev_ws/install/ament_pep257:/home/ice/microros_ws/firmware/dev_ws/install/ament_pclint:/home/ice/microros_ws/firmware/dev_ws/install/ament_package:/home/ice/microros_ws/firmware/dev_ws/install/ament_mypy:/home/ice/microros_ws/firmware/dev_ws/install/ament_lint_cmake:/home/ice/microros_ws/firmware/dev_ws/install/ament_flake8:/home/ice/microros_ws/firmware/dev_ws/install/ament_copyright:/home/ice/microros_ws/firmware/dev_ws/install/ament_lint:/home/ice/microros_ws/firmware/dev_ws/install/ament_index_python:/home/ice/microros_ws/firmware/dev_ws/install/ament_cpplint:/home/ice/microros_ws/firmware/dev_ws/install/ament_cppcheck:/home/ice/microros_ws/firmware/dev_ws/install/ament_clang_tidy:/home/ice/microros_ws/firmware/dev_ws/install/ament_clang_format LD_LIBRARY_PATH=/home/ice/microros_ws/firmware/mcu_ws/install/lib:${LD_LIBRARY_PATH} PATH=/home/ice/microros_ws/firmware/mcu_ws/install/bin:${PATH} PYTHONPATH=/home/ice/microros_ws/firmware/mcu_ws/install/lib/python3.10/site-packages:${PYTHONPATH} /usr/bin/cmake --build /home/ice/microros_ws/firmware/mcu_ws/build/rclc -- -j2 -l2
[2.039s] Invoking command in '/home/ice/microros_ws/firmware/mcu_ws/build/rclc': AMENT_PREFIX_PATH=/home/ice/microros_ws/firmware/mcu_ws/install:${AMENT_PREFIX_PATH} CMAKE_PREFIX_PATH=/home/ice/microros_ws/firmware/mcu_ws/install:/home/ice/microros_ws/firmware/dev_ws/install/ament_lint_common:/home/ice/microros_ws/firmware/dev_ws/install/ament_cmake_uncrustify:/home/ice/microros_ws/firmware/dev_ws/install/uncrustify_vendor:/home/ice/microros_ws/firmware/dev_ws/install/ament_cmake_ros:/home/ice/microros_ws/firmware/dev_ws/install/ament_cmake_auto:/home/ice/microros_ws/firmware/dev_ws/install/ament_cmake_gmock:/home/ice/microros_ws/firmware/dev_ws/install/gmock_vendor:/home/ice/microros_ws/firmware/dev_ws/install/ament_cmake_gtest:/home/ice/microros_ws/firmware/dev_ws/install/gtest_vendor:/home/ice/microros_ws/firmware/dev_ws/install/ament_cmake_xmllint:/home/ice/microros_ws/firmware/dev_ws/install/ament_cmake_pyflakes:/home/ice/microros_ws/firmware/dev_ws/install/ament_cmake_pycodestyle:/home/ice/microros_ws/firmware/dev_ws/install/ament_cmake_pep257:/home/ice/microros_ws/firmware/dev_ws/install/ament_cmake_pclint:/home/ice/microros_ws/firmware/dev_ws/install/ament_lint_auto:/home/ice/microros_ws/firmware/dev_ws/install/ament_cmake:/home/ice/microros_ws/firmware/dev_ws/install/ament_cmake_version:/home/ice/microros_ws/firmware/dev_ws/install/ament_cmake_vendor_package:/home/ice/microros_ws/firmware/dev_ws/install/ament_cmake_pytest:/home/ice/microros_ws/firmware/dev_ws/install/ament_cmake_nose:/home/ice/microros_ws/firmware/dev_ws/install/ament_cmake_mypy:/home/ice/microros_ws/firmware/dev_ws/install/ament_cmake_lint_cmake:/home/ice/microros_ws/firmware/dev_ws/install/ament_cmake_google_benchmark:/home/ice/microros_ws/firmware/dev_ws/install/ament_cmake_flake8:/home/ice/microros_ws/firmware/dev_ws/install/ament_cmake_cpplint:/home/ice/microros_ws/firmware/dev_ws/install/ament_cmake_cppcheck:/home/ice/microros_ws/firmware/dev_ws/install/ament_cmake_copyright:/home/ice/microros_ws/firmware/dev_ws/install/ament_cmake_clang_tidy:/home/ice/microros_ws/firmware/dev_ws/install/ament_cmake_clang_format:/home/ice/microros_ws/firmware/dev_ws/install/ament_cmake_test:/home/ice/microros_ws/firmware/dev_ws/install/ament_cmake_target_dependencies:/home/ice/microros_ws/firmware/dev_ws/install/ament_cmake_python:/home/ice/microros_ws/firmware/dev_ws/install/ament_cmake_export_dependencies:/home/ice/microros_ws/firmware/dev_ws/install/ament_cmake_libraries:/home/ice/microros_ws/firmware/dev_ws/install/ament_cmake_include_directories:/home/ice/microros_ws/firmware/dev_ws/install/ament_cmake_gen_version_h:/home/ice/microros_ws/firmware/dev_ws/install/ament_cmake_export_targets:/home/ice/microros_ws/firmware/dev_ws/install/ament_cmake_export_link_flags:/home/ice/microros_ws/firmware/dev_ws/install/ament_cmake_export_interfaces:/home/ice/microros_ws/firmware/dev_ws/install/ament_cmake_export_libraries:/home/ice/microros_ws/firmware/dev_ws/install/ament_cmake_export_include_directories:/home/ice/microros_ws/firmware/dev_ws/install/ament_cmake_export_definitions:/home/ice/microros_ws/firmware/dev_ws/install/ament_cmake_core:/home/ice/microros_ws/firmware/dev_ws/install/ament_index_cpp:/home/ice/microros_ws/firmware/dev_ws/install/ament_uncrustify:/home/ice/microros_ws/firmware/dev_ws/install/domain_coordinator:/home/ice/microros_ws/firmware/dev_ws/install/ament_xmllint:/home/ice/microros_ws/firmware/dev_ws/install/ament_pyflakes:/home/ice/microros_ws/firmware/dev_ws/install/ament_pycodestyle:/home/ice/microros_ws/firmware/dev_ws/install/ament_pep257:/home/ice/microros_ws/firmware/dev_ws/install/ament_pclint:/home/ice/microros_ws/firmware/dev_ws/install/ament_package:/home/ice/microros_ws/firmware/dev_ws/install/ament_mypy:/home/ice/microros_ws/firmware/dev_ws/install/ament_lint_cmake:/home/ice/microros_ws/firmware/dev_ws/install/ament_flake8:/home/ice/microros_ws/firmware/dev_ws/install/ament_copyright:/home/ice/microros_ws/firmware/dev_ws/install/ament_lint:/home/ice/microros_ws/firmware/dev_ws/install/ament_index_python:/home/ice/microros_ws/firmware/dev_ws/install/ament_cpplint:/home/ice/microros_ws/firmware/dev_ws/install/ament_cppcheck:/home/ice/microros_ws/firmware/dev_ws/install/ament_clang_tidy:/home/ice/microros_ws/firmware/dev_ws/install/ament_clang_format LD_LIBRARY_PATH=/home/ice/microros_ws/firmware/mcu_ws/install/lib:${LD_LIBRARY_PATH} PATH=/home/ice/microros_ws/firmware/mcu_ws/install/bin:${PATH} PYTHONPATH=/home/ice/microros_ws/firmware/mcu_ws/install/lib/python3.10/site-packages:${PYTHONPATH} /usr/bin/cmake --install /home/ice/microros_ws/firmware/mcu_ws/build/rclc
[2.055s] -- Install configuration: "Debug"
[2.055s] -- Up-to-date: /home/ice/microros_ws/firmware/mcu_ws/install/lib/librclc.a
[2.056s] -- Up-to-date: /home/ice/microros_ws/firmware/mcu_ws/install/include
[2.056s] -- Up-to-date: /home/ice/microros_ws/firmware/mcu_ws/install/include/rclc
[2.057s] -- Up-to-date: /home/ice/microros_ws/firmware/mcu_ws/install/include/rclc/init.h
[2.057s] -- Up-to-date: /home/ice/microros_ws/firmware/mcu_ws/install/include/rclc/action_client.h
[2.058s] -- Up-to-date: /home/ice/microros_ws/firmware/mcu_ws/install/include/rclc/action_goal_handle.h
[2.059s] -- Up-to-date: /home/ice/microros_ws/firmware/mcu_ws/install/include/rclc/sleep.h
[2.060s] -- Up-to-date: /home/ice/microros_ws/firmware/mcu_ws/install/include/rclc/types.h
[2.060s] -- Up-to-date: /home/ice/microros_ws/firmware/mcu_ws/install/include/rclc/publisher.h
[2.061s] -- Up-to-date: /home/ice/microros_ws/firmware/mcu_ws/install/include/rclc/timer.h
[2.062s] -- Up-to-date: /home/ice/microros_ws/firmware/mcu_ws/install/include/rclc/client.h
[2.065s] -- Up-to-date: /home/ice/microros_ws/firmware/mcu_ws/install/include/rclc/node.h
[2.065s] -- Up-to-date: /home/ice/microros_ws/firmware/mcu_ws/install/include/rclc/service.h
[2.066s] -- Up-to-date: /home/ice/microros_ws/firmware/mcu_ws/install/include/rclc/rclc.h
[2.066s] -- Up-to-date: /home/ice/microros_ws/firmware/mcu_ws/install/include/rclc/executor.h
[2.067s] -- Up-to-date: /home/ice/microros_ws/firmware/mcu_ws/install/include/rclc/executor_handle.h
[2.067s] -- Up-to-date: /home/ice/microros_ws/firmware/mcu_ws/install/include/rclc/visibility_control.h
[2.068s] -- Up-to-date: /home/ice/microros_ws/firmware/mcu_ws/install/include/rclc/action_server.h
[2.068s] -- Up-to-date: /home/ice/microros_ws/firmware/mcu_ws/install/include/rclc/subscription.h
[2.068s] -- Up-to-date: /home/ice/microros_ws/firmware/mcu_ws/install/share/rclc/environment/library_path.sh
[2.068s] -- Installing: /home/ice/microros_ws/firmware/mcu_ws/install/share/rclc/environment/library_path.dsv
[2.068s] -- Up-to-date: /home/ice/microros_ws/firmware/mcu_ws/install/share/ament_index/resource_index/package_run_dependencies/rclc
[2.068s] -- Up-to-date: /home/ice/microros_ws/firmware/mcu_ws/install/share/ament_index/resource_index/parent_prefix_path/rclc
[2.068s] -- Up-to-date: /home/ice/microros_ws/firmware/mcu_ws/install/share/rclc/environment/ament_prefix_path.sh
[2.070s] -- Installing: /home/ice/microros_ws/firmware/mcu_ws/install/share/rclc/environment/ament_prefix_path.dsv
[2.071s] -- Up-to-date: /home/ice/microros_ws/firmware/mcu_ws/install/share/rclc/environment/path.sh
[2.071s] -- Installing: /home/ice/microros_ws/firmware/mcu_ws/install/share/rclc/environment/path.dsv
[2.074s] -- Up-to-date: /home/ice/microros_ws/firmware/mcu_ws/install/share/rclc/local_setup.bash
[2.075s] -- Up-to-date: /home/ice/microros_ws/firmware/mcu_ws/install/share/rclc/local_setup.sh
[2.100s] -- Up-to-date: /home/ice/microros_ws/firmware/mcu_ws/install/share/rclc/local_setup.zsh
[2.100s] -- Installing: /home/ice/microros_ws/firmware/mcu_ws/install/share/rclc/local_setup.dsv
[2.100s] -- Installing: /home/ice/microros_ws/firmware/mcu_ws/install/share/rclc/package.dsv
[2.100s] -- Up-to-date: /home/ice/microros_ws/firmware/mcu_ws/install/share/ament_index/resource_index/packages/rclc
[2.100s] -- Up-to-date: /home/ice/microros_ws/firmware/mcu_ws/install/share/rclc/cmake/rclcExport.cmake
[2.100s] -- Up-to-date: /home/ice/microros_ws/firmware/mcu_ws/install/share/rclc/cmake/rclcExport-debug.cmake
[2.100s] -- Up-to-date: /home/ice/microros_ws/firmware/mcu_ws/install/share/rclc/cmake/ament_cmake_export_include_directories-extras.cmake
[2.100s] -- Up-to-date: /home/ice/microros_ws/firmware/mcu_ws/install/share/rclc/cmake/ament_cmake_export_libraries-extras.cmake
[2.101s] -- Up-to-date: /home/ice/microros_ws/firmware/mcu_ws/install/share/rclc/cmake/ament_cmake_export_targets-extras.cmake
[2.101s] -- Up-to-date: /home/ice/microros_ws/firmware/mcu_ws/install/share/rclc/cmake/ament_cmake_export_dependencies-extras.cmake
[2.101s] -- Up-to-date: /home/ice/microros_ws/firmware/mcu_ws/install/share/rclc/cmake/rclcConfig.cmake
[2.102s] -- Up-to-date: /home/ice/microros_ws/firmware/mcu_ws/install/share/rclc/cmake/rclcConfig-version.cmake
[2.102s] -- Up-to-date: /home/ice/microros_ws/firmware/mcu_ws/install/share/rclc/package.xml
[2.102s] Invoked command in '/home/ice/microros_ws/firmware/mcu_ws/build/rclc' returned '0': AMENT_PREFIX_PATH=/home/ice/microros_ws/firmware/mcu_ws/install:${AMENT_PREFIX_PATH} CMAKE_PREFIX_PATH=/home/ice/microros_ws/firmware/mcu_ws/install:/home/ice/microros_ws/firmware/dev_ws/install/ament_lint_common:/home/ice/microros_ws/firmware/dev_ws/install/ament_cmake_uncrustify:/home/ice/microros_ws/firmware/dev_ws/install/uncrustify_vendor:/home/ice/microros_ws/firmware/dev_ws/install/ament_cmake_ros:/home/ice/microros_ws/firmware/dev_ws/install/ament_cmake_auto:/home/ice/microros_ws/firmware/dev_ws/install/ament_cmake_gmock:/home/ice/microros_ws/firmware/dev_ws/install/gmock_vendor:/home/ice/microros_ws/firmware/dev_ws/install/ament_cmake_gtest:/home/ice/microros_ws/firmware/dev_ws/install/gtest_vendor:/home/ice/microros_ws/firmware/dev_ws/install/ament_cmake_xmllint:/home/ice/microros_ws/firmware/dev_ws/install/ament_cmake_pyflakes:/home/ice/microros_ws/firmware/dev_ws/install/ament_cmake_pycodestyle:/home/ice/microros_ws/firmware/dev_ws/install/ament_cmake_pep257:/home/ice/microros_ws/firmware/dev_ws/install/ament_cmake_pclint:/home/ice/microros_ws/firmware/dev_ws/install/ament_lint_auto:/home/ice/microros_ws/firmware/dev_ws/install/ament_cmake:/home/ice/microros_ws/firmware/dev_ws/install/ament_cmake_version:/home/ice/microros_ws/firmware/dev_ws/install/ament_cmake_vendor_package:/home/ice/microros_ws/firmware/dev_ws/install/ament_cmake_pytest:/home/ice/microros_ws/firmware/dev_ws/install/ament_cmake_nose:/home/ice/microros_ws/firmware/dev_ws/install/ament_cmake_mypy:/home/ice/microros_ws/firmware/dev_ws/install/ament_cmake_lint_cmake:/home/ice/microros_ws/firmware/dev_ws/install/ament_cmake_google_benchmark:/home/ice/microros_ws/firmware/dev_ws/install/ament_cmake_flake8:/home/ice/microros_ws/firmware/dev_ws/install/ament_cmake_cpplint:/home/ice/microros_ws/firmware/dev_ws/install/ament_cmake_cppcheck:/home/ice/microros_ws/firmware/dev_ws/install/ament_cmake_copyright:/home/ice/microros_ws/firmware/dev_ws/install/ament_cmake_clang_tidy:/home/ice/microros_ws/firmware/dev_ws/install/ament_cmake_clang_format:/home/ice/microros_ws/firmware/dev_ws/install/ament_cmake_test:/home/ice/microros_ws/firmware/dev_ws/install/ament_cmake_target_dependencies:/home/ice/microros_ws/firmware/dev_ws/install/ament_cmake_python:/home/ice/microros_ws/firmware/dev_ws/install/ament_cmake_export_dependencies:/home/ice/microros_ws/firmware/dev_ws/install/ament_cmake_libraries:/home/ice/microros_ws/firmware/dev_ws/install/ament_cmake_include_directories:/home/ice/microros_ws/firmware/dev_ws/install/ament_cmake_gen_version_h:/home/ice/microros_ws/firmware/dev_ws/install/ament_cmake_export_targets:/home/ice/microros_ws/firmware/dev_ws/install/ament_cmake_export_link_flags:/home/ice/microros_ws/firmware/dev_ws/install/ament_cmake_export_interfaces:/home/ice/microros_ws/firmware/dev_ws/install/ament_cmake_export_libraries:/home/ice/microros_ws/firmware/dev_ws/install/ament_cmake_export_include_directories:/home/ice/microros_ws/firmware/dev_ws/install/ament_cmake_export_definitions:/home/ice/microros_ws/firmware/dev_ws/install/ament_cmake_core:/home/ice/microros_ws/firmware/dev_ws/install/ament_index_cpp:/home/ice/microros_ws/firmware/dev_ws/install/ament_uncrustify:/home/ice/microros_ws/firmware/dev_ws/install/domain_coordinator:/home/ice/microros_ws/firmware/dev_ws/install/ament_xmllint:/home/ice/microros_ws/firmware/dev_ws/install/ament_pyflakes:/home/ice/microros_ws/firmware/dev_ws/install/ament_pycodestyle:/home/ice/microros_ws/firmware/dev_ws/install/ament_pep257:/home/ice/microros_ws/firmware/dev_ws/install/ament_pclint:/home/ice/microros_ws/firmware/dev_ws/install/ament_package:/home/ice/microros_ws/firmware/dev_ws/install/ament_mypy:/home/ice/microros_ws/firmware/dev_ws/install/ament_lint_cmake:/home/ice/microros_ws/firmware/dev_ws/install/ament_flake8:/home/ice/microros_ws/firmware/dev_ws/install/ament_copyright:/home/ice/microros_ws/firmware/dev_ws/install/ament_lint:/home/ice/microros_ws/firmware/dev_ws/install/ament_index_python:/home/ice/microros_ws/firmware/dev_ws/install/ament_cpplint:/home/ice/microros_ws/firmware/dev_ws/install/ament_cppcheck:/home/ice/microros_ws/firmware/dev_ws/install/ament_clang_tidy:/home/ice/microros_ws/firmware/dev_ws/install/ament_clang_format LD_LIBRARY_PATH=/home/ice/microros_ws/firmware/mcu_ws/install/lib:${LD_LIBRARY_PATH} PATH=/home/ice/microros_ws/firmware/mcu_ws/install/bin:${PATH} PYTHONPATH=/home/ice/microros_ws/firmware/mcu_ws/install/lib/python3.10/site-packages:${PYTHONPATH} /usr/bin/cmake --install /home/ice/microros_ws/firmware/mcu_ws/build/rclc
