[0.286s] Invoking command in '/home/ice/polaris-bot/ros2_ws/build/services': CMAKE_PREFIX_PATH=${CMAKE_PREFIX_PATH}:/opt/ros/humble /usr/bin/cmake --build /home/ice/polaris-bot/ros2_ws/build/services -- -j2 -l2
[0.704s] [  3%] Built target services__cpp
[0.793s] [35m[1mConsolidate compiler generated dependencies of target services__rosidl_generator_c[0m
[0.860s] [ 12%] Built target services__rosidl_generator_c
[1.071s] [ 12%] Built target ament_cmake_python_copy_services
[1.139s] [35m[1mConsolidate compiler generated dependencies of target services__rosidl_typesupport_cpp[0m
[1.179s] [ 22%] Built target services__rosidl_typesupport_cpp
[1.258s] [35m[1mConsolidate compiler generated dependencies of target services__rosidl_typesupport_fastrtps_c[0m
[1.336s] [ 32%] Built target services__rosidl_typesupport_fastrtps_c
[1.393s] [35m[1mConsolidate compiler generated dependencies of target services__rosidl_typesupport_introspection_c[0m
[1.439s] [ 41%] Built target services__rosidl_typesupport_introspection_c
[1.489s] [35m[1mConsolidate compiler generated dependencies of target services__rosidl_typesupport_c[0m
[1.546s] [ 51%] Built target services__rosidl_typesupport_c
[1.616s] [35m[1mConsolidate compiler generated dependencies of target services__rosidl_typesupport_fastrtps_cpp[0m
[1.680s] [ 61%] Built target services__rosidl_typesupport_fastrtps_cpp
[1.748s] [35m[1mConsolidate compiler generated dependencies of target services__rosidl_typesupport_introspection_cpp[0m
[1.793s] [ 70%] Built target services__rosidl_typesupport_introspection_cpp
[2.444s] running egg_info
[2.447s] writing services.egg-info/PKG-INFO
[2.448s] writing dependency_links to services.egg-info/dependency_links.txt
[2.457s] writing top-level names to services.egg-info/top_level.txt
[2.458s] reading manifest file 'services.egg-info/SOURCES.txt'
[2.471s] writing manifest file 'services.egg-info/SOURCES.txt'
[2.631s] [ 70%] Built target ament_cmake_python_build_services_egg
[2.727s] [ 70%] Built target services
[2.794s] [ 74%] Built target services__py
[2.850s] [35m[1mConsolidate compiler generated dependencies of target services__rosidl_generator_py[0m
[2.894s] [ 80%] Built target services__rosidl_generator_py
[2.946s] [35m[1mConsolidate compiler generated dependencies of target services__rosidl_typesupport_fastrtps_c__pyext[0m
[2.982s] [ 87%] Built target services__rosidl_typesupport_fastrtps_c__pyext
[3.038s] [35m[1mConsolidate compiler generated dependencies of target services__rosidl_typesupport_introspection_c__pyext[0m
[3.094s] [ 93%] Built target services__rosidl_typesupport_introspection_c__pyext
[3.150s] [35m[1mConsolidate compiler generated dependencies of target services__rosidl_typesupport_c__pyext[0m
[3.207s] [100%] Built target services__rosidl_typesupport_c__pyext
[3.250s] Invoked command in '/home/ice/polaris-bot/ros2_ws/build/services' returned '0': CMAKE_PREFIX_PATH=${CMAKE_PREFIX_PATH}:/opt/ros/humble /usr/bin/cmake --build /home/ice/polaris-bot/ros2_ws/build/services -- -j2 -l2
[3.657s] Invoking command in '/home/ice/polaris-bot/ros2_ws/build/services': CMAKE_PREFIX_PATH=${CMAKE_PREFIX_PATH}:/opt/ros/humble /usr/bin/cmake --install /home/ice/polaris-bot/ros2_ws/build/services
[3.691s] -- Install configuration: ""
[3.694s] -- Up-to-date: /home/ice/polaris-bot/ros2_ws/install/services/share/ament_index/resource_index/rosidl_interfaces/services
[3.696s] -- Up-to-date: /home/ice/polaris-bot/ros2_ws/install/services/include/services/services
[3.699s] -- Up-to-date: /home/ice/polaris-bot/ros2_ws/install/services/include/services/services/srv
[3.699s] -- Up-to-date: /home/ice/polaris-bot/ros2_ws/install/services/include/services/services/srv/detail
[3.701s] -- Up-to-date: /home/ice/polaris-bot/ros2_ws/install/services/include/services/services/srv/detail/test_service__functions.c
[3.701s] -- Up-to-date: /home/ice/polaris-bot/ros2_ws/install/services/include/services/services/srv/detail/test_service__functions.h
[3.701s] -- Up-to-date: /home/ice/polaris-bot/ros2_ws/install/services/include/services/services/srv/detail/test_service__type_support.h
[3.701s] -- Up-to-date: /home/ice/polaris-bot/ros2_ws/install/services/include/services/services/srv/detail/test_service__struct.h
[3.701s] -- Up-to-date: /home/ice/polaris-bot/ros2_ws/install/services/include/services/services/srv/test_service.h
[3.702s] -- Up-to-date: /home/ice/polaris-bot/ros2_ws/install/services/include/services/services/msg
[3.712s] -- Up-to-date: /home/ice/polaris-bot/ros2_ws/install/services/include/services/services/msg/rosidl_generator_c__visibility_control.h
[3.715s] -- Up-to-date: /home/ice/polaris-bot/ros2_ws/install/services/share/services/environment/library_path.sh
[3.716s] -- Up-to-date: /home/ice/polaris-bot/ros2_ws/install/services/share/services/environment/library_path.dsv
[3.731s] -- Up-to-date: /home/ice/polaris-bot/ros2_ws/install/services/lib/libservices__rosidl_generator_c.so
[3.733s] -- Up-to-date: /home/ice/polaris-bot/ros2_ws/install/services/include/services/services
[3.733s] -- Up-to-date: /home/ice/polaris-bot/ros2_ws/install/services/include/services/services/srv
[3.733s] -- Up-to-date: /home/ice/polaris-bot/ros2_ws/install/services/include/services/services/srv/detail
[3.733s] -- Up-to-date: /home/ice/polaris-bot/ros2_ws/install/services/include/services/services/srv/detail/test_service__rosidl_typesupport_fastrtps_c.h
[3.733s] -- Up-to-date: /home/ice/polaris-bot/ros2_ws/install/services/include/services/services/msg
[3.734s] -- Up-to-date: /home/ice/polaris-bot/ros2_ws/install/services/include/services/services/msg/rosidl_typesupport_fastrtps_c__visibility_control.h
[3.739s] -- Up-to-date: /home/ice/polaris-bot/ros2_ws/install/services/lib/libservices__rosidl_typesupport_fastrtps_c.so
[3.740s] -- Up-to-date: /home/ice/polaris-bot/ros2_ws/install/services/include/services/services
[3.742s] -- Up-to-date: /home/ice/polaris-bot/ros2_ws/install/services/include/services/services/srv
[3.742s] -- Up-to-date: /home/ice/polaris-bot/ros2_ws/install/services/include/services/services/srv/detail
[3.742s] -- Up-to-date: /home/ice/polaris-bot/ros2_ws/install/services/include/services/services/srv/detail/test_service__rosidl_typesupport_introspection_c.h
[3.742s] -- Up-to-date: /home/ice/polaris-bot/ros2_ws/install/services/include/services/services/srv/detail/test_service__type_support.c
[3.743s] -- Up-to-date: /home/ice/polaris-bot/ros2_ws/install/services/include/services/services/msg
[3.743s] -- Up-to-date: /home/ice/polaris-bot/ros2_ws/install/services/include/services/services/msg/rosidl_typesupport_introspection_c__visibility_control.h
[3.743s] -- Up-to-date: /home/ice/polaris-bot/ros2_ws/install/services/lib/libservices__rosidl_typesupport_introspection_c.so
[3.744s] -- Up-to-date: /home/ice/polaris-bot/ros2_ws/install/services/lib/libservices__rosidl_typesupport_c.so
[3.747s] -- Up-to-date: /home/ice/polaris-bot/ros2_ws/install/services/include/services/services
[3.747s] -- Up-to-date: /home/ice/polaris-bot/ros2_ws/install/services/include/services/services/srv
[3.748s] -- Up-to-date: /home/ice/polaris-bot/ros2_ws/install/services/include/services/services/srv/detail
[3.748s] -- Up-to-date: /home/ice/polaris-bot/ros2_ws/install/services/include/services/services/srv/detail/test_service__struct.hpp
[3.748s] -- Up-to-date: /home/ice/polaris-bot/ros2_ws/install/services/include/services/services/srv/detail/test_service__builder.hpp
[3.748s] -- Up-to-date: /home/ice/polaris-bot/ros2_ws/install/services/include/services/services/srv/detail/test_service__traits.hpp
[3.748s] -- Up-to-date: /home/ice/polaris-bot/ros2_ws/install/services/include/services/services/srv/test_service.hpp
[3.748s] -- Up-to-date: /home/ice/polaris-bot/ros2_ws/install/services/include/services/services
[3.749s] -- Up-to-date: /home/ice/polaris-bot/ros2_ws/install/services/include/services/services/srv
[3.749s] -- Up-to-date: /home/ice/polaris-bot/ros2_ws/install/services/include/services/services/srv/detail
[3.749s] -- Up-to-date: /home/ice/polaris-bot/ros2_ws/install/services/include/services/services/srv/detail/dds_fastrtps
[3.749s] -- Up-to-date: /home/ice/polaris-bot/ros2_ws/install/services/include/services/services/srv/detail/test_service__rosidl_typesupport_fastrtps_cpp.hpp
[3.750s] -- Up-to-date: /home/ice/polaris-bot/ros2_ws/install/services/include/services/services/msg
[3.750s] -- Up-to-date: /home/ice/polaris-bot/ros2_ws/install/services/include/services/services/msg/rosidl_typesupport_fastrtps_cpp__visibility_control.h
[3.756s] -- Up-to-date: /home/ice/polaris-bot/ros2_ws/install/services/lib/libservices__rosidl_typesupport_fastrtps_cpp.so
[3.758s] -- Up-to-date: /home/ice/polaris-bot/ros2_ws/install/services/include/services/services
[3.759s] -- Up-to-date: /home/ice/polaris-bot/ros2_ws/install/services/include/services/services/srv
[3.759s] -- Up-to-date: /home/ice/polaris-bot/ros2_ws/install/services/include/services/services/srv/detail
[3.759s] -- Up-to-date: /home/ice/polaris-bot/ros2_ws/install/services/include/services/services/srv/detail/test_service__type_support.cpp
[3.759s] -- Up-to-date: /home/ice/polaris-bot/ros2_ws/install/services/include/services/services/srv/detail/test_service__rosidl_typesupport_introspection_cpp.hpp
[3.763s] -- Up-to-date: /home/ice/polaris-bot/ros2_ws/install/services/lib/libservices__rosidl_typesupport_introspection_cpp.so
[3.766s] -- Up-to-date: /home/ice/polaris-bot/ros2_ws/install/services/lib/libservices__rosidl_typesupport_cpp.so
[3.767s] -- Up-to-date: /home/ice/polaris-bot/ros2_ws/install/services/share/services/environment/pythonpath.sh
[3.768s] -- Up-to-date: /home/ice/polaris-bot/ros2_ws/install/services/share/services/environment/pythonpath.dsv
[3.768s] -- Up-to-date: /home/ice/polaris-bot/ros2_ws/install/services/local/lib/python3.10/dist-packages/services-0.0.0-py3.10.egg-info
[3.768s] -- Installing: /home/ice/polaris-bot/ros2_ws/install/services/local/lib/python3.10/dist-packages/services-0.0.0-py3.10.egg-info/top_level.txt
[3.768s] -- Installing: /home/ice/polaris-bot/ros2_ws/install/services/local/lib/python3.10/dist-packages/services-0.0.0-py3.10.egg-info/PKG-INFO
[3.768s] -- Installing: /home/ice/polaris-bot/ros2_ws/install/services/local/lib/python3.10/dist-packages/services-0.0.0-py3.10.egg-info/SOURCES.txt
[3.769s] -- Installing: /home/ice/polaris-bot/ros2_ws/install/services/local/lib/python3.10/dist-packages/services-0.0.0-py3.10.egg-info/dependency_links.txt
[3.769s] -- Up-to-date: /home/ice/polaris-bot/ros2_ws/install/services/local/lib/python3.10/dist-packages/services
[3.769s] -- Up-to-date: /home/ice/polaris-bot/ros2_ws/install/services/local/lib/python3.10/dist-packages/services/_services_s.ep.rosidl_typesupport_introspection_c.c
[3.770s] -- Up-to-date: /home/ice/polaris-bot/ros2_ws/install/services/local/lib/python3.10/dist-packages/services/services_s__rosidl_typesupport_c.cpython-310-x86_64-linux-gnu.so
[3.770s] -- Up-to-date: /home/ice/polaris-bot/ros2_ws/install/services/local/lib/python3.10/dist-packages/services/services_s__rosidl_typesupport_fastrtps_c.cpython-310-x86_64-linux-gnu.so
[3.771s] -- Up-to-date: /home/ice/polaris-bot/ros2_ws/install/services/local/lib/python3.10/dist-packages/services/srv
[3.772s] -- Up-to-date: /home/ice/polaris-bot/ros2_ws/install/services/local/lib/python3.10/dist-packages/services/srv/_test_service_s.c
[3.773s] -- Up-to-date: /home/ice/polaris-bot/ros2_ws/install/services/local/lib/python3.10/dist-packages/services/srv/_test_service.py
[3.773s] -- Up-to-date: /home/ice/polaris-bot/ros2_ws/install/services/local/lib/python3.10/dist-packages/services/srv/__init__.py
[3.773s] -- Up-to-date: /home/ice/polaris-bot/ros2_ws/install/services/local/lib/python3.10/dist-packages/services/_services_s.ep.rosidl_typesupport_c.c
[3.773s] -- Up-to-date: /home/ice/polaris-bot/ros2_ws/install/services/local/lib/python3.10/dist-packages/services/services_s__rosidl_typesupport_introspection_c.cpython-310-x86_64-linux-gnu.so
[3.773s] -- Up-to-date: /home/ice/polaris-bot/ros2_ws/install/services/local/lib/python3.10/dist-packages/services/_services_s.ep.rosidl_typesupport_fastrtps_c.c
[3.773s] -- Up-to-date: /home/ice/polaris-bot/ros2_ws/install/services/local/lib/python3.10/dist-packages/services/__init__.py
[3.774s] -- Up-to-date: /home/ice/polaris-bot/ros2_ws/install/services/local/lib/python3.10/dist-packages/services/libservices__rosidl_generator_py.so
[3.872s] Listing '/home/ice/polaris-bot/ros2_ws/install/services/local/lib/python3.10/dist-packages/services'...
[3.873s] Listing '/home/ice/polaris-bot/ros2_ws/install/services/local/lib/python3.10/dist-packages/services/srv'...
[3.888s] -- Up-to-date: /home/ice/polaris-bot/ros2_ws/install/services/local/lib/python3.10/dist-packages/services/services_s__rosidl_typesupport_fastrtps_c.cpython-310-x86_64-linux-gnu.so
[3.892s] -- Up-to-date: /home/ice/polaris-bot/ros2_ws/install/services/local/lib/python3.10/dist-packages/services/services_s__rosidl_typesupport_introspection_c.cpython-310-x86_64-linux-gnu.so
[3.895s] -- Up-to-date: /home/ice/polaris-bot/ros2_ws/install/services/local/lib/python3.10/dist-packages/services/services_s__rosidl_typesupport_c.cpython-310-x86_64-linux-gnu.so
[3.898s] -- Up-to-date: /home/ice/polaris-bot/ros2_ws/install/services/lib/libservices__rosidl_generator_py.so
[3.905s] -- Up-to-date: /home/ice/polaris-bot/ros2_ws/install/services/share/services/srv/TestService.idl
[3.905s] -- Up-to-date: /home/ice/polaris-bot/ros2_ws/install/services/share/services/srv/TestService.srv
[3.905s] -- Up-to-date: /home/ice/polaris-bot/ros2_ws/install/services/share/services/srv/TestService_Request.msg
[3.905s] -- Up-to-date: /home/ice/polaris-bot/ros2_ws/install/services/share/services/srv/TestService_Response.msg
[3.906s] -- Up-to-date: /home/ice/polaris-bot/ros2_ws/install/services/share/ament_index/resource_index/package_run_dependencies/services
[3.906s] -- Up-to-date: /home/ice/polaris-bot/ros2_ws/install/services/share/ament_index/resource_index/parent_prefix_path/services
[3.906s] -- Up-to-date: /home/ice/polaris-bot/ros2_ws/install/services/share/services/environment/ament_prefix_path.sh
[3.906s] -- Up-to-date: /home/ice/polaris-bot/ros2_ws/install/services/share/services/environment/ament_prefix_path.dsv
[3.907s] -- Up-to-date: /home/ice/polaris-bot/ros2_ws/install/services/share/services/environment/path.sh
[3.907s] -- Up-to-date: /home/ice/polaris-bot/ros2_ws/install/services/share/services/environment/path.dsv
[3.907s] -- Up-to-date: /home/ice/polaris-bot/ros2_ws/install/services/share/services/local_setup.bash
[3.907s] -- Up-to-date: /home/ice/polaris-bot/ros2_ws/install/services/share/services/local_setup.sh
[3.907s] -- Up-to-date: /home/ice/polaris-bot/ros2_ws/install/services/share/services/local_setup.zsh
[3.907s] -- Up-to-date: /home/ice/polaris-bot/ros2_ws/install/services/share/services/local_setup.dsv
[3.907s] -- Installing: /home/ice/polaris-bot/ros2_ws/install/services/share/services/package.dsv
[3.910s] -- Up-to-date: /home/ice/polaris-bot/ros2_ws/install/services/share/ament_index/resource_index/packages/services
[3.930s] -- Up-to-date: /home/ice/polaris-bot/ros2_ws/install/services/share/services/cmake/export_services__rosidl_generator_cExport.cmake
[3.930s] -- Up-to-date: /home/ice/polaris-bot/ros2_ws/install/services/share/services/cmake/export_services__rosidl_generator_cExport-noconfig.cmake
[3.934s] -- Up-to-date: /home/ice/polaris-bot/ros2_ws/install/services/share/services/cmake/export_services__rosidl_typesupport_fastrtps_cExport.cmake
[3.934s] -- Up-to-date: /home/ice/polaris-bot/ros2_ws/install/services/share/services/cmake/export_services__rosidl_typesupport_fastrtps_cExport-noconfig.cmake
[3.935s] -- Up-to-date: /home/ice/polaris-bot/ros2_ws/install/services/share/services/cmake/services__rosidl_typesupport_introspection_cExport.cmake
[3.938s] -- Up-to-date: /home/ice/polaris-bot/ros2_ws/install/services/share/services/cmake/services__rosidl_typesupport_introspection_cExport-noconfig.cmake
[3.943s] -- Up-to-date: /home/ice/polaris-bot/ros2_ws/install/services/share/services/cmake/services__rosidl_typesupport_cExport.cmake
[3.944s] -- Up-to-date: /home/ice/polaris-bot/ros2_ws/install/services/share/services/cmake/services__rosidl_typesupport_cExport-noconfig.cmake
[3.945s] -- Up-to-date: /home/ice/polaris-bot/ros2_ws/install/services/share/services/cmake/export_services__rosidl_generator_cppExport.cmake
[3.946s] -- Up-to-date: /home/ice/polaris-bot/ros2_ws/install/services/share/services/cmake/export_services__rosidl_typesupport_fastrtps_cppExport.cmake
[3.947s] -- Up-to-date: /home/ice/polaris-bot/ros2_ws/install/services/share/services/cmake/export_services__rosidl_typesupport_fastrtps_cppExport-noconfig.cmake
[3.950s] -- Up-to-date: /home/ice/polaris-bot/ros2_ws/install/services/share/services/cmake/services__rosidl_typesupport_introspection_cppExport.cmake
[3.951s] -- Up-to-date: /home/ice/polaris-bot/ros2_ws/install/services/share/services/cmake/services__rosidl_typesupport_introspection_cppExport-noconfig.cmake
[3.953s] -- Up-to-date: /home/ice/polaris-bot/ros2_ws/install/services/share/services/cmake/services__rosidl_typesupport_cppExport.cmake
[3.955s] -- Up-to-date: /home/ice/polaris-bot/ros2_ws/install/services/share/services/cmake/services__rosidl_typesupport_cppExport-noconfig.cmake
[3.960s] -- Up-to-date: /home/ice/polaris-bot/ros2_ws/install/services/share/services/cmake/export_services__rosidl_generator_pyExport.cmake
[3.961s] -- Up-to-date: /home/ice/polaris-bot/ros2_ws/install/services/share/services/cmake/export_services__rosidl_generator_pyExport-noconfig.cmake
[3.962s] -- Up-to-date: /home/ice/polaris-bot/ros2_ws/install/services/share/services/cmake/rosidl_cmake-extras.cmake
[3.962s] -- Up-to-date: /home/ice/polaris-bot/ros2_ws/install/services/share/services/cmake/ament_cmake_export_include_directories-extras.cmake
[3.963s] -- Up-to-date: /home/ice/polaris-bot/ros2_ws/install/services/share/services/cmake/ament_cmake_export_libraries-extras.cmake
[3.963s] -- Up-to-date: /home/ice/polaris-bot/ros2_ws/install/services/share/services/cmake/ament_cmake_export_targets-extras.cmake
[3.963s] -- Up-to-date: /home/ice/polaris-bot/ros2_ws/install/services/share/services/cmake/rosidl_cmake_export_typesupport_targets-extras.cmake
[3.963s] -- Up-to-date: /home/ice/polaris-bot/ros2_ws/install/services/share/services/cmake/ament_cmake_export_dependencies-extras.cmake
[3.964s] -- Up-to-date: /home/ice/polaris-bot/ros2_ws/install/services/share/services/cmake/rosidl_cmake_export_typesupport_libraries-extras.cmake
[3.964s] -- Up-to-date: /home/ice/polaris-bot/ros2_ws/install/services/share/services/cmake/servicesConfig.cmake
[3.967s] -- Up-to-date: /home/ice/polaris-bot/ros2_ws/install/services/share/services/cmake/servicesConfig-version.cmake
[3.968s] -- Up-to-date: /home/ice/polaris-bot/ros2_ws/install/services/share/services/package.xml
[3.979s] Invoked command in '/home/ice/polaris-bot/ros2_ws/build/services' returned '0': CMAKE_PREFIX_PATH=${CMAKE_PREFIX_PATH}:/opt/ros/humble /usr/bin/cmake --install /home/ice/polaris-bot/ros2_ws/build/services
