[0.327s] Invoking command in '/home/ice/microros_ws/firmware/mcu_ws/build/actionlib_msgs': AMENT_PREFIX_PATH=/home/ice/microros_ws/firmware/mcu_ws/install:${AMENT_PREFIX_PATH} CMAKE_PREFIX_PATH=/home/ice/microros_ws/firmware/mcu_ws/install:/home/ice/microros_ws/firmware/dev_ws/install/ament_lint_common:/home/ice/microros_ws/firmware/dev_ws/install/ament_cmake_uncrustify:/home/ice/microros_ws/firmware/dev_ws/install/uncrustify_vendor:/home/ice/microros_ws/firmware/dev_ws/install/ament_cmake_ros:/home/ice/microros_ws/firmware/dev_ws/install/ament_cmake_auto:/home/ice/microros_ws/firmware/dev_ws/install/ament_cmake_gmock:/home/ice/microros_ws/firmware/dev_ws/install/gmock_vendor:/home/ice/microros_ws/firmware/dev_ws/install/ament_cmake_gtest:/home/ice/microros_ws/firmware/dev_ws/install/gtest_vendor:/home/ice/microros_ws/firmware/dev_ws/install/ament_cmake_xmllint:/home/ice/microros_ws/firmware/dev_ws/install/ament_cmake_pyflakes:/home/ice/microros_ws/firmware/dev_ws/install/ament_cmake_pycodestyle:/home/ice/microros_ws/firmware/dev_ws/install/ament_cmake_pep257:/home/ice/microros_ws/firmware/dev_ws/install/ament_cmake_pclint:/home/ice/microros_ws/firmware/dev_ws/install/ament_lint_auto:/home/ice/microros_ws/firmware/dev_ws/install/ament_cmake:/home/ice/microros_ws/firmware/dev_ws/install/ament_cmake_version:/home/ice/microros_ws/firmware/dev_ws/install/ament_cmake_vendor_package:/home/ice/microros_ws/firmware/dev_ws/install/ament_cmake_pytest:/home/ice/microros_ws/firmware/dev_ws/install/ament_cmake_nose:/home/ice/microros_ws/firmware/dev_ws/install/ament_cmake_mypy:/home/ice/microros_ws/firmware/dev_ws/install/ament_cmake_lint_cmake:/home/ice/microros_ws/firmware/dev_ws/install/ament_cmake_google_benchmark:/home/ice/microros_ws/firmware/dev_ws/install/ament_cmake_flake8:/home/ice/microros_ws/firmware/dev_ws/install/ament_cmake_cpplint:/home/ice/microros_ws/firmware/dev_ws/install/ament_cmake_cppcheck:/home/ice/microros_ws/firmware/dev_ws/install/ament_cmake_copyright:/home/ice/microros_ws/firmware/dev_ws/install/ament_cmake_clang_tidy:/home/ice/microros_ws/firmware/dev_ws/install/ament_cmake_clang_format:/home/ice/microros_ws/firmware/dev_ws/install/ament_cmake_test:/home/ice/microros_ws/firmware/dev_ws/install/ament_cmake_target_dependencies:/home/ice/microros_ws/firmware/dev_ws/install/ament_cmake_python:/home/ice/microros_ws/firmware/dev_ws/install/ament_cmake_export_dependencies:/home/ice/microros_ws/firmware/dev_ws/install/ament_cmake_libraries:/home/ice/microros_ws/firmware/dev_ws/install/ament_cmake_include_directories:/home/ice/microros_ws/firmware/dev_ws/install/ament_cmake_gen_version_h:/home/ice/microros_ws/firmware/dev_ws/install/ament_cmake_export_targets:/home/ice/microros_ws/firmware/dev_ws/install/ament_cmake_export_link_flags:/home/ice/microros_ws/firmware/dev_ws/install/ament_cmake_export_interfaces:/home/ice/microros_ws/firmware/dev_ws/install/ament_cmake_export_libraries:/home/ice/microros_ws/firmware/dev_ws/install/ament_cmake_export_include_directories:/home/ice/microros_ws/firmware/dev_ws/install/ament_cmake_export_definitions:/home/ice/microros_ws/firmware/dev_ws/install/ament_cmake_core:/home/ice/microros_ws/firmware/dev_ws/install/ament_index_cpp:/home/ice/microros_ws/firmware/dev_ws/install/ament_uncrustify:/home/ice/microros_ws/firmware/dev_ws/install/domain_coordinator:/home/ice/microros_ws/firmware/dev_ws/install/ament_xmllint:/home/ice/microros_ws/firmware/dev_ws/install/ament_pyflakes:/home/ice/microros_ws/firmware/dev_ws/install/ament_pycodestyle:/home/ice/microros_ws/firmware/dev_ws/install/ament_pep257:/home/ice/microros_ws/firmware/dev_ws/install/ament_pclint:/home/ice/microros_ws/firmware/dev_ws/install/ament_package:/home/ice/microros_ws/firmware/dev_ws/install/ament_mypy:/home/ice/microros_ws/firmware/dev_ws/install/ament_lint_cmake:/home/ice/microros_ws/firmware/dev_ws/install/ament_flake8:/home/ice/microros_ws/firmware/dev_ws/install/ament_copyright:/home/ice/microros_ws/firmware/dev_ws/install/ament_lint:/home/ice/microros_ws/firmware/dev_ws/install/ament_index_python:/home/ice/microros_ws/firmware/dev_ws/install/ament_cpplint:/home/ice/microros_ws/firmware/dev_ws/install/ament_cppcheck:/home/ice/microros_ws/firmware/dev_ws/install/ament_clang_tidy:/home/ice/microros_ws/firmware/dev_ws/install/ament_clang_format LD_LIBRARY_PATH=/home/ice/microros_ws/firmware/mcu_ws/install/lib:${LD_LIBRARY_PATH} PATH=/home/ice/microros_ws/firmware/mcu_ws/install/bin:${PATH} PYTHONPATH=/home/ice/microros_ws/firmware/mcu_ws/install/lib/python3.10/site-packages:${PYTHONPATH} /usr/bin/cmake --build /home/ice/microros_ws/firmware/mcu_ws/build/actionlib_msgs -- -j2 -l2
[0.380s] gmake[4]: Entering directory '/home/ice/microros_ws/firmware/mcu_ws/build/actionlib_msgs'
[0.381s] /usr/bin/cmake -S/home/ice/microros_ws/firmware/mcu_ws/ros2/common_interfaces/actionlib_msgs -B/home/ice/microros_ws/firmware/mcu_ws/build/actionlib_msgs --check-build-system CMakeFiles/Makefile.cmake 0
[0.413s] Re-run cmake file: Makefile older than: /home/ice/microros_ws/firmware/freertos_apps/microros_esp32_extensions/esp32_toolchain.cmake
[0.419s] -- Found ament_cmake: 1.3.7 (/home/ice/microros_ws/firmware/dev_ws/install/ament_cmake/share/ament_cmake/cmake)
[0.889s] -- Found builtin_interfaces: 1.2.1 (/home/ice/microros_ws/firmware/mcu_ws/install/share/builtin_interfaces/cmake)
[0.915s] [33mCMake Warning at /home/ice/microros_ws/firmware/mcu_ws/install/share/rcutils/cmake/ament_cmake_export_libraries-extras.cmake:116 (message):
[0.915s]   Package 'rcutils' exports library 'dl' which couldn't be found
[0.915s] Call Stack (most recent call first):
[0.915s]   /home/ice/microros_ws/firmware/mcu_ws/install/share/rcutils/cmake/rcutilsConfig.cmake:41 (include)
[0.915s]   /home/ice/microros_ws/firmware/mcu_ws/install/share/rosidl_runtime_c/cmake/ament_cmake_export_dependencies-extras.cmake:21 (find_package)
[0.915s]   /home/ice/microros_ws/firmware/mcu_ws/install/share/rosidl_runtime_c/cmake/rosidl_runtime_cConfig.cmake:41 (include)
[0.915s]   /home/ice/microros_ws/firmware/mcu_ws/install/share/builtin_interfaces/cmake/ament_cmake_export_dependencies-extras.cmake:21 (find_package)
[0.915s]   /home/ice/microros_ws/firmware/mcu_ws/install/share/builtin_interfaces/cmake/builtin_interfacesConfig.cmake:41 (include)
[0.915s]   CMakeLists.txt:14 (find_package)
[0.915s] 
[0.915s] [0m
[0.947s] -- Using all available rosidl_typesupport_c: rosidl_typesupport_introspection_c;rosidl_typesupport_microxrcedds_c
[0.959s] -- Found rosidl_adapter: 3.1.5 (/home/ice/microros_ws/firmware/mcu_ws/install/share/rosidl_adapter/cmake)
[1.034s] -- Found rosidl_default_generators: 1.2.0 (/home/ice/microros_ws/firmware/mcu_ws/install/share/rosidl_default_generators/cmake)
[1.088s] -- Found std_msgs: 4.2.3 (/home/ice/microros_ws/firmware/mcu_ws/install/share/std_msgs/cmake)
[2.335s] -- Found ament_cmake_ros: 0.10.0 (/home/ice/microros_ws/firmware/dev_ws/install/ament_cmake_ros/share/ament_cmake_ros/cmake)
[2.752s] -- Using all available rosidl_typesupport_c: rosidl_typesupport_introspection_c;rosidl_typesupport_microxrcedds_c
[2.787s] -- Configuring done
[2.838s] -- Generating done
[2.844s] -- Build files have been written to: /home/ice/microros_ws/firmware/mcu_ws/build/actionlib_msgs
[2.853s] /usr/bin/cmake -E cmake_progress_start /home/ice/microros_ws/firmware/mcu_ws/build/actionlib_msgs/CMakeFiles /home/ice/microros_ws/firmware/mcu_ws/build/actionlib_msgs//CMakeFiles/progress.marks
[2.890s] /usr/bin/gmake  -f CMakeFiles/Makefile2 all
[2.895s] gmake[5]: Entering directory '/home/ice/microros_ws/firmware/mcu_ws/build/actionlib_msgs'
[2.895s] /usr/bin/gmake  -f CMakeFiles/actionlib_msgs__rosidl_generator_c.dir/build.make CMakeFiles/actionlib_msgs__rosidl_generator_c.dir/depend
[2.901s] gmake[6]: Entering directory '/home/ice/microros_ws/firmware/mcu_ws/build/actionlib_msgs'
[2.902s] cd /home/ice/microros_ws/firmware/mcu_ws/build/actionlib_msgs && /usr/bin/cmake -E cmake_depends "Unix Makefiles" /home/ice/microros_ws/firmware/mcu_ws/ros2/common_interfaces/actionlib_msgs /home/ice/microros_ws/firmware/mcu_ws/ros2/common_interfaces/actionlib_msgs /home/ice/microros_ws/firmware/mcu_ws/build/actionlib_msgs /home/ice/microros_ws/firmware/mcu_ws/build/actionlib_msgs /home/ice/microros_ws/firmware/mcu_ws/build/actionlib_msgs/CMakeFiles/actionlib_msgs__rosidl_generator_c.dir/DependInfo.cmake --color=
[2.933s] Dependencies file "CMakeFiles/actionlib_msgs__rosidl_generator_c.dir/rosidl_generator_c/actionlib_msgs/msg/detail/goal_id__functions.c.obj.d" is newer than depends file "/home/ice/microros_ws/firmware/mcu_ws/build/actionlib_msgs/CMakeFiles/actionlib_msgs__rosidl_generator_c.dir/compiler_depend.internal".
[2.934s] Dependencies file "CMakeFiles/actionlib_msgs__rosidl_generator_c.dir/rosidl_generator_c/actionlib_msgs/msg/detail/goal_status__functions.c.obj.d" is newer than depends file "/home/ice/microros_ws/firmware/mcu_ws/build/actionlib_msgs/CMakeFiles/actionlib_msgs__rosidl_generator_c.dir/compiler_depend.internal".
[2.934s] Dependencies file "CMakeFiles/actionlib_msgs__rosidl_generator_c.dir/rosidl_generator_c/actionlib_msgs/msg/detail/goal_status_array__functions.c.obj.d" is newer than depends file "/home/ice/microros_ws/firmware/mcu_ws/build/actionlib_msgs/CMakeFiles/actionlib_msgs__rosidl_generator_c.dir/compiler_depend.internal".
[2.934s] [35m[1mConsolidate compiler generated dependencies of target actionlib_msgs__rosidl_generator_c[0m
[2.946s] gmake[6]: Leaving directory '/home/ice/microros_ws/firmware/mcu_ws/build/actionlib_msgs'
[2.946s] /usr/bin/gmake  -f CMakeFiles/actionlib_msgs__rosidl_generator_c.dir/build.make CMakeFiles/actionlib_msgs__rosidl_generator_c.dir/build
[2.948s] gmake[6]: Entering directory '/home/ice/microros_ws/firmware/mcu_ws/build/actionlib_msgs'
[2.948s] gmake[6]: Nothing to be done for 'CMakeFiles/actionlib_msgs__rosidl_generator_c.dir/build'.
[2.948s] gmake[6]: Leaving directory '/home/ice/microros_ws/firmware/mcu_ws/build/actionlib_msgs'
[2.986s] [ 25%] Built target actionlib_msgs__rosidl_generator_c
[2.988s] /usr/bin/gmake  -f CMakeFiles/actionlib_msgs__rosidl_typesupport_microxrcedds_c.dir/build.make CMakeFiles/actionlib_msgs__rosidl_typesupport_microxrcedds_c.dir/depend
[2.994s] gmake[6]: Entering directory '/home/ice/microros_ws/firmware/mcu_ws/build/actionlib_msgs'
[2.994s] cd /home/ice/microros_ws/firmware/mcu_ws/build/actionlib_msgs && /usr/bin/cmake -E cmake_depends "Unix Makefiles" /home/ice/microros_ws/firmware/mcu_ws/ros2/common_interfaces/actionlib_msgs /home/ice/microros_ws/firmware/mcu_ws/ros2/common_interfaces/actionlib_msgs /home/ice/microros_ws/firmware/mcu_ws/build/actionlib_msgs /home/ice/microros_ws/firmware/mcu_ws/build/actionlib_msgs /home/ice/microros_ws/firmware/mcu_ws/build/actionlib_msgs/CMakeFiles/actionlib_msgs__rosidl_typesupport_microxrcedds_c.dir/DependInfo.cmake --color=
[3.013s] Dependencies file "CMakeFiles/actionlib_msgs__rosidl_typesupport_microxrcedds_c.dir/rosidl_typesupport_microxrcedds_c/actionlib_msgs/msg/detail/microxrcedds/goal_id__type_support_c.c.obj.d" is newer than depends file "/home/ice/microros_ws/firmware/mcu_ws/build/actionlib_msgs/CMakeFiles/actionlib_msgs__rosidl_typesupport_microxrcedds_c.dir/compiler_depend.internal".
[3.013s] Dependencies file "CMakeFiles/actionlib_msgs__rosidl_typesupport_microxrcedds_c.dir/rosidl_typesupport_microxrcedds_c/actionlib_msgs/msg/detail/microxrcedds/goal_status__type_support_c.c.obj.d" is newer than depends file "/home/ice/microros_ws/firmware/mcu_ws/build/actionlib_msgs/CMakeFiles/actionlib_msgs__rosidl_typesupport_microxrcedds_c.dir/compiler_depend.internal".
[3.014s] Dependencies file "CMakeFiles/actionlib_msgs__rosidl_typesupport_microxrcedds_c.dir/rosidl_typesupport_microxrcedds_c/actionlib_msgs/msg/detail/microxrcedds/goal_status_array__type_support_c.c.obj.d" is newer than depends file "/home/ice/microros_ws/firmware/mcu_ws/build/actionlib_msgs/CMakeFiles/actionlib_msgs__rosidl_typesupport_microxrcedds_c.dir/compiler_depend.internal".
[3.014s] [35m[1mConsolidate compiler generated dependencies of target actionlib_msgs__rosidl_typesupport_microxrcedds_c[0m
[3.018s] gmake[6]: Leaving directory '/home/ice/microros_ws/firmware/mcu_ws/build/actionlib_msgs'
[3.018s] /usr/bin/gmake  -f CMakeFiles/actionlib_msgs__rosidl_typesupport_microxrcedds_c.dir/build.make CMakeFiles/actionlib_msgs__rosidl_typesupport_microxrcedds_c.dir/build
[3.025s] gmake[6]: Entering directory '/home/ice/microros_ws/firmware/mcu_ws/build/actionlib_msgs'
[3.026s] gmake[6]: Nothing to be done for 'CMakeFiles/actionlib_msgs__rosidl_typesupport_microxrcedds_c.dir/build'.
[3.026s] gmake[6]: Leaving directory '/home/ice/microros_ws/firmware/mcu_ws/build/actionlib_msgs'
[3.046s] [ 50%] Built target actionlib_msgs__rosidl_typesupport_microxrcedds_c
[3.048s] /usr/bin/gmake  -f CMakeFiles/actionlib_msgs__rosidl_typesupport_introspection_c.dir/build.make CMakeFiles/actionlib_msgs__rosidl_typesupport_introspection_c.dir/depend
[3.053s] gmake[6]: Entering directory '/home/ice/microros_ws/firmware/mcu_ws/build/actionlib_msgs'
[3.054s] cd /home/ice/microros_ws/firmware/mcu_ws/build/actionlib_msgs && /usr/bin/cmake -E cmake_depends "Unix Makefiles" /home/ice/microros_ws/firmware/mcu_ws/ros2/common_interfaces/actionlib_msgs /home/ice/microros_ws/firmware/mcu_ws/ros2/common_interfaces/actionlib_msgs /home/ice/microros_ws/firmware/mcu_ws/build/actionlib_msgs /home/ice/microros_ws/firmware/mcu_ws/build/actionlib_msgs /home/ice/microros_ws/firmware/mcu_ws/build/actionlib_msgs/CMakeFiles/actionlib_msgs__rosidl_typesupport_introspection_c.dir/DependInfo.cmake --color=
[3.089s] Dependencies file "CMakeFiles/actionlib_msgs__rosidl_typesupport_introspection_c.dir/rosidl_typesupport_introspection_c/actionlib_msgs/msg/detail/goal_id__type_support.c.obj.d" is newer than depends file "/home/ice/microros_ws/firmware/mcu_ws/build/actionlib_msgs/CMakeFiles/actionlib_msgs__rosidl_typesupport_introspection_c.dir/compiler_depend.internal".
[3.090s] Dependencies file "CMakeFiles/actionlib_msgs__rosidl_typesupport_introspection_c.dir/rosidl_typesupport_introspection_c/actionlib_msgs/msg/detail/goal_status__type_support.c.obj.d" is newer than depends file "/home/ice/microros_ws/firmware/mcu_ws/build/actionlib_msgs/CMakeFiles/actionlib_msgs__rosidl_typesupport_introspection_c.dir/compiler_depend.internal".
[3.090s] Dependencies file "CMakeFiles/actionlib_msgs__rosidl_typesupport_introspection_c.dir/rosidl_typesupport_introspection_c/actionlib_msgs/msg/detail/goal_status_array__type_support.c.obj.d" is newer than depends file "/home/ice/microros_ws/firmware/mcu_ws/build/actionlib_msgs/CMakeFiles/actionlib_msgs__rosidl_typesupport_introspection_c.dir/compiler_depend.internal".
[3.090s] [35m[1mConsolidate compiler generated dependencies of target actionlib_msgs__rosidl_typesupport_introspection_c[0m
[3.094s] gmake[6]: Leaving directory '/home/ice/microros_ws/firmware/mcu_ws/build/actionlib_msgs'
[3.094s] /usr/bin/gmake  -f CMakeFiles/actionlib_msgs__rosidl_typesupport_introspection_c.dir/build.make CMakeFiles/actionlib_msgs__rosidl_typesupport_introspection_c.dir/build
[3.104s] gmake[6]: Entering directory '/home/ice/microros_ws/firmware/mcu_ws/build/actionlib_msgs'
[3.105s] gmake[6]: Nothing to be done for 'CMakeFiles/actionlib_msgs__rosidl_typesupport_introspection_c.dir/build'.
[3.105s] gmake[6]: Leaving directory '/home/ice/microros_ws/firmware/mcu_ws/build/actionlib_msgs'
[3.128s] [ 75%] Built target actionlib_msgs__rosidl_typesupport_introspection_c
[3.130s] /usr/bin/gmake  -f CMakeFiles/actionlib_msgs__rosidl_typesupport_c.dir/build.make CMakeFiles/actionlib_msgs__rosidl_typesupport_c.dir/depend
[3.138s] gmake[6]: Entering directory '/home/ice/microros_ws/firmware/mcu_ws/build/actionlib_msgs'
[3.138s] cd /home/ice/microros_ws/firmware/mcu_ws/build/actionlib_msgs && /usr/bin/cmake -E cmake_depends "Unix Makefiles" /home/ice/microros_ws/firmware/mcu_ws/ros2/common_interfaces/actionlib_msgs /home/ice/microros_ws/firmware/mcu_ws/ros2/common_interfaces/actionlib_msgs /home/ice/microros_ws/firmware/mcu_ws/build/actionlib_msgs /home/ice/microros_ws/firmware/mcu_ws/build/actionlib_msgs /home/ice/microros_ws/firmware/mcu_ws/build/actionlib_msgs/CMakeFiles/actionlib_msgs__rosidl_typesupport_c.dir/DependInfo.cmake --color=
[3.158s] Dependencies file "CMakeFiles/actionlib_msgs__rosidl_typesupport_c.dir/rosidl_typesupport_c/actionlib_msgs/msg/goal_id__type_support.cpp.obj.d" is newer than depends file "/home/ice/microros_ws/firmware/mcu_ws/build/actionlib_msgs/CMakeFiles/actionlib_msgs__rosidl_typesupport_c.dir/compiler_depend.internal".
[3.158s] Dependencies file "CMakeFiles/actionlib_msgs__rosidl_typesupport_c.dir/rosidl_typesupport_c/actionlib_msgs/msg/goal_status__type_support.cpp.obj.d" is newer than depends file "/home/ice/microros_ws/firmware/mcu_ws/build/actionlib_msgs/CMakeFiles/actionlib_msgs__rosidl_typesupport_c.dir/compiler_depend.internal".
[3.159s] Dependencies file "CMakeFiles/actionlib_msgs__rosidl_typesupport_c.dir/rosidl_typesupport_c/actionlib_msgs/msg/goal_status_array__type_support.cpp.obj.d" is newer than depends file "/home/ice/microros_ws/firmware/mcu_ws/build/actionlib_msgs/CMakeFiles/actionlib_msgs__rosidl_typesupport_c.dir/compiler_depend.internal".
[3.159s] [35m[1mConsolidate compiler generated dependencies of target actionlib_msgs__rosidl_typesupport_c[0m
[3.163s] gmake[6]: Leaving directory '/home/ice/microros_ws/firmware/mcu_ws/build/actionlib_msgs'
[3.164s] /usr/bin/gmake  -f CMakeFiles/actionlib_msgs__rosidl_typesupport_c.dir/build.make CMakeFiles/actionlib_msgs__rosidl_typesupport_c.dir/build
[3.170s] gmake[6]: Entering directory '/home/ice/microros_ws/firmware/mcu_ws/build/actionlib_msgs'
[3.170s] gmake[6]: Nothing to be done for 'CMakeFiles/actionlib_msgs__rosidl_typesupport_c.dir/build'.
[3.170s] gmake[6]: Leaving directory '/home/ice/microros_ws/firmware/mcu_ws/build/actionlib_msgs'
[3.209s] [100%] Built target actionlib_msgs__rosidl_typesupport_c
[3.211s] /usr/bin/gmake  -f CMakeFiles/actionlib_msgs.dir/build.make CMakeFiles/actionlib_msgs.dir/depend
[3.215s] gmake[6]: Entering directory '/home/ice/microros_ws/firmware/mcu_ws/build/actionlib_msgs'
[3.215s] cd /home/ice/microros_ws/firmware/mcu_ws/build/actionlib_msgs && /usr/bin/cmake -E cmake_depends "Unix Makefiles" /home/ice/microros_ws/firmware/mcu_ws/ros2/common_interfaces/actionlib_msgs /home/ice/microros_ws/firmware/mcu_ws/ros2/common_interfaces/actionlib_msgs /home/ice/microros_ws/firmware/mcu_ws/build/actionlib_msgs /home/ice/microros_ws/firmware/mcu_ws/build/actionlib_msgs /home/ice/microros_ws/firmware/mcu_ws/build/actionlib_msgs/CMakeFiles/actionlib_msgs.dir/DependInfo.cmake --color=
[3.238s] gmake[6]: Leaving directory '/home/ice/microros_ws/firmware/mcu_ws/build/actionlib_msgs'
[3.238s] /usr/bin/gmake  -f CMakeFiles/actionlib_msgs.dir/build.make CMakeFiles/actionlib_msgs.dir/build
[3.244s] gmake[6]: Entering directory '/home/ice/microros_ws/firmware/mcu_ws/build/actionlib_msgs'
[3.244s] gmake[6]: Nothing to be done for 'CMakeFiles/actionlib_msgs.dir/build'.
[3.244s] gmake[6]: Leaving directory '/home/ice/microros_ws/firmware/mcu_ws/build/actionlib_msgs'
[3.265s] [100%] Built target actionlib_msgs
[3.272s] gmake[5]: Leaving directory '/home/ice/microros_ws/firmware/mcu_ws/build/actionlib_msgs'
[3.284s] /usr/bin/cmake -E cmake_progress_start /home/ice/microros_ws/firmware/mcu_ws/build/actionlib_msgs/CMakeFiles 0
[3.313s] gmake[4]: Leaving directory '/home/ice/microros_ws/firmware/mcu_ws/build/actionlib_msgs'
[3.322s] Invoked command in '/home/ice/microros_ws/firmware/mcu_ws/build/actionlib_msgs' returned '0': AMENT_PREFIX_PATH=/home/ice/microros_ws/firmware/mcu_ws/install:${AMENT_PREFIX_PATH} CMAKE_PREFIX_PATH=/home/ice/microros_ws/firmware/mcu_ws/install:/home/ice/microros_ws/firmware/dev_ws/install/ament_lint_common:/home/ice/microros_ws/firmware/dev_ws/install/ament_cmake_uncrustify:/home/ice/microros_ws/firmware/dev_ws/install/uncrustify_vendor:/home/ice/microros_ws/firmware/dev_ws/install/ament_cmake_ros:/home/ice/microros_ws/firmware/dev_ws/install/ament_cmake_auto:/home/ice/microros_ws/firmware/dev_ws/install/ament_cmake_gmock:/home/ice/microros_ws/firmware/dev_ws/install/gmock_vendor:/home/ice/microros_ws/firmware/dev_ws/install/ament_cmake_gtest:/home/ice/microros_ws/firmware/dev_ws/install/gtest_vendor:/home/ice/microros_ws/firmware/dev_ws/install/ament_cmake_xmllint:/home/ice/microros_ws/firmware/dev_ws/install/ament_cmake_pyflakes:/home/ice/microros_ws/firmware/dev_ws/install/ament_cmake_pycodestyle:/home/ice/microros_ws/firmware/dev_ws/install/ament_cmake_pep257:/home/ice/microros_ws/firmware/dev_ws/install/ament_cmake_pclint:/home/ice/microros_ws/firmware/dev_ws/install/ament_lint_auto:/home/ice/microros_ws/firmware/dev_ws/install/ament_cmake:/home/ice/microros_ws/firmware/dev_ws/install/ament_cmake_version:/home/ice/microros_ws/firmware/dev_ws/install/ament_cmake_vendor_package:/home/ice/microros_ws/firmware/dev_ws/install/ament_cmake_pytest:/home/ice/microros_ws/firmware/dev_ws/install/ament_cmake_nose:/home/ice/microros_ws/firmware/dev_ws/install/ament_cmake_mypy:/home/ice/microros_ws/firmware/dev_ws/install/ament_cmake_lint_cmake:/home/ice/microros_ws/firmware/dev_ws/install/ament_cmake_google_benchmark:/home/ice/microros_ws/firmware/dev_ws/install/ament_cmake_flake8:/home/ice/microros_ws/firmware/dev_ws/install/ament_cmake_cpplint:/home/ice/microros_ws/firmware/dev_ws/install/ament_cmake_cppcheck:/home/ice/microros_ws/firmware/dev_ws/install/ament_cmake_copyright:/home/ice/microros_ws/firmware/dev_ws/install/ament_cmake_clang_tidy:/home/ice/microros_ws/firmware/dev_ws/install/ament_cmake_clang_format:/home/ice/microros_ws/firmware/dev_ws/install/ament_cmake_test:/home/ice/microros_ws/firmware/dev_ws/install/ament_cmake_target_dependencies:/home/ice/microros_ws/firmware/dev_ws/install/ament_cmake_python:/home/ice/microros_ws/firmware/dev_ws/install/ament_cmake_export_dependencies:/home/ice/microros_ws/firmware/dev_ws/install/ament_cmake_libraries:/home/ice/microros_ws/firmware/dev_ws/install/ament_cmake_include_directories:/home/ice/microros_ws/firmware/dev_ws/install/ament_cmake_gen_version_h:/home/ice/microros_ws/firmware/dev_ws/install/ament_cmake_export_targets:/home/ice/microros_ws/firmware/dev_ws/install/ament_cmake_export_link_flags:/home/ice/microros_ws/firmware/dev_ws/install/ament_cmake_export_interfaces:/home/ice/microros_ws/firmware/dev_ws/install/ament_cmake_export_libraries:/home/ice/microros_ws/firmware/dev_ws/install/ament_cmake_export_include_directories:/home/ice/microros_ws/firmware/dev_ws/install/ament_cmake_export_definitions:/home/ice/microros_ws/firmware/dev_ws/install/ament_cmake_core:/home/ice/microros_ws/firmware/dev_ws/install/ament_index_cpp:/home/ice/microros_ws/firmware/dev_ws/install/ament_uncrustify:/home/ice/microros_ws/firmware/dev_ws/install/domain_coordinator:/home/ice/microros_ws/firmware/dev_ws/install/ament_xmllint:/home/ice/microros_ws/firmware/dev_ws/install/ament_pyflakes:/home/ice/microros_ws/firmware/dev_ws/install/ament_pycodestyle:/home/ice/microros_ws/firmware/dev_ws/install/ament_pep257:/home/ice/microros_ws/firmware/dev_ws/install/ament_pclint:/home/ice/microros_ws/firmware/dev_ws/install/ament_package:/home/ice/microros_ws/firmware/dev_ws/install/ament_mypy:/home/ice/microros_ws/firmware/dev_ws/install/ament_lint_cmake:/home/ice/microros_ws/firmware/dev_ws/install/ament_flake8:/home/ice/microros_ws/firmware/dev_ws/install/ament_copyright:/home/ice/microros_ws/firmware/dev_ws/install/ament_lint:/home/ice/microros_ws/firmware/dev_ws/install/ament_index_python:/home/ice/microros_ws/firmware/dev_ws/install/ament_cpplint:/home/ice/microros_ws/firmware/dev_ws/install/ament_cppcheck:/home/ice/microros_ws/firmware/dev_ws/install/ament_clang_tidy:/home/ice/microros_ws/firmware/dev_ws/install/ament_clang_format LD_LIBRARY_PATH=/home/ice/microros_ws/firmware/mcu_ws/install/lib:${LD_LIBRARY_PATH} PATH=/home/ice/microros_ws/firmware/mcu_ws/install/bin:${PATH} PYTHONPATH=/home/ice/microros_ws/firmware/mcu_ws/install/lib/python3.10/site-packages:${PYTHONPATH} /usr/bin/cmake --build /home/ice/microros_ws/firmware/mcu_ws/build/actionlib_msgs -- -j2 -l2
[3.591s] Invoking command in '/home/ice/microros_ws/firmware/mcu_ws/build/actionlib_msgs': AMENT_PREFIX_PATH=/home/ice/microros_ws/firmware/mcu_ws/install:${AMENT_PREFIX_PATH} CMAKE_PREFIX_PATH=/home/ice/microros_ws/firmware/mcu_ws/install:/home/ice/microros_ws/firmware/dev_ws/install/ament_lint_common:/home/ice/microros_ws/firmware/dev_ws/install/ament_cmake_uncrustify:/home/ice/microros_ws/firmware/dev_ws/install/uncrustify_vendor:/home/ice/microros_ws/firmware/dev_ws/install/ament_cmake_ros:/home/ice/microros_ws/firmware/dev_ws/install/ament_cmake_auto:/home/ice/microros_ws/firmware/dev_ws/install/ament_cmake_gmock:/home/ice/microros_ws/firmware/dev_ws/install/gmock_vendor:/home/ice/microros_ws/firmware/dev_ws/install/ament_cmake_gtest:/home/ice/microros_ws/firmware/dev_ws/install/gtest_vendor:/home/ice/microros_ws/firmware/dev_ws/install/ament_cmake_xmllint:/home/ice/microros_ws/firmware/dev_ws/install/ament_cmake_pyflakes:/home/ice/microros_ws/firmware/dev_ws/install/ament_cmake_pycodestyle:/home/ice/microros_ws/firmware/dev_ws/install/ament_cmake_pep257:/home/ice/microros_ws/firmware/dev_ws/install/ament_cmake_pclint:/home/ice/microros_ws/firmware/dev_ws/install/ament_lint_auto:/home/ice/microros_ws/firmware/dev_ws/install/ament_cmake:/home/ice/microros_ws/firmware/dev_ws/install/ament_cmake_version:/home/ice/microros_ws/firmware/dev_ws/install/ament_cmake_vendor_package:/home/ice/microros_ws/firmware/dev_ws/install/ament_cmake_pytest:/home/ice/microros_ws/firmware/dev_ws/install/ament_cmake_nose:/home/ice/microros_ws/firmware/dev_ws/install/ament_cmake_mypy:/home/ice/microros_ws/firmware/dev_ws/install/ament_cmake_lint_cmake:/home/ice/microros_ws/firmware/dev_ws/install/ament_cmake_google_benchmark:/home/ice/microros_ws/firmware/dev_ws/install/ament_cmake_flake8:/home/ice/microros_ws/firmware/dev_ws/install/ament_cmake_cpplint:/home/ice/microros_ws/firmware/dev_ws/install/ament_cmake_cppcheck:/home/ice/microros_ws/firmware/dev_ws/install/ament_cmake_copyright:/home/ice/microros_ws/firmware/dev_ws/install/ament_cmake_clang_tidy:/home/ice/microros_ws/firmware/dev_ws/install/ament_cmake_clang_format:/home/ice/microros_ws/firmware/dev_ws/install/ament_cmake_test:/home/ice/microros_ws/firmware/dev_ws/install/ament_cmake_target_dependencies:/home/ice/microros_ws/firmware/dev_ws/install/ament_cmake_python:/home/ice/microros_ws/firmware/dev_ws/install/ament_cmake_export_dependencies:/home/ice/microros_ws/firmware/dev_ws/install/ament_cmake_libraries:/home/ice/microros_ws/firmware/dev_ws/install/ament_cmake_include_directories:/home/ice/microros_ws/firmware/dev_ws/install/ament_cmake_gen_version_h:/home/ice/microros_ws/firmware/dev_ws/install/ament_cmake_export_targets:/home/ice/microros_ws/firmware/dev_ws/install/ament_cmake_export_link_flags:/home/ice/microros_ws/firmware/dev_ws/install/ament_cmake_export_interfaces:/home/ice/microros_ws/firmware/dev_ws/install/ament_cmake_export_libraries:/home/ice/microros_ws/firmware/dev_ws/install/ament_cmake_export_include_directories:/home/ice/microros_ws/firmware/dev_ws/install/ament_cmake_export_definitions:/home/ice/microros_ws/firmware/dev_ws/install/ament_cmake_core:/home/ice/microros_ws/firmware/dev_ws/install/ament_index_cpp:/home/ice/microros_ws/firmware/dev_ws/install/ament_uncrustify:/home/ice/microros_ws/firmware/dev_ws/install/domain_coordinator:/home/ice/microros_ws/firmware/dev_ws/install/ament_xmllint:/home/ice/microros_ws/firmware/dev_ws/install/ament_pyflakes:/home/ice/microros_ws/firmware/dev_ws/install/ament_pycodestyle:/home/ice/microros_ws/firmware/dev_ws/install/ament_pep257:/home/ice/microros_ws/firmware/dev_ws/install/ament_pclint:/home/ice/microros_ws/firmware/dev_ws/install/ament_package:/home/ice/microros_ws/firmware/dev_ws/install/ament_mypy:/home/ice/microros_ws/firmware/dev_ws/install/ament_lint_cmake:/home/ice/microros_ws/firmware/dev_ws/install/ament_flake8:/home/ice/microros_ws/firmware/dev_ws/install/ament_copyright:/home/ice/microros_ws/firmware/dev_ws/install/ament_lint:/home/ice/microros_ws/firmware/dev_ws/install/ament_index_python:/home/ice/microros_ws/firmware/dev_ws/install/ament_cpplint:/home/ice/microros_ws/firmware/dev_ws/install/ament_cppcheck:/home/ice/microros_ws/firmware/dev_ws/install/ament_clang_tidy:/home/ice/microros_ws/firmware/dev_ws/install/ament_clang_format LD_LIBRARY_PATH=/home/ice/microros_ws/firmware/mcu_ws/install/lib:${LD_LIBRARY_PATH} PATH=/home/ice/microros_ws/firmware/mcu_ws/install/bin:${PATH} PYTHONPATH=/home/ice/microros_ws/firmware/mcu_ws/install/lib/python3.10/site-packages:${PYTHONPATH} /usr/bin/cmake --install /home/ice/microros_ws/firmware/mcu_ws/build/actionlib_msgs
[3.609s] -- Install configuration: "Debug"
[3.609s] -- Up-to-date: /home/ice/microros_ws/firmware/mcu_ws/install/share/ament_index/resource_index/rosidl_interfaces/actionlib_msgs
[3.609s] -- Up-to-date: /home/ice/microros_ws/firmware/mcu_ws/install/include/actionlib_msgs/actionlib_msgs
[3.610s] -- Up-to-date: /home/ice/microros_ws/firmware/mcu_ws/install/include/actionlib_msgs/actionlib_msgs/msg
[3.610s] -- Up-to-date: /home/ice/microros_ws/firmware/mcu_ws/install/include/actionlib_msgs/actionlib_msgs/msg/detail
[3.610s] -- Up-to-date: /home/ice/microros_ws/firmware/mcu_ws/install/include/actionlib_msgs/actionlib_msgs/msg/detail/goal_id__type_support.h
[3.610s] -- Up-to-date: /home/ice/microros_ws/firmware/mcu_ws/install/include/actionlib_msgs/actionlib_msgs/msg/detail/goal_id__struct.h
[3.610s] -- Up-to-date: /home/ice/microros_ws/firmware/mcu_ws/install/include/actionlib_msgs/actionlib_msgs/msg/detail/goal_status_array__struct.h
[3.610s] -- Up-to-date: /home/ice/microros_ws/firmware/mcu_ws/install/include/actionlib_msgs/actionlib_msgs/msg/detail/goal_status_array__type_support.h
[3.610s] -- Up-to-date: /home/ice/microros_ws/firmware/mcu_ws/install/include/actionlib_msgs/actionlib_msgs/msg/detail/goal_status_array__functions.c
[3.610s] -- Up-to-date: /home/ice/microros_ws/firmware/mcu_ws/install/include/actionlib_msgs/actionlib_msgs/msg/detail/goal_id__functions.c
[3.611s] -- Up-to-date: /home/ice/microros_ws/firmware/mcu_ws/install/include/actionlib_msgs/actionlib_msgs/msg/detail/goal_status_array__functions.h
[3.611s] -- Up-to-date: /home/ice/microros_ws/firmware/mcu_ws/install/include/actionlib_msgs/actionlib_msgs/msg/detail/goal_status__struct.h
[3.611s] -- Up-to-date: /home/ice/microros_ws/firmware/mcu_ws/install/include/actionlib_msgs/actionlib_msgs/msg/detail/goal_status__functions.h
[3.611s] -- Up-to-date: /home/ice/microros_ws/firmware/mcu_ws/install/include/actionlib_msgs/actionlib_msgs/msg/detail/goal_id__functions.h
[3.611s] -- Up-to-date: /home/ice/microros_ws/firmware/mcu_ws/install/include/actionlib_msgs/actionlib_msgs/msg/detail/goal_status__type_support.h
[3.611s] -- Up-to-date: /home/ice/microros_ws/firmware/mcu_ws/install/include/actionlib_msgs/actionlib_msgs/msg/detail/goal_status__functions.c
[3.611s] -- Up-to-date: /home/ice/microros_ws/firmware/mcu_ws/install/include/actionlib_msgs/actionlib_msgs/msg/goal_id.h
[3.611s] -- Up-to-date: /home/ice/microros_ws/firmware/mcu_ws/install/include/actionlib_msgs/actionlib_msgs/msg/rosidl_generator_c__visibility_control.h
[3.612s] -- Up-to-date: /home/ice/microros_ws/firmware/mcu_ws/install/include/actionlib_msgs/actionlib_msgs/msg/goal_status.h
[3.612s] -- Up-to-date: /home/ice/microros_ws/firmware/mcu_ws/install/include/actionlib_msgs/actionlib_msgs/msg/goal_status_array.h
[3.612s] -- Up-to-date: /home/ice/microros_ws/firmware/mcu_ws/install/share/actionlib_msgs/environment/library_path.sh
[3.612s] -- Installing: /home/ice/microros_ws/firmware/mcu_ws/install/share/actionlib_msgs/environment/library_path.dsv
[3.612s] -- Up-to-date: /home/ice/microros_ws/firmware/mcu_ws/install/lib/libactionlib_msgs__rosidl_generator_c.a
[3.613s] -- Up-to-date: /home/ice/microros_ws/firmware/mcu_ws/install/include/actionlib_msgs/actionlib_msgs
[3.614s] -- Up-to-date: /home/ice/microros_ws/firmware/mcu_ws/install/include/actionlib_msgs/actionlib_msgs/msg
[3.614s] -- Up-to-date: /home/ice/microros_ws/firmware/mcu_ws/install/include/actionlib_msgs/actionlib_msgs/msg/detail
[3.614s] -- Up-to-date: /home/ice/microros_ws/firmware/mcu_ws/install/include/actionlib_msgs/actionlib_msgs/msg/detail/goal_status_array__type_support.c
[3.615s] -- Up-to-date: /home/ice/microros_ws/firmware/mcu_ws/install/include/actionlib_msgs/actionlib_msgs/msg/detail/goal_status__type_support.c
[3.615s] -- Up-to-date: /home/ice/microros_ws/firmware/mcu_ws/install/include/actionlib_msgs/actionlib_msgs/msg/detail/goal_status_array__rosidl_typesupport_introspection_c.h
[3.615s] -- Up-to-date: /home/ice/microros_ws/firmware/mcu_ws/install/include/actionlib_msgs/actionlib_msgs/msg/detail/goal_id__type_support.c
[3.618s] -- Up-to-date: /home/ice/microros_ws/firmware/mcu_ws/install/include/actionlib_msgs/actionlib_msgs/msg/detail/goal_status__rosidl_typesupport_introspection_c.h
[3.619s] -- Up-to-date: /home/ice/microros_ws/firmware/mcu_ws/install/include/actionlib_msgs/actionlib_msgs/msg/detail/goal_id__rosidl_typesupport_introspection_c.h
[3.619s] -- Up-to-date: /home/ice/microros_ws/firmware/mcu_ws/install/include/actionlib_msgs/actionlib_msgs/msg/rosidl_typesupport_introspection_c__visibility_control.h
[3.620s] -- Up-to-date: /home/ice/microros_ws/firmware/mcu_ws/install/lib/libactionlib_msgs__rosidl_typesupport_introspection_c.a
[3.620s] -- Up-to-date: /home/ice/microros_ws/firmware/mcu_ws/install/include/actionlib_msgs
[3.620s] -- Up-to-date: /home/ice/microros_ws/firmware/mcu_ws/install/include/actionlib_msgs/msg
[3.621s] -- Up-to-date: /home/ice/microros_ws/firmware/mcu_ws/install/include/actionlib_msgs/msg/detail
[3.621s] -- Up-to-date: /home/ice/microros_ws/firmware/mcu_ws/install/include/actionlib_msgs/msg/detail/microxrcedds
[3.621s] -- Up-to-date: /home/ice/microros_ws/firmware/mcu_ws/install/include/actionlib_msgs/msg/detail/goal_status_array__rosidl_typesupport_microxrcedds_c.h
[3.622s] -- Up-to-date: /home/ice/microros_ws/firmware/mcu_ws/install/include/actionlib_msgs/msg/detail/goal_status__rosidl_typesupport_microxrcedds_c.h
[3.622s] -- Up-to-date: /home/ice/microros_ws/firmware/mcu_ws/install/include/actionlib_msgs/msg/detail/goal_id__rosidl_typesupport_microxrcedds_c.h
[3.623s] -- Up-to-date: /home/ice/microros_ws/firmware/mcu_ws/install/include/actionlib_msgs/msg/rosidl_typesupport_microxrcedds_c__visibility_control.h
[3.623s] -- Up-to-date: /home/ice/microros_ws/firmware/mcu_ws/install/lib/libactionlib_msgs__rosidl_typesupport_microxrcedds_c.a
[3.623s] -- Up-to-date: /home/ice/microros_ws/firmware/mcu_ws/install/lib/libactionlib_msgs__rosidl_typesupport_c.a
[3.624s] -- Up-to-date: /home/ice/microros_ws/firmware/mcu_ws/install/share/actionlib_msgs/msg/GoalID.idl
[3.625s] -- Up-to-date: /home/ice/microros_ws/firmware/mcu_ws/install/share/actionlib_msgs/msg/GoalStatus.idl
[3.625s] -- Up-to-date: /home/ice/microros_ws/firmware/mcu_ws/install/share/actionlib_msgs/msg/GoalStatusArray.idl
[3.626s] -- Up-to-date: /home/ice/microros_ws/firmware/mcu_ws/install/share/actionlib_msgs/msg/GoalID.msg
[3.626s] -- Up-to-date: /home/ice/microros_ws/firmware/mcu_ws/install/share/actionlib_msgs/msg/GoalStatus.msg
[3.627s] -- Up-to-date: /home/ice/microros_ws/firmware/mcu_ws/install/share/actionlib_msgs/msg/GoalStatusArray.msg
[3.627s] -- Up-to-date: /home/ice/microros_ws/firmware/mcu_ws/install/share/ament_index/resource_index/package_run_dependencies/actionlib_msgs
[3.627s] -- Up-to-date: /home/ice/microros_ws/firmware/mcu_ws/install/share/ament_index/resource_index/parent_prefix_path/actionlib_msgs
[3.630s] -- Up-to-date: /home/ice/microros_ws/firmware/mcu_ws/install/share/actionlib_msgs/environment/ament_prefix_path.sh
[3.630s] -- Installing: /home/ice/microros_ws/firmware/mcu_ws/install/share/actionlib_msgs/environment/ament_prefix_path.dsv
[3.630s] -- Up-to-date: /home/ice/microros_ws/firmware/mcu_ws/install/share/actionlib_msgs/environment/path.sh
[3.631s] -- Installing: /home/ice/microros_ws/firmware/mcu_ws/install/share/actionlib_msgs/environment/path.dsv
[3.631s] -- Up-to-date: /home/ice/microros_ws/firmware/mcu_ws/install/share/actionlib_msgs/local_setup.bash
[3.631s] -- Up-to-date: /home/ice/microros_ws/firmware/mcu_ws/install/share/actionlib_msgs/local_setup.sh
[3.631s] -- Up-to-date: /home/ice/microros_ws/firmware/mcu_ws/install/share/actionlib_msgs/local_setup.zsh
[3.638s] -- Installing: /home/ice/microros_ws/firmware/mcu_ws/install/share/actionlib_msgs/local_setup.dsv
[3.639s] -- Installing: /home/ice/microros_ws/firmware/mcu_ws/install/share/actionlib_msgs/package.dsv
[3.639s] -- Up-to-date: /home/ice/microros_ws/firmware/mcu_ws/install/share/ament_index/resource_index/packages/actionlib_msgs
[3.639s] -- Up-to-date: /home/ice/microros_ws/firmware/mcu_ws/install/share/actionlib_msgs/cmake/export_actionlib_msgs__rosidl_generator_cExport.cmake
[3.639s] -- Up-to-date: /home/ice/microros_ws/firmware/mcu_ws/install/share/actionlib_msgs/cmake/export_actionlib_msgs__rosidl_generator_cExport-debug.cmake
[3.640s] -- Up-to-date: /home/ice/microros_ws/firmware/mcu_ws/install/share/actionlib_msgs/cmake/actionlib_msgs__rosidl_typesupport_introspection_cExport.cmake
[3.640s] -- Up-to-date: /home/ice/microros_ws/firmware/mcu_ws/install/share/actionlib_msgs/cmake/actionlib_msgs__rosidl_typesupport_introspection_cExport-debug.cmake
[3.641s] -- Up-to-date: /home/ice/microros_ws/firmware/mcu_ws/install/share/actionlib_msgs/cmake/actionlib_msgs__rosidl_typesupport_cExport.cmake
[3.641s] -- Up-to-date: /home/ice/microros_ws/firmware/mcu_ws/install/share/actionlib_msgs/cmake/actionlib_msgs__rosidl_typesupport_cExport-debug.cmake
[3.641s] -- Up-to-date: /home/ice/microros_ws/firmware/mcu_ws/install/share/actionlib_msgs/cmake/rosidl_cmake-extras.cmake
[3.641s] -- Up-to-date: /home/ice/microros_ws/firmware/mcu_ws/install/share/actionlib_msgs/cmake/ament_cmake_export_dependencies-extras.cmake
[3.641s] -- Up-to-date: /home/ice/microros_ws/firmware/mcu_ws/install/share/actionlib_msgs/cmake/ament_cmake_export_include_directories-extras.cmake
[3.641s] -- Up-to-date: /home/ice/microros_ws/firmware/mcu_ws/install/share/actionlib_msgs/cmake/ament_cmake_export_libraries-extras.cmake
[3.642s] -- Up-to-date: /home/ice/microros_ws/firmware/mcu_ws/install/share/actionlib_msgs/cmake/ament_cmake_export_targets-extras.cmake
[3.642s] -- Up-to-date: /home/ice/microros_ws/firmware/mcu_ws/install/share/actionlib_msgs/cmake/rosidl_cmake_export_typesupport_targets-extras.cmake
[3.642s] -- Up-to-date: /home/ice/microros_ws/firmware/mcu_ws/install/share/actionlib_msgs/cmake/rosidl_cmake_export_typesupport_libraries-extras.cmake
[3.642s] -- Up-to-date: /home/ice/microros_ws/firmware/mcu_ws/install/share/actionlib_msgs/cmake/actionlib_msgsConfig.cmake
[3.643s] -- Up-to-date: /home/ice/microros_ws/firmware/mcu_ws/install/share/actionlib_msgs/cmake/actionlib_msgsConfig-version.cmake
[3.643s] -- Up-to-date: /home/ice/microros_ws/firmware/mcu_ws/install/share/actionlib_msgs/package.xml
[3.643s] Invoked command in '/home/ice/microros_ws/firmware/mcu_ws/build/actionlib_msgs' returned '0': AMENT_PREFIX_PATH=/home/ice/microros_ws/firmware/mcu_ws/install:${AMENT_PREFIX_PATH} CMAKE_PREFIX_PATH=/home/ice/microros_ws/firmware/mcu_ws/install:/home/ice/microros_ws/firmware/dev_ws/install/ament_lint_common:/home/ice/microros_ws/firmware/dev_ws/install/ament_cmake_uncrustify:/home/ice/microros_ws/firmware/dev_ws/install/uncrustify_vendor:/home/ice/microros_ws/firmware/dev_ws/install/ament_cmake_ros:/home/ice/microros_ws/firmware/dev_ws/install/ament_cmake_auto:/home/ice/microros_ws/firmware/dev_ws/install/ament_cmake_gmock:/home/ice/microros_ws/firmware/dev_ws/install/gmock_vendor:/home/ice/microros_ws/firmware/dev_ws/install/ament_cmake_gtest:/home/ice/microros_ws/firmware/dev_ws/install/gtest_vendor:/home/ice/microros_ws/firmware/dev_ws/install/ament_cmake_xmllint:/home/ice/microros_ws/firmware/dev_ws/install/ament_cmake_pyflakes:/home/ice/microros_ws/firmware/dev_ws/install/ament_cmake_pycodestyle:/home/ice/microros_ws/firmware/dev_ws/install/ament_cmake_pep257:/home/ice/microros_ws/firmware/dev_ws/install/ament_cmake_pclint:/home/ice/microros_ws/firmware/dev_ws/install/ament_lint_auto:/home/ice/microros_ws/firmware/dev_ws/install/ament_cmake:/home/ice/microros_ws/firmware/dev_ws/install/ament_cmake_version:/home/ice/microros_ws/firmware/dev_ws/install/ament_cmake_vendor_package:/home/ice/microros_ws/firmware/dev_ws/install/ament_cmake_pytest:/home/ice/microros_ws/firmware/dev_ws/install/ament_cmake_nose:/home/ice/microros_ws/firmware/dev_ws/install/ament_cmake_mypy:/home/ice/microros_ws/firmware/dev_ws/install/ament_cmake_lint_cmake:/home/ice/microros_ws/firmware/dev_ws/install/ament_cmake_google_benchmark:/home/ice/microros_ws/firmware/dev_ws/install/ament_cmake_flake8:/home/ice/microros_ws/firmware/dev_ws/install/ament_cmake_cpplint:/home/ice/microros_ws/firmware/dev_ws/install/ament_cmake_cppcheck:/home/ice/microros_ws/firmware/dev_ws/install/ament_cmake_copyright:/home/ice/microros_ws/firmware/dev_ws/install/ament_cmake_clang_tidy:/home/ice/microros_ws/firmware/dev_ws/install/ament_cmake_clang_format:/home/ice/microros_ws/firmware/dev_ws/install/ament_cmake_test:/home/ice/microros_ws/firmware/dev_ws/install/ament_cmake_target_dependencies:/home/ice/microros_ws/firmware/dev_ws/install/ament_cmake_python:/home/ice/microros_ws/firmware/dev_ws/install/ament_cmake_export_dependencies:/home/ice/microros_ws/firmware/dev_ws/install/ament_cmake_libraries:/home/ice/microros_ws/firmware/dev_ws/install/ament_cmake_include_directories:/home/ice/microros_ws/firmware/dev_ws/install/ament_cmake_gen_version_h:/home/ice/microros_ws/firmware/dev_ws/install/ament_cmake_export_targets:/home/ice/microros_ws/firmware/dev_ws/install/ament_cmake_export_link_flags:/home/ice/microros_ws/firmware/dev_ws/install/ament_cmake_export_interfaces:/home/ice/microros_ws/firmware/dev_ws/install/ament_cmake_export_libraries:/home/ice/microros_ws/firmware/dev_ws/install/ament_cmake_export_include_directories:/home/ice/microros_ws/firmware/dev_ws/install/ament_cmake_export_definitions:/home/ice/microros_ws/firmware/dev_ws/install/ament_cmake_core:/home/ice/microros_ws/firmware/dev_ws/install/ament_index_cpp:/home/ice/microros_ws/firmware/dev_ws/install/ament_uncrustify:/home/ice/microros_ws/firmware/dev_ws/install/domain_coordinator:/home/ice/microros_ws/firmware/dev_ws/install/ament_xmllint:/home/ice/microros_ws/firmware/dev_ws/install/ament_pyflakes:/home/ice/microros_ws/firmware/dev_ws/install/ament_pycodestyle:/home/ice/microros_ws/firmware/dev_ws/install/ament_pep257:/home/ice/microros_ws/firmware/dev_ws/install/ament_pclint:/home/ice/microros_ws/firmware/dev_ws/install/ament_package:/home/ice/microros_ws/firmware/dev_ws/install/ament_mypy:/home/ice/microros_ws/firmware/dev_ws/install/ament_lint_cmake:/home/ice/microros_ws/firmware/dev_ws/install/ament_flake8:/home/ice/microros_ws/firmware/dev_ws/install/ament_copyright:/home/ice/microros_ws/firmware/dev_ws/install/ament_lint:/home/ice/microros_ws/firmware/dev_ws/install/ament_index_python:/home/ice/microros_ws/firmware/dev_ws/install/ament_cpplint:/home/ice/microros_ws/firmware/dev_ws/install/ament_cppcheck:/home/ice/microros_ws/firmware/dev_ws/install/ament_clang_tidy:/home/ice/microros_ws/firmware/dev_ws/install/ament_clang_format LD_LIBRARY_PATH=/home/ice/microros_ws/firmware/mcu_ws/install/lib:${LD_LIBRARY_PATH} PATH=/home/ice/microros_ws/firmware/mcu_ws/install/bin:${PATH} PYTHONPATH=/home/ice/microros_ws/firmware/mcu_ws/install/lib/python3.10/site-packages:${PYTHONPATH} /usr/bin/cmake --install /home/ice/microros_ws/firmware/mcu_ws/build/actionlib_msgs
