[1.686s] Invoking command in '/home/ice/microros_ws/firmware/mcu_ws/uros/tracetools/tracetools_read': PYTHONPATH=/home/ice/microros_ws/firmware/mcu_ws/build/tracetools_read/prefix_override:/home/ice/microros_ws/firmware/mcu_ws/install/lib/python3.10/site-packages:${PYTHONPATH} /home/ice/microros_ws/firmware/toolchain/espressif/python_env/idf4.1_py3.10_env/bin/python setup.py egg_info --egg-base ../../../build/tracetools_read build --build-base /home/ice/microros_ws/firmware/mcu_ws/build/tracetools_read/build install --record /home/ice/microros_ws/firmware/mcu_ws/build/tracetools_read/install.log --single-version-externally-managed
[2.098s] running egg_info
[2.128s] writing ../../../build/tracetools_read/tracetools_read.egg-info/PKG-INFO
[2.131s] writing dependency_links to ../../../build/tracetools_read/tracetools_read.egg-info/dependency_links.txt
[2.132s] writing requirements to ../../../build/tracetools_read/tracetools_read.egg-info/requires.txt
[2.132s] writing top-level names to ../../../build/tracetools_read/tracetools_read.egg-info/top_level.txt
[2.177s] reading manifest file '../../../build/tracetools_read/tracetools_read.egg-info/SOURCES.txt'
[2.187s] writing manifest file '../../../build/tracetools_read/tracetools_read.egg-info/SOURCES.txt'
[2.188s] running build
[2.188s] running build_py
[2.189s] copying tracetools_read/trace.py -> /home/ice/microros_ws/firmware/mcu_ws/build/tracetools_read/build/lib/tracetools_read
[2.192s] copying tracetools_read/__init__.py -> /home/ice/microros_ws/firmware/mcu_ws/build/tracetools_read/build/lib/tracetools_read
[2.192s] running install
[2.193s] /home/ice/microros_ws/firmware/toolchain/espressif/python_env/idf4.1_py3.10_env/lib/python3.10/site-packages/setuptools/_distutils/cmd.py:66: SetuptoolsDeprecationWarning: setup.py install is deprecated.
[2.193s] !!
[2.193s] 
[2.193s]         ********************************************************************************
[2.193s]         Please avoid running ``setup.py`` directly.
[2.193s]         Instead, use pypa/build, pypa/installer or other
[2.194s]         standards-based tools.
[2.194s] 
[2.194s]         See https://blog.ganssle.io/articles/2021/10/setup-py-deprecated.html for details.
[2.194s]         ********************************************************************************
[2.194s] 
[2.194s] !!
[2.194s]   self.initialize_options()
[2.211s] running install_lib
[2.225s] running install_data
[2.239s] copying package.xml -> /home/ice/microros_ws/firmware/mcu_ws/install/share/tracetools_read
[2.240s] copying resource/tracetools_read -> /home/ice/microros_ws/firmware/mcu_ws/install/share/ament_index/resource_index/packages
[2.240s] running install_egg_info
[2.273s] removing '/home/ice/microros_ws/firmware/mcu_ws/install/lib/python3.10/site-packages/tracetools_read-4.1.1-py3.10.egg-info' (and everything under it)
[2.274s] Copying ../../../build/tracetools_read/tracetools_read.egg-info to /home/ice/microros_ws/firmware/mcu_ws/install/lib/python3.10/site-packages/tracetools_read-4.1.1-py3.10.egg-info
[2.277s] running install_scripts
[2.456s] writing list of installed files to '/home/ice/microros_ws/firmware/mcu_ws/build/tracetools_read/install.log'
[2.527s] Invoked command in '/home/ice/microros_ws/firmware/mcu_ws/uros/tracetools/tracetools_read' returned '0': PYTHONPATH=/home/ice/microros_ws/firmware/mcu_ws/build/tracetools_read/prefix_override:/home/ice/microros_ws/firmware/mcu_ws/install/lib/python3.10/site-packages:${PYTHONPATH} /home/ice/microros_ws/firmware/toolchain/espressif/python_env/idf4.1_py3.10_env/bin/python setup.py egg_info --egg-base ../../../build/tracetools_read build --build-base /home/ice/microros_ws/firmware/mcu_ws/build/tracetools_read/build install --record /home/ice/microros_ws/firmware/mcu_ws/build/tracetools_read/install.log --single-version-externally-managed
