[0.439s] Invoking command in '/home/ice/polaris-bot/ros2_ws/build/polaris_controller': CMAKE_PREFIX_PATH=/home/ice/polaris-bot/ros2_ws/install/ros2_control_demo_description:/home/ice/polaris-bot/ros2_ws/install/messages:/home/ice/polaris-bot/ros2_ws/install/services:/home/ice/polaris-bot/ros2_ws/install/polaris_controller:/home/ice/polaris-bot/ros2_ws/install/my_diff_drive_bot:/opt/ros/humble LD_LIBRARY_PATH=/home/ice/polaris-bot/ros2_ws/install/messages/lib:/home/ice/polaris-bot/ros2_ws/install/services/lib:/home/ice/polaris-bot/ros2_ws/install/polaris_controller/lib:/usr/lib/x86_64-linux-gnu/gazebo-11/plugins:/opt/ros/humble/opt/rviz_ogre_vendor/lib:/opt/ros/humble/lib/x86_64-linux-gnu:/opt/ros/humble/lib /usr/bin/cmake --build /home/ice/polaris-bot/ros2_ws/build/polaris_controller -- -j2 -l2
[0.600s] [35m[1mConsolidate compiler generated dependencies of target polaris_controller[0m
[0.677s] [ 50%] [32mBuilding CXX object CMakeFiles/polaris_controller.dir/hardware/polaris_system.cpp.o[0m
[7.401s] [01m[K/home/ice/polaris-bot/ros2_ws/src/polaris_controller/hardware/polaris_system.cpp:[m[K In member function ‘[01m[Kvirtual hardware_interface::CallbackReturn polaris_controller::PolarisSystemHardware::on_init(const hardware_interface::HardwareInfo&)[m[K’:
[7.402s] [01m[K/home/ice/polaris-bot/ros2_ws/src/polaris_controller/hardware/polaris_system.cpp:79:7:[m[K [01;31m[Kerror: [m[K‘[01m[Kget_hardware_parameter[m[K’ was not declared in this scope
[7.402s]    79 |       [01;31m[Kget_hardware_parameter[m[K("joint_commands_topic", "/robot_joint_commands"), rclcpp::QoS(1));
[7.402s]       |       [01;31m[K^~~~~~~~~~~~~~~~~~~~~~[m[K
[7.416s] [01m[K/home/ice/polaris-bot/ros2_ws/src/polaris_controller/hardware/polaris_system.cpp:[m[K In lambda function:
[7.416s] [01m[K/home/ice/polaris-bot/ros2_ws/src/polaris_controller/hardware/polaris_system.cpp:82:84:[m[K [01;31m[Kerror: [m[K‘[01m[Kenc[m[K’ was not declared in this scope
[7.416s]    82 |       [this](const messages::msg::EncoderFeedBack::SharedPtr encoder_feed_back_) { [01;31m[Kenc[m[K = *encoder_feed_back_; });
[7.416s]       |                                                                                    [01;31m[K^~~[m[K
[7.460s] [01m[K/home/ice/polaris-bot/ros2_ws/src/polaris_controller/hardware/polaris_system.cpp:[m[K In member function ‘[01m[Kvirtual hardware_interface::return_type polaris_controller::PolarisSystemHardware::read(const rclcpp::Time&, const rclcpp::Duration&)[m[K’:
[7.461s] [01m[K/home/ice/polaris-bot/ros2_ws/src/polaris_controller/hardware/polaris_system.cpp:212:22:[m[K [01;31m[Kerror: [m[K‘[01m[Kenc[m[K’ was not declared in this scope
[7.461s]   212 |   hw_positions_[0] = [01;31m[Kenc[m[K * 0.5; // rads per count
[7.461s]       |                      [01;31m[K^~~[m[K
[7.462s] [01m[K/home/ice/polaris-bot/ros2_ws/src/polaris_controller/hardware/polaris_system.cpp:215:10:[m[K [01;31m[Kerror: [m[Kredeclaration of ‘[01m[Kdouble pos_prev[m[K’
[7.463s]   215 |   double [01;31m[Kpos_prev[m[K = hw_positions_[1];
[7.463s]       |          [01;31m[K^~~~~~~~[m[K
[7.463s] [01m[K/home/ice/polaris-bot/ros2_ws/src/polaris_controller/hardware/polaris_system.cpp:211:10:[m[K [01;36m[Knote: [m[K‘[01m[Kdouble pos_prev[m[K’ previously declared here
[7.463s]   211 |   double [01;36m[Kpos_prev[m[K = hw_positions_[0];
[7.463s]       |          [01;36m[K^~~~~~~~[m[K
[7.487s] [01m[K/home/ice/polaris-bot/ros2_ws/src/polaris_controller/hardware/polaris_system.cpp:[m[K In member function ‘[01m[Kvirtual hardware_interface::return_type polaris_controller::PolarisSystemHardware::write(const rclcpp::Time&, const rclcpp::Duration&)[m[K’:
[7.487s] [01m[K/home/ice/polaris-bot/ros2_ws/src/polaris_controller/hardware/polaris_system.cpp:229:3:[m[K [01;31m[Kerror: [m[K‘[01m[Ktopic_based_joint_commands_publisher_[m[K’ was not declared in this scope
[7.487s]   229 |   [01;31m[Ktopic_based_joint_commands_publisher_[m[K->publish(message);
[7.488s]       |   [01;31m[K^~~~~~~~~~~~~~~~~~~~~~~~~~~~~~~~~~~~~[m[K
[8.910s] gmake[2]: *** [CMakeFiles/polaris_controller.dir/build.make:76: CMakeFiles/polaris_controller.dir/hardware/polaris_system.cpp.o] Error 1
[8.910s] gmake[1]: *** [CMakeFiles/Makefile2:137: CMakeFiles/polaris_controller.dir/all] Error 2
[8.911s] gmake: *** [Makefile:146: all] Error 2
[8.922s] Invoked command in '/home/ice/polaris-bot/ros2_ws/build/polaris_controller' returned '2': CMAKE_PREFIX_PATH=/home/ice/polaris-bot/ros2_ws/install/ros2_control_demo_description:/home/ice/polaris-bot/ros2_ws/install/messages:/home/ice/polaris-bot/ros2_ws/install/services:/home/ice/polaris-bot/ros2_ws/install/polaris_controller:/home/ice/polaris-bot/ros2_ws/install/my_diff_drive_bot:/opt/ros/humble LD_LIBRARY_PATH=/home/ice/polaris-bot/ros2_ws/install/messages/lib:/home/ice/polaris-bot/ros2_ws/install/services/lib:/home/ice/polaris-bot/ros2_ws/install/polaris_controller/lib:/usr/lib/x86_64-linux-gnu/gazebo-11/plugins:/opt/ros/humble/opt/rviz_ogre_vendor/lib:/opt/ros/humble/lib/x86_64-linux-gnu:/opt/ros/humble/lib /usr/bin/cmake --build /home/ice/polaris-bot/ros2_ws/build/polaris_controller -- -j2 -l2
