[1.753s] Invoking command in '/home/ice/microros_ws/firmware/mcu_ws/ros2/rosidl/rosidl_cli': PYTHONPATH=/home/ice/microros_ws/firmware/mcu_ws/build/rosidl_cli/prefix_override:/home/ice/microros_ws/firmware/mcu_ws/install/lib/python3.10/site-packages:${PYTHONPATH} /home/ice/microros_ws/firmware/toolchain/espressif/python_env/idf4.1_py3.10_env/bin/python setup.py egg_info --egg-base ../../../build/rosidl_cli build --build-base /home/ice/microros_ws/firmware/mcu_ws/build/rosidl_cli/build install --record /home/ice/microros_ws/firmware/mcu_ws/build/rosidl_cli/install.log --single-version-externally-managed
[2.191s] running egg_info
[2.217s] writing ../../../build/rosidl_cli/rosidl_cli.egg-info/PKG-INFO
[2.234s] writing dependency_links to ../../../build/rosidl_cli/rosidl_cli.egg-info/dependency_links.txt
[2.234s] writing entry points to ../../../build/rosidl_cli/rosidl_cli.egg-info/entry_points.txt
[2.235s] writing requirements to ../../../build/rosidl_cli/rosidl_cli.egg-info/requires.txt
[2.235s] writing top-level names to ../../../build/rosidl_cli/rosidl_cli.egg-info/top_level.txt
[2.261s] reading manifest file '../../../build/rosidl_cli/rosidl_cli.egg-info/SOURCES.txt'
[2.273s] writing manifest file '../../../build/rosidl_cli/rosidl_cli.egg-info/SOURCES.txt'
[2.273s] running build
[2.273s] running build_py
[2.274s] copying rosidl_cli/cli.py -> /home/ice/microros_ws/firmware/mcu_ws/build/rosidl_cli/build/lib/rosidl_cli
[2.275s] copying rosidl_cli/common.py -> /home/ice/microros_ws/firmware/mcu_ws/build/rosidl_cli/build/lib/rosidl_cli
[2.275s] copying rosidl_cli/entry_points.py -> /home/ice/microros_ws/firmware/mcu_ws/build/rosidl_cli/build/lib/rosidl_cli
[2.275s] copying rosidl_cli/extensions.py -> /home/ice/microros_ws/firmware/mcu_ws/build/rosidl_cli/build/lib/rosidl_cli
[2.278s] copying rosidl_cli/__init__.py -> /home/ice/microros_ws/firmware/mcu_ws/build/rosidl_cli/build/lib/rosidl_cli
[2.278s] copying rosidl_cli/command/helpers.py -> /home/ice/microros_ws/firmware/mcu_ws/build/rosidl_cli/build/lib/rosidl_cli/command
[2.280s] copying rosidl_cli/command/__init__.py -> /home/ice/microros_ws/firmware/mcu_ws/build/rosidl_cli/build/lib/rosidl_cli/command
[2.288s] copying rosidl_cli/command/generate/api.py -> /home/ice/microros_ws/firmware/mcu_ws/build/rosidl_cli/build/lib/rosidl_cli/command/generate
[2.292s] copying rosidl_cli/command/generate/extensions.py -> /home/ice/microros_ws/firmware/mcu_ws/build/rosidl_cli/build/lib/rosidl_cli/command/generate
[2.295s] copying rosidl_cli/command/generate/__init__.py -> /home/ice/microros_ws/firmware/mcu_ws/build/rosidl_cli/build/lib/rosidl_cli/command/generate
[2.298s] copying rosidl_cli/command/translate/api.py -> /home/ice/microros_ws/firmware/mcu_ws/build/rosidl_cli/build/lib/rosidl_cli/command/translate
[2.301s] copying rosidl_cli/command/translate/extensions.py -> /home/ice/microros_ws/firmware/mcu_ws/build/rosidl_cli/build/lib/rosidl_cli/command/translate
[2.303s] copying rosidl_cli/command/translate/__init__.py -> /home/ice/microros_ws/firmware/mcu_ws/build/rosidl_cli/build/lib/rosidl_cli/command/translate
[2.306s] running install
[2.309s] /home/ice/microros_ws/firmware/toolchain/espressif/python_env/idf4.1_py3.10_env/lib/python3.10/site-packages/setuptools/_distutils/cmd.py:66: SetuptoolsDeprecationWarning: setup.py install is deprecated.
[2.309s] !!
[2.309s] 
[2.309s]         ********************************************************************************
[2.309s]         Please avoid running ``setup.py`` directly.
[2.309s]         Instead, use pypa/build, pypa/installer or other
[2.309s]         standards-based tools.
[2.310s] 
[2.310s]         See https://blog.ganssle.io/articles/2021/10/setup-py-deprecated.html for details.
[2.310s]         ********************************************************************************
[2.310s] 
[2.310s] !!
[2.310s]   self.initialize_options()
[2.321s] running install_lib
[2.337s] running install_data
[2.350s] copying resource/rosidl_cli -> /home/ice/microros_ws/firmware/mcu_ws/install/share/ament_index/resource_index/packages
[2.352s] copying package.xml -> /home/ice/microros_ws/firmware/mcu_ws/install/share/rosidl_cli
[2.353s] copying completion/rosidl-argcomplete.bash -> /home/ice/microros_ws/firmware/mcu_ws/install/share/rosidl_cli/environment
[2.357s] copying completion/rosidl-argcomplete.zsh -> /home/ice/microros_ws/firmware/mcu_ws/install/share/rosidl_cli/environment
[2.359s] running install_egg_info
[2.376s] removing '/home/ice/microros_ws/firmware/mcu_ws/install/lib/python3.10/site-packages/rosidl_cli-3.1.5-py3.10.egg-info' (and everything under it)
[2.378s] Copying ../../../build/rosidl_cli/rosidl_cli.egg-info to /home/ice/microros_ws/firmware/mcu_ws/install/lib/python3.10/site-packages/rosidl_cli-3.1.5-py3.10.egg-info
[2.382s] running install_scripts
[2.534s] Installing rosidl script to /home/ice/microros_ws/firmware/mcu_ws/install/bin
[2.537s] writing list of installed files to '/home/ice/microros_ws/firmware/mcu_ws/build/rosidl_cli/install.log'
[2.629s] Invoked command in '/home/ice/microros_ws/firmware/mcu_ws/ros2/rosidl/rosidl_cli' returned '0': PYTHONPATH=/home/ice/microros_ws/firmware/mcu_ws/build/rosidl_cli/prefix_override:/home/ice/microros_ws/firmware/mcu_ws/install/lib/python3.10/site-packages:${PYTHONPATH} /home/ice/microros_ws/firmware/toolchain/espressif/python_env/idf4.1_py3.10_env/bin/python setup.py egg_info --egg-base ../../../build/rosidl_cli build --build-base /home/ice/microros_ws/firmware/mcu_ws/build/rosidl_cli/build install --record /home/ice/microros_ws/firmware/mcu_ws/build/rosidl_cli/install.log --single-version-externally-managed
