gmake[4]: Entering directory '/home/ice/microros_ws/firmware/mcu_ws/build/rcl'
/usr/bin/cmake -S/home/ice/microros_ws/firmware/mcu_ws/uros/rcl/rcl -B/home/ice/microros_ws/firmware/mcu_ws/build/rcl --check-build-system CMakeFiles/Makefile.cmake 0
Re-run cmake file: Makefile older than: /home/ice/microros_ws/firmware/freertos_apps/microros_esp32_extensions/esp32_toolchain.cmake
-- Found ament_cmake_ros: 0.10.0 (/home/ice/microros_ws/firmware/dev_ws/install/ament_cmake_ros/share/ament_cmake_ros/cmake)
-- Found rcl_interfaces: 1.2.1 (/home/ice/microros_ws/firmware/mcu_ws/install/share/rcl_interfaces/cmake)
-- Using all available rosidl_typesupport_c: rosidl_typesupport_introspection_c;rosidl_typesupport_microxrcedds_c
-- Found rosidl_adapter: 3.1.5 (/home/ice/microros_ws/firmware/mcu_ws/install/share/rosidl_adapter/cmake)
-- Found rcl_logging_interface: 2.3.1 (/home/ice/microros_ws/firmware/mcu_ws/install/share/rcl_logging_interface/cmake)
-- Found rmw_implementation: 2.8.2 (/home/ice/microros_ws/firmware/mcu_ws/install/share/rmw_implementation/cmake)
-- Found rmw_implementation_cmake: 6.1.1 (/home/ice/microros_ws/firmware/mcu_ws/install/share/rmw_implementation_cmake/cmake)
-- Found rmw_microxrcedds: 3.0.2 (/home/ice/microros_ws/firmware/mcu_ws/install/share/rmw_microxrcedds/cmake)
-- Using RMW implementation 'rmw_microxrcedds'
-- Found tracetools: 4.1.1 (/home/ice/microros_ws/firmware/mcu_ws/install/share/tracetools/cmake)
-- Configuring done
-- Generating done
-- Build files have been written to: /home/ice/microros_ws/firmware/mcu_ws/build/rcl
/usr/bin/cmake -E cmake_progress_start /home/ice/microros_ws/firmware/mcu_ws/build/rcl/CMakeFiles /home/ice/microros_ws/firmware/mcu_ws/build/rcl//CMakeFiles/progress.marks
/usr/bin/gmake  -f CMakeFiles/Makefile2 all
gmake[5]: Entering directory '/home/ice/microros_ws/firmware/mcu_ws/build/rcl'
/usr/bin/gmake  -f CMakeFiles/rcl.dir/build.make CMakeFiles/rcl.dir/depend
gmake[6]: Entering directory '/home/ice/microros_ws/firmware/mcu_ws/build/rcl'
cd /home/ice/microros_ws/firmware/mcu_ws/build/rcl && /usr/bin/cmake -E cmake_depends "Unix Makefiles" /home/ice/microros_ws/firmware/mcu_ws/uros/rcl/rcl /home/ice/microros_ws/firmware/mcu_ws/uros/rcl/rcl /home/ice/microros_ws/firmware/mcu_ws/build/rcl /home/ice/microros_ws/firmware/mcu_ws/build/rcl /home/ice/microros_ws/firmware/mcu_ws/build/rcl/CMakeFiles/rcl.dir/DependInfo.cmake --color=
Dependencies file "CMakeFiles/rcl.dir/src/rcl/client.c.obj.d" is newer than depends file "/home/ice/microros_ws/firmware/mcu_ws/build/rcl/CMakeFiles/rcl.dir/compiler_depend.internal".
Dependencies file "CMakeFiles/rcl.dir/src/rcl/common.c.obj.d" is newer than depends file "/home/ice/microros_ws/firmware/mcu_ws/build/rcl/CMakeFiles/rcl.dir/compiler_depend.internal".
Dependencies file "CMakeFiles/rcl.dir/src/rcl/context.c.obj.d" is newer than depends file "/home/ice/microros_ws/firmware/mcu_ws/build/rcl/CMakeFiles/rcl.dir/compiler_depend.internal".
Dependencies file "CMakeFiles/rcl.dir/src/rcl/domain_id.c.obj.d" is newer than depends file "/home/ice/microros_ws/firmware/mcu_ws/build/rcl/CMakeFiles/rcl.dir/compiler_depend.internal".
Dependencies file "CMakeFiles/rcl.dir/src/rcl/event.c.obj.d" is newer than depends file "/home/ice/microros_ws/firmware/mcu_ws/build/rcl/CMakeFiles/rcl.dir/compiler_depend.internal".
Dependencies file "CMakeFiles/rcl.dir/src/rcl/expand_topic_name.c.obj.d" is newer than depends file "/home/ice/microros_ws/firmware/mcu_ws/build/rcl/CMakeFiles/rcl.dir/compiler_depend.internal".
Dependencies file "CMakeFiles/rcl.dir/src/rcl/graph.c.obj.d" is newer than depends file "/home/ice/microros_ws/firmware/mcu_ws/build/rcl/CMakeFiles/rcl.dir/compiler_depend.internal".
Dependencies file "CMakeFiles/rcl.dir/src/rcl/guard_condition.c.obj.d" is newer than depends file "/home/ice/microros_ws/firmware/mcu_ws/build/rcl/CMakeFiles/rcl.dir/compiler_depend.internal".
Dependencies file "CMakeFiles/rcl.dir/src/rcl/init.c.obj.d" is newer than depends file "/home/ice/microros_ws/firmware/mcu_ws/build/rcl/CMakeFiles/rcl.dir/compiler_depend.internal".
Dependencies file "CMakeFiles/rcl.dir/src/rcl/init_options.c.obj.d" is newer than depends file "/home/ice/microros_ws/firmware/mcu_ws/build/rcl/CMakeFiles/rcl.dir/compiler_depend.internal".
Dependencies file "CMakeFiles/rcl.dir/src/rcl/lexer.c.obj.d" is newer than depends file "/home/ice/microros_ws/firmware/mcu_ws/build/rcl/CMakeFiles/rcl.dir/compiler_depend.internal".
Dependencies file "CMakeFiles/rcl.dir/src/rcl/lexer_lookahead.c.obj.d" is newer than depends file "/home/ice/microros_ws/firmware/mcu_ws/build/rcl/CMakeFiles/rcl.dir/compiler_depend.internal".
Dependencies file "CMakeFiles/rcl.dir/src/rcl/localhost.c.obj.d" is newer than depends file "/home/ice/microros_ws/firmware/mcu_ws/build/rcl/CMakeFiles/rcl.dir/compiler_depend.internal".
Dependencies file "CMakeFiles/rcl.dir/src/rcl/network_flow_endpoints.c.obj.d" is newer than depends file "/home/ice/microros_ws/firmware/mcu_ws/build/rcl/CMakeFiles/rcl.dir/compiler_depend.internal".
Dependencies file "CMakeFiles/rcl.dir/src/rcl/node.c.obj.d" is newer than depends file "/home/ice/microros_ws/firmware/mcu_ws/build/rcl/CMakeFiles/rcl.dir/compiler_depend.internal".
Dependencies file "CMakeFiles/rcl.dir/src/rcl/node_options.c.obj.d" is newer than depends file "/home/ice/microros_ws/firmware/mcu_ws/build/rcl/CMakeFiles/rcl.dir/compiler_depend.internal".
Dependencies file "CMakeFiles/rcl.dir/src/rcl/node_resolve_name.c.obj.d" is newer than depends file "/home/ice/microros_ws/firmware/mcu_ws/build/rcl/CMakeFiles/rcl.dir/compiler_depend.internal".
Dependencies file "CMakeFiles/rcl.dir/src/rcl/publisher.c.obj.d" is newer than depends file "/home/ice/microros_ws/firmware/mcu_ws/build/rcl/CMakeFiles/rcl.dir/compiler_depend.internal".
Dependencies file "CMakeFiles/rcl.dir/src/rcl/remap.c.obj.d" is newer than depends file "/home/ice/microros_ws/firmware/mcu_ws/build/rcl/CMakeFiles/rcl.dir/compiler_depend.internal".
Dependencies file "CMakeFiles/rcl.dir/src/rcl/rmw_implementation_identifier_check.c.obj.d" is newer than depends file "/home/ice/microros_ws/firmware/mcu_ws/build/rcl/CMakeFiles/rcl.dir/compiler_depend.internal".
Dependencies file "CMakeFiles/rcl.dir/src/rcl/security.c.obj.d" is newer than depends file "/home/ice/microros_ws/firmware/mcu_ws/build/rcl/CMakeFiles/rcl.dir/compiler_depend.internal".
Dependencies file "CMakeFiles/rcl.dir/src/rcl/service.c.obj.d" is newer than depends file "/home/ice/microros_ws/firmware/mcu_ws/build/rcl/CMakeFiles/rcl.dir/compiler_depend.internal".
Dependencies file "CMakeFiles/rcl.dir/src/rcl/subscription.c.obj.d" is newer than depends file "/home/ice/microros_ws/firmware/mcu_ws/build/rcl/CMakeFiles/rcl.dir/compiler_depend.internal".
Dependencies file "CMakeFiles/rcl.dir/src/rcl/time.c.obj.d" is newer than depends file "/home/ice/microros_ws/firmware/mcu_ws/build/rcl/CMakeFiles/rcl.dir/compiler_depend.internal".
Dependencies file "CMakeFiles/rcl.dir/src/rcl/timer.c.obj.d" is newer than depends file "/home/ice/microros_ws/firmware/mcu_ws/build/rcl/CMakeFiles/rcl.dir/compiler_depend.internal".
Dependencies file "CMakeFiles/rcl.dir/src/rcl/validate_enclave_name.c.obj.d" is newer than depends file "/home/ice/microros_ws/firmware/mcu_ws/build/rcl/CMakeFiles/rcl.dir/compiler_depend.internal".
Dependencies file "CMakeFiles/rcl.dir/src/rcl/validate_topic_name.c.obj.d" is newer than depends file "/home/ice/microros_ws/firmware/mcu_ws/build/rcl/CMakeFiles/rcl.dir/compiler_depend.internal".
Dependencies file "CMakeFiles/rcl.dir/src/rcl/wait.c.obj.d" is newer than depends file "/home/ice/microros_ws/firmware/mcu_ws/build/rcl/CMakeFiles/rcl.dir/compiler_depend.internal".
[35m[1mConsolidate compiler generated dependencies of target rcl[0m
gmake[6]: Leaving directory '/home/ice/microros_ws/firmware/mcu_ws/build/rcl'
/usr/bin/gmake  -f CMakeFiles/rcl.dir/build.make CMakeFiles/rcl.dir/build
gmake[6]: Entering directory '/home/ice/microros_ws/firmware/mcu_ws/build/rcl'
gmake[6]: Nothing to be done for 'CMakeFiles/rcl.dir/build'.
gmake[6]: Leaving directory '/home/ice/microros_ws/firmware/mcu_ws/build/rcl'
[100%] Built target rcl
gmake[5]: Leaving directory '/home/ice/microros_ws/firmware/mcu_ws/build/rcl'
/usr/bin/cmake -E cmake_progress_start /home/ice/microros_ws/firmware/mcu_ws/build/rcl/CMakeFiles 0
gmake[4]: Leaving directory '/home/ice/microros_ws/firmware/mcu_ws/build/rcl'
-- Install configuration: "Debug"
-- Up-to-date: /home/ice/microros_ws/firmware/mcu_ws/install/lib/librcl.a
-- Up-to-date: /home/ice/microros_ws/firmware/mcu_ws/install/share/rcl/environment/library_path.sh
-- Installing: /home/ice/microros_ws/firmware/mcu_ws/install/share/rcl/environment/library_path.dsv
-- Up-to-date: /home/ice/microros_ws/firmware/mcu_ws/install/share/ament_index/resource_index/package_run_dependencies/rcl
-- Up-to-date: /home/ice/microros_ws/firmware/mcu_ws/install/share/ament_index/resource_index/parent_prefix_path/rcl
-- Up-to-date: /home/ice/microros_ws/firmware/mcu_ws/install/share/rcl/environment/ament_prefix_path.sh
-- Installing: /home/ice/microros_ws/firmware/mcu_ws/install/share/rcl/environment/ament_prefix_path.dsv
-- Up-to-date: /home/ice/microros_ws/firmware/mcu_ws/install/share/rcl/environment/path.sh
-- Installing: /home/ice/microros_ws/firmware/mcu_ws/install/share/rcl/environment/path.dsv
-- Up-to-date: /home/ice/microros_ws/firmware/mcu_ws/install/share/rcl/local_setup.bash
-- Up-to-date: /home/ice/microros_ws/firmware/mcu_ws/install/share/rcl/local_setup.sh
-- Up-to-date: /home/ice/microros_ws/firmware/mcu_ws/install/share/rcl/local_setup.zsh
-- Installing: /home/ice/microros_ws/firmware/mcu_ws/install/share/rcl/local_setup.dsv
-- Installing: /home/ice/microros_ws/firmware/mcu_ws/install/share/rcl/package.dsv
-- Up-to-date: /home/ice/microros_ws/firmware/mcu_ws/install/share/ament_index/resource_index/packages/rcl
-- Up-to-date: /home/ice/microros_ws/firmware/mcu_ws/install/share/rcl/cmake/rclExport.cmake
-- Up-to-date: /home/ice/microros_ws/firmware/mcu_ws/install/share/rcl/cmake/rclExport-debug.cmake
-- Up-to-date: /home/ice/microros_ws/firmware/mcu_ws/install/share/rcl/cmake/rcl-extras.cmake
-- Up-to-date: /home/ice/microros_ws/firmware/mcu_ws/install/share/rcl/cmake/ament_cmake_export_include_directories-extras.cmake
-- Up-to-date: /home/ice/microros_ws/firmware/mcu_ws/install/share/rcl/cmake/ament_cmake_export_libraries-extras.cmake
-- Up-to-date: /home/ice/microros_ws/firmware/mcu_ws/install/share/rcl/cmake/ament_cmake_export_targets-extras.cmake
-- Up-to-date: /home/ice/microros_ws/firmware/mcu_ws/install/share/rcl/cmake/ament_cmake_export_dependencies-extras.cmake
-- Up-to-date: /home/ice/microros_ws/firmware/mcu_ws/install/share/rcl/cmake/rclConfig.cmake
-- Up-to-date: /home/ice/microros_ws/firmware/mcu_ws/install/share/rcl/cmake/rclConfig-version.cmake
-- Up-to-date: /home/ice/microros_ws/firmware/mcu_ws/install/share/rcl/package.xml
-- Up-to-date: /home/ice/microros_ws/firmware/mcu_ws/install/share/rcl/cmake
-- Up-to-date: /home/ice/microros_ws/firmware/mcu_ws/install/share/rcl/cmake/rcl_set_symbol_visibility_hidden.cmake
-- Up-to-date: /home/ice/microros_ws/firmware/mcu_ws/install/share/rcl/cmake/get_default_rcl_logging_implementation.cmake
-- Up-to-date: /home/ice/microros_ws/firmware/mcu_ws/install/include/rcl
-- Up-to-date: /home/ice/microros_ws/firmware/mcu_ws/install/include/rcl/rcl
-- Up-to-date: /home/ice/microros_ws/firmware/mcu_ws/install/include/rcl/rcl/init.h
-- Up-to-date: /home/ice/microros_ws/firmware/mcu_ws/install/include/rcl/rcl/time.h
-- Up-to-date: /home/ice/microros_ws/firmware/mcu_ws/install/include/rcl/rcl/macros.h
-- Up-to-date: /home/ice/microros_ws/firmware/mcu_ws/install/include/rcl/rcl/context.h
-- Up-to-date: /home/ice/microros_ws/firmware/mcu_ws/install/include/rcl/rcl/validate_enclave_name.h
-- Up-to-date: /home/ice/microros_ws/firmware/mcu_ws/install/include/rcl/rcl/graph.h
-- Up-to-date: /home/ice/microros_ws/firmware/mcu_ws/install/include/rcl/rcl/wait.h
-- Up-to-date: /home/ice/microros_ws/firmware/mcu_ws/install/include/rcl/rcl/event.h
-- Up-to-date: /home/ice/microros_ws/firmware/mcu_ws/install/include/rcl/rcl/event_callback.h
-- Up-to-date: /home/ice/microros_ws/firmware/mcu_ws/install/include/rcl/rcl/error_handling.h
-- Up-to-date: /home/ice/microros_ws/firmware/mcu_ws/install/include/rcl/rcl/remap.h
-- Up-to-date: /home/ice/microros_ws/firmware/mcu_ws/install/include/rcl/rcl/allocator.h
-- Up-to-date: /home/ice/microros_ws/firmware/mcu_ws/install/include/rcl/rcl/types.h
-- Up-to-date: /home/ice/microros_ws/firmware/mcu_ws/install/include/rcl/rcl/lexer.h
-- Up-to-date: /home/ice/microros_ws/firmware/mcu_ws/install/include/rcl/rcl/guard_condition.h
-- Up-to-date: /home/ice/microros_ws/firmware/mcu_ws/install/include/rcl/rcl/node_options.h
-- Up-to-date: /home/ice/microros_ws/firmware/mcu_ws/install/include/rcl/rcl/log_level.h
-- Up-to-date: /home/ice/microros_ws/firmware/mcu_ws/install/include/rcl/rcl/domain_id.h
-- Up-to-date: /home/ice/microros_ws/firmware/mcu_ws/install/include/rcl/rcl/expand_topic_name.h
-- Up-to-date: /home/ice/microros_ws/firmware/mcu_ws/install/include/rcl/rcl/arguments.h
-- Up-to-date: /home/ice/microros_ws/firmware/mcu_ws/install/include/rcl/rcl/publisher.h
-- Up-to-date: /home/ice/microros_ws/firmware/mcu_ws/install/include/rcl/rcl/timer.h
-- Up-to-date: /home/ice/microros_ws/firmware/mcu_ws/install/include/rcl/rcl/client.h
-- Up-to-date: /home/ice/microros_ws/firmware/mcu_ws/install/include/rcl/rcl/node.h
-- Up-to-date: /home/ice/microros_ws/firmware/mcu_ws/install/include/rcl/rcl/logging_rosout.h
-- Up-to-date: /home/ice/microros_ws/firmware/mcu_ws/install/include/rcl/rcl/service.h
-- Up-to-date: /home/ice/microros_ws/firmware/mcu_ws/install/include/rcl/rcl/rcl.h
-- Up-to-date: /home/ice/microros_ws/firmware/mcu_ws/install/include/rcl/rcl/logging.h
-- Up-to-date: /home/ice/microros_ws/firmware/mcu_ws/install/include/rcl/rcl/visibility_control.h
-- Up-to-date: /home/ice/microros_ws/firmware/mcu_ws/install/include/rcl/rcl/rmw_implementation_identifier_check.h
-- Up-to-date: /home/ice/microros_ws/firmware/mcu_ws/install/include/rcl/rcl/network_flow_endpoints.h
-- Up-to-date: /home/ice/microros_ws/firmware/mcu_ws/install/include/rcl/rcl/init_options.h
-- Up-to-date: /home/ice/microros_ws/firmware/mcu_ws/install/include/rcl/rcl/localhost.h
-- Up-to-date: /home/ice/microros_ws/firmware/mcu_ws/install/include/rcl/rcl/validate_topic_name.h
-- Up-to-date: /home/ice/microros_ws/firmware/mcu_ws/install/include/rcl/rcl/lexer_lookahead.h
-- Up-to-date: /home/ice/microros_ws/firmware/mcu_ws/install/include/rcl/rcl/security.h
-- Up-to-date: /home/ice/microros_ws/firmware/mcu_ws/install/include/rcl/rcl/subscription.h
