[0.298s] Invoking command in '/home/ice/microros_ws/firmware/mcu_ws/build/rcl': AMENT_PREFIX_PATH=/home/ice/microros_ws/firmware/mcu_ws/install:${AMENT_PREFIX_PATH} CMAKE_PREFIX_PATH=/home/ice/microros_ws/firmware/mcu_ws/install:/home/ice/microros_ws/firmware/dev_ws/install/ament_lint_common:/home/ice/microros_ws/firmware/dev_ws/install/ament_cmake_uncrustify:/home/ice/microros_ws/firmware/dev_ws/install/uncrustify_vendor:/home/ice/microros_ws/firmware/dev_ws/install/ament_cmake_ros:/home/ice/microros_ws/firmware/dev_ws/install/ament_cmake_auto:/home/ice/microros_ws/firmware/dev_ws/install/ament_cmake_gmock:/home/ice/microros_ws/firmware/dev_ws/install/gmock_vendor:/home/ice/microros_ws/firmware/dev_ws/install/ament_cmake_gtest:/home/ice/microros_ws/firmware/dev_ws/install/gtest_vendor:/home/ice/microros_ws/firmware/dev_ws/install/ament_cmake_xmllint:/home/ice/microros_ws/firmware/dev_ws/install/ament_cmake_pyflakes:/home/ice/microros_ws/firmware/dev_ws/install/ament_cmake_pycodestyle:/home/ice/microros_ws/firmware/dev_ws/install/ament_cmake_pep257:/home/ice/microros_ws/firmware/dev_ws/install/ament_cmake_pclint:/home/ice/microros_ws/firmware/dev_ws/install/ament_lint_auto:/home/ice/microros_ws/firmware/dev_ws/install/ament_cmake:/home/ice/microros_ws/firmware/dev_ws/install/ament_cmake_version:/home/ice/microros_ws/firmware/dev_ws/install/ament_cmake_vendor_package:/home/ice/microros_ws/firmware/dev_ws/install/ament_cmake_pytest:/home/ice/microros_ws/firmware/dev_ws/install/ament_cmake_nose:/home/ice/microros_ws/firmware/dev_ws/install/ament_cmake_mypy:/home/ice/microros_ws/firmware/dev_ws/install/ament_cmake_lint_cmake:/home/ice/microros_ws/firmware/dev_ws/install/ament_cmake_google_benchmark:/home/ice/microros_ws/firmware/dev_ws/install/ament_cmake_flake8:/home/ice/microros_ws/firmware/dev_ws/install/ament_cmake_cpplint:/home/ice/microros_ws/firmware/dev_ws/install/ament_cmake_cppcheck:/home/ice/microros_ws/firmware/dev_ws/install/ament_cmake_copyright:/home/ice/microros_ws/firmware/dev_ws/install/ament_cmake_clang_tidy:/home/ice/microros_ws/firmware/dev_ws/install/ament_cmake_clang_format:/home/ice/microros_ws/firmware/dev_ws/install/ament_cmake_test:/home/ice/microros_ws/firmware/dev_ws/install/ament_cmake_target_dependencies:/home/ice/microros_ws/firmware/dev_ws/install/ament_cmake_python:/home/ice/microros_ws/firmware/dev_ws/install/ament_cmake_export_dependencies:/home/ice/microros_ws/firmware/dev_ws/install/ament_cmake_libraries:/home/ice/microros_ws/firmware/dev_ws/install/ament_cmake_include_directories:/home/ice/microros_ws/firmware/dev_ws/install/ament_cmake_gen_version_h:/home/ice/microros_ws/firmware/dev_ws/install/ament_cmake_export_targets:/home/ice/microros_ws/firmware/dev_ws/install/ament_cmake_export_link_flags:/home/ice/microros_ws/firmware/dev_ws/install/ament_cmake_export_interfaces:/home/ice/microros_ws/firmware/dev_ws/install/ament_cmake_export_libraries:/home/ice/microros_ws/firmware/dev_ws/install/ament_cmake_export_include_directories:/home/ice/microros_ws/firmware/dev_ws/install/ament_cmake_export_definitions:/home/ice/microros_ws/firmware/dev_ws/install/ament_cmake_core:/home/ice/microros_ws/firmware/dev_ws/install/ament_index_cpp:/home/ice/microros_ws/firmware/dev_ws/install/ament_uncrustify:/home/ice/microros_ws/firmware/dev_ws/install/domain_coordinator:/home/ice/microros_ws/firmware/dev_ws/install/ament_xmllint:/home/ice/microros_ws/firmware/dev_ws/install/ament_pyflakes:/home/ice/microros_ws/firmware/dev_ws/install/ament_pycodestyle:/home/ice/microros_ws/firmware/dev_ws/install/ament_pep257:/home/ice/microros_ws/firmware/dev_ws/install/ament_pclint:/home/ice/microros_ws/firmware/dev_ws/install/ament_package:/home/ice/microros_ws/firmware/dev_ws/install/ament_mypy:/home/ice/microros_ws/firmware/dev_ws/install/ament_lint_cmake:/home/ice/microros_ws/firmware/dev_ws/install/ament_flake8:/home/ice/microros_ws/firmware/dev_ws/install/ament_copyright:/home/ice/microros_ws/firmware/dev_ws/install/ament_lint:/home/ice/microros_ws/firmware/dev_ws/install/ament_index_python:/home/ice/microros_ws/firmware/dev_ws/install/ament_cpplint:/home/ice/microros_ws/firmware/dev_ws/install/ament_cppcheck:/home/ice/microros_ws/firmware/dev_ws/install/ament_clang_tidy:/home/ice/microros_ws/firmware/dev_ws/install/ament_clang_format LD_LIBRARY_PATH=/home/ice/microros_ws/firmware/mcu_ws/install/lib:${LD_LIBRARY_PATH} PATH=/home/ice/microros_ws/firmware/mcu_ws/install/bin:${PATH} PYTHONPATH=/home/ice/microros_ws/firmware/mcu_ws/install/lib/python3.10/site-packages:${PYTHONPATH} /usr/bin/cmake --build /home/ice/microros_ws/firmware/mcu_ws/build/rcl -- -j2 -l2
[0.362s] gmake[4]: Entering directory '/home/ice/microros_ws/firmware/mcu_ws/build/rcl'
[0.362s] /usr/bin/cmake -S/home/ice/microros_ws/firmware/mcu_ws/uros/rcl/rcl -B/home/ice/microros_ws/firmware/mcu_ws/build/rcl --check-build-system CMakeFiles/Makefile.cmake 0
[0.384s] Re-run cmake file: Makefile older than: /home/ice/microros_ws/firmware/freertos_apps/microros_esp32_extensions/esp32_toolchain.cmake
[0.395s] -- Found ament_cmake_ros: 0.10.0 (/home/ice/microros_ws/firmware/dev_ws/install/ament_cmake_ros/share/ament_cmake_ros/cmake)
[0.826s] -- Found rcl_interfaces: 1.2.1 (/home/ice/microros_ws/firmware/mcu_ws/install/share/rcl_interfaces/cmake)
[0.844s] [33mCMake Warning at /home/ice/microros_ws/firmware/mcu_ws/install/share/rcutils/cmake/ament_cmake_export_libraries-extras.cmake:116 (message):
[0.844s]   Package 'rcutils' exports library 'dl' which couldn't be found
[0.844s] Call Stack (most recent call first):
[0.845s]   /home/ice/microros_ws/firmware/mcu_ws/install/share/rcutils/cmake/rcutilsConfig.cmake:41 (include)
[0.845s]   /home/ice/microros_ws/firmware/mcu_ws/install/share/rosidl_runtime_c/cmake/ament_cmake_export_dependencies-extras.cmake:21 (find_package)
[0.845s]   /home/ice/microros_ws/firmware/mcu_ws/install/share/rosidl_runtime_c/cmake/rosidl_runtime_cConfig.cmake:41 (include)
[0.845s]   /home/ice/microros_ws/firmware/mcu_ws/install/share/builtin_interfaces/cmake/ament_cmake_export_dependencies-extras.cmake:21 (find_package)
[0.845s]   /home/ice/microros_ws/firmware/mcu_ws/install/share/builtin_interfaces/cmake/builtin_interfacesConfig.cmake:41 (include)
[0.845s]   /home/ice/microros_ws/firmware/mcu_ws/install/share/rcl_interfaces/cmake/ament_cmake_export_dependencies-extras.cmake:21 (find_package)
[0.846s]   /home/ice/microros_ws/firmware/mcu_ws/install/share/rcl_interfaces/cmake/rcl_interfacesConfig.cmake:41 (include)
[0.846s]   CMakeLists.txt:10 (find_package)
[0.846s] 
[0.847s] [0m
[0.872s] -- Using all available rosidl_typesupport_c: rosidl_typesupport_introspection_c;rosidl_typesupport_microxrcedds_c
[0.873s] -- Found rosidl_adapter: 3.1.5 (/home/ice/microros_ws/firmware/mcu_ws/install/share/rosidl_adapter/cmake)
[0.961s] -- Found rcl_logging_interface: 2.3.1 (/home/ice/microros_ws/firmware/mcu_ws/install/share/rcl_logging_interface/cmake)
[0.967s] -- Found rmw_implementation: 2.8.2 (/home/ice/microros_ws/firmware/mcu_ws/install/share/rmw_implementation/cmake)
[0.969s] -- Found rmw_implementation_cmake: 6.1.1 (/home/ice/microros_ws/firmware/mcu_ws/install/share/rmw_implementation_cmake/cmake)
[0.984s] -- Found rmw_microxrcedds: 3.0.2 (/home/ice/microros_ws/firmware/mcu_ws/install/share/rmw_microxrcedds/cmake)
[0.993s] -- Using RMW implementation 'rmw_microxrcedds'
[0.996s] -- Found tracetools: 4.1.1 (/home/ice/microros_ws/firmware/mcu_ws/install/share/tracetools/cmake)
[1.182s] -- Configuring done
[1.233s] -- Generating done
[1.236s] -- Build files have been written to: /home/ice/microros_ws/firmware/mcu_ws/build/rcl
[1.245s] /usr/bin/cmake -E cmake_progress_start /home/ice/microros_ws/firmware/mcu_ws/build/rcl/CMakeFiles /home/ice/microros_ws/firmware/mcu_ws/build/rcl//CMakeFiles/progress.marks
[1.265s] /usr/bin/gmake  -f CMakeFiles/Makefile2 all
[1.270s] gmake[5]: Entering directory '/home/ice/microros_ws/firmware/mcu_ws/build/rcl'
[1.270s] /usr/bin/gmake  -f CMakeFiles/rcl.dir/build.make CMakeFiles/rcl.dir/depend
[1.275s] gmake[6]: Entering directory '/home/ice/microros_ws/firmware/mcu_ws/build/rcl'
[1.275s] cd /home/ice/microros_ws/firmware/mcu_ws/build/rcl && /usr/bin/cmake -E cmake_depends "Unix Makefiles" /home/ice/microros_ws/firmware/mcu_ws/uros/rcl/rcl /home/ice/microros_ws/firmware/mcu_ws/uros/rcl/rcl /home/ice/microros_ws/firmware/mcu_ws/build/rcl /home/ice/microros_ws/firmware/mcu_ws/build/rcl /home/ice/microros_ws/firmware/mcu_ws/build/rcl/CMakeFiles/rcl.dir/DependInfo.cmake --color=
[1.305s] Dependencies file "CMakeFiles/rcl.dir/src/rcl/client.c.obj.d" is newer than depends file "/home/ice/microros_ws/firmware/mcu_ws/build/rcl/CMakeFiles/rcl.dir/compiler_depend.internal".
[1.319s] Dependencies file "CMakeFiles/rcl.dir/src/rcl/common.c.obj.d" is newer than depends file "/home/ice/microros_ws/firmware/mcu_ws/build/rcl/CMakeFiles/rcl.dir/compiler_depend.internal".
[1.319s] Dependencies file "CMakeFiles/rcl.dir/src/rcl/context.c.obj.d" is newer than depends file "/home/ice/microros_ws/firmware/mcu_ws/build/rcl/CMakeFiles/rcl.dir/compiler_depend.internal".
[1.320s] Dependencies file "CMakeFiles/rcl.dir/src/rcl/domain_id.c.obj.d" is newer than depends file "/home/ice/microros_ws/firmware/mcu_ws/build/rcl/CMakeFiles/rcl.dir/compiler_depend.internal".
[1.320s] Dependencies file "CMakeFiles/rcl.dir/src/rcl/event.c.obj.d" is newer than depends file "/home/ice/microros_ws/firmware/mcu_ws/build/rcl/CMakeFiles/rcl.dir/compiler_depend.internal".
[1.321s] Dependencies file "CMakeFiles/rcl.dir/src/rcl/expand_topic_name.c.obj.d" is newer than depends file "/home/ice/microros_ws/firmware/mcu_ws/build/rcl/CMakeFiles/rcl.dir/compiler_depend.internal".
[1.323s] Dependencies file "CMakeFiles/rcl.dir/src/rcl/graph.c.obj.d" is newer than depends file "/home/ice/microros_ws/firmware/mcu_ws/build/rcl/CMakeFiles/rcl.dir/compiler_depend.internal".
[1.323s] Dependencies file "CMakeFiles/rcl.dir/src/rcl/guard_condition.c.obj.d" is newer than depends file "/home/ice/microros_ws/firmware/mcu_ws/build/rcl/CMakeFiles/rcl.dir/compiler_depend.internal".
[1.324s] Dependencies file "CMakeFiles/rcl.dir/src/rcl/init.c.obj.d" is newer than depends file "/home/ice/microros_ws/firmware/mcu_ws/build/rcl/CMakeFiles/rcl.dir/compiler_depend.internal".
[1.325s] Dependencies file "CMakeFiles/rcl.dir/src/rcl/init_options.c.obj.d" is newer than depends file "/home/ice/microros_ws/firmware/mcu_ws/build/rcl/CMakeFiles/rcl.dir/compiler_depend.internal".
[1.326s] Dependencies file "CMakeFiles/rcl.dir/src/rcl/lexer.c.obj.d" is newer than depends file "/home/ice/microros_ws/firmware/mcu_ws/build/rcl/CMakeFiles/rcl.dir/compiler_depend.internal".
[1.327s] Dependencies file "CMakeFiles/rcl.dir/src/rcl/lexer_lookahead.c.obj.d" is newer than depends file "/home/ice/microros_ws/firmware/mcu_ws/build/rcl/CMakeFiles/rcl.dir/compiler_depend.internal".
[1.328s] Dependencies file "CMakeFiles/rcl.dir/src/rcl/localhost.c.obj.d" is newer than depends file "/home/ice/microros_ws/firmware/mcu_ws/build/rcl/CMakeFiles/rcl.dir/compiler_depend.internal".
[1.328s] Dependencies file "CMakeFiles/rcl.dir/src/rcl/network_flow_endpoints.c.obj.d" is newer than depends file "/home/ice/microros_ws/firmware/mcu_ws/build/rcl/CMakeFiles/rcl.dir/compiler_depend.internal".
[1.329s] Dependencies file "CMakeFiles/rcl.dir/src/rcl/node.c.obj.d" is newer than depends file "/home/ice/microros_ws/firmware/mcu_ws/build/rcl/CMakeFiles/rcl.dir/compiler_depend.internal".
[1.330s] Dependencies file "CMakeFiles/rcl.dir/src/rcl/node_options.c.obj.d" is newer than depends file "/home/ice/microros_ws/firmware/mcu_ws/build/rcl/CMakeFiles/rcl.dir/compiler_depend.internal".
[1.331s] Dependencies file "CMakeFiles/rcl.dir/src/rcl/node_resolve_name.c.obj.d" is newer than depends file "/home/ice/microros_ws/firmware/mcu_ws/build/rcl/CMakeFiles/rcl.dir/compiler_depend.internal".
[1.333s] Dependencies file "CMakeFiles/rcl.dir/src/rcl/publisher.c.obj.d" is newer than depends file "/home/ice/microros_ws/firmware/mcu_ws/build/rcl/CMakeFiles/rcl.dir/compiler_depend.internal".
[1.334s] Dependencies file "CMakeFiles/rcl.dir/src/rcl/remap.c.obj.d" is newer than depends file "/home/ice/microros_ws/firmware/mcu_ws/build/rcl/CMakeFiles/rcl.dir/compiler_depend.internal".
[1.336s] Dependencies file "CMakeFiles/rcl.dir/src/rcl/rmw_implementation_identifier_check.c.obj.d" is newer than depends file "/home/ice/microros_ws/firmware/mcu_ws/build/rcl/CMakeFiles/rcl.dir/compiler_depend.internal".
[1.336s] Dependencies file "CMakeFiles/rcl.dir/src/rcl/security.c.obj.d" is newer than depends file "/home/ice/microros_ws/firmware/mcu_ws/build/rcl/CMakeFiles/rcl.dir/compiler_depend.internal".
[1.337s] Dependencies file "CMakeFiles/rcl.dir/src/rcl/service.c.obj.d" is newer than depends file "/home/ice/microros_ws/firmware/mcu_ws/build/rcl/CMakeFiles/rcl.dir/compiler_depend.internal".
[1.337s] Dependencies file "CMakeFiles/rcl.dir/src/rcl/subscription.c.obj.d" is newer than depends file "/home/ice/microros_ws/firmware/mcu_ws/build/rcl/CMakeFiles/rcl.dir/compiler_depend.internal".
[1.339s] Dependencies file "CMakeFiles/rcl.dir/src/rcl/time.c.obj.d" is newer than depends file "/home/ice/microros_ws/firmware/mcu_ws/build/rcl/CMakeFiles/rcl.dir/compiler_depend.internal".
[1.340s] Dependencies file "CMakeFiles/rcl.dir/src/rcl/timer.c.obj.d" is newer than depends file "/home/ice/microros_ws/firmware/mcu_ws/build/rcl/CMakeFiles/rcl.dir/compiler_depend.internal".
[1.340s] Dependencies file "CMakeFiles/rcl.dir/src/rcl/validate_enclave_name.c.obj.d" is newer than depends file "/home/ice/microros_ws/firmware/mcu_ws/build/rcl/CMakeFiles/rcl.dir/compiler_depend.internal".
[1.341s] Dependencies file "CMakeFiles/rcl.dir/src/rcl/validate_topic_name.c.obj.d" is newer than depends file "/home/ice/microros_ws/firmware/mcu_ws/build/rcl/CMakeFiles/rcl.dir/compiler_depend.internal".
[1.342s] Dependencies file "CMakeFiles/rcl.dir/src/rcl/wait.c.obj.d" is newer than depends file "/home/ice/microros_ws/firmware/mcu_ws/build/rcl/CMakeFiles/rcl.dir/compiler_depend.internal".
[1.343s] [35m[1mConsolidate compiler generated dependencies of target rcl[0m
[1.390s] gmake[6]: Leaving directory '/home/ice/microros_ws/firmware/mcu_ws/build/rcl'
[1.393s] /usr/bin/gmake  -f CMakeFiles/rcl.dir/build.make CMakeFiles/rcl.dir/build
[1.428s] gmake[6]: Entering directory '/home/ice/microros_ws/firmware/mcu_ws/build/rcl'
[1.429s] gmake[6]: Nothing to be done for 'CMakeFiles/rcl.dir/build'.
[1.429s] gmake[6]: Leaving directory '/home/ice/microros_ws/firmware/mcu_ws/build/rcl'
[1.456s] [100%] Built target rcl
[1.461s] gmake[5]: Leaving directory '/home/ice/microros_ws/firmware/mcu_ws/build/rcl'
[1.461s] /usr/bin/cmake -E cmake_progress_start /home/ice/microros_ws/firmware/mcu_ws/build/rcl/CMakeFiles 0
[1.483s] gmake[4]: Leaving directory '/home/ice/microros_ws/firmware/mcu_ws/build/rcl'
[1.489s] Invoked command in '/home/ice/microros_ws/firmware/mcu_ws/build/rcl' returned '0': AMENT_PREFIX_PATH=/home/ice/microros_ws/firmware/mcu_ws/install:${AMENT_PREFIX_PATH} CMAKE_PREFIX_PATH=/home/ice/microros_ws/firmware/mcu_ws/install:/home/ice/microros_ws/firmware/dev_ws/install/ament_lint_common:/home/ice/microros_ws/firmware/dev_ws/install/ament_cmake_uncrustify:/home/ice/microros_ws/firmware/dev_ws/install/uncrustify_vendor:/home/ice/microros_ws/firmware/dev_ws/install/ament_cmake_ros:/home/ice/microros_ws/firmware/dev_ws/install/ament_cmake_auto:/home/ice/microros_ws/firmware/dev_ws/install/ament_cmake_gmock:/home/ice/microros_ws/firmware/dev_ws/install/gmock_vendor:/home/ice/microros_ws/firmware/dev_ws/install/ament_cmake_gtest:/home/ice/microros_ws/firmware/dev_ws/install/gtest_vendor:/home/ice/microros_ws/firmware/dev_ws/install/ament_cmake_xmllint:/home/ice/microros_ws/firmware/dev_ws/install/ament_cmake_pyflakes:/home/ice/microros_ws/firmware/dev_ws/install/ament_cmake_pycodestyle:/home/ice/microros_ws/firmware/dev_ws/install/ament_cmake_pep257:/home/ice/microros_ws/firmware/dev_ws/install/ament_cmake_pclint:/home/ice/microros_ws/firmware/dev_ws/install/ament_lint_auto:/home/ice/microros_ws/firmware/dev_ws/install/ament_cmake:/home/ice/microros_ws/firmware/dev_ws/install/ament_cmake_version:/home/ice/microros_ws/firmware/dev_ws/install/ament_cmake_vendor_package:/home/ice/microros_ws/firmware/dev_ws/install/ament_cmake_pytest:/home/ice/microros_ws/firmware/dev_ws/install/ament_cmake_nose:/home/ice/microros_ws/firmware/dev_ws/install/ament_cmake_mypy:/home/ice/microros_ws/firmware/dev_ws/install/ament_cmake_lint_cmake:/home/ice/microros_ws/firmware/dev_ws/install/ament_cmake_google_benchmark:/home/ice/microros_ws/firmware/dev_ws/install/ament_cmake_flake8:/home/ice/microros_ws/firmware/dev_ws/install/ament_cmake_cpplint:/home/ice/microros_ws/firmware/dev_ws/install/ament_cmake_cppcheck:/home/ice/microros_ws/firmware/dev_ws/install/ament_cmake_copyright:/home/ice/microros_ws/firmware/dev_ws/install/ament_cmake_clang_tidy:/home/ice/microros_ws/firmware/dev_ws/install/ament_cmake_clang_format:/home/ice/microros_ws/firmware/dev_ws/install/ament_cmake_test:/home/ice/microros_ws/firmware/dev_ws/install/ament_cmake_target_dependencies:/home/ice/microros_ws/firmware/dev_ws/install/ament_cmake_python:/home/ice/microros_ws/firmware/dev_ws/install/ament_cmake_export_dependencies:/home/ice/microros_ws/firmware/dev_ws/install/ament_cmake_libraries:/home/ice/microros_ws/firmware/dev_ws/install/ament_cmake_include_directories:/home/ice/microros_ws/firmware/dev_ws/install/ament_cmake_gen_version_h:/home/ice/microros_ws/firmware/dev_ws/install/ament_cmake_export_targets:/home/ice/microros_ws/firmware/dev_ws/install/ament_cmake_export_link_flags:/home/ice/microros_ws/firmware/dev_ws/install/ament_cmake_export_interfaces:/home/ice/microros_ws/firmware/dev_ws/install/ament_cmake_export_libraries:/home/ice/microros_ws/firmware/dev_ws/install/ament_cmake_export_include_directories:/home/ice/microros_ws/firmware/dev_ws/install/ament_cmake_export_definitions:/home/ice/microros_ws/firmware/dev_ws/install/ament_cmake_core:/home/ice/microros_ws/firmware/dev_ws/install/ament_index_cpp:/home/ice/microros_ws/firmware/dev_ws/install/ament_uncrustify:/home/ice/microros_ws/firmware/dev_ws/install/domain_coordinator:/home/ice/microros_ws/firmware/dev_ws/install/ament_xmllint:/home/ice/microros_ws/firmware/dev_ws/install/ament_pyflakes:/home/ice/microros_ws/firmware/dev_ws/install/ament_pycodestyle:/home/ice/microros_ws/firmware/dev_ws/install/ament_pep257:/home/ice/microros_ws/firmware/dev_ws/install/ament_pclint:/home/ice/microros_ws/firmware/dev_ws/install/ament_package:/home/ice/microros_ws/firmware/dev_ws/install/ament_mypy:/home/ice/microros_ws/firmware/dev_ws/install/ament_lint_cmake:/home/ice/microros_ws/firmware/dev_ws/install/ament_flake8:/home/ice/microros_ws/firmware/dev_ws/install/ament_copyright:/home/ice/microros_ws/firmware/dev_ws/install/ament_lint:/home/ice/microros_ws/firmware/dev_ws/install/ament_index_python:/home/ice/microros_ws/firmware/dev_ws/install/ament_cpplint:/home/ice/microros_ws/firmware/dev_ws/install/ament_cppcheck:/home/ice/microros_ws/firmware/dev_ws/install/ament_clang_tidy:/home/ice/microros_ws/firmware/dev_ws/install/ament_clang_format LD_LIBRARY_PATH=/home/ice/microros_ws/firmware/mcu_ws/install/lib:${LD_LIBRARY_PATH} PATH=/home/ice/microros_ws/firmware/mcu_ws/install/bin:${PATH} PYTHONPATH=/home/ice/microros_ws/firmware/mcu_ws/install/lib/python3.10/site-packages:${PYTHONPATH} /usr/bin/cmake --build /home/ice/microros_ws/firmware/mcu_ws/build/rcl -- -j2 -l2
[2.067s] Invoking command in '/home/ice/microros_ws/firmware/mcu_ws/build/rcl': AMENT_PREFIX_PATH=/home/ice/microros_ws/firmware/mcu_ws/install:${AMENT_PREFIX_PATH} CMAKE_PREFIX_PATH=/home/ice/microros_ws/firmware/mcu_ws/install:/home/ice/microros_ws/firmware/dev_ws/install/ament_lint_common:/home/ice/microros_ws/firmware/dev_ws/install/ament_cmake_uncrustify:/home/ice/microros_ws/firmware/dev_ws/install/uncrustify_vendor:/home/ice/microros_ws/firmware/dev_ws/install/ament_cmake_ros:/home/ice/microros_ws/firmware/dev_ws/install/ament_cmake_auto:/home/ice/microros_ws/firmware/dev_ws/install/ament_cmake_gmock:/home/ice/microros_ws/firmware/dev_ws/install/gmock_vendor:/home/ice/microros_ws/firmware/dev_ws/install/ament_cmake_gtest:/home/ice/microros_ws/firmware/dev_ws/install/gtest_vendor:/home/ice/microros_ws/firmware/dev_ws/install/ament_cmake_xmllint:/home/ice/microros_ws/firmware/dev_ws/install/ament_cmake_pyflakes:/home/ice/microros_ws/firmware/dev_ws/install/ament_cmake_pycodestyle:/home/ice/microros_ws/firmware/dev_ws/install/ament_cmake_pep257:/home/ice/microros_ws/firmware/dev_ws/install/ament_cmake_pclint:/home/ice/microros_ws/firmware/dev_ws/install/ament_lint_auto:/home/ice/microros_ws/firmware/dev_ws/install/ament_cmake:/home/ice/microros_ws/firmware/dev_ws/install/ament_cmake_version:/home/ice/microros_ws/firmware/dev_ws/install/ament_cmake_vendor_package:/home/ice/microros_ws/firmware/dev_ws/install/ament_cmake_pytest:/home/ice/microros_ws/firmware/dev_ws/install/ament_cmake_nose:/home/ice/microros_ws/firmware/dev_ws/install/ament_cmake_mypy:/home/ice/microros_ws/firmware/dev_ws/install/ament_cmake_lint_cmake:/home/ice/microros_ws/firmware/dev_ws/install/ament_cmake_google_benchmark:/home/ice/microros_ws/firmware/dev_ws/install/ament_cmake_flake8:/home/ice/microros_ws/firmware/dev_ws/install/ament_cmake_cpplint:/home/ice/microros_ws/firmware/dev_ws/install/ament_cmake_cppcheck:/home/ice/microros_ws/firmware/dev_ws/install/ament_cmake_copyright:/home/ice/microros_ws/firmware/dev_ws/install/ament_cmake_clang_tidy:/home/ice/microros_ws/firmware/dev_ws/install/ament_cmake_clang_format:/home/ice/microros_ws/firmware/dev_ws/install/ament_cmake_test:/home/ice/microros_ws/firmware/dev_ws/install/ament_cmake_target_dependencies:/home/ice/microros_ws/firmware/dev_ws/install/ament_cmake_python:/home/ice/microros_ws/firmware/dev_ws/install/ament_cmake_export_dependencies:/home/ice/microros_ws/firmware/dev_ws/install/ament_cmake_libraries:/home/ice/microros_ws/firmware/dev_ws/install/ament_cmake_include_directories:/home/ice/microros_ws/firmware/dev_ws/install/ament_cmake_gen_version_h:/home/ice/microros_ws/firmware/dev_ws/install/ament_cmake_export_targets:/home/ice/microros_ws/firmware/dev_ws/install/ament_cmake_export_link_flags:/home/ice/microros_ws/firmware/dev_ws/install/ament_cmake_export_interfaces:/home/ice/microros_ws/firmware/dev_ws/install/ament_cmake_export_libraries:/home/ice/microros_ws/firmware/dev_ws/install/ament_cmake_export_include_directories:/home/ice/microros_ws/firmware/dev_ws/install/ament_cmake_export_definitions:/home/ice/microros_ws/firmware/dev_ws/install/ament_cmake_core:/home/ice/microros_ws/firmware/dev_ws/install/ament_index_cpp:/home/ice/microros_ws/firmware/dev_ws/install/ament_uncrustify:/home/ice/microros_ws/firmware/dev_ws/install/domain_coordinator:/home/ice/microros_ws/firmware/dev_ws/install/ament_xmllint:/home/ice/microros_ws/firmware/dev_ws/install/ament_pyflakes:/home/ice/microros_ws/firmware/dev_ws/install/ament_pycodestyle:/home/ice/microros_ws/firmware/dev_ws/install/ament_pep257:/home/ice/microros_ws/firmware/dev_ws/install/ament_pclint:/home/ice/microros_ws/firmware/dev_ws/install/ament_package:/home/ice/microros_ws/firmware/dev_ws/install/ament_mypy:/home/ice/microros_ws/firmware/dev_ws/install/ament_lint_cmake:/home/ice/microros_ws/firmware/dev_ws/install/ament_flake8:/home/ice/microros_ws/firmware/dev_ws/install/ament_copyright:/home/ice/microros_ws/firmware/dev_ws/install/ament_lint:/home/ice/microros_ws/firmware/dev_ws/install/ament_index_python:/home/ice/microros_ws/firmware/dev_ws/install/ament_cpplint:/home/ice/microros_ws/firmware/dev_ws/install/ament_cppcheck:/home/ice/microros_ws/firmware/dev_ws/install/ament_clang_tidy:/home/ice/microros_ws/firmware/dev_ws/install/ament_clang_format LD_LIBRARY_PATH=/home/ice/microros_ws/firmware/mcu_ws/install/lib:${LD_LIBRARY_PATH} PATH=/home/ice/microros_ws/firmware/mcu_ws/install/bin:${PATH} PYTHONPATH=/home/ice/microros_ws/firmware/mcu_ws/install/lib/python3.10/site-packages:${PYTHONPATH} /usr/bin/cmake --install /home/ice/microros_ws/firmware/mcu_ws/build/rcl
[2.084s] -- Install configuration: "Debug"
[2.084s] -- Up-to-date: /home/ice/microros_ws/firmware/mcu_ws/install/lib/librcl.a
[2.084s] -- Up-to-date: /home/ice/microros_ws/firmware/mcu_ws/install/share/rcl/environment/library_path.sh
[2.085s] -- Installing: /home/ice/microros_ws/firmware/mcu_ws/install/share/rcl/environment/library_path.dsv
[2.085s] -- Up-to-date: /home/ice/microros_ws/firmware/mcu_ws/install/share/ament_index/resource_index/package_run_dependencies/rcl
[2.085s] -- Up-to-date: /home/ice/microros_ws/firmware/mcu_ws/install/share/ament_index/resource_index/parent_prefix_path/rcl
[2.085s] -- Up-to-date: /home/ice/microros_ws/firmware/mcu_ws/install/share/rcl/environment/ament_prefix_path.sh
[2.085s] -- Installing: /home/ice/microros_ws/firmware/mcu_ws/install/share/rcl/environment/ament_prefix_path.dsv
[2.085s] -- Up-to-date: /home/ice/microros_ws/firmware/mcu_ws/install/share/rcl/environment/path.sh
[2.085s] -- Installing: /home/ice/microros_ws/firmware/mcu_ws/install/share/rcl/environment/path.dsv
[2.086s] -- Up-to-date: /home/ice/microros_ws/firmware/mcu_ws/install/share/rcl/local_setup.bash
[2.086s] -- Up-to-date: /home/ice/microros_ws/firmware/mcu_ws/install/share/rcl/local_setup.sh
[2.086s] -- Up-to-date: /home/ice/microros_ws/firmware/mcu_ws/install/share/rcl/local_setup.zsh
[2.086s] -- Installing: /home/ice/microros_ws/firmware/mcu_ws/install/share/rcl/local_setup.dsv
[2.087s] -- Installing: /home/ice/microros_ws/firmware/mcu_ws/install/share/rcl/package.dsv
[2.087s] -- Up-to-date: /home/ice/microros_ws/firmware/mcu_ws/install/share/ament_index/resource_index/packages/rcl
[2.088s] -- Up-to-date: /home/ice/microros_ws/firmware/mcu_ws/install/share/rcl/cmake/rclExport.cmake
[2.088s] -- Up-to-date: /home/ice/microros_ws/firmware/mcu_ws/install/share/rcl/cmake/rclExport-debug.cmake
[2.089s] -- Up-to-date: /home/ice/microros_ws/firmware/mcu_ws/install/share/rcl/cmake/rcl-extras.cmake
[2.090s] -- Up-to-date: /home/ice/microros_ws/firmware/mcu_ws/install/share/rcl/cmake/ament_cmake_export_include_directories-extras.cmake
[2.090s] -- Up-to-date: /home/ice/microros_ws/firmware/mcu_ws/install/share/rcl/cmake/ament_cmake_export_libraries-extras.cmake
[2.091s] -- Up-to-date: /home/ice/microros_ws/firmware/mcu_ws/install/share/rcl/cmake/ament_cmake_export_targets-extras.cmake
[2.091s] -- Up-to-date: /home/ice/microros_ws/firmware/mcu_ws/install/share/rcl/cmake/ament_cmake_export_dependencies-extras.cmake
[2.091s] -- Up-to-date: /home/ice/microros_ws/firmware/mcu_ws/install/share/rcl/cmake/rclConfig.cmake
[2.091s] -- Up-to-date: /home/ice/microros_ws/firmware/mcu_ws/install/share/rcl/cmake/rclConfig-version.cmake
[2.091s] -- Up-to-date: /home/ice/microros_ws/firmware/mcu_ws/install/share/rcl/package.xml
[2.093s] -- Up-to-date: /home/ice/microros_ws/firmware/mcu_ws/install/share/rcl/cmake
[2.099s] -- Up-to-date: /home/ice/microros_ws/firmware/mcu_ws/install/share/rcl/cmake/rcl_set_symbol_visibility_hidden.cmake
[2.099s] -- Up-to-date: /home/ice/microros_ws/firmware/mcu_ws/install/share/rcl/cmake/get_default_rcl_logging_implementation.cmake
[2.099s] -- Up-to-date: /home/ice/microros_ws/firmware/mcu_ws/install/include/rcl
[2.099s] -- Up-to-date: /home/ice/microros_ws/firmware/mcu_ws/install/include/rcl/rcl
[2.099s] -- Up-to-date: /home/ice/microros_ws/firmware/mcu_ws/install/include/rcl/rcl/init.h
[2.100s] -- Up-to-date: /home/ice/microros_ws/firmware/mcu_ws/install/include/rcl/rcl/time.h
[2.101s] -- Up-to-date: /home/ice/microros_ws/firmware/mcu_ws/install/include/rcl/rcl/macros.h
[2.101s] -- Up-to-date: /home/ice/microros_ws/firmware/mcu_ws/install/include/rcl/rcl/context.h
[2.106s] -- Up-to-date: /home/ice/microros_ws/firmware/mcu_ws/install/include/rcl/rcl/validate_enclave_name.h
[2.107s] -- Up-to-date: /home/ice/microros_ws/firmware/mcu_ws/install/include/rcl/rcl/graph.h
[2.107s] -- Up-to-date: /home/ice/microros_ws/firmware/mcu_ws/install/include/rcl/rcl/wait.h
[2.107s] -- Up-to-date: /home/ice/microros_ws/firmware/mcu_ws/install/include/rcl/rcl/event.h
[2.107s] -- Up-to-date: /home/ice/microros_ws/firmware/mcu_ws/install/include/rcl/rcl/event_callback.h
[2.107s] -- Up-to-date: /home/ice/microros_ws/firmware/mcu_ws/install/include/rcl/rcl/error_handling.h
[2.107s] -- Up-to-date: /home/ice/microros_ws/firmware/mcu_ws/install/include/rcl/rcl/remap.h
[2.107s] -- Up-to-date: /home/ice/microros_ws/firmware/mcu_ws/install/include/rcl/rcl/allocator.h
[2.107s] -- Up-to-date: /home/ice/microros_ws/firmware/mcu_ws/install/include/rcl/rcl/types.h
[2.108s] -- Up-to-date: /home/ice/microros_ws/firmware/mcu_ws/install/include/rcl/rcl/lexer.h
[2.108s] -- Up-to-date: /home/ice/microros_ws/firmware/mcu_ws/install/include/rcl/rcl/guard_condition.h
[2.108s] -- Up-to-date: /home/ice/microros_ws/firmware/mcu_ws/install/include/rcl/rcl/node_options.h
[2.108s] -- Up-to-date: /home/ice/microros_ws/firmware/mcu_ws/install/include/rcl/rcl/log_level.h
[2.108s] -- Up-to-date: /home/ice/microros_ws/firmware/mcu_ws/install/include/rcl/rcl/domain_id.h
[2.108s] -- Up-to-date: /home/ice/microros_ws/firmware/mcu_ws/install/include/rcl/rcl/expand_topic_name.h
[2.108s] -- Up-to-date: /home/ice/microros_ws/firmware/mcu_ws/install/include/rcl/rcl/arguments.h
[2.108s] -- Up-to-date: /home/ice/microros_ws/firmware/mcu_ws/install/include/rcl/rcl/publisher.h
[2.108s] -- Up-to-date: /home/ice/microros_ws/firmware/mcu_ws/install/include/rcl/rcl/timer.h
[2.108s] -- Up-to-date: /home/ice/microros_ws/firmware/mcu_ws/install/include/rcl/rcl/client.h
[2.108s] -- Up-to-date: /home/ice/microros_ws/firmware/mcu_ws/install/include/rcl/rcl/node.h
[2.108s] -- Up-to-date: /home/ice/microros_ws/firmware/mcu_ws/install/include/rcl/rcl/logging_rosout.h
[2.108s] -- Up-to-date: /home/ice/microros_ws/firmware/mcu_ws/install/include/rcl/rcl/service.h
[2.108s] -- Up-to-date: /home/ice/microros_ws/firmware/mcu_ws/install/include/rcl/rcl/rcl.h
[2.109s] -- Up-to-date: /home/ice/microros_ws/firmware/mcu_ws/install/include/rcl/rcl/logging.h
[2.109s] -- Up-to-date: /home/ice/microros_ws/firmware/mcu_ws/install/include/rcl/rcl/visibility_control.h
[2.109s] -- Up-to-date: /home/ice/microros_ws/firmware/mcu_ws/install/include/rcl/rcl/rmw_implementation_identifier_check.h
[2.109s] -- Up-to-date: /home/ice/microros_ws/firmware/mcu_ws/install/include/rcl/rcl/network_flow_endpoints.h
[2.109s] -- Up-to-date: /home/ice/microros_ws/firmware/mcu_ws/install/include/rcl/rcl/init_options.h
[2.109s] -- Up-to-date: /home/ice/microros_ws/firmware/mcu_ws/install/include/rcl/rcl/localhost.h
[2.109s] -- Up-to-date: /home/ice/microros_ws/firmware/mcu_ws/install/include/rcl/rcl/validate_topic_name.h
[2.109s] -- Up-to-date: /home/ice/microros_ws/firmware/mcu_ws/install/include/rcl/rcl/lexer_lookahead.h
[2.110s] -- Up-to-date: /home/ice/microros_ws/firmware/mcu_ws/install/include/rcl/rcl/security.h
[2.110s] -- Up-to-date: /home/ice/microros_ws/firmware/mcu_ws/install/include/rcl/rcl/subscription.h
[2.110s] Invoked command in '/home/ice/microros_ws/firmware/mcu_ws/build/rcl' returned '0': AMENT_PREFIX_PATH=/home/ice/microros_ws/firmware/mcu_ws/install:${AMENT_PREFIX_PATH} CMAKE_PREFIX_PATH=/home/ice/microros_ws/firmware/mcu_ws/install:/home/ice/microros_ws/firmware/dev_ws/install/ament_lint_common:/home/ice/microros_ws/firmware/dev_ws/install/ament_cmake_uncrustify:/home/ice/microros_ws/firmware/dev_ws/install/uncrustify_vendor:/home/ice/microros_ws/firmware/dev_ws/install/ament_cmake_ros:/home/ice/microros_ws/firmware/dev_ws/install/ament_cmake_auto:/home/ice/microros_ws/firmware/dev_ws/install/ament_cmake_gmock:/home/ice/microros_ws/firmware/dev_ws/install/gmock_vendor:/home/ice/microros_ws/firmware/dev_ws/install/ament_cmake_gtest:/home/ice/microros_ws/firmware/dev_ws/install/gtest_vendor:/home/ice/microros_ws/firmware/dev_ws/install/ament_cmake_xmllint:/home/ice/microros_ws/firmware/dev_ws/install/ament_cmake_pyflakes:/home/ice/microros_ws/firmware/dev_ws/install/ament_cmake_pycodestyle:/home/ice/microros_ws/firmware/dev_ws/install/ament_cmake_pep257:/home/ice/microros_ws/firmware/dev_ws/install/ament_cmake_pclint:/home/ice/microros_ws/firmware/dev_ws/install/ament_lint_auto:/home/ice/microros_ws/firmware/dev_ws/install/ament_cmake:/home/ice/microros_ws/firmware/dev_ws/install/ament_cmake_version:/home/ice/microros_ws/firmware/dev_ws/install/ament_cmake_vendor_package:/home/ice/microros_ws/firmware/dev_ws/install/ament_cmake_pytest:/home/ice/microros_ws/firmware/dev_ws/install/ament_cmake_nose:/home/ice/microros_ws/firmware/dev_ws/install/ament_cmake_mypy:/home/ice/microros_ws/firmware/dev_ws/install/ament_cmake_lint_cmake:/home/ice/microros_ws/firmware/dev_ws/install/ament_cmake_google_benchmark:/home/ice/microros_ws/firmware/dev_ws/install/ament_cmake_flake8:/home/ice/microros_ws/firmware/dev_ws/install/ament_cmake_cpplint:/home/ice/microros_ws/firmware/dev_ws/install/ament_cmake_cppcheck:/home/ice/microros_ws/firmware/dev_ws/install/ament_cmake_copyright:/home/ice/microros_ws/firmware/dev_ws/install/ament_cmake_clang_tidy:/home/ice/microros_ws/firmware/dev_ws/install/ament_cmake_clang_format:/home/ice/microros_ws/firmware/dev_ws/install/ament_cmake_test:/home/ice/microros_ws/firmware/dev_ws/install/ament_cmake_target_dependencies:/home/ice/microros_ws/firmware/dev_ws/install/ament_cmake_python:/home/ice/microros_ws/firmware/dev_ws/install/ament_cmake_export_dependencies:/home/ice/microros_ws/firmware/dev_ws/install/ament_cmake_libraries:/home/ice/microros_ws/firmware/dev_ws/install/ament_cmake_include_directories:/home/ice/microros_ws/firmware/dev_ws/install/ament_cmake_gen_version_h:/home/ice/microros_ws/firmware/dev_ws/install/ament_cmake_export_targets:/home/ice/microros_ws/firmware/dev_ws/install/ament_cmake_export_link_flags:/home/ice/microros_ws/firmware/dev_ws/install/ament_cmake_export_interfaces:/home/ice/microros_ws/firmware/dev_ws/install/ament_cmake_export_libraries:/home/ice/microros_ws/firmware/dev_ws/install/ament_cmake_export_include_directories:/home/ice/microros_ws/firmware/dev_ws/install/ament_cmake_export_definitions:/home/ice/microros_ws/firmware/dev_ws/install/ament_cmake_core:/home/ice/microros_ws/firmware/dev_ws/install/ament_index_cpp:/home/ice/microros_ws/firmware/dev_ws/install/ament_uncrustify:/home/ice/microros_ws/firmware/dev_ws/install/domain_coordinator:/home/ice/microros_ws/firmware/dev_ws/install/ament_xmllint:/home/ice/microros_ws/firmware/dev_ws/install/ament_pyflakes:/home/ice/microros_ws/firmware/dev_ws/install/ament_pycodestyle:/home/ice/microros_ws/firmware/dev_ws/install/ament_pep257:/home/ice/microros_ws/firmware/dev_ws/install/ament_pclint:/home/ice/microros_ws/firmware/dev_ws/install/ament_package:/home/ice/microros_ws/firmware/dev_ws/install/ament_mypy:/home/ice/microros_ws/firmware/dev_ws/install/ament_lint_cmake:/home/ice/microros_ws/firmware/dev_ws/install/ament_flake8:/home/ice/microros_ws/firmware/dev_ws/install/ament_copyright:/home/ice/microros_ws/firmware/dev_ws/install/ament_lint:/home/ice/microros_ws/firmware/dev_ws/install/ament_index_python:/home/ice/microros_ws/firmware/dev_ws/install/ament_cpplint:/home/ice/microros_ws/firmware/dev_ws/install/ament_cppcheck:/home/ice/microros_ws/firmware/dev_ws/install/ament_clang_tidy:/home/ice/microros_ws/firmware/dev_ws/install/ament_clang_format LD_LIBRARY_PATH=/home/ice/microros_ws/firmware/mcu_ws/install/lib:${LD_LIBRARY_PATH} PATH=/home/ice/microros_ws/firmware/mcu_ws/install/bin:${PATH} PYTHONPATH=/home/ice/microros_ws/firmware/mcu_ws/install/lib/python3.10/site-packages:${PYTHONPATH} /usr/bin/cmake --install /home/ice/microros_ws/firmware/mcu_ws/build/rcl
