-- Install configuration: ""
-- Up-to-date: /home/ice/polaris-bot/ros2_ws/install/polaris_bot_description/share/polaris_bot_description/src
-- Up-to-date: /home/ice/polaris-bot/ros2_ws/install/polaris_bot_description/share/polaris_bot_description/src/description
-- Installing: /home/ice/polaris-bot/ros2_ws/install/polaris_bot_description/share/polaris_bot_description/src/description/polaris_bot_description.urdf
-- Up-to-date: /home/ice/polaris-bot/ros2_ws/install/polaris_bot_description/share/polaris_bot_description/launch
-- Up-to-date: /home/ice/polaris-bot/ros2_ws/install/polaris_bot_description/share/polaris_bot_description/launch/display.launch.py
-- Up-to-date: /home/ice/polaris-bot/ros2_ws/install/polaris_bot_description/share/polaris_bot_description/rviz
-- Installing: /home/ice/polaris-bot/ros2_ws/install/polaris_bot_description/share/polaris_bot_description/rviz/urdf_config.rviz
-- Up-to-date: /home/ice/polaris-bot/ros2_ws/install/polaris_bot_description/share/ament_index/resource_index/package_run_dependencies/polaris_bot_description
-- Up-to-date: /home/ice/polaris-bot/ros2_ws/install/polaris_bot_description/share/ament_index/resource_index/parent_prefix_path/polaris_bot_description
-- Up-to-date: /home/ice/polaris-bot/ros2_ws/install/polaris_bot_description/share/polaris_bot_description/environment/ament_prefix_path.sh
-- Up-to-date: /home/ice/polaris-bot/ros2_ws/install/polaris_bot_description/share/polaris_bot_description/environment/ament_prefix_path.dsv
-- Up-to-date: /home/ice/polaris-bot/ros2_ws/install/polaris_bot_description/share/polaris_bot_description/environment/path.sh
-- Up-to-date: /home/ice/polaris-bot/ros2_ws/install/polaris_bot_description/share/polaris_bot_description/environment/path.dsv
-- Up-to-date: /home/ice/polaris-bot/ros2_ws/install/polaris_bot_description/share/polaris_bot_description/local_setup.bash
-- Up-to-date: /home/ice/polaris-bot/ros2_ws/install/polaris_bot_description/share/polaris_bot_description/local_setup.sh
-- Up-to-date: /home/ice/polaris-bot/ros2_ws/install/polaris_bot_description/share/polaris_bot_description/local_setup.zsh
-- Up-to-date: /home/ice/polaris-bot/ros2_ws/install/polaris_bot_description/share/polaris_bot_description/local_setup.dsv
-- Up-to-date: /home/ice/polaris-bot/ros2_ws/install/polaris_bot_description/share/polaris_bot_description/package.dsv
-- Up-to-date: /home/ice/polaris-bot/ros2_ws/install/polaris_bot_description/share/ament_index/resource_index/packages/polaris_bot_description
-- Up-to-date: /home/ice/polaris-bot/ros2_ws/install/polaris_bot_description/share/polaris_bot_description/cmake/polaris_bot_descriptionConfig.cmake
-- Up-to-date: /home/ice/polaris-bot/ros2_ws/install/polaris_bot_description/share/polaris_bot_description/cmake/polaris_bot_descriptionConfig-version.cmake
-- Up-to-date: /home/ice/polaris-bot/ros2_ws/install/polaris_bot_description/share/polaris_bot_description/package.xml
