[1.818s] DEBUG:colcon:Command line arguments: ['/usr/bin/colcon', 'build']
[1.819s] DEBUG:colcon:Parsed command line arguments: Namespace(log_base=None, log_level=None, verb_name='build', build_base='build', install_base='install', merge_install=False, symlink_install=False, test_result_base=None, continue_on_error=False, executor='parallel', parallel_workers=2, event_handlers=None, ignore_user_meta=False, metas=['./colcon.meta'], base_paths=['.'], packages_ignore=None, packages_ignore_regex=None, paths=None, packages_up_to=None, packages_up_to_regex=None, packages_above=None, packages_above_and_dependencies=None, packages_above_depth=None, packages_select_by_dep=None, packages_skip_by_dep=None, packages_skip_up_to=None, packages_select_build_failed=False, packages_skip_build_finished=False, packages_select_test_failures=False, packages_skip_test_passed=False, packages_select=None, packages_skip=None, packages_select_regex=None, packages_skip_regex=None, packages_start=None, packages_end=None, allow_overriding=[], cmake_args=None, cmake_target=None, cmake_target_skip_unavailable=False, cmake_clean_cache=False, cmake_clean_first=False, cmake_force_configure=False, ament_cmake_args=None, catkin_cmake_args=None, catkin_skip_building_tests=False, verb_parser=<colcon_defaults.argument_parser.defaults.DefaultArgumentsDecorator object at 0x7fc9f7862ad0>, verb_extension=<colcon_core.verb.build.BuildVerb object at 0x7fc9f7bb4130>, main=<bound method BuildVerb.main of <colcon_core.verb.build.BuildVerb object at 0x7fc9f7bb4130>>)
[1.928s] Level 1:colcon.colcon_core.package_discovery:discover_packages(colcon_meta) check parameters
[1.928s] Level 1:colcon.colcon_core.package_discovery:discover_packages(recursive) check parameters
[1.928s] Level 1:colcon.colcon_core.package_discovery:discover_packages(ignore) check parameters
[1.929s] Level 1:colcon.colcon_core.package_discovery:discover_packages(path) check parameters
[1.929s] Level 1:colcon.colcon_core.package_discovery:discover_packages(colcon_meta) discover
[1.929s] Level 1:colcon.colcon_core.package_discovery:discover_packages(recursive) discover
[1.929s] INFO:colcon.colcon_core.package_discovery:Crawling recursively for packages in '/home/ice/microros_ws'
[1.929s] Level 1:colcon.colcon_core.package_identification:_identify(.) by extensions ['ignore', 'ignore_ament_install']
[1.929s] Level 1:colcon.colcon_core.package_identification:_identify(.) by extension 'ignore'
[1.929s] Level 1:colcon.colcon_core.package_identification:_identify(.) by extension 'ignore_ament_install'
[1.930s] Level 1:colcon.colcon_core.package_identification:_identify(.) by extensions ['colcon_pkg']
[1.930s] Level 1:colcon.colcon_core.package_identification:_identify(.) by extension 'colcon_pkg'
[1.930s] Level 1:colcon.colcon_core.package_identification:_identify(.) by extensions ['colcon_meta']
[1.930s] Level 1:colcon.colcon_core.package_identification:_identify(.) by extension 'colcon_meta'
[1.930s] Level 1:colcon.colcon_core.package_identification:_identify(.) by extensions ['ros']
[1.930s] Level 1:colcon.colcon_core.package_identification:_identify(.) by extension 'ros'
[1.951s] Level 1:colcon.colcon_core.package_identification:_identify(.) by extensions ['cmake', 'python']
[1.952s] Level 1:colcon.colcon_core.package_identification:_identify(.) by extension 'cmake'
[1.952s] Level 1:colcon.colcon_core.package_identification:_identify(.) by extension 'python'
[1.952s] Level 1:colcon.colcon_core.package_identification:_identify(.) by extensions ['python_setup_py']
[1.952s] Level 1:colcon.colcon_core.package_identification:_identify(.) by extension 'python_setup_py'
[1.952s] Level 1:colcon.colcon_core.package_identification:_identify(build) by extensions ['ignore', 'ignore_ament_install']
[1.953s] Level 1:colcon.colcon_core.package_identification:_identify(build) by extension 'ignore'
[1.953s] Level 1:colcon.colcon_core.package_identification:_identify(build) ignored
[1.953s] Level 1:colcon.colcon_core.package_identification:_identify(install) by extensions ['ignore', 'ignore_ament_install']
[1.953s] Level 1:colcon.colcon_core.package_identification:_identify(install) by extension 'ignore'
[1.953s] Level 1:colcon.colcon_core.package_identification:_identify(install) ignored
[1.954s] Level 1:colcon.colcon_core.package_identification:_identify(log) by extensions ['ignore', 'ignore_ament_install']
[1.954s] Level 1:colcon.colcon_core.package_identification:_identify(log) by extension 'ignore'
[1.954s] Level 1:colcon.colcon_core.package_identification:_identify(log) ignored
[1.954s] Level 1:colcon.colcon_core.package_identification:_identify(src) by extensions ['ignore', 'ignore_ament_install']
[1.955s] Level 1:colcon.colcon_core.package_identification:_identify(src) by extension 'ignore'
[1.955s] Level 1:colcon.colcon_core.package_identification:_identify(src) by extension 'ignore_ament_install'
[1.955s] Level 1:colcon.colcon_core.package_identification:_identify(src) by extensions ['colcon_pkg']
[1.955s] Level 1:colcon.colcon_core.package_identification:_identify(src) by extension 'colcon_pkg'
[1.955s] Level 1:colcon.colcon_core.package_identification:_identify(src) by extensions ['colcon_meta']
[1.955s] Level 1:colcon.colcon_core.package_identification:_identify(src) by extension 'colcon_meta'
[1.955s] Level 1:colcon.colcon_core.package_identification:_identify(src) by extensions ['ros']
[1.955s] Level 1:colcon.colcon_core.package_identification:_identify(src) by extension 'ros'
[1.956s] Level 1:colcon.colcon_core.package_identification:_identify(src) by extensions ['cmake', 'python']
[1.956s] Level 1:colcon.colcon_core.package_identification:_identify(src) by extension 'cmake'
[1.957s] Level 1:colcon.colcon_core.package_identification:_identify(src) by extension 'python'
[1.957s] Level 1:colcon.colcon_core.package_identification:_identify(src) by extensions ['python_setup_py']
[1.957s] Level 1:colcon.colcon_core.package_identification:_identify(src) by extension 'python_setup_py'
[1.957s] Level 1:colcon.colcon_core.package_identification:_identify(src/messages) by extensions ['ignore', 'ignore_ament_install']
[1.957s] Level 1:colcon.colcon_core.package_identification:_identify(src/messages) by extension 'ignore'
[1.957s] Level 1:colcon.colcon_core.package_identification:_identify(src/messages) by extension 'ignore_ament_install'
[1.959s] Level 1:colcon.colcon_core.package_identification:_identify(src/messages) by extensions ['colcon_pkg']
[1.959s] Level 1:colcon.colcon_core.package_identification:_identify(src/messages) by extension 'colcon_pkg'
[1.959s] Level 1:colcon.colcon_core.package_identification:_identify(src/messages) by extensions ['colcon_meta']
[1.959s] Level 1:colcon.colcon_core.package_identification:_identify(src/messages) by extension 'colcon_meta'
[1.959s] Level 1:colcon.colcon_core.package_identification:_identify(src/messages) by extensions ['ros']
[1.959s] Level 1:colcon.colcon_core.package_identification:_identify(src/messages) by extension 'ros'
[1.965s] DEBUG:colcon.colcon_core.package_identification:Package 'src/messages' with type 'ros.ament_cmake' and name 'messages'
[1.965s] Level 1:colcon.colcon_core.package_identification:_identify(src/micro_ros_setup) by extensions ['ignore', 'ignore_ament_install']
[1.966s] Level 1:colcon.colcon_core.package_identification:_identify(src/micro_ros_setup) by extension 'ignore'
[1.966s] Level 1:colcon.colcon_core.package_identification:_identify(src/micro_ros_setup) by extension 'ignore_ament_install'
[1.966s] Level 1:colcon.colcon_core.package_identification:_identify(src/micro_ros_setup) by extensions ['colcon_pkg']
[1.966s] Level 1:colcon.colcon_core.package_identification:_identify(src/micro_ros_setup) by extension 'colcon_pkg'
[1.966s] Level 1:colcon.colcon_core.package_identification:_identify(src/micro_ros_setup) by extensions ['colcon_meta']
[1.966s] Level 1:colcon.colcon_core.package_identification:_identify(src/micro_ros_setup) by extension 'colcon_meta'
[1.966s] Level 1:colcon.colcon_core.package_identification:_identify(src/micro_ros_setup) by extensions ['ros']
[1.966s] Level 1:colcon.colcon_core.package_identification:_identify(src/micro_ros_setup) by extension 'ros'
[1.969s] DEBUG:colcon.colcon_core.package_identification:Package 'src/micro_ros_setup' with type 'ros.ament_cmake' and name 'micro_ros_setup'
[1.970s] Level 1:colcon.colcon_core.package_identification:_identify(src/uros) by extensions ['ignore', 'ignore_ament_install']
[1.970s] Level 1:colcon.colcon_core.package_identification:_identify(src/uros) by extension 'ignore'
[1.970s] Level 1:colcon.colcon_core.package_identification:_identify(src/uros) by extension 'ignore_ament_install'
[1.970s] Level 1:colcon.colcon_core.package_identification:_identify(src/uros) by extensions ['colcon_pkg']
[1.971s] Level 1:colcon.colcon_core.package_identification:_identify(src/uros) by extension 'colcon_pkg'
[1.971s] Level 1:colcon.colcon_core.package_identification:_identify(src/uros) by extensions ['colcon_meta']
[1.971s] Level 1:colcon.colcon_core.package_identification:_identify(src/uros) by extension 'colcon_meta'
[1.972s] Level 1:colcon.colcon_core.package_identification:_identify(src/uros) by extensions ['ros']
[1.972s] Level 1:colcon.colcon_core.package_identification:_identify(src/uros) by extension 'ros'
[1.972s] Level 1:colcon.colcon_core.package_identification:_identify(src/uros) by extensions ['cmake', 'python']
[1.972s] Level 1:colcon.colcon_core.package_identification:_identify(src/uros) by extension 'cmake'
[1.972s] Level 1:colcon.colcon_core.package_identification:_identify(src/uros) by extension 'python'
[1.972s] Level 1:colcon.colcon_core.package_identification:_identify(src/uros) by extensions ['python_setup_py']
[1.972s] Level 1:colcon.colcon_core.package_identification:_identify(src/uros) by extension 'python_setup_py'
[1.974s] Level 1:colcon.colcon_core.package_identification:_identify(src/uros/micro-ROS-Agent) by extensions ['ignore', 'ignore_ament_install']
[1.974s] Level 1:colcon.colcon_core.package_identification:_identify(src/uros/micro-ROS-Agent) by extension 'ignore'
[1.974s] Level 1:colcon.colcon_core.package_identification:_identify(src/uros/micro-ROS-Agent) by extension 'ignore_ament_install'
[1.974s] Level 1:colcon.colcon_core.package_identification:_identify(src/uros/micro-ROS-Agent) by extensions ['colcon_pkg']
[1.975s] Level 1:colcon.colcon_core.package_identification:_identify(src/uros/micro-ROS-Agent) by extension 'colcon_pkg'
[1.975s] Level 1:colcon.colcon_core.package_identification:_identify(src/uros/micro-ROS-Agent) by extensions ['colcon_meta']
[1.975s] Level 1:colcon.colcon_core.package_identification:_identify(src/uros/micro-ROS-Agent) by extension 'colcon_meta'
[1.975s] Level 1:colcon.colcon_core.package_identification:_identify(src/uros/micro-ROS-Agent) by extensions ['ros']
[1.975s] Level 1:colcon.colcon_core.package_identification:_identify(src/uros/micro-ROS-Agent) by extension 'ros'
[1.976s] Level 1:colcon.colcon_core.package_identification:_identify(src/uros/micro-ROS-Agent) by extensions ['cmake', 'python']
[1.976s] Level 1:colcon.colcon_core.package_identification:_identify(src/uros/micro-ROS-Agent) by extension 'cmake'
[1.976s] Level 1:colcon.colcon_core.package_identification:_identify(src/uros/micro-ROS-Agent) by extension 'python'
[1.976s] Level 1:colcon.colcon_core.package_identification:_identify(src/uros/micro-ROS-Agent) by extensions ['python_setup_py']
[1.976s] Level 1:colcon.colcon_core.package_identification:_identify(src/uros/micro-ROS-Agent) by extension 'python_setup_py'
[1.976s] Level 1:colcon.colcon_core.package_identification:_identify(src/uros/micro-ROS-Agent/micro_ros_agent) by extensions ['ignore', 'ignore_ament_install']
[1.977s] Level 1:colcon.colcon_core.package_identification:_identify(src/uros/micro-ROS-Agent/micro_ros_agent) by extension 'ignore'
[1.977s] Level 1:colcon.colcon_core.package_identification:_identify(src/uros/micro-ROS-Agent/micro_ros_agent) by extension 'ignore_ament_install'
[1.977s] Level 1:colcon.colcon_core.package_identification:_identify(src/uros/micro-ROS-Agent/micro_ros_agent) by extensions ['colcon_pkg']
[1.977s] Level 1:colcon.colcon_core.package_identification:_identify(src/uros/micro-ROS-Agent/micro_ros_agent) by extension 'colcon_pkg'
[1.977s] Level 1:colcon.colcon_core.package_identification:_identify(src/uros/micro-ROS-Agent/micro_ros_agent) by extensions ['colcon_meta']
[1.977s] Level 1:colcon.colcon_core.package_identification:_identify(src/uros/micro-ROS-Agent/micro_ros_agent) by extension 'colcon_meta'
[1.977s] Level 1:colcon.colcon_core.package_identification:_identify(src/uros/micro-ROS-Agent/micro_ros_agent) by extensions ['ros']
[1.977s] Level 1:colcon.colcon_core.package_identification:_identify(src/uros/micro-ROS-Agent/micro_ros_agent) by extension 'ros'
[1.981s] DEBUG:colcon.colcon_core.package_identification:Package 'src/uros/micro-ROS-Agent/micro_ros_agent' with type 'ros.ament_cmake' and name 'micro_ros_agent'
[1.982s] Level 1:colcon.colcon_core.package_identification:_identify(src/uros/micro-ROS-Agent/snap) by extensions ['ignore', 'ignore_ament_install']
[1.982s] Level 1:colcon.colcon_core.package_identification:_identify(src/uros/micro-ROS-Agent/snap) by extension 'ignore'
[1.983s] Level 1:colcon.colcon_core.package_identification:_identify(src/uros/micro-ROS-Agent/snap) by extension 'ignore_ament_install'
[1.983s] Level 1:colcon.colcon_core.package_identification:_identify(src/uros/micro-ROS-Agent/snap) by extensions ['colcon_pkg']
[1.983s] Level 1:colcon.colcon_core.package_identification:_identify(src/uros/micro-ROS-Agent/snap) by extension 'colcon_pkg'
[1.983s] Level 1:colcon.colcon_core.package_identification:_identify(src/uros/micro-ROS-Agent/snap) by extensions ['colcon_meta']
[1.983s] Level 1:colcon.colcon_core.package_identification:_identify(src/uros/micro-ROS-Agent/snap) by extension 'colcon_meta'
[1.983s] Level 1:colcon.colcon_core.package_identification:_identify(src/uros/micro-ROS-Agent/snap) by extensions ['ros']
[1.984s] Level 1:colcon.colcon_core.package_identification:_identify(src/uros/micro-ROS-Agent/snap) by extension 'ros'
[1.984s] Level 1:colcon.colcon_core.package_identification:_identify(src/uros/micro-ROS-Agent/snap) by extensions ['cmake', 'python']
[1.984s] Level 1:colcon.colcon_core.package_identification:_identify(src/uros/micro-ROS-Agent/snap) by extension 'cmake'
[1.984s] Level 1:colcon.colcon_core.package_identification:_identify(src/uros/micro-ROS-Agent/snap) by extension 'python'
[1.984s] Level 1:colcon.colcon_core.package_identification:_identify(src/uros/micro-ROS-Agent/snap) by extensions ['python_setup_py']
[1.984s] Level 1:colcon.colcon_core.package_identification:_identify(src/uros/micro-ROS-Agent/snap) by extension 'python_setup_py'
[1.984s] Level 1:colcon.colcon_core.package_identification:_identify(src/uros/micro-ROS-Agent/snap/hooks) by extensions ['ignore', 'ignore_ament_install']
[1.985s] Level 1:colcon.colcon_core.package_identification:_identify(src/uros/micro-ROS-Agent/snap/hooks) by extension 'ignore'
[1.985s] Level 1:colcon.colcon_core.package_identification:_identify(src/uros/micro-ROS-Agent/snap/hooks) by extension 'ignore_ament_install'
[1.985s] Level 1:colcon.colcon_core.package_identification:_identify(src/uros/micro-ROS-Agent/snap/hooks) by extensions ['colcon_pkg']
[1.985s] Level 1:colcon.colcon_core.package_identification:_identify(src/uros/micro-ROS-Agent/snap/hooks) by extension 'colcon_pkg'
[1.985s] Level 1:colcon.colcon_core.package_identification:_identify(src/uros/micro-ROS-Agent/snap/hooks) by extensions ['colcon_meta']
[1.985s] Level 1:colcon.colcon_core.package_identification:_identify(src/uros/micro-ROS-Agent/snap/hooks) by extension 'colcon_meta'
[1.985s] Level 1:colcon.colcon_core.package_identification:_identify(src/uros/micro-ROS-Agent/snap/hooks) by extensions ['ros']
[1.985s] Level 1:colcon.colcon_core.package_identification:_identify(src/uros/micro-ROS-Agent/snap/hooks) by extension 'ros'
[1.985s] Level 1:colcon.colcon_core.package_identification:_identify(src/uros/micro-ROS-Agent/snap/hooks) by extensions ['cmake', 'python']
[1.986s] Level 1:colcon.colcon_core.package_identification:_identify(src/uros/micro-ROS-Agent/snap/hooks) by extension 'cmake'
[1.986s] Level 1:colcon.colcon_core.package_identification:_identify(src/uros/micro-ROS-Agent/snap/hooks) by extension 'python'
[1.986s] Level 1:colcon.colcon_core.package_identification:_identify(src/uros/micro-ROS-Agent/snap/hooks) by extensions ['python_setup_py']
[1.986s] Level 1:colcon.colcon_core.package_identification:_identify(src/uros/micro-ROS-Agent/snap/hooks) by extension 'python_setup_py'
[1.988s] Level 1:colcon.colcon_core.package_identification:_identify(src/uros/micro-ROS-Agent/snap/local) by extensions ['ignore', 'ignore_ament_install']
[1.988s] Level 1:colcon.colcon_core.package_identification:_identify(src/uros/micro-ROS-Agent/snap/local) by extension 'ignore'
[1.988s] Level 1:colcon.colcon_core.package_identification:_identify(src/uros/micro-ROS-Agent/snap/local) by extension 'ignore_ament_install'
[1.989s] Level 1:colcon.colcon_core.package_identification:_identify(src/uros/micro-ROS-Agent/snap/local) by extensions ['colcon_pkg']
[1.989s] Level 1:colcon.colcon_core.package_identification:_identify(src/uros/micro-ROS-Agent/snap/local) by extension 'colcon_pkg'
[1.989s] Level 1:colcon.colcon_core.package_identification:_identify(src/uros/micro-ROS-Agent/snap/local) by extensions ['colcon_meta']
[1.989s] Level 1:colcon.colcon_core.package_identification:_identify(src/uros/micro-ROS-Agent/snap/local) by extension 'colcon_meta'
[1.989s] Level 1:colcon.colcon_core.package_identification:_identify(src/uros/micro-ROS-Agent/snap/local) by extensions ['ros']
[1.989s] Level 1:colcon.colcon_core.package_identification:_identify(src/uros/micro-ROS-Agent/snap/local) by extension 'ros'
[1.989s] Level 1:colcon.colcon_core.package_identification:_identify(src/uros/micro-ROS-Agent/snap/local) by extensions ['cmake', 'python']
[1.989s] Level 1:colcon.colcon_core.package_identification:_identify(src/uros/micro-ROS-Agent/snap/local) by extension 'cmake'
[1.990s] Level 1:colcon.colcon_core.package_identification:_identify(src/uros/micro-ROS-Agent/snap/local) by extension 'python'
[1.990s] Level 1:colcon.colcon_core.package_identification:_identify(src/uros/micro-ROS-Agent/snap/local) by extensions ['python_setup_py']
[1.990s] Level 1:colcon.colcon_core.package_identification:_identify(src/uros/micro-ROS-Agent/snap/local) by extension 'python_setup_py'
[1.992s] Level 1:colcon.colcon_core.package_identification:_identify(src/uros/micro_ros_msgs) by extensions ['ignore', 'ignore_ament_install']
[1.992s] Level 1:colcon.colcon_core.package_identification:_identify(src/uros/micro_ros_msgs) by extension 'ignore'
[1.992s] Level 1:colcon.colcon_core.package_identification:_identify(src/uros/micro_ros_msgs) by extension 'ignore_ament_install'
[1.992s] Level 1:colcon.colcon_core.package_identification:_identify(src/uros/micro_ros_msgs) by extensions ['colcon_pkg']
[1.992s] Level 1:colcon.colcon_core.package_identification:_identify(src/uros/micro_ros_msgs) by extension 'colcon_pkg'
[1.992s] Level 1:colcon.colcon_core.package_identification:_identify(src/uros/micro_ros_msgs) by extensions ['colcon_meta']
[1.993s] Level 1:colcon.colcon_core.package_identification:_identify(src/uros/micro_ros_msgs) by extension 'colcon_meta'
[1.993s] Level 1:colcon.colcon_core.package_identification:_identify(src/uros/micro_ros_msgs) by extensions ['ros']
[1.993s] Level 1:colcon.colcon_core.package_identification:_identify(src/uros/micro_ros_msgs) by extension 'ros'
[1.996s] DEBUG:colcon.colcon_core.package_identification:Package 'src/uros/micro_ros_msgs' with type 'ros.ament_cmake' and name 'micro_ros_msgs'
[1.996s] Level 1:colcon.colcon_core.package_discovery:discover_packages(recursive) using defaults
[1.996s] Level 1:colcon.colcon_core.package_discovery:discover_packages(ignore) discover
[1.996s] Level 1:colcon.colcon_core.package_discovery:discover_packages(ignore) using defaults
[1.996s] Level 1:colcon.colcon_core.package_discovery:discover_packages(path) discover
[1.996s] Level 1:colcon.colcon_core.package_discovery:discover_packages(path) using defaults
[2.137s] Level 1:colcon.colcon_core.package_discovery:discover_packages(prefix_path) check parameters
[2.137s] Level 1:colcon.colcon_core.package_discovery:discover_packages(prefix_path) discover
[2.190s] DEBUG:colcon.colcon_installed_package_information.package_discovery:Found 3 installed packages in /home/ice/microros_ws/install
[2.213s] DEBUG:colcon.colcon_installed_package_information.package_discovery:Found 2 installed packages in /home/ice/polaris_ws/install
[2.241s] DEBUG:colcon.colcon_installed_package_information.package_discovery:Found 270 installed packages in /opt/ros/humble
[2.243s] Level 1:colcon.colcon_core.package_discovery:discover_packages(prefix_path) using defaults
[2.664s] Level 5:colcon.colcon_core.verb:set package 'messages' build argument 'cmake_args' from command line to 'None'
[2.664s] Level 5:colcon.colcon_core.verb:set package 'messages' build argument 'cmake_target' from command line to 'None'
[2.664s] Level 5:colcon.colcon_core.verb:set package 'messages' build argument 'cmake_target_skip_unavailable' from command line to 'False'
[2.664s] Level 5:colcon.colcon_core.verb:set package 'messages' build argument 'cmake_clean_cache' from command line to 'False'
[2.664s] Level 5:colcon.colcon_core.verb:set package 'messages' build argument 'cmake_clean_first' from command line to 'False'
[2.664s] Level 5:colcon.colcon_core.verb:set package 'messages' build argument 'cmake_force_configure' from command line to 'False'
[2.664s] Level 5:colcon.colcon_core.verb:set package 'messages' build argument 'ament_cmake_args' from command line to 'None'
[2.664s] Level 5:colcon.colcon_core.verb:set package 'messages' build argument 'catkin_cmake_args' from command line to 'None'
[2.664s] Level 5:colcon.colcon_core.verb:set package 'messages' build argument 'catkin_skip_building_tests' from command line to 'False'
[2.664s] DEBUG:colcon.colcon_core.verb:Building package 'messages' with the following arguments: {'ament_cmake_args': None, 'build_base': '/home/ice/microros_ws/build/messages', 'catkin_cmake_args': None, 'catkin_skip_building_tests': False, 'cmake_args': None, 'cmake_clean_cache': False, 'cmake_clean_first': False, 'cmake_force_configure': False, 'cmake_target': None, 'cmake_target_skip_unavailable': False, 'install_base': '/home/ice/microros_ws/install/messages', 'merge_install': False, 'path': '/home/ice/microros_ws/src/messages', 'symlink_install': False, 'test_result_base': None}
[2.688s] Level 5:colcon.colcon_core.verb:set package 'micro_ros_msgs' build argument 'cmake_args' from command line to 'None'
[2.689s] Level 5:colcon.colcon_core.verb:set package 'micro_ros_msgs' build argument 'cmake_target' from command line to 'None'
[2.689s] Level 5:colcon.colcon_core.verb:set package 'micro_ros_msgs' build argument 'cmake_target_skip_unavailable' from command line to 'False'
[2.689s] Level 5:colcon.colcon_core.verb:set package 'micro_ros_msgs' build argument 'cmake_clean_cache' from command line to 'False'
[2.689s] Level 5:colcon.colcon_core.verb:set package 'micro_ros_msgs' build argument 'cmake_clean_first' from command line to 'False'
[2.689s] Level 5:colcon.colcon_core.verb:set package 'micro_ros_msgs' build argument 'cmake_force_configure' from command line to 'False'
[2.689s] Level 5:colcon.colcon_core.verb:set package 'micro_ros_msgs' build argument 'ament_cmake_args' from command line to 'None'
[2.689s] Level 5:colcon.colcon_core.verb:set package 'micro_ros_msgs' build argument 'catkin_cmake_args' from command line to 'None'
[2.689s] Level 5:colcon.colcon_core.verb:set package 'micro_ros_msgs' build argument 'catkin_skip_building_tests' from command line to 'False'
[2.689s] DEBUG:colcon.colcon_core.verb:Building package 'micro_ros_msgs' with the following arguments: {'ament_cmake_args': None, 'build_base': '/home/ice/microros_ws/build/micro_ros_msgs', 'catkin_cmake_args': None, 'catkin_skip_building_tests': False, 'cmake_args': None, 'cmake_clean_cache': False, 'cmake_clean_first': False, 'cmake_force_configure': False, 'cmake_target': None, 'cmake_target_skip_unavailable': False, 'install_base': '/home/ice/microros_ws/install/micro_ros_msgs', 'merge_install': False, 'path': '/home/ice/microros_ws/src/uros/micro_ros_msgs', 'symlink_install': False, 'test_result_base': None}
[2.711s] Level 5:colcon.colcon_core.verb:set package 'micro_ros_setup' build argument 'cmake_args' from command line to 'None'
[2.711s] Level 5:colcon.colcon_core.verb:set package 'micro_ros_setup' build argument 'cmake_target' from command line to 'None'
[2.711s] Level 5:colcon.colcon_core.verb:set package 'micro_ros_setup' build argument 'cmake_target_skip_unavailable' from command line to 'False'
[2.711s] Level 5:colcon.colcon_core.verb:set package 'micro_ros_setup' build argument 'cmake_clean_cache' from command line to 'False'
[2.711s] Level 5:colcon.colcon_core.verb:set package 'micro_ros_setup' build argument 'cmake_clean_first' from command line to 'False'
[2.711s] Level 5:colcon.colcon_core.verb:set package 'micro_ros_setup' build argument 'cmake_force_configure' from command line to 'False'
[2.711s] Level 5:colcon.colcon_core.verb:set package 'micro_ros_setup' build argument 'ament_cmake_args' from command line to 'None'
[2.711s] Level 5:colcon.colcon_core.verb:set package 'micro_ros_setup' build argument 'catkin_cmake_args' from command line to 'None'
[2.711s] Level 5:colcon.colcon_core.verb:set package 'micro_ros_setup' build argument 'catkin_skip_building_tests' from command line to 'False'
[2.711s] DEBUG:colcon.colcon_core.verb:Building package 'micro_ros_setup' with the following arguments: {'ament_cmake_args': None, 'build_base': '/home/ice/microros_ws/build/micro_ros_setup', 'catkin_cmake_args': None, 'catkin_skip_building_tests': False, 'cmake_args': None, 'cmake_clean_cache': False, 'cmake_clean_first': False, 'cmake_force_configure': False, 'cmake_target': None, 'cmake_target_skip_unavailable': False, 'install_base': '/home/ice/microros_ws/install/micro_ros_setup', 'merge_install': False, 'path': '/home/ice/microros_ws/src/micro_ros_setup', 'symlink_install': False, 'test_result_base': None}
[2.736s] Level 5:colcon.colcon_core.verb:set package 'micro_ros_agent' build argument 'cmake_args' from command line to 'None'
[2.736s] Level 5:colcon.colcon_core.verb:set package 'micro_ros_agent' build argument 'cmake_target' from command line to 'None'
[2.736s] Level 5:colcon.colcon_core.verb:set package 'micro_ros_agent' build argument 'cmake_target_skip_unavailable' from command line to 'False'
[2.736s] Level 5:colcon.colcon_core.verb:set package 'micro_ros_agent' build argument 'cmake_clean_cache' from command line to 'False'
[2.736s] Level 5:colcon.colcon_core.verb:set package 'micro_ros_agent' build argument 'cmake_clean_first' from command line to 'False'
[2.736s] Level 5:colcon.colcon_core.verb:set package 'micro_ros_agent' build argument 'cmake_force_configure' from command line to 'False'
[2.736s] Level 5:colcon.colcon_core.verb:set package 'micro_ros_agent' build argument 'ament_cmake_args' from command line to 'None'
[2.736s] Level 5:colcon.colcon_core.verb:set package 'micro_ros_agent' build argument 'catkin_cmake_args' from command line to 'None'
[2.736s] Level 5:colcon.colcon_core.verb:set package 'micro_ros_agent' build argument 'catkin_skip_building_tests' from command line to 'False'
[2.736s] DEBUG:colcon.colcon_core.verb:Building package 'micro_ros_agent' with the following arguments: {'ament_cmake_args': None, 'build_base': '/home/ice/microros_ws/build/micro_ros_agent', 'catkin_cmake_args': None, 'catkin_skip_building_tests': False, 'cmake_args': None, 'cmake_clean_cache': False, 'cmake_clean_first': False, 'cmake_force_configure': False, 'cmake_target': None, 'cmake_target_skip_unavailable': False, 'install_base': '/home/ice/microros_ws/install/micro_ros_agent', 'merge_install': False, 'path': '/home/ice/microros_ws/src/uros/micro-ROS-Agent/micro_ros_agent', 'symlink_install': False, 'test_result_base': None}
[2.758s] INFO:colcon.colcon_core.executor:Executing jobs using 'parallel' executor
[2.782s] DEBUG:colcon.colcon_parallel_executor.executor.parallel:run_until_complete
[2.782s] INFO:colcon.colcon_ros.task.ament_cmake.build:Building ROS package in '/home/ice/microros_ws/src/uros/micro_ros_msgs' with build type 'ament_cmake'
[2.782s] INFO:colcon.colcon_cmake.task.cmake.build:Building CMake package in '/home/ice/microros_ws/src/uros/micro_ros_msgs'
[2.816s] INFO:colcon.colcon_core.plugin_system:Skipping extension 'colcon_core.shell.bat': Not used on non-Windows systems
[2.816s] INFO:colcon.colcon_core.shell:Skip shell extension 'powershell' for command environment: Not usable outside of PowerShell
[2.816s] DEBUG:colcon.colcon_core.shell:Skip shell extension 'dsv' for command environment
[2.973s] INFO:colcon.colcon_ros.task.ament_cmake.build:Building ROS package in '/home/ice/microros_ws/src/messages' with build type 'ament_cmake'
[2.974s] INFO:colcon.colcon_cmake.task.cmake.build:Building CMake package in '/home/ice/microros_ws/src/messages'
[3.008s] INFO:colcon.colcon_core.shell:Skip shell extension 'powershell' for command environment: Not usable outside of PowerShell
[3.008s] DEBUG:colcon.colcon_core.shell:Skip shell extension 'dsv' for command environment
[3.131s] DEBUG:colcon.colcon_core.event_handler.log_command:Invoking command in '/home/ice/microros_ws/build/micro_ros_msgs': CMAKE_PREFIX_PATH=${CMAKE_PREFIX_PATH}:/opt/ros/humble /usr/bin/cmake /home/ice/microros_ws/src/uros/micro_ros_msgs -DCMAKE_INSTALL_PREFIX=/home/ice/microros_ws/install/micro_ros_msgs
[3.159s] DEBUG:colcon.colcon_core.event_handler.log_command:Invoking command in '/home/ice/microros_ws/build/messages': CMAKE_PREFIX_PATH=${CMAKE_PREFIX_PATH}:/opt/ros/humble /usr/bin/cmake /home/ice/microros_ws/src/messages -DCMAKE_INSTALL_PREFIX=/home/ice/microros_ws/install/messages
[5.790s] DEBUG:colcon.colcon_core.event_handler.log_command:Invoked command in '/home/ice/microros_ws/build/micro_ros_msgs' returned '0': CMAKE_PREFIX_PATH=${CMAKE_PREFIX_PATH}:/opt/ros/humble /usr/bin/cmake /home/ice/microros_ws/src/uros/micro_ros_msgs -DCMAKE_INSTALL_PREFIX=/home/ice/microros_ws/install/micro_ros_msgs
[5.790s] DEBUG:colcon.colcon_core.event_handler.log_command:Invoking command in '/home/ice/microros_ws/build/micro_ros_msgs': CMAKE_PREFIX_PATH=${CMAKE_PREFIX_PATH}:/opt/ros/humble /usr/bin/cmake --build /home/ice/microros_ws/build/micro_ros_msgs -- -j2 -l2
[7.249s] DEBUG:colcon.colcon_core.event_handler.log_command:Invoked command in '/home/ice/microros_ws/build/messages' returned '0': CMAKE_PREFIX_PATH=${CMAKE_PREFIX_PATH}:/opt/ros/humble /usr/bin/cmake /home/ice/microros_ws/src/messages -DCMAKE_INSTALL_PREFIX=/home/ice/microros_ws/install/messages
[7.260s] DEBUG:colcon.colcon_core.event_handler.log_command:Invoking command in '/home/ice/microros_ws/build/messages': CMAKE_PREFIX_PATH=${CMAKE_PREFIX_PATH}:/opt/ros/humble /usr/bin/cmake --build /home/ice/microros_ws/build/messages -- -j2 -l2
[7.368s] DEBUG:colcon.colcon_core.event_handler.log_command:Invoked command in '/home/ice/microros_ws/build/micro_ros_msgs' returned '0': CMAKE_PREFIX_PATH=${CMAKE_PREFIX_PATH}:/opt/ros/humble /usr/bin/cmake --build /home/ice/microros_ws/build/micro_ros_msgs -- -j2 -l2
[7.877s] DEBUG:colcon.colcon_core.event_handler.log_command:Invoking command in '/home/ice/microros_ws/build/micro_ros_msgs': CMAKE_PREFIX_PATH=${CMAKE_PREFIX_PATH}:/opt/ros/humble /usr/bin/cmake --install /home/ice/microros_ws/build/micro_ros_msgs
[8.226s] Level 1:colcon.colcon_core.environment:create_environment_scripts_only(micro_ros_msgs)
[8.227s] DEBUG:colcon.colcon_core.event_handler.log_command:Invoked command in '/home/ice/microros_ws/build/micro_ros_msgs' returned '0': CMAKE_PREFIX_PATH=${CMAKE_PREFIX_PATH}:/opt/ros/humble /usr/bin/cmake --install /home/ice/microros_ws/build/micro_ros_msgs
[8.283s] Level 1:colcon.colcon_core.environment:checking '/home/ice/microros_ws/install/micro_ros_msgs' for CMake module files
[8.285s] Level 1:colcon.colcon_core.environment:checking '/home/ice/microros_ws/install/micro_ros_msgs' for CMake config files
[8.285s] Level 1:colcon.colcon_core.shell:create_environment_hook('micro_ros_msgs', 'cmake_prefix_path')
[8.327s] INFO:colcon.colcon_core.shell:Creating environment hook '/home/ice/microros_ws/install/micro_ros_msgs/share/micro_ros_msgs/hook/cmake_prefix_path.ps1'
[8.330s] INFO:colcon.colcon_core.shell:Creating environment descriptor '/home/ice/microros_ws/install/micro_ros_msgs/share/micro_ros_msgs/hook/cmake_prefix_path.dsv'
[8.332s] INFO:colcon.colcon_core.shell:Creating environment hook '/home/ice/microros_ws/install/micro_ros_msgs/share/micro_ros_msgs/hook/cmake_prefix_path.sh'
[8.335s] Level 1:colcon.colcon_core.environment:checking '/home/ice/microros_ws/install/micro_ros_msgs/lib'
[8.335s] Level 1:colcon.colcon_core.shell:create_environment_hook('micro_ros_msgs', 'ld_library_path_lib')
[8.403s] INFO:colcon.colcon_core.shell:Creating environment hook '/home/ice/microros_ws/install/micro_ros_msgs/share/micro_ros_msgs/hook/ld_library_path_lib.ps1'
[8.405s] INFO:colcon.colcon_core.shell:Creating environment descriptor '/home/ice/microros_ws/install/micro_ros_msgs/share/micro_ros_msgs/hook/ld_library_path_lib.dsv'
[8.408s] INFO:colcon.colcon_core.shell:Creating environment hook '/home/ice/microros_ws/install/micro_ros_msgs/share/micro_ros_msgs/hook/ld_library_path_lib.sh'
[8.410s] Level 1:colcon.colcon_core.environment:checking '/home/ice/microros_ws/install/micro_ros_msgs/bin'
[8.410s] Level 1:colcon.colcon_core.environment:checking '/home/ice/microros_ws/install/micro_ros_msgs/lib/pkgconfig/micro_ros_msgs.pc'
[8.411s] Level 1:colcon.colcon_core.environment:checking '/home/ice/microros_ws/install/micro_ros_msgs/lib/python3.10/site-packages'
[8.411s] Level 1:colcon.colcon_core.environment:checking '/home/ice/microros_ws/install/micro_ros_msgs/bin'
[8.437s] INFO:colcon.colcon_core.shell:Creating package script '/home/ice/microros_ws/install/micro_ros_msgs/share/micro_ros_msgs/package.ps1'
[8.440s] INFO:colcon.colcon_core.shell:Creating package descriptor '/home/ice/microros_ws/install/micro_ros_msgs/share/micro_ros_msgs/package.dsv'
[8.442s] INFO:colcon.colcon_core.shell:Creating package script '/home/ice/microros_ws/install/micro_ros_msgs/share/micro_ros_msgs/package.sh'
[8.444s] INFO:colcon.colcon_core.shell:Creating package script '/home/ice/microros_ws/install/micro_ros_msgs/share/micro_ros_msgs/package.bash'
[8.446s] INFO:colcon.colcon_core.shell:Creating package script '/home/ice/microros_ws/install/micro_ros_msgs/share/micro_ros_msgs/package.zsh'
[8.448s] Level 1:colcon.colcon_core.environment:create_file_with_runtime_dependencies(/home/ice/microros_ws/install/micro_ros_msgs/share/colcon-core/packages/micro_ros_msgs)
[9.471s] Level 1:colcon.colcon_core.environment:create_environment_scripts_only(micro_ros_msgs)
[9.490s] Level 1:colcon.colcon_core.environment:checking '/home/ice/microros_ws/install/micro_ros_msgs' for CMake module files
[9.491s] Level 1:colcon.colcon_core.environment:checking '/home/ice/microros_ws/install/micro_ros_msgs' for CMake config files
[9.491s] Level 1:colcon.colcon_core.shell:create_environment_hook('micro_ros_msgs', 'cmake_prefix_path')
[9.511s] INFO:colcon.colcon_core.shell:Creating environment hook '/home/ice/microros_ws/install/micro_ros_msgs/share/micro_ros_msgs/hook/cmake_prefix_path.ps1'
[9.514s] INFO:colcon.colcon_core.shell:Creating environment descriptor '/home/ice/microros_ws/install/micro_ros_msgs/share/micro_ros_msgs/hook/cmake_prefix_path.dsv'
[9.516s] INFO:colcon.colcon_core.shell:Creating environment hook '/home/ice/microros_ws/install/micro_ros_msgs/share/micro_ros_msgs/hook/cmake_prefix_path.sh'
[9.518s] Level 1:colcon.colcon_core.environment:checking '/home/ice/microros_ws/install/micro_ros_msgs/lib'
[9.518s] Level 1:colcon.colcon_core.shell:create_environment_hook('micro_ros_msgs', 'ld_library_path_lib')
[9.543s] INFO:colcon.colcon_core.shell:Creating environment hook '/home/ice/microros_ws/install/micro_ros_msgs/share/micro_ros_msgs/hook/ld_library_path_lib.ps1'
[9.544s] INFO:colcon.colcon_core.shell:Creating environment descriptor '/home/ice/microros_ws/install/micro_ros_msgs/share/micro_ros_msgs/hook/ld_library_path_lib.dsv'
[9.545s] INFO:colcon.colcon_core.shell:Creating environment hook '/home/ice/microros_ws/install/micro_ros_msgs/share/micro_ros_msgs/hook/ld_library_path_lib.sh'
[9.546s] Level 1:colcon.colcon_core.environment:checking '/home/ice/microros_ws/install/micro_ros_msgs/bin'
[9.546s] Level 1:colcon.colcon_core.environment:checking '/home/ice/microros_ws/install/micro_ros_msgs/lib/pkgconfig/micro_ros_msgs.pc'
[9.547s] Level 1:colcon.colcon_core.environment:checking '/home/ice/microros_ws/install/micro_ros_msgs/lib/python3.10/site-packages'
[9.548s] Level 1:colcon.colcon_core.environment:checking '/home/ice/microros_ws/install/micro_ros_msgs/bin'
[9.581s] INFO:colcon.colcon_core.shell:Creating package script '/home/ice/microros_ws/install/micro_ros_msgs/share/micro_ros_msgs/package.ps1'
[9.600s] INFO:colcon.colcon_core.shell:Creating package descriptor '/home/ice/microros_ws/install/micro_ros_msgs/share/micro_ros_msgs/package.dsv'
[9.602s] INFO:colcon.colcon_core.shell:Creating package script '/home/ice/microros_ws/install/micro_ros_msgs/share/micro_ros_msgs/package.sh'
[9.605s] INFO:colcon.colcon_core.shell:Creating package script '/home/ice/microros_ws/install/micro_ros_msgs/share/micro_ros_msgs/package.bash'
[9.606s] INFO:colcon.colcon_core.shell:Creating package script '/home/ice/microros_ws/install/micro_ros_msgs/share/micro_ros_msgs/package.zsh'
[9.607s] Level 1:colcon.colcon_core.environment:create_file_with_runtime_dependencies(/home/ice/microros_ws/install/micro_ros_msgs/share/colcon-core/packages/micro_ros_msgs)
[9.643s] INFO:colcon.colcon_ros.task.ament_cmake.build:Building ROS package in '/home/ice/microros_ws/src/micro_ros_setup' with build type 'ament_cmake'
[9.643s] INFO:colcon.colcon_cmake.task.cmake.build:Building CMake package in '/home/ice/microros_ws/src/micro_ros_setup'
[9.723s] INFO:colcon.colcon_core.shell:Skip shell extension 'powershell' for command environment: Not usable outside of PowerShell
[9.724s] DEBUG:colcon.colcon_core.shell:Skip shell extension 'dsv' for command environment
[10.001s] DEBUG:colcon.colcon_core.event_handler.log_command:Invoking command in '/home/ice/microros_ws/build/micro_ros_setup': CMAKE_PREFIX_PATH=${CMAKE_PREFIX_PATH}:/opt/ros/humble /usr/bin/cmake --build /home/ice/microros_ws/build/micro_ros_setup -- -j2 -l2
[10.322s] DEBUG:colcon.colcon_core.event_handler.log_command:Invoked command in '/home/ice/microros_ws/build/micro_ros_setup' returned '0': CMAKE_PREFIX_PATH=${CMAKE_PREFIX_PATH}:/opt/ros/humble /usr/bin/cmake --build /home/ice/microros_ws/build/micro_ros_setup -- -j2 -l2
[10.630s] DEBUG:colcon.colcon_core.event_handler.log_command:Invoking command in '/home/ice/microros_ws/build/micro_ros_setup': CMAKE_PREFIX_PATH=${CMAKE_PREFIX_PATH}:/opt/ros/humble /usr/bin/cmake --install /home/ice/microros_ws/build/micro_ros_setup
[10.783s] Level 1:colcon.colcon_core.environment:create_environment_scripts_only(micro_ros_setup)
[10.791s] DEBUG:colcon.colcon_core.event_handler.log_command:Invoked command in '/home/ice/microros_ws/build/micro_ros_setup' returned '0': CMAKE_PREFIX_PATH=${CMAKE_PREFIX_PATH}:/opt/ros/humble /usr/bin/cmake --install /home/ice/microros_ws/build/micro_ros_setup
[10.830s] Level 1:colcon.colcon_core.environment:checking '/home/ice/microros_ws/install/micro_ros_setup' for CMake module files
[10.830s] Level 1:colcon.colcon_core.environment:checking '/home/ice/microros_ws/install/micro_ros_setup' for CMake config files
[10.831s] Level 1:colcon.colcon_core.shell:create_environment_hook('micro_ros_setup', 'cmake_prefix_path')
[10.868s] INFO:colcon.colcon_core.shell:Creating environment hook '/home/ice/microros_ws/install/micro_ros_setup/share/micro_ros_setup/hook/cmake_prefix_path.ps1'
[10.869s] INFO:colcon.colcon_core.shell:Creating environment descriptor '/home/ice/microros_ws/install/micro_ros_setup/share/micro_ros_setup/hook/cmake_prefix_path.dsv'
[10.870s] INFO:colcon.colcon_core.shell:Creating environment hook '/home/ice/microros_ws/install/micro_ros_setup/share/micro_ros_setup/hook/cmake_prefix_path.sh'
[10.872s] Level 1:colcon.colcon_core.environment:checking '/home/ice/microros_ws/install/micro_ros_setup/lib'
[10.872s] Level 1:colcon.colcon_core.environment:checking '/home/ice/microros_ws/install/micro_ros_setup/bin'
[10.872s] Level 1:colcon.colcon_core.environment:checking '/home/ice/microros_ws/install/micro_ros_setup/lib/pkgconfig/micro_ros_setup.pc'
[10.873s] Level 1:colcon.colcon_core.environment:checking '/home/ice/microros_ws/install/micro_ros_setup/lib/python3.10/site-packages'
[10.873s] Level 1:colcon.colcon_core.environment:checking '/home/ice/microros_ws/install/micro_ros_setup/bin'
[10.937s] INFO:colcon.colcon_core.shell:Creating package script '/home/ice/microros_ws/install/micro_ros_setup/share/micro_ros_setup/package.ps1'
[10.938s] INFO:colcon.colcon_core.shell:Creating package descriptor '/home/ice/microros_ws/install/micro_ros_setup/share/micro_ros_setup/package.dsv'
[10.940s] INFO:colcon.colcon_core.shell:Creating package script '/home/ice/microros_ws/install/micro_ros_setup/share/micro_ros_setup/package.sh'
[10.942s] INFO:colcon.colcon_core.shell:Creating package script '/home/ice/microros_ws/install/micro_ros_setup/share/micro_ros_setup/package.bash'
[10.943s] INFO:colcon.colcon_core.shell:Creating package script '/home/ice/microros_ws/install/micro_ros_setup/share/micro_ros_setup/package.zsh'
[10.954s] Level 1:colcon.colcon_core.environment:create_file_with_runtime_dependencies(/home/ice/microros_ws/install/micro_ros_setup/share/colcon-core/packages/micro_ros_setup)
[11.161s] Level 1:colcon.colcon_core.environment:create_environment_scripts_only(micro_ros_setup)
[11.190s] Level 1:colcon.colcon_core.environment:checking '/home/ice/microros_ws/install/micro_ros_setup' for CMake module files
[11.192s] Level 1:colcon.colcon_core.environment:checking '/home/ice/microros_ws/install/micro_ros_setup' for CMake config files
[11.193s] Level 1:colcon.colcon_core.shell:create_environment_hook('micro_ros_setup', 'cmake_prefix_path')
[11.219s] INFO:colcon.colcon_core.shell:Creating environment hook '/home/ice/microros_ws/install/micro_ros_setup/share/micro_ros_setup/hook/cmake_prefix_path.ps1'
[11.220s] INFO:colcon.colcon_core.shell:Creating environment descriptor '/home/ice/microros_ws/install/micro_ros_setup/share/micro_ros_setup/hook/cmake_prefix_path.dsv'
[11.222s] INFO:colcon.colcon_core.shell:Creating environment hook '/home/ice/microros_ws/install/micro_ros_setup/share/micro_ros_setup/hook/cmake_prefix_path.sh'
[11.224s] Level 1:colcon.colcon_core.environment:checking '/home/ice/microros_ws/install/micro_ros_setup/lib'
[11.224s] Level 1:colcon.colcon_core.environment:checking '/home/ice/microros_ws/install/micro_ros_setup/bin'
[11.225s] Level 1:colcon.colcon_core.environment:checking '/home/ice/microros_ws/install/micro_ros_setup/lib/pkgconfig/micro_ros_setup.pc'
[11.225s] Level 1:colcon.colcon_core.environment:checking '/home/ice/microros_ws/install/micro_ros_setup/lib/python3.10/site-packages'
[11.225s] Level 1:colcon.colcon_core.environment:checking '/home/ice/microros_ws/install/micro_ros_setup/bin'
[11.249s] INFO:colcon.colcon_core.shell:Creating package script '/home/ice/microros_ws/install/micro_ros_setup/share/micro_ros_setup/package.ps1'
[11.265s] INFO:colcon.colcon_core.shell:Creating package descriptor '/home/ice/microros_ws/install/micro_ros_setup/share/micro_ros_setup/package.dsv'
[11.284s] INFO:colcon.colcon_core.shell:Creating package script '/home/ice/microros_ws/install/micro_ros_setup/share/micro_ros_setup/package.sh'
[11.285s] INFO:colcon.colcon_core.shell:Creating package script '/home/ice/microros_ws/install/micro_ros_setup/share/micro_ros_setup/package.bash'
[11.286s] INFO:colcon.colcon_core.shell:Creating package script '/home/ice/microros_ws/install/micro_ros_setup/share/micro_ros_setup/package.zsh'
[11.288s] Level 1:colcon.colcon_core.environment:create_file_with_runtime_dependencies(/home/ice/microros_ws/install/micro_ros_setup/share/colcon-core/packages/micro_ros_setup)
[11.291s] INFO:colcon.colcon_ros.task.ament_cmake.build:Building ROS package in '/home/ice/microros_ws/src/uros/micro-ROS-Agent/micro_ros_agent' with build type 'ament_cmake'
[11.292s] INFO:colcon.colcon_cmake.task.cmake.build:Building CMake package in '/home/ice/microros_ws/src/uros/micro-ROS-Agent/micro_ros_agent'
[11.337s] INFO:colcon.colcon_core.shell:Skip shell extension 'powershell' for command environment: Not usable outside of PowerShell
[11.338s] DEBUG:colcon.colcon_core.shell:Skip shell extension 'dsv' for command environment
[11.652s] DEBUG:colcon.colcon_core.event_handler.log_command:Invoking command in '/home/ice/microros_ws/build/micro_ros_agent': CMAKE_PREFIX_PATH=/home/ice/microros_ws/install/micro_ros_msgs:/home/ice/microros_ws/install/micro_ros_setup:/home/ice/microros_ws/install/micro_ros_agent:/home/ice/polaris_ws/install/services:/opt/ros/humble LD_LIBRARY_PATH=/home/ice/microros_ws/install/micro_ros_msgs/lib:/home/ice/microros_ws/install/micro_ros_agent/lib:/home/ice/polaris_ws/install/services/lib:/opt/ros/humble/opt/rviz_ogre_vendor/lib:/opt/ros/humble/lib/x86_64-linux-gnu:/opt/ros/humble/lib /usr/bin/cmake /home/ice/microros_ws/src/uros/micro-ROS-Agent/micro_ros_agent -DCMAKE_INSTALL_PREFIX=/home/ice/microros_ws/install/micro_ros_agent
[13.443s] DEBUG:colcon.colcon_core.event_handler.log_command:Invoked command in '/home/ice/microros_ws/build/micro_ros_agent' returned '0': CMAKE_PREFIX_PATH=/home/ice/microros_ws/install/micro_ros_msgs:/home/ice/microros_ws/install/micro_ros_setup:/home/ice/microros_ws/install/micro_ros_agent:/home/ice/polaris_ws/install/services:/opt/ros/humble LD_LIBRARY_PATH=/home/ice/microros_ws/install/micro_ros_msgs/lib:/home/ice/microros_ws/install/micro_ros_agent/lib:/home/ice/polaris_ws/install/services/lib:/opt/ros/humble/opt/rviz_ogre_vendor/lib:/opt/ros/humble/lib/x86_64-linux-gnu:/opt/ros/humble/lib /usr/bin/cmake /home/ice/microros_ws/src/uros/micro-ROS-Agent/micro_ros_agent -DCMAKE_INSTALL_PREFIX=/home/ice/microros_ws/install/micro_ros_agent
[13.449s] DEBUG:colcon.colcon_core.event_handler.log_command:Invoking command in '/home/ice/microros_ws/build/micro_ros_agent': CMAKE_PREFIX_PATH=/home/ice/microros_ws/install/micro_ros_msgs:/home/ice/microros_ws/install/micro_ros_setup:/home/ice/microros_ws/install/micro_ros_agent:/home/ice/polaris_ws/install/services:/opt/ros/humble LD_LIBRARY_PATH=/home/ice/microros_ws/install/micro_ros_msgs/lib:/home/ice/microros_ws/install/micro_ros_agent/lib:/home/ice/polaris_ws/install/services/lib:/opt/ros/humble/opt/rviz_ogre_vendor/lib:/opt/ros/humble/lib/x86_64-linux-gnu:/opt/ros/humble/lib /usr/bin/cmake --build /home/ice/microros_ws/build/micro_ros_agent -- -j2 -l2
[14.194s] DEBUG:colcon.colcon_core.event_handler.log_command:Invoked command in '/home/ice/microros_ws/build/micro_ros_agent' returned '0': CMAKE_PREFIX_PATH=/home/ice/microros_ws/install/micro_ros_msgs:/home/ice/microros_ws/install/micro_ros_setup:/home/ice/microros_ws/install/micro_ros_agent:/home/ice/polaris_ws/install/services:/opt/ros/humble LD_LIBRARY_PATH=/home/ice/microros_ws/install/micro_ros_msgs/lib:/home/ice/microros_ws/install/micro_ros_agent/lib:/home/ice/polaris_ws/install/services/lib:/opt/ros/humble/opt/rviz_ogre_vendor/lib:/opt/ros/humble/lib/x86_64-linux-gnu:/opt/ros/humble/lib /usr/bin/cmake --build /home/ice/microros_ws/build/micro_ros_agent -- -j2 -l2
[14.389s] DEBUG:colcon.colcon_core.event_handler.log_command:Invoking command in '/home/ice/microros_ws/build/micro_ros_agent': CMAKE_PREFIX_PATH=/home/ice/microros_ws/install/micro_ros_msgs:/home/ice/microros_ws/install/micro_ros_setup:/home/ice/microros_ws/install/micro_ros_agent:/home/ice/polaris_ws/install/services:/opt/ros/humble LD_LIBRARY_PATH=/home/ice/microros_ws/install/micro_ros_msgs/lib:/home/ice/microros_ws/install/micro_ros_agent/lib:/home/ice/polaris_ws/install/services/lib:/opt/ros/humble/opt/rviz_ogre_vendor/lib:/opt/ros/humble/lib/x86_64-linux-gnu:/opt/ros/humble/lib /usr/bin/cmake --install /home/ice/microros_ws/build/micro_ros_agent
[14.461s] Level 1:colcon.colcon_core.environment:create_environment_scripts_only(micro_ros_agent)
[14.470s] DEBUG:colcon.colcon_core.event_handler.log_command:Invoked command in '/home/ice/microros_ws/build/micro_ros_agent' returned '0': CMAKE_PREFIX_PATH=/home/ice/microros_ws/install/micro_ros_msgs:/home/ice/microros_ws/install/micro_ros_setup:/home/ice/microros_ws/install/micro_ros_agent:/home/ice/polaris_ws/install/services:/opt/ros/humble LD_LIBRARY_PATH=/home/ice/microros_ws/install/micro_ros_msgs/lib:/home/ice/microros_ws/install/micro_ros_agent/lib:/home/ice/polaris_ws/install/services/lib:/opt/ros/humble/opt/rviz_ogre_vendor/lib:/opt/ros/humble/lib/x86_64-linux-gnu:/opt/ros/humble/lib /usr/bin/cmake --install /home/ice/microros_ws/build/micro_ros_agent
[14.492s] Level 1:colcon.colcon_core.environment:checking '/home/ice/microros_ws/install/micro_ros_agent' for CMake module files
[14.493s] Level 1:colcon.colcon_core.environment:checking '/home/ice/microros_ws/install/micro_ros_agent' for CMake config files
[14.493s] Level 1:colcon.colcon_core.shell:create_environment_hook('micro_ros_agent', 'cmake_prefix_path')
[14.519s] INFO:colcon.colcon_core.shell:Creating environment hook '/home/ice/microros_ws/install/micro_ros_agent/share/micro_ros_agent/hook/cmake_prefix_path.ps1'
[14.521s] INFO:colcon.colcon_core.shell:Creating environment descriptor '/home/ice/microros_ws/install/micro_ros_agent/share/micro_ros_agent/hook/cmake_prefix_path.dsv'
[14.522s] INFO:colcon.colcon_core.shell:Creating environment hook '/home/ice/microros_ws/install/micro_ros_agent/share/micro_ros_agent/hook/cmake_prefix_path.sh'
[14.529s] Level 1:colcon.colcon_core.environment:checking '/home/ice/microros_ws/install/micro_ros_agent/lib'
[14.529s] Level 1:colcon.colcon_core.shell:create_environment_hook('micro_ros_agent', 'ld_library_path_lib')
[14.573s] INFO:colcon.colcon_core.shell:Creating environment hook '/home/ice/microros_ws/install/micro_ros_agent/share/micro_ros_agent/hook/ld_library_path_lib.ps1'
[14.575s] INFO:colcon.colcon_core.shell:Creating environment descriptor '/home/ice/microros_ws/install/micro_ros_agent/share/micro_ros_agent/hook/ld_library_path_lib.dsv'
[14.576s] INFO:colcon.colcon_core.shell:Creating environment hook '/home/ice/microros_ws/install/micro_ros_agent/share/micro_ros_agent/hook/ld_library_path_lib.sh'
[14.577s] Level 1:colcon.colcon_core.environment:checking '/home/ice/microros_ws/install/micro_ros_agent/bin'
[14.577s] Level 1:colcon.colcon_core.environment:checking '/home/ice/microros_ws/install/micro_ros_agent/lib/pkgconfig/micro_ros_agent.pc'
[14.578s] Level 1:colcon.colcon_core.environment:checking '/home/ice/microros_ws/install/micro_ros_agent/lib/python3.10/site-packages'
[14.580s] Level 1:colcon.colcon_core.environment:checking '/home/ice/microros_ws/install/micro_ros_agent/bin'
[14.613s] INFO:colcon.colcon_core.shell:Creating package script '/home/ice/microros_ws/install/micro_ros_agent/share/micro_ros_agent/package.ps1'
[14.618s] INFO:colcon.colcon_core.shell:Creating package descriptor '/home/ice/microros_ws/install/micro_ros_agent/share/micro_ros_agent/package.dsv'
[14.625s] INFO:colcon.colcon_core.shell:Creating package script '/home/ice/microros_ws/install/micro_ros_agent/share/micro_ros_agent/package.sh'
[14.626s] INFO:colcon.colcon_core.shell:Creating package script '/home/ice/microros_ws/install/micro_ros_agent/share/micro_ros_agent/package.bash'
[14.628s] INFO:colcon.colcon_core.shell:Creating package script '/home/ice/microros_ws/install/micro_ros_agent/share/micro_ros_agent/package.zsh'
[14.639s] Level 1:colcon.colcon_core.environment:create_file_with_runtime_dependencies(/home/ice/microros_ws/install/micro_ros_agent/share/colcon-core/packages/micro_ros_agent)
[14.880s] Level 1:colcon.colcon_core.environment:create_environment_scripts_only(micro_ros_agent)
[14.906s] Level 1:colcon.colcon_core.environment:checking '/home/ice/microros_ws/install/micro_ros_agent' for CMake module files
[14.907s] Level 1:colcon.colcon_core.environment:checking '/home/ice/microros_ws/install/micro_ros_agent' for CMake config files
[14.908s] Level 1:colcon.colcon_core.shell:create_environment_hook('micro_ros_agent', 'cmake_prefix_path')
[14.946s] INFO:colcon.colcon_core.shell:Creating environment hook '/home/ice/microros_ws/install/micro_ros_agent/share/micro_ros_agent/hook/cmake_prefix_path.ps1'
[14.948s] INFO:colcon.colcon_core.shell:Creating environment descriptor '/home/ice/microros_ws/install/micro_ros_agent/share/micro_ros_agent/hook/cmake_prefix_path.dsv'
[14.955s] INFO:colcon.colcon_core.shell:Creating environment hook '/home/ice/microros_ws/install/micro_ros_agent/share/micro_ros_agent/hook/cmake_prefix_path.sh'
[14.969s] Level 1:colcon.colcon_core.environment:checking '/home/ice/microros_ws/install/micro_ros_agent/lib'
[14.969s] Level 1:colcon.colcon_core.shell:create_environment_hook('micro_ros_agent', 'ld_library_path_lib')
[15.007s] INFO:colcon.colcon_core.shell:Creating environment hook '/home/ice/microros_ws/install/micro_ros_agent/share/micro_ros_agent/hook/ld_library_path_lib.ps1'
[15.009s] INFO:colcon.colcon_core.shell:Creating environment descriptor '/home/ice/microros_ws/install/micro_ros_agent/share/micro_ros_agent/hook/ld_library_path_lib.dsv'
[15.010s] INFO:colcon.colcon_core.shell:Creating environment hook '/home/ice/microros_ws/install/micro_ros_agent/share/micro_ros_agent/hook/ld_library_path_lib.sh'
[15.012s] Level 1:colcon.colcon_core.environment:checking '/home/ice/microros_ws/install/micro_ros_agent/bin'
[15.012s] Level 1:colcon.colcon_core.environment:checking '/home/ice/microros_ws/install/micro_ros_agent/lib/pkgconfig/micro_ros_agent.pc'
[15.013s] Level 1:colcon.colcon_core.environment:checking '/home/ice/microros_ws/install/micro_ros_agent/lib/python3.10/site-packages'
[15.014s] Level 1:colcon.colcon_core.environment:checking '/home/ice/microros_ws/install/micro_ros_agent/bin'
[15.077s] INFO:colcon.colcon_core.shell:Creating package script '/home/ice/microros_ws/install/micro_ros_agent/share/micro_ros_agent/package.ps1'
[15.079s] INFO:colcon.colcon_core.shell:Creating package descriptor '/home/ice/microros_ws/install/micro_ros_agent/share/micro_ros_agent/package.dsv'
[15.087s] INFO:colcon.colcon_core.shell:Creating package script '/home/ice/microros_ws/install/micro_ros_agent/share/micro_ros_agent/package.sh'
[15.090s] INFO:colcon.colcon_core.shell:Creating package script '/home/ice/microros_ws/install/micro_ros_agent/share/micro_ros_agent/package.bash'
[15.091s] INFO:colcon.colcon_core.shell:Creating package script '/home/ice/microros_ws/install/micro_ros_agent/share/micro_ros_agent/package.zsh'
[15.092s] Level 1:colcon.colcon_core.environment:create_file_with_runtime_dependencies(/home/ice/microros_ws/install/micro_ros_agent/share/colcon-core/packages/micro_ros_agent)
[17.197s] DEBUG:colcon.colcon_core.event_handler.log_command:Invoked command in '/home/ice/microros_ws/build/messages' returned '0': CMAKE_PREFIX_PATH=${CMAKE_PREFIX_PATH}:/opt/ros/humble /usr/bin/cmake --build /home/ice/microros_ws/build/messages -- -j2 -l2
[17.512s] DEBUG:colcon.colcon_core.event_handler.log_command:Invoking command in '/home/ice/microros_ws/build/messages': CMAKE_PREFIX_PATH=${CMAKE_PREFIX_PATH}:/opt/ros/humble /usr/bin/cmake --install /home/ice/microros_ws/build/messages
[17.648s] Level 1:colcon.colcon_core.environment:create_environment_scripts_only(messages)
[17.659s] DEBUG:colcon.colcon_core.event_handler.log_command:Invoked command in '/home/ice/microros_ws/build/messages' returned '0': CMAKE_PREFIX_PATH=${CMAKE_PREFIX_PATH}:/opt/ros/humble /usr/bin/cmake --install /home/ice/microros_ws/build/messages
[17.689s] Level 1:colcon.colcon_core.environment:checking '/home/ice/microros_ws/install/messages' for CMake module files
[17.691s] Level 1:colcon.colcon_core.environment:checking '/home/ice/microros_ws/install/messages' for CMake config files
[17.691s] Level 1:colcon.colcon_core.shell:create_environment_hook('messages', 'cmake_prefix_path')
[17.713s] INFO:colcon.colcon_core.shell:Creating environment hook '/home/ice/microros_ws/install/messages/share/messages/hook/cmake_prefix_path.ps1'
[17.714s] INFO:colcon.colcon_core.shell:Creating environment descriptor '/home/ice/microros_ws/install/messages/share/messages/hook/cmake_prefix_path.dsv'
[17.716s] INFO:colcon.colcon_core.shell:Creating environment hook '/home/ice/microros_ws/install/messages/share/messages/hook/cmake_prefix_path.sh'
[17.718s] Level 1:colcon.colcon_core.environment:checking '/home/ice/microros_ws/install/messages/lib'
[17.718s] Level 1:colcon.colcon_core.shell:create_environment_hook('messages', 'ld_library_path_lib')
[17.741s] INFO:colcon.colcon_core.shell:Creating environment hook '/home/ice/microros_ws/install/messages/share/messages/hook/ld_library_path_lib.ps1'
[17.741s] INFO:colcon.colcon_core.shell:Creating environment descriptor '/home/ice/microros_ws/install/messages/share/messages/hook/ld_library_path_lib.dsv'
[17.742s] INFO:colcon.colcon_core.shell:Creating environment hook '/home/ice/microros_ws/install/messages/share/messages/hook/ld_library_path_lib.sh'
[17.742s] Level 1:colcon.colcon_core.environment:checking '/home/ice/microros_ws/install/messages/bin'
[17.742s] Level 1:colcon.colcon_core.environment:checking '/home/ice/microros_ws/install/messages/lib/pkgconfig/messages.pc'
[17.743s] Level 1:colcon.colcon_core.environment:checking '/home/ice/microros_ws/install/messages/lib/python3.10/site-packages'
[17.743s] Level 1:colcon.colcon_core.environment:checking '/home/ice/microros_ws/install/messages/bin'
[17.770s] INFO:colcon.colcon_core.shell:Creating package script '/home/ice/microros_ws/install/messages/share/messages/package.ps1'
[17.771s] INFO:colcon.colcon_core.shell:Creating package descriptor '/home/ice/microros_ws/install/messages/share/messages/package.dsv'
[17.775s] INFO:colcon.colcon_core.shell:Creating package script '/home/ice/microros_ws/install/messages/share/messages/package.sh'
[17.776s] INFO:colcon.colcon_core.shell:Creating package script '/home/ice/microros_ws/install/messages/share/messages/package.bash'
[17.776s] INFO:colcon.colcon_core.shell:Creating package script '/home/ice/microros_ws/install/messages/share/messages/package.zsh'
[17.777s] Level 1:colcon.colcon_core.environment:create_file_with_runtime_dependencies(/home/ice/microros_ws/install/messages/share/colcon-core/packages/messages)
[18.106s] Level 1:colcon.colcon_core.environment:create_environment_scripts_only(messages)
[18.129s] Level 1:colcon.colcon_core.environment:checking '/home/ice/microros_ws/install/messages' for CMake module files
[18.130s] Level 1:colcon.colcon_core.environment:checking '/home/ice/microros_ws/install/messages' for CMake config files
[18.130s] Level 1:colcon.colcon_core.shell:create_environment_hook('messages', 'cmake_prefix_path')
[18.154s] INFO:colcon.colcon_core.shell:Creating environment hook '/home/ice/microros_ws/install/messages/share/messages/hook/cmake_prefix_path.ps1'
[18.155s] INFO:colcon.colcon_core.shell:Creating environment descriptor '/home/ice/microros_ws/install/messages/share/messages/hook/cmake_prefix_path.dsv'
[18.156s] INFO:colcon.colcon_core.shell:Creating environment hook '/home/ice/microros_ws/install/messages/share/messages/hook/cmake_prefix_path.sh'
[18.158s] Level 1:colcon.colcon_core.environment:checking '/home/ice/microros_ws/install/messages/lib'
[18.158s] Level 1:colcon.colcon_core.shell:create_environment_hook('messages', 'ld_library_path_lib')
[18.182s] INFO:colcon.colcon_core.shell:Creating environment hook '/home/ice/microros_ws/install/messages/share/messages/hook/ld_library_path_lib.ps1'
[18.183s] INFO:colcon.colcon_core.shell:Creating environment descriptor '/home/ice/microros_ws/install/messages/share/messages/hook/ld_library_path_lib.dsv'
[18.185s] INFO:colcon.colcon_core.shell:Creating environment hook '/home/ice/microros_ws/install/messages/share/messages/hook/ld_library_path_lib.sh'
[18.186s] Level 1:colcon.colcon_core.environment:checking '/home/ice/microros_ws/install/messages/bin'
[18.186s] Level 1:colcon.colcon_core.environment:checking '/home/ice/microros_ws/install/messages/lib/pkgconfig/messages.pc'
[18.187s] Level 1:colcon.colcon_core.environment:checking '/home/ice/microros_ws/install/messages/lib/python3.10/site-packages'
[18.187s] Level 1:colcon.colcon_core.environment:checking '/home/ice/microros_ws/install/messages/bin'
[18.210s] INFO:colcon.colcon_core.shell:Creating package script '/home/ice/microros_ws/install/messages/share/messages/package.ps1'
[18.211s] INFO:colcon.colcon_core.shell:Creating package descriptor '/home/ice/microros_ws/install/messages/share/messages/package.dsv'
[18.213s] INFO:colcon.colcon_core.shell:Creating package script '/home/ice/microros_ws/install/messages/share/messages/package.sh'
[18.214s] INFO:colcon.colcon_core.shell:Creating package script '/home/ice/microros_ws/install/messages/share/messages/package.bash'
[18.215s] INFO:colcon.colcon_core.shell:Creating package script '/home/ice/microros_ws/install/messages/share/messages/package.zsh'
[18.216s] Level 1:colcon.colcon_core.environment:create_file_with_runtime_dependencies(/home/ice/microros_ws/install/messages/share/colcon-core/packages/messages)
[18.217s] DEBUG:colcon.colcon_parallel_executor.executor.parallel:closing loop
[18.218s] DEBUG:colcon.colcon_parallel_executor.executor.parallel:loop closed
[18.218s] DEBUG:colcon.colcon_parallel_executor.executor.parallel:run_until_complete finished with '0'
[18.218s] DEBUG:colcon.colcon_core.event_reactor:joining thread
[18.252s] INFO:colcon.colcon_core.plugin_system:Skipping extension 'colcon_notification.desktop_notification.terminal_notifier': Not used on non-Darwin systems
[18.252s] INFO:colcon.colcon_core.plugin_system:Skipping extension 'colcon_notification.desktop_notification.win32': Not used on non-Windows systems
[18.252s] INFO:colcon.colcon_notification.desktop_notification:Sending desktop notification using 'notify2'
[18.314s] DEBUG:colcon.colcon_core.event_reactor:joined thread
[18.346s] INFO:colcon.colcon_core.shell:Creating prefix script '/home/ice/microros_ws/install/local_setup.ps1'
[18.348s] INFO:colcon.colcon_core.shell:Creating prefix util module '/home/ice/microros_ws/install/_local_setup_util_ps1.py'
[18.351s] INFO:colcon.colcon_core.shell:Creating prefix chain script '/home/ice/microros_ws/install/setup.ps1'
[18.394s] INFO:colcon.colcon_core.shell:Creating prefix script '/home/ice/microros_ws/install/local_setup.sh'
[18.396s] INFO:colcon.colcon_core.shell:Creating prefix util module '/home/ice/microros_ws/install/_local_setup_util_sh.py'
[18.397s] INFO:colcon.colcon_core.shell:Creating prefix chain script '/home/ice/microros_ws/install/setup.sh'
[18.430s] INFO:colcon.colcon_core.shell:Creating prefix script '/home/ice/microros_ws/install/local_setup.bash'
[18.432s] INFO:colcon.colcon_core.shell:Creating prefix chain script '/home/ice/microros_ws/install/setup.bash'
[18.460s] INFO:colcon.colcon_core.shell:Creating prefix script '/home/ice/microros_ws/install/local_setup.zsh'
[18.461s] INFO:colcon.colcon_core.shell:Creating prefix chain script '/home/ice/microros_ws/install/setup.zsh'
