[0.261s] Invoking command in '/home/ice/microros_ws/firmware/mcu_ws/build/messages': AMENT_PREFIX_PATH=/home/ice/microros_ws/firmware/mcu_ws/install:${AMENT_PREFIX_PATH} CMAKE_PREFIX_PATH=/home/ice/microros_ws/firmware/mcu_ws/install:/home/ice/microros_ws/firmware/dev_ws/install/ament_lint_common:/home/ice/microros_ws/firmware/dev_ws/install/ament_cmake_uncrustify:/home/ice/microros_ws/firmware/dev_ws/install/uncrustify_vendor:/home/ice/microros_ws/firmware/dev_ws/install/ament_cmake_ros:/home/ice/microros_ws/firmware/dev_ws/install/ament_cmake_auto:/home/ice/microros_ws/firmware/dev_ws/install/ament_cmake_gmock:/home/ice/microros_ws/firmware/dev_ws/install/gmock_vendor:/home/ice/microros_ws/firmware/dev_ws/install/ament_cmake_gtest:/home/ice/microros_ws/firmware/dev_ws/install/gtest_vendor:/home/ice/microros_ws/firmware/dev_ws/install/ament_cmake_xmllint:/home/ice/microros_ws/firmware/dev_ws/install/ament_cmake_pyflakes:/home/ice/microros_ws/firmware/dev_ws/install/ament_cmake_pycodestyle:/home/ice/microros_ws/firmware/dev_ws/install/ament_cmake_pep257:/home/ice/microros_ws/firmware/dev_ws/install/ament_cmake_pclint:/home/ice/microros_ws/firmware/dev_ws/install/ament_lint_auto:/home/ice/microros_ws/firmware/dev_ws/install/ament_cmake:/home/ice/microros_ws/firmware/dev_ws/install/ament_cmake_version:/home/ice/microros_ws/firmware/dev_ws/install/ament_cmake_vendor_package:/home/ice/microros_ws/firmware/dev_ws/install/ament_cmake_pytest:/home/ice/microros_ws/firmware/dev_ws/install/ament_cmake_nose:/home/ice/microros_ws/firmware/dev_ws/install/ament_cmake_mypy:/home/ice/microros_ws/firmware/dev_ws/install/ament_cmake_lint_cmake:/home/ice/microros_ws/firmware/dev_ws/install/ament_cmake_google_benchmark:/home/ice/microros_ws/firmware/dev_ws/install/ament_cmake_flake8:/home/ice/microros_ws/firmware/dev_ws/install/ament_cmake_cpplint:/home/ice/microros_ws/firmware/dev_ws/install/ament_cmake_cppcheck:/home/ice/microros_ws/firmware/dev_ws/install/ament_cmake_copyright:/home/ice/microros_ws/firmware/dev_ws/install/ament_cmake_clang_tidy:/home/ice/microros_ws/firmware/dev_ws/install/ament_cmake_clang_format:/home/ice/microros_ws/firmware/dev_ws/install/ament_cmake_test:/home/ice/microros_ws/firmware/dev_ws/install/ament_cmake_target_dependencies:/home/ice/microros_ws/firmware/dev_ws/install/ament_cmake_python:/home/ice/microros_ws/firmware/dev_ws/install/ament_cmake_export_dependencies:/home/ice/microros_ws/firmware/dev_ws/install/ament_cmake_libraries:/home/ice/microros_ws/firmware/dev_ws/install/ament_cmake_include_directories:/home/ice/microros_ws/firmware/dev_ws/install/ament_cmake_gen_version_h:/home/ice/microros_ws/firmware/dev_ws/install/ament_cmake_export_targets:/home/ice/microros_ws/firmware/dev_ws/install/ament_cmake_export_link_flags:/home/ice/microros_ws/firmware/dev_ws/install/ament_cmake_export_interfaces:/home/ice/microros_ws/firmware/dev_ws/install/ament_cmake_export_libraries:/home/ice/microros_ws/firmware/dev_ws/install/ament_cmake_export_include_directories:/home/ice/microros_ws/firmware/dev_ws/install/ament_cmake_export_definitions:/home/ice/microros_ws/firmware/dev_ws/install/ament_cmake_core:/home/ice/microros_ws/firmware/dev_ws/install/ament_index_cpp:/home/ice/microros_ws/firmware/dev_ws/install/ament_uncrustify:/home/ice/microros_ws/firmware/dev_ws/install/domain_coordinator:/home/ice/microros_ws/firmware/dev_ws/install/ament_xmllint:/home/ice/microros_ws/firmware/dev_ws/install/ament_pyflakes:/home/ice/microros_ws/firmware/dev_ws/install/ament_pycodestyle:/home/ice/microros_ws/firmware/dev_ws/install/ament_pep257:/home/ice/microros_ws/firmware/dev_ws/install/ament_pclint:/home/ice/microros_ws/firmware/dev_ws/install/ament_package:/home/ice/microros_ws/firmware/dev_ws/install/ament_mypy:/home/ice/microros_ws/firmware/dev_ws/install/ament_lint_cmake:/home/ice/microros_ws/firmware/dev_ws/install/ament_flake8:/home/ice/microros_ws/firmware/dev_ws/install/ament_copyright:/home/ice/microros_ws/firmware/dev_ws/install/ament_lint:/home/ice/microros_ws/firmware/dev_ws/install/ament_index_python:/home/ice/microros_ws/firmware/dev_ws/install/ament_cpplint:/home/ice/microros_ws/firmware/dev_ws/install/ament_cppcheck:/home/ice/microros_ws/firmware/dev_ws/install/ament_clang_tidy:/home/ice/microros_ws/firmware/dev_ws/install/ament_clang_format LD_LIBRARY_PATH=/home/ice/microros_ws/firmware/mcu_ws/install/lib:${LD_LIBRARY_PATH} PATH=/home/ice/microros_ws/firmware/mcu_ws/install/bin:${PATH} PYTHONPATH=/home/ice/microros_ws/firmware/mcu_ws/install/lib/python3.10/site-packages:${PYTHONPATH} /usr/bin/cmake /home/ice/microros_ws/firmware/mcu_ws/messages --no-warn-unused-cli -DCMAKE_POSITION_INDEPENDENT_CODE:BOOL=OFF -DTHIRDPARTY=ON -DBUILD_SHARED_LIBS=OFF -DBUILD_TESTING=OFF -DCMAKE_BUILD_TYPE=Debug -DCMAKE_TOOLCHAIN_FILE=/home/ice/microros_ws/firmware/freertos_apps/microros_esp32_extensions/esp32_toolchain.cmake -DCMAKE_VERBOSE_MAKEFILE=ON -DCMAKE_INSTALL_PREFIX=/home/ice/microros_ws/firmware/mcu_ws/install
[0.278s] Not searching for unused variables given on the command line.
[0.288s] -- Found ament_cmake: 1.3.7 (/home/ice/microros_ws/firmware/dev_ws/install/ament_cmake/share/ament_cmake/cmake)
[0.776s] -- Found rosidl_default_generators: 1.2.0 (/home/ice/microros_ws/firmware/mcu_ws/install/share/rosidl_default_generators/cmake)
[0.794s] -- Using all available rosidl_typesupport_c: rosidl_typesupport_introspection_c;rosidl_typesupport_microxrcedds_c
[0.800s] -- Found rosidl_adapter: 3.1.5 (/home/ice/microros_ws/firmware/mcu_ws/install/share/rosidl_adapter/cmake)
[0.842s] [33mCMake Warning at /home/ice/microros_ws/firmware/mcu_ws/install/share/rcutils/cmake/ament_cmake_export_libraries-extras.cmake:116 (message):
[0.842s]   Package 'rcutils' exports library 'dl' which couldn't be found
[0.843s] Call Stack (most recent call first):
[0.843s]   /home/ice/microros_ws/firmware/mcu_ws/install/share/rcutils/cmake/rcutilsConfig.cmake:41 (include)
[0.843s]   /home/ice/microros_ws/firmware/mcu_ws/install/share/rosidl_runtime_c/cmake/ament_cmake_export_dependencies-extras.cmake:21 (find_package)
[0.843s]   /home/ice/microros_ws/firmware/mcu_ws/install/share/rosidl_runtime_c/cmake/rosidl_runtime_cConfig.cmake:41 (include)
[0.843s]   /home/ice/microros_ws/firmware/mcu_ws/install/share/rosidl_typesupport_introspection_c/cmake/ament_cmake_export_dependencies-extras.cmake:21 (find_package)
[0.843s]   /home/ice/microros_ws/firmware/mcu_ws/install/share/rosidl_typesupport_introspection_c/cmake/rosidl_typesupport_introspection_cConfig.cmake:41 (include)
[0.843s]   /home/ice/microros_ws/firmware/mcu_ws/install/share/rosidl_typesupport_c/cmake/rosidl_typesupport_c-extras.cmake:13 (find_package)
[0.843s]   /home/ice/microros_ws/firmware/mcu_ws/install/share/rosidl_typesupport_c/cmake/rosidl_typesupport_cConfig.cmake:41 (include)
[0.843s]   /home/ice/microros_ws/firmware/mcu_ws/install/share/rosidl_default_generators/cmake/rosidl_default_generators-extras.cmake:21 (find_package)
[0.843s]   /home/ice/microros_ws/firmware/mcu_ws/install/share/rosidl_default_generators/cmake/rosidl_default_generatorsConfig.cmake:41 (include)
[0.844s]   CMakeLists.txt:10 (find_package)
[0.844s] 
[0.844s] [0m
[1.215s] [31mCMake Error at /home/ice/microros_ws/firmware/mcu_ws/install/share/rosidl_adapter/cmake/rosidl_adapt_interfaces.cmake:59 (message):
[1.216s]   
[1.216s]   execute_process(/home/ice/microros_ws/firmware/toolchain/espressif/python_env/idf4.1_py3.10_env/bin/python3.10
[1.216s]   -m rosidl_adapter --package-name messages --arguments-file
[1.228s]   /home/ice/microros_ws/firmware/mcu_ws/build/messages/rosidl_adapter__arguments__messages.json
[1.229s] -- Configuring incomplete, errors occurred!
[1.229s] See also "/home/ice/microros_ws/firmware/mcu_ws/build/messages/CMakeFiles/CMakeOutput.log".
[1.240s]   --output-dir
[1.240s]   /home/ice/microros_ws/firmware/mcu_ws/build/messages/rosidl_adapter/messages
[1.240s]   --output-file
[1.240s]   /home/ice/microros_ws/firmware/mcu_ws/build/messages/rosidl_adapter/messages.idls)
[1.241s]   returned error code 1:
[1.241s] 
[1.241s]   Error processing 'int left_motor_speed' of 'messages/RobotMotorSpeed':
[1.245s]   ''int' is an invalid message name.  It should have the pattern
[1.258s]   '^[A-Z][A-Za-z0-9]*$''
[1.258s] 
[1.258s]   Traceback (most recent call last):
[1.258s] 
[1.258s]     File "/usr/lib/python3.10/runpy.py", line 196, in _run_module_as_main
[1.258s]       return _run_code(code, main_globals, None,
[1.258s]     File "/usr/lib/python3.10/runpy.py", line 86, in _run_code
[1.258s]       exec(code, run_globals)
[1.258s]     File "/home/ice/microros_ws/firmware/mcu_ws/install/lib/python3.10/site-packages/rosidl_adapter/__main__.py", line 19, in <module>
[1.258s]       sys.exit(main())
[1.258s]     File "/home/ice/microros_ws/firmware/mcu_ws/install/lib/python3.10/site-packages/rosidl_adapter/main.py", line 53, in main
[1.259s]       abs_idl_file = convert_to_idl(
[1.259s]     File "/home/ice/microros_ws/firmware/mcu_ws/install/lib/python3.10/site-packages/rosidl_adapter/__init__.py", line 19, in convert_to_idl
[1.259s]       return convert_msg_to_idl(
[1.259s]     File "/home/ice/microros_ws/firmware/mcu_ws/install/lib/python3.10/site-packages/rosidl_adapter/msg/__init__.py", line 28, in convert_msg_to_idl
[1.259s]       msg = parse_message_string(package_name, input_file.stem, content)
[1.259s]     File "/home/ice/microros_ws/firmware/mcu_ws/install/lib/python3.10/site-packages/rosidl_adapter/parser.py", line 520, in parse_message_string
[1.259s]       Type(type_string, context_package_name=pkg_name),
[1.259s]     File "/home/ice/microros_ws/firmware/mcu_ws/install/lib/python3.10/site-packages/rosidl_adapter/parser.py", line 277, in __init__
[1.259s]       super(Type, self).__init__(
[1.260s]     File "/home/ice/microros_ws/firmware/mcu_ws/install/lib/python3.10/site-packages/rosidl_adapter/parser.py", line 205, in __init__
[1.260s]       raise InvalidResourceName(
[1.260s] 
[1.260s]   rosidl_adapter.parser.InvalidResourceName: 'int' is an invalid message
[1.260s]   name.  It should have the pattern '^[A-Z][A-Za-z0-9]*$'
[1.260s] 
[1.260s] Call Stack (most recent call first):
[1.261s]   /home/ice/microros_ws/firmware/mcu_ws/install/share/rosidl_cmake/cmake/rosidl_generate_interfaces.cmake:130 (rosidl_adapt_interfaces)
[1.261s]   CMakeLists.txt:12 (rosidl_generate_interfaces)
[1.261s] 
[1.261s] [0m
[1.261s] Invoked command in '/home/ice/microros_ws/firmware/mcu_ws/build/messages' returned '1': AMENT_PREFIX_PATH=/home/ice/microros_ws/firmware/mcu_ws/install:${AMENT_PREFIX_PATH} CMAKE_PREFIX_PATH=/home/ice/microros_ws/firmware/mcu_ws/install:/home/ice/microros_ws/firmware/dev_ws/install/ament_lint_common:/home/ice/microros_ws/firmware/dev_ws/install/ament_cmake_uncrustify:/home/ice/microros_ws/firmware/dev_ws/install/uncrustify_vendor:/home/ice/microros_ws/firmware/dev_ws/install/ament_cmake_ros:/home/ice/microros_ws/firmware/dev_ws/install/ament_cmake_auto:/home/ice/microros_ws/firmware/dev_ws/install/ament_cmake_gmock:/home/ice/microros_ws/firmware/dev_ws/install/gmock_vendor:/home/ice/microros_ws/firmware/dev_ws/install/ament_cmake_gtest:/home/ice/microros_ws/firmware/dev_ws/install/gtest_vendor:/home/ice/microros_ws/firmware/dev_ws/install/ament_cmake_xmllint:/home/ice/microros_ws/firmware/dev_ws/install/ament_cmake_pyflakes:/home/ice/microros_ws/firmware/dev_ws/install/ament_cmake_pycodestyle:/home/ice/microros_ws/firmware/dev_ws/install/ament_cmake_pep257:/home/ice/microros_ws/firmware/dev_ws/install/ament_cmake_pclint:/home/ice/microros_ws/firmware/dev_ws/install/ament_lint_auto:/home/ice/microros_ws/firmware/dev_ws/install/ament_cmake:/home/ice/microros_ws/firmware/dev_ws/install/ament_cmake_version:/home/ice/microros_ws/firmware/dev_ws/install/ament_cmake_vendor_package:/home/ice/microros_ws/firmware/dev_ws/install/ament_cmake_pytest:/home/ice/microros_ws/firmware/dev_ws/install/ament_cmake_nose:/home/ice/microros_ws/firmware/dev_ws/install/ament_cmake_mypy:/home/ice/microros_ws/firmware/dev_ws/install/ament_cmake_lint_cmake:/home/ice/microros_ws/firmware/dev_ws/install/ament_cmake_google_benchmark:/home/ice/microros_ws/firmware/dev_ws/install/ament_cmake_flake8:/home/ice/microros_ws/firmware/dev_ws/install/ament_cmake_cpplint:/home/ice/microros_ws/firmware/dev_ws/install/ament_cmake_cppcheck:/home/ice/microros_ws/firmware/dev_ws/install/ament_cmake_copyright:/home/ice/microros_ws/firmware/dev_ws/install/ament_cmake_clang_tidy:/home/ice/microros_ws/firmware/dev_ws/install/ament_cmake_clang_format:/home/ice/microros_ws/firmware/dev_ws/install/ament_cmake_test:/home/ice/microros_ws/firmware/dev_ws/install/ament_cmake_target_dependencies:/home/ice/microros_ws/firmware/dev_ws/install/ament_cmake_python:/home/ice/microros_ws/firmware/dev_ws/install/ament_cmake_export_dependencies:/home/ice/microros_ws/firmware/dev_ws/install/ament_cmake_libraries:/home/ice/microros_ws/firmware/dev_ws/install/ament_cmake_include_directories:/home/ice/microros_ws/firmware/dev_ws/install/ament_cmake_gen_version_h:/home/ice/microros_ws/firmware/dev_ws/install/ament_cmake_export_targets:/home/ice/microros_ws/firmware/dev_ws/install/ament_cmake_export_link_flags:/home/ice/microros_ws/firmware/dev_ws/install/ament_cmake_export_interfaces:/home/ice/microros_ws/firmware/dev_ws/install/ament_cmake_export_libraries:/home/ice/microros_ws/firmware/dev_ws/install/ament_cmake_export_include_directories:/home/ice/microros_ws/firmware/dev_ws/install/ament_cmake_export_definitions:/home/ice/microros_ws/firmware/dev_ws/install/ament_cmake_core:/home/ice/microros_ws/firmware/dev_ws/install/ament_index_cpp:/home/ice/microros_ws/firmware/dev_ws/install/ament_uncrustify:/home/ice/microros_ws/firmware/dev_ws/install/domain_coordinator:/home/ice/microros_ws/firmware/dev_ws/install/ament_xmllint:/home/ice/microros_ws/firmware/dev_ws/install/ament_pyflakes:/home/ice/microros_ws/firmware/dev_ws/install/ament_pycodestyle:/home/ice/microros_ws/firmware/dev_ws/install/ament_pep257:/home/ice/microros_ws/firmware/dev_ws/install/ament_pclint:/home/ice/microros_ws/firmware/dev_ws/install/ament_package:/home/ice/microros_ws/firmware/dev_ws/install/ament_mypy:/home/ice/microros_ws/firmware/dev_ws/install/ament_lint_cmake:/home/ice/microros_ws/firmware/dev_ws/install/ament_flake8:/home/ice/microros_ws/firmware/dev_ws/install/ament_copyright:/home/ice/microros_ws/firmware/dev_ws/install/ament_lint:/home/ice/microros_ws/firmware/dev_ws/install/ament_index_python:/home/ice/microros_ws/firmware/dev_ws/install/ament_cpplint:/home/ice/microros_ws/firmware/dev_ws/install/ament_cppcheck:/home/ice/microros_ws/firmware/dev_ws/install/ament_clang_tidy:/home/ice/microros_ws/firmware/dev_ws/install/ament_clang_format LD_LIBRARY_PATH=/home/ice/microros_ws/firmware/mcu_ws/install/lib:${LD_LIBRARY_PATH} PATH=/home/ice/microros_ws/firmware/mcu_ws/install/bin:${PATH} PYTHONPATH=/home/ice/microros_ws/firmware/mcu_ws/install/lib/python3.10/site-packages:${PYTHONPATH} /usr/bin/cmake /home/ice/microros_ws/firmware/mcu_ws/messages --no-warn-unused-cli -DCMAKE_POSITION_INDEPENDENT_CODE:BOOL=OFF -DTHIRDPARTY=ON -DBUILD_SHARED_LIBS=OFF -DBUILD_TESTING=OFF -DCMAKE_BUILD_TYPE=Debug -DCMAKE_TOOLCHAIN_FILE=/home/ice/microros_ws/firmware/freertos_apps/microros_esp32_extensions/esp32_toolchain.cmake -DCMAKE_VERBOSE_MAKEFILE=ON -DCMAKE_INSTALL_PREFIX=/home/ice/microros_ws/firmware/mcu_ws/install
