[0.207s] Invoking command in '/home/ice/polaris-bot/ros2_ws/build/my_message': CMAKE_PREFIX_PATH=${CMAKE_PREFIX_PATH}:/opt/ros/humble /usr/bin/cmake --build /home/ice/polaris-bot/ros2_ws/build/my_message -- -j2 -l2
[0.351s] [  3%] Built target my_message__cpp
[0.420s] [ 12%] Built target my_message__rosidl_generator_c
[0.514s] [ 22%] Built target my_message__rosidl_typesupport_introspection_cpp
[0.542s] [ 22%] Built target ament_cmake_python_copy_my_message
[0.625s] [ 32%] Built target my_message__rosidl_typesupport_cpp
[0.668s] [ 41%] Built target my_message__rosidl_typesupport_fastrtps_c
[0.733s] [ 51%] Built target my_message__rosidl_typesupport_introspection_c
[0.788s] [ 61%] Built target my_message__rosidl_typesupport_c
[0.855s] [ 70%] Built target my_message__rosidl_typesupport_fastrtps_cpp
[0.995s] [ 70%] Built target my_message
[1.350s] [ 74%] Built target my_message__py
[1.391s] [ 80%] Built target my_message__rosidl_generator_py
[1.466s] [ 87%] Built target my_message__rosidl_typesupport_fastrtps_c__pyext
[1.512s] [ 93%] Built target my_message__rosidl_typesupport_introspection_c__pyext
[1.556s] [100%] Built target my_message__rosidl_typesupport_c__pyext
[1.739s] running egg_info
[1.740s] writing my_message.egg-info/PKG-INFO
[1.740s] writing dependency_links to my_message.egg-info/dependency_links.txt
[1.740s] writing top-level names to my_message.egg-info/top_level.txt
[1.740s] reading manifest file 'my_message.egg-info/SOURCES.txt'
[1.740s] writing manifest file 'my_message.egg-info/SOURCES.txt'
[1.852s] [100%] Built target ament_cmake_python_build_my_message_egg
[1.901s] Invoked command in '/home/ice/polaris-bot/ros2_ws/build/my_message' returned '0': CMAKE_PREFIX_PATH=${CMAKE_PREFIX_PATH}:/opt/ros/humble /usr/bin/cmake --build /home/ice/polaris-bot/ros2_ws/build/my_message -- -j2 -l2
[2.227s] Invoking command in '/home/ice/polaris-bot/ros2_ws/build/my_message': CMAKE_PREFIX_PATH=${CMAKE_PREFIX_PATH}:/opt/ros/humble /usr/bin/cmake --install /home/ice/polaris-bot/ros2_ws/build/my_message
[2.254s] -- Install configuration: ""
[2.256s] -- Up-to-date: /home/ice/polaris-bot/ros2_ws/install/my_message/share/ament_index/resource_index/rosidl_interfaces/my_message
[2.256s] -- Up-to-date: /home/ice/polaris-bot/ros2_ws/install/my_message/include/my_message/my_message
[2.256s] -- Up-to-date: /home/ice/polaris-bot/ros2_ws/install/my_message/include/my_message/my_message/msg
[2.256s] -- Up-to-date: /home/ice/polaris-bot/ros2_ws/install/my_message/include/my_message/my_message/msg/detail
[2.257s] -- Up-to-date: /home/ice/polaris-bot/ros2_ws/install/my_message/include/my_message/my_message/msg/detail/my_message__struct.h
[2.257s] -- Up-to-date: /home/ice/polaris-bot/ros2_ws/install/my_message/include/my_message/my_message/msg/detail/my_message__type_support.h
[2.257s] -- Up-to-date: /home/ice/polaris-bot/ros2_ws/install/my_message/include/my_message/my_message/msg/detail/my_message__functions.c
[2.257s] -- Up-to-date: /home/ice/polaris-bot/ros2_ws/install/my_message/include/my_message/my_message/msg/detail/my_message__functions.h
[2.257s] -- Up-to-date: /home/ice/polaris-bot/ros2_ws/install/my_message/include/my_message/my_message/msg/my_message.h
[2.258s] -- Up-to-date: /home/ice/polaris-bot/ros2_ws/install/my_message/include/my_message/my_message/msg/rosidl_generator_c__visibility_control.h
[2.258s] -- Up-to-date: /home/ice/polaris-bot/ros2_ws/install/my_message/share/my_message/environment/library_path.sh
[2.258s] -- Up-to-date: /home/ice/polaris-bot/ros2_ws/install/my_message/share/my_message/environment/library_path.dsv
[2.258s] -- Up-to-date: /home/ice/polaris-bot/ros2_ws/install/my_message/lib/libmy_message__rosidl_generator_c.so
[2.258s] -- Up-to-date: /home/ice/polaris-bot/ros2_ws/install/my_message/include/my_message/my_message
[2.258s] -- Up-to-date: /home/ice/polaris-bot/ros2_ws/install/my_message/include/my_message/my_message/msg
[2.258s] -- Up-to-date: /home/ice/polaris-bot/ros2_ws/install/my_message/include/my_message/my_message/msg/detail
[2.259s] -- Up-to-date: /home/ice/polaris-bot/ros2_ws/install/my_message/include/my_message/my_message/msg/detail/my_message__rosidl_typesupport_fastrtps_c.h
[2.259s] -- Up-to-date: /home/ice/polaris-bot/ros2_ws/install/my_message/include/my_message/my_message/msg/rosidl_typesupport_fastrtps_c__visibility_control.h
[2.259s] -- Up-to-date: /home/ice/polaris-bot/ros2_ws/install/my_message/lib/libmy_message__rosidl_typesupport_fastrtps_c.so
[2.259s] -- Up-to-date: /home/ice/polaris-bot/ros2_ws/install/my_message/include/my_message/my_message
[2.259s] -- Up-to-date: /home/ice/polaris-bot/ros2_ws/install/my_message/include/my_message/my_message/msg
[2.260s] -- Up-to-date: /home/ice/polaris-bot/ros2_ws/install/my_message/include/my_message/my_message/msg/detail
[2.260s] -- Up-to-date: /home/ice/polaris-bot/ros2_ws/install/my_message/include/my_message/my_message/msg/detail/my_message__type_support.c
[2.265s] -- Up-to-date: /home/ice/polaris-bot/ros2_ws/install/my_message/include/my_message/my_message/msg/detail/my_message__rosidl_typesupport_introspection_c.h
[2.266s] -- Up-to-date: /home/ice/polaris-bot/ros2_ws/install/my_message/include/my_message/my_message/msg/rosidl_typesupport_introspection_c__visibility_control.h
[2.266s] -- Up-to-date: /home/ice/polaris-bot/ros2_ws/install/my_message/lib/libmy_message__rosidl_typesupport_introspection_c.so
[2.266s] -- Up-to-date: /home/ice/polaris-bot/ros2_ws/install/my_message/lib/libmy_message__rosidl_typesupport_c.so
[2.267s] -- Up-to-date: /home/ice/polaris-bot/ros2_ws/install/my_message/include/my_message/my_message
[2.267s] -- Up-to-date: /home/ice/polaris-bot/ros2_ws/install/my_message/include/my_message/my_message/msg
[2.267s] -- Up-to-date: /home/ice/polaris-bot/ros2_ws/install/my_message/include/my_message/my_message/msg/detail
[2.267s] -- Up-to-date: /home/ice/polaris-bot/ros2_ws/install/my_message/include/my_message/my_message/msg/detail/my_message__traits.hpp
[2.268s] -- Up-to-date: /home/ice/polaris-bot/ros2_ws/install/my_message/include/my_message/my_message/msg/detail/my_message__builder.hpp
[2.268s] -- Up-to-date: /home/ice/polaris-bot/ros2_ws/install/my_message/include/my_message/my_message/msg/detail/my_message__struct.hpp
[2.269s] -- Up-to-date: /home/ice/polaris-bot/ros2_ws/install/my_message/include/my_message/my_message/msg/my_message.hpp
[2.269s] -- Up-to-date: /home/ice/polaris-bot/ros2_ws/install/my_message/include/my_message/my_message
[2.269s] -- Up-to-date: /home/ice/polaris-bot/ros2_ws/install/my_message/include/my_message/my_message/msg
[2.269s] -- Up-to-date: /home/ice/polaris-bot/ros2_ws/install/my_message/include/my_message/my_message/msg/detail
[2.269s] -- Up-to-date: /home/ice/polaris-bot/ros2_ws/install/my_message/include/my_message/my_message/msg/detail/dds_fastrtps
[2.269s] -- Up-to-date: /home/ice/polaris-bot/ros2_ws/install/my_message/include/my_message/my_message/msg/detail/my_message__rosidl_typesupport_fastrtps_cpp.hpp
[2.269s] -- Up-to-date: /home/ice/polaris-bot/ros2_ws/install/my_message/include/my_message/my_message/msg/rosidl_typesupport_fastrtps_cpp__visibility_control.h
[2.269s] -- Up-to-date: /home/ice/polaris-bot/ros2_ws/install/my_message/lib/libmy_message__rosidl_typesupport_fastrtps_cpp.so
[2.269s] -- Up-to-date: /home/ice/polaris-bot/ros2_ws/install/my_message/include/my_message/my_message
[2.269s] -- Up-to-date: /home/ice/polaris-bot/ros2_ws/install/my_message/include/my_message/my_message/msg
[2.270s] -- Up-to-date: /home/ice/polaris-bot/ros2_ws/install/my_message/include/my_message/my_message/msg/detail
[2.270s] -- Up-to-date: /home/ice/polaris-bot/ros2_ws/install/my_message/include/my_message/my_message/msg/detail/my_message__rosidl_typesupport_introspection_cpp.hpp
[2.270s] -- Up-to-date: /home/ice/polaris-bot/ros2_ws/install/my_message/include/my_message/my_message/msg/detail/my_message__type_support.cpp
[2.270s] -- Up-to-date: /home/ice/polaris-bot/ros2_ws/install/my_message/lib/libmy_message__rosidl_typesupport_introspection_cpp.so
[2.270s] -- Up-to-date: /home/ice/polaris-bot/ros2_ws/install/my_message/lib/libmy_message__rosidl_typesupport_cpp.so
[2.270s] -- Up-to-date: /home/ice/polaris-bot/ros2_ws/install/my_message/share/my_message/environment/pythonpath.sh
[2.270s] -- Up-to-date: /home/ice/polaris-bot/ros2_ws/install/my_message/share/my_message/environment/pythonpath.dsv
[2.270s] -- Up-to-date: /home/ice/polaris-bot/ros2_ws/install/my_message/local/lib/python3.10/dist-packages/my_message-0.0.0-py3.10.egg-info
[2.270s] -- Installing: /home/ice/polaris-bot/ros2_ws/install/my_message/local/lib/python3.10/dist-packages/my_message-0.0.0-py3.10.egg-info/top_level.txt
[2.272s] -- Installing: /home/ice/polaris-bot/ros2_ws/install/my_message/local/lib/python3.10/dist-packages/my_message-0.0.0-py3.10.egg-info/PKG-INFO
[2.272s] -- Installing: /home/ice/polaris-bot/ros2_ws/install/my_message/local/lib/python3.10/dist-packages/my_message-0.0.0-py3.10.egg-info/SOURCES.txt
[2.272s] -- Installing: /home/ice/polaris-bot/ros2_ws/install/my_message/local/lib/python3.10/dist-packages/my_message-0.0.0-py3.10.egg-info/dependency_links.txt
[2.273s] -- Up-to-date: /home/ice/polaris-bot/ros2_ws/install/my_message/local/lib/python3.10/dist-packages/my_message
[2.273s] -- Up-to-date: /home/ice/polaris-bot/ros2_ws/install/my_message/local/lib/python3.10/dist-packages/my_message/_my_message_s.ep.rosidl_typesupport_fastrtps_c.c
[2.273s] -- Up-to-date: /home/ice/polaris-bot/ros2_ws/install/my_message/local/lib/python3.10/dist-packages/my_message/my_message_s__rosidl_typesupport_c.cpython-310-x86_64-linux-gnu.so
[2.273s] -- Up-to-date: /home/ice/polaris-bot/ros2_ws/install/my_message/local/lib/python3.10/dist-packages/my_message/my_message_s__rosidl_typesupport_introspection_c.cpython-310-x86_64-linux-gnu.so
[2.273s] -- Up-to-date: /home/ice/polaris-bot/ros2_ws/install/my_message/local/lib/python3.10/dist-packages/my_message/_my_message_s.ep.rosidl_typesupport_c.c
[2.273s] -- Up-to-date: /home/ice/polaris-bot/ros2_ws/install/my_message/local/lib/python3.10/dist-packages/my_message/libmy_message__rosidl_generator_py.so
[2.273s] -- Up-to-date: /home/ice/polaris-bot/ros2_ws/install/my_message/local/lib/python3.10/dist-packages/my_message/my_message_s__rosidl_typesupport_fastrtps_c.cpython-310-x86_64-linux-gnu.so
[2.273s] -- Up-to-date: /home/ice/polaris-bot/ros2_ws/install/my_message/local/lib/python3.10/dist-packages/my_message/_my_message_s.ep.rosidl_typesupport_introspection_c.c
[2.273s] -- Up-to-date: /home/ice/polaris-bot/ros2_ws/install/my_message/local/lib/python3.10/dist-packages/my_message/msg
[2.273s] -- Up-to-date: /home/ice/polaris-bot/ros2_ws/install/my_message/local/lib/python3.10/dist-packages/my_message/msg/_my_message.py
[2.273s] -- Up-to-date: /home/ice/polaris-bot/ros2_ws/install/my_message/local/lib/python3.10/dist-packages/my_message/msg/__init__.py
[2.273s] -- Up-to-date: /home/ice/polaris-bot/ros2_ws/install/my_message/local/lib/python3.10/dist-packages/my_message/msg/_my_message_s.c
[2.273s] -- Up-to-date: /home/ice/polaris-bot/ros2_ws/install/my_message/local/lib/python3.10/dist-packages/my_message/__init__.py
[2.337s] Listing '/home/ice/polaris-bot/ros2_ws/install/my_message/local/lib/python3.10/dist-packages/my_message'...
[2.337s] Listing '/home/ice/polaris-bot/ros2_ws/install/my_message/local/lib/python3.10/dist-packages/my_message/msg'...
[2.373s] -- Up-to-date: /home/ice/polaris-bot/ros2_ws/install/my_message/local/lib/python3.10/dist-packages/my_message/my_message_s__rosidl_typesupport_fastrtps_c.cpython-310-x86_64-linux-gnu.so
[2.374s] -- Up-to-date: /home/ice/polaris-bot/ros2_ws/install/my_message/local/lib/python3.10/dist-packages/my_message/my_message_s__rosidl_typesupport_introspection_c.cpython-310-x86_64-linux-gnu.so
[2.409s] -- Up-to-date: /home/ice/polaris-bot/ros2_ws/install/my_message/local/lib/python3.10/dist-packages/my_message/my_message_s__rosidl_typesupport_c.cpython-310-x86_64-linux-gnu.so
[2.410s] -- Up-to-date: /home/ice/polaris-bot/ros2_ws/install/my_message/lib/libmy_message__rosidl_generator_py.so
[2.411s] -- Up-to-date: /home/ice/polaris-bot/ros2_ws/install/my_message/share/my_message/msg/MyMessage.idl
[2.411s] -- Up-to-date: /home/ice/polaris-bot/ros2_ws/install/my_message/share/my_message/msg/MyMessage.msg
[2.414s] -- Up-to-date: /home/ice/polaris-bot/ros2_ws/install/my_message/share/ament_index/resource_index/package_run_dependencies/my_message
[2.415s] -- Up-to-date: /home/ice/polaris-bot/ros2_ws/install/my_message/share/ament_index/resource_index/parent_prefix_path/my_message
[2.416s] -- Up-to-date: /home/ice/polaris-bot/ros2_ws/install/my_message/share/my_message/environment/ament_prefix_path.sh
[2.418s] -- Up-to-date: /home/ice/polaris-bot/ros2_ws/install/my_message/share/my_message/environment/ament_prefix_path.dsv
[2.422s] -- Up-to-date: /home/ice/polaris-bot/ros2_ws/install/my_message/share/my_message/environment/path.sh
[2.425s] -- Up-to-date: /home/ice/polaris-bot/ros2_ws/install/my_message/share/my_message/environment/path.dsv
[2.425s] -- Up-to-date: /home/ice/polaris-bot/ros2_ws/install/my_message/share/my_message/local_setup.bash
[2.425s] -- Up-to-date: /home/ice/polaris-bot/ros2_ws/install/my_message/share/my_message/local_setup.sh
[2.425s] -- Up-to-date: /home/ice/polaris-bot/ros2_ws/install/my_message/share/my_message/local_setup.zsh
[2.425s] -- Up-to-date: /home/ice/polaris-bot/ros2_ws/install/my_message/share/my_message/local_setup.dsv
[2.425s] -- Installing: /home/ice/polaris-bot/ros2_ws/install/my_message/share/my_message/package.dsv
[2.425s] -- Up-to-date: /home/ice/polaris-bot/ros2_ws/install/my_message/share/ament_index/resource_index/packages/my_message
[2.426s] -- Up-to-date: /home/ice/polaris-bot/ros2_ws/install/my_message/share/my_message/cmake/export_my_message__rosidl_generator_cExport.cmake
[2.426s] -- Up-to-date: /home/ice/polaris-bot/ros2_ws/install/my_message/share/my_message/cmake/export_my_message__rosidl_generator_cExport-noconfig.cmake
[2.426s] -- Up-to-date: /home/ice/polaris-bot/ros2_ws/install/my_message/share/my_message/cmake/export_my_message__rosidl_typesupport_fastrtps_cExport.cmake
[2.426s] -- Up-to-date: /home/ice/polaris-bot/ros2_ws/install/my_message/share/my_message/cmake/export_my_message__rosidl_typesupport_fastrtps_cExport-noconfig.cmake
[2.426s] -- Up-to-date: /home/ice/polaris-bot/ros2_ws/install/my_message/share/my_message/cmake/my_message__rosidl_typesupport_introspection_cExport.cmake
[2.426s] -- Up-to-date: /home/ice/polaris-bot/ros2_ws/install/my_message/share/my_message/cmake/my_message__rosidl_typesupport_introspection_cExport-noconfig.cmake
[2.429s] -- Up-to-date: /home/ice/polaris-bot/ros2_ws/install/my_message/share/my_message/cmake/my_message__rosidl_typesupport_cExport.cmake
[2.431s] -- Up-to-date: /home/ice/polaris-bot/ros2_ws/install/my_message/share/my_message/cmake/my_message__rosidl_typesupport_cExport-noconfig.cmake
[2.438s] -- Up-to-date: /home/ice/polaris-bot/ros2_ws/install/my_message/share/my_message/cmake/export_my_message__rosidl_generator_cppExport.cmake
[2.438s] -- Up-to-date: /home/ice/polaris-bot/ros2_ws/install/my_message/share/my_message/cmake/export_my_message__rosidl_typesupport_fastrtps_cppExport.cmake
[2.439s] -- Up-to-date: /home/ice/polaris-bot/ros2_ws/install/my_message/share/my_message/cmake/export_my_message__rosidl_typesupport_fastrtps_cppExport-noconfig.cmake
[2.439s] -- Up-to-date: /home/ice/polaris-bot/ros2_ws/install/my_message/share/my_message/cmake/my_message__rosidl_typesupport_introspection_cppExport.cmake
[2.442s] -- Up-to-date: /home/ice/polaris-bot/ros2_ws/install/my_message/share/my_message/cmake/my_message__rosidl_typesupport_introspection_cppExport-noconfig.cmake
[2.442s] -- Up-to-date: /home/ice/polaris-bot/ros2_ws/install/my_message/share/my_message/cmake/my_message__rosidl_typesupport_cppExport.cmake
[2.442s] -- Up-to-date: /home/ice/polaris-bot/ros2_ws/install/my_message/share/my_message/cmake/my_message__rosidl_typesupport_cppExport-noconfig.cmake
[2.442s] -- Up-to-date: /home/ice/polaris-bot/ros2_ws/install/my_message/share/my_message/cmake/export_my_message__rosidl_generator_pyExport.cmake
[2.443s] -- Up-to-date: /home/ice/polaris-bot/ros2_ws/install/my_message/share/my_message/cmake/export_my_message__rosidl_generator_pyExport-noconfig.cmake
[2.443s] -- Up-to-date: /home/ice/polaris-bot/ros2_ws/install/my_message/share/my_message/cmake/rosidl_cmake-extras.cmake
[2.446s] -- Up-to-date: /home/ice/polaris-bot/ros2_ws/install/my_message/share/my_message/cmake/ament_cmake_export_include_directories-extras.cmake
[2.446s] -- Up-to-date: /home/ice/polaris-bot/ros2_ws/install/my_message/share/my_message/cmake/ament_cmake_export_libraries-extras.cmake
[2.449s] -- Up-to-date: /home/ice/polaris-bot/ros2_ws/install/my_message/share/my_message/cmake/ament_cmake_export_targets-extras.cmake
[2.449s] -- Up-to-date: /home/ice/polaris-bot/ros2_ws/install/my_message/share/my_message/cmake/rosidl_cmake_export_typesupport_targets-extras.cmake
[2.449s] -- Up-to-date: /home/ice/polaris-bot/ros2_ws/install/my_message/share/my_message/cmake/ament_cmake_export_dependencies-extras.cmake
[2.449s] -- Up-to-date: /home/ice/polaris-bot/ros2_ws/install/my_message/share/my_message/cmake/rosidl_cmake_export_typesupport_libraries-extras.cmake
[2.450s] -- Up-to-date: /home/ice/polaris-bot/ros2_ws/install/my_message/share/my_message/cmake/my_messageConfig.cmake
[2.450s] -- Up-to-date: /home/ice/polaris-bot/ros2_ws/install/my_message/share/my_message/cmake/my_messageConfig-version.cmake
[2.451s] -- Up-to-date: /home/ice/polaris-bot/ros2_ws/install/my_message/share/my_message/package.xml
[2.454s] Invoked command in '/home/ice/polaris-bot/ros2_ws/build/my_message' returned '0': CMAKE_PREFIX_PATH=${CMAKE_PREFIX_PATH}:/opt/ros/humble /usr/bin/cmake --install /home/ice/polaris-bot/ros2_ws/build/my_message
