[0.220s] Invoking command in '/home/ice/polaris-bot/ros2_ws/build/services': CMAKE_PREFIX_PATH=/opt/ros/humble /usr/bin/cmake --build /home/ice/polaris-bot/ros2_ws/build/services -- -j2 -l2
[0.502s] [  3%] Built target services__cpp
[0.535s] [ 12%] Built target services__rosidl_generator_c
[0.636s] [ 22%] Built target services__rosidl_typesupport_cpp
[0.754s] [ 22%] Built target ament_cmake_python_copy_services
[0.811s] [ 32%] Built target services__rosidl_typesupport_fastrtps_c
[0.940s] [ 41%] Built target services__rosidl_typesupport_introspection_c
[0.984s] [ 61%] Built target services__rosidl_typesupport_fastrtps_cpp
[0.985s] [ 51%] Built target services__rosidl_typesupport_c
[1.174s] [ 70%] Built target services__rosidl_typesupport_introspection_cpp
[1.304s] [ 70%] Built target services
[1.428s] [ 74%] Built target services__py
[1.587s] [ 80%] Built target services__rosidl_generator_py
[1.787s] [ 87%] Built target services__rosidl_typesupport_fastrtps_c__pyext
[1.897s] [ 93%] Built target services__rosidl_typesupport_introspection_c__pyext
[2.007s] [100%] Built target services__rosidl_typesupport_c__pyext
[2.317s] running egg_info
[2.317s] writing services.egg-info/PKG-INFO
[2.320s] writing dependency_links to services.egg-info/dependency_links.txt
[2.333s] writing top-level names to services.egg-info/top_level.txt
[2.356s] reading manifest file 'services.egg-info/SOURCES.txt'
[2.357s] writing manifest file 'services.egg-info/SOURCES.txt'
[2.474s] [100%] Built target ament_cmake_python_build_services_egg
[2.713s] Invoked command in '/home/ice/polaris-bot/ros2_ws/build/services' returned '0': CMAKE_PREFIX_PATH=/opt/ros/humble /usr/bin/cmake --build /home/ice/polaris-bot/ros2_ws/build/services -- -j2 -l2
[3.252s] Invoking command in '/home/ice/polaris-bot/ros2_ws/build/services': CMAKE_PREFIX_PATH=/opt/ros/humble /usr/bin/cmake --install /home/ice/polaris-bot/ros2_ws/build/services
[3.322s] -- Install configuration: ""
[3.323s] -- Up-to-date: /home/ice/polaris-bot/ros2_ws/install/services/share/ament_index/resource_index/rosidl_interfaces/services
[3.323s] -- Up-to-date: /home/ice/polaris-bot/ros2_ws/install/services/include/services/services
[3.323s] -- Up-to-date: /home/ice/polaris-bot/ros2_ws/install/services/include/services/services/srv
[3.323s] -- Up-to-date: /home/ice/polaris-bot/ros2_ws/install/services/include/services/services/srv/detail
[3.323s] -- Up-to-date: /home/ice/polaris-bot/ros2_ws/install/services/include/services/services/srv/detail/test_service__functions.c
[3.324s] -- Up-to-date: /home/ice/polaris-bot/ros2_ws/install/services/include/services/services/srv/detail/test_service__functions.h
[3.324s] -- Up-to-date: /home/ice/polaris-bot/ros2_ws/install/services/include/services/services/srv/detail/test_service__type_support.h
[3.324s] -- Up-to-date: /home/ice/polaris-bot/ros2_ws/install/services/include/services/services/srv/detail/test_service__struct.h
[3.324s] -- Up-to-date: /home/ice/polaris-bot/ros2_ws/install/services/include/services/services/srv/test_service.h
[3.325s] -- Up-to-date: /home/ice/polaris-bot/ros2_ws/install/services/include/services/services/msg
[3.325s] -- Up-to-date: /home/ice/polaris-bot/ros2_ws/install/services/include/services/services/msg/rosidl_generator_c__visibility_control.h
[3.325s] -- Up-to-date: /home/ice/polaris-bot/ros2_ws/install/services/share/services/environment/library_path.sh
[3.325s] -- Up-to-date: /home/ice/polaris-bot/ros2_ws/install/services/share/services/environment/library_path.dsv
[3.325s] -- Up-to-date: /home/ice/polaris-bot/ros2_ws/install/services/lib/libservices__rosidl_generator_c.so
[3.325s] -- Up-to-date: /home/ice/polaris-bot/ros2_ws/install/services/include/services/services
[3.326s] -- Up-to-date: /home/ice/polaris-bot/ros2_ws/install/services/include/services/services/srv
[3.326s] -- Up-to-date: /home/ice/polaris-bot/ros2_ws/install/services/include/services/services/srv/detail
[3.326s] -- Up-to-date: /home/ice/polaris-bot/ros2_ws/install/services/include/services/services/srv/detail/test_service__rosidl_typesupport_fastrtps_c.h
[3.326s] -- Up-to-date: /home/ice/polaris-bot/ros2_ws/install/services/include/services/services/msg
[3.326s] -- Up-to-date: /home/ice/polaris-bot/ros2_ws/install/services/include/services/services/msg/rosidl_typesupport_fastrtps_c__visibility_control.h
[3.326s] -- Up-to-date: /home/ice/polaris-bot/ros2_ws/install/services/lib/libservices__rosidl_typesupport_fastrtps_c.so
[3.326s] -- Up-to-date: /home/ice/polaris-bot/ros2_ws/install/services/include/services/services
[3.327s] -- Up-to-date: /home/ice/polaris-bot/ros2_ws/install/services/include/services/services/srv
[3.327s] -- Up-to-date: /home/ice/polaris-bot/ros2_ws/install/services/include/services/services/srv/detail
[3.327s] -- Up-to-date: /home/ice/polaris-bot/ros2_ws/install/services/include/services/services/srv/detail/test_service__rosidl_typesupport_introspection_c.h
[3.327s] -- Up-to-date: /home/ice/polaris-bot/ros2_ws/install/services/include/services/services/srv/detail/test_service__type_support.c
[3.327s] -- Up-to-date: /home/ice/polaris-bot/ros2_ws/install/services/include/services/services/msg
[3.338s] -- Up-to-date: /home/ice/polaris-bot/ros2_ws/install/services/include/services/services/msg/rosidl_typesupport_introspection_c__visibility_control.h
[3.363s] -- Up-to-date: /home/ice/polaris-bot/ros2_ws/install/services/lib/libservices__rosidl_typesupport_introspection_c.so
[3.363s] -- Up-to-date: /home/ice/polaris-bot/ros2_ws/install/services/lib/libservices__rosidl_typesupport_c.so
[3.363s] -- Up-to-date: /home/ice/polaris-bot/ros2_ws/install/services/include/services/services
[3.363s] -- Up-to-date: /home/ice/polaris-bot/ros2_ws/install/services/include/services/services/srv
[3.364s] -- Up-to-date: /home/ice/polaris-bot/ros2_ws/install/services/include/services/services/srv/detail
[3.364s] -- Up-to-date: /home/ice/polaris-bot/ros2_ws/install/services/include/services/services/srv/detail/test_service__struct.hpp
[3.364s] -- Up-to-date: /home/ice/polaris-bot/ros2_ws/install/services/include/services/services/srv/detail/test_service__builder.hpp
[3.364s] -- Up-to-date: /home/ice/polaris-bot/ros2_ws/install/services/include/services/services/srv/detail/test_service__traits.hpp
[3.364s] -- Up-to-date: /home/ice/polaris-bot/ros2_ws/install/services/include/services/services/srv/test_service.hpp
[3.364s] -- Up-to-date: /home/ice/polaris-bot/ros2_ws/install/services/include/services/services
[3.365s] -- Up-to-date: /home/ice/polaris-bot/ros2_ws/install/services/include/services/services/srv
[3.365s] -- Up-to-date: /home/ice/polaris-bot/ros2_ws/install/services/include/services/services/srv/detail
[3.365s] -- Up-to-date: /home/ice/polaris-bot/ros2_ws/install/services/include/services/services/srv/detail/dds_fastrtps
[3.365s] -- Up-to-date: /home/ice/polaris-bot/ros2_ws/install/services/include/services/services/srv/detail/test_service__rosidl_typesupport_fastrtps_cpp.hpp
[3.366s] -- Up-to-date: /home/ice/polaris-bot/ros2_ws/install/services/include/services/services/msg
[3.366s] -- Up-to-date: /home/ice/polaris-bot/ros2_ws/install/services/include/services/services/msg/rosidl_typesupport_fastrtps_cpp__visibility_control.h
[3.367s] -- Up-to-date: /home/ice/polaris-bot/ros2_ws/install/services/lib/libservices__rosidl_typesupport_fastrtps_cpp.so
[3.367s] -- Up-to-date: /home/ice/polaris-bot/ros2_ws/install/services/include/services/services
[3.367s] -- Up-to-date: /home/ice/polaris-bot/ros2_ws/install/services/include/services/services/srv
[3.368s] -- Up-to-date: /home/ice/polaris-bot/ros2_ws/install/services/include/services/services/srv/detail
[3.368s] -- Up-to-date: /home/ice/polaris-bot/ros2_ws/install/services/include/services/services/srv/detail/test_service__type_support.cpp
[3.368s] -- Up-to-date: /home/ice/polaris-bot/ros2_ws/install/services/include/services/services/srv/detail/test_service__rosidl_typesupport_introspection_cpp.hpp
[3.368s] -- Up-to-date: /home/ice/polaris-bot/ros2_ws/install/services/lib/libservices__rosidl_typesupport_introspection_cpp.so
[3.368s] -- Up-to-date: /home/ice/polaris-bot/ros2_ws/install/services/lib/libservices__rosidl_typesupport_cpp.so
[3.368s] -- Up-to-date: /home/ice/polaris-bot/ros2_ws/install/services/share/services/environment/pythonpath.sh
[3.368s] -- Up-to-date: /home/ice/polaris-bot/ros2_ws/install/services/share/services/environment/pythonpath.dsv
[3.369s] -- Up-to-date: /home/ice/polaris-bot/ros2_ws/install/services/local/lib/python3.10/dist-packages/services-0.0.0-py3.10.egg-info
[3.369s] -- Installing: /home/ice/polaris-bot/ros2_ws/install/services/local/lib/python3.10/dist-packages/services-0.0.0-py3.10.egg-info/top_level.txt
[3.369s] -- Installing: /home/ice/polaris-bot/ros2_ws/install/services/local/lib/python3.10/dist-packages/services-0.0.0-py3.10.egg-info/PKG-INFO
[3.369s] -- Installing: /home/ice/polaris-bot/ros2_ws/install/services/local/lib/python3.10/dist-packages/services-0.0.0-py3.10.egg-info/SOURCES.txt
[3.369s] -- Installing: /home/ice/polaris-bot/ros2_ws/install/services/local/lib/python3.10/dist-packages/services-0.0.0-py3.10.egg-info/dependency_links.txt
[3.369s] -- Up-to-date: /home/ice/polaris-bot/ros2_ws/install/services/local/lib/python3.10/dist-packages/services
[3.369s] -- Up-to-date: /home/ice/polaris-bot/ros2_ws/install/services/local/lib/python3.10/dist-packages/services/_services_s.ep.rosidl_typesupport_introspection_c.c
[3.370s] -- Up-to-date: /home/ice/polaris-bot/ros2_ws/install/services/local/lib/python3.10/dist-packages/services/services_s__rosidl_typesupport_c.cpython-310-x86_64-linux-gnu.so
[3.370s] -- Up-to-date: /home/ice/polaris-bot/ros2_ws/install/services/local/lib/python3.10/dist-packages/services/services_s__rosidl_typesupport_fastrtps_c.cpython-310-x86_64-linux-gnu.so
[3.370s] -- Up-to-date: /home/ice/polaris-bot/ros2_ws/install/services/local/lib/python3.10/dist-packages/services/srv
[3.370s] -- Up-to-date: /home/ice/polaris-bot/ros2_ws/install/services/local/lib/python3.10/dist-packages/services/srv/_test_service_s.c
[3.370s] -- Up-to-date: /home/ice/polaris-bot/ros2_ws/install/services/local/lib/python3.10/dist-packages/services/srv/_test_service.py
[3.370s] -- Up-to-date: /home/ice/polaris-bot/ros2_ws/install/services/local/lib/python3.10/dist-packages/services/srv/__init__.py
[3.370s] -- Up-to-date: /home/ice/polaris-bot/ros2_ws/install/services/local/lib/python3.10/dist-packages/services/_services_s.ep.rosidl_typesupport_c.c
[3.371s] -- Up-to-date: /home/ice/polaris-bot/ros2_ws/install/services/local/lib/python3.10/dist-packages/services/services_s__rosidl_typesupport_introspection_c.cpython-310-x86_64-linux-gnu.so
[3.371s] -- Up-to-date: /home/ice/polaris-bot/ros2_ws/install/services/local/lib/python3.10/dist-packages/services/_services_s.ep.rosidl_typesupport_fastrtps_c.c
[3.371s] -- Up-to-date: /home/ice/polaris-bot/ros2_ws/install/services/local/lib/python3.10/dist-packages/services/__init__.py
[3.371s] -- Up-to-date: /home/ice/polaris-bot/ros2_ws/install/services/local/lib/python3.10/dist-packages/services/libservices__rosidl_generator_py.so
[3.482s] Listing '/home/ice/polaris-bot/ros2_ws/install/services/local/lib/python3.10/dist-packages/services'...
[3.483s] Listing '/home/ice/polaris-bot/ros2_ws/install/services/local/lib/python3.10/dist-packages/services/srv'...
[3.506s] -- Up-to-date: /home/ice/polaris-bot/ros2_ws/install/services/local/lib/python3.10/dist-packages/services/services_s__rosidl_typesupport_fastrtps_c.cpython-310-x86_64-linux-gnu.so
[3.506s] -- Up-to-date: /home/ice/polaris-bot/ros2_ws/install/services/local/lib/python3.10/dist-packages/services/services_s__rosidl_typesupport_introspection_c.cpython-310-x86_64-linux-gnu.so
[3.506s] -- Up-to-date: /home/ice/polaris-bot/ros2_ws/install/services/local/lib/python3.10/dist-packages/services/services_s__rosidl_typesupport_c.cpython-310-x86_64-linux-gnu.so
[3.507s] -- Up-to-date: /home/ice/polaris-bot/ros2_ws/install/services/lib/libservices__rosidl_generator_py.so
[3.521s] -- Up-to-date: /home/ice/polaris-bot/ros2_ws/install/services/share/services/srv/TestService.idl
[3.521s] -- Up-to-date: /home/ice/polaris-bot/ros2_ws/install/services/share/services/srv/TestService.srv
[3.521s] -- Up-to-date: /home/ice/polaris-bot/ros2_ws/install/services/share/services/srv/TestService_Request.msg
[3.522s] -- Up-to-date: /home/ice/polaris-bot/ros2_ws/install/services/share/services/srv/TestService_Response.msg
[3.522s] -- Up-to-date: /home/ice/polaris-bot/ros2_ws/install/services/share/ament_index/resource_index/package_run_dependencies/services
[3.522s] -- Up-to-date: /home/ice/polaris-bot/ros2_ws/install/services/share/ament_index/resource_index/parent_prefix_path/services
[3.522s] -- Up-to-date: /home/ice/polaris-bot/ros2_ws/install/services/share/services/environment/ament_prefix_path.sh
[3.522s] -- Up-to-date: /home/ice/polaris-bot/ros2_ws/install/services/share/services/environment/ament_prefix_path.dsv
[3.523s] -- Up-to-date: /home/ice/polaris-bot/ros2_ws/install/services/share/services/environment/path.sh
[3.523s] -- Up-to-date: /home/ice/polaris-bot/ros2_ws/install/services/share/services/environment/path.dsv
[3.523s] -- Up-to-date: /home/ice/polaris-bot/ros2_ws/install/services/share/services/local_setup.bash
[3.523s] -- Up-to-date: /home/ice/polaris-bot/ros2_ws/install/services/share/services/local_setup.sh
[3.523s] -- Up-to-date: /home/ice/polaris-bot/ros2_ws/install/services/share/services/local_setup.zsh
[3.523s] -- Up-to-date: /home/ice/polaris-bot/ros2_ws/install/services/share/services/local_setup.dsv
[3.524s] -- Installing: /home/ice/polaris-bot/ros2_ws/install/services/share/services/package.dsv
[3.525s] -- Up-to-date: /home/ice/polaris-bot/ros2_ws/install/services/share/ament_index/resource_index/packages/services
[3.526s] -- Up-to-date: /home/ice/polaris-bot/ros2_ws/install/services/share/services/cmake/export_services__rosidl_generator_cExport.cmake
[3.526s] -- Up-to-date: /home/ice/polaris-bot/ros2_ws/install/services/share/services/cmake/export_services__rosidl_generator_cExport-noconfig.cmake
[3.526s] -- Up-to-date: /home/ice/polaris-bot/ros2_ws/install/services/share/services/cmake/export_services__rosidl_typesupport_fastrtps_cExport.cmake
[3.526s] -- Up-to-date: /home/ice/polaris-bot/ros2_ws/install/services/share/services/cmake/export_services__rosidl_typesupport_fastrtps_cExport-noconfig.cmake
[3.526s] -- Up-to-date: /home/ice/polaris-bot/ros2_ws/install/services/share/services/cmake/services__rosidl_typesupport_introspection_cExport.cmake
[3.526s] -- Up-to-date: /home/ice/polaris-bot/ros2_ws/install/services/share/services/cmake/services__rosidl_typesupport_introspection_cExport-noconfig.cmake
[3.528s] -- Up-to-date: /home/ice/polaris-bot/ros2_ws/install/services/share/services/cmake/services__rosidl_typesupport_cExport.cmake
[3.537s] -- Up-to-date: /home/ice/polaris-bot/ros2_ws/install/services/share/services/cmake/services__rosidl_typesupport_cExport-noconfig.cmake
[3.537s] -- Up-to-date: /home/ice/polaris-bot/ros2_ws/install/services/share/services/cmake/export_services__rosidl_generator_cppExport.cmake
[3.538s] -- Up-to-date: /home/ice/polaris-bot/ros2_ws/install/services/share/services/cmake/export_services__rosidl_typesupport_fastrtps_cppExport.cmake
[3.538s] -- Up-to-date: /home/ice/polaris-bot/ros2_ws/install/services/share/services/cmake/export_services__rosidl_typesupport_fastrtps_cppExport-noconfig.cmake
[3.540s] -- Up-to-date: /home/ice/polaris-bot/ros2_ws/install/services/share/services/cmake/services__rosidl_typesupport_introspection_cppExport.cmake
[3.540s] -- Up-to-date: /home/ice/polaris-bot/ros2_ws/install/services/share/services/cmake/services__rosidl_typesupport_introspection_cppExport-noconfig.cmake
[3.541s] -- Up-to-date: /home/ice/polaris-bot/ros2_ws/install/services/share/services/cmake/services__rosidl_typesupport_cppExport.cmake
[3.542s] -- Up-to-date: /home/ice/polaris-bot/ros2_ws/install/services/share/services/cmake/services__rosidl_typesupport_cppExport-noconfig.cmake
[3.553s] -- Up-to-date: /home/ice/polaris-bot/ros2_ws/install/services/share/services/cmake/export_services__rosidl_generator_pyExport.cmake
[3.554s] -- Up-to-date: /home/ice/polaris-bot/ros2_ws/install/services/share/services/cmake/export_services__rosidl_generator_pyExport-noconfig.cmake
[3.555s] -- Up-to-date: /home/ice/polaris-bot/ros2_ws/install/services/share/services/cmake/rosidl_cmake-extras.cmake
[3.556s] -- Up-to-date: /home/ice/polaris-bot/ros2_ws/install/services/share/services/cmake/ament_cmake_export_include_directories-extras.cmake
[3.563s] -- Up-to-date: /home/ice/polaris-bot/ros2_ws/install/services/share/services/cmake/ament_cmake_export_libraries-extras.cmake
[3.571s] -- Up-to-date: /home/ice/polaris-bot/ros2_ws/install/services/share/services/cmake/ament_cmake_export_targets-extras.cmake
[3.579s] -- Up-to-date: /home/ice/polaris-bot/ros2_ws/install/services/share/services/cmake/rosidl_cmake_export_typesupport_targets-extras.cmake
[3.580s] -- Up-to-date: /home/ice/polaris-bot/ros2_ws/install/services/share/services/cmake/ament_cmake_export_dependencies-extras.cmake
[3.583s] -- Up-to-date: /home/ice/polaris-bot/ros2_ws/install/services/share/services/cmake/rosidl_cmake_export_typesupport_libraries-extras.cmake
[3.584s] -- Up-to-date: /home/ice/polaris-bot/ros2_ws/install/services/share/services/cmake/servicesConfig.cmake
[3.588s] -- Up-to-date: /home/ice/polaris-bot/ros2_ws/install/services/share/services/cmake/servicesConfig-version.cmake
[3.588s] -- Up-to-date: /home/ice/polaris-bot/ros2_ws/install/services/share/services/package.xml
[3.589s] Invoked command in '/home/ice/polaris-bot/ros2_ws/build/services' returned '0': CMAKE_PREFIX_PATH=/opt/ros/humble /usr/bin/cmake --install /home/ice/polaris-bot/ros2_ws/build/services
