[1.534s] Invoking command in '/home/ice/polaris-bot/ros2_ws/build/services': CMAKE_PREFIX_PATH=${CMAKE_PREFIX_PATH}:/opt/ros/humble /usr/bin/cmake --build /home/ice/polaris-bot/ros2_ws/build/services -- -j2 -l2
[2.171s] [  3%] Built target services__cpp
[2.304s] [35m[1mConsolidate compiler generated dependencies of target services__rosidl_generator_c[0m
[2.487s] [ 12%] Built target services__rosidl_generator_c
[2.881s] [ 12%] Built target ament_cmake_python_copy_services
[2.997s] [35m[1mConsolidate compiler generated dependencies of target services__rosidl_typesupport_fastrtps_cpp[0m
[3.084s] [ 22%] Built target services__rosidl_typesupport_fastrtps_cpp
[3.355s] [35m[1mConsolidate compiler generated dependencies of target services__rosidl_typesupport_introspection_cpp[0m
[3.636s] [ 32%] Built target services__rosidl_typesupport_introspection_cpp
[3.801s] [35m[1mConsolidate compiler generated dependencies of target services__rosidl_typesupport_cpp[0m
[3.910s] [ 41%] Built target services__rosidl_typesupport_cpp
[4.160s] [35m[1mConsolidate compiler generated dependencies of target services__rosidl_typesupport_fastrtps_c[0m
[4.387s] [ 51%] Built target services__rosidl_typesupport_fastrtps_c
[4.674s] [35m[1mConsolidate compiler generated dependencies of target services__rosidl_typesupport_introspection_c[0m
[4.810s] [ 61%] Built target services__rosidl_typesupport_introspection_c
[4.962s] [35m[1mConsolidate compiler generated dependencies of target services__rosidl_typesupport_c[0m
[5.125s] [ 70%] Built target services__rosidl_typesupport_c
[6.931s] running egg_info
[6.934s] writing services.egg-info/PKG-INFO
[6.938s] writing dependency_links to services.egg-info/dependency_links.txt
[6.940s] writing top-level names to services.egg-info/top_level.txt
[6.949s] reading manifest file 'services.egg-info/SOURCES.txt'
[6.956s] writing manifest file 'services.egg-info/SOURCES.txt'
[7.101s] [ 70%] Built target ament_cmake_python_build_services_egg
[7.227s] [ 70%] Built target services
[7.420s] [ 74%] Built target services__py
[7.486s] [35m[1mConsolidate compiler generated dependencies of target services__rosidl_generator_py[0m
[7.582s] [ 80%] Built target services__rosidl_generator_py
[7.665s] [35m[1mConsolidate compiler generated dependencies of target services__rosidl_typesupport_fastrtps_c__pyext[0m
[7.723s] [ 87%] Built target services__rosidl_typesupport_fastrtps_c__pyext
[7.845s] [35m[1mConsolidate compiler generated dependencies of target services__rosidl_typesupport_introspection_c__pyext[0m
[7.941s] [ 93%] Built target services__rosidl_typesupport_introspection_c__pyext
[8.067s] [35m[1mConsolidate compiler generated dependencies of target services__rosidl_typesupport_c__pyext[0m
[8.195s] [100%] Built target services__rosidl_typesupport_c__pyext
[8.283s] Invoked command in '/home/ice/polaris-bot/ros2_ws/build/services' returned '0': CMAKE_PREFIX_PATH=${CMAKE_PREFIX_PATH}:/opt/ros/humble /usr/bin/cmake --build /home/ice/polaris-bot/ros2_ws/build/services -- -j2 -l2
[9.126s] Invoking command in '/home/ice/polaris-bot/ros2_ws/build/services': CMAKE_PREFIX_PATH=${CMAKE_PREFIX_PATH}:/opt/ros/humble /usr/bin/cmake --install /home/ice/polaris-bot/ros2_ws/build/services
[9.270s] -- Install configuration: ""
[9.274s] -- Up-to-date: /home/ice/polaris-bot/ros2_ws/install/services/share/ament_index/resource_index/rosidl_interfaces/services
[9.277s] -- Up-to-date: /home/ice/polaris-bot/ros2_ws/install/services/include/services/services
[9.280s] -- Up-to-date: /home/ice/polaris-bot/ros2_ws/install/services/include/services/services/srv
[9.286s] -- Up-to-date: /home/ice/polaris-bot/ros2_ws/install/services/include/services/services/srv/detail
[9.286s] -- Up-to-date: /home/ice/polaris-bot/ros2_ws/install/services/include/services/services/srv/detail/test_service__functions.c
[9.286s] -- Up-to-date: /home/ice/polaris-bot/ros2_ws/install/services/include/services/services/srv/detail/test_service__functions.h
[9.287s] -- Up-to-date: /home/ice/polaris-bot/ros2_ws/install/services/include/services/services/srv/detail/test_service__type_support.h
[9.287s] -- Up-to-date: /home/ice/polaris-bot/ros2_ws/install/services/include/services/services/srv/detail/test_service__struct.h
[9.287s] -- Up-to-date: /home/ice/polaris-bot/ros2_ws/install/services/include/services/services/srv/test_service.h
[9.287s] -- Up-to-date: /home/ice/polaris-bot/ros2_ws/install/services/include/services/services/msg
[9.292s] -- Up-to-date: /home/ice/polaris-bot/ros2_ws/install/services/include/services/services/msg/rosidl_generator_c__visibility_control.h
[9.292s] -- Up-to-date: /home/ice/polaris-bot/ros2_ws/install/services/share/services/environment/library_path.sh
[9.292s] -- Up-to-date: /home/ice/polaris-bot/ros2_ws/install/services/share/services/environment/library_path.dsv
[9.293s] -- Up-to-date: /home/ice/polaris-bot/ros2_ws/install/services/lib/libservices__rosidl_generator_c.so
[9.296s] -- Up-to-date: /home/ice/polaris-bot/ros2_ws/install/services/include/services/services
[9.296s] -- Up-to-date: /home/ice/polaris-bot/ros2_ws/install/services/include/services/services/srv
[9.296s] -- Up-to-date: /home/ice/polaris-bot/ros2_ws/install/services/include/services/services/srv/detail
[9.306s] -- Up-to-date: /home/ice/polaris-bot/ros2_ws/install/services/include/services/services/srv/detail/test_service__rosidl_typesupport_fastrtps_c.h
[9.307s] -- Up-to-date: /home/ice/polaris-bot/ros2_ws/install/services/include/services/services/msg
[9.308s] -- Up-to-date: /home/ice/polaris-bot/ros2_ws/install/services/include/services/services/msg/rosidl_typesupport_fastrtps_c__visibility_control.h
[9.317s] -- Up-to-date: /home/ice/polaris-bot/ros2_ws/install/services/lib/libservices__rosidl_typesupport_fastrtps_c.so
[9.319s] -- Up-to-date: /home/ice/polaris-bot/ros2_ws/install/services/include/services/services
[9.320s] -- Up-to-date: /home/ice/polaris-bot/ros2_ws/install/services/include/services/services/srv
[9.320s] -- Up-to-date: /home/ice/polaris-bot/ros2_ws/install/services/include/services/services/srv/detail
[9.325s] -- Up-to-date: /home/ice/polaris-bot/ros2_ws/install/services/include/services/services/srv/detail/test_service__rosidl_typesupport_introspection_c.h
[9.338s] -- Up-to-date: /home/ice/polaris-bot/ros2_ws/install/services/include/services/services/srv/detail/test_service__type_support.c
[9.339s] -- Up-to-date: /home/ice/polaris-bot/ros2_ws/install/services/include/services/services/msg
[9.339s] -- Up-to-date: /home/ice/polaris-bot/ros2_ws/install/services/include/services/services/msg/rosidl_typesupport_introspection_c__visibility_control.h
[9.339s] -- Up-to-date: /home/ice/polaris-bot/ros2_ws/install/services/lib/libservices__rosidl_typesupport_introspection_c.so
[9.342s] -- Up-to-date: /home/ice/polaris-bot/ros2_ws/install/services/lib/libservices__rosidl_typesupport_c.so
[9.343s] -- Up-to-date: /home/ice/polaris-bot/ros2_ws/install/services/include/services/services
[9.344s] -- Up-to-date: /home/ice/polaris-bot/ros2_ws/install/services/include/services/services/srv
[9.351s] -- Up-to-date: /home/ice/polaris-bot/ros2_ws/install/services/include/services/services/srv/detail
[9.352s] -- Up-to-date: /home/ice/polaris-bot/ros2_ws/install/services/include/services/services/srv/detail/test_service__struct.hpp
[9.355s] -- Up-to-date: /home/ice/polaris-bot/ros2_ws/install/services/include/services/services/srv/detail/test_service__builder.hpp
[9.355s] -- Up-to-date: /home/ice/polaris-bot/ros2_ws/install/services/include/services/services/srv/detail/test_service__traits.hpp
[9.356s] -- Up-to-date: /home/ice/polaris-bot/ros2_ws/install/services/include/services/services/srv/test_service.hpp
[9.358s] -- Up-to-date: /home/ice/polaris-bot/ros2_ws/install/services/include/services/services
[9.371s] -- Up-to-date: /home/ice/polaris-bot/ros2_ws/install/services/include/services/services/srv
[9.374s] -- Up-to-date: /home/ice/polaris-bot/ros2_ws/install/services/include/services/services/srv/detail
[9.374s] -- Up-to-date: /home/ice/polaris-bot/ros2_ws/install/services/include/services/services/srv/detail/dds_fastrtps
[9.374s] -- Up-to-date: /home/ice/polaris-bot/ros2_ws/install/services/include/services/services/srv/detail/test_service__rosidl_typesupport_fastrtps_cpp.hpp
[9.374s] -- Up-to-date: /home/ice/polaris-bot/ros2_ws/install/services/include/services/services/msg
[9.375s] -- Up-to-date: /home/ice/polaris-bot/ros2_ws/install/services/include/services/services/msg/rosidl_typesupport_fastrtps_cpp__visibility_control.h
[9.375s] -- Up-to-date: /home/ice/polaris-bot/ros2_ws/install/services/lib/libservices__rosidl_typesupport_fastrtps_cpp.so
[9.375s] -- Up-to-date: /home/ice/polaris-bot/ros2_ws/install/services/include/services/services
[9.375s] -- Up-to-date: /home/ice/polaris-bot/ros2_ws/install/services/include/services/services/srv
[9.375s] -- Up-to-date: /home/ice/polaris-bot/ros2_ws/install/services/include/services/services/srv/detail
[9.375s] -- Up-to-date: /home/ice/polaris-bot/ros2_ws/install/services/include/services/services/srv/detail/test_service__type_support.cpp
[9.375s] -- Up-to-date: /home/ice/polaris-bot/ros2_ws/install/services/include/services/services/srv/detail/test_service__rosidl_typesupport_introspection_cpp.hpp
[9.376s] -- Up-to-date: /home/ice/polaris-bot/ros2_ws/install/services/lib/libservices__rosidl_typesupport_introspection_cpp.so
[9.392s] -- Up-to-date: /home/ice/polaris-bot/ros2_ws/install/services/lib/libservices__rosidl_typesupport_cpp.so
[9.394s] -- Up-to-date: /home/ice/polaris-bot/ros2_ws/install/services/share/services/environment/pythonpath.sh
[9.402s] -- Up-to-date: /home/ice/polaris-bot/ros2_ws/install/services/share/services/environment/pythonpath.dsv
[9.406s] -- Up-to-date: /home/ice/polaris-bot/ros2_ws/install/services/local/lib/python3.10/dist-packages/services-0.0.0-py3.10.egg-info
[9.406s] -- Installing: /home/ice/polaris-bot/ros2_ws/install/services/local/lib/python3.10/dist-packages/services-0.0.0-py3.10.egg-info/top_level.txt
[9.407s] -- Installing: /home/ice/polaris-bot/ros2_ws/install/services/local/lib/python3.10/dist-packages/services-0.0.0-py3.10.egg-info/PKG-INFO
[9.408s] -- Installing: /home/ice/polaris-bot/ros2_ws/install/services/local/lib/python3.10/dist-packages/services-0.0.0-py3.10.egg-info/SOURCES.txt
[9.409s] -- Installing: /home/ice/polaris-bot/ros2_ws/install/services/local/lib/python3.10/dist-packages/services-0.0.0-py3.10.egg-info/dependency_links.txt
[9.413s] -- Up-to-date: /home/ice/polaris-bot/ros2_ws/install/services/local/lib/python3.10/dist-packages/services
[9.414s] -- Up-to-date: /home/ice/polaris-bot/ros2_ws/install/services/local/lib/python3.10/dist-packages/services/_services_s.ep.rosidl_typesupport_introspection_c.c
[9.414s] -- Up-to-date: /home/ice/polaris-bot/ros2_ws/install/services/local/lib/python3.10/dist-packages/services/services_s__rosidl_typesupport_c.cpython-310-x86_64-linux-gnu.so
[9.414s] -- Up-to-date: /home/ice/polaris-bot/ros2_ws/install/services/local/lib/python3.10/dist-packages/services/services_s__rosidl_typesupport_fastrtps_c.cpython-310-x86_64-linux-gnu.so
[9.415s] -- Up-to-date: /home/ice/polaris-bot/ros2_ws/install/services/local/lib/python3.10/dist-packages/services/srv
[9.415s] -- Up-to-date: /home/ice/polaris-bot/ros2_ws/install/services/local/lib/python3.10/dist-packages/services/srv/_test_service_s.c
[9.415s] -- Up-to-date: /home/ice/polaris-bot/ros2_ws/install/services/local/lib/python3.10/dist-packages/services/srv/_test_service.py
[9.415s] -- Up-to-date: /home/ice/polaris-bot/ros2_ws/install/services/local/lib/python3.10/dist-packages/services/srv/__init__.py
[9.416s] -- Up-to-date: /home/ice/polaris-bot/ros2_ws/install/services/local/lib/python3.10/dist-packages/services/_services_s.ep.rosidl_typesupport_c.c
[9.416s] -- Up-to-date: /home/ice/polaris-bot/ros2_ws/install/services/local/lib/python3.10/dist-packages/services/services_s__rosidl_typesupport_introspection_c.cpython-310-x86_64-linux-gnu.so
[9.431s] -- Up-to-date: /home/ice/polaris-bot/ros2_ws/install/services/local/lib/python3.10/dist-packages/services/_services_s.ep.rosidl_typesupport_fastrtps_c.c
[9.436s] -- Up-to-date: /home/ice/polaris-bot/ros2_ws/install/services/local/lib/python3.10/dist-packages/services/__init__.py
[9.437s] -- Up-to-date: /home/ice/polaris-bot/ros2_ws/install/services/local/lib/python3.10/dist-packages/services/libservices__rosidl_generator_py.so
[9.641s] Listing '/home/ice/polaris-bot/ros2_ws/install/services/local/lib/python3.10/dist-packages/services'...
[9.641s] Listing '/home/ice/polaris-bot/ros2_ws/install/services/local/lib/python3.10/dist-packages/services/srv'...
[9.675s] -- Up-to-date: /home/ice/polaris-bot/ros2_ws/install/services/local/lib/python3.10/dist-packages/services/services_s__rosidl_typesupport_fastrtps_c.cpython-310-x86_64-linux-gnu.so
[9.680s] -- Up-to-date: /home/ice/polaris-bot/ros2_ws/install/services/local/lib/python3.10/dist-packages/services/services_s__rosidl_typesupport_introspection_c.cpython-310-x86_64-linux-gnu.so
[9.686s] -- Up-to-date: /home/ice/polaris-bot/ros2_ws/install/services/local/lib/python3.10/dist-packages/services/services_s__rosidl_typesupport_c.cpython-310-x86_64-linux-gnu.so
[9.690s] -- Up-to-date: /home/ice/polaris-bot/ros2_ws/install/services/lib/libservices__rosidl_generator_py.so
[9.692s] -- Up-to-date: /home/ice/polaris-bot/ros2_ws/install/services/share/services/srv/TestService.idl
[9.694s] -- Up-to-date: /home/ice/polaris-bot/ros2_ws/install/services/share/services/srv/TestService.srv
[9.698s] -- Up-to-date: /home/ice/polaris-bot/ros2_ws/install/services/share/services/srv/TestService_Request.msg
[9.699s] -- Up-to-date: /home/ice/polaris-bot/ros2_ws/install/services/share/services/srv/TestService_Response.msg
[9.699s] -- Up-to-date: /home/ice/polaris-bot/ros2_ws/install/services/share/ament_index/resource_index/package_run_dependencies/services
[9.700s] -- Up-to-date: /home/ice/polaris-bot/ros2_ws/install/services/share/ament_index/resource_index/parent_prefix_path/services
[9.703s] -- Up-to-date: /home/ice/polaris-bot/ros2_ws/install/services/share/services/environment/ament_prefix_path.sh
[9.703s] -- Up-to-date: /home/ice/polaris-bot/ros2_ws/install/services/share/services/environment/ament_prefix_path.dsv
[9.703s] -- Up-to-date: /home/ice/polaris-bot/ros2_ws/install/services/share/services/environment/path.sh
[9.704s] -- Up-to-date: /home/ice/polaris-bot/ros2_ws/install/services/share/services/environment/path.dsv
[9.704s] -- Up-to-date: /home/ice/polaris-bot/ros2_ws/install/services/share/services/local_setup.bash
[9.715s] -- Up-to-date: /home/ice/polaris-bot/ros2_ws/install/services/share/services/local_setup.sh
[9.720s] -- Up-to-date: /home/ice/polaris-bot/ros2_ws/install/services/share/services/local_setup.zsh
[9.721s] -- Up-to-date: /home/ice/polaris-bot/ros2_ws/install/services/share/services/local_setup.dsv
[9.722s] -- Installing: /home/ice/polaris-bot/ros2_ws/install/services/share/services/package.dsv
[9.729s] -- Up-to-date: /home/ice/polaris-bot/ros2_ws/install/services/share/ament_index/resource_index/packages/services
[9.730s] -- Up-to-date: /home/ice/polaris-bot/ros2_ws/install/services/share/services/cmake/export_services__rosidl_generator_cExport.cmake
[9.730s] -- Up-to-date: /home/ice/polaris-bot/ros2_ws/install/services/share/services/cmake/export_services__rosidl_generator_cExport-noconfig.cmake
[9.734s] -- Up-to-date: /home/ice/polaris-bot/ros2_ws/install/services/share/services/cmake/export_services__rosidl_typesupport_fastrtps_cExport.cmake
[9.740s] -- Up-to-date: /home/ice/polaris-bot/ros2_ws/install/services/share/services/cmake/export_services__rosidl_typesupport_fastrtps_cExport-noconfig.cmake
[9.749s] -- Up-to-date: /home/ice/polaris-bot/ros2_ws/install/services/share/services/cmake/services__rosidl_typesupport_introspection_cExport.cmake
[9.750s] -- Up-to-date: /home/ice/polaris-bot/ros2_ws/install/services/share/services/cmake/services__rosidl_typesupport_introspection_cExport-noconfig.cmake
[9.759s] -- Up-to-date: /home/ice/polaris-bot/ros2_ws/install/services/share/services/cmake/services__rosidl_typesupport_cExport.cmake
[9.759s] -- Up-to-date: /home/ice/polaris-bot/ros2_ws/install/services/share/services/cmake/services__rosidl_typesupport_cExport-noconfig.cmake
[9.759s] -- Up-to-date: /home/ice/polaris-bot/ros2_ws/install/services/share/services/cmake/export_services__rosidl_generator_cppExport.cmake
[9.759s] -- Up-to-date: /home/ice/polaris-bot/ros2_ws/install/services/share/services/cmake/export_services__rosidl_typesupport_fastrtps_cppExport.cmake
[9.800s] -- Up-to-date: /home/ice/polaris-bot/ros2_ws/install/services/share/services/cmake/export_services__rosidl_typesupport_fastrtps_cppExport-noconfig.cmake
[9.809s] -- Up-to-date: /home/ice/polaris-bot/ros2_ws/install/services/share/services/cmake/services__rosidl_typesupport_introspection_cppExport.cmake
[9.810s] -- Up-to-date: /home/ice/polaris-bot/ros2_ws/install/services/share/services/cmake/services__rosidl_typesupport_introspection_cppExport-noconfig.cmake
[9.810s] -- Up-to-date: /home/ice/polaris-bot/ros2_ws/install/services/share/services/cmake/services__rosidl_typesupport_cppExport.cmake
[9.811s] -- Up-to-date: /home/ice/polaris-bot/ros2_ws/install/services/share/services/cmake/services__rosidl_typesupport_cppExport-noconfig.cmake
[9.811s] -- Up-to-date: /home/ice/polaris-bot/ros2_ws/install/services/share/services/cmake/export_services__rosidl_generator_pyExport.cmake
[9.819s] -- Up-to-date: /home/ice/polaris-bot/ros2_ws/install/services/share/services/cmake/export_services__rosidl_generator_pyExport-noconfig.cmake
[9.820s] -- Up-to-date: /home/ice/polaris-bot/ros2_ws/install/services/share/services/cmake/rosidl_cmake-extras.cmake
[9.820s] -- Up-to-date: /home/ice/polaris-bot/ros2_ws/install/services/share/services/cmake/ament_cmake_export_include_directories-extras.cmake
[9.820s] -- Up-to-date: /home/ice/polaris-bot/ros2_ws/install/services/share/services/cmake/ament_cmake_export_libraries-extras.cmake
[9.820s] -- Up-to-date: /home/ice/polaris-bot/ros2_ws/install/services/share/services/cmake/ament_cmake_export_targets-extras.cmake
[9.821s] -- Up-to-date: /home/ice/polaris-bot/ros2_ws/install/services/share/services/cmake/rosidl_cmake_export_typesupport_targets-extras.cmake
[9.821s] -- Up-to-date: /home/ice/polaris-bot/ros2_ws/install/services/share/services/cmake/ament_cmake_export_dependencies-extras.cmake
[9.821s] -- Up-to-date: /home/ice/polaris-bot/ros2_ws/install/services/share/services/cmake/rosidl_cmake_export_typesupport_libraries-extras.cmake
[9.821s] -- Up-to-date: /home/ice/polaris-bot/ros2_ws/install/services/share/services/cmake/servicesConfig.cmake
[9.821s] -- Up-to-date: /home/ice/polaris-bot/ros2_ws/install/services/share/services/cmake/servicesConfig-version.cmake
[9.822s] -- Up-to-date: /home/ice/polaris-bot/ros2_ws/install/services/share/services/package.xml
[9.822s] Invoked command in '/home/ice/polaris-bot/ros2_ws/build/services' returned '0': CMAKE_PREFIX_PATH=${CMAKE_PREFIX_PATH}:/opt/ros/humble /usr/bin/cmake --install /home/ice/polaris-bot/ros2_ws/build/services
