[1.935s] DEBUG:colcon:Command line arguments: ['/usr/bin/colcon', 'build']
[1.935s] DEBUG:colcon:Parsed command line arguments: Namespace(log_base=None, log_level=None, verb_name='build', build_base='build', install_base='install', merge_install=False, symlink_install=False, test_result_base=None, continue_on_error=False, executor='parallel', parallel_workers=2, event_handlers=None, ignore_user_meta=False, metas=['./colcon.meta'], base_paths=['.'], packages_ignore=None, packages_ignore_regex=None, paths=None, packages_up_to=None, packages_up_to_regex=None, packages_above=None, packages_above_and_dependencies=None, packages_above_depth=None, packages_select_by_dep=None, packages_skip_by_dep=None, packages_skip_up_to=None, packages_select_build_failed=False, packages_skip_build_finished=False, packages_select_test_failures=False, packages_skip_test_passed=False, packages_select=None, packages_skip=None, packages_select_regex=None, packages_skip_regex=None, packages_start=None, packages_end=None, allow_overriding=[], cmake_args=None, cmake_target=None, cmake_target_skip_unavailable=False, cmake_clean_cache=False, cmake_clean_first=False, cmake_force_configure=False, ament_cmake_args=None, catkin_cmake_args=None, catkin_skip_building_tests=False, verb_parser=<colcon_defaults.argument_parser.defaults.DefaultArgumentsDecorator object at 0x7f39ddd099c0>, verb_extension=<colcon_core.verb.build.BuildVerb object at 0x7f39de146860>, main=<bound method BuildVerb.main of <colcon_core.verb.build.BuildVerb object at 0x7f39de146860>>)
[2.006s] Level 1:colcon.colcon_core.package_discovery:discover_packages(colcon_meta) check parameters
[2.006s] Level 1:colcon.colcon_core.package_discovery:discover_packages(recursive) check parameters
[2.006s] Level 1:colcon.colcon_core.package_discovery:discover_packages(ignore) check parameters
[2.006s] Level 1:colcon.colcon_core.package_discovery:discover_packages(path) check parameters
[2.006s] Level 1:colcon.colcon_core.package_discovery:discover_packages(colcon_meta) discover
[2.006s] Level 1:colcon.colcon_core.package_discovery:discover_packages(recursive) discover
[2.006s] INFO:colcon.colcon_core.package_discovery:Crawling recursively for packages in '/home/ice/polaris-bot/ros2_ws'
[2.006s] Level 1:colcon.colcon_core.package_identification:_identify(.) by extensions ['ignore', 'ignore_ament_install']
[2.006s] Level 1:colcon.colcon_core.package_identification:_identify(.) by extension 'ignore'
[2.006s] Level 1:colcon.colcon_core.package_identification:_identify(.) by extension 'ignore_ament_install'
[2.006s] Level 1:colcon.colcon_core.package_identification:_identify(.) by extensions ['colcon_pkg']
[2.006s] Level 1:colcon.colcon_core.package_identification:_identify(.) by extension 'colcon_pkg'
[2.007s] Level 1:colcon.colcon_core.package_identification:_identify(.) by extensions ['colcon_meta']
[2.007s] Level 1:colcon.colcon_core.package_identification:_identify(.) by extension 'colcon_meta'
[2.007s] Level 1:colcon.colcon_core.package_identification:_identify(.) by extensions ['ros']
[2.007s] Level 1:colcon.colcon_core.package_identification:_identify(.) by extension 'ros'
[2.021s] Level 1:colcon.colcon_core.package_identification:_identify(.) by extensions ['cmake', 'python']
[2.021s] Level 1:colcon.colcon_core.package_identification:_identify(.) by extension 'cmake'
[2.021s] Level 1:colcon.colcon_core.package_identification:_identify(.) by extension 'python'
[2.021s] Level 1:colcon.colcon_core.package_identification:_identify(.) by extensions ['python_setup_py']
[2.022s] Level 1:colcon.colcon_core.package_identification:_identify(.) by extension 'python_setup_py'
[2.022s] Level 1:colcon.colcon_core.package_identification:_identify(build) by extensions ['ignore', 'ignore_ament_install']
[2.022s] Level 1:colcon.colcon_core.package_identification:_identify(build) by extension 'ignore'
[2.022s] Level 1:colcon.colcon_core.package_identification:_identify(build) ignored
[2.022s] Level 1:colcon.colcon_core.package_identification:_identify(install) by extensions ['ignore', 'ignore_ament_install']
[2.022s] Level 1:colcon.colcon_core.package_identification:_identify(install) by extension 'ignore'
[2.022s] Level 1:colcon.colcon_core.package_identification:_identify(install) ignored
[2.022s] Level 1:colcon.colcon_core.package_identification:_identify(log) by extensions ['ignore', 'ignore_ament_install']
[2.022s] Level 1:colcon.colcon_core.package_identification:_identify(log) by extension 'ignore'
[2.023s] Level 1:colcon.colcon_core.package_identification:_identify(log) ignored
[2.023s] Level 1:colcon.colcon_core.package_identification:_identify(src) by extensions ['ignore', 'ignore_ament_install']
[2.023s] Level 1:colcon.colcon_core.package_identification:_identify(src) by extension 'ignore'
[2.023s] Level 1:colcon.colcon_core.package_identification:_identify(src) by extension 'ignore_ament_install'
[2.023s] Level 1:colcon.colcon_core.package_identification:_identify(src) by extensions ['colcon_pkg']
[2.023s] Level 1:colcon.colcon_core.package_identification:_identify(src) by extension 'colcon_pkg'
[2.023s] Level 1:colcon.colcon_core.package_identification:_identify(src) by extensions ['colcon_meta']
[2.023s] Level 1:colcon.colcon_core.package_identification:_identify(src) by extension 'colcon_meta'
[2.023s] Level 1:colcon.colcon_core.package_identification:_identify(src) by extensions ['ros']
[2.023s] Level 1:colcon.colcon_core.package_identification:_identify(src) by extension 'ros'
[2.023s] Level 1:colcon.colcon_core.package_identification:_identify(src) by extensions ['cmake', 'python']
[2.023s] Level 1:colcon.colcon_core.package_identification:_identify(src) by extension 'cmake'
[2.023s] Level 1:colcon.colcon_core.package_identification:_identify(src) by extension 'python'
[2.023s] Level 1:colcon.colcon_core.package_identification:_identify(src) by extensions ['python_setup_py']
[2.023s] Level 1:colcon.colcon_core.package_identification:_identify(src) by extension 'python_setup_py'
[2.024s] Level 1:colcon.colcon_core.package_identification:_identify(src/firmware) by extensions ['ignore', 'ignore_ament_install']
[2.024s] Level 1:colcon.colcon_core.package_identification:_identify(src/firmware) by extension 'ignore'
[2.024s] Level 1:colcon.colcon_core.package_identification:_identify(src/firmware) ignored
[2.024s] Level 1:colcon.colcon_core.package_identification:_identify(src/messages) by extensions ['ignore', 'ignore_ament_install']
[2.024s] Level 1:colcon.colcon_core.package_identification:_identify(src/messages) by extension 'ignore'
[2.024s] Level 1:colcon.colcon_core.package_identification:_identify(src/messages) by extension 'ignore_ament_install'
[2.024s] Level 1:colcon.colcon_core.package_identification:_identify(src/messages) by extensions ['colcon_pkg']
[2.024s] Level 1:colcon.colcon_core.package_identification:_identify(src/messages) by extension 'colcon_pkg'
[2.024s] Level 1:colcon.colcon_core.package_identification:_identify(src/messages) by extensions ['colcon_meta']
[2.024s] Level 1:colcon.colcon_core.package_identification:_identify(src/messages) by extension 'colcon_meta'
[2.024s] Level 1:colcon.colcon_core.package_identification:_identify(src/messages) by extensions ['ros']
[2.024s] Level 1:colcon.colcon_core.package_identification:_identify(src/messages) by extension 'ros'
[2.028s] DEBUG:colcon.colcon_core.package_identification:Package 'src/messages' with type 'ros.ament_cmake' and name 'messages'
[2.029s] Level 1:colcon.colcon_core.package_identification:_identify(src/my_message) by extensions ['ignore', 'ignore_ament_install']
[2.029s] Level 1:colcon.colcon_core.package_identification:_identify(src/my_message) by extension 'ignore'
[2.029s] Level 1:colcon.colcon_core.package_identification:_identify(src/my_message) by extension 'ignore_ament_install'
[2.029s] Level 1:colcon.colcon_core.package_identification:_identify(src/my_message) by extensions ['colcon_pkg']
[2.029s] Level 1:colcon.colcon_core.package_identification:_identify(src/my_message) by extension 'colcon_pkg'
[2.029s] Level 1:colcon.colcon_core.package_identification:_identify(src/my_message) by extensions ['colcon_meta']
[2.029s] Level 1:colcon.colcon_core.package_identification:_identify(src/my_message) by extension 'colcon_meta'
[2.029s] Level 1:colcon.colcon_core.package_identification:_identify(src/my_message) by extensions ['ros']
[2.029s] Level 1:colcon.colcon_core.package_identification:_identify(src/my_message) by extension 'ros'
[2.030s] DEBUG:colcon.colcon_core.package_identification:Package 'src/my_message' with type 'ros.ament_cmake' and name 'my_message'
[2.030s] Level 1:colcon.colcon_core.package_identification:_identify(src/services) by extensions ['ignore', 'ignore_ament_install']
[2.030s] Level 1:colcon.colcon_core.package_identification:_identify(src/services) by extension 'ignore'
[2.030s] Level 1:colcon.colcon_core.package_identification:_identify(src/services) by extension 'ignore_ament_install'
[2.030s] Level 1:colcon.colcon_core.package_identification:_identify(src/services) by extensions ['colcon_pkg']
[2.030s] Level 1:colcon.colcon_core.package_identification:_identify(src/services) by extension 'colcon_pkg'
[2.030s] Level 1:colcon.colcon_core.package_identification:_identify(src/services) by extensions ['colcon_meta']
[2.030s] Level 1:colcon.colcon_core.package_identification:_identify(src/services) by extension 'colcon_meta'
[2.030s] Level 1:colcon.colcon_core.package_identification:_identify(src/services) by extensions ['ros']
[2.030s] Level 1:colcon.colcon_core.package_identification:_identify(src/services) by extension 'ros'
[2.031s] DEBUG:colcon.colcon_core.package_identification:Package 'src/services' with type 'ros.ament_cmake' and name 'services'
[2.031s] Level 1:colcon.colcon_core.package_discovery:discover_packages(recursive) using defaults
[2.031s] Level 1:colcon.colcon_core.package_discovery:discover_packages(ignore) discover
[2.031s] Level 1:colcon.colcon_core.package_discovery:discover_packages(ignore) using defaults
[2.031s] Level 1:colcon.colcon_core.package_discovery:discover_packages(path) discover
[2.031s] Level 1:colcon.colcon_core.package_discovery:discover_packages(path) using defaults
[2.220s] Level 1:colcon.colcon_core.package_discovery:discover_packages(prefix_path) check parameters
[2.221s] Level 1:colcon.colcon_core.package_discovery:discover_packages(prefix_path) discover
[2.270s] DEBUG:colcon.colcon_installed_package_information.package_discovery:Found 4 installed packages in /home/ice/microros_ws/install
[2.291s] DEBUG:colcon.colcon_installed_package_information.package_discovery:Found 4 installed packages in /home/ice/polaris_ws/install
[2.328s] DEBUG:colcon.colcon_installed_package_information.package_discovery:Found 384 installed packages in /opt/ros/humble
[2.330s] Level 1:colcon.colcon_core.package_discovery:discover_packages(prefix_path) using defaults
[2.509s] Level 5:colcon.colcon_core.verb:set package 'messages' build argument 'cmake_args' from command line to 'None'
[2.509s] Level 5:colcon.colcon_core.verb:set package 'messages' build argument 'cmake_target' from command line to 'None'
[2.509s] Level 5:colcon.colcon_core.verb:set package 'messages' build argument 'cmake_target_skip_unavailable' from command line to 'False'
[2.510s] Level 5:colcon.colcon_core.verb:set package 'messages' build argument 'cmake_clean_cache' from command line to 'False'
[2.510s] Level 5:colcon.colcon_core.verb:set package 'messages' build argument 'cmake_clean_first' from command line to 'False'
[2.510s] Level 5:colcon.colcon_core.verb:set package 'messages' build argument 'cmake_force_configure' from command line to 'False'
[2.510s] Level 5:colcon.colcon_core.verb:set package 'messages' build argument 'ament_cmake_args' from command line to 'None'
[2.510s] Level 5:colcon.colcon_core.verb:set package 'messages' build argument 'catkin_cmake_args' from command line to 'None'
[2.510s] Level 5:colcon.colcon_core.verb:set package 'messages' build argument 'catkin_skip_building_tests' from command line to 'False'
[2.510s] DEBUG:colcon.colcon_core.verb:Building package 'messages' with the following arguments: {'ament_cmake_args': None, 'build_base': '/home/ice/polaris-bot/ros2_ws/build/messages', 'catkin_cmake_args': None, 'catkin_skip_building_tests': False, 'cmake_args': None, 'cmake_clean_cache': False, 'cmake_clean_first': False, 'cmake_force_configure': False, 'cmake_target': None, 'cmake_target_skip_unavailable': False, 'install_base': '/home/ice/polaris-bot/ros2_ws/install/messages', 'merge_install': False, 'path': '/home/ice/polaris-bot/ros2_ws/src/messages', 'symlink_install': False, 'test_result_base': None}
[2.548s] Level 5:colcon.colcon_core.verb:set package 'my_message' build argument 'cmake_args' from command line to 'None'
[2.548s] Level 5:colcon.colcon_core.verb:set package 'my_message' build argument 'cmake_target' from command line to 'None'
[2.548s] Level 5:colcon.colcon_core.verb:set package 'my_message' build argument 'cmake_target_skip_unavailable' from command line to 'False'
[2.548s] Level 5:colcon.colcon_core.verb:set package 'my_message' build argument 'cmake_clean_cache' from command line to 'False'
[2.548s] Level 5:colcon.colcon_core.verb:set package 'my_message' build argument 'cmake_clean_first' from command line to 'False'
[2.548s] Level 5:colcon.colcon_core.verb:set package 'my_message' build argument 'cmake_force_configure' from command line to 'False'
[2.548s] Level 5:colcon.colcon_core.verb:set package 'my_message' build argument 'ament_cmake_args' from command line to 'None'
[2.548s] Level 5:colcon.colcon_core.verb:set package 'my_message' build argument 'catkin_cmake_args' from command line to 'None'
[2.548s] Level 5:colcon.colcon_core.verb:set package 'my_message' build argument 'catkin_skip_building_tests' from command line to 'False'
[2.548s] DEBUG:colcon.colcon_core.verb:Building package 'my_message' with the following arguments: {'ament_cmake_args': None, 'build_base': '/home/ice/polaris-bot/ros2_ws/build/my_message', 'catkin_cmake_args': None, 'catkin_skip_building_tests': False, 'cmake_args': None, 'cmake_clean_cache': False, 'cmake_clean_first': False, 'cmake_force_configure': False, 'cmake_target': None, 'cmake_target_skip_unavailable': False, 'install_base': '/home/ice/polaris-bot/ros2_ws/install/my_message', 'merge_install': False, 'path': '/home/ice/polaris-bot/ros2_ws/src/my_message', 'symlink_install': False, 'test_result_base': None}
[2.575s] Level 5:colcon.colcon_core.verb:set package 'services' build argument 'cmake_args' from command line to 'None'
[2.575s] Level 5:colcon.colcon_core.verb:set package 'services' build argument 'cmake_target' from command line to 'None'
[2.575s] Level 5:colcon.colcon_core.verb:set package 'services' build argument 'cmake_target_skip_unavailable' from command line to 'False'
[2.575s] Level 5:colcon.colcon_core.verb:set package 'services' build argument 'cmake_clean_cache' from command line to 'False'
[2.576s] Level 5:colcon.colcon_core.verb:set package 'services' build argument 'cmake_clean_first' from command line to 'False'
[2.576s] Level 5:colcon.colcon_core.verb:set package 'services' build argument 'cmake_force_configure' from command line to 'False'
[2.576s] Level 5:colcon.colcon_core.verb:set package 'services' build argument 'ament_cmake_args' from command line to 'None'
[2.576s] Level 5:colcon.colcon_core.verb:set package 'services' build argument 'catkin_cmake_args' from command line to 'None'
[2.576s] Level 5:colcon.colcon_core.verb:set package 'services' build argument 'catkin_skip_building_tests' from command line to 'False'
[2.576s] DEBUG:colcon.colcon_core.verb:Building package 'services' with the following arguments: {'ament_cmake_args': None, 'build_base': '/home/ice/polaris-bot/ros2_ws/build/services', 'catkin_cmake_args': None, 'catkin_skip_building_tests': False, 'cmake_args': None, 'cmake_clean_cache': False, 'cmake_clean_first': False, 'cmake_force_configure': False, 'cmake_target': None, 'cmake_target_skip_unavailable': False, 'install_base': '/home/ice/polaris-bot/ros2_ws/install/services', 'merge_install': False, 'path': '/home/ice/polaris-bot/ros2_ws/src/services', 'symlink_install': False, 'test_result_base': None}
[2.597s] INFO:colcon.colcon_core.executor:Executing jobs using 'parallel' executor
[2.619s] DEBUG:colcon.colcon_parallel_executor.executor.parallel:run_until_complete
[2.619s] INFO:colcon.colcon_ros.task.ament_cmake.build:Building ROS package in '/home/ice/polaris-bot/ros2_ws/src/messages' with build type 'ament_cmake'
[2.619s] INFO:colcon.colcon_cmake.task.cmake.build:Building CMake package in '/home/ice/polaris-bot/ros2_ws/src/messages'
[2.657s] INFO:colcon.colcon_core.plugin_system:Skipping extension 'colcon_core.shell.bat': Not used on non-Windows systems
[2.657s] INFO:colcon.colcon_core.shell:Skip shell extension 'powershell' for command environment: Not usable outside of PowerShell
[2.657s] DEBUG:colcon.colcon_core.shell:Skip shell extension 'dsv' for command environment
[2.757s] INFO:colcon.colcon_ros.task.ament_cmake.build:Building ROS package in '/home/ice/polaris-bot/ros2_ws/src/my_message' with build type 'ament_cmake'
[2.758s] INFO:colcon.colcon_cmake.task.cmake.build:Building CMake package in '/home/ice/polaris-bot/ros2_ws/src/my_message'
[2.815s] INFO:colcon.colcon_core.shell:Skip shell extension 'powershell' for command environment: Not usable outside of PowerShell
[2.815s] DEBUG:colcon.colcon_core.shell:Skip shell extension 'dsv' for command environment
[2.968s] DEBUG:colcon.colcon_core.event_handler.log_command:Invoking command in '/home/ice/polaris-bot/ros2_ws/build/messages': CMAKE_PREFIX_PATH=${CMAKE_PREFIX_PATH}:/home/ice/polaris_ws/install/test_pkg:/opt/ros/humble /usr/bin/cmake --build /home/ice/polaris-bot/ros2_ws/build/messages -- -j2 -l2
[2.997s] DEBUG:colcon.colcon_core.event_handler.log_command:Invoking command in '/home/ice/polaris-bot/ros2_ws/build/my_message': CMAKE_PREFIX_PATH=${CMAKE_PREFIX_PATH}:/home/ice/polaris_ws/install/test_pkg:/opt/ros/humble /usr/bin/cmake --build /home/ice/polaris-bot/ros2_ws/build/my_message -- -j2 -l2
[3.063s] DEBUG:colcon.colcon_core.event_handler.log_command:Invoked command in '/home/ice/polaris-bot/ros2_ws/build/messages' returned '2': CMAKE_PREFIX_PATH=${CMAKE_PREFIX_PATH}:/home/ice/polaris_ws/install/test_pkg:/opt/ros/humble /usr/bin/cmake --build /home/ice/polaris-bot/ros2_ws/build/messages -- -j2 -l2
[4.125s] Level 1:colcon.colcon_core.environment:create_environment_scripts_only(messages)
[4.155s] Level 1:colcon.colcon_core.environment:checking '/home/ice/polaris-bot/ros2_ws/install/messages' for CMake module files
[4.156s] Level 1:colcon.colcon_core.environment:checking '/home/ice/polaris-bot/ros2_ws/install/messages' for CMake config files
[4.157s] Level 1:colcon.colcon_core.shell:create_environment_hook('messages', 'cmake_prefix_path')
[4.258s] INFO:colcon.colcon_core.shell:Creating environment hook '/home/ice/polaris-bot/ros2_ws/install/messages/share/messages/hook/cmake_prefix_path.ps1'
[4.275s] INFO:colcon.colcon_core.shell:Creating environment descriptor '/home/ice/polaris-bot/ros2_ws/install/messages/share/messages/hook/cmake_prefix_path.dsv'
[4.282s] INFO:colcon.colcon_core.shell:Creating environment hook '/home/ice/polaris-bot/ros2_ws/install/messages/share/messages/hook/cmake_prefix_path.sh'
[4.285s] Level 1:colcon.colcon_core.environment:checking '/home/ice/polaris-bot/ros2_ws/install/messages/lib'
[4.286s] Level 1:colcon.colcon_core.shell:create_environment_hook('messages', 'ld_library_path_lib')
[4.356s] INFO:colcon.colcon_core.shell:Creating environment hook '/home/ice/polaris-bot/ros2_ws/install/messages/share/messages/hook/ld_library_path_lib.ps1'
[4.357s] INFO:colcon.colcon_core.shell:Creating environment descriptor '/home/ice/polaris-bot/ros2_ws/install/messages/share/messages/hook/ld_library_path_lib.dsv'
[4.362s] INFO:colcon.colcon_core.shell:Creating environment hook '/home/ice/polaris-bot/ros2_ws/install/messages/share/messages/hook/ld_library_path_lib.sh'
[4.367s] Level 1:colcon.colcon_core.environment:checking '/home/ice/polaris-bot/ros2_ws/install/messages/bin'
[4.367s] Level 1:colcon.colcon_core.environment:checking '/home/ice/polaris-bot/ros2_ws/install/messages/lib/pkgconfig/messages.pc'
[4.368s] Level 1:colcon.colcon_core.environment:checking '/home/ice/polaris-bot/ros2_ws/install/messages/lib/python3.10/site-packages'
[4.368s] Level 1:colcon.colcon_core.environment:checking '/home/ice/polaris-bot/ros2_ws/install/messages/bin'
[4.478s] INFO:colcon.colcon_core.shell:Creating package script '/home/ice/polaris-bot/ros2_ws/install/messages/share/messages/package.ps1'
[4.481s] INFO:colcon.colcon_core.shell:Creating package descriptor '/home/ice/polaris-bot/ros2_ws/install/messages/share/messages/package.dsv'
[4.483s] INFO:colcon.colcon_core.shell:Creating package script '/home/ice/polaris-bot/ros2_ws/install/messages/share/messages/package.sh'
[4.486s] INFO:colcon.colcon_core.shell:Creating package script '/home/ice/polaris-bot/ros2_ws/install/messages/share/messages/package.bash'
[4.506s] INFO:colcon.colcon_core.shell:Creating package script '/home/ice/polaris-bot/ros2_ws/install/messages/share/messages/package.zsh'
[4.514s] Level 1:colcon.colcon_core.environment:create_file_with_runtime_dependencies(/home/ice/polaris-bot/ros2_ws/install/messages/share/colcon-core/packages/messages)
[11.157s] DEBUG:colcon.colcon_parallel_executor.executor.parallel:closing loop
[11.157s] DEBUG:colcon.colcon_parallel_executor.executor.parallel:loop closed
[11.157s] DEBUG:colcon.colcon_parallel_executor.executor.parallel:run_until_complete finished with '2'
[11.157s] DEBUG:colcon.colcon_core.event_reactor:joining thread
[11.200s] INFO:colcon.colcon_core.plugin_system:Skipping extension 'colcon_notification.desktop_notification.terminal_notifier': Not used on non-Darwin systems
[11.201s] INFO:colcon.colcon_core.plugin_system:Skipping extension 'colcon_notification.desktop_notification.win32': Not used on non-Windows systems
[11.201s] INFO:colcon.colcon_notification.desktop_notification:Sending desktop notification using 'notify2'
[11.251s] DEBUG:colcon.colcon_core.event_reactor:joined thread
[11.283s] INFO:colcon.colcon_core.shell:Creating prefix script '/home/ice/polaris-bot/ros2_ws/install/local_setup.ps1'
[11.285s] INFO:colcon.colcon_core.shell:Creating prefix util module '/home/ice/polaris-bot/ros2_ws/install/_local_setup_util_ps1.py'
[11.287s] INFO:colcon.colcon_core.shell:Creating prefix chain script '/home/ice/polaris-bot/ros2_ws/install/setup.ps1'
[11.319s] INFO:colcon.colcon_core.shell:Creating prefix script '/home/ice/polaris-bot/ros2_ws/install/local_setup.sh'
[11.320s] INFO:colcon.colcon_core.shell:Creating prefix util module '/home/ice/polaris-bot/ros2_ws/install/_local_setup_util_sh.py'
[11.322s] INFO:colcon.colcon_core.shell:Creating prefix chain script '/home/ice/polaris-bot/ros2_ws/install/setup.sh'
[11.350s] INFO:colcon.colcon_core.shell:Creating prefix script '/home/ice/polaris-bot/ros2_ws/install/local_setup.bash'
[11.352s] INFO:colcon.colcon_core.shell:Creating prefix chain script '/home/ice/polaris-bot/ros2_ws/install/setup.bash'
[11.378s] INFO:colcon.colcon_core.shell:Creating prefix script '/home/ice/polaris-bot/ros2_ws/install/local_setup.zsh'
[11.379s] INFO:colcon.colcon_core.shell:Creating prefix chain script '/home/ice/polaris-bot/ros2_ws/install/setup.zsh'
