[0.367s] Invoking command in '/home/ice/polaris-bot/ros2_ws/build/messages': CMAKE_PREFIX_PATH=${CMAKE_PREFIX_PATH}:/opt/ros/humble /usr/bin/cmake --build /home/ice/polaris-bot/ros2_ws/build/messages -- -j2 -l2
[0.601s] [ 10%] Built target messages__rosidl_generator_c
[0.762s] [ 12%] Built target messages__cpp
[0.959s] [ 12%] Built target ament_cmake_python_copy_messages
[1.121s] [ 23%] Built target messages__rosidl_typesupport_fastrtps_c
[1.224s] [ 33%] Built target messages__rosidl_typesupport_introspection_c
[1.348s] [ 43%] Built target messages__rosidl_typesupport_c
[1.593s] [ 53%] Built target messages__rosidl_typesupport_fastrtps_cpp
[1.765s] [ 64%] Built target messages__rosidl_typesupport_introspection_cpp
[1.914s] [ 74%] Built target messages__rosidl_typesupport_cpp
[2.663s] running egg_info
[2.663s] writing messages.egg-info/PKG-INFO
[2.663s] writing dependency_links to messages.egg-info/dependency_links.txt
[2.664s] writing top-level names to messages.egg-info/top_level.txt
[2.670s] reading manifest file 'messages.egg-info/SOURCES.txt'
[2.671s] writing manifest file 'messages.egg-info/SOURCES.txt'
[2.719s] [ 74%] Built target ament_cmake_python_build_messages_egg
[2.814s] [ 74%] Built target messages
[2.896s] [ 76%] Built target messages__py
[2.994s] [ 84%] Built target messages__rosidl_generator_py
[3.084s] [ 89%] Built target messages__rosidl_typesupport_fastrtps_c__pyext
[3.139s] [ 94%] Built target messages__rosidl_typesupport_introspection_c__pyext
[3.202s] [100%] Built target messages__rosidl_typesupport_c__pyext
[3.255s] Invoked command in '/home/ice/polaris-bot/ros2_ws/build/messages' returned '0': CMAKE_PREFIX_PATH=${CMAKE_PREFIX_PATH}:/opt/ros/humble /usr/bin/cmake --build /home/ice/polaris-bot/ros2_ws/build/messages -- -j2 -l2
[3.708s] Invoking command in '/home/ice/polaris-bot/ros2_ws/build/messages': CMAKE_PREFIX_PATH=${CMAKE_PREFIX_PATH}:/opt/ros/humble /usr/bin/cmake --install /home/ice/polaris-bot/ros2_ws/build/messages
[3.725s] -- Install configuration: ""
[3.727s] -- Up-to-date: /home/ice/polaris-bot/ros2_ws/install/messages/share/ament_index/resource_index/rosidl_interfaces/messages
[3.728s] -- Up-to-date: /home/ice/polaris-bot/ros2_ws/install/messages/include/messages/messages
[3.728s] -- Up-to-date: /home/ice/polaris-bot/ros2_ws/install/messages/include/messages/messages/msg
[3.728s] -- Up-to-date: /home/ice/polaris-bot/ros2_ws/install/messages/include/messages/messages/msg/encoder_feed_back.h
[3.729s] -- Up-to-date: /home/ice/polaris-bot/ros2_ws/install/messages/include/messages/messages/msg/detail
[3.729s] -- Up-to-date: /home/ice/polaris-bot/ros2_ws/install/messages/include/messages/messages/msg/detail/motor_robot_speed__functions.h
[3.730s] -- Up-to-date: /home/ice/polaris-bot/ros2_ws/install/messages/include/messages/messages/msg/detail/motor_robot_speed__type_support.h
[3.730s] -- Up-to-date: /home/ice/polaris-bot/ros2_ws/install/messages/include/messages/messages/msg/detail/motor_robot_speed__struct.h
[3.730s] -- Up-to-date: /home/ice/polaris-bot/ros2_ws/install/messages/include/messages/messages/msg/detail/encoder_feed_back__functions.h
[3.731s] -- Up-to-date: /home/ice/polaris-bot/ros2_ws/install/messages/include/messages/messages/msg/detail/encoder_feed_back__struct.h
[3.731s] -- Up-to-date: /home/ice/polaris-bot/ros2_ws/install/messages/include/messages/messages/msg/detail/encoder_feed_back__type_support.h
[3.732s] -- Up-to-date: /home/ice/polaris-bot/ros2_ws/install/messages/include/messages/messages/msg/detail/encoder_feed_back__functions.c
[3.732s] -- Up-to-date: /home/ice/polaris-bot/ros2_ws/install/messages/include/messages/messages/msg/detail/motor_robot_speed__functions.c
[3.733s] -- Up-to-date: /home/ice/polaris-bot/ros2_ws/install/messages/include/messages/messages/msg/motor_robot_speed.h
[3.733s] -- Up-to-date: /home/ice/polaris-bot/ros2_ws/install/messages/include/messages/messages/msg/rosidl_generator_c__visibility_control.h
[3.734s] -- Up-to-date: /home/ice/polaris-bot/ros2_ws/install/messages/share/messages/environment/library_path.sh
[3.734s] -- Up-to-date: /home/ice/polaris-bot/ros2_ws/install/messages/share/messages/environment/library_path.dsv
[3.735s] -- Up-to-date: /home/ice/polaris-bot/ros2_ws/install/messages/lib/libmessages__rosidl_generator_c.so
[3.736s] -- Up-to-date: /home/ice/polaris-bot/ros2_ws/install/messages/include/messages/messages
[3.736s] -- Up-to-date: /home/ice/polaris-bot/ros2_ws/install/messages/include/messages/messages/msg
[3.737s] -- Up-to-date: /home/ice/polaris-bot/ros2_ws/install/messages/include/messages/messages/msg/detail
[3.737s] -- Up-to-date: /home/ice/polaris-bot/ros2_ws/install/messages/include/messages/messages/msg/detail/encoder_feed_back__rosidl_typesupport_fastrtps_c.h
[3.738s] -- Up-to-date: /home/ice/polaris-bot/ros2_ws/install/messages/include/messages/messages/msg/detail/motor_robot_speed__rosidl_typesupport_fastrtps_c.h
[3.738s] -- Up-to-date: /home/ice/polaris-bot/ros2_ws/install/messages/include/messages/messages/msg/rosidl_typesupport_fastrtps_c__visibility_control.h
[3.739s] -- Up-to-date: /home/ice/polaris-bot/ros2_ws/install/messages/lib/libmessages__rosidl_typesupport_fastrtps_c.so
[3.740s] -- Up-to-date: /home/ice/polaris-bot/ros2_ws/install/messages/include/messages/messages
[3.740s] -- Up-to-date: /home/ice/polaris-bot/ros2_ws/install/messages/include/messages/messages/msg
[3.741s] -- Up-to-date: /home/ice/polaris-bot/ros2_ws/install/messages/include/messages/messages/msg/detail
[3.742s] -- Up-to-date: /home/ice/polaris-bot/ros2_ws/install/messages/include/messages/messages/msg/detail/motor_robot_speed__rosidl_typesupport_introspection_c.h
[3.742s] -- Up-to-date: /home/ice/polaris-bot/ros2_ws/install/messages/include/messages/messages/msg/detail/encoder_feed_back__type_support.c
[3.744s] -- Up-to-date: /home/ice/polaris-bot/ros2_ws/install/messages/include/messages/messages/msg/detail/motor_robot_speed__type_support.c
[3.744s] -- Up-to-date: /home/ice/polaris-bot/ros2_ws/install/messages/include/messages/messages/msg/detail/encoder_feed_back__rosidl_typesupport_introspection_c.h
[3.744s] -- Up-to-date: /home/ice/polaris-bot/ros2_ws/install/messages/include/messages/messages/msg/rosidl_typesupport_introspection_c__visibility_control.h
[3.745s] -- Up-to-date: /home/ice/polaris-bot/ros2_ws/install/messages/lib/libmessages__rosidl_typesupport_introspection_c.so
[3.746s] -- Up-to-date: /home/ice/polaris-bot/ros2_ws/install/messages/lib/libmessages__rosidl_typesupport_c.so
[3.747s] -- Up-to-date: /home/ice/polaris-bot/ros2_ws/install/messages/include/messages/messages
[3.747s] -- Up-to-date: /home/ice/polaris-bot/ros2_ws/install/messages/include/messages/messages/msg
[3.747s] -- Up-to-date: /home/ice/polaris-bot/ros2_ws/install/messages/include/messages/messages/msg/detail
[3.748s] -- Up-to-date: /home/ice/polaris-bot/ros2_ws/install/messages/include/messages/messages/msg/detail/encoder_feed_back__struct.hpp
[3.748s] -- Up-to-date: /home/ice/polaris-bot/ros2_ws/install/messages/include/messages/messages/msg/detail/encoder_feed_back__builder.hpp
[3.748s] -- Up-to-date: /home/ice/polaris-bot/ros2_ws/install/messages/include/messages/messages/msg/detail/motor_robot_speed__traits.hpp
[3.749s] -- Up-to-date: /home/ice/polaris-bot/ros2_ws/install/messages/include/messages/messages/msg/detail/encoder_feed_back__traits.hpp
[3.749s] -- Up-to-date: /home/ice/polaris-bot/ros2_ws/install/messages/include/messages/messages/msg/detail/motor_robot_speed__struct.hpp
[3.750s] -- Up-to-date: /home/ice/polaris-bot/ros2_ws/install/messages/include/messages/messages/msg/detail/motor_robot_speed__builder.hpp
[3.750s] -- Up-to-date: /home/ice/polaris-bot/ros2_ws/install/messages/include/messages/messages/msg/encoder_feed_back.hpp
[3.750s] -- Up-to-date: /home/ice/polaris-bot/ros2_ws/install/messages/include/messages/messages/msg/motor_robot_speed.hpp
[3.751s] -- Up-to-date: /home/ice/polaris-bot/ros2_ws/install/messages/include/messages/messages
[3.751s] -- Up-to-date: /home/ice/polaris-bot/ros2_ws/install/messages/include/messages/messages/msg
[3.751s] -- Up-to-date: /home/ice/polaris-bot/ros2_ws/install/messages/include/messages/messages/msg/detail
[3.752s] -- Up-to-date: /home/ice/polaris-bot/ros2_ws/install/messages/include/messages/messages/msg/detail/dds_fastrtps
[3.753s] -- Up-to-date: /home/ice/polaris-bot/ros2_ws/install/messages/include/messages/messages/msg/detail/encoder_feed_back__rosidl_typesupport_fastrtps_cpp.hpp
[3.753s] -- Up-to-date: /home/ice/polaris-bot/ros2_ws/install/messages/include/messages/messages/msg/detail/motor_robot_speed__rosidl_typesupport_fastrtps_cpp.hpp
[3.754s] -- Up-to-date: /home/ice/polaris-bot/ros2_ws/install/messages/include/messages/messages/msg/rosidl_typesupport_fastrtps_cpp__visibility_control.h
[3.755s] -- Up-to-date: /home/ice/polaris-bot/ros2_ws/install/messages/lib/libmessages__rosidl_typesupport_fastrtps_cpp.so
[3.756s] -- Up-to-date: /home/ice/polaris-bot/ros2_ws/install/messages/include/messages/messages
[3.756s] -- Up-to-date: /home/ice/polaris-bot/ros2_ws/install/messages/include/messages/messages/msg
[3.756s] -- Up-to-date: /home/ice/polaris-bot/ros2_ws/install/messages/include/messages/messages/msg/detail
[3.757s] -- Up-to-date: /home/ice/polaris-bot/ros2_ws/install/messages/include/messages/messages/msg/detail/encoder_feed_back__type_support.cpp
[3.757s] -- Up-to-date: /home/ice/polaris-bot/ros2_ws/install/messages/include/messages/messages/msg/detail/encoder_feed_back__rosidl_typesupport_introspection_cpp.hpp
[3.757s] -- Up-to-date: /home/ice/polaris-bot/ros2_ws/install/messages/include/messages/messages/msg/detail/motor_robot_speed__rosidl_typesupport_introspection_cpp.hpp
[3.758s] -- Up-to-date: /home/ice/polaris-bot/ros2_ws/install/messages/include/messages/messages/msg/detail/motor_robot_speed__type_support.cpp
[3.758s] -- Up-to-date: /home/ice/polaris-bot/ros2_ws/install/messages/lib/libmessages__rosidl_typesupport_introspection_cpp.so
[3.759s] -- Up-to-date: /home/ice/polaris-bot/ros2_ws/install/messages/lib/libmessages__rosidl_typesupport_cpp.so
[3.760s] -- Up-to-date: /home/ice/polaris-bot/ros2_ws/install/messages/share/messages/environment/pythonpath.sh
[3.760s] -- Up-to-date: /home/ice/polaris-bot/ros2_ws/install/messages/share/messages/environment/pythonpath.dsv
[3.760s] -- Up-to-date: /home/ice/polaris-bot/ros2_ws/install/messages/local/lib/python3.10/dist-packages/messages-0.0.0-py3.10.egg-info
[3.761s] -- Installing: /home/ice/polaris-bot/ros2_ws/install/messages/local/lib/python3.10/dist-packages/messages-0.0.0-py3.10.egg-info/top_level.txt
[3.762s] -- Installing: /home/ice/polaris-bot/ros2_ws/install/messages/local/lib/python3.10/dist-packages/messages-0.0.0-py3.10.egg-info/PKG-INFO
[3.762s] -- Installing: /home/ice/polaris-bot/ros2_ws/install/messages/local/lib/python3.10/dist-packages/messages-0.0.0-py3.10.egg-info/SOURCES.txt
[3.763s] -- Installing: /home/ice/polaris-bot/ros2_ws/install/messages/local/lib/python3.10/dist-packages/messages-0.0.0-py3.10.egg-info/dependency_links.txt
[3.764s] -- Up-to-date: /home/ice/polaris-bot/ros2_ws/install/messages/local/lib/python3.10/dist-packages/messages
[3.765s] -- Up-to-date: /home/ice/polaris-bot/ros2_ws/install/messages/local/lib/python3.10/dist-packages/messages/_messages_s.ep.rosidl_typesupport_fastrtps_c.c
[3.765s] -- Up-to-date: /home/ice/polaris-bot/ros2_ws/install/messages/local/lib/python3.10/dist-packages/messages/messages_s__rosidl_typesupport_introspection_c.cpython-310-x86_64-linux-gnu.so
[3.766s] -- Up-to-date: /home/ice/polaris-bot/ros2_ws/install/messages/local/lib/python3.10/dist-packages/messages/messages_s__rosidl_typesupport_c.cpython-310-x86_64-linux-gnu.so
[3.766s] -- Up-to-date: /home/ice/polaris-bot/ros2_ws/install/messages/local/lib/python3.10/dist-packages/messages/messages_s__rosidl_typesupport_fastrtps_c.cpython-310-x86_64-linux-gnu.so
[3.766s] -- Up-to-date: /home/ice/polaris-bot/ros2_ws/install/messages/local/lib/python3.10/dist-packages/messages/_messages_s.ep.rosidl_typesupport_introspection_c.c
[3.767s] -- Up-to-date: /home/ice/polaris-bot/ros2_ws/install/messages/local/lib/python3.10/dist-packages/messages/msg
[3.767s] -- Up-to-date: /home/ice/polaris-bot/ros2_ws/install/messages/local/lib/python3.10/dist-packages/messages/msg/_motor_robot_speed.py
[3.768s] -- Up-to-date: /home/ice/polaris-bot/ros2_ws/install/messages/local/lib/python3.10/dist-packages/messages/msg/_encoder_feed_back.py
[3.768s] -- Up-to-date: /home/ice/polaris-bot/ros2_ws/install/messages/local/lib/python3.10/dist-packages/messages/msg/_encoder_feed_back_s.c
[3.768s] -- Up-to-date: /home/ice/polaris-bot/ros2_ws/install/messages/local/lib/python3.10/dist-packages/messages/msg/__init__.py
[3.769s] -- Up-to-date: /home/ice/polaris-bot/ros2_ws/install/messages/local/lib/python3.10/dist-packages/messages/msg/_motor_robot_speed_s.c
[3.769s] -- Up-to-date: /home/ice/polaris-bot/ros2_ws/install/messages/local/lib/python3.10/dist-packages/messages/libmessages__rosidl_generator_py.so
[3.769s] -- Up-to-date: /home/ice/polaris-bot/ros2_ws/install/messages/local/lib/python3.10/dist-packages/messages/__init__.py
[3.770s] -- Up-to-date: /home/ice/polaris-bot/ros2_ws/install/messages/local/lib/python3.10/dist-packages/messages/_messages_s.ep.rosidl_typesupport_c.c
[3.869s] Listing '/home/ice/polaris-bot/ros2_ws/install/messages/local/lib/python3.10/dist-packages/messages'...
[3.869s] Listing '/home/ice/polaris-bot/ros2_ws/install/messages/local/lib/python3.10/dist-packages/messages/msg'...
[3.897s] -- Up-to-date: /home/ice/polaris-bot/ros2_ws/install/messages/local/lib/python3.10/dist-packages/messages/messages_s__rosidl_typesupport_fastrtps_c.cpython-310-x86_64-linux-gnu.so
[3.898s] -- Up-to-date: /home/ice/polaris-bot/ros2_ws/install/messages/local/lib/python3.10/dist-packages/messages/messages_s__rosidl_typesupport_introspection_c.cpython-310-x86_64-linux-gnu.so
[3.903s] -- Up-to-date: /home/ice/polaris-bot/ros2_ws/install/messages/local/lib/python3.10/dist-packages/messages/messages_s__rosidl_typesupport_c.cpython-310-x86_64-linux-gnu.so
[3.907s] -- Up-to-date: /home/ice/polaris-bot/ros2_ws/install/messages/lib/libmessages__rosidl_generator_py.so
[3.908s] -- Up-to-date: /home/ice/polaris-bot/ros2_ws/install/messages/share/messages/msg/MotorRobotSpeed.idl
[3.908s] -- Up-to-date: /home/ice/polaris-bot/ros2_ws/install/messages/share/messages/msg/EncoderFeedBack.idl
[3.909s] -- Up-to-date: /home/ice/polaris-bot/ros2_ws/install/messages/share/messages/msg/MotorRobotSpeed.msg
[3.909s] -- Up-to-date: /home/ice/polaris-bot/ros2_ws/install/messages/share/messages/msg/EncoderFeedBack.msg
[3.910s] -- Up-to-date: /home/ice/polaris-bot/ros2_ws/install/messages/share/ament_index/resource_index/package_run_dependencies/messages
[3.910s] -- Up-to-date: /home/ice/polaris-bot/ros2_ws/install/messages/share/ament_index/resource_index/parent_prefix_path/messages
[3.910s] -- Up-to-date: /home/ice/polaris-bot/ros2_ws/install/messages/share/messages/environment/ament_prefix_path.sh
[3.911s] -- Up-to-date: /home/ice/polaris-bot/ros2_ws/install/messages/share/messages/environment/ament_prefix_path.dsv
[3.911s] -- Up-to-date: /home/ice/polaris-bot/ros2_ws/install/messages/share/messages/environment/path.sh
[3.912s] -- Up-to-date: /home/ice/polaris-bot/ros2_ws/install/messages/share/messages/environment/path.dsv
[3.912s] -- Up-to-date: /home/ice/polaris-bot/ros2_ws/install/messages/share/messages/local_setup.bash
[3.912s] -- Up-to-date: /home/ice/polaris-bot/ros2_ws/install/messages/share/messages/local_setup.sh
[3.913s] -- Up-to-date: /home/ice/polaris-bot/ros2_ws/install/messages/share/messages/local_setup.zsh
[3.913s] -- Up-to-date: /home/ice/polaris-bot/ros2_ws/install/messages/share/messages/local_setup.dsv
[3.914s] -- Installing: /home/ice/polaris-bot/ros2_ws/install/messages/share/messages/package.dsv
[3.914s] -- Up-to-date: /home/ice/polaris-bot/ros2_ws/install/messages/share/ament_index/resource_index/packages/messages
[3.915s] -- Up-to-date: /home/ice/polaris-bot/ros2_ws/install/messages/share/messages/cmake/export_messages__rosidl_generator_cExport.cmake
[3.915s] -- Up-to-date: /home/ice/polaris-bot/ros2_ws/install/messages/share/messages/cmake/export_messages__rosidl_generator_cExport-noconfig.cmake
[3.916s] -- Up-to-date: /home/ice/polaris-bot/ros2_ws/install/messages/share/messages/cmake/export_messages__rosidl_typesupport_fastrtps_cExport.cmake
[3.916s] -- Up-to-date: /home/ice/polaris-bot/ros2_ws/install/messages/share/messages/cmake/export_messages__rosidl_typesupport_fastrtps_cExport-noconfig.cmake
[3.916s] -- Up-to-date: /home/ice/polaris-bot/ros2_ws/install/messages/share/messages/cmake/messages__rosidl_typesupport_introspection_cExport.cmake
[3.917s] -- Up-to-date: /home/ice/polaris-bot/ros2_ws/install/messages/share/messages/cmake/messages__rosidl_typesupport_introspection_cExport-noconfig.cmake
[3.917s] -- Up-to-date: /home/ice/polaris-bot/ros2_ws/install/messages/share/messages/cmake/messages__rosidl_typesupport_cExport.cmake
[3.918s] -- Up-to-date: /home/ice/polaris-bot/ros2_ws/install/messages/share/messages/cmake/messages__rosidl_typesupport_cExport-noconfig.cmake
[3.918s] -- Up-to-date: /home/ice/polaris-bot/ros2_ws/install/messages/share/messages/cmake/export_messages__rosidl_generator_cppExport.cmake
[3.919s] -- Up-to-date: /home/ice/polaris-bot/ros2_ws/install/messages/share/messages/cmake/export_messages__rosidl_typesupport_fastrtps_cppExport.cmake
[3.919s] -- Up-to-date: /home/ice/polaris-bot/ros2_ws/install/messages/share/messages/cmake/export_messages__rosidl_typesupport_fastrtps_cppExport-noconfig.cmake
[3.920s] -- Up-to-date: /home/ice/polaris-bot/ros2_ws/install/messages/share/messages/cmake/messages__rosidl_typesupport_introspection_cppExport.cmake
[3.920s] -- Up-to-date: /home/ice/polaris-bot/ros2_ws/install/messages/share/messages/cmake/messages__rosidl_typesupport_introspection_cppExport-noconfig.cmake
[3.921s] -- Up-to-date: /home/ice/polaris-bot/ros2_ws/install/messages/share/messages/cmake/messages__rosidl_typesupport_cppExport.cmake
[3.922s] -- Up-to-date: /home/ice/polaris-bot/ros2_ws/install/messages/share/messages/cmake/messages__rosidl_typesupport_cppExport-noconfig.cmake
[3.923s] -- Up-to-date: /home/ice/polaris-bot/ros2_ws/install/messages/share/messages/cmake/export_messages__rosidl_generator_pyExport.cmake
[3.923s] -- Up-to-date: /home/ice/polaris-bot/ros2_ws/install/messages/share/messages/cmake/export_messages__rosidl_generator_pyExport-noconfig.cmake
[3.924s] -- Up-to-date: /home/ice/polaris-bot/ros2_ws/install/messages/share/messages/cmake/rosidl_cmake-extras.cmake
[3.924s] -- Up-to-date: /home/ice/polaris-bot/ros2_ws/install/messages/share/messages/cmake/ament_cmake_export_include_directories-extras.cmake
[3.924s] -- Up-to-date: /home/ice/polaris-bot/ros2_ws/install/messages/share/messages/cmake/ament_cmake_export_libraries-extras.cmake
[3.924s] -- Up-to-date: /home/ice/polaris-bot/ros2_ws/install/messages/share/messages/cmake/ament_cmake_export_targets-extras.cmake
[3.925s] -- Up-to-date: /home/ice/polaris-bot/ros2_ws/install/messages/share/messages/cmake/rosidl_cmake_export_typesupport_targets-extras.cmake
[3.925s] -- Up-to-date: /home/ice/polaris-bot/ros2_ws/install/messages/share/messages/cmake/ament_cmake_export_dependencies-extras.cmake
[3.925s] -- Up-to-date: /home/ice/polaris-bot/ros2_ws/install/messages/share/messages/cmake/rosidl_cmake_export_typesupport_libraries-extras.cmake
[3.925s] -- Up-to-date: /home/ice/polaris-bot/ros2_ws/install/messages/share/messages/cmake/messagesConfig.cmake
[3.926s] -- Up-to-date: /home/ice/polaris-bot/ros2_ws/install/messages/share/messages/cmake/messagesConfig-version.cmake
[3.926s] -- Up-to-date: /home/ice/polaris-bot/ros2_ws/install/messages/share/messages/package.xml
[3.940s] Invoked command in '/home/ice/polaris-bot/ros2_ws/build/messages' returned '0': CMAKE_PREFIX_PATH=${CMAKE_PREFIX_PATH}:/opt/ros/humble /usr/bin/cmake --install /home/ice/polaris-bot/ros2_ws/build/messages
