[0.601s] Invoking command in '/home/ice/polaris-bot/ros2_ws/build/messages': CMAKE_PREFIX_PATH=${CMAKE_PREFIX_PATH}:/opt/ros/humble /usr/bin/cmake --build /home/ice/polaris-bot/ros2_ws/build/messages -- -j2 -l2
[0.792s] [35m[1mConsolidate compiler generated dependencies of target messages__rosidl_generator_c[0m
[0.904s] [ 10%] Built target messages__rosidl_generator_c
[0.978s] [ 12%] Built target messages__cpp
[1.149s] [35m[1mConsolidate compiler generated dependencies of target messages__rosidl_typesupport_fastrtps_c[0m
[1.249s] [ 12%] Built target ament_cmake_python_copy_messages
[1.264s] [ 23%] Built target messages__rosidl_typesupport_fastrtps_c
[1.348s] [35m[1mConsolidate compiler generated dependencies of target messages__rosidl_typesupport_introspection_c[0m
[1.348s] [35m[1mConsolidate compiler generated dependencies of target messages__rosidl_typesupport_c[0m
[1.453s] [ 33%] Built target messages__rosidl_typesupport_c
[1.495s] [ 43%] Built target messages__rosidl_typesupport_introspection_c
[1.529s] [35m[1mConsolidate compiler generated dependencies of target messages__rosidl_typesupport_fastrtps_cpp[0m
[1.688s] [35m[1mConsolidate compiler generated dependencies of target messages__rosidl_typesupport_introspection_cpp[0m
[1.792s] [ 53%] Built target messages__rosidl_typesupport_fastrtps_cpp
[1.870s] [ 64%] Built target messages__rosidl_typesupport_introspection_cpp
[1.907s] [35m[1mConsolidate compiler generated dependencies of target messages__rosidl_typesupport_cpp[0m
[2.030s] [ 74%] Built target messages__rosidl_typesupport_cpp
[2.147s] [ 74%] Built target messages
[2.269s] [ 76%] Built target messages__py
[2.314s] [35m[1mConsolidate compiler generated dependencies of target messages__rosidl_generator_py[0m
[2.356s] [ 84%] Built target messages__rosidl_generator_py
[2.553s] [35m[1mConsolidate compiler generated dependencies of target messages__rosidl_typesupport_fastrtps_c__pyext[0m
[2.890s] running egg_info
[2.891s] writing messages.egg-info/PKG-INFO
[2.891s] writing dependency_links to messages.egg-info/dependency_links.txt
[2.891s] writing top-level names to messages.egg-info/top_level.txt
[2.891s] reading manifest file 'messages.egg-info/SOURCES.txt'
[2.891s] writing manifest file 'messages.egg-info/SOURCES.txt'
[2.916s] [ 89%] Built target messages__rosidl_typesupport_fastrtps_c__pyext
[3.006s] [ 89%] Built target ament_cmake_python_build_messages_egg
[3.073s] [35m[1mConsolidate compiler generated dependencies of target messages__rosidl_typesupport_introspection_c__pyext[0m
[3.107s] [ 94%] Built target messages__rosidl_typesupport_introspection_c__pyext
[3.147s] [35m[1mConsolidate compiler generated dependencies of target messages__rosidl_typesupport_c__pyext[0m
[3.208s] [100%] Built target messages__rosidl_typesupport_c__pyext
[3.259s] Invoked command in '/home/ice/polaris-bot/ros2_ws/build/messages' returned '0': CMAKE_PREFIX_PATH=${CMAKE_PREFIX_PATH}:/opt/ros/humble /usr/bin/cmake --build /home/ice/polaris-bot/ros2_ws/build/messages -- -j2 -l2
[4.027s] Invoking command in '/home/ice/polaris-bot/ros2_ws/build/messages': CMAKE_PREFIX_PATH=${CMAKE_PREFIX_PATH}:/opt/ros/humble /usr/bin/cmake --install /home/ice/polaris-bot/ros2_ws/build/messages
[4.092s] -- Install configuration: ""
[4.092s] -- Up-to-date: /home/ice/polaris-bot/ros2_ws/install/messages/share/ament_index/resource_index/rosidl_interfaces/messages
[4.092s] -- Up-to-date: /home/ice/polaris-bot/ros2_ws/install/messages/include/messages/messages
[4.092s] -- Up-to-date: /home/ice/polaris-bot/ros2_ws/install/messages/include/messages/messages/msg
[4.093s] -- Up-to-date: /home/ice/polaris-bot/ros2_ws/install/messages/include/messages/messages/msg/encoder_feed_back.h
[4.093s] -- Up-to-date: /home/ice/polaris-bot/ros2_ws/install/messages/include/messages/messages/msg/detail
[4.093s] -- Up-to-date: /home/ice/polaris-bot/ros2_ws/install/messages/include/messages/messages/msg/detail/motor_robot_speed__functions.h
[4.093s] -- Up-to-date: /home/ice/polaris-bot/ros2_ws/install/messages/include/messages/messages/msg/detail/motor_robot_speed__type_support.h
[4.093s] -- Up-to-date: /home/ice/polaris-bot/ros2_ws/install/messages/include/messages/messages/msg/detail/motor_robot_speed__struct.h
[4.093s] -- Up-to-date: /home/ice/polaris-bot/ros2_ws/install/messages/include/messages/messages/msg/detail/encoder_feed_back__functions.h
[4.093s] -- Up-to-date: /home/ice/polaris-bot/ros2_ws/install/messages/include/messages/messages/msg/detail/encoder_feed_back__struct.h
[4.093s] -- Up-to-date: /home/ice/polaris-bot/ros2_ws/install/messages/include/messages/messages/msg/detail/encoder_feed_back__type_support.h
[4.093s] -- Up-to-date: /home/ice/polaris-bot/ros2_ws/install/messages/include/messages/messages/msg/detail/encoder_feed_back__functions.c
[4.093s] -- Up-to-date: /home/ice/polaris-bot/ros2_ws/install/messages/include/messages/messages/msg/detail/motor_robot_speed__functions.c
[4.094s] -- Up-to-date: /home/ice/polaris-bot/ros2_ws/install/messages/include/messages/messages/msg/motor_robot_speed.h
[4.094s] -- Up-to-date: /home/ice/polaris-bot/ros2_ws/install/messages/include/messages/messages/msg/rosidl_generator_c__visibility_control.h
[4.094s] -- Up-to-date: /home/ice/polaris-bot/ros2_ws/install/messages/share/messages/environment/library_path.sh
[4.094s] -- Up-to-date: /home/ice/polaris-bot/ros2_ws/install/messages/share/messages/environment/library_path.dsv
[4.094s] -- Up-to-date: /home/ice/polaris-bot/ros2_ws/install/messages/lib/libmessages__rosidl_generator_c.so
[4.094s] -- Up-to-date: /home/ice/polaris-bot/ros2_ws/install/messages/include/messages/messages
[4.095s] -- Up-to-date: /home/ice/polaris-bot/ros2_ws/install/messages/include/messages/messages/msg
[4.095s] -- Up-to-date: /home/ice/polaris-bot/ros2_ws/install/messages/include/messages/messages/msg/detail
[4.095s] -- Up-to-date: /home/ice/polaris-bot/ros2_ws/install/messages/include/messages/messages/msg/detail/encoder_feed_back__rosidl_typesupport_fastrtps_c.h
[4.095s] -- Up-to-date: /home/ice/polaris-bot/ros2_ws/install/messages/include/messages/messages/msg/detail/motor_robot_speed__rosidl_typesupport_fastrtps_c.h
[4.095s] -- Up-to-date: /home/ice/polaris-bot/ros2_ws/install/messages/include/messages/messages/msg/rosidl_typesupport_fastrtps_c__visibility_control.h
[4.096s] -- Up-to-date: /home/ice/polaris-bot/ros2_ws/install/messages/lib/libmessages__rosidl_typesupport_fastrtps_c.so
[4.096s] -- Up-to-date: /home/ice/polaris-bot/ros2_ws/install/messages/include/messages/messages
[4.096s] -- Up-to-date: /home/ice/polaris-bot/ros2_ws/install/messages/include/messages/messages/msg
[4.097s] -- Up-to-date: /home/ice/polaris-bot/ros2_ws/install/messages/include/messages/messages/msg/detail
[4.097s] -- Up-to-date: /home/ice/polaris-bot/ros2_ws/install/messages/include/messages/messages/msg/detail/motor_robot_speed__rosidl_typesupport_introspection_c.h
[4.098s] -- Up-to-date: /home/ice/polaris-bot/ros2_ws/install/messages/include/messages/messages/msg/detail/encoder_feed_back__type_support.c
[4.098s] -- Up-to-date: /home/ice/polaris-bot/ros2_ws/install/messages/include/messages/messages/msg/detail/motor_robot_speed__type_support.c
[4.098s] -- Up-to-date: /home/ice/polaris-bot/ros2_ws/install/messages/include/messages/messages/msg/detail/encoder_feed_back__rosidl_typesupport_introspection_c.h
[4.098s] -- Up-to-date: /home/ice/polaris-bot/ros2_ws/install/messages/include/messages/messages/msg/rosidl_typesupport_introspection_c__visibility_control.h
[4.098s] -- Up-to-date: /home/ice/polaris-bot/ros2_ws/install/messages/lib/libmessages__rosidl_typesupport_introspection_c.so
[4.099s] -- Up-to-date: /home/ice/polaris-bot/ros2_ws/install/messages/lib/libmessages__rosidl_typesupport_c.so
[4.099s] -- Up-to-date: /home/ice/polaris-bot/ros2_ws/install/messages/include/messages/messages
[4.099s] -- Up-to-date: /home/ice/polaris-bot/ros2_ws/install/messages/include/messages/messages/msg
[4.104s] -- Up-to-date: /home/ice/polaris-bot/ros2_ws/install/messages/include/messages/messages/msg/detail
[4.104s] -- Up-to-date: /home/ice/polaris-bot/ros2_ws/install/messages/include/messages/messages/msg/detail/encoder_feed_back__struct.hpp
[4.116s] -- Up-to-date: /home/ice/polaris-bot/ros2_ws/install/messages/include/messages/messages/msg/detail/encoder_feed_back__builder.hpp
[4.116s] -- Up-to-date: /home/ice/polaris-bot/ros2_ws/install/messages/include/messages/messages/msg/detail/motor_robot_speed__traits.hpp
[4.116s] -- Up-to-date: /home/ice/polaris-bot/ros2_ws/install/messages/include/messages/messages/msg/detail/encoder_feed_back__traits.hpp
[4.117s] -- Up-to-date: /home/ice/polaris-bot/ros2_ws/install/messages/include/messages/messages/msg/detail/motor_robot_speed__struct.hpp
[4.118s] -- Up-to-date: /home/ice/polaris-bot/ros2_ws/install/messages/include/messages/messages/msg/detail/motor_robot_speed__builder.hpp
[4.118s] -- Up-to-date: /home/ice/polaris-bot/ros2_ws/install/messages/include/messages/messages/msg/encoder_feed_back.hpp
[4.118s] -- Up-to-date: /home/ice/polaris-bot/ros2_ws/install/messages/include/messages/messages/msg/motor_robot_speed.hpp
[4.118s] -- Up-to-date: /home/ice/polaris-bot/ros2_ws/install/messages/include/messages/messages
[4.118s] -- Up-to-date: /home/ice/polaris-bot/ros2_ws/install/messages/include/messages/messages/msg
[4.118s] -- Up-to-date: /home/ice/polaris-bot/ros2_ws/install/messages/include/messages/messages/msg/detail
[4.118s] -- Up-to-date: /home/ice/polaris-bot/ros2_ws/install/messages/include/messages/messages/msg/detail/dds_fastrtps
[4.119s] -- Up-to-date: /home/ice/polaris-bot/ros2_ws/install/messages/include/messages/messages/msg/detail/encoder_feed_back__rosidl_typesupport_fastrtps_cpp.hpp
[4.119s] -- Up-to-date: /home/ice/polaris-bot/ros2_ws/install/messages/include/messages/messages/msg/detail/motor_robot_speed__rosidl_typesupport_fastrtps_cpp.hpp
[4.119s] -- Up-to-date: /home/ice/polaris-bot/ros2_ws/install/messages/include/messages/messages/msg/rosidl_typesupport_fastrtps_cpp__visibility_control.h
[4.119s] -- Up-to-date: /home/ice/polaris-bot/ros2_ws/install/messages/lib/libmessages__rosidl_typesupport_fastrtps_cpp.so
[4.119s] -- Up-to-date: /home/ice/polaris-bot/ros2_ws/install/messages/include/messages/messages
[4.119s] -- Up-to-date: /home/ice/polaris-bot/ros2_ws/install/messages/include/messages/messages/msg
[4.120s] -- Up-to-date: /home/ice/polaris-bot/ros2_ws/install/messages/include/messages/messages/msg/detail
[4.120s] -- Up-to-date: /home/ice/polaris-bot/ros2_ws/install/messages/include/messages/messages/msg/detail/encoder_feed_back__type_support.cpp
[4.120s] -- Up-to-date: /home/ice/polaris-bot/ros2_ws/install/messages/include/messages/messages/msg/detail/encoder_feed_back__rosidl_typesupport_introspection_cpp.hpp
[4.120s] -- Up-to-date: /home/ice/polaris-bot/ros2_ws/install/messages/include/messages/messages/msg/detail/motor_robot_speed__rosidl_typesupport_introspection_cpp.hpp
[4.121s] -- Up-to-date: /home/ice/polaris-bot/ros2_ws/install/messages/include/messages/messages/msg/detail/motor_robot_speed__type_support.cpp
[4.121s] -- Up-to-date: /home/ice/polaris-bot/ros2_ws/install/messages/lib/libmessages__rosidl_typesupport_introspection_cpp.so
[4.121s] -- Up-to-date: /home/ice/polaris-bot/ros2_ws/install/messages/lib/libmessages__rosidl_typesupport_cpp.so
[4.121s] -- Up-to-date: /home/ice/polaris-bot/ros2_ws/install/messages/share/messages/environment/pythonpath.sh
[4.121s] -- Up-to-date: /home/ice/polaris-bot/ros2_ws/install/messages/share/messages/environment/pythonpath.dsv
[4.121s] -- Up-to-date: /home/ice/polaris-bot/ros2_ws/install/messages/local/lib/python3.10/dist-packages/messages-0.0.0-py3.10.egg-info
[4.121s] -- Installing: /home/ice/polaris-bot/ros2_ws/install/messages/local/lib/python3.10/dist-packages/messages-0.0.0-py3.10.egg-info/top_level.txt
[4.122s] -- Installing: /home/ice/polaris-bot/ros2_ws/install/messages/local/lib/python3.10/dist-packages/messages-0.0.0-py3.10.egg-info/PKG-INFO
[4.122s] -- Installing: /home/ice/polaris-bot/ros2_ws/install/messages/local/lib/python3.10/dist-packages/messages-0.0.0-py3.10.egg-info/SOURCES.txt
[4.122s] -- Installing: /home/ice/polaris-bot/ros2_ws/install/messages/local/lib/python3.10/dist-packages/messages-0.0.0-py3.10.egg-info/dependency_links.txt
[4.122s] -- Up-to-date: /home/ice/polaris-bot/ros2_ws/install/messages/local/lib/python3.10/dist-packages/messages
[4.122s] -- Up-to-date: /home/ice/polaris-bot/ros2_ws/install/messages/local/lib/python3.10/dist-packages/messages/_messages_s.ep.rosidl_typesupport_fastrtps_c.c
[4.122s] -- Up-to-date: /home/ice/polaris-bot/ros2_ws/install/messages/local/lib/python3.10/dist-packages/messages/messages_s__rosidl_typesupport_introspection_c.cpython-310-x86_64-linux-gnu.so
[4.122s] -- Up-to-date: /home/ice/polaris-bot/ros2_ws/install/messages/local/lib/python3.10/dist-packages/messages/messages_s__rosidl_typesupport_c.cpython-310-x86_64-linux-gnu.so
[4.123s] -- Up-to-date: /home/ice/polaris-bot/ros2_ws/install/messages/local/lib/python3.10/dist-packages/messages/messages_s__rosidl_typesupport_fastrtps_c.cpython-310-x86_64-linux-gnu.so
[4.123s] -- Up-to-date: /home/ice/polaris-bot/ros2_ws/install/messages/local/lib/python3.10/dist-packages/messages/_messages_s.ep.rosidl_typesupport_introspection_c.c
[4.123s] -- Up-to-date: /home/ice/polaris-bot/ros2_ws/install/messages/local/lib/python3.10/dist-packages/messages/msg
[4.123s] -- Up-to-date: /home/ice/polaris-bot/ros2_ws/install/messages/local/lib/python3.10/dist-packages/messages/msg/_motor_robot_speed.py
[4.123s] -- Up-to-date: /home/ice/polaris-bot/ros2_ws/install/messages/local/lib/python3.10/dist-packages/messages/msg/_encoder_feed_back.py
[4.123s] -- Up-to-date: /home/ice/polaris-bot/ros2_ws/install/messages/local/lib/python3.10/dist-packages/messages/msg/_encoder_feed_back_s.c
[4.124s] -- Up-to-date: /home/ice/polaris-bot/ros2_ws/install/messages/local/lib/python3.10/dist-packages/messages/msg/__init__.py
[4.124s] -- Up-to-date: /home/ice/polaris-bot/ros2_ws/install/messages/local/lib/python3.10/dist-packages/messages/msg/_motor_robot_speed_s.c
[4.124s] -- Up-to-date: /home/ice/polaris-bot/ros2_ws/install/messages/local/lib/python3.10/dist-packages/messages/libmessages__rosidl_generator_py.so
[4.124s] -- Up-to-date: /home/ice/polaris-bot/ros2_ws/install/messages/local/lib/python3.10/dist-packages/messages/__init__.py
[4.124s] -- Up-to-date: /home/ice/polaris-bot/ros2_ws/install/messages/local/lib/python3.10/dist-packages/messages/_messages_s.ep.rosidl_typesupport_c.c
[4.173s] Listing '/home/ice/polaris-bot/ros2_ws/install/messages/local/lib/python3.10/dist-packages/messages'...
[4.174s] Listing '/home/ice/polaris-bot/ros2_ws/install/messages/local/lib/python3.10/dist-packages/messages/msg'...
[4.203s] -- Up-to-date: /home/ice/polaris-bot/ros2_ws/install/messages/local/lib/python3.10/dist-packages/messages/messages_s__rosidl_typesupport_fastrtps_c.cpython-310-x86_64-linux-gnu.so
[4.229s] -- Up-to-date: /home/ice/polaris-bot/ros2_ws/install/messages/local/lib/python3.10/dist-packages/messages/messages_s__rosidl_typesupport_introspection_c.cpython-310-x86_64-linux-gnu.so
[4.230s] -- Up-to-date: /home/ice/polaris-bot/ros2_ws/install/messages/local/lib/python3.10/dist-packages/messages/messages_s__rosidl_typesupport_c.cpython-310-x86_64-linux-gnu.so
[4.230s] -- Up-to-date: /home/ice/polaris-bot/ros2_ws/install/messages/lib/libmessages__rosidl_generator_py.so
[4.230s] -- Up-to-date: /home/ice/polaris-bot/ros2_ws/install/messages/share/messages/msg/MotorRobotSpeed.idl
[4.230s] -- Up-to-date: /home/ice/polaris-bot/ros2_ws/install/messages/share/messages/msg/EncoderFeedBack.idl
[4.230s] -- Up-to-date: /home/ice/polaris-bot/ros2_ws/install/messages/share/messages/msg/MotorRobotSpeed.msg
[4.230s] -- Up-to-date: /home/ice/polaris-bot/ros2_ws/install/messages/share/messages/msg/EncoderFeedBack.msg
[4.231s] -- Up-to-date: /home/ice/polaris-bot/ros2_ws/install/messages/share/ament_index/resource_index/package_run_dependencies/messages
[4.231s] -- Up-to-date: /home/ice/polaris-bot/ros2_ws/install/messages/share/ament_index/resource_index/parent_prefix_path/messages
[4.231s] -- Up-to-date: /home/ice/polaris-bot/ros2_ws/install/messages/share/messages/environment/ament_prefix_path.sh
[4.231s] -- Up-to-date: /home/ice/polaris-bot/ros2_ws/install/messages/share/messages/environment/ament_prefix_path.dsv
[4.231s] -- Up-to-date: /home/ice/polaris-bot/ros2_ws/install/messages/share/messages/environment/path.sh
[4.231s] -- Up-to-date: /home/ice/polaris-bot/ros2_ws/install/messages/share/messages/environment/path.dsv
[4.232s] -- Up-to-date: /home/ice/polaris-bot/ros2_ws/install/messages/share/messages/local_setup.bash
[4.232s] -- Up-to-date: /home/ice/polaris-bot/ros2_ws/install/messages/share/messages/local_setup.sh
[4.232s] -- Up-to-date: /home/ice/polaris-bot/ros2_ws/install/messages/share/messages/local_setup.zsh
[4.232s] -- Up-to-date: /home/ice/polaris-bot/ros2_ws/install/messages/share/messages/local_setup.dsv
[4.232s] -- Installing: /home/ice/polaris-bot/ros2_ws/install/messages/share/messages/package.dsv
[4.232s] -- Up-to-date: /home/ice/polaris-bot/ros2_ws/install/messages/share/ament_index/resource_index/packages/messages
[4.233s] -- Up-to-date: /home/ice/polaris-bot/ros2_ws/install/messages/share/messages/cmake/export_messages__rosidl_generator_cExport.cmake
[4.233s] -- Up-to-date: /home/ice/polaris-bot/ros2_ws/install/messages/share/messages/cmake/export_messages__rosidl_generator_cExport-noconfig.cmake
[4.240s] -- Up-to-date: /home/ice/polaris-bot/ros2_ws/install/messages/share/messages/cmake/export_messages__rosidl_typesupport_fastrtps_cExport.cmake
[4.240s] -- Up-to-date: /home/ice/polaris-bot/ros2_ws/install/messages/share/messages/cmake/export_messages__rosidl_typesupport_fastrtps_cExport-noconfig.cmake
[4.240s] -- Up-to-date: /home/ice/polaris-bot/ros2_ws/install/messages/share/messages/cmake/messages__rosidl_typesupport_introspection_cExport.cmake
[4.241s] -- Up-to-date: /home/ice/polaris-bot/ros2_ws/install/messages/share/messages/cmake/messages__rosidl_typesupport_introspection_cExport-noconfig.cmake
[4.241s] -- Up-to-date: /home/ice/polaris-bot/ros2_ws/install/messages/share/messages/cmake/messages__rosidl_typesupport_cExport.cmake
[4.241s] -- Up-to-date: /home/ice/polaris-bot/ros2_ws/install/messages/share/messages/cmake/messages__rosidl_typesupport_cExport-noconfig.cmake
[4.241s] -- Up-to-date: /home/ice/polaris-bot/ros2_ws/install/messages/share/messages/cmake/export_messages__rosidl_generator_cppExport.cmake
[4.241s] -- Up-to-date: /home/ice/polaris-bot/ros2_ws/install/messages/share/messages/cmake/export_messages__rosidl_typesupport_fastrtps_cppExport.cmake
[4.241s] -- Up-to-date: /home/ice/polaris-bot/ros2_ws/install/messages/share/messages/cmake/export_messages__rosidl_typesupport_fastrtps_cppExport-noconfig.cmake
[4.241s] -- Up-to-date: /home/ice/polaris-bot/ros2_ws/install/messages/share/messages/cmake/messages__rosidl_typesupport_introspection_cppExport.cmake
[4.241s] -- Up-to-date: /home/ice/polaris-bot/ros2_ws/install/messages/share/messages/cmake/messages__rosidl_typesupport_introspection_cppExport-noconfig.cmake
[4.242s] -- Up-to-date: /home/ice/polaris-bot/ros2_ws/install/messages/share/messages/cmake/messages__rosidl_typesupport_cppExport.cmake
[4.242s] -- Up-to-date: /home/ice/polaris-bot/ros2_ws/install/messages/share/messages/cmake/messages__rosidl_typesupport_cppExport-noconfig.cmake
[4.244s] -- Up-to-date: /home/ice/polaris-bot/ros2_ws/install/messages/share/messages/cmake/export_messages__rosidl_generator_pyExport.cmake
[4.244s] -- Up-to-date: /home/ice/polaris-bot/ros2_ws/install/messages/share/messages/cmake/export_messages__rosidl_generator_pyExport-noconfig.cmake
[4.244s] -- Up-to-date: /home/ice/polaris-bot/ros2_ws/install/messages/share/messages/cmake/rosidl_cmake-extras.cmake
[4.244s] -- Up-to-date: /home/ice/polaris-bot/ros2_ws/install/messages/share/messages/cmake/ament_cmake_export_include_directories-extras.cmake
[4.244s] -- Up-to-date: /home/ice/polaris-bot/ros2_ws/install/messages/share/messages/cmake/ament_cmake_export_libraries-extras.cmake
[4.245s] -- Up-to-date: /home/ice/polaris-bot/ros2_ws/install/messages/share/messages/cmake/ament_cmake_export_targets-extras.cmake
[4.245s] -- Up-to-date: /home/ice/polaris-bot/ros2_ws/install/messages/share/messages/cmake/rosidl_cmake_export_typesupport_targets-extras.cmake
[4.245s] -- Up-to-date: /home/ice/polaris-bot/ros2_ws/install/messages/share/messages/cmake/ament_cmake_export_dependencies-extras.cmake
[4.245s] -- Up-to-date: /home/ice/polaris-bot/ros2_ws/install/messages/share/messages/cmake/rosidl_cmake_export_typesupport_libraries-extras.cmake
[4.245s] -- Up-to-date: /home/ice/polaris-bot/ros2_ws/install/messages/share/messages/cmake/messagesConfig.cmake
[4.245s] -- Up-to-date: /home/ice/polaris-bot/ros2_ws/install/messages/share/messages/cmake/messagesConfig-version.cmake
[4.246s] -- Up-to-date: /home/ice/polaris-bot/ros2_ws/install/messages/share/messages/package.xml
[4.255s] Invoked command in '/home/ice/polaris-bot/ros2_ws/build/messages' returned '0': CMAKE_PREFIX_PATH=${CMAKE_PREFIX_PATH}:/opt/ros/humble /usr/bin/cmake --install /home/ice/polaris-bot/ros2_ws/build/messages
