[0.198s] Invoking command in '/home/ice/Documents/GitHub/polaris-bot/ros2_ws/build/services': CMAKE_PREFIX_PATH=${CMAKE_PREFIX_PATH}:/home/ice/polaris_ws/install/test_pkg:/opt/ros/humble /usr/bin/cmake /home/ice/Documents/GitHub/polaris-bot/ros2_ws/src/services -DCMAKE_INSTALL_PREFIX=/home/ice/Documents/GitHub/polaris-bot/ros2_ws/install/services
[0.732s] -- The C compiler identification is GNU 11.4.0
[1.184s] -- The CXX compiler identification is GNU 11.4.0
[1.237s] -- Detecting C compiler ABI info
[1.442s] -- Detecting C compiler ABI info - done
[1.461s] -- Check for working C compiler: /usr/bin/cc - skipped
[1.463s] -- Detecting C compile features
[1.464s] -- Detecting C compile features - done
[1.472s] -- Detecting CXX compiler ABI info
[1.692s] -- Detecting CXX compiler ABI info - done
[1.708s] -- Check for working CXX compiler: /usr/bin/c++ - skipped
[1.710s] -- Detecting CXX compile features
[1.711s] -- Detecting CXX compile features - done
[1.798s] -- Found ament_cmake: 1.3.7 (/opt/ros/humble/share/ament_cmake/cmake)
[2.241s] -- Found Python3: /usr/bin/python3.10 (found version "3.10.12") found components: Interpreter 
[2.615s] -- Found rosidl_default_generators: 1.2.0 (/opt/ros/humble/share/rosidl_default_generators/cmake)
[2.637s] -- Using all available rosidl_typesupport_c: rosidl_typesupport_fastrtps_c;rosidl_typesupport_introspection_c
[2.684s] -- Found rosidl_adapter: 3.1.5 (/opt/ros/humble/share/rosidl_adapter/cmake)
[2.948s] -- Using all available rosidl_typesupport_cpp: rosidl_typesupport_fastrtps_cpp;rosidl_typesupport_introspection_cpp
[3.709s] -- Found ament_cmake_ros: 0.10.0 (/opt/ros/humble/share/ament_cmake_ros/cmake)
[4.148s] -- Using all available rosidl_typesupport_c: rosidl_typesupport_fastrtps_c;rosidl_typesupport_introspection_c
[4.692s] -- Using all available rosidl_typesupport_cpp: rosidl_typesupport_fastrtps_cpp;rosidl_typesupport_introspection_cpp
[4.755s] -- Found PythonInterp: /usr/bin/python3 (found suitable version "3.10.12", minimum required is "3.6") 
[4.766s] -- Found python_cmake_module: 0.10.0 (/opt/ros/humble/share/python_cmake_module/cmake)
[4.865s] -- Found PythonLibs: /usr/lib/x86_64-linux-gnu/libpython3.10.so (found suitable version "3.10.12", minimum required is "3.5") 
[4.866s] -- Using PYTHON_EXECUTABLE: /usr/bin/python3
[4.867s] -- Using PYTHON_INCLUDE_DIRS: /usr/include/python3.10
[4.867s] -- Using PYTHON_LIBRARIES: /usr/lib/x86_64-linux-gnu/libpython3.10.so
[4.923s] -- Found PythonExtra: .so  
[4.996s] -- Found ament_lint_auto: 0.12.10 (/opt/ros/humble/share/ament_lint_auto/cmake)
[5.158s] -- Added test 'lint_cmake' to check CMake code style
[5.165s] -- Added test 'xmllint' to check XML markup files
[5.180s] -- Configuring done
[5.272s] -- Generating done
[5.280s] -- Build files have been written to: /home/ice/Documents/GitHub/polaris-bot/ros2_ws/build/services
[5.299s] Invoked command in '/home/ice/Documents/GitHub/polaris-bot/ros2_ws/build/services' returned '0': CMAKE_PREFIX_PATH=${CMAKE_PREFIX_PATH}:/home/ice/polaris_ws/install/test_pkg:/opt/ros/humble /usr/bin/cmake /home/ice/Documents/GitHub/polaris-bot/ros2_ws/src/services -DCMAKE_INSTALL_PREFIX=/home/ice/Documents/GitHub/polaris-bot/ros2_ws/install/services
[5.300s] Invoking command in '/home/ice/Documents/GitHub/polaris-bot/ros2_ws/build/services': CMAKE_PREFIX_PATH=${CMAKE_PREFIX_PATH}:/home/ice/polaris_ws/install/test_pkg:/opt/ros/humble /usr/bin/cmake --build /home/ice/Documents/GitHub/polaris-bot/ros2_ws/build/services -- -j2 -l2
[5.441s] [  3%] [34m[1mGenerating C code for ROS interfaces[0m
[5.614s] [  6%] [34m[1mGenerating C++ code for ROS interfaces[0m
[7.052s] [  9%] [32mBuilding C object CMakeFiles/services__rosidl_generator_c.dir/rosidl_generator_c/services/srv/detail/test_service__functions.c.o[0m
[7.060s] [  9%] Built target services__cpp
[7.313s] [ 12%] [32m[1mLinking C shared library libservices__rosidl_generator_c.so[0m
[7.332s] [ 12%] Built target ament_cmake_python_copy_services
[7.411s] [ 16%] [34m[1mGenerating C++ type support for eProsima Fast-RTPS[0m
[7.663s] [ 16%] Built target services__rosidl_generator_c
[7.916s] [ 19%] [34m[1mGenerating C++ introspection for ROS interfaces[0m
[8.469s] [ 22%] [32mBuilding CXX object CMakeFiles/services__rosidl_typesupport_fastrtps_cpp.dir/rosidl_typesupport_fastrtps_cpp/services/srv/detail/dds_fastrtps/test_service__type_support.cpp.o[0m
[9.084s] [ 25%] [32mBuilding CXX object CMakeFiles/services__rosidl_typesupport_introspection_cpp.dir/rosidl_typesupport_introspection_cpp/services/srv/detail/test_service__type_support.cpp.o[0m
[10.562s] [ 29%] [32m[1mLinking CXX shared library libservices__rosidl_typesupport_fastrtps_cpp.so[0m
[11.024s] [ 29%] Built target services__rosidl_typesupport_fastrtps_cpp
[11.049s] [ 32%] [34m[1mGenerating C++ type support dispatch for ROS interfaces[0m
[11.083s] [ 35%] [32m[1mLinking CXX shared library libservices__rosidl_typesupport_introspection_cpp.so[0m
[11.326s] [ 35%] Built target services__rosidl_typesupport_introspection_cpp
[11.468s] [ 38%] [34m[1mGenerating C type support for eProsima Fast-RTPS[0m
[12.249s] [ 41%] [32mBuilding CXX object CMakeFiles/services__rosidl_typesupport_cpp.dir/rosidl_typesupport_cpp/services/srv/test_service__type_support.cpp.o[0m
[12.627s] [ 45%] [32mBuilding CXX object CMakeFiles/services__rosidl_typesupport_fastrtps_c.dir/rosidl_typesupport_fastrtps_c/services/srv/detail/test_service__type_support_c.cpp.o[0m
[13.619s] [ 48%] [32m[1mLinking CXX shared library libservices__rosidl_typesupport_cpp.so[0m
[14.070s] [ 48%] Built target services__rosidl_typesupport_cpp
[14.156s] [ 51%] [34m[1mGenerating C introspection for ROS interfaces[0m
[14.186s] [ 54%] [32m[1mLinking CXX shared library libservices__rosidl_typesupport_fastrtps_c.so[0m
[14.538s] [ 54%] Built target services__rosidl_typesupport_fastrtps_c
[14.643s] [ 58%] [34m[1mGenerating C type support dispatch for ROS interfaces[0m
[15.156s] [ 61%] [32mBuilding C object CMakeFiles/services__rosidl_typesupport_introspection_c.dir/rosidl_typesupport_introspection_c/services/srv/detail/test_service__type_support.c.o[0m
[15.325s] [ 64%] [32mBuilding CXX object CMakeFiles/services__rosidl_typesupport_c.dir/rosidl_typesupport_c/services/srv/test_service__type_support.cpp.o[0m
[15.356s] [ 67%] [32m[1mLinking C shared library libservices__rosidl_typesupport_introspection_c.so[0m
[15.469s] [ 67%] Built target services__rosidl_typesupport_introspection_c
[15.558s] [ 70%] [32m[1mLinking CXX shared library libservices__rosidl_typesupport_c.so[0m
[15.783s] [ 70%] Built target services__rosidl_typesupport_c
[15.952s] [ 70%] Built target services
[16.038s] [ 74%] [34m[1mGenerating Python code for ROS interfaces[0m
[16.573s] running egg_info
[16.575s] creating services.egg-info
[16.576s] writing services.egg-info/PKG-INFO
[16.577s] writing dependency_links to services.egg-info/dependency_links.txt
[16.578s] writing top-level names to services.egg-info/top_level.txt
[16.580s] writing manifest file 'services.egg-info/SOURCES.txt'
[16.595s] reading manifest file 'services.egg-info/SOURCES.txt'
[16.597s] writing manifest file 'services.egg-info/SOURCES.txt'
[16.744s] [ 74%] Built target ament_cmake_python_build_services_egg
[17.085s] [ 74%] Built target services__py
[17.251s] [ 77%] [32mBuilding C object CMakeFiles/services__rosidl_generator_py.dir/rosidl_generator_py/services/srv/_test_service_s.c.o[0m
[17.474s] [ 80%] [32m[1mLinking C shared library rosidl_generator_py/services/libservices__rosidl_generator_py.so[0m
[17.617s] [ 80%] Built target services__rosidl_generator_py
[17.840s] [ 83%] [32mBuilding C object CMakeFiles/services__rosidl_typesupport_introspection_c__pyext.dir/rosidl_generator_py/services/_services_s.ep.rosidl_typesupport_introspection_c.c.o[0m
[17.874s] [ 87%] [32mBuilding C object CMakeFiles/services__rosidl_typesupport_fastrtps_c__pyext.dir/rosidl_generator_py/services/_services_s.ep.rosidl_typesupport_fastrtps_c.c.o[0m
[18.194s] [ 90%] [32m[1mLinking C shared library rosidl_generator_py/services/services_s__rosidl_typesupport_introspection_c.cpython-310-x86_64-linux-gnu.so[0m
[18.235s] [ 93%] [32m[1mLinking C shared library rosidl_generator_py/services/services_s__rosidl_typesupport_fastrtps_c.cpython-310-x86_64-linux-gnu.so[0m
[18.375s] [ 93%] Built target services__rosidl_typesupport_fastrtps_c__pyext
[18.442s] [ 93%] Built target services__rosidl_typesupport_introspection_c__pyext
[18.511s] [ 96%] [32mBuilding C object CMakeFiles/services__rosidl_typesupport_c__pyext.dir/rosidl_generator_py/services/_services_s.ep.rosidl_typesupport_c.c.o[0m
[18.739s] [100%] [32m[1mLinking C shared library rosidl_generator_py/services/services_s__rosidl_typesupport_c.cpython-310-x86_64-linux-gnu.so[0m
[18.875s] [100%] Built target services__rosidl_typesupport_c__pyext
[18.900s] Invoked command in '/home/ice/Documents/GitHub/polaris-bot/ros2_ws/build/services' returned '0': CMAKE_PREFIX_PATH=${CMAKE_PREFIX_PATH}:/home/ice/polaris_ws/install/test_pkg:/opt/ros/humble /usr/bin/cmake --build /home/ice/Documents/GitHub/polaris-bot/ros2_ws/build/services -- -j2 -l2
[19.595s] Invoking command in '/home/ice/Documents/GitHub/polaris-bot/ros2_ws/build/services': CMAKE_PREFIX_PATH=${CMAKE_PREFIX_PATH}:/home/ice/polaris_ws/install/test_pkg:/opt/ros/humble /usr/bin/cmake --install /home/ice/Documents/GitHub/polaris-bot/ros2_ws/build/services
[19.616s] -- Install configuration: ""
[19.617s] -- Installing: /home/ice/Documents/GitHub/polaris-bot/ros2_ws/install/services/share/ament_index/resource_index/rosidl_interfaces/services
[19.618s] -- Installing: /home/ice/Documents/GitHub/polaris-bot/ros2_ws/install/services/include/services/services
[19.618s] -- Installing: /home/ice/Documents/GitHub/polaris-bot/ros2_ws/install/services/include/services/services/srv
[19.618s] -- Installing: /home/ice/Documents/GitHub/polaris-bot/ros2_ws/install/services/include/services/services/srv/detail
[19.618s] -- Installing: /home/ice/Documents/GitHub/polaris-bot/ros2_ws/install/services/include/services/services/srv/detail/test_service__functions.c
[19.618s] -- Installing: /home/ice/Documents/GitHub/polaris-bot/ros2_ws/install/services/include/services/services/srv/detail/test_service__functions.h
[19.619s] -- Installing: /home/ice/Documents/GitHub/polaris-bot/ros2_ws/install/services/include/services/services/srv/detail/test_service__type_support.h
[19.619s] -- Installing: /home/ice/Documents/GitHub/polaris-bot/ros2_ws/install/services/include/services/services/srv/detail/test_service__struct.h
[19.619s] -- Installing: /home/ice/Documents/GitHub/polaris-bot/ros2_ws/install/services/include/services/services/srv/test_service.h
[19.619s] -- Installing: /home/ice/Documents/GitHub/polaris-bot/ros2_ws/install/services/include/services/services/msg
[19.619s] -- Installing: /home/ice/Documents/GitHub/polaris-bot/ros2_ws/install/services/include/services/services/msg/rosidl_generator_c__visibility_control.h
[19.619s] -- Installing: /home/ice/Documents/GitHub/polaris-bot/ros2_ws/install/services/share/services/environment/library_path.sh
[19.620s] -- Installing: /home/ice/Documents/GitHub/polaris-bot/ros2_ws/install/services/share/services/environment/library_path.dsv
[19.620s] -- Installing: /home/ice/Documents/GitHub/polaris-bot/ros2_ws/install/services/lib/libservices__rosidl_generator_c.so
[19.621s] -- Set runtime path of "/home/ice/Documents/GitHub/polaris-bot/ros2_ws/install/services/lib/libservices__rosidl_generator_c.so" to ""
[19.621s] -- Up-to-date: /home/ice/Documents/GitHub/polaris-bot/ros2_ws/install/services/include/services/services
[19.621s] -- Up-to-date: /home/ice/Documents/GitHub/polaris-bot/ros2_ws/install/services/include/services/services/srv
[19.622s] -- Up-to-date: /home/ice/Documents/GitHub/polaris-bot/ros2_ws/install/services/include/services/services/srv/detail
[19.622s] -- Installing: /home/ice/Documents/GitHub/polaris-bot/ros2_ws/install/services/include/services/services/srv/detail/test_service__rosidl_typesupport_fastrtps_c.h
[19.622s] -- Up-to-date: /home/ice/Documents/GitHub/polaris-bot/ros2_ws/install/services/include/services/services/msg
[19.622s] -- Installing: /home/ice/Documents/GitHub/polaris-bot/ros2_ws/install/services/include/services/services/msg/rosidl_typesupport_fastrtps_c__visibility_control.h
[19.622s] -- Installing: /home/ice/Documents/GitHub/polaris-bot/ros2_ws/install/services/lib/libservices__rosidl_typesupport_fastrtps_c.so
[19.643s] -- Set runtime path of "/home/ice/Documents/GitHub/polaris-bot/ros2_ws/install/services/lib/libservices__rosidl_typesupport_fastrtps_c.so" to ""
[19.644s] -- Up-to-date: /home/ice/Documents/GitHub/polaris-bot/ros2_ws/install/services/include/services/services
[19.644s] -- Up-to-date: /home/ice/Documents/GitHub/polaris-bot/ros2_ws/install/services/include/services/services/srv
[19.644s] -- Up-to-date: /home/ice/Documents/GitHub/polaris-bot/ros2_ws/install/services/include/services/services/srv/detail
[19.645s] -- Installing: /home/ice/Documents/GitHub/polaris-bot/ros2_ws/install/services/include/services/services/srv/detail/test_service__rosidl_typesupport_introspection_c.h
[19.645s] -- Installing: /home/ice/Documents/GitHub/polaris-bot/ros2_ws/install/services/include/services/services/srv/detail/test_service__type_support.c
[19.646s] -- Up-to-date: /home/ice/Documents/GitHub/polaris-bot/ros2_ws/install/services/include/services/services/msg
[19.646s] -- Installing: /home/ice/Documents/GitHub/polaris-bot/ros2_ws/install/services/include/services/services/msg/rosidl_typesupport_introspection_c__visibility_control.h
[19.646s] -- Installing: /home/ice/Documents/GitHub/polaris-bot/ros2_ws/install/services/lib/libservices__rosidl_typesupport_introspection_c.so
[19.647s] -- Set runtime path of "/home/ice/Documents/GitHub/polaris-bot/ros2_ws/install/services/lib/libservices__rosidl_typesupport_introspection_c.so" to ""
[19.648s] -- Installing: /home/ice/Documents/GitHub/polaris-bot/ros2_ws/install/services/lib/libservices__rosidl_typesupport_c.so
[19.648s] -- Set runtime path of "/home/ice/Documents/GitHub/polaris-bot/ros2_ws/install/services/lib/libservices__rosidl_typesupport_c.so" to ""
[19.649s] -- Up-to-date: /home/ice/Documents/GitHub/polaris-bot/ros2_ws/install/services/include/services/services
[19.650s] -- Up-to-date: /home/ice/Documents/GitHub/polaris-bot/ros2_ws/install/services/include/services/services/srv
[19.650s] -- Up-to-date: /home/ice/Documents/GitHub/polaris-bot/ros2_ws/install/services/include/services/services/srv/detail
[19.650s] -- Installing: /home/ice/Documents/GitHub/polaris-bot/ros2_ws/install/services/include/services/services/srv/detail/test_service__struct.hpp
[19.651s] -- Installing: /home/ice/Documents/GitHub/polaris-bot/ros2_ws/install/services/include/services/services/srv/detail/test_service__builder.hpp
[19.651s] -- Installing: /home/ice/Documents/GitHub/polaris-bot/ros2_ws/install/services/include/services/services/srv/detail/test_service__traits.hpp
[19.651s] -- Installing: /home/ice/Documents/GitHub/polaris-bot/ros2_ws/install/services/include/services/services/srv/test_service.hpp
[19.651s] -- Up-to-date: /home/ice/Documents/GitHub/polaris-bot/ros2_ws/install/services/include/services/services
[19.651s] -- Up-to-date: /home/ice/Documents/GitHub/polaris-bot/ros2_ws/install/services/include/services/services/srv
[19.651s] -- Up-to-date: /home/ice/Documents/GitHub/polaris-bot/ros2_ws/install/services/include/services/services/srv/detail
[19.651s] -- Installing: /home/ice/Documents/GitHub/polaris-bot/ros2_ws/install/services/include/services/services/srv/detail/dds_fastrtps
[19.652s] -- Installing: /home/ice/Documents/GitHub/polaris-bot/ros2_ws/install/services/include/services/services/srv/detail/test_service__rosidl_typesupport_fastrtps_cpp.hpp
[19.652s] -- Up-to-date: /home/ice/Documents/GitHub/polaris-bot/ros2_ws/install/services/include/services/services/msg
[19.653s] -- Installing: /home/ice/Documents/GitHub/polaris-bot/ros2_ws/install/services/include/services/services/msg/rosidl_typesupport_fastrtps_cpp__visibility_control.h
[19.653s] -- Installing: /home/ice/Documents/GitHub/polaris-bot/ros2_ws/install/services/lib/libservices__rosidl_typesupport_fastrtps_cpp.so
[19.653s] -- Set runtime path of "/home/ice/Documents/GitHub/polaris-bot/ros2_ws/install/services/lib/libservices__rosidl_typesupport_fastrtps_cpp.so" to ""
[19.656s] -- Up-to-date: /home/ice/Documents/GitHub/polaris-bot/ros2_ws/install/services/include/services/services
[19.656s] -- Up-to-date: /home/ice/Documents/GitHub/polaris-bot/ros2_ws/install/services/include/services/services/srv
[19.656s] -- Up-to-date: /home/ice/Documents/GitHub/polaris-bot/ros2_ws/install/services/include/services/services/srv/detail
[19.657s] -- Installing: /home/ice/Documents/GitHub/polaris-bot/ros2_ws/install/services/include/services/services/srv/detail/test_service__type_support.cpp
[19.657s] -- Installing: /home/ice/Documents/GitHub/polaris-bot/ros2_ws/install/services/include/services/services/srv/detail/test_service__rosidl_typesupport_introspection_cpp.hpp
[19.657s] -- Installing: /home/ice/Documents/GitHub/polaris-bot/ros2_ws/install/services/lib/libservices__rosidl_typesupport_introspection_cpp.so
[19.658s] -- Set runtime path of "/home/ice/Documents/GitHub/polaris-bot/ros2_ws/install/services/lib/libservices__rosidl_typesupport_introspection_cpp.so" to ""
[19.658s] -- Installing: /home/ice/Documents/GitHub/polaris-bot/ros2_ws/install/services/lib/libservices__rosidl_typesupport_cpp.so
[19.658s] -- Set runtime path of "/home/ice/Documents/GitHub/polaris-bot/ros2_ws/install/services/lib/libservices__rosidl_typesupport_cpp.so" to ""
[19.658s] -- Installing: /home/ice/Documents/GitHub/polaris-bot/ros2_ws/install/services/share/services/environment/pythonpath.sh
[19.659s] -- Installing: /home/ice/Documents/GitHub/polaris-bot/ros2_ws/install/services/share/services/environment/pythonpath.dsv
[19.659s] -- Installing: /home/ice/Documents/GitHub/polaris-bot/ros2_ws/install/services/local/lib/python3.10/dist-packages/services-0.0.0-py3.10.egg-info
[19.659s] -- Installing: /home/ice/Documents/GitHub/polaris-bot/ros2_ws/install/services/local/lib/python3.10/dist-packages/services-0.0.0-py3.10.egg-info/top_level.txt
[19.659s] -- Installing: /home/ice/Documents/GitHub/polaris-bot/ros2_ws/install/services/local/lib/python3.10/dist-packages/services-0.0.0-py3.10.egg-info/PKG-INFO
[19.659s] -- Installing: /home/ice/Documents/GitHub/polaris-bot/ros2_ws/install/services/local/lib/python3.10/dist-packages/services-0.0.0-py3.10.egg-info/SOURCES.txt
[19.660s] -- Installing: /home/ice/Documents/GitHub/polaris-bot/ros2_ws/install/services/local/lib/python3.10/dist-packages/services-0.0.0-py3.10.egg-info/dependency_links.txt
[19.660s] -- Installing: /home/ice/Documents/GitHub/polaris-bot/ros2_ws/install/services/local/lib/python3.10/dist-packages/services
[19.660s] -- Installing: /home/ice/Documents/GitHub/polaris-bot/ros2_ws/install/services/local/lib/python3.10/dist-packages/services/_services_s.ep.rosidl_typesupport_introspection_c.c
[19.660s] -- Installing: /home/ice/Documents/GitHub/polaris-bot/ros2_ws/install/services/local/lib/python3.10/dist-packages/services/services_s__rosidl_typesupport_c.cpython-310-x86_64-linux-gnu.so
[19.660s] -- Installing: /home/ice/Documents/GitHub/polaris-bot/ros2_ws/install/services/local/lib/python3.10/dist-packages/services/services_s__rosidl_typesupport_fastrtps_c.cpython-310-x86_64-linux-gnu.so
[19.660s] -- Installing: /home/ice/Documents/GitHub/polaris-bot/ros2_ws/install/services/local/lib/python3.10/dist-packages/services/srv
[19.660s] -- Installing: /home/ice/Documents/GitHub/polaris-bot/ros2_ws/install/services/local/lib/python3.10/dist-packages/services/srv/_test_service_s.c
[19.660s] -- Installing: /home/ice/Documents/GitHub/polaris-bot/ros2_ws/install/services/local/lib/python3.10/dist-packages/services/srv/_test_service.py
[19.661s] -- Installing: /home/ice/Documents/GitHub/polaris-bot/ros2_ws/install/services/local/lib/python3.10/dist-packages/services/srv/__init__.py
[19.661s] -- Installing: /home/ice/Documents/GitHub/polaris-bot/ros2_ws/install/services/local/lib/python3.10/dist-packages/services/_services_s.ep.rosidl_typesupport_c.c
[19.661s] -- Installing: /home/ice/Documents/GitHub/polaris-bot/ros2_ws/install/services/local/lib/python3.10/dist-packages/services/services_s__rosidl_typesupport_introspection_c.cpython-310-x86_64-linux-gnu.so
[19.661s] -- Installing: /home/ice/Documents/GitHub/polaris-bot/ros2_ws/install/services/local/lib/python3.10/dist-packages/services/_services_s.ep.rosidl_typesupport_fastrtps_c.c
[19.661s] -- Installing: /home/ice/Documents/GitHub/polaris-bot/ros2_ws/install/services/local/lib/python3.10/dist-packages/services/__init__.py
[19.661s] -- Installing: /home/ice/Documents/GitHub/polaris-bot/ros2_ws/install/services/local/lib/python3.10/dist-packages/services/libservices__rosidl_generator_py.so
[19.732s] Listing '/home/ice/Documents/GitHub/polaris-bot/ros2_ws/install/services/local/lib/python3.10/dist-packages/services'...
[19.732s] Compiling '/home/ice/Documents/GitHub/polaris-bot/ros2_ws/install/services/local/lib/python3.10/dist-packages/services/__init__.py'...
[19.732s] Listing '/home/ice/Documents/GitHub/polaris-bot/ros2_ws/install/services/local/lib/python3.10/dist-packages/services/srv'...
[19.732s] Compiling '/home/ice/Documents/GitHub/polaris-bot/ros2_ws/install/services/local/lib/python3.10/dist-packages/services/srv/__init__.py'...
[19.732s] Compiling '/home/ice/Documents/GitHub/polaris-bot/ros2_ws/install/services/local/lib/python3.10/dist-packages/services/srv/_test_service.py'...
[19.746s] -- Installing: /home/ice/Documents/GitHub/polaris-bot/ros2_ws/install/services/local/lib/python3.10/dist-packages/services/services_s__rosidl_typesupport_fastrtps_c.cpython-310-x86_64-linux-gnu.so
[19.746s] -- Set runtime path of "/home/ice/Documents/GitHub/polaris-bot/ros2_ws/install/services/local/lib/python3.10/dist-packages/services/services_s__rosidl_typesupport_fastrtps_c.cpython-310-x86_64-linux-gnu.so" to ""
[19.747s] -- Installing: /home/ice/Documents/GitHub/polaris-bot/ros2_ws/install/services/local/lib/python3.10/dist-packages/services/services_s__rosidl_typesupport_introspection_c.cpython-310-x86_64-linux-gnu.so
[19.747s] -- Set runtime path of "/home/ice/Documents/GitHub/polaris-bot/ros2_ws/install/services/local/lib/python3.10/dist-packages/services/services_s__rosidl_typesupport_introspection_c.cpython-310-x86_64-linux-gnu.so" to ""
[19.748s] -- Installing: /home/ice/Documents/GitHub/polaris-bot/ros2_ws/install/services/local/lib/python3.10/dist-packages/services/services_s__rosidl_typesupport_c.cpython-310-x86_64-linux-gnu.so
[19.750s] -- Set runtime path of "/home/ice/Documents/GitHub/polaris-bot/ros2_ws/install/services/local/lib/python3.10/dist-packages/services/services_s__rosidl_typesupport_c.cpython-310-x86_64-linux-gnu.so" to ""
[19.751s] -- Installing: /home/ice/Documents/GitHub/polaris-bot/ros2_ws/install/services/lib/libservices__rosidl_generator_py.so
[19.754s] -- Set runtime path of "/home/ice/Documents/GitHub/polaris-bot/ros2_ws/install/services/lib/libservices__rosidl_generator_py.so" to ""
[19.754s] -- Installing: /home/ice/Documents/GitHub/polaris-bot/ros2_ws/install/services/share/services/srv/TestService.idl
[19.754s] -- Installing: /home/ice/Documents/GitHub/polaris-bot/ros2_ws/install/services/share/services/srv/TestService.srv
[19.755s] -- Installing: /home/ice/Documents/GitHub/polaris-bot/ros2_ws/install/services/share/services/srv/TestService_Request.msg
[19.756s] -- Installing: /home/ice/Documents/GitHub/polaris-bot/ros2_ws/install/services/share/services/srv/TestService_Response.msg
[19.758s] -- Installing: /home/ice/Documents/GitHub/polaris-bot/ros2_ws/install/services/share/ament_index/resource_index/package_run_dependencies/services
[19.759s] -- Installing: /home/ice/Documents/GitHub/polaris-bot/ros2_ws/install/services/share/ament_index/resource_index/parent_prefix_path/services
[19.760s] -- Installing: /home/ice/Documents/GitHub/polaris-bot/ros2_ws/install/services/share/services/environment/ament_prefix_path.sh
[19.761s] -- Installing: /home/ice/Documents/GitHub/polaris-bot/ros2_ws/install/services/share/services/environment/ament_prefix_path.dsv
[19.763s] -- Installing: /home/ice/Documents/GitHub/polaris-bot/ros2_ws/install/services/share/services/environment/path.sh
[19.763s] -- Installing: /home/ice/Documents/GitHub/polaris-bot/ros2_ws/install/services/share/services/environment/path.dsv
[19.764s] -- Installing: /home/ice/Documents/GitHub/polaris-bot/ros2_ws/install/services/share/services/local_setup.bash
[19.766s] -- Installing: /home/ice/Documents/GitHub/polaris-bot/ros2_ws/install/services/share/services/local_setup.sh
[19.767s] -- Installing: /home/ice/Documents/GitHub/polaris-bot/ros2_ws/install/services/share/services/local_setup.zsh
[19.802s] -- Installing: /home/ice/Documents/GitHub/polaris-bot/ros2_ws/install/services/share/services/local_setup.dsv
[19.802s] -- Installing: /home/ice/Documents/GitHub/polaris-bot/ros2_ws/install/services/share/services/package.dsv
[19.802s] -- Installing: /home/ice/Documents/GitHub/polaris-bot/ros2_ws/install/services/share/ament_index/resource_index/packages/services
[19.803s] -- Installing: /home/ice/Documents/GitHub/polaris-bot/ros2_ws/install/services/share/services/cmake/export_services__rosidl_generator_cExport.cmake
[19.803s] -- Installing: /home/ice/Documents/GitHub/polaris-bot/ros2_ws/install/services/share/services/cmake/export_services__rosidl_generator_cExport-noconfig.cmake
[19.803s] -- Installing: /home/ice/Documents/GitHub/polaris-bot/ros2_ws/install/services/share/services/cmake/export_services__rosidl_typesupport_fastrtps_cExport.cmake
[19.804s] -- Installing: /home/ice/Documents/GitHub/polaris-bot/ros2_ws/install/services/share/services/cmake/export_services__rosidl_typesupport_fastrtps_cExport-noconfig.cmake
[19.804s] -- Installing: /home/ice/Documents/GitHub/polaris-bot/ros2_ws/install/services/share/services/cmake/services__rosidl_typesupport_introspection_cExport.cmake
[19.804s] -- Installing: /home/ice/Documents/GitHub/polaris-bot/ros2_ws/install/services/share/services/cmake/services__rosidl_typesupport_introspection_cExport-noconfig.cmake
[19.805s] -- Installing: /home/ice/Documents/GitHub/polaris-bot/ros2_ws/install/services/share/services/cmake/services__rosidl_typesupport_cExport.cmake
[19.805s] -- Installing: /home/ice/Documents/GitHub/polaris-bot/ros2_ws/install/services/share/services/cmake/services__rosidl_typesupport_cExport-noconfig.cmake
[19.805s] -- Installing: /home/ice/Documents/GitHub/polaris-bot/ros2_ws/install/services/share/services/cmake/export_services__rosidl_generator_cppExport.cmake
[19.806s] -- Installing: /home/ice/Documents/GitHub/polaris-bot/ros2_ws/install/services/share/services/cmake/export_services__rosidl_typesupport_fastrtps_cppExport.cmake
[19.807s] -- Installing: /home/ice/Documents/GitHub/polaris-bot/ros2_ws/install/services/share/services/cmake/export_services__rosidl_typesupport_fastrtps_cppExport-noconfig.cmake
[19.807s] -- Installing: /home/ice/Documents/GitHub/polaris-bot/ros2_ws/install/services/share/services/cmake/services__rosidl_typesupport_introspection_cppExport.cmake
[19.808s] -- Installing: /home/ice/Documents/GitHub/polaris-bot/ros2_ws/install/services/share/services/cmake/services__rosidl_typesupport_introspection_cppExport-noconfig.cmake
[19.808s] -- Installing: /home/ice/Documents/GitHub/polaris-bot/ros2_ws/install/services/share/services/cmake/services__rosidl_typesupport_cppExport.cmake
[19.808s] -- Installing: /home/ice/Documents/GitHub/polaris-bot/ros2_ws/install/services/share/services/cmake/services__rosidl_typesupport_cppExport-noconfig.cmake
[19.809s] -- Installing: /home/ice/Documents/GitHub/polaris-bot/ros2_ws/install/services/share/services/cmake/export_services__rosidl_generator_pyExport.cmake
[19.809s] -- Installing: /home/ice/Documents/GitHub/polaris-bot/ros2_ws/install/services/share/services/cmake/export_services__rosidl_generator_pyExport-noconfig.cmake
[19.810s] -- Installing: /home/ice/Documents/GitHub/polaris-bot/ros2_ws/install/services/share/services/cmake/rosidl_cmake-extras.cmake
[19.810s] -- Installing: /home/ice/Documents/GitHub/polaris-bot/ros2_ws/install/services/share/services/cmake/ament_cmake_export_include_directories-extras.cmake
[19.810s] -- Installing: /home/ice/Documents/GitHub/polaris-bot/ros2_ws/install/services/share/services/cmake/ament_cmake_export_libraries-extras.cmake
[19.817s] -- Installing: /home/ice/Documents/GitHub/polaris-bot/ros2_ws/install/services/share/services/cmake/ament_cmake_export_targets-extras.cmake
[19.817s] -- Installing: /home/ice/Documents/GitHub/polaris-bot/ros2_ws/install/services/share/services/cmake/rosidl_cmake_export_typesupport_targets-extras.cmake
[19.817s] -- Installing: /home/ice/Documents/GitHub/polaris-bot/ros2_ws/install/services/share/services/cmake/ament_cmake_export_dependencies-extras.cmake
[19.817s] -- Installing: /home/ice/Documents/GitHub/polaris-bot/ros2_ws/install/services/share/services/cmake/rosidl_cmake_export_typesupport_libraries-extras.cmake
[19.817s] -- Installing: /home/ice/Documents/GitHub/polaris-bot/ros2_ws/install/services/share/services/cmake/servicesConfig.cmake
[19.817s] -- Installing: /home/ice/Documents/GitHub/polaris-bot/ros2_ws/install/services/share/services/cmake/servicesConfig-version.cmake
[19.817s] -- Installing: /home/ice/Documents/GitHub/polaris-bot/ros2_ws/install/services/share/services/package.xml
[19.818s] Invoked command in '/home/ice/Documents/GitHub/polaris-bot/ros2_ws/build/services' returned '0': CMAKE_PREFIX_PATH=${CMAKE_PREFIX_PATH}:/home/ice/polaris_ws/install/test_pkg:/opt/ros/humble /usr/bin/cmake --install /home/ice/Documents/GitHub/polaris-bot/ros2_ws/build/services
