[0.311s] Invoking command in '/home/ice/polaris-bot/ros2_ws/build/my_diff_drive_bot': CMAKE_PREFIX_PATH=${CMAKE_PREFIX_PATH}:/opt/ros/humble /usr/bin/cmake --build /home/ice/polaris-bot/ros2_ws/build/my_diff_drive_bot -- -j2 -l2
[0.901s] Invoked command in '/home/ice/polaris-bot/ros2_ws/build/my_diff_drive_bot' returned '0': CMAKE_PREFIX_PATH=${CMAKE_PREFIX_PATH}:/opt/ros/humble /usr/bin/cmake --build /home/ice/polaris-bot/ros2_ws/build/my_diff_drive_bot -- -j2 -l2
[1.126s] Invoking command in '/home/ice/polaris-bot/ros2_ws/build/my_diff_drive_bot': CMAKE_PREFIX_PATH=${CMAKE_PREFIX_PATH}:/opt/ros/humble /usr/bin/cmake --install /home/ice/polaris-bot/ros2_ws/build/my_diff_drive_bot
[1.185s] -- Install configuration: ""
[1.185s] -- Up-to-date: /home/ice/polaris-bot/ros2_ws/install/my_diff_drive_bot/share/my_diff_drive_bot/config
[1.212s] -- Up-to-date: /home/ice/polaris-bot/ros2_ws/install/my_diff_drive_bot/share/my_diff_drive_bot/config/view_bot.rivz.rviz
[1.212s] -- Up-to-date: /home/ice/polaris-bot/ros2_ws/install/my_diff_drive_bot/share/my_diff_drive_bot/config/empty.yaml
[1.212s] -- Up-to-date: /home/ice/polaris-bot/ros2_ws/install/my_diff_drive_bot/share/my_diff_drive_bot/config/drive_bot.rviz
[1.213s] -- Up-to-date: /home/ice/polaris-bot/ros2_ws/install/my_diff_drive_bot/share/my_diff_drive_bot/config/my_controllers.yaml
[1.213s] -- Up-to-date: /home/ice/polaris-bot/ros2_ws/install/my_diff_drive_bot/share/my_diff_drive_bot/description
[1.219s] -- Up-to-date: /home/ice/polaris-bot/ros2_ws/install/my_diff_drive_bot/share/my_diff_drive_bot/description/lidar.xacro
[1.219s] -- Up-to-date: /home/ice/polaris-bot/ros2_ws/install/my_diff_drive_bot/share/my_diff_drive_bot/description/inertial_macros.xacro
[1.219s] -- Up-to-date: /home/ice/polaris-bot/ros2_ws/install/my_diff_drive_bot/share/my_diff_drive_bot/description/gazebo_control.xacro
[1.219s] -- Up-to-date: /home/ice/polaris-bot/ros2_ws/install/my_diff_drive_bot/share/my_diff_drive_bot/description/robot.urdf.xacro
[1.220s] -- Up-to-date: /home/ice/polaris-bot/ros2_ws/install/my_diff_drive_bot/share/my_diff_drive_bot/description/ros2_control.xacro
[1.220s] -- Up-to-date: /home/ice/polaris-bot/ros2_ws/install/my_diff_drive_bot/share/my_diff_drive_bot/description/robot_core.xacro
[1.221s] -- Up-to-date: /home/ice/polaris-bot/ros2_ws/install/my_diff_drive_bot/share/my_diff_drive_bot/launch
[1.221s] -- Up-to-date: /home/ice/polaris-bot/ros2_ws/install/my_diff_drive_bot/share/my_diff_drive_bot/launch/launch_robot.launch.py
[1.221s] -- Up-to-date: /home/ice/polaris-bot/ros2_ws/install/my_diff_drive_bot/share/my_diff_drive_bot/launch/rsp.launch.py
[1.221s] -- Up-to-date: /home/ice/polaris-bot/ros2_ws/install/my_diff_drive_bot/share/my_diff_drive_bot/launch/launch_sim.launch.py
[1.221s] -- Up-to-date: /home/ice/polaris-bot/ros2_ws/install/my_diff_drive_bot/share/my_diff_drive_bot/worlds
[1.222s] -- Up-to-date: /home/ice/polaris-bot/ros2_ws/install/my_diff_drive_bot/share/my_diff_drive_bot/worlds/empty.world
[1.222s] -- Up-to-date: /home/ice/polaris-bot/ros2_ws/install/my_diff_drive_bot/share/my_diff_drive_bot/meshes
[1.225s] -- Up-to-date: /home/ice/polaris-bot/ros2_ws/install/my_diff_drive_bot/share/my_diff_drive_bot/meshes/chassis_link.stl
[1.226s] -- Up-to-date: /home/ice/polaris-bot/ros2_ws/install/my_diff_drive_bot/share/my_diff_drive_bot/meshes/caster_link.stl
[1.226s] -- Up-to-date: /home/ice/polaris-bot/ros2_ws/install/my_diff_drive_bot/share/ament_index/resource_index/package_run_dependencies/my_diff_drive_bot
[1.226s] -- Up-to-date: /home/ice/polaris-bot/ros2_ws/install/my_diff_drive_bot/share/ament_index/resource_index/parent_prefix_path/my_diff_drive_bot
[1.226s] -- Up-to-date: /home/ice/polaris-bot/ros2_ws/install/my_diff_drive_bot/share/my_diff_drive_bot/environment/ament_prefix_path.sh
[1.226s] -- Up-to-date: /home/ice/polaris-bot/ros2_ws/install/my_diff_drive_bot/share/my_diff_drive_bot/environment/ament_prefix_path.dsv
[1.226s] -- Up-to-date: /home/ice/polaris-bot/ros2_ws/install/my_diff_drive_bot/share/my_diff_drive_bot/environment/path.sh
[1.227s] -- Up-to-date: /home/ice/polaris-bot/ros2_ws/install/my_diff_drive_bot/share/my_diff_drive_bot/environment/path.dsv
[1.227s] -- Up-to-date: /home/ice/polaris-bot/ros2_ws/install/my_diff_drive_bot/share/my_diff_drive_bot/local_setup.bash
[1.227s] -- Up-to-date: /home/ice/polaris-bot/ros2_ws/install/my_diff_drive_bot/share/my_diff_drive_bot/local_setup.sh
[1.227s] -- Up-to-date: /home/ice/polaris-bot/ros2_ws/install/my_diff_drive_bot/share/my_diff_drive_bot/local_setup.zsh
[1.227s] -- Up-to-date: /home/ice/polaris-bot/ros2_ws/install/my_diff_drive_bot/share/my_diff_drive_bot/local_setup.dsv
[1.227s] -- Installing: /home/ice/polaris-bot/ros2_ws/install/my_diff_drive_bot/share/my_diff_drive_bot/package.dsv
[1.228s] -- Up-to-date: /home/ice/polaris-bot/ros2_ws/install/my_diff_drive_bot/share/ament_index/resource_index/packages/my_diff_drive_bot
[1.228s] -- Up-to-date: /home/ice/polaris-bot/ros2_ws/install/my_diff_drive_bot/share/my_diff_drive_bot/cmake/my_diff_drive_botConfig.cmake
[1.229s] -- Up-to-date: /home/ice/polaris-bot/ros2_ws/install/my_diff_drive_bot/share/my_diff_drive_bot/cmake/my_diff_drive_botConfig-version.cmake
[1.229s] -- Up-to-date: /home/ice/polaris-bot/ros2_ws/install/my_diff_drive_bot/share/my_diff_drive_bot/package.xml
[1.238s] Invoked command in '/home/ice/polaris-bot/ros2_ws/build/my_diff_drive_bot' returned '0': CMAKE_PREFIX_PATH=${CMAKE_PREFIX_PATH}:/opt/ros/humble /usr/bin/cmake --install /home/ice/polaris-bot/ros2_ws/build/my_diff_drive_bot
