[1.567s] Invoking command in '/home/ice/microros_ws/firmware/mcu_ws/uros/tracetools/tracetools_read': PYTHONPATH=/home/ice/microros_ws/firmware/mcu_ws/build/tracetools_read/prefix_override:/home/ice/microros_ws/firmware/mcu_ws/install/lib/python3.10/site-packages:${PYTHONPATH} /home/ice/microros_ws/firmware/toolchain/espressif/python_env/idf4.1_py3.10_env/bin/python setup.py egg_info --egg-base ../../../build/tracetools_read build --build-base /home/ice/microros_ws/firmware/mcu_ws/build/tracetools_read/build install --record /home/ice/microros_ws/firmware/mcu_ws/build/tracetools_read/install.log --single-version-externally-managed
[1.938s] running egg_info
[1.971s] writing ../../../build/tracetools_read/tracetools_read.egg-info/PKG-INFO
[1.974s] writing dependency_links to ../../../build/tracetools_read/tracetools_read.egg-info/dependency_links.txt
[1.976s] writing requirements to ../../../build/tracetools_read/tracetools_read.egg-info/requires.txt
[1.979s] writing top-level names to ../../../build/tracetools_read/tracetools_read.egg-info/top_level.txt
[2.025s] reading manifest file '../../../build/tracetools_read/tracetools_read.egg-info/SOURCES.txt'
[2.028s] writing manifest file '../../../build/tracetools_read/tracetools_read.egg-info/SOURCES.txt'
[2.029s] running build
[2.030s] running build_py
[2.030s] copying tracetools_read/trace.py -> /home/ice/microros_ws/firmware/mcu_ws/build/tracetools_read/build/lib/tracetools_read
[2.031s] copying tracetools_read/__init__.py -> /home/ice/microros_ws/firmware/mcu_ws/build/tracetools_read/build/lib/tracetools_read
[2.032s] running install
[2.033s] /home/ice/microros_ws/firmware/toolchain/espressif/python_env/idf4.1_py3.10_env/lib/python3.10/site-packages/setuptools/_distutils/cmd.py:66: SetuptoolsDeprecationWarning: setup.py install is deprecated.
[2.033s] !!
[2.033s] 
[2.033s]         ********************************************************************************
[2.033s]         Please avoid running ``setup.py`` directly.
[2.033s]         Instead, use pypa/build, pypa/installer or other
[2.034s]         standards-based tools.
[2.034s] 
[2.034s]         See https://blog.ganssle.io/articles/2021/10/setup-py-deprecated.html for details.
[2.034s]         ********************************************************************************
[2.034s] 
[2.034s] !!
[2.034s]   self.initialize_options()
[2.046s] running install_lib
[2.065s] running install_data
[2.082s] copying package.xml -> /home/ice/microros_ws/firmware/mcu_ws/install/share/tracetools_read
[2.083s] copying resource/tracetools_read -> /home/ice/microros_ws/firmware/mcu_ws/install/share/ament_index/resource_index/packages
[2.083s] running install_egg_info
[2.106s] removing '/home/ice/microros_ws/firmware/mcu_ws/install/lib/python3.10/site-packages/tracetools_read-4.1.1-py3.10.egg-info' (and everything under it)
[2.109s] Copying ../../../build/tracetools_read/tracetools_read.egg-info to /home/ice/microros_ws/firmware/mcu_ws/install/lib/python3.10/site-packages/tracetools_read-4.1.1-py3.10.egg-info
[2.112s] running install_scripts
[2.299s] writing list of installed files to '/home/ice/microros_ws/firmware/mcu_ws/build/tracetools_read/install.log'
[2.515s] Invoked command in '/home/ice/microros_ws/firmware/mcu_ws/uros/tracetools/tracetools_read' returned '0': PYTHONPATH=/home/ice/microros_ws/firmware/mcu_ws/build/tracetools_read/prefix_override:/home/ice/microros_ws/firmware/mcu_ws/install/lib/python3.10/site-packages:${PYTHONPATH} /home/ice/microros_ws/firmware/toolchain/espressif/python_env/idf4.1_py3.10_env/bin/python setup.py egg_info --egg-base ../../../build/tracetools_read build --build-base /home/ice/microros_ws/firmware/mcu_ws/build/tracetools_read/build install --record /home/ice/microros_ws/firmware/mcu_ws/build/tracetools_read/install.log --single-version-externally-managed
