[0.301s] Invoking command in '/home/ice/microros_ws/firmware/mcu_ws/build/nav_msgs': AMENT_PREFIX_PATH=/home/ice/microros_ws/firmware/mcu_ws/install:${AMENT_PREFIX_PATH} CMAKE_PREFIX_PATH=/home/ice/microros_ws/firmware/mcu_ws/install:/home/ice/microros_ws/firmware/dev_ws/install/ament_lint_common:/home/ice/microros_ws/firmware/dev_ws/install/ament_cmake_uncrustify:/home/ice/microros_ws/firmware/dev_ws/install/uncrustify_vendor:/home/ice/microros_ws/firmware/dev_ws/install/ament_cmake_ros:/home/ice/microros_ws/firmware/dev_ws/install/ament_cmake_auto:/home/ice/microros_ws/firmware/dev_ws/install/ament_cmake_gmock:/home/ice/microros_ws/firmware/dev_ws/install/gmock_vendor:/home/ice/microros_ws/firmware/dev_ws/install/ament_cmake_gtest:/home/ice/microros_ws/firmware/dev_ws/install/gtest_vendor:/home/ice/microros_ws/firmware/dev_ws/install/ament_cmake_xmllint:/home/ice/microros_ws/firmware/dev_ws/install/ament_cmake_pyflakes:/home/ice/microros_ws/firmware/dev_ws/install/ament_cmake_pycodestyle:/home/ice/microros_ws/firmware/dev_ws/install/ament_cmake_pep257:/home/ice/microros_ws/firmware/dev_ws/install/ament_cmake_pclint:/home/ice/microros_ws/firmware/dev_ws/install/ament_lint_auto:/home/ice/microros_ws/firmware/dev_ws/install/ament_cmake:/home/ice/microros_ws/firmware/dev_ws/install/ament_cmake_version:/home/ice/microros_ws/firmware/dev_ws/install/ament_cmake_vendor_package:/home/ice/microros_ws/firmware/dev_ws/install/ament_cmake_pytest:/home/ice/microros_ws/firmware/dev_ws/install/ament_cmake_nose:/home/ice/microros_ws/firmware/dev_ws/install/ament_cmake_mypy:/home/ice/microros_ws/firmware/dev_ws/install/ament_cmake_lint_cmake:/home/ice/microros_ws/firmware/dev_ws/install/ament_cmake_google_benchmark:/home/ice/microros_ws/firmware/dev_ws/install/ament_cmake_flake8:/home/ice/microros_ws/firmware/dev_ws/install/ament_cmake_cpplint:/home/ice/microros_ws/firmware/dev_ws/install/ament_cmake_cppcheck:/home/ice/microros_ws/firmware/dev_ws/install/ament_cmake_copyright:/home/ice/microros_ws/firmware/dev_ws/install/ament_cmake_clang_tidy:/home/ice/microros_ws/firmware/dev_ws/install/ament_cmake_clang_format:/home/ice/microros_ws/firmware/dev_ws/install/ament_cmake_test:/home/ice/microros_ws/firmware/dev_ws/install/ament_cmake_target_dependencies:/home/ice/microros_ws/firmware/dev_ws/install/ament_cmake_python:/home/ice/microros_ws/firmware/dev_ws/install/ament_cmake_export_dependencies:/home/ice/microros_ws/firmware/dev_ws/install/ament_cmake_libraries:/home/ice/microros_ws/firmware/dev_ws/install/ament_cmake_include_directories:/home/ice/microros_ws/firmware/dev_ws/install/ament_cmake_gen_version_h:/home/ice/microros_ws/firmware/dev_ws/install/ament_cmake_export_targets:/home/ice/microros_ws/firmware/dev_ws/install/ament_cmake_export_link_flags:/home/ice/microros_ws/firmware/dev_ws/install/ament_cmake_export_interfaces:/home/ice/microros_ws/firmware/dev_ws/install/ament_cmake_export_libraries:/home/ice/microros_ws/firmware/dev_ws/install/ament_cmake_export_include_directories:/home/ice/microros_ws/firmware/dev_ws/install/ament_cmake_export_definitions:/home/ice/microros_ws/firmware/dev_ws/install/ament_cmake_core:/home/ice/microros_ws/firmware/dev_ws/install/ament_index_cpp:/home/ice/microros_ws/firmware/dev_ws/install/ament_uncrustify:/home/ice/microros_ws/firmware/dev_ws/install/domain_coordinator:/home/ice/microros_ws/firmware/dev_ws/install/ament_xmllint:/home/ice/microros_ws/firmware/dev_ws/install/ament_pyflakes:/home/ice/microros_ws/firmware/dev_ws/install/ament_pycodestyle:/home/ice/microros_ws/firmware/dev_ws/install/ament_pep257:/home/ice/microros_ws/firmware/dev_ws/install/ament_pclint:/home/ice/microros_ws/firmware/dev_ws/install/ament_package:/home/ice/microros_ws/firmware/dev_ws/install/ament_mypy:/home/ice/microros_ws/firmware/dev_ws/install/ament_lint_cmake:/home/ice/microros_ws/firmware/dev_ws/install/ament_flake8:/home/ice/microros_ws/firmware/dev_ws/install/ament_copyright:/home/ice/microros_ws/firmware/dev_ws/install/ament_lint:/home/ice/microros_ws/firmware/dev_ws/install/ament_index_python:/home/ice/microros_ws/firmware/dev_ws/install/ament_cpplint:/home/ice/microros_ws/firmware/dev_ws/install/ament_cppcheck:/home/ice/microros_ws/firmware/dev_ws/install/ament_clang_tidy:/home/ice/microros_ws/firmware/dev_ws/install/ament_clang_format LD_LIBRARY_PATH=/home/ice/microros_ws/firmware/mcu_ws/install/lib:${LD_LIBRARY_PATH} PATH=/home/ice/microros_ws/firmware/mcu_ws/install/bin:${PATH} PYTHONPATH=/home/ice/microros_ws/firmware/mcu_ws/install/lib/python3.10/site-packages:${PYTHONPATH} /usr/bin/cmake --build /home/ice/microros_ws/firmware/mcu_ws/build/nav_msgs -- -j2 -l2
[0.373s] gmake[4]: Entering directory '/home/ice/microros_ws/firmware/mcu_ws/build/nav_msgs'
[0.373s] /usr/bin/cmake -S/home/ice/microros_ws/firmware/mcu_ws/ros2/common_interfaces/nav_msgs -B/home/ice/microros_ws/firmware/mcu_ws/build/nav_msgs --check-build-system CMakeFiles/Makefile.cmake 0
[0.395s] Re-run cmake file: Makefile older than: /home/ice/microros_ws/firmware/freertos_apps/microros_esp32_extensions/esp32_toolchain.cmake
[0.404s] -- Found ament_cmake: 1.3.7 (/home/ice/microros_ws/firmware/dev_ws/install/ament_cmake/share/ament_cmake/cmake)
[0.791s] -- Found builtin_interfaces: 1.2.1 (/home/ice/microros_ws/firmware/mcu_ws/install/share/builtin_interfaces/cmake)
[0.796s] [33mCMake Warning at /home/ice/microros_ws/firmware/mcu_ws/install/share/rcutils/cmake/ament_cmake_export_libraries-extras.cmake:116 (message):
[0.797s]   Package 'rcutils' exports library 'dl' which couldn't be found
[0.797s] Call Stack (most recent call first):
[0.797s]   /home/ice/microros_ws/firmware/mcu_ws/install/share/rcutils/cmake/rcutilsConfig.cmake:41 (include)
[0.798s]   /home/ice/microros_ws/firmware/mcu_ws/install/share/rosidl_runtime_c/cmake/ament_cmake_export_dependencies-extras.cmake:21 (find_package)
[0.798s]   /home/ice/microros_ws/firmware/mcu_ws/install/share/rosidl_runtime_c/cmake/rosidl_runtime_cConfig.cmake:41 (include)
[0.798s]   /home/ice/microros_ws/firmware/mcu_ws/install/share/builtin_interfaces/cmake/ament_cmake_export_dependencies-extras.cmake:21 (find_package)
[0.798s]   /home/ice/microros_ws/firmware/mcu_ws/install/share/builtin_interfaces/cmake/builtin_interfacesConfig.cmake:41 (include)
[0.799s]   CMakeLists.txt:14 (find_package)
[0.799s] 
[0.799s] [0m
[0.819s] -- Using all available rosidl_typesupport_c: rosidl_typesupport_introspection_c;rosidl_typesupport_microxrcedds_c
[0.824s] -- Found rosidl_adapter: 3.1.5 (/home/ice/microros_ws/firmware/mcu_ws/install/share/rosidl_adapter/cmake)
[0.893s] -- Found geometry_msgs: 4.2.3 (/home/ice/microros_ws/firmware/mcu_ws/install/share/geometry_msgs/cmake)
[0.942s] -- Found rosidl_default_generators: 1.2.0 (/home/ice/microros_ws/firmware/mcu_ws/install/share/rosidl_default_generators/cmake)
[2.280s] -- Found ament_cmake_ros: 0.10.0 (/home/ice/microros_ws/firmware/dev_ws/install/ament_cmake_ros/share/ament_cmake_ros/cmake)
[2.813s] -- Using all available rosidl_typesupport_c: rosidl_typesupport_introspection_c;rosidl_typesupport_microxrcedds_c
[2.835s] -- Configuring done
[2.931s] -- Generating done
[2.945s] -- Build files have been written to: /home/ice/microros_ws/firmware/mcu_ws/build/nav_msgs
[2.955s] /usr/bin/cmake -E cmake_progress_start /home/ice/microros_ws/firmware/mcu_ws/build/nav_msgs/CMakeFiles /home/ice/microros_ws/firmware/mcu_ws/build/nav_msgs//CMakeFiles/progress.marks
[2.985s] /usr/bin/gmake  -f CMakeFiles/Makefile2 all
[2.986s] gmake[5]: Entering directory '/home/ice/microros_ws/firmware/mcu_ws/build/nav_msgs'
[2.986s] /usr/bin/gmake  -f CMakeFiles/nav_msgs__rosidl_generator_c.dir/build.make CMakeFiles/nav_msgs__rosidl_generator_c.dir/depend
[3.007s] gmake[6]: Entering directory '/home/ice/microros_ws/firmware/mcu_ws/build/nav_msgs'
[3.007s] cd /home/ice/microros_ws/firmware/mcu_ws/build/nav_msgs && /usr/bin/cmake -E cmake_depends "Unix Makefiles" /home/ice/microros_ws/firmware/mcu_ws/ros2/common_interfaces/nav_msgs /home/ice/microros_ws/firmware/mcu_ws/ros2/common_interfaces/nav_msgs /home/ice/microros_ws/firmware/mcu_ws/build/nav_msgs /home/ice/microros_ws/firmware/mcu_ws/build/nav_msgs /home/ice/microros_ws/firmware/mcu_ws/build/nav_msgs/CMakeFiles/nav_msgs__rosidl_generator_c.dir/DependInfo.cmake --color=
[3.033s] Dependencies file "CMakeFiles/nav_msgs__rosidl_generator_c.dir/rosidl_generator_c/nav_msgs/msg/detail/grid_cells__functions.c.obj.d" is newer than depends file "/home/ice/microros_ws/firmware/mcu_ws/build/nav_msgs/CMakeFiles/nav_msgs__rosidl_generator_c.dir/compiler_depend.internal".
[3.033s] Dependencies file "CMakeFiles/nav_msgs__rosidl_generator_c.dir/rosidl_generator_c/nav_msgs/msg/detail/map_meta_data__functions.c.obj.d" is newer than depends file "/home/ice/microros_ws/firmware/mcu_ws/build/nav_msgs/CMakeFiles/nav_msgs__rosidl_generator_c.dir/compiler_depend.internal".
[3.034s] Dependencies file "CMakeFiles/nav_msgs__rosidl_generator_c.dir/rosidl_generator_c/nav_msgs/msg/detail/occupancy_grid__functions.c.obj.d" is newer than depends file "/home/ice/microros_ws/firmware/mcu_ws/build/nav_msgs/CMakeFiles/nav_msgs__rosidl_generator_c.dir/compiler_depend.internal".
[3.034s] Dependencies file "CMakeFiles/nav_msgs__rosidl_generator_c.dir/rosidl_generator_c/nav_msgs/msg/detail/odometry__functions.c.obj.d" is newer than depends file "/home/ice/microros_ws/firmware/mcu_ws/build/nav_msgs/CMakeFiles/nav_msgs__rosidl_generator_c.dir/compiler_depend.internal".
[3.035s] Dependencies file "CMakeFiles/nav_msgs__rosidl_generator_c.dir/rosidl_generator_c/nav_msgs/msg/detail/path__functions.c.obj.d" is newer than depends file "/home/ice/microros_ws/firmware/mcu_ws/build/nav_msgs/CMakeFiles/nav_msgs__rosidl_generator_c.dir/compiler_depend.internal".
[3.035s] Dependencies file "CMakeFiles/nav_msgs__rosidl_generator_c.dir/rosidl_generator_c/nav_msgs/srv/detail/get_map__functions.c.obj.d" is newer than depends file "/home/ice/microros_ws/firmware/mcu_ws/build/nav_msgs/CMakeFiles/nav_msgs__rosidl_generator_c.dir/compiler_depend.internal".
[3.035s] Dependencies file "CMakeFiles/nav_msgs__rosidl_generator_c.dir/rosidl_generator_c/nav_msgs/srv/detail/get_plan__functions.c.obj.d" is newer than depends file "/home/ice/microros_ws/firmware/mcu_ws/build/nav_msgs/CMakeFiles/nav_msgs__rosidl_generator_c.dir/compiler_depend.internal".
[3.035s] Dependencies file "CMakeFiles/nav_msgs__rosidl_generator_c.dir/rosidl_generator_c/nav_msgs/srv/detail/load_map__functions.c.obj.d" is newer than depends file "/home/ice/microros_ws/firmware/mcu_ws/build/nav_msgs/CMakeFiles/nav_msgs__rosidl_generator_c.dir/compiler_depend.internal".
[3.035s] Dependencies file "CMakeFiles/nav_msgs__rosidl_generator_c.dir/rosidl_generator_c/nav_msgs/srv/detail/set_map__functions.c.obj.d" is newer than depends file "/home/ice/microros_ws/firmware/mcu_ws/build/nav_msgs/CMakeFiles/nav_msgs__rosidl_generator_c.dir/compiler_depend.internal".
[3.035s] [35m[1mConsolidate compiler generated dependencies of target nav_msgs__rosidl_generator_c[0m
[3.044s] gmake[6]: Leaving directory '/home/ice/microros_ws/firmware/mcu_ws/build/nav_msgs'
[3.045s] /usr/bin/gmake  -f CMakeFiles/nav_msgs__rosidl_generator_c.dir/build.make CMakeFiles/nav_msgs__rosidl_generator_c.dir/build
[3.056s] gmake[6]: Entering directory '/home/ice/microros_ws/firmware/mcu_ws/build/nav_msgs'
[3.056s] gmake[6]: Nothing to be done for 'CMakeFiles/nav_msgs__rosidl_generator_c.dir/build'.
[3.056s] gmake[6]: Leaving directory '/home/ice/microros_ws/firmware/mcu_ws/build/nav_msgs'
[3.080s] [ 25%] Built target nav_msgs__rosidl_generator_c
[3.080s] /usr/bin/gmake  -f CMakeFiles/nav_msgs__rosidl_typesupport_microxrcedds_c.dir/build.make CMakeFiles/nav_msgs__rosidl_typesupport_microxrcedds_c.dir/depend
[3.093s] gmake[6]: Entering directory '/home/ice/microros_ws/firmware/mcu_ws/build/nav_msgs'
[3.093s] cd /home/ice/microros_ws/firmware/mcu_ws/build/nav_msgs && /usr/bin/cmake -E cmake_depends "Unix Makefiles" /home/ice/microros_ws/firmware/mcu_ws/ros2/common_interfaces/nav_msgs /home/ice/microros_ws/firmware/mcu_ws/ros2/common_interfaces/nav_msgs /home/ice/microros_ws/firmware/mcu_ws/build/nav_msgs /home/ice/microros_ws/firmware/mcu_ws/build/nav_msgs /home/ice/microros_ws/firmware/mcu_ws/build/nav_msgs/CMakeFiles/nav_msgs__rosidl_typesupport_microxrcedds_c.dir/DependInfo.cmake --color=
[3.115s] Dependencies file "CMakeFiles/nav_msgs__rosidl_typesupport_microxrcedds_c.dir/rosidl_typesupport_microxrcedds_c/nav_msgs/msg/detail/microxrcedds/grid_cells__type_support_c.c.obj.d" is newer than depends file "/home/ice/microros_ws/firmware/mcu_ws/build/nav_msgs/CMakeFiles/nav_msgs__rosidl_typesupport_microxrcedds_c.dir/compiler_depend.internal".
[3.118s] Dependencies file "CMakeFiles/nav_msgs__rosidl_typesupport_microxrcedds_c.dir/rosidl_typesupport_microxrcedds_c/nav_msgs/msg/detail/microxrcedds/map_meta_data__type_support_c.c.obj.d" is newer than depends file "/home/ice/microros_ws/firmware/mcu_ws/build/nav_msgs/CMakeFiles/nav_msgs__rosidl_typesupport_microxrcedds_c.dir/compiler_depend.internal".
[3.118s] Dependencies file "CMakeFiles/nav_msgs__rosidl_typesupport_microxrcedds_c.dir/rosidl_typesupport_microxrcedds_c/nav_msgs/msg/detail/microxrcedds/occupancy_grid__type_support_c.c.obj.d" is newer than depends file "/home/ice/microros_ws/firmware/mcu_ws/build/nav_msgs/CMakeFiles/nav_msgs__rosidl_typesupport_microxrcedds_c.dir/compiler_depend.internal".
[3.118s] Dependencies file "CMakeFiles/nav_msgs__rosidl_typesupport_microxrcedds_c.dir/rosidl_typesupport_microxrcedds_c/nav_msgs/msg/detail/microxrcedds/odometry__type_support_c.c.obj.d" is newer than depends file "/home/ice/microros_ws/firmware/mcu_ws/build/nav_msgs/CMakeFiles/nav_msgs__rosidl_typesupport_microxrcedds_c.dir/compiler_depend.internal".
[3.118s] Dependencies file "CMakeFiles/nav_msgs__rosidl_typesupport_microxrcedds_c.dir/rosidl_typesupport_microxrcedds_c/nav_msgs/msg/detail/microxrcedds/path__type_support_c.c.obj.d" is newer than depends file "/home/ice/microros_ws/firmware/mcu_ws/build/nav_msgs/CMakeFiles/nav_msgs__rosidl_typesupport_microxrcedds_c.dir/compiler_depend.internal".
[3.118s] Dependencies file "CMakeFiles/nav_msgs__rosidl_typesupport_microxrcedds_c.dir/rosidl_typesupport_microxrcedds_c/nav_msgs/srv/detail/microxrcedds/get_map__type_support_c.c.obj.d" is newer than depends file "/home/ice/microros_ws/firmware/mcu_ws/build/nav_msgs/CMakeFiles/nav_msgs__rosidl_typesupport_microxrcedds_c.dir/compiler_depend.internal".
[3.119s] Dependencies file "CMakeFiles/nav_msgs__rosidl_typesupport_microxrcedds_c.dir/rosidl_typesupport_microxrcedds_c/nav_msgs/srv/detail/microxrcedds/get_plan__type_support_c.c.obj.d" is newer than depends file "/home/ice/microros_ws/firmware/mcu_ws/build/nav_msgs/CMakeFiles/nav_msgs__rosidl_typesupport_microxrcedds_c.dir/compiler_depend.internal".
[3.119s] Dependencies file "CMakeFiles/nav_msgs__rosidl_typesupport_microxrcedds_c.dir/rosidl_typesupport_microxrcedds_c/nav_msgs/srv/detail/microxrcedds/load_map__type_support_c.c.obj.d" is newer than depends file "/home/ice/microros_ws/firmware/mcu_ws/build/nav_msgs/CMakeFiles/nav_msgs__rosidl_typesupport_microxrcedds_c.dir/compiler_depend.internal".
[3.119s] Dependencies file "CMakeFiles/nav_msgs__rosidl_typesupport_microxrcedds_c.dir/rosidl_typesupport_microxrcedds_c/nav_msgs/srv/detail/microxrcedds/set_map__type_support_c.c.obj.d" is newer than depends file "/home/ice/microros_ws/firmware/mcu_ws/build/nav_msgs/CMakeFiles/nav_msgs__rosidl_typesupport_microxrcedds_c.dir/compiler_depend.internal".
[3.119s] [35m[1mConsolidate compiler generated dependencies of target nav_msgs__rosidl_typesupport_microxrcedds_c[0m
[3.138s] gmake[6]: Leaving directory '/home/ice/microros_ws/firmware/mcu_ws/build/nav_msgs'
[3.138s] /usr/bin/gmake  -f CMakeFiles/nav_msgs__rosidl_typesupport_microxrcedds_c.dir/build.make CMakeFiles/nav_msgs__rosidl_typesupport_microxrcedds_c.dir/build
[3.138s] gmake[6]: Entering directory '/home/ice/microros_ws/firmware/mcu_ws/build/nav_msgs'
[3.139s] gmake[6]: Nothing to be done for 'CMakeFiles/nav_msgs__rosidl_typesupport_microxrcedds_c.dir/build'.
[3.139s] gmake[6]: Leaving directory '/home/ice/microros_ws/firmware/mcu_ws/build/nav_msgs'
[3.194s] [ 50%] Built target nav_msgs__rosidl_typesupport_microxrcedds_c
[3.195s] /usr/bin/gmake  -f CMakeFiles/nav_msgs__rosidl_typesupport_c.dir/build.make CMakeFiles/nav_msgs__rosidl_typesupport_c.dir/depend
[3.196s] gmake[6]: Entering directory '/home/ice/microros_ws/firmware/mcu_ws/build/nav_msgs'
[3.196s] cd /home/ice/microros_ws/firmware/mcu_ws/build/nav_msgs && /usr/bin/cmake -E cmake_depends "Unix Makefiles" /home/ice/microros_ws/firmware/mcu_ws/ros2/common_interfaces/nav_msgs /home/ice/microros_ws/firmware/mcu_ws/ros2/common_interfaces/nav_msgs /home/ice/microros_ws/firmware/mcu_ws/build/nav_msgs /home/ice/microros_ws/firmware/mcu_ws/build/nav_msgs /home/ice/microros_ws/firmware/mcu_ws/build/nav_msgs/CMakeFiles/nav_msgs__rosidl_typesupport_c.dir/DependInfo.cmake --color=
[3.196s] Dependencies file "CMakeFiles/nav_msgs__rosidl_typesupport_c.dir/rosidl_typesupport_c/nav_msgs/msg/grid_cells__type_support.cpp.obj.d" is newer than depends file "/home/ice/microros_ws/firmware/mcu_ws/build/nav_msgs/CMakeFiles/nav_msgs__rosidl_typesupport_c.dir/compiler_depend.internal".
[3.196s] Dependencies file "CMakeFiles/nav_msgs__rosidl_typesupport_c.dir/rosidl_typesupport_c/nav_msgs/msg/map_meta_data__type_support.cpp.obj.d" is newer than depends file "/home/ice/microros_ws/firmware/mcu_ws/build/nav_msgs/CMakeFiles/nav_msgs__rosidl_typesupport_c.dir/compiler_depend.internal".
[3.197s] Dependencies file "CMakeFiles/nav_msgs__rosidl_typesupport_c.dir/rosidl_typesupport_c/nav_msgs/msg/occupancy_grid__type_support.cpp.obj.d" is newer than depends file "/home/ice/microros_ws/firmware/mcu_ws/build/nav_msgs/CMakeFiles/nav_msgs__rosidl_typesupport_c.dir/compiler_depend.internal".
[3.197s] Dependencies file "CMakeFiles/nav_msgs__rosidl_typesupport_c.dir/rosidl_typesupport_c/nav_msgs/msg/odometry__type_support.cpp.obj.d" is newer than depends file "/home/ice/microros_ws/firmware/mcu_ws/build/nav_msgs/CMakeFiles/nav_msgs__rosidl_typesupport_c.dir/compiler_depend.internal".
[3.197s] Dependencies file "CMakeFiles/nav_msgs__rosidl_typesupport_c.dir/rosidl_typesupport_c/nav_msgs/msg/path__type_support.cpp.obj.d" is newer than depends file "/home/ice/microros_ws/firmware/mcu_ws/build/nav_msgs/CMakeFiles/nav_msgs__rosidl_typesupport_c.dir/compiler_depend.internal".
[3.197s] Dependencies file "CMakeFiles/nav_msgs__rosidl_typesupport_c.dir/rosidl_typesupport_c/nav_msgs/srv/get_map__type_support.cpp.obj.d" is newer than depends file "/home/ice/microros_ws/firmware/mcu_ws/build/nav_msgs/CMakeFiles/nav_msgs__rosidl_typesupport_c.dir/compiler_depend.internal".
[3.197s] Dependencies file "CMakeFiles/nav_msgs__rosidl_typesupport_c.dir/rosidl_typesupport_c/nav_msgs/srv/get_plan__type_support.cpp.obj.d" is newer than depends file "/home/ice/microros_ws/firmware/mcu_ws/build/nav_msgs/CMakeFiles/nav_msgs__rosidl_typesupport_c.dir/compiler_depend.internal".
[3.212s] Dependencies file "CMakeFiles/nav_msgs__rosidl_typesupport_c.dir/rosidl_typesupport_c/nav_msgs/srv/load_map__type_support.cpp.obj.d" is newer than depends file "/home/ice/microros_ws/firmware/mcu_ws/build/nav_msgs/CMakeFiles/nav_msgs__rosidl_typesupport_c.dir/compiler_depend.internal".
[3.212s] Dependencies file "CMakeFiles/nav_msgs__rosidl_typesupport_c.dir/rosidl_typesupport_c/nav_msgs/srv/set_map__type_support.cpp.obj.d" is newer than depends file "/home/ice/microros_ws/firmware/mcu_ws/build/nav_msgs/CMakeFiles/nav_msgs__rosidl_typesupport_c.dir/compiler_depend.internal".
[3.213s] [35m[1mConsolidate compiler generated dependencies of target nav_msgs__rosidl_typesupport_c[0m
[3.232s] gmake[6]: Leaving directory '/home/ice/microros_ws/firmware/mcu_ws/build/nav_msgs'
[3.232s] /usr/bin/gmake  -f CMakeFiles/nav_msgs__rosidl_typesupport_c.dir/build.make CMakeFiles/nav_msgs__rosidl_typesupport_c.dir/build
[3.240s] gmake[6]: Entering directory '/home/ice/microros_ws/firmware/mcu_ws/build/nav_msgs'
[3.240s] gmake[6]: Nothing to be done for 'CMakeFiles/nav_msgs__rosidl_typesupport_c.dir/build'.
[3.240s] gmake[6]: Leaving directory '/home/ice/microros_ws/firmware/mcu_ws/build/nav_msgs'
[3.265s] [ 75%] Built target nav_msgs__rosidl_typesupport_c
[3.268s] /usr/bin/gmake  -f CMakeFiles/nav_msgs__rosidl_typesupport_introspection_c.dir/build.make CMakeFiles/nav_msgs__rosidl_typesupport_introspection_c.dir/depend
[3.274s] gmake[6]: Entering directory '/home/ice/microros_ws/firmware/mcu_ws/build/nav_msgs'
[3.275s] cd /home/ice/microros_ws/firmware/mcu_ws/build/nav_msgs && /usr/bin/cmake -E cmake_depends "Unix Makefiles" /home/ice/microros_ws/firmware/mcu_ws/ros2/common_interfaces/nav_msgs /home/ice/microros_ws/firmware/mcu_ws/ros2/common_interfaces/nav_msgs /home/ice/microros_ws/firmware/mcu_ws/build/nav_msgs /home/ice/microros_ws/firmware/mcu_ws/build/nav_msgs /home/ice/microros_ws/firmware/mcu_ws/build/nav_msgs/CMakeFiles/nav_msgs__rosidl_typesupport_introspection_c.dir/DependInfo.cmake --color=
[3.307s] Dependencies file "CMakeFiles/nav_msgs__rosidl_typesupport_introspection_c.dir/rosidl_typesupport_introspection_c/nav_msgs/msg/detail/grid_cells__type_support.c.obj.d" is newer than depends file "/home/ice/microros_ws/firmware/mcu_ws/build/nav_msgs/CMakeFiles/nav_msgs__rosidl_typesupport_introspection_c.dir/compiler_depend.internal".
[3.308s] Dependencies file "CMakeFiles/nav_msgs__rosidl_typesupport_introspection_c.dir/rosidl_typesupport_introspection_c/nav_msgs/msg/detail/map_meta_data__type_support.c.obj.d" is newer than depends file "/home/ice/microros_ws/firmware/mcu_ws/build/nav_msgs/CMakeFiles/nav_msgs__rosidl_typesupport_introspection_c.dir/compiler_depend.internal".
[3.308s] Dependencies file "CMakeFiles/nav_msgs__rosidl_typesupport_introspection_c.dir/rosidl_typesupport_introspection_c/nav_msgs/msg/detail/occupancy_grid__type_support.c.obj.d" is newer than depends file "/home/ice/microros_ws/firmware/mcu_ws/build/nav_msgs/CMakeFiles/nav_msgs__rosidl_typesupport_introspection_c.dir/compiler_depend.internal".
[3.309s] Dependencies file "CMakeFiles/nav_msgs__rosidl_typesupport_introspection_c.dir/rosidl_typesupport_introspection_c/nav_msgs/msg/detail/odometry__type_support.c.obj.d" is newer than depends file "/home/ice/microros_ws/firmware/mcu_ws/build/nav_msgs/CMakeFiles/nav_msgs__rosidl_typesupport_introspection_c.dir/compiler_depend.internal".
[3.309s] Dependencies file "CMakeFiles/nav_msgs__rosidl_typesupport_introspection_c.dir/rosidl_typesupport_introspection_c/nav_msgs/msg/detail/path__type_support.c.obj.d" is newer than depends file "/home/ice/microros_ws/firmware/mcu_ws/build/nav_msgs/CMakeFiles/nav_msgs__rosidl_typesupport_introspection_c.dir/compiler_depend.internal".
[3.309s] Dependencies file "CMakeFiles/nav_msgs__rosidl_typesupport_introspection_c.dir/rosidl_typesupport_introspection_c/nav_msgs/srv/detail/get_map__type_support.c.obj.d" is newer than depends file "/home/ice/microros_ws/firmware/mcu_ws/build/nav_msgs/CMakeFiles/nav_msgs__rosidl_typesupport_introspection_c.dir/compiler_depend.internal".
[3.309s] Dependencies file "CMakeFiles/nav_msgs__rosidl_typesupport_introspection_c.dir/rosidl_typesupport_introspection_c/nav_msgs/srv/detail/get_plan__type_support.c.obj.d" is newer than depends file "/home/ice/microros_ws/firmware/mcu_ws/build/nav_msgs/CMakeFiles/nav_msgs__rosidl_typesupport_introspection_c.dir/compiler_depend.internal".
[3.309s] Dependencies file "CMakeFiles/nav_msgs__rosidl_typesupport_introspection_c.dir/rosidl_typesupport_introspection_c/nav_msgs/srv/detail/load_map__type_support.c.obj.d" is newer than depends file "/home/ice/microros_ws/firmware/mcu_ws/build/nav_msgs/CMakeFiles/nav_msgs__rosidl_typesupport_introspection_c.dir/compiler_depend.internal".
[3.309s] Dependencies file "CMakeFiles/nav_msgs__rosidl_typesupport_introspection_c.dir/rosidl_typesupport_introspection_c/nav_msgs/srv/detail/set_map__type_support.c.obj.d" is newer than depends file "/home/ice/microros_ws/firmware/mcu_ws/build/nav_msgs/CMakeFiles/nav_msgs__rosidl_typesupport_introspection_c.dir/compiler_depend.internal".
[3.310s] [35m[1mConsolidate compiler generated dependencies of target nav_msgs__rosidl_typesupport_introspection_c[0m
[3.310s] gmake[6]: Leaving directory '/home/ice/microros_ws/firmware/mcu_ws/build/nav_msgs'
[3.310s] /usr/bin/gmake  -f CMakeFiles/nav_msgs__rosidl_typesupport_introspection_c.dir/build.make CMakeFiles/nav_msgs__rosidl_typesupport_introspection_c.dir/build
[3.332s] gmake[6]: Entering directory '/home/ice/microros_ws/firmware/mcu_ws/build/nav_msgs'
[3.332s] gmake[6]: Nothing to be done for 'CMakeFiles/nav_msgs__rosidl_typesupport_introspection_c.dir/build'.
[3.333s] gmake[6]: Leaving directory '/home/ice/microros_ws/firmware/mcu_ws/build/nav_msgs'
[3.354s] [100%] Built target nav_msgs__rosidl_typesupport_introspection_c
[3.356s] /usr/bin/gmake  -f CMakeFiles/nav_msgs.dir/build.make CMakeFiles/nav_msgs.dir/depend
[3.362s] gmake[6]: Entering directory '/home/ice/microros_ws/firmware/mcu_ws/build/nav_msgs'
[3.362s] cd /home/ice/microros_ws/firmware/mcu_ws/build/nav_msgs && /usr/bin/cmake -E cmake_depends "Unix Makefiles" /home/ice/microros_ws/firmware/mcu_ws/ros2/common_interfaces/nav_msgs /home/ice/microros_ws/firmware/mcu_ws/ros2/common_interfaces/nav_msgs /home/ice/microros_ws/firmware/mcu_ws/build/nav_msgs /home/ice/microros_ws/firmware/mcu_ws/build/nav_msgs /home/ice/microros_ws/firmware/mcu_ws/build/nav_msgs/CMakeFiles/nav_msgs.dir/DependInfo.cmake --color=
[3.385s] gmake[6]: Leaving directory '/home/ice/microros_ws/firmware/mcu_ws/build/nav_msgs'
[3.385s] /usr/bin/gmake  -f CMakeFiles/nav_msgs.dir/build.make CMakeFiles/nav_msgs.dir/build
[3.391s] gmake[6]: Entering directory '/home/ice/microros_ws/firmware/mcu_ws/build/nav_msgs'
[3.391s] gmake[6]: Nothing to be done for 'CMakeFiles/nav_msgs.dir/build'.
[3.391s] gmake[6]: Leaving directory '/home/ice/microros_ws/firmware/mcu_ws/build/nav_msgs'
[3.410s] [100%] Built target nav_msgs
[3.415s] gmake[5]: Leaving directory '/home/ice/microros_ws/firmware/mcu_ws/build/nav_msgs'
[3.415s] /usr/bin/cmake -E cmake_progress_start /home/ice/microros_ws/firmware/mcu_ws/build/nav_msgs/CMakeFiles 0
[3.443s] gmake[4]: Leaving directory '/home/ice/microros_ws/firmware/mcu_ws/build/nav_msgs'
[3.450s] Invoked command in '/home/ice/microros_ws/firmware/mcu_ws/build/nav_msgs' returned '0': AMENT_PREFIX_PATH=/home/ice/microros_ws/firmware/mcu_ws/install:${AMENT_PREFIX_PATH} CMAKE_PREFIX_PATH=/home/ice/microros_ws/firmware/mcu_ws/install:/home/ice/microros_ws/firmware/dev_ws/install/ament_lint_common:/home/ice/microros_ws/firmware/dev_ws/install/ament_cmake_uncrustify:/home/ice/microros_ws/firmware/dev_ws/install/uncrustify_vendor:/home/ice/microros_ws/firmware/dev_ws/install/ament_cmake_ros:/home/ice/microros_ws/firmware/dev_ws/install/ament_cmake_auto:/home/ice/microros_ws/firmware/dev_ws/install/ament_cmake_gmock:/home/ice/microros_ws/firmware/dev_ws/install/gmock_vendor:/home/ice/microros_ws/firmware/dev_ws/install/ament_cmake_gtest:/home/ice/microros_ws/firmware/dev_ws/install/gtest_vendor:/home/ice/microros_ws/firmware/dev_ws/install/ament_cmake_xmllint:/home/ice/microros_ws/firmware/dev_ws/install/ament_cmake_pyflakes:/home/ice/microros_ws/firmware/dev_ws/install/ament_cmake_pycodestyle:/home/ice/microros_ws/firmware/dev_ws/install/ament_cmake_pep257:/home/ice/microros_ws/firmware/dev_ws/install/ament_cmake_pclint:/home/ice/microros_ws/firmware/dev_ws/install/ament_lint_auto:/home/ice/microros_ws/firmware/dev_ws/install/ament_cmake:/home/ice/microros_ws/firmware/dev_ws/install/ament_cmake_version:/home/ice/microros_ws/firmware/dev_ws/install/ament_cmake_vendor_package:/home/ice/microros_ws/firmware/dev_ws/install/ament_cmake_pytest:/home/ice/microros_ws/firmware/dev_ws/install/ament_cmake_nose:/home/ice/microros_ws/firmware/dev_ws/install/ament_cmake_mypy:/home/ice/microros_ws/firmware/dev_ws/install/ament_cmake_lint_cmake:/home/ice/microros_ws/firmware/dev_ws/install/ament_cmake_google_benchmark:/home/ice/microros_ws/firmware/dev_ws/install/ament_cmake_flake8:/home/ice/microros_ws/firmware/dev_ws/install/ament_cmake_cpplint:/home/ice/microros_ws/firmware/dev_ws/install/ament_cmake_cppcheck:/home/ice/microros_ws/firmware/dev_ws/install/ament_cmake_copyright:/home/ice/microros_ws/firmware/dev_ws/install/ament_cmake_clang_tidy:/home/ice/microros_ws/firmware/dev_ws/install/ament_cmake_clang_format:/home/ice/microros_ws/firmware/dev_ws/install/ament_cmake_test:/home/ice/microros_ws/firmware/dev_ws/install/ament_cmake_target_dependencies:/home/ice/microros_ws/firmware/dev_ws/install/ament_cmake_python:/home/ice/microros_ws/firmware/dev_ws/install/ament_cmake_export_dependencies:/home/ice/microros_ws/firmware/dev_ws/install/ament_cmake_libraries:/home/ice/microros_ws/firmware/dev_ws/install/ament_cmake_include_directories:/home/ice/microros_ws/firmware/dev_ws/install/ament_cmake_gen_version_h:/home/ice/microros_ws/firmware/dev_ws/install/ament_cmake_export_targets:/home/ice/microros_ws/firmware/dev_ws/install/ament_cmake_export_link_flags:/home/ice/microros_ws/firmware/dev_ws/install/ament_cmake_export_interfaces:/home/ice/microros_ws/firmware/dev_ws/install/ament_cmake_export_libraries:/home/ice/microros_ws/firmware/dev_ws/install/ament_cmake_export_include_directories:/home/ice/microros_ws/firmware/dev_ws/install/ament_cmake_export_definitions:/home/ice/microros_ws/firmware/dev_ws/install/ament_cmake_core:/home/ice/microros_ws/firmware/dev_ws/install/ament_index_cpp:/home/ice/microros_ws/firmware/dev_ws/install/ament_uncrustify:/home/ice/microros_ws/firmware/dev_ws/install/domain_coordinator:/home/ice/microros_ws/firmware/dev_ws/install/ament_xmllint:/home/ice/microros_ws/firmware/dev_ws/install/ament_pyflakes:/home/ice/microros_ws/firmware/dev_ws/install/ament_pycodestyle:/home/ice/microros_ws/firmware/dev_ws/install/ament_pep257:/home/ice/microros_ws/firmware/dev_ws/install/ament_pclint:/home/ice/microros_ws/firmware/dev_ws/install/ament_package:/home/ice/microros_ws/firmware/dev_ws/install/ament_mypy:/home/ice/microros_ws/firmware/dev_ws/install/ament_lint_cmake:/home/ice/microros_ws/firmware/dev_ws/install/ament_flake8:/home/ice/microros_ws/firmware/dev_ws/install/ament_copyright:/home/ice/microros_ws/firmware/dev_ws/install/ament_lint:/home/ice/microros_ws/firmware/dev_ws/install/ament_index_python:/home/ice/microros_ws/firmware/dev_ws/install/ament_cpplint:/home/ice/microros_ws/firmware/dev_ws/install/ament_cppcheck:/home/ice/microros_ws/firmware/dev_ws/install/ament_clang_tidy:/home/ice/microros_ws/firmware/dev_ws/install/ament_clang_format LD_LIBRARY_PATH=/home/ice/microros_ws/firmware/mcu_ws/install/lib:${LD_LIBRARY_PATH} PATH=/home/ice/microros_ws/firmware/mcu_ws/install/bin:${PATH} PYTHONPATH=/home/ice/microros_ws/firmware/mcu_ws/install/lib/python3.10/site-packages:${PYTHONPATH} /usr/bin/cmake --build /home/ice/microros_ws/firmware/mcu_ws/build/nav_msgs -- -j2 -l2
[4.052s] Invoking command in '/home/ice/microros_ws/firmware/mcu_ws/build/nav_msgs': AMENT_PREFIX_PATH=/home/ice/microros_ws/firmware/mcu_ws/install:${AMENT_PREFIX_PATH} CMAKE_PREFIX_PATH=/home/ice/microros_ws/firmware/mcu_ws/install:/home/ice/microros_ws/firmware/dev_ws/install/ament_lint_common:/home/ice/microros_ws/firmware/dev_ws/install/ament_cmake_uncrustify:/home/ice/microros_ws/firmware/dev_ws/install/uncrustify_vendor:/home/ice/microros_ws/firmware/dev_ws/install/ament_cmake_ros:/home/ice/microros_ws/firmware/dev_ws/install/ament_cmake_auto:/home/ice/microros_ws/firmware/dev_ws/install/ament_cmake_gmock:/home/ice/microros_ws/firmware/dev_ws/install/gmock_vendor:/home/ice/microros_ws/firmware/dev_ws/install/ament_cmake_gtest:/home/ice/microros_ws/firmware/dev_ws/install/gtest_vendor:/home/ice/microros_ws/firmware/dev_ws/install/ament_cmake_xmllint:/home/ice/microros_ws/firmware/dev_ws/install/ament_cmake_pyflakes:/home/ice/microros_ws/firmware/dev_ws/install/ament_cmake_pycodestyle:/home/ice/microros_ws/firmware/dev_ws/install/ament_cmake_pep257:/home/ice/microros_ws/firmware/dev_ws/install/ament_cmake_pclint:/home/ice/microros_ws/firmware/dev_ws/install/ament_lint_auto:/home/ice/microros_ws/firmware/dev_ws/install/ament_cmake:/home/ice/microros_ws/firmware/dev_ws/install/ament_cmake_version:/home/ice/microros_ws/firmware/dev_ws/install/ament_cmake_vendor_package:/home/ice/microros_ws/firmware/dev_ws/install/ament_cmake_pytest:/home/ice/microros_ws/firmware/dev_ws/install/ament_cmake_nose:/home/ice/microros_ws/firmware/dev_ws/install/ament_cmake_mypy:/home/ice/microros_ws/firmware/dev_ws/install/ament_cmake_lint_cmake:/home/ice/microros_ws/firmware/dev_ws/install/ament_cmake_google_benchmark:/home/ice/microros_ws/firmware/dev_ws/install/ament_cmake_flake8:/home/ice/microros_ws/firmware/dev_ws/install/ament_cmake_cpplint:/home/ice/microros_ws/firmware/dev_ws/install/ament_cmake_cppcheck:/home/ice/microros_ws/firmware/dev_ws/install/ament_cmake_copyright:/home/ice/microros_ws/firmware/dev_ws/install/ament_cmake_clang_tidy:/home/ice/microros_ws/firmware/dev_ws/install/ament_cmake_clang_format:/home/ice/microros_ws/firmware/dev_ws/install/ament_cmake_test:/home/ice/microros_ws/firmware/dev_ws/install/ament_cmake_target_dependencies:/home/ice/microros_ws/firmware/dev_ws/install/ament_cmake_python:/home/ice/microros_ws/firmware/dev_ws/install/ament_cmake_export_dependencies:/home/ice/microros_ws/firmware/dev_ws/install/ament_cmake_libraries:/home/ice/microros_ws/firmware/dev_ws/install/ament_cmake_include_directories:/home/ice/microros_ws/firmware/dev_ws/install/ament_cmake_gen_version_h:/home/ice/microros_ws/firmware/dev_ws/install/ament_cmake_export_targets:/home/ice/microros_ws/firmware/dev_ws/install/ament_cmake_export_link_flags:/home/ice/microros_ws/firmware/dev_ws/install/ament_cmake_export_interfaces:/home/ice/microros_ws/firmware/dev_ws/install/ament_cmake_export_libraries:/home/ice/microros_ws/firmware/dev_ws/install/ament_cmake_export_include_directories:/home/ice/microros_ws/firmware/dev_ws/install/ament_cmake_export_definitions:/home/ice/microros_ws/firmware/dev_ws/install/ament_cmake_core:/home/ice/microros_ws/firmware/dev_ws/install/ament_index_cpp:/home/ice/microros_ws/firmware/dev_ws/install/ament_uncrustify:/home/ice/microros_ws/firmware/dev_ws/install/domain_coordinator:/home/ice/microros_ws/firmware/dev_ws/install/ament_xmllint:/home/ice/microros_ws/firmware/dev_ws/install/ament_pyflakes:/home/ice/microros_ws/firmware/dev_ws/install/ament_pycodestyle:/home/ice/microros_ws/firmware/dev_ws/install/ament_pep257:/home/ice/microros_ws/firmware/dev_ws/install/ament_pclint:/home/ice/microros_ws/firmware/dev_ws/install/ament_package:/home/ice/microros_ws/firmware/dev_ws/install/ament_mypy:/home/ice/microros_ws/firmware/dev_ws/install/ament_lint_cmake:/home/ice/microros_ws/firmware/dev_ws/install/ament_flake8:/home/ice/microros_ws/firmware/dev_ws/install/ament_copyright:/home/ice/microros_ws/firmware/dev_ws/install/ament_lint:/home/ice/microros_ws/firmware/dev_ws/install/ament_index_python:/home/ice/microros_ws/firmware/dev_ws/install/ament_cpplint:/home/ice/microros_ws/firmware/dev_ws/install/ament_cppcheck:/home/ice/microros_ws/firmware/dev_ws/install/ament_clang_tidy:/home/ice/microros_ws/firmware/dev_ws/install/ament_clang_format LD_LIBRARY_PATH=/home/ice/microros_ws/firmware/mcu_ws/install/lib:${LD_LIBRARY_PATH} PATH=/home/ice/microros_ws/firmware/mcu_ws/install/bin:${PATH} PYTHONPATH=/home/ice/microros_ws/firmware/mcu_ws/install/lib/python3.10/site-packages:${PYTHONPATH} /usr/bin/cmake --install /home/ice/microros_ws/firmware/mcu_ws/build/nav_msgs
[4.070s] -- Install configuration: "Debug"
[4.071s] -- Up-to-date: /home/ice/microros_ws/firmware/mcu_ws/install/share/ament_index/resource_index/rosidl_interfaces/nav_msgs
[4.071s] -- Up-to-date: /home/ice/microros_ws/firmware/mcu_ws/install/include/nav_msgs/nav_msgs
[4.071s] -- Up-to-date: /home/ice/microros_ws/firmware/mcu_ws/install/include/nav_msgs/nav_msgs/srv
[4.071s] -- Up-to-date: /home/ice/microros_ws/firmware/mcu_ws/install/include/nav_msgs/nav_msgs/srv/detail
[4.072s] -- Up-to-date: /home/ice/microros_ws/firmware/mcu_ws/install/include/nav_msgs/nav_msgs/srv/detail/get_map__functions.c
[4.072s] -- Up-to-date: /home/ice/microros_ws/firmware/mcu_ws/install/include/nav_msgs/nav_msgs/srv/detail/load_map__functions.c
[4.073s] -- Up-to-date: /home/ice/microros_ws/firmware/mcu_ws/install/include/nav_msgs/nav_msgs/srv/detail/load_map__type_support.h
[4.073s] -- Up-to-date: /home/ice/microros_ws/firmware/mcu_ws/install/include/nav_msgs/nav_msgs/srv/detail/get_plan__functions.h
[4.073s] -- Up-to-date: /home/ice/microros_ws/firmware/mcu_ws/install/include/nav_msgs/nav_msgs/srv/detail/set_map__functions.h
[4.073s] -- Up-to-date: /home/ice/microros_ws/firmware/mcu_ws/install/include/nav_msgs/nav_msgs/srv/detail/set_map__functions.c
[4.076s] -- Up-to-date: /home/ice/microros_ws/firmware/mcu_ws/install/include/nav_msgs/nav_msgs/srv/detail/set_map__type_support.h
[4.076s] -- Up-to-date: /home/ice/microros_ws/firmware/mcu_ws/install/include/nav_msgs/nav_msgs/srv/detail/get_map__type_support.h
[4.077s] -- Up-to-date: /home/ice/microros_ws/firmware/mcu_ws/install/include/nav_msgs/nav_msgs/srv/detail/get_map__struct.h
[4.077s] -- Up-to-date: /home/ice/microros_ws/firmware/mcu_ws/install/include/nav_msgs/nav_msgs/srv/detail/load_map__struct.h
[4.077s] -- Up-to-date: /home/ice/microros_ws/firmware/mcu_ws/install/include/nav_msgs/nav_msgs/srv/detail/set_map__struct.h
[4.077s] -- Up-to-date: /home/ice/microros_ws/firmware/mcu_ws/install/include/nav_msgs/nav_msgs/srv/detail/load_map__functions.h
[4.077s] -- Up-to-date: /home/ice/microros_ws/firmware/mcu_ws/install/include/nav_msgs/nav_msgs/srv/detail/get_plan__functions.c
[4.078s] -- Up-to-date: /home/ice/microros_ws/firmware/mcu_ws/install/include/nav_msgs/nav_msgs/srv/detail/get_plan__struct.h
[4.078s] -- Up-to-date: /home/ice/microros_ws/firmware/mcu_ws/install/include/nav_msgs/nav_msgs/srv/detail/get_plan__type_support.h
[4.079s] -- Up-to-date: /home/ice/microros_ws/firmware/mcu_ws/install/include/nav_msgs/nav_msgs/srv/detail/get_map__functions.h
[4.080s] -- Up-to-date: /home/ice/microros_ws/firmware/mcu_ws/install/include/nav_msgs/nav_msgs/srv/get_map.h
[4.080s] -- Up-to-date: /home/ice/microros_ws/firmware/mcu_ws/install/include/nav_msgs/nav_msgs/srv/load_map.h
[4.080s] -- Up-to-date: /home/ice/microros_ws/firmware/mcu_ws/install/include/nav_msgs/nav_msgs/srv/set_map.h
[4.080s] -- Up-to-date: /home/ice/microros_ws/firmware/mcu_ws/install/include/nav_msgs/nav_msgs/srv/get_plan.h
[4.080s] -- Up-to-date: /home/ice/microros_ws/firmware/mcu_ws/install/include/nav_msgs/nav_msgs/msg
[4.080s] -- Up-to-date: /home/ice/microros_ws/firmware/mcu_ws/install/include/nav_msgs/nav_msgs/msg/grid_cells.h
[4.080s] -- Up-to-date: /home/ice/microros_ws/firmware/mcu_ws/install/include/nav_msgs/nav_msgs/msg/odometry.h
[4.081s] -- Up-to-date: /home/ice/microros_ws/firmware/mcu_ws/install/include/nav_msgs/nav_msgs/msg/detail
[4.082s] -- Up-to-date: /home/ice/microros_ws/firmware/mcu_ws/install/include/nav_msgs/nav_msgs/msg/detail/odometry__type_support.h
[4.082s] -- Up-to-date: /home/ice/microros_ws/firmware/mcu_ws/install/include/nav_msgs/nav_msgs/msg/detail/path__struct.h
[4.083s] -- Up-to-date: /home/ice/microros_ws/firmware/mcu_ws/install/include/nav_msgs/nav_msgs/msg/detail/map_meta_data__functions.c
[4.083s] -- Up-to-date: /home/ice/microros_ws/firmware/mcu_ws/install/include/nav_msgs/nav_msgs/msg/detail/occupancy_grid__functions.h
[4.083s] -- Up-to-date: /home/ice/microros_ws/firmware/mcu_ws/install/include/nav_msgs/nav_msgs/msg/detail/grid_cells__functions.h
[4.083s] -- Up-to-date: /home/ice/microros_ws/firmware/mcu_ws/install/include/nav_msgs/nav_msgs/msg/detail/map_meta_data__functions.h
[4.083s] -- Up-to-date: /home/ice/microros_ws/firmware/mcu_ws/install/include/nav_msgs/nav_msgs/msg/detail/map_meta_data__type_support.h
[4.084s] -- Up-to-date: /home/ice/microros_ws/firmware/mcu_ws/install/include/nav_msgs/nav_msgs/msg/detail/occupancy_grid__struct.h
[4.084s] -- Up-to-date: /home/ice/microros_ws/firmware/mcu_ws/install/include/nav_msgs/nav_msgs/msg/detail/odometry__functions.h
[4.084s] -- Up-to-date: /home/ice/microros_ws/firmware/mcu_ws/install/include/nav_msgs/nav_msgs/msg/detail/grid_cells__functions.c
[4.084s] -- Up-to-date: /home/ice/microros_ws/firmware/mcu_ws/install/include/nav_msgs/nav_msgs/msg/detail/path__functions.c
[4.084s] -- Up-to-date: /home/ice/microros_ws/firmware/mcu_ws/install/include/nav_msgs/nav_msgs/msg/detail/occupancy_grid__functions.c
[4.085s] -- Up-to-date: /home/ice/microros_ws/firmware/mcu_ws/install/include/nav_msgs/nav_msgs/msg/detail/occupancy_grid__type_support.h
[4.085s] -- Up-to-date: /home/ice/microros_ws/firmware/mcu_ws/install/include/nav_msgs/nav_msgs/msg/detail/grid_cells__struct.h
[4.086s] -- Up-to-date: /home/ice/microros_ws/firmware/mcu_ws/install/include/nav_msgs/nav_msgs/msg/detail/odometry__struct.h
[4.086s] -- Up-to-date: /home/ice/microros_ws/firmware/mcu_ws/install/include/nav_msgs/nav_msgs/msg/detail/grid_cells__type_support.h
[4.086s] -- Up-to-date: /home/ice/microros_ws/firmware/mcu_ws/install/include/nav_msgs/nav_msgs/msg/detail/map_meta_data__struct.h
[4.087s] -- Up-to-date: /home/ice/microros_ws/firmware/mcu_ws/install/include/nav_msgs/nav_msgs/msg/detail/path__functions.h
[4.087s] -- Up-to-date: /home/ice/microros_ws/firmware/mcu_ws/install/include/nav_msgs/nav_msgs/msg/detail/path__type_support.h
[4.087s] -- Up-to-date: /home/ice/microros_ws/firmware/mcu_ws/install/include/nav_msgs/nav_msgs/msg/detail/odometry__functions.c
[4.088s] -- Up-to-date: /home/ice/microros_ws/firmware/mcu_ws/install/include/nav_msgs/nav_msgs/msg/occupancy_grid.h
[4.088s] -- Up-to-date: /home/ice/microros_ws/firmware/mcu_ws/install/include/nav_msgs/nav_msgs/msg/path.h
[4.088s] -- Up-to-date: /home/ice/microros_ws/firmware/mcu_ws/install/include/nav_msgs/nav_msgs/msg/rosidl_generator_c__visibility_control.h
[4.089s] -- Up-to-date: /home/ice/microros_ws/firmware/mcu_ws/install/include/nav_msgs/nav_msgs/msg/map_meta_data.h
[4.089s] -- Up-to-date: /home/ice/microros_ws/firmware/mcu_ws/install/share/nav_msgs/environment/library_path.sh
[4.089s] -- Installing: /home/ice/microros_ws/firmware/mcu_ws/install/share/nav_msgs/environment/library_path.dsv
[4.101s] -- Up-to-date: /home/ice/microros_ws/firmware/mcu_ws/install/lib/libnav_msgs__rosidl_generator_c.a
[4.102s] -- Up-to-date: /home/ice/microros_ws/firmware/mcu_ws/install/include/nav_msgs/nav_msgs
[4.102s] -- Up-to-date: /home/ice/microros_ws/firmware/mcu_ws/install/include/nav_msgs/nav_msgs/srv
[4.103s] -- Up-to-date: /home/ice/microros_ws/firmware/mcu_ws/install/include/nav_msgs/nav_msgs/srv/detail
[4.103s] -- Up-to-date: /home/ice/microros_ws/firmware/mcu_ws/install/include/nav_msgs/nav_msgs/srv/detail/set_map__type_support.c
[4.103s] -- Up-to-date: /home/ice/microros_ws/firmware/mcu_ws/install/include/nav_msgs/nav_msgs/srv/detail/get_map__rosidl_typesupport_introspection_c.h
[4.103s] -- Up-to-date: /home/ice/microros_ws/firmware/mcu_ws/install/include/nav_msgs/nav_msgs/srv/detail/get_plan__type_support.c
[4.103s] -- Up-to-date: /home/ice/microros_ws/firmware/mcu_ws/install/include/nav_msgs/nav_msgs/srv/detail/get_map__type_support.c
[4.103s] -- Up-to-date: /home/ice/microros_ws/firmware/mcu_ws/install/include/nav_msgs/nav_msgs/srv/detail/set_map__rosidl_typesupport_introspection_c.h
[4.103s] -- Up-to-date: /home/ice/microros_ws/firmware/mcu_ws/install/include/nav_msgs/nav_msgs/srv/detail/load_map__rosidl_typesupport_introspection_c.h
[4.103s] -- Up-to-date: /home/ice/microros_ws/firmware/mcu_ws/install/include/nav_msgs/nav_msgs/srv/detail/get_plan__rosidl_typesupport_introspection_c.h
[4.103s] -- Up-to-date: /home/ice/microros_ws/firmware/mcu_ws/install/include/nav_msgs/nav_msgs/srv/detail/load_map__type_support.c
[4.103s] -- Up-to-date: /home/ice/microros_ws/firmware/mcu_ws/install/include/nav_msgs/nav_msgs/msg
[4.104s] -- Up-to-date: /home/ice/microros_ws/firmware/mcu_ws/install/include/nav_msgs/nav_msgs/msg/detail
[4.104s] -- Up-to-date: /home/ice/microros_ws/firmware/mcu_ws/install/include/nav_msgs/nav_msgs/msg/detail/path__type_support.c
[4.104s] -- Up-to-date: /home/ice/microros_ws/firmware/mcu_ws/install/include/nav_msgs/nav_msgs/msg/detail/map_meta_data__rosidl_typesupport_introspection_c.h
[4.104s] -- Up-to-date: /home/ice/microros_ws/firmware/mcu_ws/install/include/nav_msgs/nav_msgs/msg/detail/odometry__rosidl_typesupport_introspection_c.h
[4.104s] -- Up-to-date: /home/ice/microros_ws/firmware/mcu_ws/install/include/nav_msgs/nav_msgs/msg/detail/map_meta_data__type_support.c
[4.104s] -- Up-to-date: /home/ice/microros_ws/firmware/mcu_ws/install/include/nav_msgs/nav_msgs/msg/detail/odometry__type_support.c
[4.104s] -- Up-to-date: /home/ice/microros_ws/firmware/mcu_ws/install/include/nav_msgs/nav_msgs/msg/detail/grid_cells__type_support.c
[4.105s] -- Up-to-date: /home/ice/microros_ws/firmware/mcu_ws/install/include/nav_msgs/nav_msgs/msg/detail/path__rosidl_typesupport_introspection_c.h
[4.105s] -- Up-to-date: /home/ice/microros_ws/firmware/mcu_ws/install/include/nav_msgs/nav_msgs/msg/detail/occupancy_grid__type_support.c
[4.105s] -- Up-to-date: /home/ice/microros_ws/firmware/mcu_ws/install/include/nav_msgs/nav_msgs/msg/detail/grid_cells__rosidl_typesupport_introspection_c.h
[4.105s] -- Up-to-date: /home/ice/microros_ws/firmware/mcu_ws/install/include/nav_msgs/nav_msgs/msg/detail/occupancy_grid__rosidl_typesupport_introspection_c.h
[4.105s] -- Up-to-date: /home/ice/microros_ws/firmware/mcu_ws/install/include/nav_msgs/nav_msgs/msg/rosidl_typesupport_introspection_c__visibility_control.h
[4.106s] -- Up-to-date: /home/ice/microros_ws/firmware/mcu_ws/install/lib/libnav_msgs__rosidl_typesupport_introspection_c.a
[4.106s] -- Up-to-date: /home/ice/microros_ws/firmware/mcu_ws/install/include/nav_msgs
[4.128s] -- Up-to-date: /home/ice/microros_ws/firmware/mcu_ws/install/include/nav_msgs/srv
[4.132s] -- Up-to-date: /home/ice/microros_ws/firmware/mcu_ws/install/include/nav_msgs/srv/detail
[4.138s] -- Up-to-date: /home/ice/microros_ws/firmware/mcu_ws/install/include/nav_msgs/srv/detail/get_plan__rosidl_typesupport_microxrcedds_c.h
[4.138s] -- Up-to-date: /home/ice/microros_ws/firmware/mcu_ws/install/include/nav_msgs/srv/detail/set_map__rosidl_typesupport_microxrcedds_c.h
[4.140s] -- Up-to-date: /home/ice/microros_ws/firmware/mcu_ws/install/include/nav_msgs/srv/detail/load_map__rosidl_typesupport_microxrcedds_c.h
[4.140s] -- Up-to-date: /home/ice/microros_ws/firmware/mcu_ws/install/include/nav_msgs/srv/detail/get_map__rosidl_typesupport_microxrcedds_c.h
[4.140s] -- Up-to-date: /home/ice/microros_ws/firmware/mcu_ws/install/include/nav_msgs/srv/detail/microxrcedds
[4.140s] -- Up-to-date: /home/ice/microros_ws/firmware/mcu_ws/install/include/nav_msgs/msg
[4.140s] -- Up-to-date: /home/ice/microros_ws/firmware/mcu_ws/install/include/nav_msgs/msg/detail
[4.140s] -- Up-to-date: /home/ice/microros_ws/firmware/mcu_ws/install/include/nav_msgs/msg/detail/map_meta_data__rosidl_typesupport_microxrcedds_c.h
[4.141s] -- Up-to-date: /home/ice/microros_ws/firmware/mcu_ws/install/include/nav_msgs/msg/detail/grid_cells__rosidl_typesupport_microxrcedds_c.h
[4.141s] -- Up-to-date: /home/ice/microros_ws/firmware/mcu_ws/install/include/nav_msgs/msg/detail/occupancy_grid__rosidl_typesupport_microxrcedds_c.h
[4.141s] -- Up-to-date: /home/ice/microros_ws/firmware/mcu_ws/install/include/nav_msgs/msg/detail/path__rosidl_typesupport_microxrcedds_c.h
[4.141s] -- Up-to-date: /home/ice/microros_ws/firmware/mcu_ws/install/include/nav_msgs/msg/detail/microxrcedds
[4.141s] -- Up-to-date: /home/ice/microros_ws/firmware/mcu_ws/install/include/nav_msgs/msg/detail/odometry__rosidl_typesupport_microxrcedds_c.h
[4.141s] -- Up-to-date: /home/ice/microros_ws/firmware/mcu_ws/install/include/nav_msgs/msg/rosidl_typesupport_microxrcedds_c__visibility_control.h
[4.141s] -- Up-to-date: /home/ice/microros_ws/firmware/mcu_ws/install/lib/libnav_msgs__rosidl_typesupport_microxrcedds_c.a
[4.141s] -- Up-to-date: /home/ice/microros_ws/firmware/mcu_ws/install/lib/libnav_msgs__rosidl_typesupport_c.a
[4.141s] -- Up-to-date: /home/ice/microros_ws/firmware/mcu_ws/install/share/nav_msgs/msg/GridCells.idl
[4.141s] -- Up-to-date: /home/ice/microros_ws/firmware/mcu_ws/install/share/nav_msgs/msg/MapMetaData.idl
[4.142s] -- Up-to-date: /home/ice/microros_ws/firmware/mcu_ws/install/share/nav_msgs/msg/OccupancyGrid.idl
[4.142s] -- Up-to-date: /home/ice/microros_ws/firmware/mcu_ws/install/share/nav_msgs/msg/Odometry.idl
[4.142s] -- Up-to-date: /home/ice/microros_ws/firmware/mcu_ws/install/share/nav_msgs/msg/Path.idl
[4.142s] -- Up-to-date: /home/ice/microros_ws/firmware/mcu_ws/install/share/nav_msgs/srv/GetMap.idl
[4.143s] -- Up-to-date: /home/ice/microros_ws/firmware/mcu_ws/install/share/nav_msgs/srv/GetPlan.idl
[4.143s] -- Up-to-date: /home/ice/microros_ws/firmware/mcu_ws/install/share/nav_msgs/srv/LoadMap.idl
[4.143s] -- Up-to-date: /home/ice/microros_ws/firmware/mcu_ws/install/share/nav_msgs/srv/SetMap.idl
[4.143s] -- Up-to-date: /home/ice/microros_ws/firmware/mcu_ws/install/share/nav_msgs/msg/GridCells.msg
[4.143s] -- Up-to-date: /home/ice/microros_ws/firmware/mcu_ws/install/share/nav_msgs/msg/MapMetaData.msg
[4.143s] -- Up-to-date: /home/ice/microros_ws/firmware/mcu_ws/install/share/nav_msgs/msg/OccupancyGrid.msg
[4.144s] -- Up-to-date: /home/ice/microros_ws/firmware/mcu_ws/install/share/nav_msgs/msg/Odometry.msg
[4.144s] -- Up-to-date: /home/ice/microros_ws/firmware/mcu_ws/install/share/nav_msgs/msg/Path.msg
[4.144s] -- Up-to-date: /home/ice/microros_ws/firmware/mcu_ws/install/share/nav_msgs/srv/GetMap.srv
[4.144s] -- Up-to-date: /home/ice/microros_ws/firmware/mcu_ws/install/share/nav_msgs/srv/GetMap_Request.msg
[4.144s] -- Up-to-date: /home/ice/microros_ws/firmware/mcu_ws/install/share/nav_msgs/srv/GetMap_Response.msg
[4.144s] -- Up-to-date: /home/ice/microros_ws/firmware/mcu_ws/install/share/nav_msgs/srv/GetPlan.srv
[4.144s] -- Up-to-date: /home/ice/microros_ws/firmware/mcu_ws/install/share/nav_msgs/srv/GetPlan_Request.msg
[4.145s] -- Up-to-date: /home/ice/microros_ws/firmware/mcu_ws/install/share/nav_msgs/srv/GetPlan_Response.msg
[4.145s] -- Up-to-date: /home/ice/microros_ws/firmware/mcu_ws/install/share/nav_msgs/srv/LoadMap.srv
[4.145s] -- Up-to-date: /home/ice/microros_ws/firmware/mcu_ws/install/share/nav_msgs/srv/LoadMap_Request.msg
[4.145s] -- Up-to-date: /home/ice/microros_ws/firmware/mcu_ws/install/share/nav_msgs/srv/LoadMap_Response.msg
[4.145s] -- Up-to-date: /home/ice/microros_ws/firmware/mcu_ws/install/share/nav_msgs/srv/SetMap.srv
[4.145s] -- Up-to-date: /home/ice/microros_ws/firmware/mcu_ws/install/share/nav_msgs/srv/SetMap_Request.msg
[4.145s] -- Up-to-date: /home/ice/microros_ws/firmware/mcu_ws/install/share/nav_msgs/srv/SetMap_Response.msg
[4.145s] -- Up-to-date: /home/ice/microros_ws/firmware/mcu_ws/install/share/ament_index/resource_index/package_run_dependencies/nav_msgs
[4.145s] -- Up-to-date: /home/ice/microros_ws/firmware/mcu_ws/install/share/ament_index/resource_index/parent_prefix_path/nav_msgs
[4.145s] -- Up-to-date: /home/ice/microros_ws/firmware/mcu_ws/install/share/nav_msgs/environment/ament_prefix_path.sh
[4.145s] -- Installing: /home/ice/microros_ws/firmware/mcu_ws/install/share/nav_msgs/environment/ament_prefix_path.dsv
[4.145s] -- Up-to-date: /home/ice/microros_ws/firmware/mcu_ws/install/share/nav_msgs/environment/path.sh
[4.145s] -- Installing: /home/ice/microros_ws/firmware/mcu_ws/install/share/nav_msgs/environment/path.dsv
[4.145s] -- Up-to-date: /home/ice/microros_ws/firmware/mcu_ws/install/share/nav_msgs/local_setup.bash
[4.146s] -- Up-to-date: /home/ice/microros_ws/firmware/mcu_ws/install/share/nav_msgs/local_setup.sh
[4.146s] -- Up-to-date: /home/ice/microros_ws/firmware/mcu_ws/install/share/nav_msgs/local_setup.zsh
[4.146s] -- Installing: /home/ice/microros_ws/firmware/mcu_ws/install/share/nav_msgs/local_setup.dsv
[4.146s] -- Installing: /home/ice/microros_ws/firmware/mcu_ws/install/share/nav_msgs/package.dsv
[4.146s] -- Up-to-date: /home/ice/microros_ws/firmware/mcu_ws/install/share/ament_index/resource_index/packages/nav_msgs
[4.146s] -- Up-to-date: /home/ice/microros_ws/firmware/mcu_ws/install/share/nav_msgs/cmake/export_nav_msgs__rosidl_generator_cExport.cmake
[4.146s] -- Up-to-date: /home/ice/microros_ws/firmware/mcu_ws/install/share/nav_msgs/cmake/export_nav_msgs__rosidl_generator_cExport-debug.cmake
[4.146s] -- Up-to-date: /home/ice/microros_ws/firmware/mcu_ws/install/share/nav_msgs/cmake/nav_msgs__rosidl_typesupport_introspection_cExport.cmake
[4.146s] -- Up-to-date: /home/ice/microros_ws/firmware/mcu_ws/install/share/nav_msgs/cmake/nav_msgs__rosidl_typesupport_introspection_cExport-debug.cmake
[4.146s] -- Up-to-date: /home/ice/microros_ws/firmware/mcu_ws/install/share/nav_msgs/cmake/nav_msgs__rosidl_typesupport_cExport.cmake
[4.146s] -- Up-to-date: /home/ice/microros_ws/firmware/mcu_ws/install/share/nav_msgs/cmake/nav_msgs__rosidl_typesupport_cExport-debug.cmake
[4.146s] -- Up-to-date: /home/ice/microros_ws/firmware/mcu_ws/install/share/nav_msgs/cmake/rosidl_cmake-extras.cmake
[4.146s] -- Up-to-date: /home/ice/microros_ws/firmware/mcu_ws/install/share/nav_msgs/cmake/ament_cmake_export_dependencies-extras.cmake
[4.146s] -- Up-to-date: /home/ice/microros_ws/firmware/mcu_ws/install/share/nav_msgs/cmake/ament_cmake_export_include_directories-extras.cmake
[4.147s] -- Up-to-date: /home/ice/microros_ws/firmware/mcu_ws/install/share/nav_msgs/cmake/ament_cmake_export_libraries-extras.cmake
[4.147s] -- Up-to-date: /home/ice/microros_ws/firmware/mcu_ws/install/share/nav_msgs/cmake/ament_cmake_export_targets-extras.cmake
[4.147s] -- Up-to-date: /home/ice/microros_ws/firmware/mcu_ws/install/share/nav_msgs/cmake/rosidl_cmake_export_typesupport_targets-extras.cmake
[4.147s] -- Up-to-date: /home/ice/microros_ws/firmware/mcu_ws/install/share/nav_msgs/cmake/rosidl_cmake_export_typesupport_libraries-extras.cmake
[4.147s] -- Up-to-date: /home/ice/microros_ws/firmware/mcu_ws/install/share/nav_msgs/cmake/nav_msgsConfig.cmake
[4.147s] -- Up-to-date: /home/ice/microros_ws/firmware/mcu_ws/install/share/nav_msgs/cmake/nav_msgsConfig-version.cmake
[4.147s] -- Up-to-date: /home/ice/microros_ws/firmware/mcu_ws/install/share/nav_msgs/package.xml
[4.147s] Invoked command in '/home/ice/microros_ws/firmware/mcu_ws/build/nav_msgs' returned '0': AMENT_PREFIX_PATH=/home/ice/microros_ws/firmware/mcu_ws/install:${AMENT_PREFIX_PATH} CMAKE_PREFIX_PATH=/home/ice/microros_ws/firmware/mcu_ws/install:/home/ice/microros_ws/firmware/dev_ws/install/ament_lint_common:/home/ice/microros_ws/firmware/dev_ws/install/ament_cmake_uncrustify:/home/ice/microros_ws/firmware/dev_ws/install/uncrustify_vendor:/home/ice/microros_ws/firmware/dev_ws/install/ament_cmake_ros:/home/ice/microros_ws/firmware/dev_ws/install/ament_cmake_auto:/home/ice/microros_ws/firmware/dev_ws/install/ament_cmake_gmock:/home/ice/microros_ws/firmware/dev_ws/install/gmock_vendor:/home/ice/microros_ws/firmware/dev_ws/install/ament_cmake_gtest:/home/ice/microros_ws/firmware/dev_ws/install/gtest_vendor:/home/ice/microros_ws/firmware/dev_ws/install/ament_cmake_xmllint:/home/ice/microros_ws/firmware/dev_ws/install/ament_cmake_pyflakes:/home/ice/microros_ws/firmware/dev_ws/install/ament_cmake_pycodestyle:/home/ice/microros_ws/firmware/dev_ws/install/ament_cmake_pep257:/home/ice/microros_ws/firmware/dev_ws/install/ament_cmake_pclint:/home/ice/microros_ws/firmware/dev_ws/install/ament_lint_auto:/home/ice/microros_ws/firmware/dev_ws/install/ament_cmake:/home/ice/microros_ws/firmware/dev_ws/install/ament_cmake_version:/home/ice/microros_ws/firmware/dev_ws/install/ament_cmake_vendor_package:/home/ice/microros_ws/firmware/dev_ws/install/ament_cmake_pytest:/home/ice/microros_ws/firmware/dev_ws/install/ament_cmake_nose:/home/ice/microros_ws/firmware/dev_ws/install/ament_cmake_mypy:/home/ice/microros_ws/firmware/dev_ws/install/ament_cmake_lint_cmake:/home/ice/microros_ws/firmware/dev_ws/install/ament_cmake_google_benchmark:/home/ice/microros_ws/firmware/dev_ws/install/ament_cmake_flake8:/home/ice/microros_ws/firmware/dev_ws/install/ament_cmake_cpplint:/home/ice/microros_ws/firmware/dev_ws/install/ament_cmake_cppcheck:/home/ice/microros_ws/firmware/dev_ws/install/ament_cmake_copyright:/home/ice/microros_ws/firmware/dev_ws/install/ament_cmake_clang_tidy:/home/ice/microros_ws/firmware/dev_ws/install/ament_cmake_clang_format:/home/ice/microros_ws/firmware/dev_ws/install/ament_cmake_test:/home/ice/microros_ws/firmware/dev_ws/install/ament_cmake_target_dependencies:/home/ice/microros_ws/firmware/dev_ws/install/ament_cmake_python:/home/ice/microros_ws/firmware/dev_ws/install/ament_cmake_export_dependencies:/home/ice/microros_ws/firmware/dev_ws/install/ament_cmake_libraries:/home/ice/microros_ws/firmware/dev_ws/install/ament_cmake_include_directories:/home/ice/microros_ws/firmware/dev_ws/install/ament_cmake_gen_version_h:/home/ice/microros_ws/firmware/dev_ws/install/ament_cmake_export_targets:/home/ice/microros_ws/firmware/dev_ws/install/ament_cmake_export_link_flags:/home/ice/microros_ws/firmware/dev_ws/install/ament_cmake_export_interfaces:/home/ice/microros_ws/firmware/dev_ws/install/ament_cmake_export_libraries:/home/ice/microros_ws/firmware/dev_ws/install/ament_cmake_export_include_directories:/home/ice/microros_ws/firmware/dev_ws/install/ament_cmake_export_definitions:/home/ice/microros_ws/firmware/dev_ws/install/ament_cmake_core:/home/ice/microros_ws/firmware/dev_ws/install/ament_index_cpp:/home/ice/microros_ws/firmware/dev_ws/install/ament_uncrustify:/home/ice/microros_ws/firmware/dev_ws/install/domain_coordinator:/home/ice/microros_ws/firmware/dev_ws/install/ament_xmllint:/home/ice/microros_ws/firmware/dev_ws/install/ament_pyflakes:/home/ice/microros_ws/firmware/dev_ws/install/ament_pycodestyle:/home/ice/microros_ws/firmware/dev_ws/install/ament_pep257:/home/ice/microros_ws/firmware/dev_ws/install/ament_pclint:/home/ice/microros_ws/firmware/dev_ws/install/ament_package:/home/ice/microros_ws/firmware/dev_ws/install/ament_mypy:/home/ice/microros_ws/firmware/dev_ws/install/ament_lint_cmake:/home/ice/microros_ws/firmware/dev_ws/install/ament_flake8:/home/ice/microros_ws/firmware/dev_ws/install/ament_copyright:/home/ice/microros_ws/firmware/dev_ws/install/ament_lint:/home/ice/microros_ws/firmware/dev_ws/install/ament_index_python:/home/ice/microros_ws/firmware/dev_ws/install/ament_cpplint:/home/ice/microros_ws/firmware/dev_ws/install/ament_cppcheck:/home/ice/microros_ws/firmware/dev_ws/install/ament_clang_tidy:/home/ice/microros_ws/firmware/dev_ws/install/ament_clang_format LD_LIBRARY_PATH=/home/ice/microros_ws/firmware/mcu_ws/install/lib:${LD_LIBRARY_PATH} PATH=/home/ice/microros_ws/firmware/mcu_ws/install/bin:${PATH} PYTHONPATH=/home/ice/microros_ws/firmware/mcu_ws/install/lib/python3.10/site-packages:${PYTHONPATH} /usr/bin/cmake --install /home/ice/microros_ws/firmware/mcu_ws/build/nav_msgs
