[1.895s] Invoking command in '/home/ice/microros_ws/firmware/mcu_ws/ros2/common_interfaces/sensor_msgs_py': AMENT_PREFIX_PATH=/home/ice/microros_ws/firmware/mcu_ws/install:${AMENT_PREFIX_PATH} CMAKE_PREFIX_PATH=/home/ice/microros_ws/firmware/mcu_ws/install:${CMAKE_PREFIX_PATH} LD_LIBRARY_PATH=/home/ice/microros_ws/firmware/mcu_ws/install/lib:${LD_LIBRARY_PATH} PATH=/home/ice/microros_ws/firmware/mcu_ws/install/bin:${PATH} PYTHONPATH=/home/ice/microros_ws/firmware/mcu_ws/build/sensor_msgs_py/prefix_override:/home/ice/microros_ws/firmware/mcu_ws/install/lib/python3.10/site-packages:/home/ice/microros_ws/firmware/mcu_ws/install/lib/python3.10/site-packages:${PYTHONPATH} /home/ice/microros_ws/firmware/toolchain/espressif/python_env/idf4.1_py3.10_env/bin/python setup.py egg_info --egg-base ../../../build/sensor_msgs_py build --build-base /home/ice/microros_ws/firmware/mcu_ws/build/sensor_msgs_py/build install --record /home/ice/microros_ws/firmware/mcu_ws/build/sensor_msgs_py/install.log --single-version-externally-managed
[2.249s] running egg_info
[2.261s] writing ../../../build/sensor_msgs_py/sensor_msgs_py.egg-info/PKG-INFO
[2.269s] writing dependency_links to ../../../build/sensor_msgs_py/sensor_msgs_py.egg-info/dependency_links.txt
[2.279s] writing requirements to ../../../build/sensor_msgs_py/sensor_msgs_py.egg-info/requires.txt
[2.279s] writing top-level names to ../../../build/sensor_msgs_py/sensor_msgs_py.egg-info/top_level.txt
[2.312s] reading manifest file '../../../build/sensor_msgs_py/sensor_msgs_py.egg-info/SOURCES.txt'
[2.313s] adding license file 'LICENSE'
[2.316s] writing manifest file '../../../build/sensor_msgs_py/sensor_msgs_py.egg-info/SOURCES.txt'
[2.317s] running build
[2.317s] running build_py
[2.318s] copying sensor_msgs_py/point_cloud2.py -> /home/ice/microros_ws/firmware/mcu_ws/build/sensor_msgs_py/build/lib/sensor_msgs_py
[2.319s] copying sensor_msgs_py/__init__.py -> /home/ice/microros_ws/firmware/mcu_ws/build/sensor_msgs_py/build/lib/sensor_msgs_py
[2.320s] copying sensor_msgs_py/numpy_compat.py -> /home/ice/microros_ws/firmware/mcu_ws/build/sensor_msgs_py/build/lib/sensor_msgs_py
[2.321s] running install
[2.323s] /home/ice/microros_ws/firmware/toolchain/espressif/python_env/idf4.1_py3.10_env/lib/python3.10/site-packages/setuptools/_distutils/cmd.py:66: SetuptoolsDeprecationWarning: setup.py install is deprecated.
[2.323s] !!
[2.324s] 
[2.324s]         ********************************************************************************
[2.324s]         Please avoid running ``setup.py`` directly.
[2.324s]         Instead, use pypa/build, pypa/installer or other
[2.324s]         standards-based tools.
[2.325s] 
[2.325s]         See https://blog.ganssle.io/articles/2021/10/setup-py-deprecated.html for details.
[2.325s]         ********************************************************************************
[2.325s] 
[2.325s] !!
[2.325s]   self.initialize_options()
[2.337s] running install_lib
[2.376s] running install_data
[2.393s] copying resource/sensor_msgs_py -> /home/ice/microros_ws/firmware/mcu_ws/install/share/ament_index/resource_index/packages
[2.393s] copying package.xml -> /home/ice/microros_ws/firmware/mcu_ws/install/share/sensor_msgs_py
[2.394s] running install_egg_info
[2.435s] removing '/home/ice/microros_ws/firmware/mcu_ws/install/lib/python3.10/site-packages/sensor_msgs_py-4.2.3-py3.10.egg-info' (and everything under it)
[2.436s] Copying ../../../build/sensor_msgs_py/sensor_msgs_py.egg-info to /home/ice/microros_ws/firmware/mcu_ws/install/lib/python3.10/site-packages/sensor_msgs_py-4.2.3-py3.10.egg-info
[2.436s] running install_scripts
[2.595s] writing list of installed files to '/home/ice/microros_ws/firmware/mcu_ws/build/sensor_msgs_py/install.log'
[2.672s] Invoked command in '/home/ice/microros_ws/firmware/mcu_ws/ros2/common_interfaces/sensor_msgs_py' returned '0': AMENT_PREFIX_PATH=/home/ice/microros_ws/firmware/mcu_ws/install:${AMENT_PREFIX_PATH} CMAKE_PREFIX_PATH=/home/ice/microros_ws/firmware/mcu_ws/install:${CMAKE_PREFIX_PATH} LD_LIBRARY_PATH=/home/ice/microros_ws/firmware/mcu_ws/install/lib:${LD_LIBRARY_PATH} PATH=/home/ice/microros_ws/firmware/mcu_ws/install/bin:${PATH} PYTHONPATH=/home/ice/microros_ws/firmware/mcu_ws/build/sensor_msgs_py/prefix_override:/home/ice/microros_ws/firmware/mcu_ws/install/lib/python3.10/site-packages:/home/ice/microros_ws/firmware/mcu_ws/install/lib/python3.10/site-packages:${PYTHONPATH} /home/ice/microros_ws/firmware/toolchain/espressif/python_env/idf4.1_py3.10_env/bin/python setup.py egg_info --egg-base ../../../build/sensor_msgs_py build --build-base /home/ice/microros_ws/firmware/mcu_ws/build/sensor_msgs_py/build install --record /home/ice/microros_ws/firmware/mcu_ws/build/sensor_msgs_py/install.log --single-version-externally-managed
