[0.160s] Invoking command in '/home/ice/microros_ws/firmware/mcu_ws/build/rmw_implementation_cmake': CMAKE_PREFIX_PATH=${CMAKE_PREFIX_PATH}:/home/ice/microros_ws/firmware/dev_ws/install/ament_uncrustify:/home/ice/microros_ws/firmware/dev_ws/install/domain_coordinator:/home/ice/microros_ws/firmware/dev_ws/install/ament_xmllint:/home/ice/microros_ws/firmware/dev_ws/install/ament_pyflakes:/home/ice/microros_ws/firmware/dev_ws/install/ament_pycodestyle:/home/ice/microros_ws/firmware/dev_ws/install/ament_pep257:/home/ice/microros_ws/firmware/dev_ws/install/ament_pclint:/home/ice/microros_ws/firmware/dev_ws/install/ament_package:/home/ice/microros_ws/firmware/dev_ws/install/ament_mypy:/home/ice/microros_ws/firmware/dev_ws/install/ament_lint_cmake:/home/ice/microros_ws/firmware/dev_ws/install/ament_flake8:/home/ice/microros_ws/firmware/dev_ws/install/ament_copyright:/home/ice/microros_ws/firmware/dev_ws/install/ament_lint:/home/ice/microros_ws/firmware/dev_ws/install/ament_index_python:/home/ice/microros_ws/firmware/dev_ws/install/ament_cpplint:/home/ice/microros_ws/firmware/dev_ws/install/ament_cppcheck:/home/ice/microros_ws/firmware/dev_ws/install/ament_clang_tidy:/home/ice/microros_ws/firmware/dev_ws/install/ament_clang_format /usr/bin/cmake --build /home/ice/microros_ws/firmware/mcu_ws/build/rmw_implementation_cmake -- -j2 -l2
[0.202s] gmake[4]: Entering directory '/home/ice/microros_ws/firmware/mcu_ws/build/rmw_implementation_cmake'
[0.202s] /usr/bin/cmake -S/home/ice/microros_ws/firmware/mcu_ws/ros2/rmw/rmw_implementation_cmake -B/home/ice/microros_ws/firmware/mcu_ws/build/rmw_implementation_cmake --check-build-system CMakeFiles/Makefile.cmake 0
[0.268s] Re-run cmake file: Makefile older than: /home/ice/microros_ws/firmware/freertos_apps/microros_esp32_extensions/esp32_toolchain.cmake
[0.273s] -- Found ament_cmake: 1.3.7 (/home/ice/microros_ws/firmware/dev_ws/install/ament_cmake/share/ament_cmake/cmake)
[0.866s] -- Configuring done
[0.895s] -- Generating done
[0.917s] -- Build files have been written to: /home/ice/microros_ws/firmware/mcu_ws/build/rmw_implementation_cmake
[0.922s] /usr/bin/cmake -E cmake_progress_start /home/ice/microros_ws/firmware/mcu_ws/build/rmw_implementation_cmake/CMakeFiles /home/ice/microros_ws/firmware/mcu_ws/build/rmw_implementation_cmake//CMakeFiles/progress.marks
[0.943s] /usr/bin/gmake  -f CMakeFiles/Makefile2 all
[0.947s] gmake[5]: Entering directory '/home/ice/microros_ws/firmware/mcu_ws/build/rmw_implementation_cmake'
[0.947s] gmake[5]: Nothing to be done for 'all'.
[0.948s] gmake[5]: Leaving directory '/home/ice/microros_ws/firmware/mcu_ws/build/rmw_implementation_cmake'
[0.948s] /usr/bin/cmake -E cmake_progress_start /home/ice/microros_ws/firmware/mcu_ws/build/rmw_implementation_cmake/CMakeFiles 0
[0.965s] gmake[4]: Leaving directory '/home/ice/microros_ws/firmware/mcu_ws/build/rmw_implementation_cmake'
[0.974s] Invoked command in '/home/ice/microros_ws/firmware/mcu_ws/build/rmw_implementation_cmake' returned '0': CMAKE_PREFIX_PATH=${CMAKE_PREFIX_PATH}:/home/ice/microros_ws/firmware/dev_ws/install/ament_uncrustify:/home/ice/microros_ws/firmware/dev_ws/install/domain_coordinator:/home/ice/microros_ws/firmware/dev_ws/install/ament_xmllint:/home/ice/microros_ws/firmware/dev_ws/install/ament_pyflakes:/home/ice/microros_ws/firmware/dev_ws/install/ament_pycodestyle:/home/ice/microros_ws/firmware/dev_ws/install/ament_pep257:/home/ice/microros_ws/firmware/dev_ws/install/ament_pclint:/home/ice/microros_ws/firmware/dev_ws/install/ament_package:/home/ice/microros_ws/firmware/dev_ws/install/ament_mypy:/home/ice/microros_ws/firmware/dev_ws/install/ament_lint_cmake:/home/ice/microros_ws/firmware/dev_ws/install/ament_flake8:/home/ice/microros_ws/firmware/dev_ws/install/ament_copyright:/home/ice/microros_ws/firmware/dev_ws/install/ament_lint:/home/ice/microros_ws/firmware/dev_ws/install/ament_index_python:/home/ice/microros_ws/firmware/dev_ws/install/ament_cpplint:/home/ice/microros_ws/firmware/dev_ws/install/ament_cppcheck:/home/ice/microros_ws/firmware/dev_ws/install/ament_clang_tidy:/home/ice/microros_ws/firmware/dev_ws/install/ament_clang_format /usr/bin/cmake --build /home/ice/microros_ws/firmware/mcu_ws/build/rmw_implementation_cmake -- -j2 -l2
[1.183s] Invoking command in '/home/ice/microros_ws/firmware/mcu_ws/build/rmw_implementation_cmake': CMAKE_PREFIX_PATH=${CMAKE_PREFIX_PATH}:/home/ice/microros_ws/firmware/dev_ws/install/ament_uncrustify:/home/ice/microros_ws/firmware/dev_ws/install/domain_coordinator:/home/ice/microros_ws/firmware/dev_ws/install/ament_xmllint:/home/ice/microros_ws/firmware/dev_ws/install/ament_pyflakes:/home/ice/microros_ws/firmware/dev_ws/install/ament_pycodestyle:/home/ice/microros_ws/firmware/dev_ws/install/ament_pep257:/home/ice/microros_ws/firmware/dev_ws/install/ament_pclint:/home/ice/microros_ws/firmware/dev_ws/install/ament_package:/home/ice/microros_ws/firmware/dev_ws/install/ament_mypy:/home/ice/microros_ws/firmware/dev_ws/install/ament_lint_cmake:/home/ice/microros_ws/firmware/dev_ws/install/ament_flake8:/home/ice/microros_ws/firmware/dev_ws/install/ament_copyright:/home/ice/microros_ws/firmware/dev_ws/install/ament_lint:/home/ice/microros_ws/firmware/dev_ws/install/ament_index_python:/home/ice/microros_ws/firmware/dev_ws/install/ament_cpplint:/home/ice/microros_ws/firmware/dev_ws/install/ament_cppcheck:/home/ice/microros_ws/firmware/dev_ws/install/ament_clang_tidy:/home/ice/microros_ws/firmware/dev_ws/install/ament_clang_format /usr/bin/cmake --install /home/ice/microros_ws/firmware/mcu_ws/build/rmw_implementation_cmake
[1.202s] -- Install configuration: "Debug"
[1.204s] -- Up-to-date: /home/ice/microros_ws/firmware/mcu_ws/install/share/ament_index/resource_index/package_run_dependencies/rmw_implementation_cmake
[1.204s] -- Up-to-date: /home/ice/microros_ws/firmware/mcu_ws/install/share/ament_index/resource_index/parent_prefix_path/rmw_implementation_cmake
[1.207s] -- Up-to-date: /home/ice/microros_ws/firmware/mcu_ws/install/share/rmw_implementation_cmake/environment/ament_prefix_path.sh
[1.208s] -- Installing: /home/ice/microros_ws/firmware/mcu_ws/install/share/rmw_implementation_cmake/environment/ament_prefix_path.dsv
[1.209s] -- Up-to-date: /home/ice/microros_ws/firmware/mcu_ws/install/share/rmw_implementation_cmake/environment/path.sh
[1.211s] -- Installing: /home/ice/microros_ws/firmware/mcu_ws/install/share/rmw_implementation_cmake/environment/path.dsv
[1.212s] -- Up-to-date: /home/ice/microros_ws/firmware/mcu_ws/install/share/rmw_implementation_cmake/local_setup.bash
[1.212s] -- Up-to-date: /home/ice/microros_ws/firmware/mcu_ws/install/share/rmw_implementation_cmake/local_setup.sh
[1.212s] -- Up-to-date: /home/ice/microros_ws/firmware/mcu_ws/install/share/rmw_implementation_cmake/local_setup.zsh
[1.213s] -- Installing: /home/ice/microros_ws/firmware/mcu_ws/install/share/rmw_implementation_cmake/local_setup.dsv
[1.222s] -- Installing: /home/ice/microros_ws/firmware/mcu_ws/install/share/rmw_implementation_cmake/package.dsv
[1.232s] -- Up-to-date: /home/ice/microros_ws/firmware/mcu_ws/install/share/ament_index/resource_index/packages/rmw_implementation_cmake
[1.235s] -- Up-to-date: /home/ice/microros_ws/firmware/mcu_ws/install/share/rmw_implementation_cmake/cmake/rmw_implementation_cmake-extras.cmake
[1.240s] -- Up-to-date: /home/ice/microros_ws/firmware/mcu_ws/install/share/rmw_implementation_cmake/cmake/ament_cmake_export_dependencies-extras.cmake
[1.240s] -- Up-to-date: /home/ice/microros_ws/firmware/mcu_ws/install/share/rmw_implementation_cmake/cmake/rmw_implementation_cmakeConfig.cmake
[1.240s] -- Up-to-date: /home/ice/microros_ws/firmware/mcu_ws/install/share/rmw_implementation_cmake/cmake/rmw_implementation_cmakeConfig-version.cmake
[1.240s] -- Up-to-date: /home/ice/microros_ws/firmware/mcu_ws/install/share/rmw_implementation_cmake/package.xml
[1.240s] -- Up-to-date: /home/ice/microros_ws/firmware/mcu_ws/install/share/rmw_implementation_cmake/cmake
[1.248s] -- Up-to-date: /home/ice/microros_ws/firmware/mcu_ws/install/share/rmw_implementation_cmake/cmake/call_for_each_rmw_implementation.cmake
[1.249s] -- Up-to-date: /home/ice/microros_ws/firmware/mcu_ws/install/share/rmw_implementation_cmake/cmake/get_default_rmw_implementation.cmake
[1.249s] -- Up-to-date: /home/ice/microros_ws/firmware/mcu_ws/install/share/rmw_implementation_cmake/cmake/get_available_rmw_implementations.cmake
[1.268s] Invoked command in '/home/ice/microros_ws/firmware/mcu_ws/build/rmw_implementation_cmake' returned '0': CMAKE_PREFIX_PATH=${CMAKE_PREFIX_PATH}:/home/ice/microros_ws/firmware/dev_ws/install/ament_uncrustify:/home/ice/microros_ws/firmware/dev_ws/install/domain_coordinator:/home/ice/microros_ws/firmware/dev_ws/install/ament_xmllint:/home/ice/microros_ws/firmware/dev_ws/install/ament_pyflakes:/home/ice/microros_ws/firmware/dev_ws/install/ament_pycodestyle:/home/ice/microros_ws/firmware/dev_ws/install/ament_pep257:/home/ice/microros_ws/firmware/dev_ws/install/ament_pclint:/home/ice/microros_ws/firmware/dev_ws/install/ament_package:/home/ice/microros_ws/firmware/dev_ws/install/ament_mypy:/home/ice/microros_ws/firmware/dev_ws/install/ament_lint_cmake:/home/ice/microros_ws/firmware/dev_ws/install/ament_flake8:/home/ice/microros_ws/firmware/dev_ws/install/ament_copyright:/home/ice/microros_ws/firmware/dev_ws/install/ament_lint:/home/ice/microros_ws/firmware/dev_ws/install/ament_index_python:/home/ice/microros_ws/firmware/dev_ws/install/ament_cpplint:/home/ice/microros_ws/firmware/dev_ws/install/ament_cppcheck:/home/ice/microros_ws/firmware/dev_ws/install/ament_clang_tidy:/home/ice/microros_ws/firmware/dev_ws/install/ament_clang_format /usr/bin/cmake --install /home/ice/microros_ws/firmware/mcu_ws/build/rmw_implementation_cmake
