[0.430s] Invoking command in '/home/ice/microros_ws/build/micro_ros_msgs': CMAKE_PREFIX_PATH=${CMAKE_PREFIX_PATH}:/opt/ros/humble /usr/bin/cmake --build /home/ice/microros_ws/build/micro_ros_msgs -- -j2 -l2
[0.851s] [  2%] Built target micro_ros_msgs__cpp
[0.856s] [ 12%] Built target micro_ros_msgs__rosidl_generator_c
[1.057s] [ 23%] Built target micro_ros_msgs__rosidl_typesupport_fastrtps_c
[1.133s] [ 23%] Built target ament_cmake_python_copy_micro_ros_msgs
[1.266s] [ 34%] Built target micro_ros_msgs__rosidl_typesupport_introspection_c
[1.308s] [ 44%] Built target micro_ros_msgs__rosidl_typesupport_c
[1.439s] [ 55%] Built target micro_ros_msgs__rosidl_typesupport_fastrtps_cpp
[1.513s] [ 65%] Built target micro_ros_msgs__rosidl_typesupport_introspection_cpp
[1.598s] [ 76%] Built target micro_ros_msgs__rosidl_typesupport_cpp
[1.765s] [ 76%] Built target micro_ros_msgs
[1.950s] [ 78%] Built target micro_ros_msgs__py
[2.050s] [ 87%] Built target micro_ros_msgs__rosidl_generator_py
[2.118s] [ 91%] Built target micro_ros_msgs__rosidl_typesupport_fastrtps_c__pyext
[2.207s] [ 95%] Built target micro_ros_msgs__rosidl_typesupport_introspection_c__pyext
[2.305s] [100%] Built target micro_ros_msgs__rosidl_typesupport_c__pyext
[2.416s] running egg_info
[2.419s] writing micro_ros_msgs.egg-info/PKG-INFO
[2.421s] writing dependency_links to micro_ros_msgs.egg-info/dependency_links.txt
[2.422s] writing top-level names to micro_ros_msgs.egg-info/top_level.txt
[2.450s] reading manifest file 'micro_ros_msgs.egg-info/SOURCES.txt'
[2.452s] writing manifest file 'micro_ros_msgs.egg-info/SOURCES.txt'
[2.506s] [100%] Built target ament_cmake_python_build_micro_ros_msgs_egg
[2.550s] Invoked command in '/home/ice/microros_ws/build/micro_ros_msgs' returned '0': CMAKE_PREFIX_PATH=${CMAKE_PREFIX_PATH}:/opt/ros/humble /usr/bin/cmake --build /home/ice/microros_ws/build/micro_ros_msgs -- -j2 -l2
[3.077s] Invoking command in '/home/ice/microros_ws/build/micro_ros_msgs': CMAKE_PREFIX_PATH=${CMAKE_PREFIX_PATH}:/opt/ros/humble /usr/bin/cmake --install /home/ice/microros_ws/build/micro_ros_msgs
[3.099s] -- Install configuration: ""
[3.101s] -- Up-to-date: /home/ice/microros_ws/install/micro_ros_msgs/share/ament_index/resource_index/rosidl_interfaces/micro_ros_msgs
[3.104s] -- Up-to-date: /home/ice/microros_ws/install/micro_ros_msgs/include/micro_ros_msgs/micro_ros_msgs
[3.105s] -- Up-to-date: /home/ice/microros_ws/install/micro_ros_msgs/include/micro_ros_msgs/micro_ros_msgs/msg
[3.106s] -- Up-to-date: /home/ice/microros_ws/install/micro_ros_msgs/include/micro_ros_msgs/micro_ros_msgs/msg/detail
[3.107s] -- Up-to-date: /home/ice/microros_ws/install/micro_ros_msgs/include/micro_ros_msgs/micro_ros_msgs/msg/detail/node__functions.h
[3.107s] -- Up-to-date: /home/ice/microros_ws/install/micro_ros_msgs/include/micro_ros_msgs/micro_ros_msgs/msg/detail/entity__functions.c
[3.107s] -- Up-to-date: /home/ice/microros_ws/install/micro_ros_msgs/include/micro_ros_msgs/micro_ros_msgs/msg/detail/graph__functions.c
[3.108s] -- Up-to-date: /home/ice/microros_ws/install/micro_ros_msgs/include/micro_ros_msgs/micro_ros_msgs/msg/detail/graph__functions.h
[3.108s] -- Up-to-date: /home/ice/microros_ws/install/micro_ros_msgs/include/micro_ros_msgs/micro_ros_msgs/msg/detail/entity__functions.h
[3.108s] -- Up-to-date: /home/ice/microros_ws/install/micro_ros_msgs/include/micro_ros_msgs/micro_ros_msgs/msg/detail/node__functions.c
[3.108s] -- Up-to-date: /home/ice/microros_ws/install/micro_ros_msgs/include/micro_ros_msgs/micro_ros_msgs/msg/detail/node__type_support.h
[3.109s] -- Up-to-date: /home/ice/microros_ws/install/micro_ros_msgs/include/micro_ros_msgs/micro_ros_msgs/msg/detail/node__struct.h
[3.109s] -- Up-to-date: /home/ice/microros_ws/install/micro_ros_msgs/include/micro_ros_msgs/micro_ros_msgs/msg/detail/entity__type_support.h
[3.109s] -- Up-to-date: /home/ice/microros_ws/install/micro_ros_msgs/include/micro_ros_msgs/micro_ros_msgs/msg/detail/entity__struct.h
[3.109s] -- Up-to-date: /home/ice/microros_ws/install/micro_ros_msgs/include/micro_ros_msgs/micro_ros_msgs/msg/detail/graph__type_support.h
[3.109s] -- Up-to-date: /home/ice/microros_ws/install/micro_ros_msgs/include/micro_ros_msgs/micro_ros_msgs/msg/detail/graph__struct.h
[3.110s] -- Up-to-date: /home/ice/microros_ws/install/micro_ros_msgs/include/micro_ros_msgs/micro_ros_msgs/msg/entity.h
[3.110s] -- Up-to-date: /home/ice/microros_ws/install/micro_ros_msgs/include/micro_ros_msgs/micro_ros_msgs/msg/graph.h
[3.110s] -- Up-to-date: /home/ice/microros_ws/install/micro_ros_msgs/include/micro_ros_msgs/micro_ros_msgs/msg/node.h
[3.110s] -- Up-to-date: /home/ice/microros_ws/install/micro_ros_msgs/include/micro_ros_msgs/micro_ros_msgs/msg/rosidl_generator_c__visibility_control.h
[3.113s] -- Up-to-date: /home/ice/microros_ws/install/micro_ros_msgs/share/micro_ros_msgs/environment/library_path.sh
[3.113s] -- Up-to-date: /home/ice/microros_ws/install/micro_ros_msgs/share/micro_ros_msgs/environment/library_path.dsv
[3.124s] -- Up-to-date: /home/ice/microros_ws/install/micro_ros_msgs/lib/libmicro_ros_msgs__rosidl_generator_c.so
[3.125s] -- Up-to-date: /home/ice/microros_ws/install/micro_ros_msgs/include/micro_ros_msgs/micro_ros_msgs
[3.125s] -- Up-to-date: /home/ice/microros_ws/install/micro_ros_msgs/include/micro_ros_msgs/micro_ros_msgs/msg
[3.125s] -- Up-to-date: /home/ice/microros_ws/install/micro_ros_msgs/include/micro_ros_msgs/micro_ros_msgs/msg/detail
[3.126s] -- Up-to-date: /home/ice/microros_ws/install/micro_ros_msgs/include/micro_ros_msgs/micro_ros_msgs/msg/detail/graph__rosidl_typesupport_fastrtps_c.h
[3.126s] -- Up-to-date: /home/ice/microros_ws/install/micro_ros_msgs/include/micro_ros_msgs/micro_ros_msgs/msg/detail/entity__rosidl_typesupport_fastrtps_c.h
[3.126s] -- Up-to-date: /home/ice/microros_ws/install/micro_ros_msgs/include/micro_ros_msgs/micro_ros_msgs/msg/detail/node__rosidl_typesupport_fastrtps_c.h
[3.126s] -- Up-to-date: /home/ice/microros_ws/install/micro_ros_msgs/include/micro_ros_msgs/micro_ros_msgs/msg/rosidl_typesupport_fastrtps_c__visibility_control.h
[3.131s] -- Up-to-date: /home/ice/microros_ws/install/micro_ros_msgs/lib/libmicro_ros_msgs__rosidl_typesupport_fastrtps_c.so
[3.132s] -- Up-to-date: /home/ice/microros_ws/install/micro_ros_msgs/include/micro_ros_msgs/micro_ros_msgs
[3.132s] -- Up-to-date: /home/ice/microros_ws/install/micro_ros_msgs/include/micro_ros_msgs/micro_ros_msgs/msg
[3.132s] -- Up-to-date: /home/ice/microros_ws/install/micro_ros_msgs/include/micro_ros_msgs/micro_ros_msgs/msg/detail
[3.132s] -- Up-to-date: /home/ice/microros_ws/install/micro_ros_msgs/include/micro_ros_msgs/micro_ros_msgs/msg/detail/entity__rosidl_typesupport_introspection_c.h
[3.132s] -- Up-to-date: /home/ice/microros_ws/install/micro_ros_msgs/include/micro_ros_msgs/micro_ros_msgs/msg/detail/node__type_support.c
[3.132s] -- Up-to-date: /home/ice/microros_ws/install/micro_ros_msgs/include/micro_ros_msgs/micro_ros_msgs/msg/detail/graph__rosidl_typesupport_introspection_c.h
[3.133s] -- Up-to-date: /home/ice/microros_ws/install/micro_ros_msgs/include/micro_ros_msgs/micro_ros_msgs/msg/detail/entity__type_support.c
[3.133s] -- Up-to-date: /home/ice/microros_ws/install/micro_ros_msgs/include/micro_ros_msgs/micro_ros_msgs/msg/detail/graph__type_support.c
[3.133s] -- Up-to-date: /home/ice/microros_ws/install/micro_ros_msgs/include/micro_ros_msgs/micro_ros_msgs/msg/detail/node__rosidl_typesupport_introspection_c.h
[3.133s] -- Up-to-date: /home/ice/microros_ws/install/micro_ros_msgs/include/micro_ros_msgs/micro_ros_msgs/msg/rosidl_typesupport_introspection_c__visibility_control.h
[3.136s] -- Up-to-date: /home/ice/microros_ws/install/micro_ros_msgs/lib/libmicro_ros_msgs__rosidl_typesupport_introspection_c.so
[3.140s] -- Up-to-date: /home/ice/microros_ws/install/micro_ros_msgs/lib/libmicro_ros_msgs__rosidl_typesupport_c.so
[3.141s] -- Up-to-date: /home/ice/microros_ws/install/micro_ros_msgs/include/micro_ros_msgs/micro_ros_msgs
[3.142s] -- Up-to-date: /home/ice/microros_ws/install/micro_ros_msgs/include/micro_ros_msgs/micro_ros_msgs/msg
[3.143s] -- Up-to-date: /home/ice/microros_ws/install/micro_ros_msgs/include/micro_ros_msgs/micro_ros_msgs/msg/detail
[3.143s] -- Up-to-date: /home/ice/microros_ws/install/micro_ros_msgs/include/micro_ros_msgs/micro_ros_msgs/msg/detail/graph__traits.hpp
[3.143s] -- Up-to-date: /home/ice/microros_ws/install/micro_ros_msgs/include/micro_ros_msgs/micro_ros_msgs/msg/detail/node__builder.hpp
[3.144s] -- Up-to-date: /home/ice/microros_ws/install/micro_ros_msgs/include/micro_ros_msgs/micro_ros_msgs/msg/detail/graph__struct.hpp
[3.144s] -- Up-to-date: /home/ice/microros_ws/install/micro_ros_msgs/include/micro_ros_msgs/micro_ros_msgs/msg/detail/entity__struct.hpp
[3.144s] -- Up-to-date: /home/ice/microros_ws/install/micro_ros_msgs/include/micro_ros_msgs/micro_ros_msgs/msg/detail/entity__traits.hpp
[3.144s] -- Up-to-date: /home/ice/microros_ws/install/micro_ros_msgs/include/micro_ros_msgs/micro_ros_msgs/msg/detail/entity__builder.hpp
[3.144s] -- Up-to-date: /home/ice/microros_ws/install/micro_ros_msgs/include/micro_ros_msgs/micro_ros_msgs/msg/detail/graph__builder.hpp
[3.144s] -- Up-to-date: /home/ice/microros_ws/install/micro_ros_msgs/include/micro_ros_msgs/micro_ros_msgs/msg/detail/node__struct.hpp
[3.145s] -- Up-to-date: /home/ice/microros_ws/install/micro_ros_msgs/include/micro_ros_msgs/micro_ros_msgs/msg/detail/node__traits.hpp
[3.145s] -- Up-to-date: /home/ice/microros_ws/install/micro_ros_msgs/include/micro_ros_msgs/micro_ros_msgs/msg/entity.hpp
[3.145s] -- Up-to-date: /home/ice/microros_ws/install/micro_ros_msgs/include/micro_ros_msgs/micro_ros_msgs/msg/node.hpp
[3.145s] -- Up-to-date: /home/ice/microros_ws/install/micro_ros_msgs/include/micro_ros_msgs/micro_ros_msgs/msg/graph.hpp
[3.145s] -- Up-to-date: /home/ice/microros_ws/install/micro_ros_msgs/include/micro_ros_msgs/micro_ros_msgs
[3.145s] -- Up-to-date: /home/ice/microros_ws/install/micro_ros_msgs/include/micro_ros_msgs/micro_ros_msgs/msg
[3.146s] -- Up-to-date: /home/ice/microros_ws/install/micro_ros_msgs/include/micro_ros_msgs/micro_ros_msgs/msg/detail
[3.146s] -- Up-to-date: /home/ice/microros_ws/install/micro_ros_msgs/include/micro_ros_msgs/micro_ros_msgs/msg/detail/graph__rosidl_typesupport_fastrtps_cpp.hpp
[3.146s] -- Up-to-date: /home/ice/microros_ws/install/micro_ros_msgs/include/micro_ros_msgs/micro_ros_msgs/msg/detail/node__rosidl_typesupport_fastrtps_cpp.hpp
[3.146s] -- Up-to-date: /home/ice/microros_ws/install/micro_ros_msgs/include/micro_ros_msgs/micro_ros_msgs/msg/detail/dds_fastrtps
[3.146s] -- Up-to-date: /home/ice/microros_ws/install/micro_ros_msgs/include/micro_ros_msgs/micro_ros_msgs/msg/detail/entity__rosidl_typesupport_fastrtps_cpp.hpp
[3.146s] -- Up-to-date: /home/ice/microros_ws/install/micro_ros_msgs/include/micro_ros_msgs/micro_ros_msgs/msg/rosidl_typesupport_fastrtps_cpp__visibility_control.h
[3.146s] -- Up-to-date: /home/ice/microros_ws/install/micro_ros_msgs/lib/libmicro_ros_msgs__rosidl_typesupport_fastrtps_cpp.so
[3.146s] -- Up-to-date: /home/ice/microros_ws/install/micro_ros_msgs/include/micro_ros_msgs/micro_ros_msgs
[3.146s] -- Up-to-date: /home/ice/microros_ws/install/micro_ros_msgs/include/micro_ros_msgs/micro_ros_msgs/msg
[3.146s] -- Up-to-date: /home/ice/microros_ws/install/micro_ros_msgs/include/micro_ros_msgs/micro_ros_msgs/msg/detail
[3.147s] -- Up-to-date: /home/ice/microros_ws/install/micro_ros_msgs/include/micro_ros_msgs/micro_ros_msgs/msg/detail/entity__type_support.cpp
[3.147s] -- Up-to-date: /home/ice/microros_ws/install/micro_ros_msgs/include/micro_ros_msgs/micro_ros_msgs/msg/detail/node__rosidl_typesupport_introspection_cpp.hpp
[3.147s] -- Up-to-date: /home/ice/microros_ws/install/micro_ros_msgs/include/micro_ros_msgs/micro_ros_msgs/msg/detail/node__type_support.cpp
[3.147s] -- Up-to-date: /home/ice/microros_ws/install/micro_ros_msgs/include/micro_ros_msgs/micro_ros_msgs/msg/detail/entity__rosidl_typesupport_introspection_cpp.hpp
[3.148s] -- Up-to-date: /home/ice/microros_ws/install/micro_ros_msgs/include/micro_ros_msgs/micro_ros_msgs/msg/detail/graph__type_support.cpp
[3.148s] -- Up-to-date: /home/ice/microros_ws/install/micro_ros_msgs/include/micro_ros_msgs/micro_ros_msgs/msg/detail/graph__rosidl_typesupport_introspection_cpp.hpp
[3.149s] -- Up-to-date: /home/ice/microros_ws/install/micro_ros_msgs/lib/libmicro_ros_msgs__rosidl_typesupport_introspection_cpp.so
[3.149s] -- Up-to-date: /home/ice/microros_ws/install/micro_ros_msgs/lib/libmicro_ros_msgs__rosidl_typesupport_cpp.so
[3.149s] -- Up-to-date: /home/ice/microros_ws/install/micro_ros_msgs/share/micro_ros_msgs/environment/pythonpath.sh
[3.149s] -- Up-to-date: /home/ice/microros_ws/install/micro_ros_msgs/share/micro_ros_msgs/environment/pythonpath.dsv
[3.150s] -- Up-to-date: /home/ice/microros_ws/install/micro_ros_msgs/local/lib/python3.10/dist-packages/micro_ros_msgs-3.0.1-py3.10.egg-info
[3.150s] -- Installing: /home/ice/microros_ws/install/micro_ros_msgs/local/lib/python3.10/dist-packages/micro_ros_msgs-3.0.1-py3.10.egg-info/top_level.txt
[3.151s] -- Installing: /home/ice/microros_ws/install/micro_ros_msgs/local/lib/python3.10/dist-packages/micro_ros_msgs-3.0.1-py3.10.egg-info/PKG-INFO
[3.151s] -- Installing: /home/ice/microros_ws/install/micro_ros_msgs/local/lib/python3.10/dist-packages/micro_ros_msgs-3.0.1-py3.10.egg-info/SOURCES.txt
[3.151s] -- Installing: /home/ice/microros_ws/install/micro_ros_msgs/local/lib/python3.10/dist-packages/micro_ros_msgs-3.0.1-py3.10.egg-info/dependency_links.txt
[3.151s] -- Up-to-date: /home/ice/microros_ws/install/micro_ros_msgs/local/lib/python3.10/dist-packages/micro_ros_msgs
[3.152s] -- Up-to-date: /home/ice/microros_ws/install/micro_ros_msgs/local/lib/python3.10/dist-packages/micro_ros_msgs/_micro_ros_msgs_s.ep.rosidl_typesupport_introspection_c.c
[3.153s] -- Up-to-date: /home/ice/microros_ws/install/micro_ros_msgs/local/lib/python3.10/dist-packages/micro_ros_msgs/micro_ros_msgs_s__rosidl_typesupport_fastrtps_c.cpython-310-x86_64-linux-gnu.so
[3.153s] -- Up-to-date: /home/ice/microros_ws/install/micro_ros_msgs/local/lib/python3.10/dist-packages/micro_ros_msgs/micro_ros_msgs_s__rosidl_typesupport_c.cpython-310-x86_64-linux-gnu.so
[3.153s] -- Up-to-date: /home/ice/microros_ws/install/micro_ros_msgs/local/lib/python3.10/dist-packages/micro_ros_msgs/micro_ros_msgs_s__rosidl_typesupport_introspection_c.cpython-310-x86_64-linux-gnu.so
[3.153s] -- Up-to-date: /home/ice/microros_ws/install/micro_ros_msgs/local/lib/python3.10/dist-packages/micro_ros_msgs/libmicro_ros_msgs__rosidl_generator_py.so
[3.153s] -- Up-to-date: /home/ice/microros_ws/install/micro_ros_msgs/local/lib/python3.10/dist-packages/micro_ros_msgs/_micro_ros_msgs_s.ep.rosidl_typesupport_fastrtps_c.c
[3.154s] -- Up-to-date: /home/ice/microros_ws/install/micro_ros_msgs/local/lib/python3.10/dist-packages/micro_ros_msgs/_micro_ros_msgs_s.ep.rosidl_typesupport_c.c
[3.154s] -- Up-to-date: /home/ice/microros_ws/install/micro_ros_msgs/local/lib/python3.10/dist-packages/micro_ros_msgs/msg
[3.156s] -- Up-to-date: /home/ice/microros_ws/install/micro_ros_msgs/local/lib/python3.10/dist-packages/micro_ros_msgs/msg/_node.py
[3.156s] -- Up-to-date: /home/ice/microros_ws/install/micro_ros_msgs/local/lib/python3.10/dist-packages/micro_ros_msgs/msg/_graph_s.c
[3.156s] -- Up-to-date: /home/ice/microros_ws/install/micro_ros_msgs/local/lib/python3.10/dist-packages/micro_ros_msgs/msg/_node_s.c
[3.156s] -- Up-to-date: /home/ice/microros_ws/install/micro_ros_msgs/local/lib/python3.10/dist-packages/micro_ros_msgs/msg/_entity.py
[3.156s] -- Up-to-date: /home/ice/microros_ws/install/micro_ros_msgs/local/lib/python3.10/dist-packages/micro_ros_msgs/msg/_graph.py
[3.156s] -- Up-to-date: /home/ice/microros_ws/install/micro_ros_msgs/local/lib/python3.10/dist-packages/micro_ros_msgs/msg/_entity_s.c
[3.156s] -- Up-to-date: /home/ice/microros_ws/install/micro_ros_msgs/local/lib/python3.10/dist-packages/micro_ros_msgs/msg/__init__.py
[3.156s] -- Up-to-date: /home/ice/microros_ws/install/micro_ros_msgs/local/lib/python3.10/dist-packages/micro_ros_msgs/__init__.py
[3.232s] Listing '/home/ice/microros_ws/install/micro_ros_msgs/local/lib/python3.10/dist-packages/micro_ros_msgs'...
[3.232s] Listing '/home/ice/microros_ws/install/micro_ros_msgs/local/lib/python3.10/dist-packages/micro_ros_msgs/msg'...
[3.242s] -- Up-to-date: /home/ice/microros_ws/install/micro_ros_msgs/local/lib/python3.10/dist-packages/micro_ros_msgs/micro_ros_msgs_s__rosidl_typesupport_fastrtps_c.cpython-310-x86_64-linux-gnu.so
[3.245s] -- Up-to-date: /home/ice/microros_ws/install/micro_ros_msgs/local/lib/python3.10/dist-packages/micro_ros_msgs/micro_ros_msgs_s__rosidl_typesupport_introspection_c.cpython-310-x86_64-linux-gnu.so
[3.248s] -- Up-to-date: /home/ice/microros_ws/install/micro_ros_msgs/local/lib/python3.10/dist-packages/micro_ros_msgs/micro_ros_msgs_s__rosidl_typesupport_c.cpython-310-x86_64-linux-gnu.so
[3.251s] -- Up-to-date: /home/ice/microros_ws/install/micro_ros_msgs/lib/libmicro_ros_msgs__rosidl_generator_py.so
[3.253s] -- Up-to-date: /home/ice/microros_ws/install/micro_ros_msgs/share/micro_ros_msgs/msg/Graph.idl
[3.254s] -- Up-to-date: /home/ice/microros_ws/install/micro_ros_msgs/share/micro_ros_msgs/msg/Node.idl
[3.255s] -- Up-to-date: /home/ice/microros_ws/install/micro_ros_msgs/share/micro_ros_msgs/msg/Entity.idl
[3.255s] -- Up-to-date: /home/ice/microros_ws/install/micro_ros_msgs/share/micro_ros_msgs/msg/Graph.msg
[3.255s] -- Up-to-date: /home/ice/microros_ws/install/micro_ros_msgs/share/micro_ros_msgs/msg/Node.msg
[3.255s] -- Up-to-date: /home/ice/microros_ws/install/micro_ros_msgs/share/micro_ros_msgs/msg/Entity.msg
[3.256s] -- Up-to-date: /home/ice/microros_ws/install/micro_ros_msgs/share/ament_index/resource_index/package_run_dependencies/micro_ros_msgs
[3.258s] -- Up-to-date: /home/ice/microros_ws/install/micro_ros_msgs/share/ament_index/resource_index/parent_prefix_path/micro_ros_msgs
[3.259s] -- Up-to-date: /home/ice/microros_ws/install/micro_ros_msgs/share/micro_ros_msgs/environment/ament_prefix_path.sh
[3.259s] -- Up-to-date: /home/ice/microros_ws/install/micro_ros_msgs/share/micro_ros_msgs/environment/ament_prefix_path.dsv
[3.259s] -- Up-to-date: /home/ice/microros_ws/install/micro_ros_msgs/share/micro_ros_msgs/environment/path.sh
[3.259s] -- Up-to-date: /home/ice/microros_ws/install/micro_ros_msgs/share/micro_ros_msgs/environment/path.dsv
[3.259s] -- Up-to-date: /home/ice/microros_ws/install/micro_ros_msgs/share/micro_ros_msgs/local_setup.bash
[3.259s] -- Up-to-date: /home/ice/microros_ws/install/micro_ros_msgs/share/micro_ros_msgs/local_setup.sh
[3.259s] -- Up-to-date: /home/ice/microros_ws/install/micro_ros_msgs/share/micro_ros_msgs/local_setup.zsh
[3.259s] -- Up-to-date: /home/ice/microros_ws/install/micro_ros_msgs/share/micro_ros_msgs/local_setup.dsv
[3.260s] -- Installing: /home/ice/microros_ws/install/micro_ros_msgs/share/micro_ros_msgs/package.dsv
[3.260s] -- Up-to-date: /home/ice/microros_ws/install/micro_ros_msgs/share/ament_index/resource_index/packages/micro_ros_msgs
[3.269s] -- Up-to-date: /home/ice/microros_ws/install/micro_ros_msgs/share/micro_ros_msgs/cmake/export_micro_ros_msgs__rosidl_generator_cExport.cmake
[3.269s] -- Up-to-date: /home/ice/microros_ws/install/micro_ros_msgs/share/micro_ros_msgs/cmake/export_micro_ros_msgs__rosidl_generator_cExport-noconfig.cmake
[3.271s] -- Up-to-date: /home/ice/microros_ws/install/micro_ros_msgs/share/micro_ros_msgs/cmake/export_micro_ros_msgs__rosidl_typesupport_fastrtps_cExport.cmake
[3.271s] -- Up-to-date: /home/ice/microros_ws/install/micro_ros_msgs/share/micro_ros_msgs/cmake/export_micro_ros_msgs__rosidl_typesupport_fastrtps_cExport-noconfig.cmake
[3.274s] -- Up-to-date: /home/ice/microros_ws/install/micro_ros_msgs/share/micro_ros_msgs/cmake/micro_ros_msgs__rosidl_typesupport_introspection_cExport.cmake
[3.274s] -- Up-to-date: /home/ice/microros_ws/install/micro_ros_msgs/share/micro_ros_msgs/cmake/micro_ros_msgs__rosidl_typesupport_introspection_cExport-noconfig.cmake
[3.277s] -- Up-to-date: /home/ice/microros_ws/install/micro_ros_msgs/share/micro_ros_msgs/cmake/micro_ros_msgs__rosidl_typesupport_cExport.cmake
[3.277s] -- Up-to-date: /home/ice/microros_ws/install/micro_ros_msgs/share/micro_ros_msgs/cmake/micro_ros_msgs__rosidl_typesupport_cExport-noconfig.cmake
[3.279s] -- Up-to-date: /home/ice/microros_ws/install/micro_ros_msgs/share/micro_ros_msgs/cmake/export_micro_ros_msgs__rosidl_generator_cppExport.cmake
[3.282s] -- Up-to-date: /home/ice/microros_ws/install/micro_ros_msgs/share/micro_ros_msgs/cmake/export_micro_ros_msgs__rosidl_typesupport_fastrtps_cppExport.cmake
[3.282s] -- Up-to-date: /home/ice/microros_ws/install/micro_ros_msgs/share/micro_ros_msgs/cmake/export_micro_ros_msgs__rosidl_typesupport_fastrtps_cppExport-noconfig.cmake
[3.285s] -- Up-to-date: /home/ice/microros_ws/install/micro_ros_msgs/share/micro_ros_msgs/cmake/micro_ros_msgs__rosidl_typesupport_introspection_cppExport.cmake
[3.286s] -- Up-to-date: /home/ice/microros_ws/install/micro_ros_msgs/share/micro_ros_msgs/cmake/micro_ros_msgs__rosidl_typesupport_introspection_cppExport-noconfig.cmake
[3.288s] -- Up-to-date: /home/ice/microros_ws/install/micro_ros_msgs/share/micro_ros_msgs/cmake/micro_ros_msgs__rosidl_typesupport_cppExport.cmake
[3.288s] -- Up-to-date: /home/ice/microros_ws/install/micro_ros_msgs/share/micro_ros_msgs/cmake/micro_ros_msgs__rosidl_typesupport_cppExport-noconfig.cmake
[3.291s] -- Up-to-date: /home/ice/microros_ws/install/micro_ros_msgs/share/micro_ros_msgs/cmake/export_micro_ros_msgs__rosidl_generator_pyExport.cmake
[3.291s] -- Up-to-date: /home/ice/microros_ws/install/micro_ros_msgs/share/micro_ros_msgs/cmake/export_micro_ros_msgs__rosidl_generator_pyExport-noconfig.cmake
[3.292s] -- Up-to-date: /home/ice/microros_ws/install/micro_ros_msgs/share/micro_ros_msgs/cmake/rosidl_cmake-extras.cmake
[3.293s] -- Up-to-date: /home/ice/microros_ws/install/micro_ros_msgs/share/micro_ros_msgs/cmake/ament_cmake_export_include_directories-extras.cmake
[3.293s] -- Up-to-date: /home/ice/microros_ws/install/micro_ros_msgs/share/micro_ros_msgs/cmake/ament_cmake_export_libraries-extras.cmake
[3.293s] -- Up-to-date: /home/ice/microros_ws/install/micro_ros_msgs/share/micro_ros_msgs/cmake/ament_cmake_export_targets-extras.cmake
[3.293s] -- Up-to-date: /home/ice/microros_ws/install/micro_ros_msgs/share/micro_ros_msgs/cmake/rosidl_cmake_export_typesupport_targets-extras.cmake
[3.293s] -- Up-to-date: /home/ice/microros_ws/install/micro_ros_msgs/share/micro_ros_msgs/cmake/ament_cmake_export_dependencies-extras.cmake
[3.293s] -- Up-to-date: /home/ice/microros_ws/install/micro_ros_msgs/share/micro_ros_msgs/cmake/rosidl_cmake_export_typesupport_libraries-extras.cmake
[3.293s] -- Up-to-date: /home/ice/microros_ws/install/micro_ros_msgs/share/micro_ros_msgs/cmake/micro_ros_msgsConfig.cmake
[3.293s] -- Up-to-date: /home/ice/microros_ws/install/micro_ros_msgs/share/micro_ros_msgs/cmake/micro_ros_msgsConfig-version.cmake
[3.293s] -- Up-to-date: /home/ice/microros_ws/install/micro_ros_msgs/share/micro_ros_msgs/package.xml
[3.308s] Invoked command in '/home/ice/microros_ws/build/micro_ros_msgs' returned '0': CMAKE_PREFIX_PATH=${CMAKE_PREFIX_PATH}:/opt/ros/humble /usr/bin/cmake --install /home/ice/microros_ws/build/micro_ros_msgs
