[0.780s] Invoking command in '/home/ice/polaris-bot/ros2_ws/build/ros2_control_demo_description': CMAKE_PREFIX_PATH=${CMAKE_PREFIX_PATH}:/opt/ros/humble /usr/bin/cmake --build /home/ice/polaris-bot/ros2_ws/build/ros2_control_demo_description -- -j2 -l2
[1.503s] -- Found ament_cmake: 1.3.7 (/opt/ros/humble/share/ament_cmake/cmake)
[5.666s] -- Configuring done
[5.753s] -- Generating done
[5.818s] -- Build files have been written to: /home/ice/polaris-bot/ros2_ws/build/ros2_control_demo_description
[6.172s] Invoked command in '/home/ice/polaris-bot/ros2_ws/build/ros2_control_demo_description' returned '0': CMAKE_PREFIX_PATH=${CMAKE_PREFIX_PATH}:/opt/ros/humble /usr/bin/cmake --build /home/ice/polaris-bot/ros2_ws/build/ros2_control_demo_description -- -j2 -l2
[7.319s] Invoking command in '/home/ice/polaris-bot/ros2_ws/build/ros2_control_demo_description': CMAKE_PREFIX_PATH=${CMAKE_PREFIX_PATH}:/opt/ros/humble /usr/bin/cmake --install /home/ice/polaris-bot/ros2_ws/build/ros2_control_demo_description
[7.408s] -- Install configuration: ""
[7.408s] -- Up-to-date: /home/ice/polaris-bot/ros2_ws/install/ros2_control_demo_description/share/ros2_control_demo_description/rrbot/urdf
[7.409s] -- Installing: /home/ice/polaris-bot/ros2_ws/install/ros2_control_demo_description/share/ros2_control_demo_description/rrbot/urdf/rrbot.materials.xacro
[7.414s] -- Installing: /home/ice/polaris-bot/ros2_ws/install/ros2_control_demo_description/share/ros2_control_demo_description/rrbot/urdf/rrbot_description.urdf.xacro
[7.416s] -- Up-to-date: /home/ice/polaris-bot/ros2_ws/install/ros2_control_demo_description/share/ros2_control_demo_description/rrbot/rviz
[7.416s] -- Installing: /home/ice/polaris-bot/ros2_ws/install/ros2_control_demo_description/share/ros2_control_demo_description/rrbot/rviz/rrbot.rviz
[7.431s] -- Up-to-date: /home/ice/polaris-bot/ros2_ws/install/ros2_control_demo_description/share/ros2_control_demo_description/diffbot/urdf
[7.431s] -- Installing: /home/ice/polaris-bot/ros2_ws/install/ros2_control_demo_description/share/ros2_control_demo_description/diffbot/urdf/diffbot_description.urdf.xacro
[7.435s] -- Installing: /home/ice/polaris-bot/ros2_ws/install/ros2_control_demo_description/share/ros2_control_demo_description/diffbot/urdf/diffbot.materials.xacro
[7.441s] -- Up-to-date: /home/ice/polaris-bot/ros2_ws/install/ros2_control_demo_description/share/ros2_control_demo_description/diffbot/rviz
[7.502s] -- Installing: /home/ice/polaris-bot/ros2_ws/install/ros2_control_demo_description/share/ros2_control_demo_description/diffbot/rviz/diffbot.rviz
[7.506s] -- Installing: /home/ice/polaris-bot/ros2_ws/install/ros2_control_demo_description/share/ros2_control_demo_description/diffbot/rviz/diffbot_view.rviz
[7.515s] -- Up-to-date: /home/ice/polaris-bot/ros2_ws/install/ros2_control_demo_description/share/ros2_control_demo_description/carlikebot/urdf
[7.515s] -- Installing: /home/ice/polaris-bot/ros2_ws/install/ros2_control_demo_description/share/ros2_control_demo_description/carlikebot/urdf/carlikebot_description.urdf.xacro
[7.522s] -- Installing: /home/ice/polaris-bot/ros2_ws/install/ros2_control_demo_description/share/ros2_control_demo_description/carlikebot/urdf/carlikebot.materials.xacro
[7.526s] -- Up-to-date: /home/ice/polaris-bot/ros2_ws/install/ros2_control_demo_description/share/ros2_control_demo_description/carlikebot/rviz
[7.526s] -- Installing: /home/ice/polaris-bot/ros2_ws/install/ros2_control_demo_description/share/ros2_control_demo_description/carlikebot/rviz/carlikebot.rviz
[7.530s] -- Installing: /home/ice/polaris-bot/ros2_ws/install/ros2_control_demo_description/share/ros2_control_demo_description/carlikebot/rviz/carlikebot_view.rviz
[7.534s] -- Up-to-date: /home/ice/polaris-bot/ros2_ws/install/ros2_control_demo_description/share/ros2_control_demo_description/r6bot/meshes
[7.534s] -- Up-to-date: /home/ice/polaris-bot/ros2_ws/install/ros2_control_demo_description/share/ros2_control_demo_description/r6bot/meshes/visual
[7.534s] -- Installing: /home/ice/polaris-bot/ros2_ws/install/ros2_control_demo_description/share/ros2_control_demo_description/r6bot/meshes/visual/link_6.dae
[7.550s] -- Installing: /home/ice/polaris-bot/ros2_ws/install/ros2_control_demo_description/share/ros2_control_demo_description/r6bot/meshes/visual/link_0.dae
[7.563s] -- Installing: /home/ice/polaris-bot/ros2_ws/install/ros2_control_demo_description/share/ros2_control_demo_description/r6bot/meshes/visual/link_3.dae
[7.579s] -- Installing: /home/ice/polaris-bot/ros2_ws/install/ros2_control_demo_description/share/ros2_control_demo_description/r6bot/meshes/visual/link_1.dae
[7.585s] -- Installing: /home/ice/polaris-bot/ros2_ws/install/ros2_control_demo_description/share/ros2_control_demo_description/r6bot/meshes/visual/link_5.dae
[7.594s] -- Installing: /home/ice/polaris-bot/ros2_ws/install/ros2_control_demo_description/share/ros2_control_demo_description/r6bot/meshes/visual/link_2.dae
[7.949s] -- Installing: /home/ice/polaris-bot/ros2_ws/install/ros2_control_demo_description/share/ros2_control_demo_description/r6bot/meshes/visual/link_4.dae
[7.960s] -- Up-to-date: /home/ice/polaris-bot/ros2_ws/install/ros2_control_demo_description/share/ros2_control_demo_description/r6bot/meshes/collision
[7.961s] -- Installing: /home/ice/polaris-bot/ros2_ws/install/ros2_control_demo_description/share/ros2_control_demo_description/r6bot/meshes/collision/link_1.stl
[7.972s] -- Installing: /home/ice/polaris-bot/ros2_ws/install/ros2_control_demo_description/share/ros2_control_demo_description/r6bot/meshes/collision/link_0.stl
[7.986s] -- Installing: /home/ice/polaris-bot/ros2_ws/install/ros2_control_demo_description/share/ros2_control_demo_description/r6bot/meshes/collision/link_3.stl
[8.009s] -- Installing: /home/ice/polaris-bot/ros2_ws/install/ros2_control_demo_description/share/ros2_control_demo_description/r6bot/meshes/collision/link_5.stl
[8.010s] -- Installing: /home/ice/polaris-bot/ros2_ws/install/ros2_control_demo_description/share/ros2_control_demo_description/r6bot/meshes/collision/link_4.stl
[8.059s] -- Installing: /home/ice/polaris-bot/ros2_ws/install/ros2_control_demo_description/share/ros2_control_demo_description/r6bot/meshes/collision/link_6.stl
[8.086s] -- Installing: /home/ice/polaris-bot/ros2_ws/install/ros2_control_demo_description/share/ros2_control_demo_description/r6bot/meshes/collision/link_2.stl
[8.100s] -- Up-to-date: /home/ice/polaris-bot/ros2_ws/install/ros2_control_demo_description/share/ros2_control_demo_description/r6bot/srdf
[8.101s] -- Installing: /home/ice/polaris-bot/ros2_ws/install/ros2_control_demo_description/share/ros2_control_demo_description/r6bot/srdf/r6bot.srdf
[8.102s] -- Up-to-date: /home/ice/polaris-bot/ros2_ws/install/ros2_control_demo_description/share/ros2_control_demo_description/r6bot/urdf
[8.102s] -- Up-to-date: /home/ice/polaris-bot/ros2_ws/install/ros2_control_demo_description/share/ros2_control_demo_description/r6bot/urdf/inc
[8.102s] -- Installing: /home/ice/polaris-bot/ros2_ws/install/ros2_control_demo_description/share/ros2_control_demo_description/r6bot/urdf/inc/create_link.xacro
[8.139s] -- Installing: /home/ice/polaris-bot/ros2_ws/install/ros2_control_demo_description/share/ros2_control_demo_description/r6bot/urdf/r6bot_description.urdf.xacro
[8.284s] -- Up-to-date: /home/ice/polaris-bot/ros2_ws/install/ros2_control_demo_description/share/ros2_control_demo_description/r6bot/rviz
[8.284s] -- Installing: /home/ice/polaris-bot/ros2_ws/install/ros2_control_demo_description/share/ros2_control_demo_description/r6bot/rviz/view_robot.rviz
[8.374s] -- Up-to-date: /home/ice/polaris-bot/ros2_ws/install/ros2_control_demo_description/share/ament_index/resource_index/package_run_dependencies/ros2_control_demo_description
[8.374s] -- Installing: /home/ice/polaris-bot/ros2_ws/install/ros2_control_demo_description/share/ament_index/resource_index/parent_prefix_path/ros2_control_demo_description
[8.374s] -- Installing: /home/ice/polaris-bot/ros2_ws/install/ros2_control_demo_description/share/ros2_control_demo_description/environment/ament_prefix_path.sh
[8.375s] -- Installing: /home/ice/polaris-bot/ros2_ws/install/ros2_control_demo_description/share/ros2_control_demo_description/environment/ament_prefix_path.dsv
[8.375s] -- Installing: /home/ice/polaris-bot/ros2_ws/install/ros2_control_demo_description/share/ros2_control_demo_description/environment/path.sh
[8.375s] -- Installing: /home/ice/polaris-bot/ros2_ws/install/ros2_control_demo_description/share/ros2_control_demo_description/environment/path.dsv
[8.375s] -- Up-to-date: /home/ice/polaris-bot/ros2_ws/install/ros2_control_demo_description/share/ros2_control_demo_description/local_setup.bash
[8.375s] -- Up-to-date: /home/ice/polaris-bot/ros2_ws/install/ros2_control_demo_description/share/ros2_control_demo_description/local_setup.sh
[8.375s] -- Up-to-date: /home/ice/polaris-bot/ros2_ws/install/ros2_control_demo_description/share/ros2_control_demo_description/local_setup.zsh
[8.375s] -- Installing: /home/ice/polaris-bot/ros2_ws/install/ros2_control_demo_description/share/ros2_control_demo_description/local_setup.dsv
[8.376s] -- Installing: /home/ice/polaris-bot/ros2_ws/install/ros2_control_demo_description/share/ros2_control_demo_description/package.dsv
[8.376s] -- Up-to-date: /home/ice/polaris-bot/ros2_ws/install/ros2_control_demo_description/share/ament_index/resource_index/packages/ros2_control_demo_description
[8.376s] -- Up-to-date: /home/ice/polaris-bot/ros2_ws/install/ros2_control_demo_description/share/ros2_control_demo_description/cmake/ros2_control_demo_descriptionConfig.cmake
[8.376s] -- Up-to-date: /home/ice/polaris-bot/ros2_ws/install/ros2_control_demo_description/share/ros2_control_demo_description/cmake/ros2_control_demo_descriptionConfig-version.cmake
[8.376s] -- Installing: /home/ice/polaris-bot/ros2_ws/install/ros2_control_demo_description/share/ros2_control_demo_description/package.xml
[8.419s] Invoked command in '/home/ice/polaris-bot/ros2_ws/build/ros2_control_demo_description' returned '0': CMAKE_PREFIX_PATH=${CMAKE_PREFIX_PATH}:/opt/ros/humble /usr/bin/cmake --install /home/ice/polaris-bot/ros2_ws/build/ros2_control_demo_description
