[0.300s] Invoking command in '/home/ice/microros_ws/firmware/mcu_ws/build/action_msgs': AMENT_PREFIX_PATH=/home/ice/microros_ws/firmware/mcu_ws/install:${AMENT_PREFIX_PATH} CMAKE_PREFIX_PATH=/home/ice/microros_ws/firmware/mcu_ws/install:/home/ice/microros_ws/firmware/dev_ws/install/ament_lint_common:/home/ice/microros_ws/firmware/dev_ws/install/ament_cmake_uncrustify:/home/ice/microros_ws/firmware/dev_ws/install/uncrustify_vendor:/home/ice/microros_ws/firmware/dev_ws/install/ament_cmake_ros:/home/ice/microros_ws/firmware/dev_ws/install/ament_cmake_auto:/home/ice/microros_ws/firmware/dev_ws/install/ament_cmake_gmock:/home/ice/microros_ws/firmware/dev_ws/install/gmock_vendor:/home/ice/microros_ws/firmware/dev_ws/install/ament_cmake_gtest:/home/ice/microros_ws/firmware/dev_ws/install/gtest_vendor:/home/ice/microros_ws/firmware/dev_ws/install/ament_cmake_xmllint:/home/ice/microros_ws/firmware/dev_ws/install/ament_cmake_pyflakes:/home/ice/microros_ws/firmware/dev_ws/install/ament_cmake_pycodestyle:/home/ice/microros_ws/firmware/dev_ws/install/ament_cmake_pep257:/home/ice/microros_ws/firmware/dev_ws/install/ament_cmake_pclint:/home/ice/microros_ws/firmware/dev_ws/install/ament_lint_auto:/home/ice/microros_ws/firmware/dev_ws/install/ament_cmake:/home/ice/microros_ws/firmware/dev_ws/install/ament_cmake_version:/home/ice/microros_ws/firmware/dev_ws/install/ament_cmake_vendor_package:/home/ice/microros_ws/firmware/dev_ws/install/ament_cmake_pytest:/home/ice/microros_ws/firmware/dev_ws/install/ament_cmake_nose:/home/ice/microros_ws/firmware/dev_ws/install/ament_cmake_mypy:/home/ice/microros_ws/firmware/dev_ws/install/ament_cmake_lint_cmake:/home/ice/microros_ws/firmware/dev_ws/install/ament_cmake_google_benchmark:/home/ice/microros_ws/firmware/dev_ws/install/ament_cmake_flake8:/home/ice/microros_ws/firmware/dev_ws/install/ament_cmake_cpplint:/home/ice/microros_ws/firmware/dev_ws/install/ament_cmake_cppcheck:/home/ice/microros_ws/firmware/dev_ws/install/ament_cmake_copyright:/home/ice/microros_ws/firmware/dev_ws/install/ament_cmake_clang_tidy:/home/ice/microros_ws/firmware/dev_ws/install/ament_cmake_clang_format:/home/ice/microros_ws/firmware/dev_ws/install/ament_cmake_test:/home/ice/microros_ws/firmware/dev_ws/install/ament_cmake_target_dependencies:/home/ice/microros_ws/firmware/dev_ws/install/ament_cmake_python:/home/ice/microros_ws/firmware/dev_ws/install/ament_cmake_export_dependencies:/home/ice/microros_ws/firmware/dev_ws/install/ament_cmake_libraries:/home/ice/microros_ws/firmware/dev_ws/install/ament_cmake_include_directories:/home/ice/microros_ws/firmware/dev_ws/install/ament_cmake_gen_version_h:/home/ice/microros_ws/firmware/dev_ws/install/ament_cmake_export_targets:/home/ice/microros_ws/firmware/dev_ws/install/ament_cmake_export_link_flags:/home/ice/microros_ws/firmware/dev_ws/install/ament_cmake_export_interfaces:/home/ice/microros_ws/firmware/dev_ws/install/ament_cmake_export_libraries:/home/ice/microros_ws/firmware/dev_ws/install/ament_cmake_export_include_directories:/home/ice/microros_ws/firmware/dev_ws/install/ament_cmake_export_definitions:/home/ice/microros_ws/firmware/dev_ws/install/ament_cmake_core:/home/ice/microros_ws/firmware/dev_ws/install/ament_index_cpp:/home/ice/microros_ws/firmware/dev_ws/install/ament_uncrustify:/home/ice/microros_ws/firmware/dev_ws/install/domain_coordinator:/home/ice/microros_ws/firmware/dev_ws/install/ament_xmllint:/home/ice/microros_ws/firmware/dev_ws/install/ament_pyflakes:/home/ice/microros_ws/firmware/dev_ws/install/ament_pycodestyle:/home/ice/microros_ws/firmware/dev_ws/install/ament_pep257:/home/ice/microros_ws/firmware/dev_ws/install/ament_pclint:/home/ice/microros_ws/firmware/dev_ws/install/ament_package:/home/ice/microros_ws/firmware/dev_ws/install/ament_mypy:/home/ice/microros_ws/firmware/dev_ws/install/ament_lint_cmake:/home/ice/microros_ws/firmware/dev_ws/install/ament_flake8:/home/ice/microros_ws/firmware/dev_ws/install/ament_copyright:/home/ice/microros_ws/firmware/dev_ws/install/ament_lint:/home/ice/microros_ws/firmware/dev_ws/install/ament_index_python:/home/ice/microros_ws/firmware/dev_ws/install/ament_cpplint:/home/ice/microros_ws/firmware/dev_ws/install/ament_cppcheck:/home/ice/microros_ws/firmware/dev_ws/install/ament_clang_tidy:/home/ice/microros_ws/firmware/dev_ws/install/ament_clang_format LD_LIBRARY_PATH=/home/ice/microros_ws/firmware/mcu_ws/install/lib:${LD_LIBRARY_PATH} PATH=/home/ice/microros_ws/firmware/mcu_ws/install/bin:${PATH} PYTHONPATH=/home/ice/microros_ws/firmware/mcu_ws/install/lib/python3.10/site-packages:${PYTHONPATH} /usr/bin/cmake --build /home/ice/microros_ws/firmware/mcu_ws/build/action_msgs -- -j2 -l2
[0.351s] gmake[4]: Entering directory '/home/ice/microros_ws/firmware/mcu_ws/build/action_msgs'
[0.351s] /usr/bin/cmake -S/home/ice/microros_ws/firmware/mcu_ws/ros2/rcl_interfaces/action_msgs -B/home/ice/microros_ws/firmware/mcu_ws/build/action_msgs --check-build-system CMakeFiles/Makefile.cmake 0
[0.379s] Re-run cmake file: Makefile older than: /home/ice/microros_ws/firmware/freertos_apps/microros_esp32_extensions/esp32_toolchain.cmake
[0.393s] -- Found ament_cmake: 1.3.7 (/home/ice/microros_ws/firmware/dev_ws/install/ament_cmake/share/ament_cmake/cmake)
[0.858s] -- Found builtin_interfaces: 1.2.1 (/home/ice/microros_ws/firmware/mcu_ws/install/share/builtin_interfaces/cmake)
[0.891s] [33mCMake Warning at /home/ice/microros_ws/firmware/mcu_ws/install/share/rcutils/cmake/ament_cmake_export_libraries-extras.cmake:116 (message):
[0.891s]   Package 'rcutils' exports library 'dl' which couldn't be found
[0.891s] Call Stack (most recent call first):
[0.892s]   /home/ice/microros_ws/firmware/mcu_ws/install/share/rcutils/cmake/rcutilsConfig.cmake:41 (include)
[0.892s]   /home/ice/microros_ws/firmware/mcu_ws/install/share/rosidl_runtime_c/cmake/ament_cmake_export_dependencies-extras.cmake:21 (find_package)
[0.892s]   /home/ice/microros_ws/firmware/mcu_ws/install/share/rosidl_runtime_c/cmake/rosidl_runtime_cConfig.cmake:41 (include)
[0.892s]   /home/ice/microros_ws/firmware/mcu_ws/install/share/builtin_interfaces/cmake/ament_cmake_export_dependencies-extras.cmake:21 (find_package)
[0.892s]   /home/ice/microros_ws/firmware/mcu_ws/install/share/builtin_interfaces/cmake/builtin_interfacesConfig.cmake:41 (include)
[0.893s]   CMakeLists.txt:14 (find_package)
[0.893s] 
[0.893s] [0m
[0.899s] -- Using all available rosidl_typesupport_c: rosidl_typesupport_introspection_c;rosidl_typesupport_microxrcedds_c
[0.906s] -- Found rosidl_adapter: 3.1.5 (/home/ice/microros_ws/firmware/mcu_ws/install/share/rosidl_adapter/cmake)
[0.966s] -- Found rosidl_default_generators: 1.2.0 (/home/ice/microros_ws/firmware/mcu_ws/install/share/rosidl_default_generators/cmake)
[1.007s] -- Found unique_identifier_msgs: 2.2.1 (/home/ice/microros_ws/firmware/mcu_ws/install/share/unique_identifier_msgs/cmake)
[1.782s] -- Found ament_cmake_ros: 0.10.0 (/home/ice/microros_ws/firmware/dev_ws/install/ament_cmake_ros/share/ament_cmake_ros/cmake)
[2.103s] -- Using all available rosidl_typesupport_c: rosidl_typesupport_introspection_c;rosidl_typesupport_microxrcedds_c
[2.117s] -- Configuring done
[2.186s] -- Generating done
[2.199s] -- Build files have been written to: /home/ice/microros_ws/firmware/mcu_ws/build/action_msgs
[2.206s] /usr/bin/cmake -E cmake_progress_start /home/ice/microros_ws/firmware/mcu_ws/build/action_msgs/CMakeFiles /home/ice/microros_ws/firmware/mcu_ws/build/action_msgs//CMakeFiles/progress.marks
[2.221s] /usr/bin/gmake  -f CMakeFiles/Makefile2 all
[2.225s] gmake[5]: Entering directory '/home/ice/microros_ws/firmware/mcu_ws/build/action_msgs'
[2.225s] /usr/bin/gmake  -f CMakeFiles/action_msgs__rosidl_generator_c.dir/build.make CMakeFiles/action_msgs__rosidl_generator_c.dir/depend
[2.230s] gmake[6]: Entering directory '/home/ice/microros_ws/firmware/mcu_ws/build/action_msgs'
[2.230s] cd /home/ice/microros_ws/firmware/mcu_ws/build/action_msgs && /usr/bin/cmake -E cmake_depends "Unix Makefiles" /home/ice/microros_ws/firmware/mcu_ws/ros2/rcl_interfaces/action_msgs /home/ice/microros_ws/firmware/mcu_ws/ros2/rcl_interfaces/action_msgs /home/ice/microros_ws/firmware/mcu_ws/build/action_msgs /home/ice/microros_ws/firmware/mcu_ws/build/action_msgs /home/ice/microros_ws/firmware/mcu_ws/build/action_msgs/CMakeFiles/action_msgs__rosidl_generator_c.dir/DependInfo.cmake --color=
[2.267s] Dependencies file "CMakeFiles/action_msgs__rosidl_generator_c.dir/rosidl_generator_c/action_msgs/msg/detail/goal_info__functions.c.obj.d" is newer than depends file "/home/ice/microros_ws/firmware/mcu_ws/build/action_msgs/CMakeFiles/action_msgs__rosidl_generator_c.dir/compiler_depend.internal".
[2.268s] Dependencies file "CMakeFiles/action_msgs__rosidl_generator_c.dir/rosidl_generator_c/action_msgs/msg/detail/goal_status__functions.c.obj.d" is newer than depends file "/home/ice/microros_ws/firmware/mcu_ws/build/action_msgs/CMakeFiles/action_msgs__rosidl_generator_c.dir/compiler_depend.internal".
[2.268s] Dependencies file "CMakeFiles/action_msgs__rosidl_generator_c.dir/rosidl_generator_c/action_msgs/msg/detail/goal_status_array__functions.c.obj.d" is newer than depends file "/home/ice/microros_ws/firmware/mcu_ws/build/action_msgs/CMakeFiles/action_msgs__rosidl_generator_c.dir/compiler_depend.internal".
[2.268s] Dependencies file "CMakeFiles/action_msgs__rosidl_generator_c.dir/rosidl_generator_c/action_msgs/srv/detail/cancel_goal__functions.c.obj.d" is newer than depends file "/home/ice/microros_ws/firmware/mcu_ws/build/action_msgs/CMakeFiles/action_msgs__rosidl_generator_c.dir/compiler_depend.internal".
[2.268s] [35m[1mConsolidate compiler generated dependencies of target action_msgs__rosidl_generator_c[0m
[2.273s] gmake[6]: Leaving directory '/home/ice/microros_ws/firmware/mcu_ws/build/action_msgs'
[2.274s] /usr/bin/gmake  -f CMakeFiles/action_msgs__rosidl_generator_c.dir/build.make CMakeFiles/action_msgs__rosidl_generator_c.dir/build
[2.281s] gmake[6]: Entering directory '/home/ice/microros_ws/firmware/mcu_ws/build/action_msgs'
[2.281s] gmake[6]: Nothing to be done for 'CMakeFiles/action_msgs__rosidl_generator_c.dir/build'.
[2.281s] gmake[6]: Leaving directory '/home/ice/microros_ws/firmware/mcu_ws/build/action_msgs'
[2.302s] [ 25%] Built target action_msgs__rosidl_generator_c
[2.305s] /usr/bin/gmake  -f CMakeFiles/action_msgs__rosidl_typesupport_microxrcedds_c.dir/build.make CMakeFiles/action_msgs__rosidl_typesupport_microxrcedds_c.dir/depend
[2.305s] /usr/bin/gmake  -f CMakeFiles/action_msgs__rosidl_typesupport_introspection_c.dir/build.make CMakeFiles/action_msgs__rosidl_typesupport_introspection_c.dir/depend
[2.310s] gmake[6]: Entering directory '/home/ice/microros_ws/firmware/mcu_ws/build/action_msgs'
[2.311s] cd /home/ice/microros_ws/firmware/mcu_ws/build/action_msgs && /usr/bin/cmake -E cmake_depends "Unix Makefiles" /home/ice/microros_ws/firmware/mcu_ws/ros2/rcl_interfaces/action_msgs /home/ice/microros_ws/firmware/mcu_ws/ros2/rcl_interfaces/action_msgs /home/ice/microros_ws/firmware/mcu_ws/build/action_msgs /home/ice/microros_ws/firmware/mcu_ws/build/action_msgs /home/ice/microros_ws/firmware/mcu_ws/build/action_msgs/CMakeFiles/action_msgs__rosidl_typesupport_microxrcedds_c.dir/DependInfo.cmake --color=
[2.319s] gmake[6]: Entering directory '/home/ice/microros_ws/firmware/mcu_ws/build/action_msgs'
[2.320s] cd /home/ice/microros_ws/firmware/mcu_ws/build/action_msgs && /usr/bin/cmake -E cmake_depends "Unix Makefiles" /home/ice/microros_ws/firmware/mcu_ws/ros2/rcl_interfaces/action_msgs /home/ice/microros_ws/firmware/mcu_ws/ros2/rcl_interfaces/action_msgs /home/ice/microros_ws/firmware/mcu_ws/build/action_msgs /home/ice/microros_ws/firmware/mcu_ws/build/action_msgs /home/ice/microros_ws/firmware/mcu_ws/build/action_msgs/CMakeFiles/action_msgs__rosidl_typesupport_introspection_c.dir/DependInfo.cmake --color=
[2.340s] Dependencies file "CMakeFiles/action_msgs__rosidl_typesupport_introspection_c.dir/rosidl_typesupport_introspection_c/action_msgs/msg/detail/goal_info__type_support.c.obj.d" is newer than depends file "/home/ice/microros_ws/firmware/mcu_ws/build/action_msgs/CMakeFiles/action_msgs__rosidl_typesupport_introspection_c.dir/compiler_depend.internal".
[2.341s] Dependencies file "CMakeFiles/action_msgs__rosidl_typesupport_introspection_c.dir/rosidl_typesupport_introspection_c/action_msgs/msg/detail/goal_status__type_support.c.obj.d" is newer than depends file "/home/ice/microros_ws/firmware/mcu_ws/build/action_msgs/CMakeFiles/action_msgs__rosidl_typesupport_introspection_c.dir/compiler_depend.internal".
[2.341s] Dependencies file "CMakeFiles/action_msgs__rosidl_typesupport_introspection_c.dir/rosidl_typesupport_introspection_c/action_msgs/msg/detail/goal_status_array__type_support.c.obj.d" is newer than depends file "/home/ice/microros_ws/firmware/mcu_ws/build/action_msgs/CMakeFiles/action_msgs__rosidl_typesupport_introspection_c.dir/compiler_depend.internal".
[2.341s] Dependencies file "CMakeFiles/action_msgs__rosidl_typesupport_introspection_c.dir/rosidl_typesupport_introspection_c/action_msgs/srv/detail/cancel_goal__type_support.c.obj.d" is newer than depends file "/home/ice/microros_ws/firmware/mcu_ws/build/action_msgs/CMakeFiles/action_msgs__rosidl_typesupport_introspection_c.dir/compiler_depend.internal".
[2.342s] [35m[1mConsolidate compiler generated dependencies of target action_msgs__rosidl_typesupport_introspection_c[0m
[2.346s] gmake[6]: Leaving directory '/home/ice/microros_ws/firmware/mcu_ws/build/action_msgs'
[2.347s] /usr/bin/gmake  -f CMakeFiles/action_msgs__rosidl_typesupport_introspection_c.dir/build.make CMakeFiles/action_msgs__rosidl_typesupport_introspection_c.dir/build
[2.353s] gmake[6]: Entering directory '/home/ice/microros_ws/firmware/mcu_ws/build/action_msgs'
[2.353s] gmake[6]: Nothing to be done for 'CMakeFiles/action_msgs__rosidl_typesupport_introspection_c.dir/build'.
[2.353s] gmake[6]: Leaving directory '/home/ice/microros_ws/firmware/mcu_ws/build/action_msgs'
[2.380s] Dependencies file "CMakeFiles/action_msgs__rosidl_typesupport_microxrcedds_c.dir/rosidl_typesupport_microxrcedds_c/action_msgs/msg/detail/microxrcedds/goal_info__type_support_c.c.obj.d" is newer than depends file "/home/ice/microros_ws/firmware/mcu_ws/build/action_msgs/CMakeFiles/action_msgs__rosidl_typesupport_microxrcedds_c.dir/compiler_depend.internal".
[2.382s] Dependencies file "CMakeFiles/action_msgs__rosidl_typesupport_microxrcedds_c.dir/rosidl_typesupport_microxrcedds_c/action_msgs/msg/detail/microxrcedds/goal_status__type_support_c.c.obj.d" is newer than depends file "/home/ice/microros_ws/firmware/mcu_ws/build/action_msgs/CMakeFiles/action_msgs__rosidl_typesupport_microxrcedds_c.dir/compiler_depend.internal".
[2.382s] Dependencies file "CMakeFiles/action_msgs__rosidl_typesupport_microxrcedds_c.dir/rosidl_typesupport_microxrcedds_c/action_msgs/msg/detail/microxrcedds/goal_status_array__type_support_c.c.obj.d" is newer than depends file "/home/ice/microros_ws/firmware/mcu_ws/build/action_msgs/CMakeFiles/action_msgs__rosidl_typesupport_microxrcedds_c.dir/compiler_depend.internal".
[2.383s] Dependencies file "CMakeFiles/action_msgs__rosidl_typesupport_microxrcedds_c.dir/rosidl_typesupport_microxrcedds_c/action_msgs/srv/detail/microxrcedds/cancel_goal__type_support_c.c.obj.d" is newer than depends file "/home/ice/microros_ws/firmware/mcu_ws/build/action_msgs/CMakeFiles/action_msgs__rosidl_typesupport_microxrcedds_c.dir/compiler_depend.internal".
[2.384s] [35m[1mConsolidate compiler generated dependencies of target action_msgs__rosidl_typesupport_microxrcedds_c[0m
[2.388s] [ 50%] Built target action_msgs__rosidl_typesupport_introspection_c
[2.391s] /usr/bin/gmake  -f CMakeFiles/action_msgs__rosidl_typesupport_c.dir/build.make CMakeFiles/action_msgs__rosidl_typesupport_c.dir/depend
[2.391s] gmake[6]: Leaving directory '/home/ice/microros_ws/firmware/mcu_ws/build/action_msgs'
[2.392s] /usr/bin/gmake  -f CMakeFiles/action_msgs__rosidl_typesupport_microxrcedds_c.dir/build.make CMakeFiles/action_msgs__rosidl_typesupport_microxrcedds_c.dir/build
[2.397s] gmake[6]: Entering directory '/home/ice/microros_ws/firmware/mcu_ws/build/action_msgs'
[2.397s] cd /home/ice/microros_ws/firmware/mcu_ws/build/action_msgs && /usr/bin/cmake -E cmake_depends "Unix Makefiles" /home/ice/microros_ws/firmware/mcu_ws/ros2/rcl_interfaces/action_msgs /home/ice/microros_ws/firmware/mcu_ws/ros2/rcl_interfaces/action_msgs /home/ice/microros_ws/firmware/mcu_ws/build/action_msgs /home/ice/microros_ws/firmware/mcu_ws/build/action_msgs /home/ice/microros_ws/firmware/mcu_ws/build/action_msgs/CMakeFiles/action_msgs__rosidl_typesupport_c.dir/DependInfo.cmake --color=
[2.403s] gmake[6]: Entering directory '/home/ice/microros_ws/firmware/mcu_ws/build/action_msgs'
[2.403s] gmake[6]: Nothing to be done for 'CMakeFiles/action_msgs__rosidl_typesupport_microxrcedds_c.dir/build'.
[2.403s] gmake[6]: Leaving directory '/home/ice/microros_ws/firmware/mcu_ws/build/action_msgs'
[2.424s] Dependencies file "CMakeFiles/action_msgs__rosidl_typesupport_c.dir/rosidl_typesupport_c/action_msgs/msg/goal_info__type_support.cpp.obj.d" is newer than depends file "/home/ice/microros_ws/firmware/mcu_ws/build/action_msgs/CMakeFiles/action_msgs__rosidl_typesupport_c.dir/compiler_depend.internal".
[2.424s] Dependencies file "CMakeFiles/action_msgs__rosidl_typesupport_c.dir/rosidl_typesupport_c/action_msgs/msg/goal_status__type_support.cpp.obj.d" is newer than depends file "/home/ice/microros_ws/firmware/mcu_ws/build/action_msgs/CMakeFiles/action_msgs__rosidl_typesupport_c.dir/compiler_depend.internal".
[2.424s] Dependencies file "CMakeFiles/action_msgs__rosidl_typesupport_c.dir/rosidl_typesupport_c/action_msgs/msg/goal_status_array__type_support.cpp.obj.d" is newer than depends file "/home/ice/microros_ws/firmware/mcu_ws/build/action_msgs/CMakeFiles/action_msgs__rosidl_typesupport_c.dir/compiler_depend.internal".
[2.424s] Dependencies file "CMakeFiles/action_msgs__rosidl_typesupport_c.dir/rosidl_typesupport_c/action_msgs/srv/cancel_goal__type_support.cpp.obj.d" is newer than depends file "/home/ice/microros_ws/firmware/mcu_ws/build/action_msgs/CMakeFiles/action_msgs__rosidl_typesupport_c.dir/compiler_depend.internal".
[2.424s] [35m[1mConsolidate compiler generated dependencies of target action_msgs__rosidl_typesupport_c[0m
[2.428s] gmake[6]: Leaving directory '/home/ice/microros_ws/firmware/mcu_ws/build/action_msgs'
[2.429s] /usr/bin/gmake  -f CMakeFiles/action_msgs__rosidl_typesupport_c.dir/build.make CMakeFiles/action_msgs__rosidl_typesupport_c.dir/build
[2.435s] gmake[6]: Entering directory '/home/ice/microros_ws/firmware/mcu_ws/build/action_msgs'
[2.435s] gmake[6]: Nothing to be done for 'CMakeFiles/action_msgs__rosidl_typesupport_c.dir/build'.
[2.435s] gmake[6]: Leaving directory '/home/ice/microros_ws/firmware/mcu_ws/build/action_msgs'
[2.452s] [ 75%] Built target action_msgs__rosidl_typesupport_c
[2.471s] [100%] Built target action_msgs__rosidl_typesupport_microxrcedds_c
[2.477s] /usr/bin/gmake  -f CMakeFiles/action_msgs.dir/build.make CMakeFiles/action_msgs.dir/depend
[2.481s] gmake[6]: Entering directory '/home/ice/microros_ws/firmware/mcu_ws/build/action_msgs'
[2.481s] cd /home/ice/microros_ws/firmware/mcu_ws/build/action_msgs && /usr/bin/cmake -E cmake_depends "Unix Makefiles" /home/ice/microros_ws/firmware/mcu_ws/ros2/rcl_interfaces/action_msgs /home/ice/microros_ws/firmware/mcu_ws/ros2/rcl_interfaces/action_msgs /home/ice/microros_ws/firmware/mcu_ws/build/action_msgs /home/ice/microros_ws/firmware/mcu_ws/build/action_msgs /home/ice/microros_ws/firmware/mcu_ws/build/action_msgs/CMakeFiles/action_msgs.dir/DependInfo.cmake --color=
[2.515s] gmake[6]: Leaving directory '/home/ice/microros_ws/firmware/mcu_ws/build/action_msgs'
[2.515s] /usr/bin/gmake  -f CMakeFiles/action_msgs.dir/build.make CMakeFiles/action_msgs.dir/build
[2.519s] gmake[6]: Entering directory '/home/ice/microros_ws/firmware/mcu_ws/build/action_msgs'
[2.519s] gmake[6]: Nothing to be done for 'CMakeFiles/action_msgs.dir/build'.
[2.519s] gmake[6]: Leaving directory '/home/ice/microros_ws/firmware/mcu_ws/build/action_msgs'
[2.536s] [100%] Built target action_msgs
[2.539s] gmake[5]: Leaving directory '/home/ice/microros_ws/firmware/mcu_ws/build/action_msgs'
[2.539s] /usr/bin/cmake -E cmake_progress_start /home/ice/microros_ws/firmware/mcu_ws/build/action_msgs/CMakeFiles 0
[2.557s] gmake[4]: Leaving directory '/home/ice/microros_ws/firmware/mcu_ws/build/action_msgs'
[2.564s] Invoked command in '/home/ice/microros_ws/firmware/mcu_ws/build/action_msgs' returned '0': AMENT_PREFIX_PATH=/home/ice/microros_ws/firmware/mcu_ws/install:${AMENT_PREFIX_PATH} CMAKE_PREFIX_PATH=/home/ice/microros_ws/firmware/mcu_ws/install:/home/ice/microros_ws/firmware/dev_ws/install/ament_lint_common:/home/ice/microros_ws/firmware/dev_ws/install/ament_cmake_uncrustify:/home/ice/microros_ws/firmware/dev_ws/install/uncrustify_vendor:/home/ice/microros_ws/firmware/dev_ws/install/ament_cmake_ros:/home/ice/microros_ws/firmware/dev_ws/install/ament_cmake_auto:/home/ice/microros_ws/firmware/dev_ws/install/ament_cmake_gmock:/home/ice/microros_ws/firmware/dev_ws/install/gmock_vendor:/home/ice/microros_ws/firmware/dev_ws/install/ament_cmake_gtest:/home/ice/microros_ws/firmware/dev_ws/install/gtest_vendor:/home/ice/microros_ws/firmware/dev_ws/install/ament_cmake_xmllint:/home/ice/microros_ws/firmware/dev_ws/install/ament_cmake_pyflakes:/home/ice/microros_ws/firmware/dev_ws/install/ament_cmake_pycodestyle:/home/ice/microros_ws/firmware/dev_ws/install/ament_cmake_pep257:/home/ice/microros_ws/firmware/dev_ws/install/ament_cmake_pclint:/home/ice/microros_ws/firmware/dev_ws/install/ament_lint_auto:/home/ice/microros_ws/firmware/dev_ws/install/ament_cmake:/home/ice/microros_ws/firmware/dev_ws/install/ament_cmake_version:/home/ice/microros_ws/firmware/dev_ws/install/ament_cmake_vendor_package:/home/ice/microros_ws/firmware/dev_ws/install/ament_cmake_pytest:/home/ice/microros_ws/firmware/dev_ws/install/ament_cmake_nose:/home/ice/microros_ws/firmware/dev_ws/install/ament_cmake_mypy:/home/ice/microros_ws/firmware/dev_ws/install/ament_cmake_lint_cmake:/home/ice/microros_ws/firmware/dev_ws/install/ament_cmake_google_benchmark:/home/ice/microros_ws/firmware/dev_ws/install/ament_cmake_flake8:/home/ice/microros_ws/firmware/dev_ws/install/ament_cmake_cpplint:/home/ice/microros_ws/firmware/dev_ws/install/ament_cmake_cppcheck:/home/ice/microros_ws/firmware/dev_ws/install/ament_cmake_copyright:/home/ice/microros_ws/firmware/dev_ws/install/ament_cmake_clang_tidy:/home/ice/microros_ws/firmware/dev_ws/install/ament_cmake_clang_format:/home/ice/microros_ws/firmware/dev_ws/install/ament_cmake_test:/home/ice/microros_ws/firmware/dev_ws/install/ament_cmake_target_dependencies:/home/ice/microros_ws/firmware/dev_ws/install/ament_cmake_python:/home/ice/microros_ws/firmware/dev_ws/install/ament_cmake_export_dependencies:/home/ice/microros_ws/firmware/dev_ws/install/ament_cmake_libraries:/home/ice/microros_ws/firmware/dev_ws/install/ament_cmake_include_directories:/home/ice/microros_ws/firmware/dev_ws/install/ament_cmake_gen_version_h:/home/ice/microros_ws/firmware/dev_ws/install/ament_cmake_export_targets:/home/ice/microros_ws/firmware/dev_ws/install/ament_cmake_export_link_flags:/home/ice/microros_ws/firmware/dev_ws/install/ament_cmake_export_interfaces:/home/ice/microros_ws/firmware/dev_ws/install/ament_cmake_export_libraries:/home/ice/microros_ws/firmware/dev_ws/install/ament_cmake_export_include_directories:/home/ice/microros_ws/firmware/dev_ws/install/ament_cmake_export_definitions:/home/ice/microros_ws/firmware/dev_ws/install/ament_cmake_core:/home/ice/microros_ws/firmware/dev_ws/install/ament_index_cpp:/home/ice/microros_ws/firmware/dev_ws/install/ament_uncrustify:/home/ice/microros_ws/firmware/dev_ws/install/domain_coordinator:/home/ice/microros_ws/firmware/dev_ws/install/ament_xmllint:/home/ice/microros_ws/firmware/dev_ws/install/ament_pyflakes:/home/ice/microros_ws/firmware/dev_ws/install/ament_pycodestyle:/home/ice/microros_ws/firmware/dev_ws/install/ament_pep257:/home/ice/microros_ws/firmware/dev_ws/install/ament_pclint:/home/ice/microros_ws/firmware/dev_ws/install/ament_package:/home/ice/microros_ws/firmware/dev_ws/install/ament_mypy:/home/ice/microros_ws/firmware/dev_ws/install/ament_lint_cmake:/home/ice/microros_ws/firmware/dev_ws/install/ament_flake8:/home/ice/microros_ws/firmware/dev_ws/install/ament_copyright:/home/ice/microros_ws/firmware/dev_ws/install/ament_lint:/home/ice/microros_ws/firmware/dev_ws/install/ament_index_python:/home/ice/microros_ws/firmware/dev_ws/install/ament_cpplint:/home/ice/microros_ws/firmware/dev_ws/install/ament_cppcheck:/home/ice/microros_ws/firmware/dev_ws/install/ament_clang_tidy:/home/ice/microros_ws/firmware/dev_ws/install/ament_clang_format LD_LIBRARY_PATH=/home/ice/microros_ws/firmware/mcu_ws/install/lib:${LD_LIBRARY_PATH} PATH=/home/ice/microros_ws/firmware/mcu_ws/install/bin:${PATH} PYTHONPATH=/home/ice/microros_ws/firmware/mcu_ws/install/lib/python3.10/site-packages:${PYTHONPATH} /usr/bin/cmake --build /home/ice/microros_ws/firmware/mcu_ws/build/action_msgs -- -j2 -l2
[2.870s] Invoking command in '/home/ice/microros_ws/firmware/mcu_ws/build/action_msgs': AMENT_PREFIX_PATH=/home/ice/microros_ws/firmware/mcu_ws/install:${AMENT_PREFIX_PATH} CMAKE_PREFIX_PATH=/home/ice/microros_ws/firmware/mcu_ws/install:/home/ice/microros_ws/firmware/dev_ws/install/ament_lint_common:/home/ice/microros_ws/firmware/dev_ws/install/ament_cmake_uncrustify:/home/ice/microros_ws/firmware/dev_ws/install/uncrustify_vendor:/home/ice/microros_ws/firmware/dev_ws/install/ament_cmake_ros:/home/ice/microros_ws/firmware/dev_ws/install/ament_cmake_auto:/home/ice/microros_ws/firmware/dev_ws/install/ament_cmake_gmock:/home/ice/microros_ws/firmware/dev_ws/install/gmock_vendor:/home/ice/microros_ws/firmware/dev_ws/install/ament_cmake_gtest:/home/ice/microros_ws/firmware/dev_ws/install/gtest_vendor:/home/ice/microros_ws/firmware/dev_ws/install/ament_cmake_xmllint:/home/ice/microros_ws/firmware/dev_ws/install/ament_cmake_pyflakes:/home/ice/microros_ws/firmware/dev_ws/install/ament_cmake_pycodestyle:/home/ice/microros_ws/firmware/dev_ws/install/ament_cmake_pep257:/home/ice/microros_ws/firmware/dev_ws/install/ament_cmake_pclint:/home/ice/microros_ws/firmware/dev_ws/install/ament_lint_auto:/home/ice/microros_ws/firmware/dev_ws/install/ament_cmake:/home/ice/microros_ws/firmware/dev_ws/install/ament_cmake_version:/home/ice/microros_ws/firmware/dev_ws/install/ament_cmake_vendor_package:/home/ice/microros_ws/firmware/dev_ws/install/ament_cmake_pytest:/home/ice/microros_ws/firmware/dev_ws/install/ament_cmake_nose:/home/ice/microros_ws/firmware/dev_ws/install/ament_cmake_mypy:/home/ice/microros_ws/firmware/dev_ws/install/ament_cmake_lint_cmake:/home/ice/microros_ws/firmware/dev_ws/install/ament_cmake_google_benchmark:/home/ice/microros_ws/firmware/dev_ws/install/ament_cmake_flake8:/home/ice/microros_ws/firmware/dev_ws/install/ament_cmake_cpplint:/home/ice/microros_ws/firmware/dev_ws/install/ament_cmake_cppcheck:/home/ice/microros_ws/firmware/dev_ws/install/ament_cmake_copyright:/home/ice/microros_ws/firmware/dev_ws/install/ament_cmake_clang_tidy:/home/ice/microros_ws/firmware/dev_ws/install/ament_cmake_clang_format:/home/ice/microros_ws/firmware/dev_ws/install/ament_cmake_test:/home/ice/microros_ws/firmware/dev_ws/install/ament_cmake_target_dependencies:/home/ice/microros_ws/firmware/dev_ws/install/ament_cmake_python:/home/ice/microros_ws/firmware/dev_ws/install/ament_cmake_export_dependencies:/home/ice/microros_ws/firmware/dev_ws/install/ament_cmake_libraries:/home/ice/microros_ws/firmware/dev_ws/install/ament_cmake_include_directories:/home/ice/microros_ws/firmware/dev_ws/install/ament_cmake_gen_version_h:/home/ice/microros_ws/firmware/dev_ws/install/ament_cmake_export_targets:/home/ice/microros_ws/firmware/dev_ws/install/ament_cmake_export_link_flags:/home/ice/microros_ws/firmware/dev_ws/install/ament_cmake_export_interfaces:/home/ice/microros_ws/firmware/dev_ws/install/ament_cmake_export_libraries:/home/ice/microros_ws/firmware/dev_ws/install/ament_cmake_export_include_directories:/home/ice/microros_ws/firmware/dev_ws/install/ament_cmake_export_definitions:/home/ice/microros_ws/firmware/dev_ws/install/ament_cmake_core:/home/ice/microros_ws/firmware/dev_ws/install/ament_index_cpp:/home/ice/microros_ws/firmware/dev_ws/install/ament_uncrustify:/home/ice/microros_ws/firmware/dev_ws/install/domain_coordinator:/home/ice/microros_ws/firmware/dev_ws/install/ament_xmllint:/home/ice/microros_ws/firmware/dev_ws/install/ament_pyflakes:/home/ice/microros_ws/firmware/dev_ws/install/ament_pycodestyle:/home/ice/microros_ws/firmware/dev_ws/install/ament_pep257:/home/ice/microros_ws/firmware/dev_ws/install/ament_pclint:/home/ice/microros_ws/firmware/dev_ws/install/ament_package:/home/ice/microros_ws/firmware/dev_ws/install/ament_mypy:/home/ice/microros_ws/firmware/dev_ws/install/ament_lint_cmake:/home/ice/microros_ws/firmware/dev_ws/install/ament_flake8:/home/ice/microros_ws/firmware/dev_ws/install/ament_copyright:/home/ice/microros_ws/firmware/dev_ws/install/ament_lint:/home/ice/microros_ws/firmware/dev_ws/install/ament_index_python:/home/ice/microros_ws/firmware/dev_ws/install/ament_cpplint:/home/ice/microros_ws/firmware/dev_ws/install/ament_cppcheck:/home/ice/microros_ws/firmware/dev_ws/install/ament_clang_tidy:/home/ice/microros_ws/firmware/dev_ws/install/ament_clang_format LD_LIBRARY_PATH=/home/ice/microros_ws/firmware/mcu_ws/install/lib:${LD_LIBRARY_PATH} PATH=/home/ice/microros_ws/firmware/mcu_ws/install/bin:${PATH} PYTHONPATH=/home/ice/microros_ws/firmware/mcu_ws/install/lib/python3.10/site-packages:${PYTHONPATH} /usr/bin/cmake --install /home/ice/microros_ws/firmware/mcu_ws/build/action_msgs
[2.891s] -- Install configuration: "Debug"
[2.891s] -- Up-to-date: /home/ice/microros_ws/firmware/mcu_ws/install/share/ament_index/resource_index/rosidl_interfaces/action_msgs
[2.892s] -- Up-to-date: /home/ice/microros_ws/firmware/mcu_ws/install/include/action_msgs/action_msgs
[2.893s] -- Up-to-date: /home/ice/microros_ws/firmware/mcu_ws/install/include/action_msgs/action_msgs/srv
[2.893s] -- Up-to-date: /home/ice/microros_ws/firmware/mcu_ws/install/include/action_msgs/action_msgs/srv/detail
[2.893s] -- Up-to-date: /home/ice/microros_ws/firmware/mcu_ws/install/include/action_msgs/action_msgs/srv/detail/cancel_goal__type_support.h
[2.894s] -- Up-to-date: /home/ice/microros_ws/firmware/mcu_ws/install/include/action_msgs/action_msgs/srv/detail/cancel_goal__struct.h
[2.906s] -- Up-to-date: /home/ice/microros_ws/firmware/mcu_ws/install/include/action_msgs/action_msgs/srv/detail/cancel_goal__functions.h
[2.921s] -- Up-to-date: /home/ice/microros_ws/firmware/mcu_ws/install/include/action_msgs/action_msgs/srv/detail/cancel_goal__functions.c
[2.921s] -- Up-to-date: /home/ice/microros_ws/firmware/mcu_ws/install/include/action_msgs/action_msgs/srv/cancel_goal.h
[2.921s] -- Up-to-date: /home/ice/microros_ws/firmware/mcu_ws/install/include/action_msgs/action_msgs/msg
[2.923s] -- Up-to-date: /home/ice/microros_ws/firmware/mcu_ws/install/include/action_msgs/action_msgs/msg/detail
[2.924s] -- Up-to-date: /home/ice/microros_ws/firmware/mcu_ws/install/include/action_msgs/action_msgs/msg/detail/goal_status_array__struct.h
[2.924s] -- Up-to-date: /home/ice/microros_ws/firmware/mcu_ws/install/include/action_msgs/action_msgs/msg/detail/goal_info__functions.c
[2.924s] -- Up-to-date: /home/ice/microros_ws/firmware/mcu_ws/install/include/action_msgs/action_msgs/msg/detail/goal_info__type_support.h
[2.924s] -- Up-to-date: /home/ice/microros_ws/firmware/mcu_ws/install/include/action_msgs/action_msgs/msg/detail/goal_status_array__type_support.h
[2.924s] -- Up-to-date: /home/ice/microros_ws/firmware/mcu_ws/install/include/action_msgs/action_msgs/msg/detail/goal_status_array__functions.c
[2.924s] -- Up-to-date: /home/ice/microros_ws/firmware/mcu_ws/install/include/action_msgs/action_msgs/msg/detail/goal_status_array__functions.h
[2.924s] -- Up-to-date: /home/ice/microros_ws/firmware/mcu_ws/install/include/action_msgs/action_msgs/msg/detail/goal_status__struct.h
[2.925s] -- Up-to-date: /home/ice/microros_ws/firmware/mcu_ws/install/include/action_msgs/action_msgs/msg/detail/goal_info__struct.h
[2.926s] -- Up-to-date: /home/ice/microros_ws/firmware/mcu_ws/install/include/action_msgs/action_msgs/msg/detail/goal_status__functions.h
[2.927s] -- Up-to-date: /home/ice/microros_ws/firmware/mcu_ws/install/include/action_msgs/action_msgs/msg/detail/goal_status__type_support.h
[2.928s] -- Up-to-date: /home/ice/microros_ws/firmware/mcu_ws/install/include/action_msgs/action_msgs/msg/detail/goal_status__functions.c
[2.928s] -- Up-to-date: /home/ice/microros_ws/firmware/mcu_ws/install/include/action_msgs/action_msgs/msg/detail/goal_info__functions.h
[2.929s] -- Up-to-date: /home/ice/microros_ws/firmware/mcu_ws/install/include/action_msgs/action_msgs/msg/goal_info.h
[2.929s] -- Up-to-date: /home/ice/microros_ws/firmware/mcu_ws/install/include/action_msgs/action_msgs/msg/rosidl_generator_c__visibility_control.h
[2.930s] -- Up-to-date: /home/ice/microros_ws/firmware/mcu_ws/install/include/action_msgs/action_msgs/msg/goal_status.h
[2.930s] -- Up-to-date: /home/ice/microros_ws/firmware/mcu_ws/install/include/action_msgs/action_msgs/msg/goal_status_array.h
[2.931s] -- Up-to-date: /home/ice/microros_ws/firmware/mcu_ws/install/share/action_msgs/environment/library_path.sh
[2.931s] -- Installing: /home/ice/microros_ws/firmware/mcu_ws/install/share/action_msgs/environment/library_path.dsv
[2.932s] -- Up-to-date: /home/ice/microros_ws/firmware/mcu_ws/install/lib/libaction_msgs__rosidl_generator_c.a
[2.933s] -- Up-to-date: /home/ice/microros_ws/firmware/mcu_ws/install/include/action_msgs/action_msgs
[2.933s] -- Up-to-date: /home/ice/microros_ws/firmware/mcu_ws/install/include/action_msgs/action_msgs/srv
[2.934s] -- Up-to-date: /home/ice/microros_ws/firmware/mcu_ws/install/include/action_msgs/action_msgs/srv/detail
[2.935s] -- Up-to-date: /home/ice/microros_ws/firmware/mcu_ws/install/include/action_msgs/action_msgs/srv/detail/cancel_goal__rosidl_typesupport_introspection_c.h
[2.935s] -- Up-to-date: /home/ice/microros_ws/firmware/mcu_ws/install/include/action_msgs/action_msgs/srv/detail/cancel_goal__type_support.c
[2.936s] -- Up-to-date: /home/ice/microros_ws/firmware/mcu_ws/install/include/action_msgs/action_msgs/msg
[2.936s] -- Up-to-date: /home/ice/microros_ws/firmware/mcu_ws/install/include/action_msgs/action_msgs/msg/detail
[2.937s] -- Up-to-date: /home/ice/microros_ws/firmware/mcu_ws/install/include/action_msgs/action_msgs/msg/detail/goal_info__type_support.c
[2.937s] -- Up-to-date: /home/ice/microros_ws/firmware/mcu_ws/install/include/action_msgs/action_msgs/msg/detail/goal_info__rosidl_typesupport_introspection_c.h
[2.937s] -- Up-to-date: /home/ice/microros_ws/firmware/mcu_ws/install/include/action_msgs/action_msgs/msg/detail/goal_status_array__type_support.c
[2.937s] -- Up-to-date: /home/ice/microros_ws/firmware/mcu_ws/install/include/action_msgs/action_msgs/msg/detail/goal_status__type_support.c
[2.938s] -- Up-to-date: /home/ice/microros_ws/firmware/mcu_ws/install/include/action_msgs/action_msgs/msg/detail/goal_status_array__rosidl_typesupport_introspection_c.h
[2.939s] -- Up-to-date: /home/ice/microros_ws/firmware/mcu_ws/install/include/action_msgs/action_msgs/msg/detail/goal_status__rosidl_typesupport_introspection_c.h
[2.939s] -- Up-to-date: /home/ice/microros_ws/firmware/mcu_ws/install/include/action_msgs/action_msgs/msg/rosidl_typesupport_introspection_c__visibility_control.h
[2.940s] -- Up-to-date: /home/ice/microros_ws/firmware/mcu_ws/install/lib/libaction_msgs__rosidl_typesupport_introspection_c.a
[2.940s] -- Up-to-date: /home/ice/microros_ws/firmware/mcu_ws/install/include/action_msgs
[2.940s] -- Up-to-date: /home/ice/microros_ws/firmware/mcu_ws/install/include/action_msgs/srv
[2.941s] -- Up-to-date: /home/ice/microros_ws/firmware/mcu_ws/install/include/action_msgs/srv/detail
[2.941s] -- Up-to-date: /home/ice/microros_ws/firmware/mcu_ws/install/include/action_msgs/srv/detail/cancel_goal__rosidl_typesupport_microxrcedds_c.h
[2.942s] -- Up-to-date: /home/ice/microros_ws/firmware/mcu_ws/install/include/action_msgs/srv/detail/microxrcedds
[2.942s] -- Up-to-date: /home/ice/microros_ws/firmware/mcu_ws/install/include/action_msgs/msg
[2.942s] -- Up-to-date: /home/ice/microros_ws/firmware/mcu_ws/install/include/action_msgs/msg/detail
[2.943s] -- Up-to-date: /home/ice/microros_ws/firmware/mcu_ws/install/include/action_msgs/msg/detail/microxrcedds
[2.944s] -- Up-to-date: /home/ice/microros_ws/firmware/mcu_ws/install/include/action_msgs/msg/detail/goal_status_array__rosidl_typesupport_microxrcedds_c.h
[2.945s] -- Up-to-date: /home/ice/microros_ws/firmware/mcu_ws/install/include/action_msgs/msg/detail/goal_info__rosidl_typesupport_microxrcedds_c.h
[2.945s] -- Up-to-date: /home/ice/microros_ws/firmware/mcu_ws/install/include/action_msgs/msg/detail/goal_status__rosidl_typesupport_microxrcedds_c.h
[2.945s] -- Up-to-date: /home/ice/microros_ws/firmware/mcu_ws/install/include/action_msgs/msg/rosidl_typesupport_microxrcedds_c__visibility_control.h
[2.947s] -- Up-to-date: /home/ice/microros_ws/firmware/mcu_ws/install/lib/libaction_msgs__rosidl_typesupport_microxrcedds_c.a
[2.948s] -- Up-to-date: /home/ice/microros_ws/firmware/mcu_ws/install/lib/libaction_msgs__rosidl_typesupport_c.a
[2.948s] -- Up-to-date: /home/ice/microros_ws/firmware/mcu_ws/install/share/action_msgs/msg/GoalInfo.idl
[2.948s] -- Up-to-date: /home/ice/microros_ws/firmware/mcu_ws/install/share/action_msgs/msg/GoalStatus.idl
[2.949s] -- Up-to-date: /home/ice/microros_ws/firmware/mcu_ws/install/share/action_msgs/msg/GoalStatusArray.idl
[2.950s] -- Up-to-date: /home/ice/microros_ws/firmware/mcu_ws/install/share/action_msgs/srv/CancelGoal.idl
[2.950s] -- Up-to-date: /home/ice/microros_ws/firmware/mcu_ws/install/share/action_msgs/msg/GoalInfo.msg
[2.951s] -- Up-to-date: /home/ice/microros_ws/firmware/mcu_ws/install/share/action_msgs/msg/GoalStatus.msg
[2.951s] -- Up-to-date: /home/ice/microros_ws/firmware/mcu_ws/install/share/action_msgs/msg/GoalStatusArray.msg
[2.952s] -- Up-to-date: /home/ice/microros_ws/firmware/mcu_ws/install/share/action_msgs/srv/CancelGoal.srv
[2.952s] -- Up-to-date: /home/ice/microros_ws/firmware/mcu_ws/install/share/action_msgs/srv/CancelGoal_Request.msg
[2.953s] -- Up-to-date: /home/ice/microros_ws/firmware/mcu_ws/install/share/action_msgs/srv/CancelGoal_Response.msg
[2.953s] -- Up-to-date: /home/ice/microros_ws/firmware/mcu_ws/install/share/ament_index/resource_index/package_run_dependencies/action_msgs
[2.953s] -- Up-to-date: /home/ice/microros_ws/firmware/mcu_ws/install/share/ament_index/resource_index/parent_prefix_path/action_msgs
[2.955s] -- Up-to-date: /home/ice/microros_ws/firmware/mcu_ws/install/share/action_msgs/environment/ament_prefix_path.sh
[2.955s] -- Installing: /home/ice/microros_ws/firmware/mcu_ws/install/share/action_msgs/environment/ament_prefix_path.dsv
[2.956s] -- Up-to-date: /home/ice/microros_ws/firmware/mcu_ws/install/share/action_msgs/environment/path.sh
[2.957s] -- Installing: /home/ice/microros_ws/firmware/mcu_ws/install/share/action_msgs/environment/path.dsv
[2.964s] -- Up-to-date: /home/ice/microros_ws/firmware/mcu_ws/install/share/action_msgs/local_setup.bash
[2.965s] -- Up-to-date: /home/ice/microros_ws/firmware/mcu_ws/install/share/action_msgs/local_setup.sh
[2.965s] -- Up-to-date: /home/ice/microros_ws/firmware/mcu_ws/install/share/action_msgs/local_setup.zsh
[2.965s] -- Installing: /home/ice/microros_ws/firmware/mcu_ws/install/share/action_msgs/local_setup.dsv
[2.965s] -- Installing: /home/ice/microros_ws/firmware/mcu_ws/install/share/action_msgs/package.dsv
[2.966s] -- Up-to-date: /home/ice/microros_ws/firmware/mcu_ws/install/share/ament_index/resource_index/packages/action_msgs
[2.966s] -- Up-to-date: /home/ice/microros_ws/firmware/mcu_ws/install/share/action_msgs/cmake/export_action_msgs__rosidl_generator_cExport.cmake
[2.974s] -- Up-to-date: /home/ice/microros_ws/firmware/mcu_ws/install/share/action_msgs/cmake/export_action_msgs__rosidl_generator_cExport-debug.cmake
[2.974s] -- Up-to-date: /home/ice/microros_ws/firmware/mcu_ws/install/share/action_msgs/cmake/action_msgs__rosidl_typesupport_introspection_cExport.cmake
[2.975s] -- Up-to-date: /home/ice/microros_ws/firmware/mcu_ws/install/share/action_msgs/cmake/action_msgs__rosidl_typesupport_introspection_cExport-debug.cmake
[2.975s] -- Up-to-date: /home/ice/microros_ws/firmware/mcu_ws/install/share/action_msgs/cmake/action_msgs__rosidl_typesupport_cExport.cmake
[2.975s] -- Up-to-date: /home/ice/microros_ws/firmware/mcu_ws/install/share/action_msgs/cmake/action_msgs__rosidl_typesupport_cExport-debug.cmake
[2.975s] -- Up-to-date: /home/ice/microros_ws/firmware/mcu_ws/install/share/action_msgs/cmake/rosidl_cmake-extras.cmake
[2.975s] -- Up-to-date: /home/ice/microros_ws/firmware/mcu_ws/install/share/action_msgs/cmake/ament_cmake_export_dependencies-extras.cmake
[2.975s] -- Up-to-date: /home/ice/microros_ws/firmware/mcu_ws/install/share/action_msgs/cmake/ament_cmake_export_include_directories-extras.cmake
[2.975s] -- Up-to-date: /home/ice/microros_ws/firmware/mcu_ws/install/share/action_msgs/cmake/ament_cmake_export_libraries-extras.cmake
[2.975s] -- Up-to-date: /home/ice/microros_ws/firmware/mcu_ws/install/share/action_msgs/cmake/ament_cmake_export_targets-extras.cmake
[2.975s] -- Up-to-date: /home/ice/microros_ws/firmware/mcu_ws/install/share/action_msgs/cmake/rosidl_cmake_export_typesupport_targets-extras.cmake
[2.975s] -- Up-to-date: /home/ice/microros_ws/firmware/mcu_ws/install/share/action_msgs/cmake/rosidl_cmake_export_typesupport_libraries-extras.cmake
[2.976s] -- Up-to-date: /home/ice/microros_ws/firmware/mcu_ws/install/share/action_msgs/cmake/action_msgsConfig.cmake
[2.976s] -- Up-to-date: /home/ice/microros_ws/firmware/mcu_ws/install/share/action_msgs/cmake/action_msgsConfig-version.cmake
[2.976s] -- Up-to-date: /home/ice/microros_ws/firmware/mcu_ws/install/share/action_msgs/package.xml
[2.977s] Invoked command in '/home/ice/microros_ws/firmware/mcu_ws/build/action_msgs' returned '0': AMENT_PREFIX_PATH=/home/ice/microros_ws/firmware/mcu_ws/install:${AMENT_PREFIX_PATH} CMAKE_PREFIX_PATH=/home/ice/microros_ws/firmware/mcu_ws/install:/home/ice/microros_ws/firmware/dev_ws/install/ament_lint_common:/home/ice/microros_ws/firmware/dev_ws/install/ament_cmake_uncrustify:/home/ice/microros_ws/firmware/dev_ws/install/uncrustify_vendor:/home/ice/microros_ws/firmware/dev_ws/install/ament_cmake_ros:/home/ice/microros_ws/firmware/dev_ws/install/ament_cmake_auto:/home/ice/microros_ws/firmware/dev_ws/install/ament_cmake_gmock:/home/ice/microros_ws/firmware/dev_ws/install/gmock_vendor:/home/ice/microros_ws/firmware/dev_ws/install/ament_cmake_gtest:/home/ice/microros_ws/firmware/dev_ws/install/gtest_vendor:/home/ice/microros_ws/firmware/dev_ws/install/ament_cmake_xmllint:/home/ice/microros_ws/firmware/dev_ws/install/ament_cmake_pyflakes:/home/ice/microros_ws/firmware/dev_ws/install/ament_cmake_pycodestyle:/home/ice/microros_ws/firmware/dev_ws/install/ament_cmake_pep257:/home/ice/microros_ws/firmware/dev_ws/install/ament_cmake_pclint:/home/ice/microros_ws/firmware/dev_ws/install/ament_lint_auto:/home/ice/microros_ws/firmware/dev_ws/install/ament_cmake:/home/ice/microros_ws/firmware/dev_ws/install/ament_cmake_version:/home/ice/microros_ws/firmware/dev_ws/install/ament_cmake_vendor_package:/home/ice/microros_ws/firmware/dev_ws/install/ament_cmake_pytest:/home/ice/microros_ws/firmware/dev_ws/install/ament_cmake_nose:/home/ice/microros_ws/firmware/dev_ws/install/ament_cmake_mypy:/home/ice/microros_ws/firmware/dev_ws/install/ament_cmake_lint_cmake:/home/ice/microros_ws/firmware/dev_ws/install/ament_cmake_google_benchmark:/home/ice/microros_ws/firmware/dev_ws/install/ament_cmake_flake8:/home/ice/microros_ws/firmware/dev_ws/install/ament_cmake_cpplint:/home/ice/microros_ws/firmware/dev_ws/install/ament_cmake_cppcheck:/home/ice/microros_ws/firmware/dev_ws/install/ament_cmake_copyright:/home/ice/microros_ws/firmware/dev_ws/install/ament_cmake_clang_tidy:/home/ice/microros_ws/firmware/dev_ws/install/ament_cmake_clang_format:/home/ice/microros_ws/firmware/dev_ws/install/ament_cmake_test:/home/ice/microros_ws/firmware/dev_ws/install/ament_cmake_target_dependencies:/home/ice/microros_ws/firmware/dev_ws/install/ament_cmake_python:/home/ice/microros_ws/firmware/dev_ws/install/ament_cmake_export_dependencies:/home/ice/microros_ws/firmware/dev_ws/install/ament_cmake_libraries:/home/ice/microros_ws/firmware/dev_ws/install/ament_cmake_include_directories:/home/ice/microros_ws/firmware/dev_ws/install/ament_cmake_gen_version_h:/home/ice/microros_ws/firmware/dev_ws/install/ament_cmake_export_targets:/home/ice/microros_ws/firmware/dev_ws/install/ament_cmake_export_link_flags:/home/ice/microros_ws/firmware/dev_ws/install/ament_cmake_export_interfaces:/home/ice/microros_ws/firmware/dev_ws/install/ament_cmake_export_libraries:/home/ice/microros_ws/firmware/dev_ws/install/ament_cmake_export_include_directories:/home/ice/microros_ws/firmware/dev_ws/install/ament_cmake_export_definitions:/home/ice/microros_ws/firmware/dev_ws/install/ament_cmake_core:/home/ice/microros_ws/firmware/dev_ws/install/ament_index_cpp:/home/ice/microros_ws/firmware/dev_ws/install/ament_uncrustify:/home/ice/microros_ws/firmware/dev_ws/install/domain_coordinator:/home/ice/microros_ws/firmware/dev_ws/install/ament_xmllint:/home/ice/microros_ws/firmware/dev_ws/install/ament_pyflakes:/home/ice/microros_ws/firmware/dev_ws/install/ament_pycodestyle:/home/ice/microros_ws/firmware/dev_ws/install/ament_pep257:/home/ice/microros_ws/firmware/dev_ws/install/ament_pclint:/home/ice/microros_ws/firmware/dev_ws/install/ament_package:/home/ice/microros_ws/firmware/dev_ws/install/ament_mypy:/home/ice/microros_ws/firmware/dev_ws/install/ament_lint_cmake:/home/ice/microros_ws/firmware/dev_ws/install/ament_flake8:/home/ice/microros_ws/firmware/dev_ws/install/ament_copyright:/home/ice/microros_ws/firmware/dev_ws/install/ament_lint:/home/ice/microros_ws/firmware/dev_ws/install/ament_index_python:/home/ice/microros_ws/firmware/dev_ws/install/ament_cpplint:/home/ice/microros_ws/firmware/dev_ws/install/ament_cppcheck:/home/ice/microros_ws/firmware/dev_ws/install/ament_clang_tidy:/home/ice/microros_ws/firmware/dev_ws/install/ament_clang_format LD_LIBRARY_PATH=/home/ice/microros_ws/firmware/mcu_ws/install/lib:${LD_LIBRARY_PATH} PATH=/home/ice/microros_ws/firmware/mcu_ws/install/bin:${PATH} PYTHONPATH=/home/ice/microros_ws/firmware/mcu_ws/install/lib/python3.10/site-packages:${PYTHONPATH} /usr/bin/cmake --install /home/ice/microros_ws/firmware/mcu_ws/build/action_msgs
