[0.257s] Invoking command in '/home/ice/microros_ws/firmware/mcu_ws/build/stereo_msgs': AMENT_PREFIX_PATH=/home/ice/microros_ws/firmware/mcu_ws/install:${AMENT_PREFIX_PATH} CMAKE_PREFIX_PATH=/home/ice/microros_ws/firmware/mcu_ws/install:/home/ice/microros_ws/firmware/dev_ws/install/ament_lint_common:/home/ice/microros_ws/firmware/dev_ws/install/ament_cmake_uncrustify:/home/ice/microros_ws/firmware/dev_ws/install/uncrustify_vendor:/home/ice/microros_ws/firmware/dev_ws/install/ament_cmake_ros:/home/ice/microros_ws/firmware/dev_ws/install/ament_cmake_auto:/home/ice/microros_ws/firmware/dev_ws/install/ament_cmake_gmock:/home/ice/microros_ws/firmware/dev_ws/install/gmock_vendor:/home/ice/microros_ws/firmware/dev_ws/install/ament_cmake_gtest:/home/ice/microros_ws/firmware/dev_ws/install/gtest_vendor:/home/ice/microros_ws/firmware/dev_ws/install/ament_cmake_xmllint:/home/ice/microros_ws/firmware/dev_ws/install/ament_cmake_pyflakes:/home/ice/microros_ws/firmware/dev_ws/install/ament_cmake_pycodestyle:/home/ice/microros_ws/firmware/dev_ws/install/ament_cmake_pep257:/home/ice/microros_ws/firmware/dev_ws/install/ament_cmake_pclint:/home/ice/microros_ws/firmware/dev_ws/install/ament_lint_auto:/home/ice/microros_ws/firmware/dev_ws/install/ament_cmake:/home/ice/microros_ws/firmware/dev_ws/install/ament_cmake_version:/home/ice/microros_ws/firmware/dev_ws/install/ament_cmake_vendor_package:/home/ice/microros_ws/firmware/dev_ws/install/ament_cmake_pytest:/home/ice/microros_ws/firmware/dev_ws/install/ament_cmake_nose:/home/ice/microros_ws/firmware/dev_ws/install/ament_cmake_mypy:/home/ice/microros_ws/firmware/dev_ws/install/ament_cmake_lint_cmake:/home/ice/microros_ws/firmware/dev_ws/install/ament_cmake_google_benchmark:/home/ice/microros_ws/firmware/dev_ws/install/ament_cmake_flake8:/home/ice/microros_ws/firmware/dev_ws/install/ament_cmake_cpplint:/home/ice/microros_ws/firmware/dev_ws/install/ament_cmake_cppcheck:/home/ice/microros_ws/firmware/dev_ws/install/ament_cmake_copyright:/home/ice/microros_ws/firmware/dev_ws/install/ament_cmake_clang_tidy:/home/ice/microros_ws/firmware/dev_ws/install/ament_cmake_clang_format:/home/ice/microros_ws/firmware/dev_ws/install/ament_cmake_test:/home/ice/microros_ws/firmware/dev_ws/install/ament_cmake_target_dependencies:/home/ice/microros_ws/firmware/dev_ws/install/ament_cmake_python:/home/ice/microros_ws/firmware/dev_ws/install/ament_cmake_export_dependencies:/home/ice/microros_ws/firmware/dev_ws/install/ament_cmake_libraries:/home/ice/microros_ws/firmware/dev_ws/install/ament_cmake_include_directories:/home/ice/microros_ws/firmware/dev_ws/install/ament_cmake_gen_version_h:/home/ice/microros_ws/firmware/dev_ws/install/ament_cmake_export_targets:/home/ice/microros_ws/firmware/dev_ws/install/ament_cmake_export_link_flags:/home/ice/microros_ws/firmware/dev_ws/install/ament_cmake_export_interfaces:/home/ice/microros_ws/firmware/dev_ws/install/ament_cmake_export_libraries:/home/ice/microros_ws/firmware/dev_ws/install/ament_cmake_export_include_directories:/home/ice/microros_ws/firmware/dev_ws/install/ament_cmake_export_definitions:/home/ice/microros_ws/firmware/dev_ws/install/ament_cmake_core:/home/ice/microros_ws/firmware/dev_ws/install/ament_index_cpp:/home/ice/microros_ws/firmware/dev_ws/install/ament_uncrustify:/home/ice/microros_ws/firmware/dev_ws/install/domain_coordinator:/home/ice/microros_ws/firmware/dev_ws/install/ament_xmllint:/home/ice/microros_ws/firmware/dev_ws/install/ament_pyflakes:/home/ice/microros_ws/firmware/dev_ws/install/ament_pycodestyle:/home/ice/microros_ws/firmware/dev_ws/install/ament_pep257:/home/ice/microros_ws/firmware/dev_ws/install/ament_pclint:/home/ice/microros_ws/firmware/dev_ws/install/ament_package:/home/ice/microros_ws/firmware/dev_ws/install/ament_mypy:/home/ice/microros_ws/firmware/dev_ws/install/ament_lint_cmake:/home/ice/microros_ws/firmware/dev_ws/install/ament_flake8:/home/ice/microros_ws/firmware/dev_ws/install/ament_copyright:/home/ice/microros_ws/firmware/dev_ws/install/ament_lint:/home/ice/microros_ws/firmware/dev_ws/install/ament_index_python:/home/ice/microros_ws/firmware/dev_ws/install/ament_cpplint:/home/ice/microros_ws/firmware/dev_ws/install/ament_cppcheck:/home/ice/microros_ws/firmware/dev_ws/install/ament_clang_tidy:/home/ice/microros_ws/firmware/dev_ws/install/ament_clang_format LD_LIBRARY_PATH=/home/ice/microros_ws/firmware/mcu_ws/install/lib:${LD_LIBRARY_PATH} PATH=/home/ice/microros_ws/firmware/mcu_ws/install/bin:${PATH} PYTHONPATH=/home/ice/microros_ws/firmware/mcu_ws/install/lib/python3.10/site-packages:${PYTHONPATH} /usr/bin/cmake --build /home/ice/microros_ws/firmware/mcu_ws/build/stereo_msgs -- -j2 -l2
[0.321s] gmake[4]: Entering directory '/home/ice/microros_ws/firmware/mcu_ws/build/stereo_msgs'
[0.322s] /usr/bin/cmake -S/home/ice/microros_ws/firmware/mcu_ws/ros2/common_interfaces/stereo_msgs -B/home/ice/microros_ws/firmware/mcu_ws/build/stereo_msgs --check-build-system CMakeFiles/Makefile.cmake 0
[0.413s] Re-run cmake file: Makefile older than: /home/ice/microros_ws/firmware/freertos_apps/microros_esp32_extensions/esp32_toolchain.cmake
[0.439s] -- Found ament_cmake: 1.3.7 (/home/ice/microros_ws/firmware/dev_ws/install/ament_cmake/share/ament_cmake/cmake)
[0.833s] -- Found rosidl_default_generators: 1.2.0 (/home/ice/microros_ws/firmware/mcu_ws/install/share/rosidl_default_generators/cmake)
[0.910s] -- Using all available rosidl_typesupport_c: rosidl_typesupport_introspection_c;rosidl_typesupport_microxrcedds_c
[0.917s] -- Found rosidl_adapter: 3.1.5 (/home/ice/microros_ws/firmware/mcu_ws/install/share/rosidl_adapter/cmake)
[0.949s] [33mCMake Warning at /home/ice/microros_ws/firmware/mcu_ws/install/share/rcutils/cmake/ament_cmake_export_libraries-extras.cmake:116 (message):
[0.949s]   Package 'rcutils' exports library 'dl' which couldn't be found
[0.949s] Call Stack (most recent call first):
[0.949s]   /home/ice/microros_ws/firmware/mcu_ws/install/share/rcutils/cmake/rcutilsConfig.cmake:41 (include)
[0.949s]   /home/ice/microros_ws/firmware/mcu_ws/install/share/rosidl_runtime_c/cmake/ament_cmake_export_dependencies-extras.cmake:21 (find_package)
[0.949s]   /home/ice/microros_ws/firmware/mcu_ws/install/share/rosidl_runtime_c/cmake/rosidl_runtime_cConfig.cmake:41 (include)
[0.949s]   /home/ice/microros_ws/firmware/mcu_ws/install/share/rosidl_typesupport_introspection_c/cmake/ament_cmake_export_dependencies-extras.cmake:21 (find_package)
[0.950s]   /home/ice/microros_ws/firmware/mcu_ws/install/share/rosidl_typesupport_introspection_c/cmake/rosidl_typesupport_introspection_cConfig.cmake:41 (include)
[0.950s]   /home/ice/microros_ws/firmware/mcu_ws/install/share/rosidl_typesupport_c/cmake/rosidl_typesupport_c-extras.cmake:13 (find_package)
[0.950s]   /home/ice/microros_ws/firmware/mcu_ws/install/share/rosidl_typesupport_c/cmake/rosidl_typesupport_cConfig.cmake:41 (include)
[0.950s]   /home/ice/microros_ws/firmware/mcu_ws/install/share/rosidl_default_generators/cmake/rosidl_default_generators-extras.cmake:21 (find_package)
[0.950s]   /home/ice/microros_ws/firmware/mcu_ws/install/share/rosidl_default_generators/cmake/rosidl_default_generatorsConfig.cmake:41 (include)
[0.950s]   CMakeLists.txt:14 (find_package)
[0.950s] 
[0.950s] [0m
[1.009s] -- Found sensor_msgs: 4.2.3 (/home/ice/microros_ws/firmware/mcu_ws/install/share/sensor_msgs/cmake)
[2.107s] -- Found ament_cmake_ros: 0.10.0 (/home/ice/microros_ws/firmware/dev_ws/install/ament_cmake_ros/share/ament_cmake_ros/cmake)
[2.551s] -- Using all available rosidl_typesupport_c: rosidl_typesupport_introspection_c;rosidl_typesupport_microxrcedds_c
[2.616s] -- Configuring done
[2.783s] -- Generating done
[2.797s] -- Build files have been written to: /home/ice/microros_ws/firmware/mcu_ws/build/stereo_msgs
[2.803s] /usr/bin/cmake -E cmake_progress_start /home/ice/microros_ws/firmware/mcu_ws/build/stereo_msgs/CMakeFiles /home/ice/microros_ws/firmware/mcu_ws/build/stereo_msgs//CMakeFiles/progress.marks
[2.821s] /usr/bin/gmake  -f CMakeFiles/Makefile2 all
[2.825s] gmake[5]: Entering directory '/home/ice/microros_ws/firmware/mcu_ws/build/stereo_msgs'
[2.825s] /usr/bin/gmake  -f CMakeFiles/stereo_msgs__rosidl_generator_c.dir/build.make CMakeFiles/stereo_msgs__rosidl_generator_c.dir/depend
[2.833s] gmake[6]: Entering directory '/home/ice/microros_ws/firmware/mcu_ws/build/stereo_msgs'
[2.833s] cd /home/ice/microros_ws/firmware/mcu_ws/build/stereo_msgs && /usr/bin/cmake -E cmake_depends "Unix Makefiles" /home/ice/microros_ws/firmware/mcu_ws/ros2/common_interfaces/stereo_msgs /home/ice/microros_ws/firmware/mcu_ws/ros2/common_interfaces/stereo_msgs /home/ice/microros_ws/firmware/mcu_ws/build/stereo_msgs /home/ice/microros_ws/firmware/mcu_ws/build/stereo_msgs /home/ice/microros_ws/firmware/mcu_ws/build/stereo_msgs/CMakeFiles/stereo_msgs__rosidl_generator_c.dir/DependInfo.cmake --color=
[2.885s] Dependencies file "CMakeFiles/stereo_msgs__rosidl_generator_c.dir/rosidl_generator_c/stereo_msgs/msg/detail/disparity_image__functions.c.obj.d" is newer than depends file "/home/ice/microros_ws/firmware/mcu_ws/build/stereo_msgs/CMakeFiles/stereo_msgs__rosidl_generator_c.dir/compiler_depend.internal".
[2.886s] [35m[1mConsolidate compiler generated dependencies of target stereo_msgs__rosidl_generator_c[0m
[2.890s] gmake[6]: Leaving directory '/home/ice/microros_ws/firmware/mcu_ws/build/stereo_msgs'
[2.890s] /usr/bin/gmake  -f CMakeFiles/stereo_msgs__rosidl_generator_c.dir/build.make CMakeFiles/stereo_msgs__rosidl_generator_c.dir/build
[2.896s] gmake[6]: Entering directory '/home/ice/microros_ws/firmware/mcu_ws/build/stereo_msgs'
[2.918s] [  8%] [32mBuilding C object CMakeFiles/stereo_msgs__rosidl_generator_c.dir/rosidl_generator_c/stereo_msgs/msg/detail/disparity_image__functions.c.obj[0m
[2.920s] /home/ice/microros_ws/firmware/toolchain/espressif/tools/xtensa-esp32-elf/esp-2020r2-8.2.0/xtensa-esp32-elf/bin/xtensa-esp32-elf-gcc -DLWIP_IPV4 -DLWIP_IPV6 -DROS_PACKAGE_NAME=\"stereo_msgs\" -I/home/ice/microros_ws/firmware/freertos_apps/microros_esp32_extensions/build/config -I/home/ice/microros_ws/firmware/toolchain/esp-idf/components/newlib/platform_include -I/home/ice/microros_ws/firmware/toolchain/esp-idf/components/protocomm/include -I/home/ice/microros_ws/firmware/toolchain/esp-idf/components/esp_rom/include -I/home/ice/microros_ws/firmware/toolchain/esp-idf/components/driver/include -I/home/ice/microros_ws/firmware/toolchain/esp-idf/components/wear_levelling/include -I/home/ice/microros_ws/firmware/toolchain/esp-idf/components/vfs/include -I/home/ice/microros_ws/firmware/toolchain/esp-idf/components/log/include -I/home/ice/microros_ws/firmware/toolchain/esp-idf/components/freertos/include -I/home/ice/microros_ws/firmware/toolchain/esp-idf/components/wifi_provisioning/include -I/home/ice/microros_ws/firmware/toolchain/esp-idf/components/pthread/include -I/home/ice/microros_ws/firmware/toolchain/esp-idf/components/libsodium/libsodium/src/libsodium/include -I/home/ice/microros_ws/firmware/toolchain/esp-idf/components/coap/port/include -I/home/ice/microros_ws/firmware/toolchain/esp-idf/components/coap/libcoap/include -I/home/ice/microros_ws/firmware/toolchain/esp-idf/components/tcp_transport/include -I/home/ice/microros_ws/firmware/toolchain/esp-idf/components/unity/include -I/home/ice/microros_ws/firmware/toolchain/esp-idf/components/esp32/include -I/home/ice/microros_ws/firmware/toolchain/esp-idf/components/asio/port/include -I/home/ice/microros_ws/firmware/toolchain/esp-idf/components/asio/asio/asio/include -I/home/ice/microros_ws/firmware/toolchain/esp-idf/components/app_update/include -I/home/ice/microros_ws/firmware/toolchain/esp-idf/components/esp_ringbuf/include -I/home/ice/microros_ws/firmware/toolchain/esp-idf/components/soc/esp32/include -I/home/ice/microros_ws/firmware/toolchain/esp-idf/components/soc/include -I/home/ice/microros_ws/firmware/toolchain/esp-idf/components/efuse/test/include -I/home/ice/microros_ws/firmware/toolchain/esp-idf/components/efuse/esp32/include -I/home/ice/microros_ws/firmware/toolchain/esp-idf/components/efuse/include -I/home/ice/microros_ws/firmware/toolchain/esp-idf/components/mbedtls/port/include -I/home/ice/microros_ws/firmware/toolchain/esp-idf/components/mbedtls/mbedtls/include -I/home/ice/microros_ws/firmware/toolchain/esp-idf/components/xtensa/esp32/include -I/home/ice/microros_ws/firmware/toolchain/esp-idf/components/xtensa/include -I/home/ice/microros_ws/firmware/toolchain/esp-idf/components/app_trace/include -I/home/ice/microros_ws/firmware/toolchain/esp-idf/components/nvs_flash/include -I/home/ice/microros_ws/firmware/toolchain/esp-idf/components/jsmn/include -I/home/ice/microros_ws/firmware/toolchain/esp-idf/components/esp_eth/include -I/home/ice/microros_ws/firmware/toolchain/esp-idf/components/spiffs/include -I/home/ice/microros_ws/firmware/toolchain/esp-idf/components/ulp/include -I/home/ice/microros_ws/firmware/toolchain/esp-idf/components/mdns/include -I/home/ice/microros_ws/firmware/toolchain/esp-idf/components/freemodbus/modbus/include -I/home/ice/microros_ws/firmware/toolchain/esp-idf/components/freemodbus/common/include -I/home/ice/microros_ws/firmware/toolchain/esp-idf/components/esp_event/include -I/home/ice/microros_ws/firmware/toolchain/esp-idf/components/expat/port/include -I/home/ice/microros_ws/firmware/toolchain/esp-idf/components/bootloader_support/include -I/home/ice/microros_ws/firmware/toolchain/esp-idf/components/heap/include -I/home/ice/microros_ws/firmware/toolchain/esp-idf/components/wpa_supplicant/port/include -I/home/ice/microros_ws/firmware/toolchain/esp-idf/components/wpa_supplicant/include -I/home/ice/microros_ws/firmware/toolchain/esp-idf/components/tcpip_adapter/include -I/home/ice/microros_ws/firmware/toolchain/esp-idf/components/openssl/include -I/home/ice/microros_ws/firmware/toolchain/esp-idf/components/sdmmc/include -I/home/ice/microros_ws/firmware/toolchain/esp-idf/components/esp_local_ctrl/include -I/home/ice/microros_ws/firmware/toolchain/esp-idf/components/esp_common/include -I/home/ice/microros_ws/firmware/toolchain/esp-idf/components/lwip/lwip/src/include/lwip/apps -I/home/ice/microros_ws/firmware/toolchain/esp-idf/components/lwip/lwip/src/include/compat/posix -I/home/ice/microros_ws/firmware/toolchain/esp-idf/components/lwip/lwip/src/include -I/home/ice/microros_ws/firmware/toolchain/esp-idf/components/lwip/port/esp32/include -I/home/ice/microros_ws/firmware/mcu_ws/build/stereo_msgs/rosidl_generator_c -isystem /home/ice/microros_ws/firmware/mcu_ws/install/include/sensor_msgs -isystem /home/ice/microros_ws/firmware/mcu_ws/install/include/builtin_interfaces -isystem /home/ice/microros_ws/firmware/mcu_ws/install/include/rosidl_runtime_c -isystem /home/ice/microros_ws/firmware/mcu_ws/install/include/rcutils -isystem /home/ice/microros_ws/firmware/mcu_ws/install/include/rosidl_typesupport_interface -isystem /home/ice/microros_ws/firmware/mcu_ws/install/include/geometry_msgs -isystem /home/ice/microros_ws/firmware/mcu_ws/install/include/std_msgs -mlongcalls -Wno-frame-address -mlongcalls -Wno-frame-address -g -Wall -std=gnu11 -MD -MT CMakeFiles/stereo_msgs__rosidl_generator_c.dir/rosidl_generator_c/stereo_msgs/msg/detail/disparity_image__functions.c.obj -MF CMakeFiles/stereo_msgs__rosidl_generator_c.dir/rosidl_generator_c/stereo_msgs/msg/detail/disparity_image__functions.c.obj.d -o CMakeFiles/stereo_msgs__rosidl_generator_c.dir/rosidl_generator_c/stereo_msgs/msg/detail/disparity_image__functions.c.obj -c /home/ice/microros_ws/firmware/mcu_ws/build/stereo_msgs/rosidl_generator_c/stereo_msgs/msg/detail/disparity_image__functions.c
[3.073s] [ 16%] [32m[1mLinking C static library libstereo_msgs__rosidl_generator_c.a[0m
[3.075s] /usr/bin/cmake -P CMakeFiles/stereo_msgs__rosidl_generator_c.dir/cmake_clean_target.cmake
[3.092s] /usr/bin/cmake -E cmake_link_script CMakeFiles/stereo_msgs__rosidl_generator_c.dir/link.txt --verbose=1
[3.107s] /home/ice/microros_ws/firmware/toolchain/espressif/tools/xtensa-esp32-elf/esp-2020r2-8.2.0/xtensa-esp32-elf/bin/xtensa-esp32-elf-ar qc libstereo_msgs__rosidl_generator_c.a CMakeFiles/stereo_msgs__rosidl_generator_c.dir/rosidl_generator_c/stereo_msgs/msg/detail/disparity_image__functions.c.obj
[3.129s] /home/ice/microros_ws/firmware/toolchain/espressif/tools/xtensa-esp32-elf/esp-2020r2-8.2.0/xtensa-esp32-elf/bin/xtensa-esp32-elf-ranlib libstereo_msgs__rosidl_generator_c.a
[3.190s] gmake[6]: Leaving directory '/home/ice/microros_ws/firmware/mcu_ws/build/stereo_msgs'
[3.208s] [ 25%] Built target stereo_msgs__rosidl_generator_c
[3.210s] /usr/bin/gmake  -f CMakeFiles/stereo_msgs__rosidl_typesupport_c.dir/build.make CMakeFiles/stereo_msgs__rosidl_typesupport_c.dir/depend
[3.215s] gmake[6]: Entering directory '/home/ice/microros_ws/firmware/mcu_ws/build/stereo_msgs'
[3.216s] cd /home/ice/microros_ws/firmware/mcu_ws/build/stereo_msgs && /usr/bin/cmake -E cmake_depends "Unix Makefiles" /home/ice/microros_ws/firmware/mcu_ws/ros2/common_interfaces/stereo_msgs /home/ice/microros_ws/firmware/mcu_ws/ros2/common_interfaces/stereo_msgs /home/ice/microros_ws/firmware/mcu_ws/build/stereo_msgs /home/ice/microros_ws/firmware/mcu_ws/build/stereo_msgs /home/ice/microros_ws/firmware/mcu_ws/build/stereo_msgs/CMakeFiles/stereo_msgs__rosidl_typesupport_c.dir/DependInfo.cmake --color=
[3.245s] Dependencies file "CMakeFiles/stereo_msgs__rosidl_typesupport_c.dir/rosidl_typesupport_c/stereo_msgs/msg/disparity_image__type_support.cpp.obj.d" is newer than depends file "/home/ice/microros_ws/firmware/mcu_ws/build/stereo_msgs/CMakeFiles/stereo_msgs__rosidl_typesupport_c.dir/compiler_depend.internal".
[3.250s] [35m[1mConsolidate compiler generated dependencies of target stereo_msgs__rosidl_typesupport_c[0m
[3.252s] gmake[6]: Leaving directory '/home/ice/microros_ws/firmware/mcu_ws/build/stereo_msgs'
[3.254s] /usr/bin/gmake  -f CMakeFiles/stereo_msgs__rosidl_typesupport_c.dir/build.make CMakeFiles/stereo_msgs__rosidl_typesupport_c.dir/build
[3.258s] gmake[6]: Entering directory '/home/ice/microros_ws/firmware/mcu_ws/build/stereo_msgs'
[3.258s] gmake[6]: Nothing to be done for 'CMakeFiles/stereo_msgs__rosidl_typesupport_c.dir/build'.
[3.259s] gmake[6]: Leaving directory '/home/ice/microros_ws/firmware/mcu_ws/build/stereo_msgs'
[3.278s] [ 50%] Built target stereo_msgs__rosidl_typesupport_c
[3.281s] /usr/bin/gmake  -f CMakeFiles/stereo_msgs__rosidl_typesupport_introspection_c.dir/build.make CMakeFiles/stereo_msgs__rosidl_typesupport_introspection_c.dir/depend
[3.286s] gmake[6]: Entering directory '/home/ice/microros_ws/firmware/mcu_ws/build/stereo_msgs'
[3.286s] cd /home/ice/microros_ws/firmware/mcu_ws/build/stereo_msgs && /usr/bin/cmake -E cmake_depends "Unix Makefiles" /home/ice/microros_ws/firmware/mcu_ws/ros2/common_interfaces/stereo_msgs /home/ice/microros_ws/firmware/mcu_ws/ros2/common_interfaces/stereo_msgs /home/ice/microros_ws/firmware/mcu_ws/build/stereo_msgs /home/ice/microros_ws/firmware/mcu_ws/build/stereo_msgs /home/ice/microros_ws/firmware/mcu_ws/build/stereo_msgs/CMakeFiles/stereo_msgs__rosidl_typesupport_introspection_c.dir/DependInfo.cmake --color=
[3.325s] Dependencies file "CMakeFiles/stereo_msgs__rosidl_typesupport_introspection_c.dir/rosidl_typesupport_introspection_c/stereo_msgs/msg/detail/disparity_image__type_support.c.obj.d" is newer than depends file "/home/ice/microros_ws/firmware/mcu_ws/build/stereo_msgs/CMakeFiles/stereo_msgs__rosidl_typesupport_introspection_c.dir/compiler_depend.internal".
[3.328s] [35m[1mConsolidate compiler generated dependencies of target stereo_msgs__rosidl_typesupport_introspection_c[0m
[3.331s] gmake[6]: Leaving directory '/home/ice/microros_ws/firmware/mcu_ws/build/stereo_msgs'
[3.331s] /usr/bin/gmake  -f CMakeFiles/stereo_msgs__rosidl_typesupport_introspection_c.dir/build.make CMakeFiles/stereo_msgs__rosidl_typesupport_introspection_c.dir/build
[3.348s] gmake[6]: Entering directory '/home/ice/microros_ws/firmware/mcu_ws/build/stereo_msgs'
[3.348s] gmake[6]: Nothing to be done for 'CMakeFiles/stereo_msgs__rosidl_typesupport_introspection_c.dir/build'.
[3.349s] gmake[6]: Leaving directory '/home/ice/microros_ws/firmware/mcu_ws/build/stereo_msgs'
[3.373s] [ 75%] Built target stereo_msgs__rosidl_typesupport_introspection_c
[3.375s] /usr/bin/gmake  -f CMakeFiles/stereo_msgs__rosidl_typesupport_microxrcedds_c.dir/build.make CMakeFiles/stereo_msgs__rosidl_typesupport_microxrcedds_c.dir/depend
[3.381s] gmake[6]: Entering directory '/home/ice/microros_ws/firmware/mcu_ws/build/stereo_msgs'
[3.381s] cd /home/ice/microros_ws/firmware/mcu_ws/build/stereo_msgs && /usr/bin/cmake -E cmake_depends "Unix Makefiles" /home/ice/microros_ws/firmware/mcu_ws/ros2/common_interfaces/stereo_msgs /home/ice/microros_ws/firmware/mcu_ws/ros2/common_interfaces/stereo_msgs /home/ice/microros_ws/firmware/mcu_ws/build/stereo_msgs /home/ice/microros_ws/firmware/mcu_ws/build/stereo_msgs /home/ice/microros_ws/firmware/mcu_ws/build/stereo_msgs/CMakeFiles/stereo_msgs__rosidl_typesupport_microxrcedds_c.dir/DependInfo.cmake --color=
[3.404s] Dependencies file "CMakeFiles/stereo_msgs__rosidl_typesupport_microxrcedds_c.dir/rosidl_typesupport_microxrcedds_c/stereo_msgs/msg/detail/microxrcedds/disparity_image__type_support_c.c.obj.d" is newer than depends file "/home/ice/microros_ws/firmware/mcu_ws/build/stereo_msgs/CMakeFiles/stereo_msgs__rosidl_typesupport_microxrcedds_c.dir/compiler_depend.internal".
[3.405s] [35m[1mConsolidate compiler generated dependencies of target stereo_msgs__rosidl_typesupport_microxrcedds_c[0m
[3.413s] gmake[6]: Leaving directory '/home/ice/microros_ws/firmware/mcu_ws/build/stereo_msgs'
[3.414s] /usr/bin/gmake  -f CMakeFiles/stereo_msgs__rosidl_typesupport_microxrcedds_c.dir/build.make CMakeFiles/stereo_msgs__rosidl_typesupport_microxrcedds_c.dir/build
[3.421s] gmake[6]: Entering directory '/home/ice/microros_ws/firmware/mcu_ws/build/stereo_msgs'
[3.421s] gmake[6]: Nothing to be done for 'CMakeFiles/stereo_msgs__rosidl_typesupport_microxrcedds_c.dir/build'.
[3.421s] gmake[6]: Leaving directory '/home/ice/microros_ws/firmware/mcu_ws/build/stereo_msgs'
[3.448s] [100%] Built target stereo_msgs__rosidl_typesupport_microxrcedds_c
[3.449s] /usr/bin/gmake  -f CMakeFiles/stereo_msgs.dir/build.make CMakeFiles/stereo_msgs.dir/depend
[3.482s] gmake[6]: Entering directory '/home/ice/microros_ws/firmware/mcu_ws/build/stereo_msgs'
[3.482s] cd /home/ice/microros_ws/firmware/mcu_ws/build/stereo_msgs && /usr/bin/cmake -E cmake_depends "Unix Makefiles" /home/ice/microros_ws/firmware/mcu_ws/ros2/common_interfaces/stereo_msgs /home/ice/microros_ws/firmware/mcu_ws/ros2/common_interfaces/stereo_msgs /home/ice/microros_ws/firmware/mcu_ws/build/stereo_msgs /home/ice/microros_ws/firmware/mcu_ws/build/stereo_msgs /home/ice/microros_ws/firmware/mcu_ws/build/stereo_msgs/CMakeFiles/stereo_msgs.dir/DependInfo.cmake --color=
[3.522s] gmake[6]: Leaving directory '/home/ice/microros_ws/firmware/mcu_ws/build/stereo_msgs'
[3.522s] /usr/bin/gmake  -f CMakeFiles/stereo_msgs.dir/build.make CMakeFiles/stereo_msgs.dir/build
[3.532s] gmake[6]: Entering directory '/home/ice/microros_ws/firmware/mcu_ws/build/stereo_msgs'
[3.533s] gmake[6]: Nothing to be done for 'CMakeFiles/stereo_msgs.dir/build'.
[3.533s] gmake[6]: Leaving directory '/home/ice/microros_ws/firmware/mcu_ws/build/stereo_msgs'
[3.555s] [100%] Built target stereo_msgs
[3.558s] gmake[5]: Leaving directory '/home/ice/microros_ws/firmware/mcu_ws/build/stereo_msgs'
[3.558s] /usr/bin/cmake -E cmake_progress_start /home/ice/microros_ws/firmware/mcu_ws/build/stereo_msgs/CMakeFiles 0
[3.594s] gmake[4]: Leaving directory '/home/ice/microros_ws/firmware/mcu_ws/build/stereo_msgs'
[3.609s] Invoked command in '/home/ice/microros_ws/firmware/mcu_ws/build/stereo_msgs' returned '0': AMENT_PREFIX_PATH=/home/ice/microros_ws/firmware/mcu_ws/install:${AMENT_PREFIX_PATH} CMAKE_PREFIX_PATH=/home/ice/microros_ws/firmware/mcu_ws/install:/home/ice/microros_ws/firmware/dev_ws/install/ament_lint_common:/home/ice/microros_ws/firmware/dev_ws/install/ament_cmake_uncrustify:/home/ice/microros_ws/firmware/dev_ws/install/uncrustify_vendor:/home/ice/microros_ws/firmware/dev_ws/install/ament_cmake_ros:/home/ice/microros_ws/firmware/dev_ws/install/ament_cmake_auto:/home/ice/microros_ws/firmware/dev_ws/install/ament_cmake_gmock:/home/ice/microros_ws/firmware/dev_ws/install/gmock_vendor:/home/ice/microros_ws/firmware/dev_ws/install/ament_cmake_gtest:/home/ice/microros_ws/firmware/dev_ws/install/gtest_vendor:/home/ice/microros_ws/firmware/dev_ws/install/ament_cmake_xmllint:/home/ice/microros_ws/firmware/dev_ws/install/ament_cmake_pyflakes:/home/ice/microros_ws/firmware/dev_ws/install/ament_cmake_pycodestyle:/home/ice/microros_ws/firmware/dev_ws/install/ament_cmake_pep257:/home/ice/microros_ws/firmware/dev_ws/install/ament_cmake_pclint:/home/ice/microros_ws/firmware/dev_ws/install/ament_lint_auto:/home/ice/microros_ws/firmware/dev_ws/install/ament_cmake:/home/ice/microros_ws/firmware/dev_ws/install/ament_cmake_version:/home/ice/microros_ws/firmware/dev_ws/install/ament_cmake_vendor_package:/home/ice/microros_ws/firmware/dev_ws/install/ament_cmake_pytest:/home/ice/microros_ws/firmware/dev_ws/install/ament_cmake_nose:/home/ice/microros_ws/firmware/dev_ws/install/ament_cmake_mypy:/home/ice/microros_ws/firmware/dev_ws/install/ament_cmake_lint_cmake:/home/ice/microros_ws/firmware/dev_ws/install/ament_cmake_google_benchmark:/home/ice/microros_ws/firmware/dev_ws/install/ament_cmake_flake8:/home/ice/microros_ws/firmware/dev_ws/install/ament_cmake_cpplint:/home/ice/microros_ws/firmware/dev_ws/install/ament_cmake_cppcheck:/home/ice/microros_ws/firmware/dev_ws/install/ament_cmake_copyright:/home/ice/microros_ws/firmware/dev_ws/install/ament_cmake_clang_tidy:/home/ice/microros_ws/firmware/dev_ws/install/ament_cmake_clang_format:/home/ice/microros_ws/firmware/dev_ws/install/ament_cmake_test:/home/ice/microros_ws/firmware/dev_ws/install/ament_cmake_target_dependencies:/home/ice/microros_ws/firmware/dev_ws/install/ament_cmake_python:/home/ice/microros_ws/firmware/dev_ws/install/ament_cmake_export_dependencies:/home/ice/microros_ws/firmware/dev_ws/install/ament_cmake_libraries:/home/ice/microros_ws/firmware/dev_ws/install/ament_cmake_include_directories:/home/ice/microros_ws/firmware/dev_ws/install/ament_cmake_gen_version_h:/home/ice/microros_ws/firmware/dev_ws/install/ament_cmake_export_targets:/home/ice/microros_ws/firmware/dev_ws/install/ament_cmake_export_link_flags:/home/ice/microros_ws/firmware/dev_ws/install/ament_cmake_export_interfaces:/home/ice/microros_ws/firmware/dev_ws/install/ament_cmake_export_libraries:/home/ice/microros_ws/firmware/dev_ws/install/ament_cmake_export_include_directories:/home/ice/microros_ws/firmware/dev_ws/install/ament_cmake_export_definitions:/home/ice/microros_ws/firmware/dev_ws/install/ament_cmake_core:/home/ice/microros_ws/firmware/dev_ws/install/ament_index_cpp:/home/ice/microros_ws/firmware/dev_ws/install/ament_uncrustify:/home/ice/microros_ws/firmware/dev_ws/install/domain_coordinator:/home/ice/microros_ws/firmware/dev_ws/install/ament_xmllint:/home/ice/microros_ws/firmware/dev_ws/install/ament_pyflakes:/home/ice/microros_ws/firmware/dev_ws/install/ament_pycodestyle:/home/ice/microros_ws/firmware/dev_ws/install/ament_pep257:/home/ice/microros_ws/firmware/dev_ws/install/ament_pclint:/home/ice/microros_ws/firmware/dev_ws/install/ament_package:/home/ice/microros_ws/firmware/dev_ws/install/ament_mypy:/home/ice/microros_ws/firmware/dev_ws/install/ament_lint_cmake:/home/ice/microros_ws/firmware/dev_ws/install/ament_flake8:/home/ice/microros_ws/firmware/dev_ws/install/ament_copyright:/home/ice/microros_ws/firmware/dev_ws/install/ament_lint:/home/ice/microros_ws/firmware/dev_ws/install/ament_index_python:/home/ice/microros_ws/firmware/dev_ws/install/ament_cpplint:/home/ice/microros_ws/firmware/dev_ws/install/ament_cppcheck:/home/ice/microros_ws/firmware/dev_ws/install/ament_clang_tidy:/home/ice/microros_ws/firmware/dev_ws/install/ament_clang_format LD_LIBRARY_PATH=/home/ice/microros_ws/firmware/mcu_ws/install/lib:${LD_LIBRARY_PATH} PATH=/home/ice/microros_ws/firmware/mcu_ws/install/bin:${PATH} PYTHONPATH=/home/ice/microros_ws/firmware/mcu_ws/install/lib/python3.10/site-packages:${PYTHONPATH} /usr/bin/cmake --build /home/ice/microros_ws/firmware/mcu_ws/build/stereo_msgs -- -j2 -l2
[3.788s] Invoking command in '/home/ice/microros_ws/firmware/mcu_ws/build/stereo_msgs': AMENT_PREFIX_PATH=/home/ice/microros_ws/firmware/mcu_ws/install:${AMENT_PREFIX_PATH} CMAKE_PREFIX_PATH=/home/ice/microros_ws/firmware/mcu_ws/install:/home/ice/microros_ws/firmware/dev_ws/install/ament_lint_common:/home/ice/microros_ws/firmware/dev_ws/install/ament_cmake_uncrustify:/home/ice/microros_ws/firmware/dev_ws/install/uncrustify_vendor:/home/ice/microros_ws/firmware/dev_ws/install/ament_cmake_ros:/home/ice/microros_ws/firmware/dev_ws/install/ament_cmake_auto:/home/ice/microros_ws/firmware/dev_ws/install/ament_cmake_gmock:/home/ice/microros_ws/firmware/dev_ws/install/gmock_vendor:/home/ice/microros_ws/firmware/dev_ws/install/ament_cmake_gtest:/home/ice/microros_ws/firmware/dev_ws/install/gtest_vendor:/home/ice/microros_ws/firmware/dev_ws/install/ament_cmake_xmllint:/home/ice/microros_ws/firmware/dev_ws/install/ament_cmake_pyflakes:/home/ice/microros_ws/firmware/dev_ws/install/ament_cmake_pycodestyle:/home/ice/microros_ws/firmware/dev_ws/install/ament_cmake_pep257:/home/ice/microros_ws/firmware/dev_ws/install/ament_cmake_pclint:/home/ice/microros_ws/firmware/dev_ws/install/ament_lint_auto:/home/ice/microros_ws/firmware/dev_ws/install/ament_cmake:/home/ice/microros_ws/firmware/dev_ws/install/ament_cmake_version:/home/ice/microros_ws/firmware/dev_ws/install/ament_cmake_vendor_package:/home/ice/microros_ws/firmware/dev_ws/install/ament_cmake_pytest:/home/ice/microros_ws/firmware/dev_ws/install/ament_cmake_nose:/home/ice/microros_ws/firmware/dev_ws/install/ament_cmake_mypy:/home/ice/microros_ws/firmware/dev_ws/install/ament_cmake_lint_cmake:/home/ice/microros_ws/firmware/dev_ws/install/ament_cmake_google_benchmark:/home/ice/microros_ws/firmware/dev_ws/install/ament_cmake_flake8:/home/ice/microros_ws/firmware/dev_ws/install/ament_cmake_cpplint:/home/ice/microros_ws/firmware/dev_ws/install/ament_cmake_cppcheck:/home/ice/microros_ws/firmware/dev_ws/install/ament_cmake_copyright:/home/ice/microros_ws/firmware/dev_ws/install/ament_cmake_clang_tidy:/home/ice/microros_ws/firmware/dev_ws/install/ament_cmake_clang_format:/home/ice/microros_ws/firmware/dev_ws/install/ament_cmake_test:/home/ice/microros_ws/firmware/dev_ws/install/ament_cmake_target_dependencies:/home/ice/microros_ws/firmware/dev_ws/install/ament_cmake_python:/home/ice/microros_ws/firmware/dev_ws/install/ament_cmake_export_dependencies:/home/ice/microros_ws/firmware/dev_ws/install/ament_cmake_libraries:/home/ice/microros_ws/firmware/dev_ws/install/ament_cmake_include_directories:/home/ice/microros_ws/firmware/dev_ws/install/ament_cmake_gen_version_h:/home/ice/microros_ws/firmware/dev_ws/install/ament_cmake_export_targets:/home/ice/microros_ws/firmware/dev_ws/install/ament_cmake_export_link_flags:/home/ice/microros_ws/firmware/dev_ws/install/ament_cmake_export_interfaces:/home/ice/microros_ws/firmware/dev_ws/install/ament_cmake_export_libraries:/home/ice/microros_ws/firmware/dev_ws/install/ament_cmake_export_include_directories:/home/ice/microros_ws/firmware/dev_ws/install/ament_cmake_export_definitions:/home/ice/microros_ws/firmware/dev_ws/install/ament_cmake_core:/home/ice/microros_ws/firmware/dev_ws/install/ament_index_cpp:/home/ice/microros_ws/firmware/dev_ws/install/ament_uncrustify:/home/ice/microros_ws/firmware/dev_ws/install/domain_coordinator:/home/ice/microros_ws/firmware/dev_ws/install/ament_xmllint:/home/ice/microros_ws/firmware/dev_ws/install/ament_pyflakes:/home/ice/microros_ws/firmware/dev_ws/install/ament_pycodestyle:/home/ice/microros_ws/firmware/dev_ws/install/ament_pep257:/home/ice/microros_ws/firmware/dev_ws/install/ament_pclint:/home/ice/microros_ws/firmware/dev_ws/install/ament_package:/home/ice/microros_ws/firmware/dev_ws/install/ament_mypy:/home/ice/microros_ws/firmware/dev_ws/install/ament_lint_cmake:/home/ice/microros_ws/firmware/dev_ws/install/ament_flake8:/home/ice/microros_ws/firmware/dev_ws/install/ament_copyright:/home/ice/microros_ws/firmware/dev_ws/install/ament_lint:/home/ice/microros_ws/firmware/dev_ws/install/ament_index_python:/home/ice/microros_ws/firmware/dev_ws/install/ament_cpplint:/home/ice/microros_ws/firmware/dev_ws/install/ament_cppcheck:/home/ice/microros_ws/firmware/dev_ws/install/ament_clang_tidy:/home/ice/microros_ws/firmware/dev_ws/install/ament_clang_format LD_LIBRARY_PATH=/home/ice/microros_ws/firmware/mcu_ws/install/lib:${LD_LIBRARY_PATH} PATH=/home/ice/microros_ws/firmware/mcu_ws/install/bin:${PATH} PYTHONPATH=/home/ice/microros_ws/firmware/mcu_ws/install/lib/python3.10/site-packages:${PYTHONPATH} /usr/bin/cmake --install /home/ice/microros_ws/firmware/mcu_ws/build/stereo_msgs
[3.805s] -- Install configuration: "Debug"
[3.805s] -- Up-to-date: /home/ice/microros_ws/firmware/mcu_ws/install/share/ament_index/resource_index/rosidl_interfaces/stereo_msgs
[3.807s] -- Up-to-date: /home/ice/microros_ws/firmware/mcu_ws/install/include/stereo_msgs/stereo_msgs
[3.809s] -- Up-to-date: /home/ice/microros_ws/firmware/mcu_ws/install/include/stereo_msgs/stereo_msgs/msg
[3.811s] -- Up-to-date: /home/ice/microros_ws/firmware/mcu_ws/install/include/stereo_msgs/stereo_msgs/msg/detail
[3.812s] -- Up-to-date: /home/ice/microros_ws/firmware/mcu_ws/install/include/stereo_msgs/stereo_msgs/msg/detail/disparity_image__struct.h
[3.813s] -- Up-to-date: /home/ice/microros_ws/firmware/mcu_ws/install/include/stereo_msgs/stereo_msgs/msg/detail/disparity_image__type_support.h
[3.813s] -- Up-to-date: /home/ice/microros_ws/firmware/mcu_ws/install/include/stereo_msgs/stereo_msgs/msg/detail/disparity_image__functions.c
[3.814s] -- Up-to-date: /home/ice/microros_ws/firmware/mcu_ws/install/include/stereo_msgs/stereo_msgs/msg/detail/disparity_image__functions.h
[3.814s] -- Up-to-date: /home/ice/microros_ws/firmware/mcu_ws/install/include/stereo_msgs/stereo_msgs/msg/rosidl_generator_c__visibility_control.h
[3.814s] -- Up-to-date: /home/ice/microros_ws/firmware/mcu_ws/install/include/stereo_msgs/stereo_msgs/msg/disparity_image.h
[3.817s] -- Up-to-date: /home/ice/microros_ws/firmware/mcu_ws/install/share/stereo_msgs/environment/library_path.sh
[3.817s] -- Installing: /home/ice/microros_ws/firmware/mcu_ws/install/share/stereo_msgs/environment/library_path.dsv
[3.818s] -- Installing: /home/ice/microros_ws/firmware/mcu_ws/install/lib/libstereo_msgs__rosidl_generator_c.a
[3.818s] -- Up-to-date: /home/ice/microros_ws/firmware/mcu_ws/install/include/stereo_msgs/stereo_msgs
[3.819s] -- Up-to-date: /home/ice/microros_ws/firmware/mcu_ws/install/include/stereo_msgs/stereo_msgs/msg
[3.819s] -- Up-to-date: /home/ice/microros_ws/firmware/mcu_ws/install/include/stereo_msgs/stereo_msgs/msg/detail
[3.819s] -- Up-to-date: /home/ice/microros_ws/firmware/mcu_ws/install/include/stereo_msgs/stereo_msgs/msg/detail/disparity_image__rosidl_typesupport_introspection_c.h
[3.819s] -- Up-to-date: /home/ice/microros_ws/firmware/mcu_ws/install/include/stereo_msgs/stereo_msgs/msg/detail/disparity_image__type_support.c
[3.819s] -- Up-to-date: /home/ice/microros_ws/firmware/mcu_ws/install/include/stereo_msgs/stereo_msgs/msg/rosidl_typesupport_introspection_c__visibility_control.h
[3.820s] -- Up-to-date: /home/ice/microros_ws/firmware/mcu_ws/install/lib/libstereo_msgs__rosidl_typesupport_introspection_c.a
[3.820s] -- Up-to-date: /home/ice/microros_ws/firmware/mcu_ws/install/include/stereo_msgs
[3.820s] -- Up-to-date: /home/ice/microros_ws/firmware/mcu_ws/install/include/stereo_msgs/msg
[3.822s] -- Up-to-date: /home/ice/microros_ws/firmware/mcu_ws/install/include/stereo_msgs/msg/detail
[3.823s] -- Up-to-date: /home/ice/microros_ws/firmware/mcu_ws/install/include/stereo_msgs/msg/detail/disparity_image__rosidl_typesupport_microxrcedds_c.h
[3.823s] -- Up-to-date: /home/ice/microros_ws/firmware/mcu_ws/install/include/stereo_msgs/msg/detail/microxrcedds
[3.824s] -- Up-to-date: /home/ice/microros_ws/firmware/mcu_ws/install/include/stereo_msgs/msg/rosidl_typesupport_microxrcedds_c__visibility_control.h
[3.824s] -- Up-to-date: /home/ice/microros_ws/firmware/mcu_ws/install/lib/libstereo_msgs__rosidl_typesupport_microxrcedds_c.a
[3.824s] -- Up-to-date: /home/ice/microros_ws/firmware/mcu_ws/install/lib/libstereo_msgs__rosidl_typesupport_c.a
[3.826s] -- Up-to-date: /home/ice/microros_ws/firmware/mcu_ws/install/share/stereo_msgs/msg/DisparityImage.idl
[3.827s] -- Up-to-date: /home/ice/microros_ws/firmware/mcu_ws/install/share/stereo_msgs/msg/DisparityImage.msg
[3.827s] -- Up-to-date: /home/ice/microros_ws/firmware/mcu_ws/install/share/ament_index/resource_index/package_run_dependencies/stereo_msgs
[3.828s] -- Up-to-date: /home/ice/microros_ws/firmware/mcu_ws/install/share/ament_index/resource_index/parent_prefix_path/stereo_msgs
[3.828s] -- Up-to-date: /home/ice/microros_ws/firmware/mcu_ws/install/share/stereo_msgs/environment/ament_prefix_path.sh
[3.829s] -- Installing: /home/ice/microros_ws/firmware/mcu_ws/install/share/stereo_msgs/environment/ament_prefix_path.dsv
[3.829s] -- Up-to-date: /home/ice/microros_ws/firmware/mcu_ws/install/share/stereo_msgs/environment/path.sh
[3.830s] -- Installing: /home/ice/microros_ws/firmware/mcu_ws/install/share/stereo_msgs/environment/path.dsv
[3.830s] -- Up-to-date: /home/ice/microros_ws/firmware/mcu_ws/install/share/stereo_msgs/local_setup.bash
[3.831s] -- Up-to-date: /home/ice/microros_ws/firmware/mcu_ws/install/share/stereo_msgs/local_setup.sh
[3.832s] -- Up-to-date: /home/ice/microros_ws/firmware/mcu_ws/install/share/stereo_msgs/local_setup.zsh
[3.833s] -- Installing: /home/ice/microros_ws/firmware/mcu_ws/install/share/stereo_msgs/local_setup.dsv
[3.833s] -- Installing: /home/ice/microros_ws/firmware/mcu_ws/install/share/stereo_msgs/package.dsv
[3.834s] -- Up-to-date: /home/ice/microros_ws/firmware/mcu_ws/install/share/ament_index/resource_index/packages/stereo_msgs
[3.837s] -- Up-to-date: /home/ice/microros_ws/firmware/mcu_ws/install/share/stereo_msgs/cmake/export_stereo_msgs__rosidl_generator_cExport.cmake
[3.838s] -- Up-to-date: /home/ice/microros_ws/firmware/mcu_ws/install/share/stereo_msgs/cmake/export_stereo_msgs__rosidl_generator_cExport-debug.cmake
[3.839s] -- Up-to-date: /home/ice/microros_ws/firmware/mcu_ws/install/share/stereo_msgs/cmake/stereo_msgs__rosidl_typesupport_introspection_cExport.cmake
[3.840s] -- Up-to-date: /home/ice/microros_ws/firmware/mcu_ws/install/share/stereo_msgs/cmake/stereo_msgs__rosidl_typesupport_introspection_cExport-debug.cmake
[3.854s] -- Up-to-date: /home/ice/microros_ws/firmware/mcu_ws/install/share/stereo_msgs/cmake/stereo_msgs__rosidl_typesupport_cExport.cmake
[3.854s] -- Up-to-date: /home/ice/microros_ws/firmware/mcu_ws/install/share/stereo_msgs/cmake/stereo_msgs__rosidl_typesupport_cExport-debug.cmake
[3.856s] -- Up-to-date: /home/ice/microros_ws/firmware/mcu_ws/install/share/stereo_msgs/cmake/rosidl_cmake-extras.cmake
[3.857s] -- Up-to-date: /home/ice/microros_ws/firmware/mcu_ws/install/share/stereo_msgs/cmake/ament_cmake_export_dependencies-extras.cmake
[3.858s] -- Up-to-date: /home/ice/microros_ws/firmware/mcu_ws/install/share/stereo_msgs/cmake/ament_cmake_export_include_directories-extras.cmake
[3.858s] -- Up-to-date: /home/ice/microros_ws/firmware/mcu_ws/install/share/stereo_msgs/cmake/ament_cmake_export_libraries-extras.cmake
[3.859s] -- Up-to-date: /home/ice/microros_ws/firmware/mcu_ws/install/share/stereo_msgs/cmake/ament_cmake_export_targets-extras.cmake
[3.860s] -- Up-to-date: /home/ice/microros_ws/firmware/mcu_ws/install/share/stereo_msgs/cmake/rosidl_cmake_export_typesupport_targets-extras.cmake
[3.861s] -- Up-to-date: /home/ice/microros_ws/firmware/mcu_ws/install/share/stereo_msgs/cmake/rosidl_cmake_export_typesupport_libraries-extras.cmake
[3.862s] -- Up-to-date: /home/ice/microros_ws/firmware/mcu_ws/install/share/stereo_msgs/cmake/stereo_msgsConfig.cmake
[3.862s] -- Up-to-date: /home/ice/microros_ws/firmware/mcu_ws/install/share/stereo_msgs/cmake/stereo_msgsConfig-version.cmake
[3.863s] -- Up-to-date: /home/ice/microros_ws/firmware/mcu_ws/install/share/stereo_msgs/package.xml
[3.870s] Invoked command in '/home/ice/microros_ws/firmware/mcu_ws/build/stereo_msgs' returned '0': AMENT_PREFIX_PATH=/home/ice/microros_ws/firmware/mcu_ws/install:${AMENT_PREFIX_PATH} CMAKE_PREFIX_PATH=/home/ice/microros_ws/firmware/mcu_ws/install:/home/ice/microros_ws/firmware/dev_ws/install/ament_lint_common:/home/ice/microros_ws/firmware/dev_ws/install/ament_cmake_uncrustify:/home/ice/microros_ws/firmware/dev_ws/install/uncrustify_vendor:/home/ice/microros_ws/firmware/dev_ws/install/ament_cmake_ros:/home/ice/microros_ws/firmware/dev_ws/install/ament_cmake_auto:/home/ice/microros_ws/firmware/dev_ws/install/ament_cmake_gmock:/home/ice/microros_ws/firmware/dev_ws/install/gmock_vendor:/home/ice/microros_ws/firmware/dev_ws/install/ament_cmake_gtest:/home/ice/microros_ws/firmware/dev_ws/install/gtest_vendor:/home/ice/microros_ws/firmware/dev_ws/install/ament_cmake_xmllint:/home/ice/microros_ws/firmware/dev_ws/install/ament_cmake_pyflakes:/home/ice/microros_ws/firmware/dev_ws/install/ament_cmake_pycodestyle:/home/ice/microros_ws/firmware/dev_ws/install/ament_cmake_pep257:/home/ice/microros_ws/firmware/dev_ws/install/ament_cmake_pclint:/home/ice/microros_ws/firmware/dev_ws/install/ament_lint_auto:/home/ice/microros_ws/firmware/dev_ws/install/ament_cmake:/home/ice/microros_ws/firmware/dev_ws/install/ament_cmake_version:/home/ice/microros_ws/firmware/dev_ws/install/ament_cmake_vendor_package:/home/ice/microros_ws/firmware/dev_ws/install/ament_cmake_pytest:/home/ice/microros_ws/firmware/dev_ws/install/ament_cmake_nose:/home/ice/microros_ws/firmware/dev_ws/install/ament_cmake_mypy:/home/ice/microros_ws/firmware/dev_ws/install/ament_cmake_lint_cmake:/home/ice/microros_ws/firmware/dev_ws/install/ament_cmake_google_benchmark:/home/ice/microros_ws/firmware/dev_ws/install/ament_cmake_flake8:/home/ice/microros_ws/firmware/dev_ws/install/ament_cmake_cpplint:/home/ice/microros_ws/firmware/dev_ws/install/ament_cmake_cppcheck:/home/ice/microros_ws/firmware/dev_ws/install/ament_cmake_copyright:/home/ice/microros_ws/firmware/dev_ws/install/ament_cmake_clang_tidy:/home/ice/microros_ws/firmware/dev_ws/install/ament_cmake_clang_format:/home/ice/microros_ws/firmware/dev_ws/install/ament_cmake_test:/home/ice/microros_ws/firmware/dev_ws/install/ament_cmake_target_dependencies:/home/ice/microros_ws/firmware/dev_ws/install/ament_cmake_python:/home/ice/microros_ws/firmware/dev_ws/install/ament_cmake_export_dependencies:/home/ice/microros_ws/firmware/dev_ws/install/ament_cmake_libraries:/home/ice/microros_ws/firmware/dev_ws/install/ament_cmake_include_directories:/home/ice/microros_ws/firmware/dev_ws/install/ament_cmake_gen_version_h:/home/ice/microros_ws/firmware/dev_ws/install/ament_cmake_export_targets:/home/ice/microros_ws/firmware/dev_ws/install/ament_cmake_export_link_flags:/home/ice/microros_ws/firmware/dev_ws/install/ament_cmake_export_interfaces:/home/ice/microros_ws/firmware/dev_ws/install/ament_cmake_export_libraries:/home/ice/microros_ws/firmware/dev_ws/install/ament_cmake_export_include_directories:/home/ice/microros_ws/firmware/dev_ws/install/ament_cmake_export_definitions:/home/ice/microros_ws/firmware/dev_ws/install/ament_cmake_core:/home/ice/microros_ws/firmware/dev_ws/install/ament_index_cpp:/home/ice/microros_ws/firmware/dev_ws/install/ament_uncrustify:/home/ice/microros_ws/firmware/dev_ws/install/domain_coordinator:/home/ice/microros_ws/firmware/dev_ws/install/ament_xmllint:/home/ice/microros_ws/firmware/dev_ws/install/ament_pyflakes:/home/ice/microros_ws/firmware/dev_ws/install/ament_pycodestyle:/home/ice/microros_ws/firmware/dev_ws/install/ament_pep257:/home/ice/microros_ws/firmware/dev_ws/install/ament_pclint:/home/ice/microros_ws/firmware/dev_ws/install/ament_package:/home/ice/microros_ws/firmware/dev_ws/install/ament_mypy:/home/ice/microros_ws/firmware/dev_ws/install/ament_lint_cmake:/home/ice/microros_ws/firmware/dev_ws/install/ament_flake8:/home/ice/microros_ws/firmware/dev_ws/install/ament_copyright:/home/ice/microros_ws/firmware/dev_ws/install/ament_lint:/home/ice/microros_ws/firmware/dev_ws/install/ament_index_python:/home/ice/microros_ws/firmware/dev_ws/install/ament_cpplint:/home/ice/microros_ws/firmware/dev_ws/install/ament_cppcheck:/home/ice/microros_ws/firmware/dev_ws/install/ament_clang_tidy:/home/ice/microros_ws/firmware/dev_ws/install/ament_clang_format LD_LIBRARY_PATH=/home/ice/microros_ws/firmware/mcu_ws/install/lib:${LD_LIBRARY_PATH} PATH=/home/ice/microros_ws/firmware/mcu_ws/install/bin:${PATH} PYTHONPATH=/home/ice/microros_ws/firmware/mcu_ws/install/lib/python3.10/site-packages:${PYTHONPATH} /usr/bin/cmake --install /home/ice/microros_ws/firmware/mcu_ws/build/stereo_msgs
