[0.344s] Invoking command in '/home/ice/microros_ws/build/micro_ros_msgs': CMAKE_PREFIX_PATH=${CMAKE_PREFIX_PATH}:/opt/ros/humble /usr/bin/cmake /home/ice/microros_ws/src/uros/micro_ros_msgs -DCMAKE_INSTALL_PREFIX=/home/ice/microros_ws/install/micro_ros_msgs
[0.395s] -- Found ament_cmake: 1.3.7 (/opt/ros/humble/share/ament_cmake/cmake)
[0.718s] -- Found rosidl_default_generators: 1.2.0 (/opt/ros/humble/share/rosidl_default_generators/cmake)
[0.724s] -- Using all available rosidl_typesupport_c: rosidl_typesupport_fastrtps_c;rosidl_typesupport_introspection_c
[0.737s] -- Found rosidl_adapter: 3.1.5 (/opt/ros/humble/share/rosidl_adapter/cmake)
[0.825s] -- Using all available rosidl_typesupport_cpp: rosidl_typesupport_fastrtps_cpp;rosidl_typesupport_introspection_cpp
[0.866s] -- Found ament_lint_auto: 0.12.10 (/opt/ros/humble/share/ament_lint_auto/cmake)
[1.513s] -- Found ament_cmake_ros: 0.10.0 (/opt/ros/humble/share/ament_cmake_ros/cmake)
[1.903s] -- Using all available rosidl_typesupport_c: rosidl_typesupport_fastrtps_c;rosidl_typesupport_introspection_c
[2.413s] -- Using all available rosidl_typesupport_cpp: rosidl_typesupport_fastrtps_cpp;rosidl_typesupport_introspection_cpp
[2.458s] -- Found python_cmake_module: 0.10.0 (/opt/ros/humble/share/python_cmake_module/cmake)
[2.510s] -- Using PYTHON_EXECUTABLE: /usr/bin/python3
[2.510s] -- Using PYTHON_INCLUDE_DIRS: /usr/include/python3.10
[2.511s] -- Using PYTHON_LIBRARIES: /usr/lib/x86_64-linux-gnu/libpython3.10.so
[2.574s] -- Added test 'copyright' to check source files copyright and LICENSE
[2.595s] -- Added test 'lint_cmake' to check CMake code style
[2.600s] -- Added test 'xmllint' to check XML markup files
[2.628s] -- Configuring done
[2.959s] -- Generating done
[2.988s] -- Build files have been written to: /home/ice/microros_ws/build/micro_ros_msgs
[3.003s] Invoked command in '/home/ice/microros_ws/build/micro_ros_msgs' returned '0': CMAKE_PREFIX_PATH=${CMAKE_PREFIX_PATH}:/opt/ros/humble /usr/bin/cmake /home/ice/microros_ws/src/uros/micro_ros_msgs -DCMAKE_INSTALL_PREFIX=/home/ice/microros_ws/install/micro_ros_msgs
[3.003s] Invoking command in '/home/ice/microros_ws/build/micro_ros_msgs': CMAKE_PREFIX_PATH=${CMAKE_PREFIX_PATH}:/opt/ros/humble /usr/bin/cmake --build /home/ice/microros_ws/build/micro_ros_msgs -- -j2 -l2
[3.131s] [35m[1mConsolidate compiler generated dependencies of target micro_ros_msgs__rosidl_generator_c[0m
[3.187s] [ 10%] Built target micro_ros_msgs__rosidl_generator_c
[3.245s] [ 12%] Built target micro_ros_msgs__cpp
[3.292s] [35m[1mConsolidate compiler generated dependencies of target micro_ros_msgs__rosidl_typesupport_fastrtps_c[0m
[3.327s] [ 23%] Built target micro_ros_msgs__rosidl_typesupport_fastrtps_c
[3.384s] [35m[1mConsolidate compiler generated dependencies of target micro_ros_msgs__rosidl_typesupport_introspection_c[0m
[3.411s] [ 34%] Built target micro_ros_msgs__rosidl_typesupport_introspection_c
[3.423s] [ 34%] Built target ament_cmake_python_copy_micro_ros_msgs
[3.443s] [35m[1mConsolidate compiler generated dependencies of target micro_ros_msgs__rosidl_typesupport_c[0m
[3.468s] [ 44%] Built target micro_ros_msgs__rosidl_typesupport_c
[3.508s] [35m[1mConsolidate compiler generated dependencies of target micro_ros_msgs__rosidl_typesupport_fastrtps_cpp[0m
[3.555s] [35m[1mConsolidate compiler generated dependencies of target micro_ros_msgs__rosidl_typesupport_introspection_cpp[0m
[3.587s] [ 55%] Built target micro_ros_msgs__rosidl_typesupport_fastrtps_cpp
[3.621s] [ 65%] Built target micro_ros_msgs__rosidl_typesupport_introspection_cpp
[3.680s] [35m[1mConsolidate compiler generated dependencies of target micro_ros_msgs__rosidl_typesupport_cpp[0m
[3.759s] [ 76%] Built target micro_ros_msgs__rosidl_typesupport_cpp
[3.886s] [ 76%] Built target micro_ros_msgs
[3.969s] [ 78%] Built target micro_ros_msgs__py
[4.063s] [35m[1mConsolidate compiler generated dependencies of target micro_ros_msgs__rosidl_generator_py[0m
[4.161s] [ 87%] Built target micro_ros_msgs__rosidl_generator_py
[4.192s] [35m[1mConsolidate compiler generated dependencies of target micro_ros_msgs__rosidl_typesupport_fastrtps_c__pyext[0m
[4.225s] [ 91%] Built target micro_ros_msgs__rosidl_typesupport_fastrtps_c__pyext
[4.262s] [35m[1mConsolidate compiler generated dependencies of target micro_ros_msgs__rosidl_typesupport_introspection_c__pyext[0m
[4.368s] [ 95%] Built target micro_ros_msgs__rosidl_typesupport_introspection_c__pyext
[4.390s] running egg_info
[4.391s] writing micro_ros_msgs.egg-info/PKG-INFO
[4.393s] writing dependency_links to micro_ros_msgs.egg-info/dependency_links.txt
[4.393s] writing top-level names to micro_ros_msgs.egg-info/top_level.txt
[4.397s] reading manifest file 'micro_ros_msgs.egg-info/SOURCES.txt'
[4.402s] writing manifest file 'micro_ros_msgs.egg-info/SOURCES.txt'
[4.476s] [35m[1mConsolidate compiler generated dependencies of target micro_ros_msgs__rosidl_typesupport_c__pyext[0m
[4.498s] [ 95%] Built target ament_cmake_python_build_micro_ros_msgs_egg
[4.529s] [100%] Built target micro_ros_msgs__rosidl_typesupport_c__pyext
[4.582s] Invoked command in '/home/ice/microros_ws/build/micro_ros_msgs' returned '0': CMAKE_PREFIX_PATH=${CMAKE_PREFIX_PATH}:/opt/ros/humble /usr/bin/cmake --build /home/ice/microros_ws/build/micro_ros_msgs -- -j2 -l2
[5.090s] Invoking command in '/home/ice/microros_ws/build/micro_ros_msgs': CMAKE_PREFIX_PATH=${CMAKE_PREFIX_PATH}:/opt/ros/humble /usr/bin/cmake --install /home/ice/microros_ws/build/micro_ros_msgs
[5.113s] -- Install configuration: ""
[5.115s] -- Up-to-date: /home/ice/microros_ws/install/micro_ros_msgs/share/ament_index/resource_index/rosidl_interfaces/micro_ros_msgs
[5.116s] -- Up-to-date: /home/ice/microros_ws/install/micro_ros_msgs/include/micro_ros_msgs/micro_ros_msgs
[5.116s] -- Up-to-date: /home/ice/microros_ws/install/micro_ros_msgs/include/micro_ros_msgs/micro_ros_msgs/msg
[5.118s] -- Up-to-date: /home/ice/microros_ws/install/micro_ros_msgs/include/micro_ros_msgs/micro_ros_msgs/msg/detail
[5.119s] -- Up-to-date: /home/ice/microros_ws/install/micro_ros_msgs/include/micro_ros_msgs/micro_ros_msgs/msg/detail/node__functions.h
[5.119s] -- Up-to-date: /home/ice/microros_ws/install/micro_ros_msgs/include/micro_ros_msgs/micro_ros_msgs/msg/detail/entity__functions.c
[5.119s] -- Up-to-date: /home/ice/microros_ws/install/micro_ros_msgs/include/micro_ros_msgs/micro_ros_msgs/msg/detail/graph__functions.c
[5.119s] -- Up-to-date: /home/ice/microros_ws/install/micro_ros_msgs/include/micro_ros_msgs/micro_ros_msgs/msg/detail/graph__functions.h
[5.119s] -- Up-to-date: /home/ice/microros_ws/install/micro_ros_msgs/include/micro_ros_msgs/micro_ros_msgs/msg/detail/entity__functions.h
[5.119s] -- Up-to-date: /home/ice/microros_ws/install/micro_ros_msgs/include/micro_ros_msgs/micro_ros_msgs/msg/detail/node__functions.c
[5.120s] -- Up-to-date: /home/ice/microros_ws/install/micro_ros_msgs/include/micro_ros_msgs/micro_ros_msgs/msg/detail/node__type_support.h
[5.120s] -- Up-to-date: /home/ice/microros_ws/install/micro_ros_msgs/include/micro_ros_msgs/micro_ros_msgs/msg/detail/node__struct.h
[5.120s] -- Up-to-date: /home/ice/microros_ws/install/micro_ros_msgs/include/micro_ros_msgs/micro_ros_msgs/msg/detail/entity__type_support.h
[5.120s] -- Up-to-date: /home/ice/microros_ws/install/micro_ros_msgs/include/micro_ros_msgs/micro_ros_msgs/msg/detail/entity__struct.h
[5.120s] -- Up-to-date: /home/ice/microros_ws/install/micro_ros_msgs/include/micro_ros_msgs/micro_ros_msgs/msg/detail/graph__type_support.h
[5.121s] -- Up-to-date: /home/ice/microros_ws/install/micro_ros_msgs/include/micro_ros_msgs/micro_ros_msgs/msg/detail/graph__struct.h
[5.121s] -- Up-to-date: /home/ice/microros_ws/install/micro_ros_msgs/include/micro_ros_msgs/micro_ros_msgs/msg/entity.h
[5.122s] -- Up-to-date: /home/ice/microros_ws/install/micro_ros_msgs/include/micro_ros_msgs/micro_ros_msgs/msg/graph.h
[5.122s] -- Up-to-date: /home/ice/microros_ws/install/micro_ros_msgs/include/micro_ros_msgs/micro_ros_msgs/msg/node.h
[5.123s] -- Up-to-date: /home/ice/microros_ws/install/micro_ros_msgs/include/micro_ros_msgs/micro_ros_msgs/msg/rosidl_generator_c__visibility_control.h
[5.123s] -- Up-to-date: /home/ice/microros_ws/install/micro_ros_msgs/share/micro_ros_msgs/environment/library_path.sh
[5.124s] -- Installing: /home/ice/microros_ws/install/micro_ros_msgs/share/micro_ros_msgs/environment/library_path.dsv
[5.125s] -- Up-to-date: /home/ice/microros_ws/install/micro_ros_msgs/lib/libmicro_ros_msgs__rosidl_generator_c.so
[5.126s] -- Up-to-date: /home/ice/microros_ws/install/micro_ros_msgs/include/micro_ros_msgs/micro_ros_msgs
[5.126s] -- Up-to-date: /home/ice/microros_ws/install/micro_ros_msgs/include/micro_ros_msgs/micro_ros_msgs/msg
[5.126s] -- Up-to-date: /home/ice/microros_ws/install/micro_ros_msgs/include/micro_ros_msgs/micro_ros_msgs/msg/detail
[5.131s] -- Up-to-date: /home/ice/microros_ws/install/micro_ros_msgs/include/micro_ros_msgs/micro_ros_msgs/msg/detail/graph__rosidl_typesupport_fastrtps_c.h
[5.132s] -- Up-to-date: /home/ice/microros_ws/install/micro_ros_msgs/include/micro_ros_msgs/micro_ros_msgs/msg/detail/entity__rosidl_typesupport_fastrtps_c.h
[5.132s] -- Up-to-date: /home/ice/microros_ws/install/micro_ros_msgs/include/micro_ros_msgs/micro_ros_msgs/msg/detail/node__rosidl_typesupport_fastrtps_c.h
[5.132s] -- Up-to-date: /home/ice/microros_ws/install/micro_ros_msgs/include/micro_ros_msgs/micro_ros_msgs/msg/rosidl_typesupport_fastrtps_c__visibility_control.h
[5.132s] -- Up-to-date: /home/ice/microros_ws/install/micro_ros_msgs/lib/libmicro_ros_msgs__rosidl_typesupport_fastrtps_c.so
[5.132s] -- Up-to-date: /home/ice/microros_ws/install/micro_ros_msgs/include/micro_ros_msgs/micro_ros_msgs
[5.132s] -- Up-to-date: /home/ice/microros_ws/install/micro_ros_msgs/include/micro_ros_msgs/micro_ros_msgs/msg
[5.133s] -- Up-to-date: /home/ice/microros_ws/install/micro_ros_msgs/include/micro_ros_msgs/micro_ros_msgs/msg/detail
[5.133s] -- Up-to-date: /home/ice/microros_ws/install/micro_ros_msgs/include/micro_ros_msgs/micro_ros_msgs/msg/detail/entity__rosidl_typesupport_introspection_c.h
[5.134s] -- Up-to-date: /home/ice/microros_ws/install/micro_ros_msgs/include/micro_ros_msgs/micro_ros_msgs/msg/detail/node__type_support.c
[5.134s] -- Up-to-date: /home/ice/microros_ws/install/micro_ros_msgs/include/micro_ros_msgs/micro_ros_msgs/msg/detail/graph__rosidl_typesupport_introspection_c.h
[5.134s] -- Up-to-date: /home/ice/microros_ws/install/micro_ros_msgs/include/micro_ros_msgs/micro_ros_msgs/msg/detail/entity__type_support.c
[5.135s] -- Up-to-date: /home/ice/microros_ws/install/micro_ros_msgs/include/micro_ros_msgs/micro_ros_msgs/msg/detail/graph__type_support.c
[5.135s] -- Up-to-date: /home/ice/microros_ws/install/micro_ros_msgs/include/micro_ros_msgs/micro_ros_msgs/msg/detail/node__rosidl_typesupport_introspection_c.h
[5.135s] -- Up-to-date: /home/ice/microros_ws/install/micro_ros_msgs/include/micro_ros_msgs/micro_ros_msgs/msg/rosidl_typesupport_introspection_c__visibility_control.h
[5.147s] -- Up-to-date: /home/ice/microros_ws/install/micro_ros_msgs/lib/libmicro_ros_msgs__rosidl_typesupport_introspection_c.so
[5.156s] -- Up-to-date: /home/ice/microros_ws/install/micro_ros_msgs/lib/libmicro_ros_msgs__rosidl_typesupport_c.so
[5.156s] -- Up-to-date: /home/ice/microros_ws/install/micro_ros_msgs/include/micro_ros_msgs/micro_ros_msgs
[5.157s] -- Up-to-date: /home/ice/microros_ws/install/micro_ros_msgs/include/micro_ros_msgs/micro_ros_msgs/msg
[5.157s] -- Up-to-date: /home/ice/microros_ws/install/micro_ros_msgs/include/micro_ros_msgs/micro_ros_msgs/msg/detail
[5.157s] -- Up-to-date: /home/ice/microros_ws/install/micro_ros_msgs/include/micro_ros_msgs/micro_ros_msgs/msg/detail/graph__traits.hpp
[5.157s] -- Up-to-date: /home/ice/microros_ws/install/micro_ros_msgs/include/micro_ros_msgs/micro_ros_msgs/msg/detail/node__builder.hpp
[5.162s] -- Up-to-date: /home/ice/microros_ws/install/micro_ros_msgs/include/micro_ros_msgs/micro_ros_msgs/msg/detail/graph__struct.hpp
[5.162s] -- Up-to-date: /home/ice/microros_ws/install/micro_ros_msgs/include/micro_ros_msgs/micro_ros_msgs/msg/detail/entity__struct.hpp
[5.163s] -- Up-to-date: /home/ice/microros_ws/install/micro_ros_msgs/include/micro_ros_msgs/micro_ros_msgs/msg/detail/entity__traits.hpp
[5.166s] -- Up-to-date: /home/ice/microros_ws/install/micro_ros_msgs/include/micro_ros_msgs/micro_ros_msgs/msg/detail/entity__builder.hpp
[5.166s] -- Up-to-date: /home/ice/microros_ws/install/micro_ros_msgs/include/micro_ros_msgs/micro_ros_msgs/msg/detail/graph__builder.hpp
[5.166s] -- Up-to-date: /home/ice/microros_ws/install/micro_ros_msgs/include/micro_ros_msgs/micro_ros_msgs/msg/detail/node__struct.hpp
[5.166s] -- Up-to-date: /home/ice/microros_ws/install/micro_ros_msgs/include/micro_ros_msgs/micro_ros_msgs/msg/detail/node__traits.hpp
[5.167s] -- Up-to-date: /home/ice/microros_ws/install/micro_ros_msgs/include/micro_ros_msgs/micro_ros_msgs/msg/entity.hpp
[5.168s] -- Up-to-date: /home/ice/microros_ws/install/micro_ros_msgs/include/micro_ros_msgs/micro_ros_msgs/msg/node.hpp
[5.168s] -- Up-to-date: /home/ice/microros_ws/install/micro_ros_msgs/include/micro_ros_msgs/micro_ros_msgs/msg/graph.hpp
[5.169s] -- Up-to-date: /home/ice/microros_ws/install/micro_ros_msgs/include/micro_ros_msgs/micro_ros_msgs
[5.169s] -- Up-to-date: /home/ice/microros_ws/install/micro_ros_msgs/include/micro_ros_msgs/micro_ros_msgs/msg
[5.169s] -- Up-to-date: /home/ice/microros_ws/install/micro_ros_msgs/include/micro_ros_msgs/micro_ros_msgs/msg/detail
[5.169s] -- Up-to-date: /home/ice/microros_ws/install/micro_ros_msgs/include/micro_ros_msgs/micro_ros_msgs/msg/detail/graph__rosidl_typesupport_fastrtps_cpp.hpp
[5.169s] -- Up-to-date: /home/ice/microros_ws/install/micro_ros_msgs/include/micro_ros_msgs/micro_ros_msgs/msg/detail/node__rosidl_typesupport_fastrtps_cpp.hpp
[5.169s] -- Up-to-date: /home/ice/microros_ws/install/micro_ros_msgs/include/micro_ros_msgs/micro_ros_msgs/msg/detail/dds_fastrtps
[5.169s] -- Up-to-date: /home/ice/microros_ws/install/micro_ros_msgs/include/micro_ros_msgs/micro_ros_msgs/msg/detail/entity__rosidl_typesupport_fastrtps_cpp.hpp
[5.170s] -- Up-to-date: /home/ice/microros_ws/install/micro_ros_msgs/include/micro_ros_msgs/micro_ros_msgs/msg/rosidl_typesupport_fastrtps_cpp__visibility_control.h
[5.181s] -- Up-to-date: /home/ice/microros_ws/install/micro_ros_msgs/lib/libmicro_ros_msgs__rosidl_typesupport_fastrtps_cpp.so
[5.182s] -- Up-to-date: /home/ice/microros_ws/install/micro_ros_msgs/include/micro_ros_msgs/micro_ros_msgs
[5.182s] -- Up-to-date: /home/ice/microros_ws/install/micro_ros_msgs/include/micro_ros_msgs/micro_ros_msgs/msg
[5.182s] -- Up-to-date: /home/ice/microros_ws/install/micro_ros_msgs/include/micro_ros_msgs/micro_ros_msgs/msg/detail
[5.183s] -- Up-to-date: /home/ice/microros_ws/install/micro_ros_msgs/include/micro_ros_msgs/micro_ros_msgs/msg/detail/entity__type_support.cpp
[5.183s] -- Up-to-date: /home/ice/microros_ws/install/micro_ros_msgs/include/micro_ros_msgs/micro_ros_msgs/msg/detail/node__rosidl_typesupport_introspection_cpp.hpp
[5.184s] -- Up-to-date: /home/ice/microros_ws/install/micro_ros_msgs/include/micro_ros_msgs/micro_ros_msgs/msg/detail/node__type_support.cpp
[5.184s] -- Up-to-date: /home/ice/microros_ws/install/micro_ros_msgs/include/micro_ros_msgs/micro_ros_msgs/msg/detail/entity__rosidl_typesupport_introspection_cpp.hpp
[5.184s] -- Up-to-date: /home/ice/microros_ws/install/micro_ros_msgs/include/micro_ros_msgs/micro_ros_msgs/msg/detail/graph__type_support.cpp
[5.184s] -- Up-to-date: /home/ice/microros_ws/install/micro_ros_msgs/include/micro_ros_msgs/micro_ros_msgs/msg/detail/graph__rosidl_typesupport_introspection_cpp.hpp
[5.191s] -- Up-to-date: /home/ice/microros_ws/install/micro_ros_msgs/lib/libmicro_ros_msgs__rosidl_typesupport_introspection_cpp.so
[5.195s] -- Up-to-date: /home/ice/microros_ws/install/micro_ros_msgs/lib/libmicro_ros_msgs__rosidl_typesupport_cpp.so
[5.196s] -- Up-to-date: /home/ice/microros_ws/install/micro_ros_msgs/share/micro_ros_msgs/environment/pythonpath.sh
[5.196s] -- Installing: /home/ice/microros_ws/install/micro_ros_msgs/share/micro_ros_msgs/environment/pythonpath.dsv
[5.197s] -- Up-to-date: /home/ice/microros_ws/install/micro_ros_msgs/local/lib/python3.10/dist-packages/micro_ros_msgs-3.0.1-py3.10.egg-info
[5.197s] -- Installing: /home/ice/microros_ws/install/micro_ros_msgs/local/lib/python3.10/dist-packages/micro_ros_msgs-3.0.1-py3.10.egg-info/top_level.txt
[5.198s] -- Installing: /home/ice/microros_ws/install/micro_ros_msgs/local/lib/python3.10/dist-packages/micro_ros_msgs-3.0.1-py3.10.egg-info/PKG-INFO
[5.198s] -- Installing: /home/ice/microros_ws/install/micro_ros_msgs/local/lib/python3.10/dist-packages/micro_ros_msgs-3.0.1-py3.10.egg-info/SOURCES.txt
[5.199s] -- Installing: /home/ice/microros_ws/install/micro_ros_msgs/local/lib/python3.10/dist-packages/micro_ros_msgs-3.0.1-py3.10.egg-info/dependency_links.txt
[5.200s] -- Up-to-date: /home/ice/microros_ws/install/micro_ros_msgs/local/lib/python3.10/dist-packages/micro_ros_msgs
[5.200s] -- Up-to-date: /home/ice/microros_ws/install/micro_ros_msgs/local/lib/python3.10/dist-packages/micro_ros_msgs/_micro_ros_msgs_s.ep.rosidl_typesupport_introspection_c.c
[5.200s] -- Up-to-date: /home/ice/microros_ws/install/micro_ros_msgs/local/lib/python3.10/dist-packages/micro_ros_msgs/micro_ros_msgs_s__rosidl_typesupport_fastrtps_c.cpython-310-x86_64-linux-gnu.so
[5.200s] -- Up-to-date: /home/ice/microros_ws/install/micro_ros_msgs/local/lib/python3.10/dist-packages/micro_ros_msgs/micro_ros_msgs_s__rosidl_typesupport_c.cpython-310-x86_64-linux-gnu.so
[5.201s] -- Up-to-date: /home/ice/microros_ws/install/micro_ros_msgs/local/lib/python3.10/dist-packages/micro_ros_msgs/micro_ros_msgs_s__rosidl_typesupport_introspection_c.cpython-310-x86_64-linux-gnu.so
[5.201s] -- Up-to-date: /home/ice/microros_ws/install/micro_ros_msgs/local/lib/python3.10/dist-packages/micro_ros_msgs/libmicro_ros_msgs__rosidl_generator_py.so
[5.201s] -- Up-to-date: /home/ice/microros_ws/install/micro_ros_msgs/local/lib/python3.10/dist-packages/micro_ros_msgs/_micro_ros_msgs_s.ep.rosidl_typesupport_fastrtps_c.c
[5.202s] -- Up-to-date: /home/ice/microros_ws/install/micro_ros_msgs/local/lib/python3.10/dist-packages/micro_ros_msgs/_micro_ros_msgs_s.ep.rosidl_typesupport_c.c
[5.202s] -- Up-to-date: /home/ice/microros_ws/install/micro_ros_msgs/local/lib/python3.10/dist-packages/micro_ros_msgs/msg
[5.203s] -- Up-to-date: /home/ice/microros_ws/install/micro_ros_msgs/local/lib/python3.10/dist-packages/micro_ros_msgs/msg/_node.py
[5.203s] -- Up-to-date: /home/ice/microros_ws/install/micro_ros_msgs/local/lib/python3.10/dist-packages/micro_ros_msgs/msg/_graph_s.c
[5.203s] -- Up-to-date: /home/ice/microros_ws/install/micro_ros_msgs/local/lib/python3.10/dist-packages/micro_ros_msgs/msg/_node_s.c
[5.207s] -- Up-to-date: /home/ice/microros_ws/install/micro_ros_msgs/local/lib/python3.10/dist-packages/micro_ros_msgs/msg/_entity.py
[5.207s] -- Up-to-date: /home/ice/microros_ws/install/micro_ros_msgs/local/lib/python3.10/dist-packages/micro_ros_msgs/msg/_graph.py
[5.207s] -- Up-to-date: /home/ice/microros_ws/install/micro_ros_msgs/local/lib/python3.10/dist-packages/micro_ros_msgs/msg/_entity_s.c
[5.207s] -- Up-to-date: /home/ice/microros_ws/install/micro_ros_msgs/local/lib/python3.10/dist-packages/micro_ros_msgs/msg/__init__.py
[5.207s] -- Installing: /home/ice/microros_ws/install/micro_ros_msgs/local/lib/python3.10/dist-packages/micro_ros_msgs/__init__.py
[5.347s] Listing '/home/ice/microros_ws/install/micro_ros_msgs/local/lib/python3.10/dist-packages/micro_ros_msgs'...
[5.347s] Compiling '/home/ice/microros_ws/install/micro_ros_msgs/local/lib/python3.10/dist-packages/micro_ros_msgs/__init__.py'...
[5.347s] Listing '/home/ice/microros_ws/install/micro_ros_msgs/local/lib/python3.10/dist-packages/micro_ros_msgs/msg'...
[5.377s] -- Up-to-date: /home/ice/microros_ws/install/micro_ros_msgs/local/lib/python3.10/dist-packages/micro_ros_msgs/micro_ros_msgs_s__rosidl_typesupport_fastrtps_c.cpython-310-x86_64-linux-gnu.so
[5.380s] -- Up-to-date: /home/ice/microros_ws/install/micro_ros_msgs/local/lib/python3.10/dist-packages/micro_ros_msgs/micro_ros_msgs_s__rosidl_typesupport_introspection_c.cpython-310-x86_64-linux-gnu.so
[5.383s] -- Up-to-date: /home/ice/microros_ws/install/micro_ros_msgs/local/lib/python3.10/dist-packages/micro_ros_msgs/micro_ros_msgs_s__rosidl_typesupport_c.cpython-310-x86_64-linux-gnu.so
[5.387s] -- Up-to-date: /home/ice/microros_ws/install/micro_ros_msgs/lib/libmicro_ros_msgs__rosidl_generator_py.so
[5.389s] -- Up-to-date: /home/ice/microros_ws/install/micro_ros_msgs/share/micro_ros_msgs/msg/Graph.idl
[5.390s] -- Up-to-date: /home/ice/microros_ws/install/micro_ros_msgs/share/micro_ros_msgs/msg/Node.idl
[5.390s] -- Up-to-date: /home/ice/microros_ws/install/micro_ros_msgs/share/micro_ros_msgs/msg/Entity.idl
[5.390s] -- Up-to-date: /home/ice/microros_ws/install/micro_ros_msgs/share/micro_ros_msgs/msg/Graph.msg
[5.391s] -- Up-to-date: /home/ice/microros_ws/install/micro_ros_msgs/share/micro_ros_msgs/msg/Node.msg
[5.391s] -- Up-to-date: /home/ice/microros_ws/install/micro_ros_msgs/share/micro_ros_msgs/msg/Entity.msg
[5.391s] -- Up-to-date: /home/ice/microros_ws/install/micro_ros_msgs/share/ament_index/resource_index/package_run_dependencies/micro_ros_msgs
[5.393s] -- Installing: /home/ice/microros_ws/install/micro_ros_msgs/share/ament_index/resource_index/parent_prefix_path/micro_ros_msgs
[5.393s] -- Up-to-date: /home/ice/microros_ws/install/micro_ros_msgs/share/micro_ros_msgs/environment/ament_prefix_path.sh
[5.394s] -- Installing: /home/ice/microros_ws/install/micro_ros_msgs/share/micro_ros_msgs/environment/ament_prefix_path.dsv
[5.394s] -- Up-to-date: /home/ice/microros_ws/install/micro_ros_msgs/share/micro_ros_msgs/environment/path.sh
[5.394s] -- Installing: /home/ice/microros_ws/install/micro_ros_msgs/share/micro_ros_msgs/environment/path.dsv
[5.401s] -- Up-to-date: /home/ice/microros_ws/install/micro_ros_msgs/share/micro_ros_msgs/local_setup.bash
[5.401s] -- Up-to-date: /home/ice/microros_ws/install/micro_ros_msgs/share/micro_ros_msgs/local_setup.sh
[5.401s] -- Up-to-date: /home/ice/microros_ws/install/micro_ros_msgs/share/micro_ros_msgs/local_setup.zsh
[5.401s] -- Installing: /home/ice/microros_ws/install/micro_ros_msgs/share/micro_ros_msgs/local_setup.dsv
[5.401s] -- Installing: /home/ice/microros_ws/install/micro_ros_msgs/share/micro_ros_msgs/package.dsv
[5.403s] -- Up-to-date: /home/ice/microros_ws/install/micro_ros_msgs/share/ament_index/resource_index/packages/micro_ros_msgs
[5.406s] -- Up-to-date: /home/ice/microros_ws/install/micro_ros_msgs/share/micro_ros_msgs/cmake/export_micro_ros_msgs__rosidl_generator_cExport.cmake
[5.406s] -- Up-to-date: /home/ice/microros_ws/install/micro_ros_msgs/share/micro_ros_msgs/cmake/export_micro_ros_msgs__rosidl_generator_cExport-noconfig.cmake
[5.408s] -- Up-to-date: /home/ice/microros_ws/install/micro_ros_msgs/share/micro_ros_msgs/cmake/export_micro_ros_msgs__rosidl_typesupport_fastrtps_cExport.cmake
[5.408s] -- Up-to-date: /home/ice/microros_ws/install/micro_ros_msgs/share/micro_ros_msgs/cmake/export_micro_ros_msgs__rosidl_typesupport_fastrtps_cExport-noconfig.cmake
[5.410s] -- Up-to-date: /home/ice/microros_ws/install/micro_ros_msgs/share/micro_ros_msgs/cmake/micro_ros_msgs__rosidl_typesupport_introspection_cExport.cmake
[5.410s] -- Up-to-date: /home/ice/microros_ws/install/micro_ros_msgs/share/micro_ros_msgs/cmake/micro_ros_msgs__rosidl_typesupport_introspection_cExport-noconfig.cmake
[5.412s] -- Up-to-date: /home/ice/microros_ws/install/micro_ros_msgs/share/micro_ros_msgs/cmake/micro_ros_msgs__rosidl_typesupport_cExport.cmake
[5.412s] -- Up-to-date: /home/ice/microros_ws/install/micro_ros_msgs/share/micro_ros_msgs/cmake/micro_ros_msgs__rosidl_typesupport_cExport-noconfig.cmake
[5.413s] -- Up-to-date: /home/ice/microros_ws/install/micro_ros_msgs/share/micro_ros_msgs/cmake/export_micro_ros_msgs__rosidl_generator_cppExport.cmake
[5.415s] -- Up-to-date: /home/ice/microros_ws/install/micro_ros_msgs/share/micro_ros_msgs/cmake/export_micro_ros_msgs__rosidl_typesupport_fastrtps_cppExport.cmake
[5.415s] -- Up-to-date: /home/ice/microros_ws/install/micro_ros_msgs/share/micro_ros_msgs/cmake/export_micro_ros_msgs__rosidl_typesupport_fastrtps_cppExport-noconfig.cmake
[5.416s] -- Up-to-date: /home/ice/microros_ws/install/micro_ros_msgs/share/micro_ros_msgs/cmake/micro_ros_msgs__rosidl_typesupport_introspection_cppExport.cmake
[5.417s] -- Up-to-date: /home/ice/microros_ws/install/micro_ros_msgs/share/micro_ros_msgs/cmake/micro_ros_msgs__rosidl_typesupport_introspection_cppExport-noconfig.cmake
[5.419s] -- Up-to-date: /home/ice/microros_ws/install/micro_ros_msgs/share/micro_ros_msgs/cmake/micro_ros_msgs__rosidl_typesupport_cppExport.cmake
[5.420s] -- Up-to-date: /home/ice/microros_ws/install/micro_ros_msgs/share/micro_ros_msgs/cmake/micro_ros_msgs__rosidl_typesupport_cppExport-noconfig.cmake
[5.422s] -- Up-to-date: /home/ice/microros_ws/install/micro_ros_msgs/share/micro_ros_msgs/cmake/export_micro_ros_msgs__rosidl_generator_pyExport.cmake
[5.422s] -- Up-to-date: /home/ice/microros_ws/install/micro_ros_msgs/share/micro_ros_msgs/cmake/export_micro_ros_msgs__rosidl_generator_pyExport-noconfig.cmake
[5.423s] -- Up-to-date: /home/ice/microros_ws/install/micro_ros_msgs/share/micro_ros_msgs/cmake/rosidl_cmake-extras.cmake
[5.423s] -- Up-to-date: /home/ice/microros_ws/install/micro_ros_msgs/share/micro_ros_msgs/cmake/ament_cmake_export_include_directories-extras.cmake
[5.423s] -- Up-to-date: /home/ice/microros_ws/install/micro_ros_msgs/share/micro_ros_msgs/cmake/ament_cmake_export_libraries-extras.cmake
[5.423s] -- Up-to-date: /home/ice/microros_ws/install/micro_ros_msgs/share/micro_ros_msgs/cmake/ament_cmake_export_targets-extras.cmake
[5.423s] -- Up-to-date: /home/ice/microros_ws/install/micro_ros_msgs/share/micro_ros_msgs/cmake/rosidl_cmake_export_typesupport_targets-extras.cmake
[5.424s] -- Up-to-date: /home/ice/microros_ws/install/micro_ros_msgs/share/micro_ros_msgs/cmake/ament_cmake_export_dependencies-extras.cmake
[5.424s] -- Up-to-date: /home/ice/microros_ws/install/micro_ros_msgs/share/micro_ros_msgs/cmake/rosidl_cmake_export_typesupport_libraries-extras.cmake
[5.424s] -- Up-to-date: /home/ice/microros_ws/install/micro_ros_msgs/share/micro_ros_msgs/cmake/micro_ros_msgsConfig.cmake
[5.424s] -- Up-to-date: /home/ice/microros_ws/install/micro_ros_msgs/share/micro_ros_msgs/cmake/micro_ros_msgsConfig-version.cmake
[5.424s] -- Up-to-date: /home/ice/microros_ws/install/micro_ros_msgs/share/micro_ros_msgs/package.xml
[5.440s] Invoked command in '/home/ice/microros_ws/build/micro_ros_msgs' returned '0': CMAKE_PREFIX_PATH=${CMAKE_PREFIX_PATH}:/opt/ros/humble /usr/bin/cmake --install /home/ice/microros_ws/build/micro_ros_msgs
