[0.780s] Invoking command in '/home/ice/polaris-bot/ros2_ws/build/polaris_controller': CMAKE_PREFIX_PATH=/home/ice/polaris-bot/ros2_ws/install/ros2_control_demo_description:/home/ice/polaris-bot/ros2_ws/install/messages:/home/ice/polaris-bot/ros2_ws/install/services:/home/ice/polaris-bot/ros2_ws/install/polaris_controller:/home/ice/polaris-bot/ros2_ws/install/my_diff_drive_bot:/opt/ros/humble LD_LIBRARY_PATH=/home/ice/polaris-bot/ros2_ws/install/messages/lib:/home/ice/polaris-bot/ros2_ws/install/services/lib:/home/ice/polaris-bot/ros2_ws/install/polaris_controller/lib:/usr/lib/x86_64-linux-gnu/gazebo-11/plugins:/opt/ros/humble/opt/rviz_ogre_vendor/lib:/opt/ros/humble/lib/x86_64-linux-gnu:/opt/ros/humble/lib /usr/bin/cmake --build /home/ice/polaris-bot/ros2_ws/build/polaris_controller -- -j2 -l2
[1.234s] -- Found ament_cmake: 1.3.7 (/opt/ros/humble/share/ament_cmake/cmake)
[2.625s] -- Found hardware_interface: 2.37.0 (/opt/ros/humble/share/hardware_interface/cmake)
[2.805s] -- Found rosidl_generator_c: 3.1.5 (/opt/ros/humble/share/rosidl_generator_c/cmake)
[2.823s] -- Found rosidl_adapter: 3.1.5 (/opt/ros/humble/share/rosidl_adapter/cmake)
[2.859s] -- Found rosidl_generator_cpp: 3.1.5 (/opt/ros/humble/share/rosidl_generator_cpp/cmake)
[2.891s] -- Using all available rosidl_typesupport_c: rosidl_typesupport_fastrtps_c;rosidl_typesupport_introspection_c
[2.973s] -- Using all available rosidl_typesupport_cpp: rosidl_typesupport_fastrtps_cpp;rosidl_typesupport_introspection_cpp
[9.588s] -- Found rmw_implementation_cmake: 6.1.1 (/opt/ros/humble/share/rmw_implementation_cmake/cmake)
[9.601s] -- Found rmw_fastrtps_cpp: 6.2.6 (/opt/ros/humble/share/rmw_fastrtps_cpp/cmake)
[9.968s] -- Found TinyXML2 via Config file: TinyXML2_DIR-NOTFOUND
[10.037s] -- Found TinyXML2 via Config file: TinyXML2_DIR-NOTFOUND
[10.171s] -- Found TinyXML2 via Config file: TinyXML2_DIR-NOTFOUND
[10.260s] -- Found TinyXML2 via Config file: TinyXML2_DIR-NOTFOUND
[10.387s] -- Using RMW implementation 'rmw_fastrtps_cpp' as default
[12.193s] -- Found rclcpp_components: 16.0.8 (/opt/ros/humble/share/rclcpp_components/cmake)
[12.735s] -- Found rosidl_default_generators: 1.2.0 (/opt/ros/humble/share/rosidl_default_generators/cmake)
[12.851s] -- Found messages: 0.0.0 (/home/ice/polaris-bot/ros2_ws/install/messages/share/messages/cmake)
[13.680s] -- Found ament_cmake_pytest: 1.3.7 (/opt/ros/humble/share/ament_cmake_pytest/cmake)
[20.336s] -- Configuring done
[20.881s] -- Generating done
[20.955s] -- Build files have been written to: /home/ice/polaris-bot/ros2_ws/build/polaris_controller
[21.147s] [35m[1mConsolidate compiler generated dependencies of target polaris_controller[0m
[21.432s] [ 50%] [32mBuilding CXX object CMakeFiles/polaris_controller.dir/hardware/polaris_system.cpp.o[0m
[81.247s] [100%] [32m[1mLinking CXX shared library libpolaris_controller.so[0m
[85.503s] [100%] Built target polaris_controller
[85.592s] Invoked command in '/home/ice/polaris-bot/ros2_ws/build/polaris_controller' returned '0': CMAKE_PREFIX_PATH=/home/ice/polaris-bot/ros2_ws/install/ros2_control_demo_description:/home/ice/polaris-bot/ros2_ws/install/messages:/home/ice/polaris-bot/ros2_ws/install/services:/home/ice/polaris-bot/ros2_ws/install/polaris_controller:/home/ice/polaris-bot/ros2_ws/install/my_diff_drive_bot:/opt/ros/humble LD_LIBRARY_PATH=/home/ice/polaris-bot/ros2_ws/install/messages/lib:/home/ice/polaris-bot/ros2_ws/install/services/lib:/home/ice/polaris-bot/ros2_ws/install/polaris_controller/lib:/usr/lib/x86_64-linux-gnu/gazebo-11/plugins:/opt/ros/humble/opt/rviz_ogre_vendor/lib:/opt/ros/humble/lib/x86_64-linux-gnu:/opt/ros/humble/lib /usr/bin/cmake --build /home/ice/polaris-bot/ros2_ws/build/polaris_controller -- -j2 -l2
[86.092s] Invoking command in '/home/ice/polaris-bot/ros2_ws/build/polaris_controller': CMAKE_PREFIX_PATH=/home/ice/polaris-bot/ros2_ws/install/ros2_control_demo_description:/home/ice/polaris-bot/ros2_ws/install/messages:/home/ice/polaris-bot/ros2_ws/install/services:/home/ice/polaris-bot/ros2_ws/install/polaris_controller:/home/ice/polaris-bot/ros2_ws/install/my_diff_drive_bot:/opt/ros/humble LD_LIBRARY_PATH=/home/ice/polaris-bot/ros2_ws/install/messages/lib:/home/ice/polaris-bot/ros2_ws/install/services/lib:/home/ice/polaris-bot/ros2_ws/install/polaris_controller/lib:/usr/lib/x86_64-linux-gnu/gazebo-11/plugins:/opt/ros/humble/opt/rviz_ogre_vendor/lib:/opt/ros/humble/lib/x86_64-linux-gnu:/opt/ros/humble/lib /usr/bin/cmake --install /home/ice/polaris-bot/ros2_ws/build/polaris_controller
[86.286s] -- Install configuration: ""
[86.286s] -- Installing: /home/ice/polaris-bot/ros2_ws/install/polaris_controller/share/polaris_controller/polaris_controller.xml
[86.294s] -- Up-to-date: /home/ice/polaris-bot/ros2_ws/install/polaris_controller/include/polaris_controller
[86.296s] -- Up-to-date: /home/ice/polaris-bot/ros2_ws/install/polaris_controller/include/polaris_controller/polaris_controller
[86.299s] -- Installing: /home/ice/polaris-bot/ros2_ws/install/polaris_controller/include/polaris_controller/polaris_controller/visibility_control.h
[86.300s] -- Installing: /home/ice/polaris-bot/ros2_ws/install/polaris_controller/include/polaris_controller/polaris_controller/polaris_system.hpp
[86.303s] -- Installing: /home/ice/polaris-bot/ros2_ws/install/polaris_controller/include/polaris_controller/polaris_controller/wheel.hpp
[86.334s] -- Up-to-date: /home/ice/polaris-bot/ros2_ws/install/polaris_controller/share/polaris_controller/launch
[86.335s] -- Installing: /home/ice/polaris-bot/ros2_ws/install/polaris_controller/share/polaris_controller/launch/view_robot.launch.py
[86.335s] -- Up-to-date: /home/ice/polaris-bot/ros2_ws/install/polaris_controller/share/polaris_controller/ros2_control
[86.335s] -- Installing: /home/ice/polaris-bot/ros2_ws/install/polaris_controller/share/polaris_controller/ros2_control/diffbot.ros2_control.xacro
[86.335s] -- Up-to-date: /home/ice/polaris-bot/ros2_ws/install/polaris_controller/share/polaris_controller/urdf
[86.368s] -- Installing: /home/ice/polaris-bot/ros2_ws/install/polaris_controller/share/polaris_controller/urdf/diffbot.urdf.xacro
[86.373s] -- Up-to-date: /home/ice/polaris-bot/ros2_ws/install/polaris_controller/share/polaris_controller/launch
[86.373s] -- Installing: /home/ice/polaris-bot/ros2_ws/install/polaris_controller/share/polaris_controller/launch/diffbot.launch.py
[86.375s] -- Up-to-date: /home/ice/polaris-bot/ros2_ws/install/polaris_controller/share/polaris_controller/config
[86.376s] -- Installing: /home/ice/polaris-bot/ros2_ws/install/polaris_controller/share/polaris_controller/config/polaris_controller.yaml
[86.393s] -- Installing: /home/ice/polaris-bot/ros2_ws/install/polaris_controller/lib/libpolaris_controller.so
[86.447s] -- Set runtime path of "/home/ice/polaris-bot/ros2_ws/install/polaris_controller/lib/libpolaris_controller.so" to ""
[86.448s] -- Installing: /home/ice/polaris-bot/ros2_ws/install/polaris_controller/share/polaris_controller/environment/library_path.sh
[86.449s] -- Installing: /home/ice/polaris-bot/ros2_ws/install/polaris_controller/share/polaris_controller/environment/library_path.dsv
[86.449s] -- Up-to-date: /home/ice/polaris-bot/ros2_ws/install/polaris_controller/share/ament_index/resource_index/package_run_dependencies/polaris_controller
[86.449s] -- Up-to-date: /home/ice/polaris-bot/ros2_ws/install/polaris_controller/share/ament_index/resource_index/parent_prefix_path/polaris_controller
[86.449s] -- Installing: /home/ice/polaris-bot/ros2_ws/install/polaris_controller/share/polaris_controller/environment/ament_prefix_path.sh
[86.451s] -- Installing: /home/ice/polaris-bot/ros2_ws/install/polaris_controller/share/polaris_controller/environment/ament_prefix_path.dsv
[86.451s] -- Installing: /home/ice/polaris-bot/ros2_ws/install/polaris_controller/share/polaris_controller/environment/path.sh
[86.452s] -- Installing: /home/ice/polaris-bot/ros2_ws/install/polaris_controller/share/polaris_controller/environment/path.dsv
[86.452s] -- Up-to-date: /home/ice/polaris-bot/ros2_ws/install/polaris_controller/share/polaris_controller/local_setup.bash
[86.453s] -- Up-to-date: /home/ice/polaris-bot/ros2_ws/install/polaris_controller/share/polaris_controller/local_setup.sh
[86.453s] -- Up-to-date: /home/ice/polaris-bot/ros2_ws/install/polaris_controller/share/polaris_controller/local_setup.zsh
[86.454s] -- Installing: /home/ice/polaris-bot/ros2_ws/install/polaris_controller/share/polaris_controller/local_setup.dsv
[86.455s] -- Installing: /home/ice/polaris-bot/ros2_ws/install/polaris_controller/share/polaris_controller/package.dsv
[86.460s] -- Up-to-date: /home/ice/polaris-bot/ros2_ws/install/polaris_controller/share/ament_index/resource_index/packages/polaris_controller
[86.460s] -- Up-to-date: /home/ice/polaris-bot/ros2_ws/install/polaris_controller/share/ament_index/resource_index/hardware_interface__pluginlib__plugin/polaris_controller
[86.460s] -- Up-to-date: /home/ice/polaris-bot/ros2_ws/install/polaris_controller/share/polaris_controller/cmake/export_polaris_controllerExport.cmake
[86.461s] -- Up-to-date: /home/ice/polaris-bot/ros2_ws/install/polaris_controller/share/polaris_controller/cmake/export_polaris_controllerExport-noconfig.cmake
[86.518s] -- Up-to-date: /home/ice/polaris-bot/ros2_ws/install/polaris_controller/share/polaris_controller/cmake/ament_cmake_export_targets-extras.cmake
[86.519s] -- Up-to-date: /home/ice/polaris-bot/ros2_ws/install/polaris_controller/share/polaris_controller/cmake/ament_cmake_export_dependencies-extras.cmake
[86.519s] -- Up-to-date: /home/ice/polaris-bot/ros2_ws/install/polaris_controller/share/polaris_controller/cmake/polaris_controllerConfig.cmake
[86.519s] -- Up-to-date: /home/ice/polaris-bot/ros2_ws/install/polaris_controller/share/polaris_controller/cmake/polaris_controllerConfig-version.cmake
[86.520s] -- Installing: /home/ice/polaris-bot/ros2_ws/install/polaris_controller/share/polaris_controller/package.xml
[86.520s] Invoked command in '/home/ice/polaris-bot/ros2_ws/build/polaris_controller' returned '0': CMAKE_PREFIX_PATH=/home/ice/polaris-bot/ros2_ws/install/ros2_control_demo_description:/home/ice/polaris-bot/ros2_ws/install/messages:/home/ice/polaris-bot/ros2_ws/install/services:/home/ice/polaris-bot/ros2_ws/install/polaris_controller:/home/ice/polaris-bot/ros2_ws/install/my_diff_drive_bot:/opt/ros/humble LD_LIBRARY_PATH=/home/ice/polaris-bot/ros2_ws/install/messages/lib:/home/ice/polaris-bot/ros2_ws/install/services/lib:/home/ice/polaris-bot/ros2_ws/install/polaris_controller/lib:/usr/lib/x86_64-linux-gnu/gazebo-11/plugins:/opt/ros/humble/opt/rviz_ogre_vendor/lib:/opt/ros/humble/lib/x86_64-linux-gnu:/opt/ros/humble/lib /usr/bin/cmake --install /home/ice/polaris-bot/ros2_ws/build/polaris_controller
