[0.221s] Invoking command in '/home/ice/polaris-bot/ros2_ws/build/polaris_controller': CMAKE_PREFIX_PATH=/home/ice/polaris-bot/ros2_ws/install/ros2_control_demo_description:/home/ice/polaris-bot/ros2_ws/install/messages:/home/ice/polaris-bot/ros2_ws/install/services:/home/ice/polaris-bot/ros2_ws/install/polaris_controller:/home/ice/polaris-bot/ros2_ws/install/my_diff_drive_bot:/opt/ros/humble LD_LIBRARY_PATH=/home/ice/polaris-bot/ros2_ws/install/messages/lib:/home/ice/polaris-bot/ros2_ws/install/services/lib:/home/ice/polaris-bot/ros2_ws/install/polaris_controller/lib:/usr/lib/x86_64-linux-gnu/gazebo-11/plugins:/opt/ros/humble/opt/rviz_ogre_vendor/lib:/opt/ros/humble/lib/x86_64-linux-gnu:/opt/ros/humble/lib /usr/bin/cmake --build /home/ice/polaris-bot/ros2_ws/build/polaris_controller -- -j2 -l2
[0.330s] [35m[1mConsolidate compiler generated dependencies of target polaris_controller[0m
[0.404s] [100%] Built target polaris_controller
[0.436s] Invoked command in '/home/ice/polaris-bot/ros2_ws/build/polaris_controller' returned '0': CMAKE_PREFIX_PATH=/home/ice/polaris-bot/ros2_ws/install/ros2_control_demo_description:/home/ice/polaris-bot/ros2_ws/install/messages:/home/ice/polaris-bot/ros2_ws/install/services:/home/ice/polaris-bot/ros2_ws/install/polaris_controller:/home/ice/polaris-bot/ros2_ws/install/my_diff_drive_bot:/opt/ros/humble LD_LIBRARY_PATH=/home/ice/polaris-bot/ros2_ws/install/messages/lib:/home/ice/polaris-bot/ros2_ws/install/services/lib:/home/ice/polaris-bot/ros2_ws/install/polaris_controller/lib:/usr/lib/x86_64-linux-gnu/gazebo-11/plugins:/opt/ros/humble/opt/rviz_ogre_vendor/lib:/opt/ros/humble/lib/x86_64-linux-gnu:/opt/ros/humble/lib /usr/bin/cmake --build /home/ice/polaris-bot/ros2_ws/build/polaris_controller -- -j2 -l2
[0.618s] Invoking command in '/home/ice/polaris-bot/ros2_ws/build/polaris_controller': CMAKE_PREFIX_PATH=/home/ice/polaris-bot/ros2_ws/install/ros2_control_demo_description:/home/ice/polaris-bot/ros2_ws/install/messages:/home/ice/polaris-bot/ros2_ws/install/services:/home/ice/polaris-bot/ros2_ws/install/polaris_controller:/home/ice/polaris-bot/ros2_ws/install/my_diff_drive_bot:/opt/ros/humble LD_LIBRARY_PATH=/home/ice/polaris-bot/ros2_ws/install/messages/lib:/home/ice/polaris-bot/ros2_ws/install/services/lib:/home/ice/polaris-bot/ros2_ws/install/polaris_controller/lib:/usr/lib/x86_64-linux-gnu/gazebo-11/plugins:/opt/ros/humble/opt/rviz_ogre_vendor/lib:/opt/ros/humble/lib/x86_64-linux-gnu:/opt/ros/humble/lib /usr/bin/cmake --install /home/ice/polaris-bot/ros2_ws/build/polaris_controller
[0.638s] -- Install configuration: ""
[0.639s] -- Up-to-date: /home/ice/polaris-bot/ros2_ws/install/polaris_controller/share/polaris_controller/polaris_controller.xml
[0.639s] -- Up-to-date: /home/ice/polaris-bot/ros2_ws/install/polaris_controller/include/polaris_controller
[0.639s] -- Up-to-date: /home/ice/polaris-bot/ros2_ws/install/polaris_controller/include/polaris_controller/polaris_controller
[0.640s] -- Up-to-date: /home/ice/polaris-bot/ros2_ws/install/polaris_controller/include/polaris_controller/polaris_controller/visibility_control.h
[0.641s] -- Up-to-date: /home/ice/polaris-bot/ros2_ws/install/polaris_controller/include/polaris_controller/polaris_controller/polaris_system.hpp
[0.641s] -- Up-to-date: /home/ice/polaris-bot/ros2_ws/install/polaris_controller/include/polaris_controller/polaris_controller/wheel.hpp
[0.641s] -- Up-to-date: /home/ice/polaris-bot/ros2_ws/install/polaris_controller/share/polaris_controller/launch
[0.642s] -- Up-to-date: /home/ice/polaris-bot/ros2_ws/install/polaris_controller/share/polaris_controller/launch/view_robot.launch.py
[0.642s] -- Up-to-date: /home/ice/polaris-bot/ros2_ws/install/polaris_controller/share/polaris_controller/ros2_control
[0.642s] -- Up-to-date: /home/ice/polaris-bot/ros2_ws/install/polaris_controller/share/polaris_controller/ros2_control/diffbot.ros2_control.xacro
[0.642s] -- Up-to-date: /home/ice/polaris-bot/ros2_ws/install/polaris_controller/share/polaris_controller/urdf
[0.642s] -- Up-to-date: /home/ice/polaris-bot/ros2_ws/install/polaris_controller/share/polaris_controller/urdf/diffbot.urdf.xacro
[0.643s] -- Up-to-date: /home/ice/polaris-bot/ros2_ws/install/polaris_controller/share/polaris_controller/launch
[0.643s] -- Up-to-date: /home/ice/polaris-bot/ros2_ws/install/polaris_controller/share/polaris_controller/launch/diffbot.launch.py
[0.643s] -- Up-to-date: /home/ice/polaris-bot/ros2_ws/install/polaris_controller/share/polaris_controller/config
[0.644s] -- Installing: /home/ice/polaris-bot/ros2_ws/install/polaris_controller/share/polaris_controller/config/polaris_controller.yaml
[0.644s] -- Up-to-date: /home/ice/polaris-bot/ros2_ws/install/polaris_controller/lib/libpolaris_controller.so
[0.644s] -- Up-to-date: /home/ice/polaris-bot/ros2_ws/install/polaris_controller/share/polaris_controller/environment/library_path.sh
[0.645s] -- Up-to-date: /home/ice/polaris-bot/ros2_ws/install/polaris_controller/share/polaris_controller/environment/library_path.dsv
[0.645s] -- Up-to-date: /home/ice/polaris-bot/ros2_ws/install/polaris_controller/share/ament_index/resource_index/package_run_dependencies/polaris_controller
[0.646s] -- Up-to-date: /home/ice/polaris-bot/ros2_ws/install/polaris_controller/share/ament_index/resource_index/parent_prefix_path/polaris_controller
[0.646s] -- Up-to-date: /home/ice/polaris-bot/ros2_ws/install/polaris_controller/share/polaris_controller/environment/ament_prefix_path.sh
[0.646s] -- Up-to-date: /home/ice/polaris-bot/ros2_ws/install/polaris_controller/share/polaris_controller/environment/ament_prefix_path.dsv
[0.647s] -- Up-to-date: /home/ice/polaris-bot/ros2_ws/install/polaris_controller/share/polaris_controller/environment/path.sh
[0.647s] -- Up-to-date: /home/ice/polaris-bot/ros2_ws/install/polaris_controller/share/polaris_controller/environment/path.dsv
[0.654s] -- Up-to-date: /home/ice/polaris-bot/ros2_ws/install/polaris_controller/share/polaris_controller/local_setup.bash
[0.654s] -- Up-to-date: /home/ice/polaris-bot/ros2_ws/install/polaris_controller/share/polaris_controller/local_setup.sh
[0.654s] -- Up-to-date: /home/ice/polaris-bot/ros2_ws/install/polaris_controller/share/polaris_controller/local_setup.zsh
[0.654s] -- Up-to-date: /home/ice/polaris-bot/ros2_ws/install/polaris_controller/share/polaris_controller/local_setup.dsv
[0.654s] -- Installing: /home/ice/polaris-bot/ros2_ws/install/polaris_controller/share/polaris_controller/package.dsv
[0.655s] -- Up-to-date: /home/ice/polaris-bot/ros2_ws/install/polaris_controller/share/ament_index/resource_index/packages/polaris_controller
[0.655s] -- Up-to-date: /home/ice/polaris-bot/ros2_ws/install/polaris_controller/share/ament_index/resource_index/hardware_interface__pluginlib__plugin/polaris_controller
[0.655s] -- Up-to-date: /home/ice/polaris-bot/ros2_ws/install/polaris_controller/share/ament_index/resource_index/rclcpp_components/polaris_controller
[0.655s] -- Up-to-date: /home/ice/polaris-bot/ros2_ws/install/polaris_controller/share/polaris_controller/cmake/export_polaris_controllerExport.cmake
[0.655s] -- Up-to-date: /home/ice/polaris-bot/ros2_ws/install/polaris_controller/share/polaris_controller/cmake/export_polaris_controllerExport-noconfig.cmake
[0.655s] -- Up-to-date: /home/ice/polaris-bot/ros2_ws/install/polaris_controller/share/polaris_controller/cmake/ament_cmake_export_targets-extras.cmake
[0.655s] -- Up-to-date: /home/ice/polaris-bot/ros2_ws/install/polaris_controller/share/polaris_controller/cmake/ament_cmake_export_dependencies-extras.cmake
[0.655s] -- Up-to-date: /home/ice/polaris-bot/ros2_ws/install/polaris_controller/share/polaris_controller/cmake/polaris_controllerConfig.cmake
[0.656s] -- Up-to-date: /home/ice/polaris-bot/ros2_ws/install/polaris_controller/share/polaris_controller/cmake/polaris_controllerConfig-version.cmake
[0.656s] -- Up-to-date: /home/ice/polaris-bot/ros2_ws/install/polaris_controller/share/polaris_controller/package.xml
[0.692s] Invoked command in '/home/ice/polaris-bot/ros2_ws/build/polaris_controller' returned '0': CMAKE_PREFIX_PATH=/home/ice/polaris-bot/ros2_ws/install/ros2_control_demo_description:/home/ice/polaris-bot/ros2_ws/install/messages:/home/ice/polaris-bot/ros2_ws/install/services:/home/ice/polaris-bot/ros2_ws/install/polaris_controller:/home/ice/polaris-bot/ros2_ws/install/my_diff_drive_bot:/opt/ros/humble LD_LIBRARY_PATH=/home/ice/polaris-bot/ros2_ws/install/messages/lib:/home/ice/polaris-bot/ros2_ws/install/services/lib:/home/ice/polaris-bot/ros2_ws/install/polaris_controller/lib:/usr/lib/x86_64-linux-gnu/gazebo-11/plugins:/opt/ros/humble/opt/rviz_ogre_vendor/lib:/opt/ros/humble/lib/x86_64-linux-gnu:/opt/ros/humble/lib /usr/bin/cmake --install /home/ice/polaris-bot/ros2_ws/build/polaris_controller
