[0.310s] Invoking command in '/home/ice/polaris-bot/ros2_ws/build/my_message': CMAKE_PREFIX_PATH=${CMAKE_PREFIX_PATH}:/home/ice/polaris_ws/install/test_pkg:/opt/ros/humble /usr/bin/cmake --build /home/ice/polaris-bot/ros2_ws/build/my_message -- -j2 -l2
[0.535s] [  9%] Built target my_message__rosidl_generator_c
[0.576s] [ 12%] Built target my_message__cpp
[0.734s] [ 12%] Built target ament_cmake_python_copy_my_message
[0.760s] [ 22%] Built target my_message__rosidl_typesupport_cpp
[0.897s] [ 32%] Built target my_message__rosidl_typesupport_introspection_c
[0.906s] [ 41%] Built target my_message__rosidl_typesupport_fastrtps_c
[1.053s] [ 51%] Built target my_message__rosidl_typesupport_c
[1.142s] [ 61%] Built target my_message__rosidl_typesupport_fastrtps_cpp
[1.158s] [ 70%] Built target my_message__rosidl_typesupport_introspection_cpp
[1.267s] [ 70%] Built target my_message
[1.426s] [ 74%] Built target my_message__py
[1.641s] [ 80%] Built target my_message__rosidl_generator_py
[1.743s] [ 87%] Built target my_message__rosidl_typesupport_fastrtps_c__pyext
[1.942s] [ 93%] Built target my_message__rosidl_typesupport_introspection_c__pyext
[2.253s] running egg_info
[2.255s] [100%] Built target my_message__rosidl_typesupport_c__pyext
[2.256s] writing my_message.egg-info/PKG-INFO
[2.258s] writing dependency_links to my_message.egg-info/dependency_links.txt
[2.266s] writing top-level names to my_message.egg-info/top_level.txt
[2.315s] reading manifest file 'my_message.egg-info/SOURCES.txt'
[2.319s] writing manifest file 'my_message.egg-info/SOURCES.txt'
[2.405s] [100%] Built target ament_cmake_python_build_my_message_egg
[2.459s] Invoked command in '/home/ice/polaris-bot/ros2_ws/build/my_message' returned '0': CMAKE_PREFIX_PATH=${CMAKE_PREFIX_PATH}:/home/ice/polaris_ws/install/test_pkg:/opt/ros/humble /usr/bin/cmake --build /home/ice/polaris-bot/ros2_ws/build/my_message -- -j2 -l2
[2.940s] Invoking command in '/home/ice/polaris-bot/ros2_ws/build/my_message': CMAKE_PREFIX_PATH=${CMAKE_PREFIX_PATH}:/home/ice/polaris_ws/install/test_pkg:/opt/ros/humble /usr/bin/cmake --install /home/ice/polaris-bot/ros2_ws/build/my_message
[2.991s] -- Install configuration: ""
[2.991s] -- Installing: /home/ice/polaris-bot/ros2_ws/install/my_message/share/ament_index/resource_index/rosidl_interfaces/my_message
[2.991s] -- Installing: /home/ice/polaris-bot/ros2_ws/install/my_message/include/my_message/my_message
[2.992s] -- Installing: /home/ice/polaris-bot/ros2_ws/install/my_message/include/my_message/my_message/msg
[2.992s] -- Installing: /home/ice/polaris-bot/ros2_ws/install/my_message/include/my_message/my_message/msg/detail
[2.992s] -- Installing: /home/ice/polaris-bot/ros2_ws/install/my_message/include/my_message/my_message/msg/detail/my_message__struct.h
[2.992s] -- Installing: /home/ice/polaris-bot/ros2_ws/install/my_message/include/my_message/my_message/msg/detail/my_message__type_support.h
[3.008s] -- Installing: /home/ice/polaris-bot/ros2_ws/install/my_message/include/my_message/my_message/msg/detail/my_message__functions.c
[3.008s] -- Installing: /home/ice/polaris-bot/ros2_ws/install/my_message/include/my_message/my_message/msg/detail/my_message__functions.h
[3.009s] -- Installing: /home/ice/polaris-bot/ros2_ws/install/my_message/include/my_message/my_message/msg/my_message.h
[3.009s] -- Installing: /home/ice/polaris-bot/ros2_ws/install/my_message/include/my_message/my_message/msg/rosidl_generator_c__visibility_control.h
[3.009s] -- Installing: /home/ice/polaris-bot/ros2_ws/install/my_message/share/my_message/environment/library_path.sh
[3.009s] -- Installing: /home/ice/polaris-bot/ros2_ws/install/my_message/share/my_message/environment/library_path.dsv
[3.011s] -- Installing: /home/ice/polaris-bot/ros2_ws/install/my_message/lib/libmy_message__rosidl_generator_c.so
[3.012s] -- Set runtime path of "/home/ice/polaris-bot/ros2_ws/install/my_message/lib/libmy_message__rosidl_generator_c.so" to ""
[3.013s] -- Up-to-date: /home/ice/polaris-bot/ros2_ws/install/my_message/include/my_message/my_message
[3.013s] -- Up-to-date: /home/ice/polaris-bot/ros2_ws/install/my_message/include/my_message/my_message/msg
[3.013s] -- Up-to-date: /home/ice/polaris-bot/ros2_ws/install/my_message/include/my_message/my_message/msg/detail
[3.014s] -- Installing: /home/ice/polaris-bot/ros2_ws/install/my_message/include/my_message/my_message/msg/detail/my_message__rosidl_typesupport_fastrtps_c.h
[3.016s] -- Installing: /home/ice/polaris-bot/ros2_ws/install/my_message/include/my_message/my_message/msg/rosidl_typesupport_fastrtps_c__visibility_control.h
[3.017s] -- Installing: /home/ice/polaris-bot/ros2_ws/install/my_message/lib/libmy_message__rosidl_typesupport_fastrtps_c.so
[3.020s] -- Set runtime path of "/home/ice/polaris-bot/ros2_ws/install/my_message/lib/libmy_message__rosidl_typesupport_fastrtps_c.so" to ""
[3.021s] -- Up-to-date: /home/ice/polaris-bot/ros2_ws/install/my_message/include/my_message/my_message
[3.021s] -- Up-to-date: /home/ice/polaris-bot/ros2_ws/install/my_message/include/my_message/my_message/msg
[3.023s] -- Up-to-date: /home/ice/polaris-bot/ros2_ws/install/my_message/include/my_message/my_message/msg/detail
[3.023s] -- Installing: /home/ice/polaris-bot/ros2_ws/install/my_message/include/my_message/my_message/msg/detail/my_message__type_support.c
[3.024s] -- Installing: /home/ice/polaris-bot/ros2_ws/install/my_message/include/my_message/my_message/msg/detail/my_message__rosidl_typesupport_introspection_c.h
[3.025s] -- Installing: /home/ice/polaris-bot/ros2_ws/install/my_message/include/my_message/my_message/msg/rosidl_typesupport_introspection_c__visibility_control.h
[3.026s] -- Installing: /home/ice/polaris-bot/ros2_ws/install/my_message/lib/libmy_message__rosidl_typesupport_introspection_c.so
[3.028s] -- Set runtime path of "/home/ice/polaris-bot/ros2_ws/install/my_message/lib/libmy_message__rosidl_typesupport_introspection_c.so" to ""
[3.030s] -- Installing: /home/ice/polaris-bot/ros2_ws/install/my_message/lib/libmy_message__rosidl_typesupport_c.so
[3.032s] -- Set runtime path of "/home/ice/polaris-bot/ros2_ws/install/my_message/lib/libmy_message__rosidl_typesupport_c.so" to ""
[3.035s] -- Up-to-date: /home/ice/polaris-bot/ros2_ws/install/my_message/include/my_message/my_message
[3.036s] -- Up-to-date: /home/ice/polaris-bot/ros2_ws/install/my_message/include/my_message/my_message/msg
[3.036s] -- Up-to-date: /home/ice/polaris-bot/ros2_ws/install/my_message/include/my_message/my_message/msg/detail
[3.040s] -- Installing: /home/ice/polaris-bot/ros2_ws/install/my_message/include/my_message/my_message/msg/detail/my_message__traits.hpp
[3.040s] -- Installing: /home/ice/polaris-bot/ros2_ws/install/my_message/include/my_message/my_message/msg/detail/my_message__builder.hpp
[3.041s] -- Installing: /home/ice/polaris-bot/ros2_ws/install/my_message/include/my_message/my_message/msg/detail/my_message__struct.hpp
[3.041s] -- Installing: /home/ice/polaris-bot/ros2_ws/install/my_message/include/my_message/my_message/msg/my_message.hpp
[3.041s] -- Up-to-date: /home/ice/polaris-bot/ros2_ws/install/my_message/include/my_message/my_message
[3.041s] -- Up-to-date: /home/ice/polaris-bot/ros2_ws/install/my_message/include/my_message/my_message/msg
[3.041s] -- Up-to-date: /home/ice/polaris-bot/ros2_ws/install/my_message/include/my_message/my_message/msg/detail
[3.041s] -- Installing: /home/ice/polaris-bot/ros2_ws/install/my_message/include/my_message/my_message/msg/detail/dds_fastrtps
[3.041s] -- Installing: /home/ice/polaris-bot/ros2_ws/install/my_message/include/my_message/my_message/msg/detail/my_message__rosidl_typesupport_fastrtps_cpp.hpp
[3.041s] -- Installing: /home/ice/polaris-bot/ros2_ws/install/my_message/include/my_message/my_message/msg/rosidl_typesupport_fastrtps_cpp__visibility_control.h
[3.041s] -- Installing: /home/ice/polaris-bot/ros2_ws/install/my_message/lib/libmy_message__rosidl_typesupport_fastrtps_cpp.so
[3.041s] -- Set runtime path of "/home/ice/polaris-bot/ros2_ws/install/my_message/lib/libmy_message__rosidl_typesupport_fastrtps_cpp.so" to ""
[3.041s] -- Up-to-date: /home/ice/polaris-bot/ros2_ws/install/my_message/include/my_message/my_message
[3.042s] -- Up-to-date: /home/ice/polaris-bot/ros2_ws/install/my_message/include/my_message/my_message/msg
[3.042s] -- Up-to-date: /home/ice/polaris-bot/ros2_ws/install/my_message/include/my_message/my_message/msg/detail
[3.042s] -- Installing: /home/ice/polaris-bot/ros2_ws/install/my_message/include/my_message/my_message/msg/detail/my_message__rosidl_typesupport_introspection_cpp.hpp
[3.042s] -- Installing: /home/ice/polaris-bot/ros2_ws/install/my_message/include/my_message/my_message/msg/detail/my_message__type_support.cpp
[3.042s] -- Installing: /home/ice/polaris-bot/ros2_ws/install/my_message/lib/libmy_message__rosidl_typesupport_introspection_cpp.so
[3.043s] -- Set runtime path of "/home/ice/polaris-bot/ros2_ws/install/my_message/lib/libmy_message__rosidl_typesupport_introspection_cpp.so" to ""
[3.044s] -- Installing: /home/ice/polaris-bot/ros2_ws/install/my_message/lib/libmy_message__rosidl_typesupport_cpp.so
[3.062s] -- Set runtime path of "/home/ice/polaris-bot/ros2_ws/install/my_message/lib/libmy_message__rosidl_typesupport_cpp.so" to ""
[3.062s] -- Installing: /home/ice/polaris-bot/ros2_ws/install/my_message/share/my_message/environment/pythonpath.sh
[3.064s] -- Installing: /home/ice/polaris-bot/ros2_ws/install/my_message/share/my_message/environment/pythonpath.dsv
[3.065s] -- Installing: /home/ice/polaris-bot/ros2_ws/install/my_message/local/lib/python3.10/dist-packages/my_message-0.0.0-py3.10.egg-info
[3.066s] -- Installing: /home/ice/polaris-bot/ros2_ws/install/my_message/local/lib/python3.10/dist-packages/my_message-0.0.0-py3.10.egg-info/top_level.txt
[3.066s] -- Installing: /home/ice/polaris-bot/ros2_ws/install/my_message/local/lib/python3.10/dist-packages/my_message-0.0.0-py3.10.egg-info/PKG-INFO
[3.067s] -- Installing: /home/ice/polaris-bot/ros2_ws/install/my_message/local/lib/python3.10/dist-packages/my_message-0.0.0-py3.10.egg-info/SOURCES.txt
[3.067s] -- Installing: /home/ice/polaris-bot/ros2_ws/install/my_message/local/lib/python3.10/dist-packages/my_message-0.0.0-py3.10.egg-info/dependency_links.txt
[3.073s] -- Installing: /home/ice/polaris-bot/ros2_ws/install/my_message/local/lib/python3.10/dist-packages/my_message
[3.075s] -- Installing: /home/ice/polaris-bot/ros2_ws/install/my_message/local/lib/python3.10/dist-packages/my_message/_my_message_s.ep.rosidl_typesupport_fastrtps_c.c
[3.075s] -- Installing: /home/ice/polaris-bot/ros2_ws/install/my_message/local/lib/python3.10/dist-packages/my_message/my_message_s__rosidl_typesupport_c.cpython-310-x86_64-linux-gnu.so
[3.090s] -- Installing: /home/ice/polaris-bot/ros2_ws/install/my_message/local/lib/python3.10/dist-packages/my_message/my_message_s__rosidl_typesupport_introspection_c.cpython-310-x86_64-linux-gnu.so
[3.090s] -- Installing: /home/ice/polaris-bot/ros2_ws/install/my_message/local/lib/python3.10/dist-packages/my_message/_my_message_s.ep.rosidl_typesupport_c.c
[3.090s] -- Installing: /home/ice/polaris-bot/ros2_ws/install/my_message/local/lib/python3.10/dist-packages/my_message/libmy_message__rosidl_generator_py.so
[3.090s] -- Installing: /home/ice/polaris-bot/ros2_ws/install/my_message/local/lib/python3.10/dist-packages/my_message/my_message_s__rosidl_typesupport_fastrtps_c.cpython-310-x86_64-linux-gnu.so
[3.094s] -- Installing: /home/ice/polaris-bot/ros2_ws/install/my_message/local/lib/python3.10/dist-packages/my_message/_my_message_s.ep.rosidl_typesupport_introspection_c.c
[3.094s] -- Installing: /home/ice/polaris-bot/ros2_ws/install/my_message/local/lib/python3.10/dist-packages/my_message/msg
[3.105s] -- Installing: /home/ice/polaris-bot/ros2_ws/install/my_message/local/lib/python3.10/dist-packages/my_message/msg/_my_message.py
[3.105s] -- Installing: /home/ice/polaris-bot/ros2_ws/install/my_message/local/lib/python3.10/dist-packages/my_message/msg/__init__.py
[3.105s] -- Installing: /home/ice/polaris-bot/ros2_ws/install/my_message/local/lib/python3.10/dist-packages/my_message/msg/_my_message_s.c
[3.106s] -- Installing: /home/ice/polaris-bot/ros2_ws/install/my_message/local/lib/python3.10/dist-packages/my_message/__init__.py
[3.182s] Listing '/home/ice/polaris-bot/ros2_ws/install/my_message/local/lib/python3.10/dist-packages/my_message'...
[3.182s] Compiling '/home/ice/polaris-bot/ros2_ws/install/my_message/local/lib/python3.10/dist-packages/my_message/__init__.py'...
[3.182s] Listing '/home/ice/polaris-bot/ros2_ws/install/my_message/local/lib/python3.10/dist-packages/my_message/msg'...
[3.182s] Compiling '/home/ice/polaris-bot/ros2_ws/install/my_message/local/lib/python3.10/dist-packages/my_message/msg/__init__.py'...
[3.182s] Compiling '/home/ice/polaris-bot/ros2_ws/install/my_message/local/lib/python3.10/dist-packages/my_message/msg/_my_message.py'...
[3.216s] -- Installing: /home/ice/polaris-bot/ros2_ws/install/my_message/local/lib/python3.10/dist-packages/my_message/my_message_s__rosidl_typesupport_fastrtps_c.cpython-310-x86_64-linux-gnu.so
[3.217s] -- Set runtime path of "/home/ice/polaris-bot/ros2_ws/install/my_message/local/lib/python3.10/dist-packages/my_message/my_message_s__rosidl_typesupport_fastrtps_c.cpython-310-x86_64-linux-gnu.so" to ""
[3.217s] -- Installing: /home/ice/polaris-bot/ros2_ws/install/my_message/local/lib/python3.10/dist-packages/my_message/my_message_s__rosidl_typesupport_introspection_c.cpython-310-x86_64-linux-gnu.so
[3.217s] -- Set runtime path of "/home/ice/polaris-bot/ros2_ws/install/my_message/local/lib/python3.10/dist-packages/my_message/my_message_s__rosidl_typesupport_introspection_c.cpython-310-x86_64-linux-gnu.so" to ""
[3.218s] -- Installing: /home/ice/polaris-bot/ros2_ws/install/my_message/local/lib/python3.10/dist-packages/my_message/my_message_s__rosidl_typesupport_c.cpython-310-x86_64-linux-gnu.so
[3.218s] -- Set runtime path of "/home/ice/polaris-bot/ros2_ws/install/my_message/local/lib/python3.10/dist-packages/my_message/my_message_s__rosidl_typesupport_c.cpython-310-x86_64-linux-gnu.so" to ""
[3.218s] -- Installing: /home/ice/polaris-bot/ros2_ws/install/my_message/lib/libmy_message__rosidl_generator_py.so
[3.218s] -- Set runtime path of "/home/ice/polaris-bot/ros2_ws/install/my_message/lib/libmy_message__rosidl_generator_py.so" to ""
[3.218s] -- Installing: /home/ice/polaris-bot/ros2_ws/install/my_message/share/my_message/msg/MyMessage.idl
[3.218s] -- Installing: /home/ice/polaris-bot/ros2_ws/install/my_message/share/my_message/msg/MyMessage.msg
[3.218s] -- Installing: /home/ice/polaris-bot/ros2_ws/install/my_message/share/ament_index/resource_index/package_run_dependencies/my_message
[3.218s] -- Installing: /home/ice/polaris-bot/ros2_ws/install/my_message/share/ament_index/resource_index/parent_prefix_path/my_message
[3.219s] -- Installing: /home/ice/polaris-bot/ros2_ws/install/my_message/share/my_message/environment/ament_prefix_path.sh
[3.219s] -- Installing: /home/ice/polaris-bot/ros2_ws/install/my_message/share/my_message/environment/ament_prefix_path.dsv
[3.219s] -- Installing: /home/ice/polaris-bot/ros2_ws/install/my_message/share/my_message/environment/path.sh
[3.219s] -- Installing: /home/ice/polaris-bot/ros2_ws/install/my_message/share/my_message/environment/path.dsv
[3.219s] -- Installing: /home/ice/polaris-bot/ros2_ws/install/my_message/share/my_message/local_setup.bash
[3.221s] -- Installing: /home/ice/polaris-bot/ros2_ws/install/my_message/share/my_message/local_setup.sh
[3.222s] -- Installing: /home/ice/polaris-bot/ros2_ws/install/my_message/share/my_message/local_setup.zsh
[3.224s] -- Installing: /home/ice/polaris-bot/ros2_ws/install/my_message/share/my_message/local_setup.dsv
[3.224s] -- Installing: /home/ice/polaris-bot/ros2_ws/install/my_message/share/my_message/package.dsv
[3.225s] -- Installing: /home/ice/polaris-bot/ros2_ws/install/my_message/share/ament_index/resource_index/packages/my_message
[3.227s] -- Installing: /home/ice/polaris-bot/ros2_ws/install/my_message/share/my_message/cmake/export_my_message__rosidl_generator_cExport.cmake
[3.228s] -- Installing: /home/ice/polaris-bot/ros2_ws/install/my_message/share/my_message/cmake/export_my_message__rosidl_generator_cExport-noconfig.cmake
[3.229s] -- Installing: /home/ice/polaris-bot/ros2_ws/install/my_message/share/my_message/cmake/export_my_message__rosidl_typesupport_fastrtps_cExport.cmake
[3.229s] -- Installing: /home/ice/polaris-bot/ros2_ws/install/my_message/share/my_message/cmake/export_my_message__rosidl_typesupport_fastrtps_cExport-noconfig.cmake
[3.231s] -- Installing: /home/ice/polaris-bot/ros2_ws/install/my_message/share/my_message/cmake/my_message__rosidl_typesupport_introspection_cExport.cmake
[3.232s] -- Installing: /home/ice/polaris-bot/ros2_ws/install/my_message/share/my_message/cmake/my_message__rosidl_typesupport_introspection_cExport-noconfig.cmake
[3.233s] -- Installing: /home/ice/polaris-bot/ros2_ws/install/my_message/share/my_message/cmake/my_message__rosidl_typesupport_cExport.cmake
[3.235s] -- Installing: /home/ice/polaris-bot/ros2_ws/install/my_message/share/my_message/cmake/my_message__rosidl_typesupport_cExport-noconfig.cmake
[3.236s] -- Installing: /home/ice/polaris-bot/ros2_ws/install/my_message/share/my_message/cmake/export_my_message__rosidl_generator_cppExport.cmake
[3.236s] -- Installing: /home/ice/polaris-bot/ros2_ws/install/my_message/share/my_message/cmake/export_my_message__rosidl_typesupport_fastrtps_cppExport.cmake
[3.236s] -- Installing: /home/ice/polaris-bot/ros2_ws/install/my_message/share/my_message/cmake/export_my_message__rosidl_typesupport_fastrtps_cppExport-noconfig.cmake
[3.237s] -- Installing: /home/ice/polaris-bot/ros2_ws/install/my_message/share/my_message/cmake/my_message__rosidl_typesupport_introspection_cppExport.cmake
[3.237s] -- Installing: /home/ice/polaris-bot/ros2_ws/install/my_message/share/my_message/cmake/my_message__rosidl_typesupport_introspection_cppExport-noconfig.cmake
[3.239s] -- Installing: /home/ice/polaris-bot/ros2_ws/install/my_message/share/my_message/cmake/my_message__rosidl_typesupport_cppExport.cmake
[3.239s] -- Installing: /home/ice/polaris-bot/ros2_ws/install/my_message/share/my_message/cmake/my_message__rosidl_typesupport_cppExport-noconfig.cmake
[3.240s] -- Installing: /home/ice/polaris-bot/ros2_ws/install/my_message/share/my_message/cmake/export_my_message__rosidl_generator_pyExport.cmake
[3.240s] -- Installing: /home/ice/polaris-bot/ros2_ws/install/my_message/share/my_message/cmake/export_my_message__rosidl_generator_pyExport-noconfig.cmake
[3.242s] -- Installing: /home/ice/polaris-bot/ros2_ws/install/my_message/share/my_message/cmake/rosidl_cmake-extras.cmake
[3.242s] -- Installing: /home/ice/polaris-bot/ros2_ws/install/my_message/share/my_message/cmake/ament_cmake_export_include_directories-extras.cmake
[3.243s] -- Installing: /home/ice/polaris-bot/ros2_ws/install/my_message/share/my_message/cmake/ament_cmake_export_libraries-extras.cmake
[3.244s] -- Installing: /home/ice/polaris-bot/ros2_ws/install/my_message/share/my_message/cmake/ament_cmake_export_targets-extras.cmake
[3.244s] -- Installing: /home/ice/polaris-bot/ros2_ws/install/my_message/share/my_message/cmake/rosidl_cmake_export_typesupport_targets-extras.cmake
[3.245s] -- Installing: /home/ice/polaris-bot/ros2_ws/install/my_message/share/my_message/cmake/ament_cmake_export_dependencies-extras.cmake
[3.246s] -- Installing: /home/ice/polaris-bot/ros2_ws/install/my_message/share/my_message/cmake/rosidl_cmake_export_typesupport_libraries-extras.cmake
[3.247s] -- Installing: /home/ice/polaris-bot/ros2_ws/install/my_message/share/my_message/cmake/my_messageConfig.cmake
[3.247s] -- Installing: /home/ice/polaris-bot/ros2_ws/install/my_message/share/my_message/cmake/my_messageConfig-version.cmake
[3.249s] -- Installing: /home/ice/polaris-bot/ros2_ws/install/my_message/share/my_message/package.xml
[3.381s] Invoked command in '/home/ice/polaris-bot/ros2_ws/build/my_message' returned '0': CMAKE_PREFIX_PATH=${CMAKE_PREFIX_PATH}:/home/ice/polaris_ws/install/test_pkg:/opt/ros/humble /usr/bin/cmake --install /home/ice/polaris-bot/ros2_ws/build/my_message
